12:11:2004
 8:19:09	BUSY 2
 8:20:28	ERROR RS232 Download aborted
 8:20:34	IDLE
 8:20:38	BUSY 2
 8:20:45	ERROR RS232 Download aborted
 8:20:48	IDLE
19:11:2004
 9:10:31	BUSY 1
 9:10:42	IDLE 1
 9:11:05	BUSY 2
 9:11:58	ERROR RS232 Download aborted
 9:12:03	IDLE
 9:12:09	BUSY 2
 9:12:38	IDLE 2
 9:14:01	BUSY 2
 9:14:29	IDLE 2
 9:17:35	BUSY 2
 9:18:04	IDLE 2
19:11:2004
 9:28:29	BUSY 2
 9:28:57	IDLE 2
 9:31:22	BUSY 2
 9:31:50	IDLE 2
19:11:2004
 9:33:40	BUSY 2
 9:34:08	IDLE 2
 9:38:24	BUSY 2
 9:38:52	IDLE 2
 9:39:31	BUSY 2
 9:39:59	IDLE 2
 9:45:55	BUSY 2
 9:46:23	IDLE 2
 9:48:15	BUSY 2
 9:48:42	IDLE 2
 9:51:45	BUSY 2
 9:52:13	IDLE 2
19:11:2004
12:19:13	BUSY 2
12:19:35	ERROR RS232 Download aborted
12:19:39	IDLE
12:20:21	BUSY 2
12:20:27	ERROR RS232 Download aborted
12:20:30	IDLE
19:11:2004
12:21:38	BUSY 1
12:21:51	ERROR RS232 Download aborted
12:21:54	IDLE
12:23:11	BUSY 1
12:23:19	ERROR RS232 Download aborted
12:23:22	IDLE
19:11:2004
12:25:03	BUSY 1
12:25:10	ERROR RS232 Download aborted
12:25:11	IDLE
22:11:2004
 8:49:58	BUSY 2
22:11:2004
22:11:2004
16:05:2005
16:05:2005
18:05:2005
18:05:2005
12:00:32	BUSY 2
12:01:01	IDLE 2
12:01:07	BUSY 3
12:01:34	IDLE 3
12:01:37	BUSY 2
12:02:07	IDLE 2
12:02:10	BUSY 3
12:02:37	IDLE 3
15:44:41	BUSY 2
15:45:10	IDLE 2
15:47:28	BUSY 3
15:47:55	IDLE 3
16:28:54	BUSY 2
16:29:23	IDLE 2
16:31:48	BUSY 3
16:32:15	IDLE 3
16:35:30	BUSY 2
16:35:59	IDLE 2
16:41:36	BUSY 2
16:42:05	IDLE 2
16:43:54	BUSY 3
16:44:21	IDLE 3
16:44:33	BUSY 2
16:45:02	IDLE 2
16:46:51	BUSY 3
16:47:18	IDLE 3
20:05:2005
18:03:11	BUSY 1
18:03:31	IDLE
18:03:39	BUSY 1
18:04:50	IDLE 1
18:21:44	BUSY 2
18:22:14	IDLE 2
18:27:54	BUSY 3
18:28:21	IDLE 3
18:31:37	BUSY 2
18:32:06	IDLE 2
18:34:38	BUSY 3
18:35:05	IDLE 3
18:44:55	BUSY 2
18:45:24	IDLE 2
18:46:37	BUSY 3
18:47:03	IDLE 3
18:48:41	BUSY 2
18:49:10	IDLE 2
18:50:24	BUSY 3
18:50:50	IDLE 3
20:05:2005
19:10:36	BUSY 2
19:11:05	IDLE 2
19:17:38	BUSY 2
19:18:07	IDLE 2
19:21:28	BUSY 2
19:21:57	IDLE 2
19:23:47	BUSY 3
19:24:13	IDLE 3
19:25:02	BUSY 2
19:25:31	IDLE 2
19:27:21	BUSY 3
19:27:47	IDLE 3
