11:11:2004
11:11:2004
22:11:2004
22:11:2004
22:11:2004
24:11:2004
 9:25:27	LOCAL CONTROL ONLY
 9:25:28	LOCAL CONTROL ONLY
 9:25:36	IDLE
 9:27:08	BUSY
 9:28:52	IDLE
 9:29:09	BUSY
 9:29:10	IDLE
 9:29:41	BUSY
 9:29:52	IDLE
 9:30:02	LOCAL CONTROL ONLY
 9:30:07	IDLE
 9:30:09	LOCAL CONTROL ONLY
 9:31:07	IDLE
 9:31:15	BUSY
 9:31:15	ERROR received from device
 9:32:04	IDLE
 9:32:11	BUSY
 9:32:32	IDLE
 9:33:31	BUSY
 9:34:01	IDLE
 9:34:19	LOCAL CONTROL ONLY
 9:40:12	IDLE
 9:40:35	BUSY
 9:41:23	IDLE
 9:42:58	LOCAL CONTROL ONLY
 9:45:41	IDLE
 9:46:11	BUSY
 9:46:59	IDLE
 9:47:29	LOCAL CONTROL ONLY
 9:51:15	IDLE
 9:51:28	BUSY
 9:52:40	IDLE
 9:52:41	BUSY
 9:53:02	IDLE
10:13:40	LOCAL CONTROL ONLY
10:13:49	BUSY
10:14:01	IDLE
10:14:15	LOCAL CONTROL ONLY
10:15:29	IDLE
10:28:26	LOCAL CONTROL ONLY
10:29:41	IDLE
10:30:10	BUSY
10:30:11	ERROR received from device
10:48:09	IDLE
10:48:17	LOCAL CONTROL ONLY
10:54:52	IDLE
10:55:15	BUSY
10:55:50	IDLE
10:55:50	BUSY
10:56:08	IDLE
10:56:14	BUSY
10:56:18	IDLE
10:58:20	LOCAL CONTROL ONLY
10:58:27	BUSY
10:58:52	IDLE
10:58:58	BUSY
10:58:59	IDLE
11:00:04	BUSY
11:00:08	IDLE
11:01:35	BUSY
11:01:37	IDLE
11:01:43	BUSY
11:01:44	IDLE
11:01:59	BUSY
11:02:15	IDLE
11:02:15	BUSY
11:02:21	IDLE
11:02:49	BUSY
11:02:49	ERROR received from device
11:03:02	IDLE
11:03:07	BUSY
11:03:24	IDLE
11:03:25	BUSY
11:03:36	IDLE
11:03:43	BUSY
11:04:17	IDLE
11:04:53	LOCAL CONTROL ONLY
11:05:56	BUSY
11:06:10	IDLE
11:06:10	BUSY
11:06:13	IDLE
11:08:44	BUSY
11:08:45	ERROR received from device
11:09:45	IDLE
11:09:49	BUSY
11:10:22	ERROR received from device
13:35:21	IDLE
13:35:37	BUSY
13:36:18	IDLE
13:36:22	BUSY
13:36:46	IDLE
13:36:47	BUSY
13:37:06	IDLE
13:37:14	BUSY
13:37:17	IDLE
13:37:42	LOCAL CONTROL ONLY
13:38:14	IDLE
13:38:22	BUSY
13:38:37	ERROR received from device
13:39:36	IDLE
13:39:59	BUSY
13:40:15	IDLE
13:40:15	BUSY
13:40:33	IDLE
13:40:37	BUSY
13:40:38	IDLE
13:41:20	BUSY
13:41:29	IDLE
13:42:17	BUSY
13:42:18	IDLE
13:42:21	BUSY
13:42:23	IDLE
13:42:23	BUSY
13:42:47	IDLE
13:42:47	BUSY
13:42:48	IDLE
13:43:10	LOCAL CONTROL ONLY
13:43:19	IDLE
13:43:42	BUSY
13:44:15	IDLE
13:47:40	BUSY
13:47:41	IDLE
13:47:45	BUSY
13:47:47	IDLE
13:47:48	BUSY
13:48:08	IDLE
13:48:11	LOCAL CONTROL ONLY
13:48:29	IDLE
13:49:38	BUSY
13:50:03	IDLE
13:50:10	BUSY
13:50:11	IDLE
13:50:12	BUSY
13:50:29	IDLE
13:50:30	BUSY
13:50:32	IDLE
13:51:38	LOCAL CONTROL ONLY
13:51:49	IDLE
13:52:02	LOCAL CONTROL ONLY
13:52:09	BUSY
13:52:39	IDLE
13:52:48	BUSY
13:52:49	IDLE
13:52:50	BUSY
13:53:06	IDLE
13:53:07	BUSY
13:53:07	IDLE
13:53:58	BUSY
13:54:12	IDLE
13:54:12	BUSY
13:54:34	IDLE
13:55:07	BUSY
13:55:15	ERROR received from device
14:00:30	LOCAL CONTROL ONLY
14:00:31	IDLE
14:00:57	BUSY
14:00:57	ERROR received from device
14:02:33	IDLE
14:03:16	BUSY
14:03:32	IDLE
14:03:41	BUSY
14:03:49	IDLE
14:03:50	BUSY
14:04:03	IDLE
14:04:03	BUSY
14:04:06	IDLE
14:04:07	BUSY
14:04:12	IDLE
14:04:31	BUSY
14:04:47	IDLE
14:05:10	BUSY
14:05:26	IDLE
14:05:26	BUSY
14:05:49	IDLE
14:06:40	BUSY
14:07:07	IDLE
14:07:16	BUSY
14:07:44	IDLE
14:10:29	BUSY
14:11:08	IDLE
14:11:09	BUSY
14:11:29	IDLE
14:11:38	BUSY
14:11:40	IDLE
14:12:51	BUSY
14:12:52	LOCAL CONTROL ONLY
14:12:52	BUSY
14:12:59	IDLE
14:13:39	BUSY
14:13:40	IDLE
14:13:49	BUSY
14:13:53	IDLE
14:13:53	BUSY
14:14:11	IDLE
14:14:12	BUSY
14:14:15	IDLE
14:14:16	BUSY
14:14:16	IDLE
14:14:59	BUSY
14:15:05	IDLE
14:15:06	BUSY
14:15:37	IDLE
14:16:32	BUSY
14:16:33	IDLE
14:16:42	BUSY
14:16:51	IDLE
14:16:51	BUSY
14:17:09	IDLE
14:19:07	ERROR Unrecognised command
14:19:13	BUSY
14:19:27	IDLE
14:19:27	BUSY
14:19:28	IDLE
14:19:36	BUSY
14:19:40	IDLE
14:19:40	BUSY
14:19:58	IDLE
14:20:55	BUSY
14:21:19	IDLE
14:21:29	BUSY
14:21:30	IDLE
14:21:30	BUSY
14:21:42	IDLE
14:21:42	BUSY
14:21:47	IDLE
15:04:47	LOCAL CONTROL ONLY
15:05:12	IDLE
15:05:14	LOCAL CONTROL ONLY
15:06:22	IDLE
15:06:50	BUSY
15:10:03	IDLE
15:10:09	LOCAL CONTROL ONLY
15:14:18	IDLE
15:14:23	LOCAL CONTROL ONLY
15:25:14	IDLE
15:25:34	LOCAL CONTROL ONLY
15:30:07	IDLE
15:31:37	LOCAL CONTROL ONLY
16:17:56	IDLE
16:19:01	BUSY
16:19:02	ERROR received from device
16:19:56	IDLE
16:20:01	BUSY
16:20:47	IDLE
16:22:29	BUSY
16:23:06	IDLE
25:11:2004
13:43:33	LOCAL CONTROL ONLY
13:46:27	IDLE
14:14:32	ERROR Unrecognised command
14:18:07	LOCAL CONTROL ONLY
14:18:15	IDLE
14:18:54	BUSY
14:19:44	IDLE
14:21:29	LOCAL CONTROL ONLY
14:21:32	IDLE
14:21:33	LOCAL CONTROL ONLY
14:21:45	IDLE
14:22:17	LOCAL CONTROL ONLY
14:22:49	IDLE
14:22:54	LOCAL CONTROL ONLY
14:23:11	IDLE
14:23:28	BUSY 1 PICK GBTEST PLACE CONVEYOR PICK CONVEYOR
14:24:27	IDLE 1 PICK GBTEST PLACE CONVEYOR PICK CONVEYOR
14:24:28	BUSY 1 PICK GBTEST PLACE CONVEYOR PICK CONVEYOR
14:25:15	IDLE 1 PICK GBTEST PLACE CONVEYOR PICK CONVEYOR
14:27:42	BUSY 1 PLACE Conveyor
14:30:03	IDLE 1 PLACE Conveyor
14:30:24	BUSY 1 PICK Conveyor PLACE GBTEST
14:30:50	IDLE 1 PICK Conveyor PLACE GBTEST
14:52:25	BUSY 1 PICK GBTEST PLACE CONVEYOR PICK CONVEYOR
14:53:06	IDLE 1 PICK GBTEST PLACE CONVEYOR PICK CONVEYOR
14:53:07	BUSY 1 PICK GBTEST PLACE CONVEYOR PICK CONVEYOR
14:53:47	IDLE 1 PICK GBTEST PLACE CONVEYOR PICK CONVEYOR
15:02:50	BUSY 1 PICK GBTEST PLACE CONVEYOR PICK CONVEYOR
15:03:35	IDLE 1 PICK GBTEST PLACE CONVEYOR PICK CONVEYOR
15:03:36	BUSY 1 PICK GBTEST PLACE CONVEYOR PICK CONVEYOR
15:04:17	ERROR received from device
15:05:54	IDLE
15:08:40	BUSY 1 PICK GBTEST PLACE CONVEYOR PICK CONVEYOR
15:09:26	IDLE 1 PICK GBTEST PLACE CONVEYOR PICK CONVEYOR
15:09:27	BUSY 1 PICK GBTEST PLACE CONVEYOR PICK CONVEYOR
15:10:12	IDLE 1 PICK GBTEST PLACE CONVEYOR PICK CONVEYOR
15:13:05	BUSY 1 PLACE Conveyor
15:13:09	IDLE 1 PLACE Conveyor
15:13:20	BUSY 1 PICK Conveyor PLACE GBTEST
15:13:45	IDLE 1 PICK Conveyor PLACE GBTEST
15:14:51	BUSY 1 PLACE Conveyor
15:15:09	IDLE 1 PLACE Conveyor
15:15:20	BUSY 1 PICK Conveyor PLACE GBTEST
15:15:43	IDLE 1 PICK Conveyor PLACE GBTEST
15:15:55	LOCAL CONTROL ONLY
15:19:29	IDLE
15:20:01	BUSY 1 PICK GBTEST PLACE CONVEYOR PICK CONVEYOR
15:20:24	IDLE 1 PICK GBTEST PLACE CONVEYOR PICK CONVEYOR
15:20:25	BUSY 1 PICK GBTEST PLACE CONVEYOR PICK CONVEYOR
15:20:47	IDLE 1 PICK GBTEST PLACE CONVEYOR PICK CONVEYOR
15:24:03	BUSY 1 PLACE Conveyor
15:24:06	IDLE 1 PLACE Conveyor
15:24:17	BUSY 1 PICK Conveyor PLACE GBTE26:11:2004
11:29:53	BUSY 1 PICK VISION PLACE CONVEYOR PICK CONVEYOR
11:31:39	IDLE 1 PICK VISION PLACE CONVEYOR PICK CONVEYOR
11:31:40	BUSY 1 PICK VISION PLACE CONVEYOR PICK CONVEYOR
11:33:34	IDLE 1 PICK VISION PLACE CONVEYOR PICK CONVEYOR
11:35:19	BUSY 1 PLACE Conveyor
11:35:37	IDLE 1 PLACE Conveyor
11:35:48	BUSY 1 PICK Conveyor PLACE VISION
11:36:50	IDLE 1 PICK Conveyor PLACE VISION
11:37:14	BUSY 1 PLACE Conveyor
11:37:59	IDLE 1 PLACE Conveyor
11:38:10	BUSY 1 PICK Conveyor PLACE VISION
11:39:10	IDLE 1 PICK