29:10:2004
02:11:2004
10:09:58	BUSY
10:09:59	ERROR 9: Cable break
10:10:40	IDLE
10:10:40	IDLE
10:10:46	BUSY
10:10:46	ERROR 7: Telegram format error
11:42:53	IDLE
11:42:53	IDLE
11:43:04	BUSY
11:43:09	ERROR Cannot receive ack/nak
13:33:24	IDLE
13:33:24	IDLE
13:33:30	BUSY
13:33:34	ERROR Cannot receive ack/nak
13:33:37	IDLE
13:33:37	IDLE
13:33:51	BUSY
13:33:54	ERROR Cannot receive ack/nak
13:34:20	IDLE
13:34:20	IDLE
13:34:26	BUSY
13:34:26	ERROR 1: No code-tag present
14:05:14	IDLE
14:05:15	IDLE
14:05:23	BUSY
14:05:23	IDLE
14:05:38	BUSY
14:05:38	IDLE
14:16:00	BUSY
14:16:00	ERROR 7: Telegram format error
15:37:57	IDLE
15:37:58	IDLE
15:38:06	BUSY
15:38:06	ERROR 7: Telegram format error
15:38:14	IDLE
15:38:14	IDLE
15:38:30	BUSY
15:38:30	ERROR 7: Telegram format error
15:38:35	IDLE
15:38:36	IDLE
11:11:2004
14:33:57	BUSY
14:34:02	ERROR Cannot receive ack/nak
14:34:05	IDLE
14:34:05	IDLE
11:11:2004
14:35:07	BUSY
14:35:11	ERROR Cannot receive ack/nak
11:11:2004
14:35:54	BUSY
14:35:58	ERROR Cannot receive ack/nak
11:11:2004
14:36:30	BUSY
14:36:38	ERROR Cannot receive ack/nak
11:11:2004
14:37:00	BUSY
14:37:00	IDLE
11:11:2004
15:14:44	BUSY
15:14:49	ERROR Cannot receive ack/nak
15:14:51	IDLE
15:14:51	IDLE
11:11:2004
15:15:24	BUSY
15:15:29	ERROR Cannot receive ack/nak
15:15:32	IDLE
15:15:32	IDLE
11:11:2004
15:18:54	BUSY
15:18:54	IDLE
12:11:2004
 8:08:54	BUSY
 8:08:54	IDLE
16:11:2004
19:11:2004
22:11:2004
22:11:2004
