01:11:2004
01:11:2004
01:11:2004
01:11:2004
01:11:2004
01:11:2004
01:11:2004
01:11:2004
01:11:2004
01:11:2004
11:11:2004
11:11:2004
11:11:2004
11:11:2004
12:11:2004
12:11:2004
22:11:2004
22:11:2004
22:11:2004
25:11:2004
14:24:27	BUSY 3 gbtest 1 2 101
14:24:28	IDLE 3 gbtest 1 2 101
14:25:15	BUSY 3 gbtest 1 2 102
14:26:10	BUSY 3 gbtest 2 3 101
14:26:13	IDLE 3 gbtest 1 2 102
14:26:25	IDLE 3 gbtest 2 3 101
14:27:26	BUSY 3 gbtest 3 4 101
14:27:41	IDLE 3 gbtest 3 4 101
14:27:56	BUSY 3 gbtest 2 3 102
14:28:11	IDLE 3 gbtest 2 3 102
14:29:13	BUSY 3 gbtest 3 4 102
14:30:03	BUSY 3 gbtest 4 1 101
14:30:23	IDLE 3 gbtest 4 1 101
14:53:06	BUSY 3 gbtest 1 2 101
14:53:07	IDLE 3 gbtest 1 2 101
14:53:47	BUSY 3 gbtest 1 2 102
14:54:49	BUSY 3 gbtest 2 3 101
14:54:52	IDLE 3 gbtest 1 2 102
14:55:04	IDLE 3 gbtest 2 3 101
14:56:05	BUSY 3 gbtest 3 6 101
14:56:35	BUSY 3 gbtest 2 3 102
14:56:48	IDLE 3 gbtest 2 3 102
15:03:35	BUSY 3 gbtest 1 2 101
15:03:36	IDLE 3 gbtest 1 2 101
15:09:27	BUSY 3 gbtest 1 2 101
15:09:27	IDLE 3 gbtest 1 2 101
15:10:12	BUSY 3 gbtest 1 2 102
15:11:10	BUSY 3 gbtest 2 3 101
15:11:13	IDLE 3 gbtest 1 2 102
15:11:25	IDLE 3 gbtest 2 3 101
15:12:28	BUSY 3 gbtest 3 6 101
15:12:57	BUSY 3 gbtest 2 3 102
15:13:03	IDLE 3 gbtest 3 6 101
15:13:09	BUSY 3 gbtest 6 1 101
15:13:12	IDLE 3 gbtest 2 3 102
15:13:18	IDLE 3 gbtest 6 1 101
15:14:14	BUSY 3 gbtest 3 6 102
15:14:49	IDLE 3 gbtest 3 6 102
15:15:09	BUSY 3 gbtest 6 1 102
15:15:18	IDLE 3 gbtest 6 1 102
15:20:24	BUSY 3 gbtest 1 2 101
15:20:27	IDLE 3 gbtest 1 2 101
15:20:48	BUSY 3 gbtest 1 2 102
15:22:09	BUSY 3 gbtest 2 3 101
15:22:12	IDLE 3 gbtest 1 2 102
15:22:24	IDLE 3 gbtest 2 3 101
15:23:26	BUSY 3 gbtest 3 6 101
15:23:56	BUSY 3 gbtest 2 3 102
15:24:01	IDLE 3 gbtest 3 6 101
15:24:26:11:2004
11:31:40	BUSY 3 VISION 1 2 101
11:31:41	IDLE 3 VISION 1 2 101
11:33:23	BUSY 3 VISION 2 3 101
11:33:35	BUSY 3 VISION 1 2 102
11:33:36	IDLE 3 VISION 1 2 102
11:33:38	IDLE 3 VISION 2 3 101
11:34:39	BUSY 3 VISION 3 4 101
11:34:50	IDLE 3 VISION 3 4 101
11:34:53	BUSY 3 VISION 4 6 101
11:35:18	IDLE 3 VISION 4 6 101
11:35:18	BUSY 3 VISION 2 3 102
11:35:33	IDLE 3 VISION 2 3 102
11:35:38	BUSY 3 VISION 6 1 101
11:35:47	IDLE 3 VISION 6 1 101
11:36:35	BUSY 3 VISION 3 4 102
11:36:46	IDLE 3 VISION 3 4 102
11:36