18:05:2005
16:02:54	BUSY 1
16:03:00	IDLE
16:03:27	BUSY 2
16:03:27	IDLE 2
16:03:31	BUSY 1
16:04:04	IDLE 1
16:05:18	BUSY 2
16:05:19	IDLE 2
16:05:21	BUSY 1
16:05:22	IDLE 1
16:05:26	BUSY 5 C:\CIM\CELL1\TEST_L.FNC
16:05:26	IDLE 5 C:\CIM\CELL1\TEST_L.FNC
16:05:29	BUSY 3
16:05:36	IDLE 3
16:05:47	BUSY 1
16:05:47	IDLE 1
16:06:00	BUSY 2
16:06:01	IDLE 2
16:06:07	BUSY 5 TEST_l.FNC
16:06:07	IDLE 5 TEST_l.FNC
16:06:07	BUSY 3
16:06:17	IDLE 3
16:06:24	BUSY 1
16:06:25	IDLE 1
16:06:38	BUSY 1
16:06:38	IDLE 1
16:06:51	BUSY 2
16:06:53	IDLE 2
16:06:59	BUSY 5 TEST_l.FNC
16:06:59	IDLE 5 TEST_l.FNC
16:06:59	BUSY 3
16:07:09	IDLE 3
16:07:16	BUSY 1
16:07:17	IDLE 1
16:07:43	BUSY 1
16:07:43	IDLE 1
16:07:56	BUSY 2
16:07:57	IDLE 2
16:08:03	BUSY 5 ROOK_l.FNC
16:08:04	IDLE 5 ROOK_l.FNC
16:08:04	BUSY 3
16:09:53	IDLE 3
16:10:00	BUSY 1
16:10:01	IDLE 1
16:10:14	BUSY 1
16:10:14	IDLE 1
16:10:27	BUSY 2
16:10:28	IDLE 2
16:10:34	BUSY 5 PAWN_l.FNC
16:10:35	IDLE 5 PAWN_l.FNC
16:10:35	BUSY 3
16:12:08	IDLE 3
16:12:15	BUSY 1
16:12:16	IDLE 1
18:05:2005
16:18:35	BUSY 1
16:18:35	IDLE 1
16:18:48	BUSY 2
16:18:48	IDLE 2
16:18:54	BUSY 5 ROOK_l.FNC
16:18:55	IDLE 5 ROOK_l.FNC
16:18:55	BUSY 3
16:20:44	IDLE 3
16:20:50	BUSY 1
16:20:51	IDLE 1
16:21:03	BUSY 1
16:21:03	IDLE 1
16:21:16	BUSY 2
16:21:16	IDLE 2
16:21:22	BUSY 5 PAWN_l.FNC
16:21:23	IDLE 5 PAWN_l.FNC
16:21:23	BUSY 3
16:22:56	IDLE 3
16:23:02	BUSY 1
16:23:03	IDLE 1
16:23:22	BUSY 1
16:23:22	IDLE 1
16:23:35	BUSY 2
16:23:36	IDLE 2
16:23:41	BUSY 5 ROOK_l.FNC
16:23:42	IDLE 5 ROOK_l.FNC
16:23:43	BUSY 3
16:25:31	IDLE 3
16:25:37	BUSY 1
16:25:39	IDLE 1
16:25:50	BUSY 1
16:25:50	IDLE 1
16:26:03	BUSY 2
16:26:04	IDLE 2
16:26:09	BUSY 5 PAWN_l.FNC
16:26:10	IDLE 5 PAWN_l.FNC
16:26:11	BUSY 3
16:27:43	IDLE 3
16:27:50	BUSY 1
16:27:51	IDLE 1
18:05:2005
18:44:12	BUSY 1
18:44:13	IDLE 1
18:44:17	BUSY 2
18:44:18	IDLE 2
18:44:43	BUSY 5 C:\CIM\CELL1\TEST_L.FNC
18:44:44	IDLE 5 C:\CIM\CELL1\TEST_L.FNC
18:44:49	BUSY 3
18:44:57	IDLE 3
19:02:31	BUSY 1
19:02:33	IDLE 1
19:02:46	BUSY 2
19:02:47	IDLE 2
19:02:52	BUSY 5 ROOK_l.FNC
19:02:53	IDLE 5 ROOK_l.FNC
19:02:53	BUSY 3
19:07:30	IDLE
18:05:2005
21:50:18	BUSY 1
21:50:20	IDLE 1
21:51:48	BUSY 2
21:52:51	IDLE 2
21:57:07	BUSY 1
21:57:07	IDLE 1
21:57:12	BUSY 2
21:57:13	IDLE 2
21:57:21	BUSY 5 C:\CIM\CELL1\TEST_L.FNC
21:57:21	IDLE 5 C:\CIM\CELL1\TEST_L.FNC
21:57:25	BUSY 3
21:57:32	IDLE 3
22:20:24	BUSY 3
22:20:48	IDLE
22:20:51	BUSY 1
22:20:52	IDLE 1
22:20:55	BUSY 2
22:20:56	IDLE 2
22:20:59	BUSY 3
22:21:38	IDLE
22:21:46	BUSY 5 C:\CIM\CELL1\TEST_L.FNC
22:21:46	IDLE 5 C:\CIM\CELL1\TEST_L.FNC
22:21:46	BUSY
22:21:54	IDLE
22:22:05	BUSY 3
22:22:16	IDLE
22:22:23	BUSY 3
22:22:54	IDLE
22:22:58	BUSY 1
22:23:00	IDLE 1
22:23:03	BUSY 2
22:23:04	IDLE 2
22:23:12	BUSY 3
22:24:08	IDLE
22:24:28	BUSY 1
22:24:29	IDLE 1
19:05:2005
 8:55:38	BUSY 1
 8:55:39	IDLE 1
 8:55:40	BUSY 2
 8:55:42	IDLE 2
 8:55:46	BUSY 5 C:\CIM\CELL1\TEST_L.FNC
 8:55:46	IDLE 5 C:\CIM\CELL1\TEST_L.FNC
 8:55:54	BUSY 3
 8:56:01	IDLE 3
19:05:2005
11:12:35	BUSY 1
11:12:50	IDLE
11:12:54	BUSY 2
11:12:54	IDLE 2
11:13:39	BUSY 1
11:13:44	IDLE
11:14:10	BUSY 5 C:\CIM\CELL1\TEST_L.FNC
11:14:10	IDLE 5 C:\CIM\CELL1\TEST_L.FNC
11:14:13	BUSY 3
11:14:23	IDLE 3
11:18:06	BUSY 5 C:\CIM\CELL1\TEST_L.FNC
11:18:06	IDLE 5 C:\CIM\CELL1\TEST_L.FNC
11:18:09	BUSY 3
11:18:19	IDLE 3
11:18:22	BUSY 1
11:18:27	IDLE
11:18:31	BUSY 2
11:18:31	IDLE 2
11:18:36	BUSY 1
11:18:40	IDLE
11:18:43	BUSY 2
11:18:43	IDLE 2
11:30:53	BUSY 1
11:30:54	IDLE 1
11:31:01	BUSY 2
11:31:02	IDLE 2
11:31:07	BUSY 1
11:31:08	IDLE 1
11:31:12	BUSY 2
11:31:13	IDLE 2
11:31:17	BUSY 1
11:31:18	IDLE 1
11:31:23	BUSY 2
11:31:24	IDLE 2
11:31:28	BUSY 1
11:31:28	IDLE 1
11:31:31	BUSY 2
11:31:32	IDLE 2
11:31:34	BUSY 1
11:31:35	IDLE 1
14:17:20	BUSY 2
14:17:21	IDLE 2
14:17:23	BUSY 1
14:17:24	IDLE 1
14:17:26	BUSY 2
14:17:27	IDLE 2
14:17:31	BUSY 5 C:\CIM\CELL1\TEST_L.FNC
14:17:31	IDLE 5 C:\CIM\CELL1\TEST_L.FNC
14:17:34	BUSY 3
14:20:43	IDLE
14:21:00	BUSY 1
14:21:05	IDLE
14:21:27	BUSY 2
14:21:28	IDLE 2
14:21:30	BUSY 1
120:05:2005
10:01:18	BUSY 5 C:\CIM\CELL1\TEST_L.FNC
10:01:18	IDLE 5 C:\CIM\CELL1\TEST_L.FNC
10:01:21	BUSY 1
10:01:22	IDLE 1
10:01:25	BUSY 2
10:01:26	IDLE 2
10:01:29	BUSY 3
10:01:37	IDLE 3
10:10:57	BUSY 1
10:10:58	IDLE 1
10:11:11	BUSY 2
10:11:12	IDLE 2
10:11:17	BUSY 5 KING_l.FNC
10:11:18	IDLE 5 KING_l.FNC
10:11:18	BUSY 3
10:13:50	IDLE 3
10:17:27	BUSY 1
10:17:28	IDLE 1
10:17:40	BUSY 2
10:17:42	IDLE 2
10:17:47	BUSY 5 KING_l.FNC
10:17:48	IDLE 5 KING_l.FNC
10:17:49	BUSY 3
10:20:22	IDLE 3
10:20:28	BUSY 1
10:20:29	IDLE 1
10:20:41	BUSY 1
10:20:41	IDLE 1
10:20:54	BUSY 2
10:20:55	IDLE 2
10:21:00	BUSY 5 PAWN_l.FNC
10:21:28	ERROR RS232 Download aborted
10:21:31	IDLE
10:21:31	BUSY 5 PAWN_l.FNC
10:21:37	ERROR RS232 Download aborted
10:21:39	IDLE
10:21:40	BUSY 5 PAWN_l.FNC
10:21:44	ERROR RS232 Download aborted
10:21:46	IDLE
10:21:46	BUSY 5 PAWN_l.FNC
10:22:01	ERROR RS232 Download aborted
10:22:02	IDLE
10:22:12	BUSY 5 C:\CIM\CELL1\PAWN_L.FNC
10:22:16	ERROR RS232 Download aborted
10:22:18	IDLE
10:22:20	BUSY 3
10:28:30	IDLE
10:29:05	BUSY 5 C:\CIM\CELL1\TEST_L.FNC
10:29:05	IDLE 5 C:\CIM\CELL1\TEST_L.FNC
10:29:08	BUSY 3
10:29:18	IDLE 3
10:29:22	BUSY 1
10:29:32	IDLE
10:29:35	BUSY 2
10:29:35	IDLE 2
10:29:51	BUSY 1
10:29:54	IDLE
10:29:59	BUSY 2
10:29:59	IDLE 2
10:30:08	BUSY 1
10:30:17	IDLE
10:30:24	BUSY 1
10:30:42	IDLE
10:30:49	BUSY 2
10:30:49	IDLE 2
10:30:53	BUSY 1
10:30:59	IDLE
10:31:02	BUSY 2
10:31:02	IDLE 2
10:33:46	BUSY 1
10:33:47	IDLE 1
10:33:50	BUSY 2
10:33:50	IDLE 2
10:33:53	BUSY 1
10:33:54	IDLE 1
10:33:56	BUSY 2
10:33:57	IDLE 2
10:36:00	BUSY 1
10:36:01	IDLE 1
10:36:03	BUSY 2
10:36:04	IDLE 2
10:36:07	BUSY 5 C:\CIM\CELL1\TEST_L.FNC
10:36:07	IDLE 5 C:\CIM\CELL1\TEST_L.FNC
10:36:11	BUSY 3
10:36:18	IDLE 3
10:42:13	BUSY 1
10:42:14	IDLE 1
10:42:27	BUSY 2
10:42:28	IDLE 2
10:42:34	BUSY 5 KING_l.FNC
10:42:35	IDLE 5 KING_l.FNC
10:42:35	BUSY 3
10:44:50	IDLE
10:45:29	BUSY 1
10:45:38	IDLE
10:45:41	BUSY 2
10:45:41	IDLE 2
10:45:46	BUSY 1
10:45:57	IDLE
10:46:10	BUSY 1
10:46:18	IDLE
10:46:20	BUSY 1
10:46:35	IDLE
10:47:03	BUSY 1
10:47:21	IDLE
10:47:45	BUSY 1
10:47:51	IDLE
10:47:54	BUSY 1
10:48:03	IDLE
10:52:01	BUSY 1
10:52:09	IDLE
10:53:42	BUSY 1
10:53:47	IDLE
10:53:49	BUSY 2
10:53:49	IDLE 2
10:57:18	BUSY 1
10:57:21	IDLE
11:00:30	BUSY 5 C:\CIM\CELL1\TEST_L.FNC
11:00:30	IDLE 5 C:\CIM\CELL1\TEST_L.FNC
11:00:33	BUSY 3
11:00:41	IDLE 3
11:00:47	BUSY 1
11:01:12	IDLE
11:01:17	BUSY 2
11:01:17	IDLE 2
11:01:29	BUSY 1
11:01:32	IDLE
11:01:38	BUSY 2
11:01:38	IDLE 2
11:01:56	BUSY 1
11:02:10	IDLE
11:02:16	BUSY 1
11:03:40	IDLE
11:08:48	BUSY 5 C:\CIM\CELL1\TEST_L.FNC
11:08:48	IDLE 5 C:\CIM\CELL1\TEST_L.FNC
11:08:52	BUSY 3
11:09:02	IDLE 3
11:09:10	BUSY 1
11:09:15	IDLE
11:09:18	BUSY 2
11:09:18	IDLE 2
11:09:25	BUSY 1
11:09:28	IDLE
11:16:17	BUSY 1
11:16:31	IDLE
11:16:34	BUSY 2
11:16:34	IDLE 2
11:31:19	BUSY 1
11:31:41	IDLE
11:31:47	BUSY 2
11:31:47	IDLE 2
11:35:30	BUSY
11:35:52	IDLE
11:48:47	BUSY 1
11:48:58	IDLE
11:49:02	BUSY 2
11:49:02	IDLE 2
11:49:14	BUSY 1
11:49:23	IDLE
11:49:28	BUSY 2
11:49:28	IDLE 2
12:00:32	BUSY
12:01:02	IDLE
12:07:55	BUSY
12:08:03	IDLE
12:09:21	BUSY
12:09:27	IDLE
12:12:20	BUSY
12:12:32	IDLE
12:18:03	BUSY
12:18:08	IDLE
12:20:26	BUSY 1
12:20:27	IDLE 1
12:20:31	BUSY 2
12:20:32	IDLE 2
13:10:48	BUSY 1
13:10:49	IDLE 1
13:10:51	BUSY 2
13:10:52	IDLE 2
13:10:56	BUSY 5 C:\CIM\CELL1\TEST_L.FNC
13:10:56	IDLE 5 C:\CIM\CELL1\TEST_L.FNC
13:10:59	BUSY 3
13:11:06	IDLE 3
13:13:16	BUSY
13:13:24	IDLE
13:14:32	BUSY 1
13:14:33	IDLE 1
13:14:36	BUSY 2
13:14:37	IDLE 2
13:14:40	BUSY 1
13:14:41	IDLE 1
13:14:43	BUSY 2
13:14:45	IDLE 2
13:14:48	BUSY 5 C:\CIM\CELL1\TEST_L.FNC
13:14:49	IDLE 5 C:\CIM\CELL1\TEST_L.FNC
13:14:50	BUSY 3
13:15:00	IDLE 3
13:24:36	BUSY 1
13:24:37	IDLE 1
13:24:50	BUSY 2
13:24:51	IDLE 2
13:24:57	BUSY 5 KING_l.FNC
13:24:58	IDLE 5 KING_l.FNC
13:24:59	BUSY 3
13:27:31	IDLE 3
13:27:37	BUSY 1
13:27:38	IDLE 1
13:27:50	BUSY 1
13:27:50	IDLE 1
13:28:03	BUSY 2
13:28:03	IDLE 2
13:28:09	BUSY 5 PAWN_l.FNC
13:28:10	IDLE 5 PAWN_l.FNC
13:33:55	ERROR Could not obtain interlock 2
13:33:57	IDLE
13:34:13	BUSY 1
13:34:16	IDLE
13:34:18	BUSY 2
13:34:18	IDLE 2
13:34:45	BUSY 5 C:\CIM\CELL1\TEST_L.FNC
13:34:45	IDLE 5 C:\CIM\CELL1\TEST_L.FNC
13:34:48	BUSY 3
13:34:57	IDLE 3
13:35:46	BUSY
13:35:51	IDLE
13:36:37	BUSY 1
13:36:40	IDLE
13:36:42	BUSY 2
13:36:42	IDLE 2
13:40:22	BUSY 1
13:40:23	IDLE 1
13:40:27	BUSY 2
13:40:28	IDLE 2
13:40:32	BUSY 5 C:\CIM\CELL1\TEST_L.FNC
13:40:32	IDLE 5 C:\CIM\CELL1\TEST_L.FNC
13:40:33	BUSY 3
13:40:41	IDLE 3
13:42:09	BUSY 1
13:42:10	IDLE 1
13:42:23	BUSY 2
13:42:24	IDLE 2
13:42:29	BUSY 5 KING_l.FNC
13:42:31	IDLE 5 KING_l.FNC
13:42:31	BUSY 3
13:45:39	IDLE
14:18:42	BUSY
14:18:49	IDLE
14:21:10	BUSY
14:21:16	IDLE
14:40:14	BUSY
14:40:19	IDLE
14:58:36	BUSY
14:58:45	IDLE
15:11:38	BUSY
15:11:56	IDLE
15:15:19	BUSY
15:15:28	IDLE
15:17:03	BUSY 1
15:17:04	IDLE 1
15:17:07	BUSY 2
15:17:08	IDLE 2
15:17:12	BUSY 1
15:17:13	IDLE 1
15:17:15	BUSY 2
15:17:16	IDLE 2
15:17:47	BUSY 1
15:17:47	IDLE 1
15:17:51	BUSY 2
15:17:52	IDLE 2
15:17:57	BUSY 1
15:17:58	IDLE 1
15:18:00	BUSY 2
15:18:01	IDLE 2
15:18:09	BUSY 1
15:18:09	IDLE 1
15:18:18	BUSY 2
15:18:19	IDLE 2
15:19:23	BUSY 5 C:\CIM\CELL1\TEST_L.FNC
15:19:23	IDLE 5 C:\CIM\CELL1\TEST_L.FNC
15:19:25	BUSY 3
15:19:33	IDLE 3
20:05:2005
15:26:49	BUSY 1
15:26:53	IDLE
15:29:18	BUSY 2
15:29:19	IDLE 2
15:29:21	BUSY 1
15:29:23	IDLE 1
15:29:24	BUSY 2
15:29:26	IDLE 2
15:29:29	BUSY 5 C:\CIM\CELL1\TEST_L.FNC
15:29:29	IDLE 5 C:\CIM\CELL1\TEST_L.FNC
15:29:32	BUSY 3
15:29:40	IDLE 3
15:34:32	BUSY 1
15:34:33	IDLE 1
15:34:46	BUSY 2
15:34:47	IDLE 2
15:34:52	BUSY 5 KING_l.FNC
15:34:53	IDLE 5 KING_l.FNC
15:34:54	BUSY 3
15:44:46	IDLE 3
15:45:20	BUSY 1
15:45:21	IDLE 1
15:45:23	BUSY 2
15:45:24	IDLE 2
15:45:28	BUSY 5 C:\CIM\CELL1\TEST_L.FNC
15:45:28	IDLE 5 C:\CIM\CELL1\TEST_L.FNC
15:45:31	BUSY 3
15:45:40	IDLE 3
15:45:59	BUSY 1
15:46:00	IDLE 1
15:46:13	BUSY 2
15:46:15	IDLE 2
15:46:20	BUSY 5 TEST_l.FNC
15:46:20	IDLE 5 TEST_l.FNC
15:46:20	BUSY 3
15:46:30	IDLE 3
15:46:36	BUSY 1
15:46:38	IDLE 1
15:46:50	BUSY 1
15:46:50	IDLE 1
15:47:03	BUSY 2
15:47:03	IDLE 2
15:47:09	BUSY 5 TEST_l.FNC
15:47:09	IDLE 5 TEST_l.FNC
15:47:09	BUSY 3
15:47:19	IDLE 3
15:47:25	BUSY 1
15:47:26	IDLE 1
15:50:05	BUSY 1
15:50:05	IDLE 1
15:50:18	BUSY 2
15:50:18	IDLE 2
15:50:24	BUSY 5 KING_l.FNC
15:50:25	IDLE 5 KING_l.FNC
15:50:26	BUSY 3
15:52:58	IDLE 3
15:53:04	BUSY 1
15:53:05	IDLE 1
15:53:17	BUSY 1
15:53:17	IDLE 1
15:53:30	BUSY 2
15:53:30	IDLE 2
15:53:36	BUSY 5 PAWN_l.FNC
15:53:37	IDLE 5 PAWN_l.FNC
15:53:37	BUSY 3
15:55:10	IDLE 3
15:55:16	BUSY 1
15:55:17	IDLE 1
15:55:38	BUSY 1
15:55:38	IDLE 1
15:55:51	BUSY 2
15:55:52	IDLE 2
15:55:58	BUSY 5 QUEEN_l.FNC
15:55:59	IDLE 5 QUEEN_l.FNC
15:55:59	BUSY 3
15:58:19	IDLE 3
16:02:32	BUSY 1
16:02:33	IDLE 1
16:02:36	BUSY 2
16:02:37	IDLE 2
16:02:40	BUSY 5 C:\CIM\CELL1\TEST_L.FNC
16:02:40	IDLE 5 C:\CIM\CELL1\TEST_L.FNC
16:02:42	BUSY 3
16:02:52	IDLE 3
16:03:06	BUSY 1
16:03:07	IDLE 1
16:03:19	BUSY 2
16:03:21	IDLE 2
16:03:26	BUSY 5 TEST_l.FNC
16:03:26	IDLE 5 TEST_l.FNC
16:03:26	BUSY 3
16:05:05	IDLE
16:05:45	BUSY 1
16:05:46	IDLE 1
16:05:48	BUSY 2
16:05:49	IDLE 2
16:05:53	BUSY 5 C:\CIM\CELL1\TEST_L.FNC
16:05:53	IDLE 5 C:\CIM\CELL1\TEST_L.FNC
16:05:57	BUSY 3
16:11:09	IDLE
16:12:45	BUSY 1
16:12:46	IDLE 1
16:12:48	BUSY 2
16:12:49	IDLE 2
16:12:54	BUSY 5 C:\CIM\CELL1\TEST_L.FNC
16:12:54	IDLE 5 C:\CIM\CELL1\TEST_L.FNC
16:12:57	BUSY 3
16:13:04	IDLE 3
16:13:19	BUSY 1
16:13:20	IDLE 1
16:13:33	BUSY 2
16:13:34	IDLE 2
16:13:39	BUSY 5 TEST_l.FNC
16:13:39	IDLE 5 TEST_l.FNC
16:13:39	BUSY 3
16:13:49	IDLE 3
16:13:55	BUSY 1
16:13:56	IDLE 1
16:14:08	BUSY 1
16:14:08	IDLE 1
16:14:21	BUSY 2
16:14:22	IDLE 2
16:14:27	BUSY 5 TEST_l.FNC
16:14:27	IDLE 5 TEST_l.FNC
16:14:28	BUSY 3
16:14:37	IDLE 3
16:14:43	BUSY 1
16:14:44	IDLE 1
16:18:58	BUSY 1
16:18:58	IDLE 1
16:19:11	BUSY 2
16:19:12	IDLE 2
16:19:17	BUSY 5 TEST_l.FNC
16:19:17	IDLE 5 TEST_l.FNC
16:19:18	BUSY 3
16:19:28	IDLE 3
16:19:34	BUSY 1
16:19:35	IDLE 1
16:19:47	BUSY 1
16:19:47	IDLE 1
16:20:00	BUSY 2
16:20:01	IDLE 2
16:20:06	BUSY 5 TEST_l.FNC
16:20:06	IDLE 5 TEST_l.FNC
16:20:06	BUSY 3
16:20:16	IDLE 3
16:20:22	BUSY 1
16:20:23	IDLE 1
16:23:55	BUSY 1
16:23:55	IDLE 1
16:24:08	BUSY 2
16:24:09	IDLE 2
16:24:14	BUSY 5 QUEEN_l.FNC
16:24:15	IDLE 5 QUEEN_l.FNC
16:24:15	BUSY 3
16:26:35	IDLE 3
16:26:42	BUSY 1
16:26:43	IDLE 1
16:26:55	BUSY 1
16:26:55	IDLE 1
16:27:08	BUSY 2
16:27:08	IDLE 2
16:27:14	BUSY 5 PAWN_l.FNC
16:27:14	IDLE 5 PAWN_l.FNC
16:27:15	BUSY 3
16:28:48	IDLE 3
16:28:54	BUSY 1
16:28:55	IDLE 1
16:29:15	BUSY 1
16:29:15	IDLE 1
16:29:28	BUSY 2
16:29:28	IDLE 2
16:29:34	BUSY 5 KNIGHT_l.FNC
16:29:35	IDLE 5 KNIGHT_l.FNC
16:29:35	BUSY 3
16:31:47	IDLE 3
16:31:53	BUSY 1
16:31:54	IDLE 1
16:32:06	BUSY 1
16:32:06	IDLE 1
16:32:19	BUSY 2
16:32:20	IDLE 2
16:32:25	BUSY 5 PAWN_l.FNC
16:32:26	IDLE 5 PAWN_l.FNC
16:32:26	BUSY 3
16:47:23	IDLE 3
16:54:12	BUSY 1
16:54:15	IDLE
16:54:17	BUSY 2
16:54:17	IDLE 2
16:54:32	BUSY 5 C:\CIM\CELL1\TEST_L.FNC
16:54:32	IDLE 5 C:\CIM\CELL1\TEST_L.FNC
16:54:34	BUSY 3
16:54:42	IDLE 3
16:54:47	BUSY 1
16:54:50	IDLE
16:54:52	BUSY 2
16:54:52	IDLE 2
16:55:35	BUSY 1
16:55:41	IDLE
16:55:45	BUSY 1
16:55:47	IDLE
16:57:05	BUSY 1
16:57:10	IDLE
20:05:2005
16:58:12	BUSY 1
16:58:18	IDLE
16:58:34	BUSY 2
16:58:34	IDLE 2
16:58:37	BUSY 1
16:58:40	IDLE
17:01:10	BUSY 2
17:01:10	IDLE 2
17:01:13	BUSY 1
17:01:14	IDLE 1
17:01:17	BUSY 2
17:01:18	IDLE 2
17:01:44	BUSY 1
17:01:45	IDLE 1
17:01:47	BUSY 2
17:01:48	IDLE 2
17:01:57	BUSY 1
17:01:59	IDLE 1
17:03:16	BUSY 1
17:03:16	IDLE 1
17:03:29	BUSY 2
17:03:29	IDLE 2
17:03:35	BUSY 5 TEST_l.FNC
17:03:35	IDLE 5 TEST_l.FNC
17:03:35	BUSY 3
17:03:45	IDLE 3
17:03:51	BUSY 1
17:03:52	IDLE 1
17:04:04	BUSY 1
17:04:04	IDLE 1
17:04:17	BUSY 2
17:04:17	IDLE 2
17:04:23	BUSY 5 TEST_l.FNC
17:04:23	IDLE 5 TEST_l.FNC
17:04:23	BUSY 3
17:04:33	IDLE 3
17:04:39	BUSY 1
17:04:40	IDLE 1
17:06:50	BUSY 2
17:06:51	IDLE 2
17:06:53	BUSY 1
17:06:54	IDLE 1
17:10:00	BUSY 1
17:10:00	IDLE 1
17:10:13	BUSY 2
17:10:13	IDLE 2
17:10:19	BUSY 5 QUEEN_l.FNC
17:10:20	IDLE 5 QUEEN_l.FNC
17:10:20	BUSY 3
17:12:40	IDLE 3
17:12:46	BUSY 1
17:12:47	IDLE 1
17:12:59	BUSY 1
17:12:59	IDLE 1
17:13:12	BUSY 2
17:13:12	IDLE 2
17:13:18	BUSY 5 PAWN_l.FNC
17:13:37	ERROR RS232 Download aborted
17:13:39	IDLE
17:13:40	BUSY 5 PAWN_l.FNC
17:13:44	ERROR RS232 Download aborted
17:13:47	IDLE
17:13:47	BUSY 5 PAWN_l.FNC
17:13:53	ERROR RS232 Download aborted
17:14:00	IDLE
17:14:00	BUSY 5 PAWN_l.FNC
17:14:06	ERROR RS232 Download aborted
17:14:08	IDLE
17:14:08	BUSY 5 PAWN_l.FNC
17:14:21	ERROR RS232 Download aborted
17:14:23	IDLE
17:14:24	BUSY 5 PAWN_l.FNC
17:14:58	ERROR RS232 Download aborted
17:15:00	IDLE
17:15:05	BUSY 5 C:\CIM\CELL1\TEST_L.FNC
17:15:09	ERROR RS232 Download aborted
17:15:10	IDLE
17:15:12	BUSY 3
17:16:45	IDLE 3
17:16:46	BUSY 5 PAWN_l.FNC
17:16:47	IDLE 5 PAWN_l.FNC
17:16:47	BUSY 3
17:18:20	IDLE 3
17:18:26	BUSY 1
17:18:27	IDLE 1
17:29:03	BUSY 1
17:29:03	IDLE 1
17:29:16	BUSY 2
17:29:17	IDLE 2
17:29:22	BUSY 5 TEST_l.FNC
17:29:22	IDLE 5 TEST_l.FNC
17:29:22	BUSY 3
17:29:32	IDLE 3
17:29:38	BUSY 1
17:29:39	IDLE 1
17:29:51	BUSY 1
17:29:51	IDLE 1
17:30:04	BUSY 2
17:30:05	IDLE 2
17:30:10	BUSY 5 TEST_l.FNC
17:30:10	IDLE 5 TEST_l.FNC
17:30:11	BUSY 3
17:30:20	IDLE 3
17:30:26	BUSY 1
17:30:27	IDLE 1
17:39:21	BUSY 1
17:39:21	IDLE 1
17:39:34	BUSY 2
17:39:34	IDLE 2
17:39:40	BUSY 5 QUEEN_l.FNC
17:39:41	IDLE 5 QUEEN_l.FNC
17:39:41	BUSY 3
17:42:01	IDLE 3
17:42:07	BUSY 1
17:42:08	IDLE 1
17:42:20	BUSY 1
17:42:20	IDLE 1
17:42:33	BUSY 2
17:42:34	IDLE 2
17:42:39	BUSY 5 PAWN_l.FNC
17:42:40	IDLE 5 PAWN_l.FNC
17:42:40	BUSY 3
17:44:13	IDLE 3
17:44:20	BUSY 1
17:44:20	IDLE 1
17:44:40	BUSY 1
17:44:40	IDLE 1
17:44:53	BUSY 2
17:44:54	IDLE 2
17:44:59	BUSY 5 BISHOP_l.FNC
17:45:01	IDLE 5 BISHOP_l.FNC
17:45:01	BUSY 3
17:47:25	IDLE 3
17:47:31	BUSY 1
17:47:32	IDLE 1
17:47:44	BUSY 1
17:47:44	IDLE 1
17:47:57	BUSY 2
17:47:58	IDLE 2
17:48:03	BUSY 5 PAWN_l.FNC
17:48:04	IDLE 5 PAWN_l.FNC
17:48:05	BUSY 3
17:49:37	IDLE 3
17:49:43	BUSY 1
17:49:45	IDLE 1
18:09:04	BUSY 1
18:09:04	IDLE 1
18:09:17	BUSY 2
18:09:18	IDLE 2
18:09:24	BUSY 5 KING_l.FNC
18:09:25	IDLE 5 KING_l.FNC
18:09:26	BUSY 3
18:11:59	IDLE 3
18:12:05	BUSY 1
18:12:06	IDLE 1
18:12:18	BUSY 1
18:12:18	IDLE 1
18:12:31	BUSY 2
18:12:32	IDLE 2
18:12:37	BUSY 5 PAWN_l.FNC
18:12:38	IDLE 5 PAWN_l.FNC
18:12:38	BUSY 3
18:14:11	IDLE 3
18:14:17	BUSY 1
18:14:18	IDLE 1
18:14:38	BUSY 1
18:14:38	IDLE 1
18:14:51	BUSY 2
18:14:52	IDLE 2
18:14:57	BUSY 5 QUEEN_l.FNC
18:14:58	IDLE 5 QUEEN_l.FNC
18:14:59	BUSY 3
18:17:19	IDLE 3
18:17:25	BUSY 1
18:17:26	IDLE 1
18:17:38	BUSY 1
18:17:38	IDLE 1
18:17:51	BUSY 2
18:17:52	IDLE 2
18:17:57	BUSY 5 PAWN_l.FNC
18:17:58	IDLE 5 PAWN_l.FNC
18:17:59	BUSY 3
18:19:31	IDLE 3
18:19:38	BUSY 1
18:19:39	IDLE 1
18:19:58	BUSY 1
18:19:58	IDLE 1
18:20:11	BUSY 2
18:20:12	IDLE 2
18:20:17	BUSY 5 BISHOP_l.FNC
18:20:18	IDLE 5 BISHOP_l.FNC
18:20:19	BUSY 3
18:22:43	IDLE 3
18:22:50	BUSY 1
18:22:51	IDLE 1
18:23:03	BUSY 1
18:23:03	IDLE 1
18:23:16	BUSY 2
18:23:16	IDLE 2
18:23:22	BUSY 5 PAWN_l.FNC
18:23:22	IDLE 5 PAWN_l.FNC
18:23:23	BUSY 3
18:24:56	IDLE 3
18:25:02	BUSY 1
18:25:04	IDLE 1
18:25:23	BUSY 1
18:25:23	IDLE 1
18:25:36	BUSY 2
18:25:37	IDLE 2
18:25:42	BUSY 5 KNIGHT_l.FNC
18:25:44	IDLE 5 KNIGHT_l.FNC
18:25:44	BUSY 3
18:27:55	IDLE 3
18:28:01	BUSY 1
18:28:03	IDLE 1
18:28:15	BUSY 1
18:28:15	IDLE 1
18:28:28	BUSY 2
18:28:28	IDLE 2
18:28:34	BUSY 5 PAWN_l.FNC
18:28:34	IDLE 5 PAWN_l.FNC
18:28:35	BUSY 3
18:30:08	IDLE 3
18:30:14	BUSY 1
18:30:15	IDLE 1
18:30:35	BUSY 1
18:30:35	IDLE 1
18:30:48	BUSY 2
18:30:49	IDLE 2
18:30:54	BUSY 5 ROOK_l.FNC
18:30:55	IDLE 5 ROOK_l.FNC
18:30:56	BUSY 3
18:32:44	IDLE 3
18:32:50	BUSY 1
18:32:52	IDLE 1
18:33:03	BUSY 1
18:33:03	IDLE 1
18:33:16	BUSY 2
18:33:17	IDLE 2
18:33:22	BUSY 5 PAWN_l.FNC
18:33:23	IDLE 5 PAWN_l.FNC
18:33:24	BUSY 3
18:34:56	IDLE 3
18:35:03	BUSY 1
18:35:04	IDLE 1
18:57:48	BUSY 1
18:57:48	IDLE 1
18:58:01	BUSY 2
18:58:02	IDLE 2
18:58:07	BUSY 5 KING_l.FNC
18:58:08	IDLE 5 KING_l.FNC
18:58:09	BUSY 3
19:00:42	IDLE 3
19:00:48	BUSY 1
19:00:49	IDLE 1
19:01:01	BUSY 1
19:01:01	IDLE 1
19:01:14	BUSY 2
19:01:15	IDLE 2
19:01:20	BUSY 5 PAWN_l.FNC
19:01:21	IDLE 5 PAWN_l.FNC
19:01:21	BUSY 3
19:02:54	IDLE 3
19:03:00	BUSY 1
19:03:01	IDLE 1
19:03:23	BUSY 1
19:03:23	IDLE 1
19:03:36	BUSY 2
19:03:37	IDLE 2
19:03:42	BUSY 5 QUEEN_l.FNC
19:03:44	IDLE 5 QUEEN_l.FNC
19:03:44	BUSY 3
19:06:04	IDLE 3
19:06:11	BUSY 1
19:06:12	IDLE 1
19:06:24	BUSY 1
19:06:24	IDLE 1
19:06:37	BUSY 2
19:06:38	IDLE 2
19:06:43	BUSY 5 PAWN_l.FNC
19:06:44	IDLE 5 PAWN_l.FNC
19:06:44	BUSY 3
19:08:18	IDLE 3
19:08:24	BUSY 1
19:08:26	IDLE 1
19:08:48	BUSY 1
19:08:48	IDLE 1
19:09:02	BUSY 2
19:09:03	IDLE 2
19:09:08	BUSY 5 BISHOP_l.FNC
19:09:10	IDLE 5 BISHOP_l.FNC
19:09:10	BUSY 3
19:50:59	IDLE 3
19:51:14	BUSY 1
20:05:2005
20:15:35	BUSY 1
20:15:36	IDLE 1
20:15:38	BUSY 2
20:15:39	IDLE 2
20:15:45	BUSY 5 C:\CIM\CELL1\TEST_L.FNC
20:15:45	IDLE 5 C:\CIM\CELL1\TEST_L.FNC
20:15:47	BUSY 3
20:15:54	IDLE 3
20:16:17	BUSY 1
20:16:19	IDLE 1
20:16:32	BUSY 2
20:16:33	IDLE 2
20:16:38	BUSY 5 TEST_l.FNC
20:16:38	IDLE 5 TEST_l.FNC
20:16:39	BUSY 3
20:16:48	IDLE 3
20:16:54	BUSY 1
20:16:55	IDLE 1
20:17:07	BUSY 1
20:17:07	IDLE 1
20:17:20	BUSY 2
20:17:21	IDLE 2
20:17:26	BUSY 5 TEST_l.FNC
20:17:26	IDLE 5 TEST_l.FNC
20:17:27	BUSY 3
20:17:36	06:06:2005
10:45:38	BUSY 5 C:\CIM\CELL1\KING_L.FNC
10:46:15	ERROR RS232 Download aborted
10:46:19	IDLE
10:46:28	BUSY 5 C:\CIM\CELL1\TEST_L.FNC
10:47:01	ERROR RS232 Download aborted
10:47:16	IDLE
10:47:21	BUSY 1
10:47:35	IDLE
10:48:36	BUSY 5 C:\CIM\CELL1\TEST_L.FNC
10:48:45	ERROR RS232 Download aborted
10:48:56	IDLE
10:49:09	BUSY 1
10:49:13	IDLE
10:52:30	BUSY 5 C:\CIM\CELL1\KING_L.FNC
10:52:48	ERROR RS232 Download aborted
10:53:33	IDLE
10:53:40	BUSY 5 C:\CIM\CELL1\KNIGHT_L.FNC
10:53:41	IDLE 5 C:\CIM\CELL1\KNIGHT_L.FNC
06:06:2005
11:53:12	BUSY 5 C:\CIM\CELL1\KING_L.FNC
11:53:13	IDLE 5 C:\CIM\CELL1\KING_L.FNC
07:06:2005
11:49:57	BUSY 5 C:\CIM\CELL1\QUEEN_L.FNC
11:49:58	IDLE 5 C:\CIM\CELL1\QUEEN_L.FNC
10:14:09	BUSY 5 C:\CIM\CELL1\KING_L.FNC
10:29:36	ERROR RS232 Download aborted
10:29:40	IDLE
10:30:03	BUSY 5 C:\CIM\CELL1\PAWN_L.FNC
10:30:24	ERROR RS232 Download aborted
10:30:44	IDLE
10:30:51	BUSY 1
10:31:00	IDLE
10:31:11	BUSY 5 C:\CIM\CELL1\PAWN_L.FNC
10:31:27	ERROR RS232 Download aborted
10:31:34	IDLE
10:31:44	BUSY 5 C:\CIM\CELL1\KING_L.FNC
10:31:58	ERROR RS232 Download aborted
10:32:05	IDLE
10:34:00	BUSY 5 C:\CIM\CELL1\PAWN_L.FNC
10:34:08	ERROR RS232 Download aborted
10:34:28	IDLE
10:35:08	BUSY 5 C:\CIM\CELL1\PAWN_L.FNC
10:35:34	IDLE 5 C:\CIM\CELL1\PAWN_L.FNC
08:06:2005
10:39:30	BUSY 5 C:\CIM\CELL1\PAWN_L.FNC
10:39:47	ERROR RS232 Download aborted
10:39:52	IDLE
10:40:27	BUSY 5 C:\CIM\CELL1\PAWN_L.FNC
10:41:24	ERROR RS232 Download aborted
10:41:32	IDLE
10:41:39	BUSY 5 C:\CIM\CELL1\KING_L.FNC
10:45:55	IDLE 5 C:\CIM\CELL1\KING_L.FNC
10:46:21	BUSY 5 C:\CIM\CELL1\PAWN_L.FNC
10:46:22	IDLE 5 C:\CIM\CELL1\PAWN_L.FNC
11:13:41	BUSY 5 C:\CIM\CELL1\TEST_L.FNC
11:13:41	IDLE 5 C:\CIM\CELL1\TEST_L.FNC
11:13:54	BUSY 1
11:13:55	IDLE 1
11:13:57	BUSY 2
11:13:58	IDLE 2
11:14:22	BUSY 3
11:14:30	IDLE 3
09:06:2005
 9:51:49	BUSY 5 C:\CIM\CELL1\QUEEN_L.FNC
 9:52:48	ERROR RS232 Download aborted
 9:53:09	IDLE
 9:53:22	BUSY 5 C:\CIM\CELL1\QUEEN_L.FNC
 9:53:51	ERROR RS232 Download aborted
 9:54:01	IDLE
 9:56:09	BUSY 5 C:\CIM\CELL1\QUEEN_L.FNC
 9:56:11	IDLE 5 C:\CIM\CELL1\QUEEN_L.FNC
10:01:24	BUSY 5 C:\CIM\CELL1\QUEEN_L.FNC
10:01:25	IDLE 5 C:\CIM\CELL1\QUEEN_L.FNC
10:26:09	BUSY 5 C:\CIM\CELL1\PAWN_L.FNC
10:26:09	IDLE 5 C:\CIM\CELL1\PAWN_L.FNC
10:53:04	BUSY 5 C:\CIM\CELL1\ROOK_L.FNC
10:53:05	IDLE 5 C:\CIM\CELL1\RO09:06:2005
14:45:10	BUSY 5 C:\CIM\CELL1\KNIGHT_L.FNC
14:45:11	IDLE 5 C:\CIM\CELL1\KNIGHT_L.FNC
14:45:58	BUSY 5 C:\CIM\CELL1\STANDA~1\KNIGHT~1.FNC
14:45:59	IDLE 5 C:\CIM\CELL1\STANDA~1\KNIGHT~1.FNC
15:30:26	BUSY 5 C:\CIM\CELL1\STANDA~1\KNIGHT~1.FNC
15:34:52	IDLE 5 C:\CIM\CELL1\STANDA~1\KNIGHT~1.FNC
15:35:36	BUSY 5 C:\CIM\CELL2\STANDA~1\KNIGHT~1.FNC
15:35:37	IDLE 5 C:\CIM\CELL2\STANDA~1\KNIGHT~1.FNC
15:37:00	BUSY 5 C:\CIM\CELL2\STANDA~1\KNIGHT~1.FNC
15:37:02	IDLE 5 C:\CIM\CELL2\STANDA~1\KNIGHT~1.FNC
15:37:49	BUSY 5 C:\CIM\CELL1\STANDA~1\KNIGHT~1.FNC
15:37:50	IDLE 5 C:\CIM\CELL1\STANDA~1\KNIGHT~1.FNC
15:39:13	BUSY 5 C:\CIM\CELL1\STANDA~1\KNIGHT~1.FNC
15:39:15	IDLE 5 C:\CIM\CELL1\STANDA~1\KNIGHT~1.FNC
15:44:57	BUSY 5 C:\CIM\CELL1\STANDA~1\KNIGHT~1.FNC
15:44:58	IDLE 5 C:\CIM\CELL1\STANDA~1\KNIGHT~1.FNC
10:06:2005
10:54:46	BUSY 5 C:\CIM\CELL1\STANDA~1\KING_S~1.FNC
10:54:48	IDLE 5 C:\CIM\CELL1\STANDA~1\KING_S~1.FNC
11:08:14	BUSY 5 C:\CIM\CELL1\STANDA~1\QUEEN_~1.FNC
11:08:15	IDLE 5 C:\CIM\CELL1\STANDA~1\QUEEN_~1.FNC
13:45:10	BUSY 5 C:\CIM\CELL1\NEWPRO~1\TEST.FNC
13:45:11	IDLE 5 C:\CIM\CELL1\NEWPRO~1\TEST.FNC
13:46:18	BUSY 5 C:\CIM\CELL1\NEWPRO~1\TEST.FNC
13:47:10	ERROR RS232 Download aborted
13:47:12	IDLE
13:47:15	BUSY 5 C:\CIM\CELL1\NEWPRO~1\TEST.FNC
13:47:19	ERROR RS232 Download aborted
13:47:20	IDLE
13:47:44	BUSY 5 C:\CIM\CELL1\NEWPRO~1\TEST.FNC
13:47:44	IDLE 5 C:\CIM\CELL1\NEWPRO~1\TEST.FNC
14:07:33	BUSY 5 C:\CIM\CELL1\NEWPRO~1\TEST2.FNC
14:07:34	IDLE 5 C:\CIM\CELL1\NEWPRO~1\TEST2.FNC
28:06:2005
11:30:49	BUSY 1
11:30:50	IDLE 1
11:30:52	BUSY 2
11:30:53	IDLE 2
11:30:56	BUSY 5 C:\CIM\CELL1\TEST_L.FNC
11:30:57	IDLE 5 C:\CIM\CELL1\TEST_L.FNC
11:31:00	BUSY 3
11:31:07	IDLE 3
11:31:46	BUSY 5 C:\CIM\CELL1\TEST_L.FNC
11:31:46	IDLE 5 C:\CIM\CELL1\TEST_L.FNC
11:31:49	BUSY 3
11:31:59	IDLE 3
11:41:03	BUSY 1
11:41:08	IDLE
11:41:15	BUSY 5 C:\CIM\CELL1\TEST_L.FNC
11:41:18	ERROR RS232 Download aborted
11:41:20	IDLE
14:38:36	BUSY 2
14:38:37	IDLE 2
14:38:49	BUSY 5 C:\CIM\CELL1\ROOK_L.FNC
14:38:50	IDLE 5 C:\CIM\CELL1\ROOK_L.FNC
14:38:55	BUSY 3
14:41:23	IDLE 3
14:42:26	BUSY
14:42:58	IDLE
14:43:10	BUSY
14:43:10	IDLE
14:54:43	BUSY 5 C:\CIM\CELL1\ROOK_L.FNC
14:55:26	IDLE
15:10:02	BUSY
15:10:04	IDLE
15:10:07	BUSY
15:10:32	IDLE
15:11:27	BUSY
15:11:50	IDLE
15:12:28	BUSY
15:12:28	IDLE
15:12:50	BUSY
15:13:07	IDLE
15:13:42	BUSY
15:13:51	IDLE
15:16:17	BUSY
15:16:25	IDLE
15:16:51	BUSY 5 C:\CIM\CELL1\ROOK_L.FNC
15:16:52	IDLE 5 C:\CIM\CELL1\ROOK_L.FNC
15:16:56	BUSY 3
15:19:02	IDLE 3
15:19:40	BUSY 5 C:\CIM\CELL1\ROOK_L.FNC
15:19:41	IDLE 5 C:\CIM\CELL1\ROOK_L.FNC
15:19:42	BUSY 3
15:33:50	IDLE
15:37:36	BUSY
15:39:54	IDLE
15:54:13	BUSY 1
15:54:19	IDLE
15:54:22	BUSY 2
15:54:22	IDLE 2
15:54:28	BUSY 1
15:54:34	IDLE
15:54:41	BUSY 2
15:54:41	IDLE 2
15:54:49	BUSY 5 C:\CIM\CELL1\TEST_L.FNC
15:54:49	IDLE 5 C:\CIM\CELL1\TEST_L.FNC
15:54:51	BUSY 3
15:55:01	IDLE 3
15:55:07	BUSY 5 C:\CIM\CELL1\TEST_L.FNC
15:55:07	IDLE 5 C:\CIM\CELL1\TEST_L.FNC
15:55:09	BUSY 3
15:55:18	IDLE 3
15:55:25	BUSY 1
15:55:30	IDLE
15:55:32	BUSY 2
15:55:32	IDLE 2
16:00:11	BUSY 1
16:00:12	IDLE 1
16:00:16	BUSY 2
16:00:17	IDLE 2
16:00:21	BUSY 5 C:\CIM\CELL1\TEST_L.FNC
16:00:21	IDLE 5 C:\CIM\CELL1\TEST_L.FNC
16:00:24	BUSY 3
16:00:34	IDLE 3
16:15:17	BUSY 1
16:15:18	IDLE 1
16:15:21	BUSY 2
16:15:22	IDLE 2
16:15:27	BUSY 5 C:\CIM\CELL1\TEST_L.FNC
16:15:27	IDLE 5 C:\CIM\CELL1\TEST_L.FNC
16:15:30	BUSY 3
16:15:40	IDLE 3
16:15:56	BUSY 1
16:15:57	IDLE 1
16:19:29	BUSY 2
16:19:30	IDLE 2
16:19:32	BUSY 1
16:19:33	IDLE 1
16:19:34	BUSY 2
16:19:35	IDLE 2
16:19:38	ERROR Could not obtain interlock 1
16:19:40	IDLE
16:20:01	BUSY 5 C:\CIM\CELL1\TEST_L.FNC
16:20:01	IDLE 5 C:\CIM\CELL1\TEST_L.FNC
16:20:03	BUSY 3
16:20:11	IDLE 3
16:20:22	BUSY 1
16:20:22	IDLE 1
16:20:35	BUSY 2
16:20:36	IDLE 2
16:20:42	BUSY 5 TEST_l.FNC
16:20:42	IDLE 5 TEST_l.FNC
16:20:42	BUSY 3
16:20:51	IDLE 3
16:20:58	BUSY 1
16:20:59	IDLE 1
16:21:11	BUSY 1
16:21:11	IDLE 1
16:21:24	BUSY 2
16:21:25	IDLE 2
16:21:30	BUSY 5 TEST_l.FNC
16:21:30	IDLE 5 TEST_l.FNC
16:21:31	BUSY 3
16:21:40	IDLE 3
16:21:46	BUSY 1
16:21:48	IDLE 1
17:42:14	BUSY 129:06:2005
10:12:44	BUSY 1
10:12:45	IDLE 1
10:12:48	BUSY 2
10:12:49	IDLE 2
10:12:52	BUSY 5 C:\CIM\CELL1\TEST_L.FNC
10:12:52	IDLE 5 C:\CIM\CELL1\TEST_L.FNC
10:12:55	BUSY 3
10:13:03	IDLE 3
10:13:56	BUSY 1
10:13:57	IDLE 1
10:14:10	BUSY 2
10:14:11	IDLE 2
10:14:16	BUSY 5 TEST_l.FNC
10:14:17	IDLE 5 TEST_l.FNC
10:14:17	BUSY 3
10:14:26	IDLE 3
10:14:33	BUSY 1
10:14:34	IDLE 1
10:14:46	BUSY 1
10:14:46	IDLE 1
10:14:59	BUSY 2
10:14:59	IDLE 2
10:15:05	BUSY 5 TEST_l.FNC
10:15:05	IDLE 5 TEST_l.FNC
10:15:05	BUSY 3
10:15:14	IDLE 3
10:15:21	BUSY 1
10:15:22	IDLE 1
10:16:52	BUSY 1
10:16:52	IDLE 1
10:17:05	BUSY 2
10:17:07	IDLE 2
10:17:12	BUSY 5 TEST_l.FNC
10:17:12	IDLE 5 TEST_l.FNC
10:17:13	BUSY 3
10:17:22	IDLE 3
10:17:28	BUSY 1
10:17:29	IDLE 1
10:17:41	BUSY 1
10:17:41	IDLE 1
10:17:54	BUSY 2
10:17:55	IDLE 2
10:18:01	BUSY 5 TEST_l.FNC
10:18:01	IDLE 5 TEST_l.FNC
10:18:01	BUSY 3
10:18:11	IDLE 3
10:18:17	BUSY 1
10:18:19	IDLE 1
11:05:23	BUSY 1
11:05:23	IDLE 1
11:05:36	BUSY 2
11:05:37	IDLE 2
11:05:43	BUSY 5 ROOK_l.FNC
11:05:44	IDLE 5 ROOK_l.FNC
11:05:44	BUSY 3
11:08:16	IDLE
11:10:02	BUSY 1
11:10:03	IDLE 1
11:10:41	BUSY 1
11:10:41	IDLE 1
11:14:12	BUSY 1
11:14:12	IDLE 1
11:14:25	BUSY 2
11:14:26	IDLE 2
11:14:31	BUSY 5 ROOK_l.FNC
11:14:32	IDLE 5 ROOK_l.FNC
11:14:33	BUSY 3
11:29:26	IDLE
11:29:52	BUSY 1
11:29:53	IDLE 1
11:31:51	BUSY 1
11:31:51	IDLE 1
11:32:04	BUSY 2
11:32:05	IDLE 2
11:32:10	BUSY 5 ROOK_l.FNC
11:32:11	IDLE 5 ROOK_l.FNC
11:32:12	BUSY 3
11:43:11	IDLE 3
11:44:53	BUSY 1
11:44:54	IDLE 1
11:44:55	BUSY 2
11:44:56	IDLE 2
11:45:05	BUSY 5 C:\CIM\CELL1\TEST_L.FNC
11:45:05	IDLE 5 C:\CIM\CELL1\TEST_L.FNC
11:45:08	BUSY 3
11:45:19	IDLE 3
11:45:44	BUSY 1
11:45:44	IDLE 1
11:45:58	BUSY 2
11:45:58	IDLE 2
11:46:04	BUSY 5 ROOK_l.FNC
11:46:05	IDLE 5 ROOK_l.FNC
11:46:05	BUSY 3
11:48:47	IDLE 3
11:49:08	BUSY 1
11:49:09	IDLE 1
11:49:22	BUSY 2
11:49:23	IDLE 2
11:49:29	BUSY 5 ROOK_l.FNC
11:49:30	IDLE 5 ROOK_l.FNC
11:49:30	BUSY 3
11:51:46	IDLE 3
11:51:52	BUSY 1
11:51:53	IDLE 1
11:52:05	BUSY 1
11:52:05	IDLE 1
11:52:18	BUSY 2
11:52:19	IDLE 2
11:52:25	BUSY 5 PAW30:06:2005
 9:08:53	BUSY 1
 9:08:54	IDLE 1
 9:08:56	BUSY 2
 9:08:56	IDLE 2
 9:09:02	BUSY 5 C:\CIM\CELL1\TEST_L.FNC
 9:09:02	IDLE 5 C:\CIM\CELL1\TEST_L.FNC
 9:09:05	BUSY 3
 9:09:15	IDLE 3
 9:09:33	BUSY 1
 9:09:34	IDLE 1
 9:09:47	BUSY 2
 9:09:48	IDLE 2
 9:09:54	BUSY 5 TEST_l.FNC
 9:09:54	IDLE 5 TEST_l.FNC
 9:09:55	BUSY 3
 9:10:04	IDLE 3
 9:10:11	BUSY 1
 9:10:11	IDLE 1
 9:10:24	BUSY 1
 9:10:24	IDLE 1
 9:10:37	BUSY 2
 9:10:38	IDLE 2
 9:10:43	BUSY 5 TEST_l.FNC
 9:10:43	IDLE 5 TEST_l.FNC
 9:10:43	BUSY 3
 9:10:53	IDLE 3
 9:10:59	BUSY 1
 9:11:00	IDLE 1
 9:11:46	BUSY 1
 9:11:46	IDLE 1
 9:11:59	BUSY 2
 9:12:00	IDLE 2
 9:12:06	BUSY 5 TEST_l.FNC
 9:12:06	IDLE 5 TEST_l.FNC
 9:12:06	BUSY 3
 9:12:16	IDLE 3
 9:12:22	BUSY 1
 9:12:23	IDLE 1
 9:12:35	BUSY 1
 9:12:35	IDLE 1
 9:12:48	BUSY 2
 9:12:49	IDLE 2
 9:12:54	BUSY 5 TEST_l.FNC
 9:12:54	IDLE 5 TEST_l.FNC
 9:12:54	BUSY 3
 9:13:04	IDLE 3
 9:13:10	BUSY 1
 9:13:11	IDLE 1
14:09:01	BUSY 1
14:09:01	IDLE 1
14:09:15	BUSY 2
14:09:16	IDLE 2
14:09:21	BUSY 5 TEST_l.FNC
14:09:21	IDLE 5 TEST_l.FNC
14:09:22	BUSY 3
14:09:31	IDLE 3
14:09:37	BUSY 1
14:09:38	IDLE 1
14:09:50	BUSY 1
14:09:50	IDLE 1
14:10:03	BUSY 2
14:10:04	IDLE 2
14:10:09	BUSY 5 TEST_l.FNC
14:10:09	IDLE 5 TEST_l.FNC
14:10:10	BUSY 3
14:10:19	IDLE 3
14:10:26	BUSY 1
14:10:27	IDLE 1
14:25:13	BUSY 1
14:25:13	IDLE 1
14:25:26	BUSY 2
14:25:27	IDLE 2
14:25:33	BUSY 5 TEST_l.FNC
14:25:33	IDLE 5 TEST_l.FNC
14:25:33	BUSY 3
14:25:43	IDLE 3
14:25:50	BUSY 1
14:25:50	IDLE 1
14:26:02	BUSY 1
14:26:02	IDLE 1
14:26:15	BUSY 2
14:26:16	IDLE 2
14:26:21	BUSY 5 TEST_l.FNC
14:26:21	IDLE 5 TEST_l.FNC
14:26:22	BUSY 3
14:26:31	IDLE 3
14:26:37	BUSY 1
14:26:39	IDLE 1
16:13:17	BUSY 1
16:13:17	IDLE 1
16:13:30	BUSY 2
16:13:32	IDLE 2
16:13:37	BUSY 5 TEST_l.FNC
16:13:37	IDLE 5 TEST_l.FNC
16:13:38	BUSY 3
16:13:47	IDLE 3
16:13:53	BUSY 1
16:13:54	IDLE 1
16:14:06	BUSY 1
16:14:06	IDLE 1
16:14:20	BUSY 2
16:14:20	IDLE 2
16:14:26	BUSY 5 TEST_l.FNC
16:14:26	IDLE 5 TEST_l.FNC
16:14:26	BUSY 3
16:14:36	IDLE 3
16:14:42	BUSY 1
16:14:43	IDLE 1
16:15:21	BUSY 1
16:15:21	IDLE 1
16:15:34	BUSY 2
16:15:35	IDLE 2
16:15:41	BUSY 5 TEST_l.FNC
16:15:41	IDLE 5 TEST_l.FNC
16:15:42	BUSY 3
16:15:51	IDLE 3
16:15:58	BUSY 1
16:15:58	IDLE 1
16:16:10	BUSY 1
16:16:10	IDLE 1
16:16:23	BUSY 2
16:16:24	IDLE 2
16:16:29	BUSY 5 TEST_l.FNC
16:16:30	IDLE 5 TEST_l.FNC
16:16:30	BUSY 3
16:16:39	IDLE 3
16:16:45	BUSY 1
16:16:47	IDLE 1
17:30:10	BUSY 1
17:30:10	IDLE 1
17:30:23	BUSY 2
17:30:24	IDLE 2
17:30:29	BUSY 5 TEST_l.FNC
17:30:30	IDLE 5 TEST_l.FNC
17:30:30	BUSY 3
17:30:39	IDLE 3
17:30:45	BUSY 1
17:30:47	IDLE 1
17:30:58	BUSY 1
17:30:58	IDLE 1
17:31:11	BUSY 2
17:31:12	IDLE 2
17:31:17	BUSY 5 TEST_l.FNC
17:31:18	IDLE 5 TEST_l.FNC
17:31:18	BUSY 3
17:31:27	IDLE 3
17:31:34	BUSY 1
17:31:35	IDLE 1
17:47:44	BUSY 1
17:47:44	IDLE 1
17:47:57	BUSY 2
17:47:58	IDLE 2
17:48:03	BUSY 5 TEST_l.FNC
17:48:03	IDLE 5 TEST_l.FNC
17:48:04	BUSY 3
17:48:13	IDLE 3
17:48:19	BUSY 1
17:48:20	IDLE 1
17:48:32	BUSY 1
17:48:32	IDLE 1
17:48:45	BUSY 2
17:48:46	IDLE 2
17:48:51	BUSY 5 TEST_l.FNC
17:48:51	IDLE 5 TEST_l.FNC
17:48:52	BUSY 3
17:49:01	IDLE 3
17:49:07	BUSY 1
17:49:08	IDLE 1
17:49:51	BUSY 1
17:49:51	IDLE 1
17:50:04	BUSY 2
17:50:05	IDLE 2
17:50:10	BUSY 5 TEST_l.FNC
17:50:10	IDLE 5 TEST_l.FNC
17:50:11	BUSY 3
17:50:20	IDLE 3
17:50:26	BUSY 1
17:50:28	IDLE 1
17:50:40	BUSY 1
17:50:40	IDLE 1
17:50:53	BUSY 2
17:50:54	IDLE 2
17:50:59	BUSY 5 TEST_l.FNC
17:50:59	IDLE 5 TEST_l.FNC
17:51:00	BUSY 3
17:51:09	IDLE 3
17:51:15	BUSY 1
17:51:16	IDLE 1
17:52:38	BUSY 1
17:52:38	IDLE 1
17:52:51	BUSY 2
17:52:52	IDLE 2
17:52:57	BUSY 5 TEST_l.FNC
17:52:57	IDLE 5 TEST_l.FNC
17:52:58	BUSY 3
17:53:07	IDLE 3
17:53:13	BUSY 1
17:53:15	IDLE 1
17:53:27	BUSY 1
17:53:27	IDLE 1
17:53:40	BUSY 2
17:53:41	IDLE 2
17:53:46	BUSY 5 TEST_l.FNC
17:53:46	IDLE 5 TEST_l.FNC
17:53:47	BUSY 3
17:53:57	IDLE 3
17:54:03	BUSY 1
17:54:05	IDLE 1
18:00:41	BUSY 1
18:00:41	IDLE 1
18:00:55	BUSY 2
18:00:55	IDLE 2
18:01:01	BUSY 5 TEST_l.FNC
18:01:01	IDLE 5 TEST_l.FNC
18:01:01	BUSY 3
18:01:10	IDLE 3
18:01:17	BUSY 1
18:01:18	IDLE 1
18:01:30	BUSY 1
18:01:30	IDLE 1
18:01:43	BUSY 2
18:01:45	IDLE 2
18:01:50	BUSY 5 TEST_l.FNC
18:01:50	IDLE 5 TEST_l.FNC
18:01:50	BUSY 3
18:02:00	IDLE 3
18:02:06	BUSY 1
18:02:07	IDLE 1
01:07:2005
 8:52:55	BUSY 5 C:\CIM\CELL1\TEST_L.FNC
 8:52:55	IDLE 5 C:\CIM\CELL1\TEST_L.FNC
 8:53:00	BUSY 3
 8:53:07	IDLE 3
 8:55:22	BUSY 1
 8:55:23	IDLE 1
 8:55:36	BUSY 2
 8:55:37	IDLE 2
 8:55:42	BUSY 5 TEST_l.FNC
 8:55:42	IDLE 5 TEST_l.FNC
 8:55:43	BUSY 3
 8:55:52	IDLE 3
 8:55:58	BUSY 1
 8:55:59	IDLE 1
 8:56:11	BUSY 1
 8:56:11	IDLE 1
 8:56:24	BUSY 2
 8:56:25	IDLE 2
 8:56:30	BUSY 5 TEST_l.FNC
 8:56:30	IDLE 5 TEST_l.FNC
 8:56:31	BUSY 3
 8:56:40	IDLE 3
 8:56:46	BUSY 1
 8:56:47	IDLE 1
 9:15:29	BUSY 1
 9:15:29	IDLE 1
 9:15:42	BUSY 2
 9:15:43	IDLE 2
 9:15:48	BUSY 5 KING_l.FNC
 9:15:50	IDLE 5 KING_l.FNC
 9:15:50	BUSY 3
 9:19:06	IDLE 3
 9:19:13	BUSY 1
 9:19:14	IDLE 1
 9:19:26	BUSY 1
 9:19:26	IDLE 1
 9:19:39	BUSY 2
 9:19:40	IDLE 2
 9:19:45	BUSY 5 PAWN_l.FNC
 9:19:46	IDLE 5 PAWN_l.FNC
 9:19:47	BUSY 3
 9:21:37	IDLE 3
 9:21:43	BUSY 1
 9:21:44	IDLE 1
 9:22:06	BUSY 1
 9:22:06	IDLE 1
 9:22:18	BUSY 2
 9:22:20	IDLE 2
 9:22:25	BUSY 5 QUEEN_l.FNC
 9:22:26	IDLE 5 QUEEN_l.FNC
 9:22:27	BUSY 3
 9:24:40	IDLE 3
 9:24:46	BUSY 1
 9:24:47	IDLE 1
 9:24:59	BUSY 1
 9:24:59	IDLE 1
 9:25:12	BUSY 2
 9:25:13	IDLE 2
 9:25:19	BUSY 5 PAWN_l.FNC
 9:25:19	IDLE 5 PAWN_l.FNC
 9:25:20	BUSY 3
 9:26:37	IDLE 3
 9:26:43	BUSY 1
 9:26:44	IDLE 1
 9:27:05	BUSY 1
 9:27:05	IDLE 1
 9:27:17	BUSY 2
 9:27:18	IDLE 2
 9:27:23	BUSY 5 BISHOP_l.FNC
 9:27:25	IDLE 5 BISHOP_l.FNC
 9:27:25	BUSY 3
 9:29:21	IDLE 3
 9:29:27	BUSY 1
 9:29:28	IDLE 1
 9:29:40	BUSY 1
 9:29:40	IDLE 1
 9:29:53	BUSY 2
 9:29:54	IDLE 2
 9:29:59	BUSY 5 PAWN_l.FNC
 9:30:00	IDLE 5 PAWN_l.FNC
 9:30:00	BUSY 3
 9:31:16	IDLE 3
 9:31:22	BUSY 1
 9:31:23	IDLE 1
 9:31:43	BUSY 1
 9:31:43	IDLE 1
 9:31:56	BUSY 2
 9:31:57	IDLE 2
 9:32:02	BUSY 5 KNIGHT_l.FNC
 9:32:03	IDLE 5 KNIGHT_l.FNC
 9:32:04	BUSY 3
 9:33:48	IDLE 3
 9:33:54	BUSY 1
 9:33:55	IDLE 1
 9:34:07	BUSY 1
 9:34:07	IDLE 1
 9:34:20	BUSY 2
 9:34:21	IDLE 2
 9:34:26	BUSY 5 PAWN_l.FNC
 9:34:27	IDLE 5 PAWN_l.FNC
 9:34:27	BUSY 3
 9:35:42	IDLE 3
 9:35:48	BUSY 1
 9:35:50	IDLE 1
10:07:25	BUSY 1
10:07:25	IDLE 1
10:07:38	BUSY 2
10:07:39	IDLE 2
10:07:44	BUSY 5 KING_l.FNC
10:07:45	IDLE 5 KING_l.FNC
10:07:46	BUSY 3
10:09:47	IDLE 3
10:09:53	BUSY 1
10:09:55	IDLE 1
10:10:06	BUSY 1
10:10:06	IDLE 1
10:10:19	BUSY 2
10:10:20	IDLE 2
10:10:26	BUSY 5 PAWN_l.FNC
10:10:26	IDLE 5 PAWN_l.FNC
10:10:27	BUSY 3
10:11:42	IDLE 3
10:11:49	BUSY 1
10:11:50	IDLE 1
10:19:29	BUSY 1
10:19:29	IDLE 1
10:19:42	BUSY 2
10:19:43	IDLE 2
10:19:48	BUSY 5 KING_l.FNC
10:19:49	IDLE 5 KING_l.FNC
10:19:50	BUSY 3
10:21:51	IDLE 3
10:21:57	BUSY 1
10:21:58	IDLE 1
10:22:10	BUSY 1
10:22:10	IDLE 1
10:22:23	BUSY 2
10:22:24	IDLE 2
10:22:29	BUSY 5 PAWN_l.FNC
10:22:30	IDLE 5 PAWN_l.FNC
10:22:30	BUSY 3
10:23:46	IDLE 3
10:23:52	BUSY 1
10:23:53	IDLE 1
10:24:15	BUSY 1
10:24:15	IDLE 1
10:24:27	BUSY 2
10:24:28	IDLE 2
10:24:34	BUSY 5 QUEEN_l.FNC
10:24:35	IDLE 5 QUEEN_l.FNC
10:24:35	BUSY 3
10:26:26	IDLE 3
10:26:32	BUSY 1
10:26:33	IDLE 1
10:26:45	BUSY 1
10:26:45	IDLE 1
10:26:58	BUSY 2
10:26:59	IDLE 2
10:27:04	BUSY 5 PAWN_l.FNC
10:27:05	IDLE 5 PAWN_l.FNC
10:27:05	BUSY 3
10:28:21	IDLE 3
10:28:27	BUSY 1
10:28:29	IDLE 1
10:28:50	BUSY 1
10:28:50	IDLE 1
10:29:03	BUSY 2
10:29:04	IDLE 2
10:29:09	BUSY 5 BISHOP_l.FNC
10:29:11	IDLE 5 BISHOP_l.FNC
10:29:11	BUSY 3
10:31:06	IDLE 3
10:31:13	BUSY 1
10:31:14	IDLE 1
10:31:26	BUSY 1
10:31:26	IDLE 1
10:31:39	BUSY 2
10:31:40	IDLE 2
10:31:45	BUSY 5 PAWN_l.FNC
10:31:46	IDLE 5 PAWN_l.FNC
10:31:46	BUSY 3
10:33:02	IDLE 3
10:33:08	BUSY 1
10:33:09	IDLE 1
10:55:48	BUSY 1
10:55:48	IDLE 1
10:56:01	BUSY 2
10:56:02	IDLE 2
10:56:07	BUSY 5 KING_l.FNC
10:56:09	IDLE 5 KING_l.FNC
10:56:09	BUSY 3
10:58:10	IDLE 3
10:58:17	BUSY 1
10:58:18	IDLE 1
10:58:30	BUSY 1
10:58:30	IDLE 1
10:58:43	BUSY 2
10:58:43	IDLE 2
10:58:49	BUSY 5 PAWN_l.FNC
10:58:49	IDLE 5 PAWN_l.FNC
10:58:50	BUSY 3
11:00:06	IDLE 3
11:00:12	BUSY 1
11:00:13	IDLE 1
11:00:34	BUSY 1
11:00:34	IDLE 1
11:00:47	BUSY 2
11:00:48	IDLE 2
11:00:53	BUSY 5 QUEEN_l.FNC
11:00:54	IDLE 5 QUEEN_l.FNC
11:00:55	BUSY 3
11:02:45	IDLE 3
11:02:51	BUSY 1
11:02:52	IDLE 1
11:03:04	BUSY 1
11:03:04	IDLE 1
11:03:17	BUSY 2
11:03:18	IDLE 2
11:03:24	BUSY 5 PAWN_l.FNC
11:03:24	IDLE 5 PAWN_l.FNC
11:03:25	BUSY 3
11:04:40	IDLE 3
11:04:47	BUSY 1
11:04:48	IDLE 1
11:05:09	BUSY 1
11:05:09	IDLE 1
11:05:22	BUSY 2
11:05:22	IDLE 2
11:05:28	BUSY 5 BISHOP_l.FNC
11:05:29	IDLE 5 BISHOP_l.FNC
11:05:30	BUSY 3
11:07:25	IDLE 3
11:07:31	BUSY 1
11:07:32	IDLE 1
11:07:44	BUSY 1
11:07:44	IDLE 1
11:07:57	BUSY 2
11:07:58	IDLE 2
11:08:03	BUSY 5 PAWN_l.FNC
11:08:04	IDLE 5 PAWN_l.FNC
11:08:04	BUSY 3
11:09:20	IDLE 3
11:09:26	BUSY 1
11:09:27	IDLE 1
11:09:50	BUSY 1
11:09:50	IDLE 1
11:10:03	BUSY 2
11:10:03	IDLE 2
11:10:09	BUSY 5 BISHOP_l.FNC
11:10:10	IDLE 5 BISHOP_l.FNC
11:10:11	BUSY 3
11:12:06	IDLE 3
11:12:12	BUSY 1
11:12:13	IDLE 1
11:12:25	BUSY 1
11:12:25	IDLE 1
11:12:38	BUSY 2
11:12:39	IDLE 2
11:12:45	BUSY 5 PAWN_l.FNC
11:12:46	IDLE 5 PAWN_l.FNC
11:12:46	BUSY 3
11:14:02	IDLE 3
11:14:08	BUSY 1
11:14:09	IDLE 1
11:17:49	BUSY 1
11:17:49	IDLE 1
11:18:02	BUSY 2
11:18:03	IDLE 2
11:18:08	BUSY 5 KNIGHT_l.FNC
11:18:09	IDLE 5 KNIGHT_l.FNC
11:18:10	BUSY 3
11:19:54	IDLE 3
11:20:00	BUSY 1
11:20:01	IDLE 1
11:20:13	BUSY 1
11:20:13	IDLE 1
11:20:26	BUSY 2
11:20:27	IDLE 2
11:20:33	BUSY 5 PAWN_l.FNC
11:20:34	IDLE 5 PAWN_l.FNC
11:20:34	BUSY 3
11:21:49	IDLE 3
11:21:55	BUSY 1
11:21:56	IDLE 1
12:00:01	BUSY 1
12:00:01	IDLE 1
12:00:14	BUSY 2
12:00:15	IDLE 2
12:00:20	BUSY 5 KING_l.FNC
12:00:22	IDLE 5 KING_l.FNC
12:00:22	BUSY 3
12:02:24	IDLE 3
12:02:30	BUSY 1
12:02:31	IDLE 1
12:02:43	BUSY 1
12:02:43	IDLE 1
12:02:56	BUSY 2
12:02:56	IDLE 2
12:03:02	BUSY 5 PAWN_l.FNC
12:03:02	IDLE 5 PAWN_l.FNC
12:03:03	BUSY 3
12:04:19	IDLE 3
12:04:25	BUSY 1
12:04:26	IDLE 1
12:04:47	BUSY 1
12:04:47	IDLE 1
12:05:00	BUSY 2
12:05:01	IDLE 2
12:05:06	BUSY 5 QUEEN_l.FNC
12:05:07	IDLE 5 QUEEN_l.FNC
12:05:08	BUSY 3
12:06:58	IDLE 3
12:07:05	BUSY 1
12:07:06	IDLE 1
12:07:18	BUSY 1
12:07:18	IDLE 1
12:07:31	BUSY 2
12:07:31	IDLE 2
12:07:37	BUSY 5 PAWN_l.FNC
12:07:37	IDLE 5 PAWN_l.FNC
12:07:38	BUSY 3
12:08:53	IDLE 3
12:09:00	BUSY 1
12:09:01	IDLE 1
12:09:22	BUSY 1
12:09:22	IDLE 1
12:09:35	BUSY 2
12:09:36	IDLE 2
12:09:41	BUSY 5 BISHOP_l.FNC
12:09:42	IDLE 5 BISHOP_l.FNC
12:09:43	BUSY 3
12:11:38	IDLE 3
12:11:44	BUSY 1
12:11:45	IDLE 1
12:11:57	BUSY 1
12:11:57	IDLE 1
12:12:11	BUSY 2
12:12:12	IDLE 2
12:12:17	BUSY 5 PAWN_l.FNC
12:12:18	IDLE 5 PAWN_l.FNC
12:12:19	BUSY 3
12:13:34	IDLE 3
12:13:41	BUSY 1
12:13:42	IDLE 1
12:14:02	BUSY 1
12:14:02	IDLE 1
12:14:14	BUSY 2
12:14:15	IDLE 2
12:14:21	BUSY 5 BISHOP_l.FNC
12:14:22	IDLE 5 BISHOP_l.FNC
12:14:22	BUSY 3
12:16:18	IDLE 3
12:16:24	BUSY 1
12:16:25	IDLE 1
12:16:37	BUSY 1
12:16:37	IDLE 1
12:16:50	BUSY 2
12:16:51	IDLE 2
12:16:56	BUSY 5 PAWN_l.FNC
12:16:57	IDLE 5 PAWN_l.FNC
12:16:57	BUSY 3
12:18:13	IDLE 3
12:18:19	BUSY 1
12:18:20	IDLE 1
12:18:41	BUSY 1
12:18:41	IDLE 1
12:18:54	BUSY 2
12:18:55	IDLE 2
12:19:00	BUSY 5 KNIGHT_l.FNC
12:19:01	IDLE 5 KNIGHT_l.FNC
12:19:02	BUSY 3
12:20:46	IDLE 3
12:20:53	BUSY 1
12:20:54	IDLE 1
12:21:06	BUSY 1
12:21:06	IDLE 1
12:21:19	BUSY 2
12:21:20	IDLE 2
12:21:25	BUSY 5 PAWN_l.FNC
12:21:26	IDLE 5 PAWN_l.FNC
12:21:27	BUSY 3
12:22:42	IDLE 3
12:22:48	BUSY 1
12:22:49	IDLE 1
12:23:09	BUSY 1
12:23:09	IDLE 1
12:23:22	BUSY 2
12:23:23	IDLE 2
12:23:28	BUSY 5 KNIGHT_l.FNC
12:23:30	IDLE 5 KNIGHT_l.FNC
12:23:31	BUSY 3
12:25:15	IDLE 3
12:25:21	BUSY 1
12:25:22	IDLE 1
12:25:34	BUSY 1
12:25:34	IDLE 1
12:25:47	BUSY 2
12:25:48	IDLE 2
12:25:59	BUSY 5 PAWN_l.FNC
12:26:00	IDLE 5 PAWN_l.FNC
12:26:00	BUSY 3
12:27:38	IDLE 3
12:27:45	BUSY 1
12:27:46	IDLE 1
12:28:06	BUSY 1
12:28:06	IDLE 1
12:28:19	BUSY 2
12:28:20	IDLE 2
12:28:25	BUSY 5 ROOK_l.FNC
12:28:26	IDLE 5 ROOK_l.FNC
12:28:27	BUSY 3
12:29:54	IDLE 3
12:30:00	BUSY 1
12:30:01	IDLE 1
12:30:13	BUSY 1
12:30:13	IDLE 1
12:30:26	BUSY 2
12:30:27	IDLE 2
12:30:32	BUSY 5 PAWN_l.FNC
12:30:33	IDLE 5 PAWN_l.FNC
12:30:33	BUSY 3
12:31:49	IDLE 3
12:31:55	BUSY 1
12:31:56	IDLE 1
12:32:17	BUSY 1
12:32:17	IDLE 1
12:32:30	BUSY 2
12:32:31	IDLE 2
12:32:36	BUSY 5 ROOK_l.FNC
12:32:37	IDLE 5 ROOK_l.FNC
12:32:38	BUSY 3
12:34:05	IDLE 3
12:34:11	BUSY 1
12:34:12	IDLE 1
12:34:24	BUSY 1
12:34:24	IDLE 1
12:34:37	BUSY 2
12:34:38	IDLE 2
12:34:43	BUSY 5 PAWN_l.FNC
12:34:44	IDLE 5 PAWN_l.FNC
12:34:44	BUSY 3
12:36:00	IDLE 3
12:36:06	BUSY 1
12:36:07	IDLE 1
12:58:04	BUSY 1
12:58:04	IDLE 1
12:58:17	BUSY 2
12:58:18	IDLE 2
12:58:24	BUSY 5 KING_l.FNC
12:58:25	IDLE 5 KING_l.FNC
12:58:25	BUSY 3
13:00:27	IDLE 3
13:00:33	BUSY 1
13:00:34	IDLE 1
13:00:46	BUSY 1
13:00:46	IDLE 1
13:00:59	BUSY 2
13:01:00	IDLE 2
13:01:06	BUSY 5 PAWN_l.FNC
13:01:06	IDLE 5 PAWN_l.FNC
13:01:07	BUSY 3
13:02:23	IDLE 3
13:02:29	BUSY 1
13:02:30	IDLE 1
13:02:52	BUSY 1
13:02:52	IDLE 1
13:03:05	BUSY 2
13:03:06	IDLE 2
13:03:11	BUSY 5 QUEEN_l.FNC
13:03:12	IDLE 5 QUEEN_l.FNC
13:03:13	BUSY 3
13:05:03	IDLE 3
13:05:10	BUSY 1
13:05:11	IDLE 1
13:05:23	BUSY 1
13:05:23	IDLE 1
13:05:36	BUSY 2
13:05:36	IDLE 2
13:05:42	BUSY 5 PAWN_l.FNC
13:05:42	IDLE 5 PAWN_l.FNC
13:05:43	BUSY 3
13:06:59	IDLE 3
13:07:05	BUSY 1
13:07:06	IDLE 1
13:07:27	BUSY 1
13:07:27	IDLE 1
13:07:40	BUSY 2
13:07:41	IDLE 2
13:07:46	BUSY 5 BISHOP_l.FNC
13:07:47	IDLE 5 BISHOP_l.FNC
13:07:48	BUSY 3
13:09:43	IDLE 3
13:09:49	BUSY 1
13:09:50	IDLE 1
13:10:02	BUSY 1
13:10:02	IDLE 1
13:10:16	BUSY 2
13:10:17	IDLE 2
13:10:22	BUSY 5 PAWN_l.FNC
13:10:23	IDLE 5 PAWN_l.FNC
13:10:23	BUSY 3
13:11:39	IDLE 3
13:11:45	BUSY 1
13:11:46	IDLE 1
13:12:06	BUSY 1
13:12:06	IDLE 1
13:12:19	BUSY 2
13:12:20	IDLE 2
13:12:25	BUSY 5 BISHOP_l.FNC
13:12:26	IDLE 5 BISHOP_l.FNC
13:12:27	BUSY 3
13:14:22	IDLE 3
13:14:28	BUSY 1
13:14:30	IDLE 1
13:14:42	BUSY 1
13:14:42	IDLE 1
13:14:55	BUSY 2
13:14:56	IDLE 2
13:15:01	BUSY 5 PAWN_l.FNC
13:15:02	IDLE 5 PAWN_l.FNC
13:15:02	BUSY 3
13:16:18	IDLE 3
13:16:24	BUSY 1
13:16:25	IDLE 1
13:16:46	BUSY 1
13:16:46	IDLE 1
13:16:59	BUSY 2
13:17:00	IDLE 2
13:17:05	BUSY 5 KNIGHT_l.FNC
13:17:07	IDLE 5 KNIGHT_l.FNC
13:17:07	BUSY 3
13:18:51	IDLE 3
13:18:57	BUSY 1
13:18:58	IDLE 1
13:19:10	BUSY 1
13:19:10	IDLE 1
13:19:23	BUSY 2
13:19:24	IDLE 2
13:19:29	BUSY 5 PAWN_l.FNC
13:19:30	IDLE 5 PAWN_l.FNC
13:19:30	BUSY 3
13:20:46	IDLE 3
13:20:52	BUSY 1
13:20:53	IDLE 1
13:21:13	BUSY 1
13:21:13	IDLE 1
13:21:26	BUSY 2
13:21:27	IDLE 2
13:21:32	BUSY 5 KNIGHT_l.FNC
13:21:34	IDLE 5 KNIGHT_l.FNC
13:21:34	BUSY 3
13:23:18	IDLE 3
13:23:24	BUSY 1
13:23:25	IDLE 1
13:23:37	BUSY 1
13:23:37	IDLE 1
13:23:50	BUSY 2
13:23:51	IDLE 2
13:23:57	BUSY 5 PAWN_l.FNC
13:23:58	IDLE 5 PAWN_l.FNC
13:23:58	BUSY 3
13:25:14	IDLE 3
13:25:20	BUSY 1
13:25:21	IDLE 1
13:25:41	BUSY 1
13:25:41	IDLE 1
13:25:54	BUSY 2
13:25:55	IDLE 2
13:26:00	BUSY 5 ROOK_l.FNC
13:26:02	IDLE 5 ROOK_l.FNC
13:26:02	BUSY 3
13:27:29	IDLE 3
13:27:35	BUSY 1
13:27:36	IDLE 1
13:27:48	BUSY 1
13:27:48	IDLE 1
13:28:01	BUSY 2
13:28:03	IDLE 2
13:28:08	BUSY 5 PAWN_l.FNC
13:28:09	IDLE 5 PAWN_l.FNC
13:28:10	BUSY 3
13:29:25	IDLE 3
13:29:31	BUSY 1
13:29:32	IDLE 1
13:29:52	BUSY 1
13:29:52	IDLE 1
13:30:05	BUSY 2
13:30:06	IDLE 2
13:30:11	BUSY 5 ROOK_l.FNC
13:30:12	IDLE 5 ROOK_l.FNC
13:30:12	BUSY 3
13:31:39	IDLE 3
13:31:46	BUSY 1
13:31:47	IDLE 1
13:31:59	BUSY 1
13:31:59	IDLE 1
13:32:12	BUSY 2
13:32:13	IDLE 2
13:32:18	BUSY 5 PAWN_l.FNC
13:32:19	IDLE 5 PAWN_l.FNC
13:32:19	BUSY 3
13:33:35	IDLE 3
13:33:41	BUSY 1
13:33:42	IDLE 1
16:45:26	BUSY 1
16:45:26	IDLE 1
16:45:39	BUSY 2
16:45:40	IDLE 2
16:45:45	BUSY 5 TEST_l.FNC
16:45:45	IDLE 5 TEST_l.FNC
16:45:46	BUSY 3
16:45:55	IDLE 3
16:46:01	BUSY 1
16:46:02	IDLE 1
16:46:14	BUSY 1
16:46:14	IDLE 1
16:46:33	BUSY 2
16:46:34	IDLE 2
16:46:39	BUSY 5 TEST_l.FNC
16:46:39	IDLE 5 TEST_l.FNC
16:46:39	BUSY 3
16:47:06	IDLE 3
16:47:14	BUSY 1
16:47:15	IDLE 1
01:07:2005
17:17:37	BUSY 1
17:17:38	IDLE 1
17:17:51	BUSY 2
17:17:52	IDLE 2
17:17:58	BUSY 5 TEST_l.FNC
17:17:58	IDLE 5 TEST_l.FNC
17:17:58	BUSY 3
17:18:07	IDLE 3
17:18:14	BUSY 1
17:18:15	IDLE 1
17:18:27	BUSY 1
17:18:27	IDLE 1
17:18:40	BUSY 2
17:18:40	IDLE 2
17:18:46	BUSY 5 TEST_l.FNC
17:18:46	IDLE 5 TEST_l.FNC
17:18:46	BUSY 3
17:18:55	IDLE 3
17:19:02	BUSY 1
17:19:03	IDLE 1
17:23:06	BUSY 1
17:23:06	IDLE 1
17:23:18	BUSY 2
17:23:19	IDLE 2
17:23:25	BUSY 5 KING_l.FNC
17:23:26	IDLE 5 KING_l.FNC
17:23:26	BUSY 3
17:25:28	IDLE 3
17:25:34	BUSY 1
17:25:35	IDLE 1
17:25:47	BUSY 1
17:25:47	IDLE 1
17:26:00	BUSY 2
17:26:01	IDLE 2
17:26:06	BUSY 5 PAWN_l.FNC
17:26:07	IDLE 5 PAWN_l.FNC
17:26:07	BUSY 3
17:27:23	IDLE 3
17:27:29	BUSY 1
17:27:30	IDLE 1
17:27:51	BUSY 1
17:27:51	IDLE 1
17:28:03	BUSY 2
17:28:05	IDLE 2
17:28:10	BUSY 5 QUEEN_l.FNC
17:28:11	IDLE 5 QUEEN_l.FNC
17:28:11	BUSY 3
17:30:02	IDLE 3
17:30:08	BUSY 1
17:30:09	IDLE 1
17:30:21	BUSY 1
17:30:21	IDLE 1
17:30:34	BUSY 2
17:30:35	IDLE 2
17:30:40	BUSY 5 PAWN_l.FNC
17:30:41	IDLE 5 PAWN_l.FNC
17:30:42	BUSY 3
17:31:57	IDLE 3
17:32:04	BUSY 1
17:32:05	IDLE 1
17:32:26	BUSY 1
17:32:26	IDLE 1
17:32:38	BUSY 2
17:32:39	IDLE 2
17:32:45	BUSY 5 BISHOP_l.FNC
17:32:46	IDLE 5 BISHOP_l.FNC
17:32:46	BUSY 3
17:34:42	IDLE 3
17:34:48	BUSY 1
17:34:49	IDLE 1
17:35:01	BUSY 1
17:35:01	IDLE 1
17:35:14	BUSY 2
17:35:15	IDLE 2
17:35:20	BUSY 5 PAWN_l.FNC
17:35:21	IDLE 5 PAWN_l.FNC
17:35:21	BUSY 3
17:36:37	IDLE 3
17:36:43	BUSY 1
17:36:44	IDLE 1
17:37:06	BUSY 1
17:37:06	IDLE 1
17:37:19	BUSY 2
17:37:20	IDLE 2
17:37:25	BUSY 5 BISHOP_l.FNC
17:37:26	IDLE 5 BISHOP_l.FNC
17:37:27	BUSY 3
17:39:22	IDLE 3
17:39:28	BUSY 1
17:39:29	IDLE 1
17:39:41	BUSY 1
17:39:41	IDLE 1
17:39:54	BUSY 2
17:39:55	IDLE 2
17:40:00	BUSY 5 PAWN_l.FNC
17:40:01	IDLE 5 PAWN_l.FNC
17:40:02	BUSY 3
17:41:17	IDLE 3
17:41:24	BUSY 1
17:41:25	IDLE 1
17:48:13	BUSY 1
17:48:13	IDLE 1
17:48:26	BUSY 2
17:48:26	IDLE 2
17:48:32	BUSY 5 KING_l.FNC
17:48:33	IDLE 5 KING_l.FNC
17:48:34	BUSY 3
17:50:35	IDLE 3
17:50:41	BUSY 1
17:50:42	IDLE 1
17:50:54	BUSY 1
17:50:54	IDLE 1
17:51:07	BUSY 2
17:51:08	IDLE 2
17:51:13	BUSY 5 PAWN_l.FNC
17:51:14	IDLE 5 PAWN_l.FNC
17:51:14	BUSY 3
17:52:30	IDLE 3
17:52:36	BUSY 1
17:52:37	IDLE 1
17:53:00	BUSY 1
17:53:00	IDLE 1
17:53:13	BUSY 2
17:53:13	IDLE 2
17:53:19	BUSY 5 QUEEN_l.FNC
17:53:20	IDLE 5 QUEEN_l.FNC
17:53:20	BUSY 3
17:55:10	IDLE 3
17:55:16	BUSY 1
17:55:18	IDLE 1
17:55:29	BUSY 1
17:55:30	IDLE 1
17:55:43	BUSY 2
17:55:44	IDLE 2
17:55:49	BUSY 5 PAWN_l.FNC
17:55:50	IDLE 5 PAWN_l.FNC
17:55:51	BUSY 3
17:57:06	IDLE 3
17:57:12	BUSY 1
17:57:13	IDLE 1
17:57:35	BUSY 1
17:57:35	IDLE 1
17:57:48	BUSY 2
17:57:49	IDLE 2
17:57:55	BUSY 5 BISHOP_l.FNC
17:57:56	IDLE 5 BISHOP_l.FNC
17:57:57	BUSY 3
17:59:52	IDLE 3
17:59:58	BUSY 1
17:59:59	IDLE 1
18:00:11	BUSY 1
18:00:11	IDLE 1
18:00:24	BUSY 2
18:00:25	IDLE 2
18:00:30	BUSY 5 PAWN_l.FNC
18:00:31	IDLE 5 PAWN_l.FNC
18:00:31	BUSY 3
18:01:47	IDLE 3
18:01:53	BUSY 1
18:01:54	IDLE 1
18:02:17	BUSY 1
18:02:17	IDLE 1
18:02:30	BUSY 2
18:02:31	IDLE 2
18:02:36	BUSY 5 BISHOP_l.FNC
18:02:38	IDLE 5 BISHOP_l.FNC
18:02:38	BUSY 3
18:04:33	IDLE 3
18:04:40	BUSY 1
18:04:41	IDLE 1
18:04:53	BUSY 1
18:04:53	IDLE 1
18:05:06	BUSY 2
18:05:06	IDLE 2
18:05:12	BUSY 5 PAWN_l.FNC
18:05:12	IDLE 5 PAWN_l.FNC
18:05:13	BUSY 3
18:06:29	IDLE 3
18:06:35	BUSY 1
18:06:36	IDLE 1
18:37:12	BUSY 1
18:37:12	IDLE 1
18:37:25	BUSY 2
18:37:26	IDLE 2
18:37:31	BUSY 5 KING_l.FNC
18:37:33	IDLE 5 KING_l.FNC
18:37:33	BUSY 3
18:39:35	IDLE 3
18:39:41	BUSY 1
18:39:42	IDLE 1
18:39:54	BUSY 1
18:39:54	IDLE 1
18:40:07	BUSY 2
18:40:07	IDLE 2
18:40:13	BUSY 5 PAWN_l.FNC
18:40:14	IDLE 5 PAWN_l.FNC
18:40:14	BUSY 3
18:41:30	IDLE 3
18:41:36	BUSY 1
18:41:37	IDLE 1
18:41:58	BUSY 1
18:41:58	IDLE 1
18:42:11	BUSY 2
18:42:12	IDLE 2
18:42:17	BUSY 5 QUEEN_l.FNC
18:42:18	IDLE 5 QUEEN_l.FNC
18:42:19	BUSY 3
18:44:09	IDLE 3
18:44:15	BUSY 1
18:44:16	IDLE 1
18:44:28	BUSY 1
18:44:28	IDLE 1
18:44:41	BUSY 2
18:44:42	IDLE 2
18:44:47	BUSY 5 PAWN_l.FNC
18:44:48	IDLE 5 PAWN_l.FNC
18:44:48	BUSY 3
18:46:04	IDLE 3
18:46:10	BUSY 1
18:46:11	IDLE 1
18:46:33	BUSY 1
18:46:33	IDLE 1
18:46:46	BUSY 2
18:46:47	IDLE 2
18:46:52	BUSY 5 BISHOP_l.FNC
18:46:53	IDLE 5 BISHOP_l.FNC
18:46:54	BUSY 3
18:48:49	IDLE 3
18:48:55	BUSY 1
18:48:56	IDLE 1
18:49:08	BUSY 1
18:49:08	IDLE 1
18:49:21	BUSY 2
18:49:22	IDLE 2
18:49:27	BUSY 5 PAWN_l.FNC
18:49:28	IDLE 5 PAWN_l.FNC
18:49:29	BUSY 3
18:50:44	IDLE 3
18:50:50	BUSY 1
18:50:52	IDLE 1
18:51:15	BUSY 1
18:51:15	IDLE 1
18:51:28	BUSY 2
18:51:29	IDLE 2
18:51:34	BUSY 5 BISHOP_l.FNC
18:51:36	IDLE 5 BISHOP_l.FNC
18:51:36	BUSY 3
18:53:31	IDLE 3
18:53:37	BUSY 1
18:53:39	IDLE 1
18:53:50	BUSY 1
18:53:50	IDLE 1
18:54:03	BUSY 2
18:54:04	IDLE 2
18:54:09	BUSY 5 PAWN_l.FNC
18:54:10	IDLE 5 PAWN_l.FNC
18:54:11	BUSY 3
18:55:26	IDLE 3
18:55:33	BUSY 1
18:55:34	IDLE 1
18:55:55	BUSY 1
18:55:55	IDLE 1
18:56:07	BUSY 2
18:56:08	IDLE 2
18:56:14	BUSY 5 KNIGHT_l.FNC
18:56:15	IDLE 5 KNIGHT_l.FNC
18:56:15	BUSY 3
18:57:59	IDLE 3
18:58:06	BUSY 1
18:58:07	IDLE 1
18:58:19	BUSY 1
18:58:19	IDLE 1
18:58:32	BUSY 2
18:58:32	IDLE 2
18:58:38	BUSY 5 PAWN_l.FNC
18:58:39	IDLE 5 PAWN_l.FNC
18:58:39	BUSY 3
18:59:55	IDLE 3
19:00:01	BU02:07:2005
 9:09:37	BUSY 1
 9:09:38	IDLE 1
 9:09:40	BUSY 2
 9:09:41	IDLE 2
 9:09:46	BUSY 5 C:\CIM\CELL1\TEST_L.FNC
 9:09:46	IDLE 5 C:\CIM\CELL1\TEST_L.FNC
 9:09:47	BUSY 3
 9:09:57	IDLE 3
 9:10:07	BUSY 1
 9:10:08	IDLE 1
 9:10:21	BUSY 2
 9:10:22	IDLE 2
 9:10:28	BUSY 5 TEST_l.FNC
 9:10:28	IDLE 5 TEST_l.FNC
 9:10:28	BUSY 3
 9:10:38	IDLE 3
 9:10:44	BUSY 1
 9:10:45	IDLE 1
 9:10:57	BUSY 1
 9:10:57	IDLE 1
 9:11:10	BUSY 2
 9:11:10	IDLE 2
 9:11:16	BUSY 5 TEST_l.FNC
 9:11:16	IDLE 5 TEST_l.FNC
 9:11:16	BUSY 3
 9:11:26	IDLE 3
 9:11:32	BUSY 1
 9:11:33	IDLE 1
 9:19:09	BUSY 1
 9:19:10	IDLE 1
 9:19:22	BUSY 2
 9:19:23	IDLE 2
 9:19:29	BUSY 5 KING_l.FNC
 9:19:30	IDLE 5 KING_l.FNC
 9:19:31	BUSY 3
 9:21:32	IDLE 3
 9:21:38	BUSY 1
 9:21:39	IDLE 1
 9:21:51	BUSY 1
 9:21:51	IDLE 1
 9:22:04	BUSY 2
 9:22:05	IDLE 2
 9:22:10	BUSY 5 PAWN_l.FNC
 9:22:11	IDLE 5 PAWN_l.FNC
 9:22:11	BUSY 3
 9:23:27	IDLE 3
 9:23:33	BUSY 1
 9:23:34	IDLE 1
 9:23:56	BUSY 1
 9:23:56	IDLE 1
 9:24:09	BUSY 2
 9:24:10	IDLE 2
 9:24:16	BUSY 5 QUEEN_l.FNC
 9:24:17	IDLE 5 QUEEN_l.FNC
 9:24:17	BUSY 3
 9:26:07	IDLE 3
 9:26:13	BUSY 1
 9:26:15	IDLE 1
 9:26:27	BUSY 1
 9:26:27	IDLE 1
 9:26:40	BUSY 2
 9:26:40	IDLE 2
 9:26:46	BUSY 5 PAWN_l.FNC
 9:26:46	IDLE 5 PAWN_l.FNC
 9:26:47	BUSY 3
 9:28:02	IDLE 3
 9:28:08	BUSY 1
 9:28:09	IDLE 1
 9:28:30	BUSY 1
 9:28:30	IDLE 1
 9:28:43	BUSY 2
 9:28:44	IDLE 2
 9:28:49	BUSY 5 BISHOP_l.FNC
 9:28:51	IDLE 5 BISHOP_l.FNC
 9:28:51	BUSY 3
 9:30:47	IDLE 3
 9:30:53	BUSY 1
 9:30:54	IDLE 1
 9:31:06	BUSY 1
 9:31:06	IDLE 1
 9:31:19	BUSY 2
 9:31:19	IDLE 2
 9:31:25	BUSY 5 PAWN_l.FNC
 9:31:25	IDLE 5 PAWN_l.FNC
 9:31:26	BUSY 3
 9:32:42	IDLE 3
 9:32:48	BUSY 1
 9:32:49	IDLE 1
 9:33:11	BUSY 1
 9:33:11	IDLE 1
 9:33:24	BUSY 2
 9:33:25	IDLE 2
 9:33:30	BUSY 5 BISHOP_l.FNC
 9:33:32	IDLE 5 BISHOP_l.FNC
 9:33:32	BUSY 3
 9:35:27	IDLE 3
 9:35:34	BUSY 1
 9:35:35	IDLE 1
 9:35:47	BUSY 1
 9:35:47	IDLE 1
 9:36:00	BUSY 2
 9:36:01	IDLE 2
 9:36:06	BUSY 5 PAWN_l.FNC
 9:36:07	IDLE 5 PAWN_l.FNC
 9:36:07	BUSY 3
 9:37:23	IDLE 3
 9:37:29	BUSY 1
 9:37:31	IDLE 1
 9:37:52	BUSY 1
 9:37:52	IDLE 1
 9:38:05	BUSY 2
 9:38:06	IDLE 2
 9:38:11	BUSY 5 KNIGHT_l.FNC
 9:38:12	IDLE 5 KNIGHT_l.FNC
 9:38:13	BUSY 3
 9:39:57	IDLE 3
 9:40:03	BUSY 1
 9:40:04	IDLE 1
 9:40:16	BUSY 1
 9:40:16	IDLE 1
 9:40:30	BUSY 2
 9:40:31	IDLE 2
 9:40:36	BUSY 5 PAWN_l.FNC
 9:40:37	IDLE 5 PAWN_l.FNC
 9:40:37	BUSY 3
 9:41:53	IDLE 3
 9:42:04	BUSY 1
 9:42:05	IDLE 1
 9:42:57	BUSY 1
 9:42:57	IDLE 1
 9:43:18	BUSY 2
 9:43:20	IDLE 2
 9:43:29	BUSY 5 KNIGHT_l.FNC
 9:43:31	IDLE 5 KNIGHT_l.FNC
 9:43:31	BUSY 3
 9:45:18	IDLE 3
 9:45:24	BUSY 1
 9:45:25	IDLE 1
 9:45:37	BUSY 1
 9:45:37	IDLE 1
 9:45:50	BUSY 2
 9:45:51	IDLE 2
 9:45:56	BUSY 5 PAWN_l.FNC
 9:45:57	IDLE 5 PAWN_l.FNC
 9:45:57	BUSY 3
 9:47:12	IDLE 3
 9:47:18	BUSY 1
 9:47:20	IDLE 1
 9:47:41	BUSY 1
 9:47:41	IDLE 1
 9:47:53	BUSY 2
 9:47:54	IDLE 2
 9:48:00	BUSY 5 ROOK_l.FNC
 9:48:01	IDLE 5 ROOK_l.FNC
 9:48:01	BUSY 3
 9:49:28	IDLE 3
 9:49:34	BUSY 1
 9:49:35	IDLE 1
 9:49:47	BUSY 1
 9:49:47	IDLE 1
 9:50:00	BUSY 2
 9:50:01	IDLE 2
 9:50:06	BUSY 5 PAWN_l.FNC
 9:50:07	IDLE 5 PAWN_l.FNC
 9:50:08	BUSY 3
 9:51:23	IDLE 3
 9:51:29	BUSY 1
 9:51:30	IDLE 1
10:27:47	BUSY 1
10:27:47	IDLE 1
10:28:00	BUSY 2
10:28:01	IDLE 2
10:28:07	BUSY 5 TEST_l.FNC
10:28:07	IDLE 5 TEST_l.FNC
10:28:07	BUSY 3
10:28:17	IDLE 3
10:28:23	BUSY 1
10:28:24	IDLE 1
10:28:36	BUSY 1
10:28:36	IDLE 1
10:28:49	BUSY 2
10:28:49	IDLE 2
10:28:55	BUSY 5 TEST_l.FNC
10:28:55	IDLE 5 TEST_l.FNC
10:28:55	BUSY 3
10:29:05	IDLE 3
10:29:11	BUSY 1
10:29:12	IDLE 1
10:29:33	BUSY 1
10:29:33	IDLE 1
10:29:46	BUSY 2
10:29:47	IDLE 2
10:29:52	BUSY 5 TEST_l.FNC
10:29:52	IDLE 5 TEST_l.FNC
10:29:53	BUSY 3
10:30:02	IDLE 3
10:30:08	BUSY 1
10:30:09	IDLE 1
10:30:21	BUSY 1
10:30:21	IDLE 1
10:30:35	BUSY 2
10:30:36	IDLE 2
10:30:41	BUSY 5 TEST_l.FNC
10:30:41	IDLE 5 TEST_l.FNC
10:30:41	BUSY 3
10:30:51	IDLE 3
10:30:57	BUSY 1
10:30:58	IDLE 1
10:31:18	BUSY 1
10:31:18	IDLE 1
10:31:31	BUSY 2
10:31:32	IDLE 2
10:31:37	BUSY 5 TEST_l.FNC
10:31:38	IDLE 5 TEST_l.FNC
10:31:38	BUSY 3
10:31:47	IDLE 3
10:31:54	BUSY 1
10:31:55	IDLE 1
10:32:07	BUSY 1
10:32:07	IDLE 1
10:32:20	BUSY 2
10:32:21	IDLE 2
10:32:26	BUSY 5 TEST_l.FNC
10:32:26	IDLE 5 TEST_l.FNC
10:32:27	BUSY 3
10:32:36	IDLE 3
10:32:42	BUSY 1
10:32:43	IDLE 1
10:42:51	BUSY 1
10:42:51	IDLE 1
10:43:04	BUSY 2
10:43:05	IDLE 2
10:43:10	BUSY 5 TEST_l.FNC
10:43:10	IDLE 5 TEST_l.FNC
10:43:11	BUSY 3
10:43:20	IDLE 3
10:43:26	BUSY 1
10:43:28	IDLE 1
10:43:39	BUSY 1
10:43:39	IDLE 1
10:43:52	BUSY 2
10:43:53	IDLE 2
10:43:58	BUSY 5 TEST_l.FNC
10:43:59	IDLE 5 TEST_l.FNC
10:43:59	BUSY 3
10:44:08	IDLE 3
10:44:15	BUSY 1
10:44:16	IDLE 1
10:50:26	BUSY 1
10:50:26	IDLE 1
10:50:39	BUSY 2
10:50:40	IDLE 2
10:50:46	BUSY 5 TEST_l.FNC
10:50:46	IDLE 5 TEST_l.FNC
10:50:46	BUSY 3
10:50:55	IDLE 3
10:51:02	BUSY 1
10:51:03	IDLE 1
10:51:15	BUSY 1
10:51:15	IDLE 1
10:51:28	BUSY 2
10:51:29	IDLE 2
10:51:34	BUSY 5 TEST_l.FNC
10:51:34	IDLE 5 TEST_l.FNC
10:51:35	BUSY 3
10:51:44	IDLE 3
10:51:50	BUSY 1
10:51:52	IDLE 1
10:52:13	BUSY 1
10:52:13	IDLE 1
10:52:26	BUSY 2
10:52:27	IDLE 2
10:52:33	BUSY 5 TEST_l.FNC
10:52:33	IDLE 5 TEST_l.FNC
10:52:33	BUSY 3
10:52:43	IDLE 3
10:52:49	BUSY 1
10:52:50	IDLE 1
10:53:02	BUSY 1
10:53:02	IDLE 1
10:53:15	BUSY 2
10:53:16	IDLE 2
10:53:22	BUSY 5 TEST_l.FNC
10:53:22	IDLE 5 TEST_l.FNC
10:53:22	BUSY 3
10:53:31	IDLE 3
10:53:38	BUSY 1
10:53:39	IDLE 1
10:53:59	BUSY 1
10:53:59	IDLE 1
10:54:12	BUSY 2
10:54:13	IDLE 2
10:54:18	BUSY 5 TEST_l.FNC
10:54:18	IDLE 5 TEST_l.FNC
10:54:19	BUSY 3
10:54:28	IDLE 3
10:54:35	BUSY 1
10:54:35	IDLE 1
10:54:47	BUSY 1
10:54:47	IDLE 1
10:55:01	BUSY 2
10:55:02	IDLE 2
10:55:08	BUSY 5 TEST_l.FNC
10:55:08	IDLE 5 TEST_l.FNC
10:55:08	BUSY 3
10:55:18	IDLE 3
10:55:24	BUSY 1
10:55:25	IDLE 1
10:55:46	BUSY 1
10:55:46	IDLE 1
10:55:59	BUSY 2
10:56:00	IDLE 2
10:56:05	BUSY 5 TEST_l.FNC
10:56:05	IDLE 5 TEST_l.FNC
10:56:05	BUSY 3
10:56:15	IDLE 3
10:56:21	BUSY 1
10:56:22	IDLE 1
10:56:34	BUSY 1
10:56:34	IDLE 1
10:56:48	BUSY 2
10:56:48	IDLE 2
10:56:54	BUSY 5 TEST_l.FNC
10:56:54	IDLE 5 TEST_l.FNC
10:56:54	BUSY 3
10:57:04	IDLE 3
10:57:10	BUSY 1
10:57:11	IDLE 1
10:57:31	BUSY 1
10:57:31	IDLE 1
10:57:44	BUSY 2
10:57:46	IDLE 2
10:57:51	BUSY 5 TEST_l.FNC
10:57:51	IDLE 5 TEST_l.FNC
10:57:51	BUSY 3
10:58:01	IDLE 3
10:58:07	BUSY 1
10:58:08	IDLE 1
10:58:20	BUSY 1
10:58:20	IDLE 1
10:58:34	BUSY 2
10:58:34	IDLE 2
10:58:40	BUSY 5 TEST_l.FNC
10:58:40	IDLE 5 TEST_l.FNC
10:58:40	BUSY 3
10:58:50	IDLE 3
10:58:56	BUSY 1
10:58:57	IDLE 1
10:59:17	BUSY 1
10:59:17	IDLE 1
10:59:30	BUSY 2
10:59:31	IDLE 2
10:59:36	BUSY 5 TEST_l.FNC
10:59:36	IDLE 5 TEST_l.FNC
10:59:37	BUSY 3
10:59:46	IDLE 3
10:59:53	BUSY 1
10:59:54	IDLE 1
11:00:06	BUSY 1
11:00:06	IDLE 1
11:00:19	BUSY 2
11:00:20	IDLE 2
11:00:26	BUSY 5 TEST_l.FNC
11:00:26	IDLE 5 TEST_l.FNC
11:00:26	BUSY 3
11:00:36	IDLE 3
11:00:42	BUSY 1
11:00:43	IDLE 1
11:01:04	BUSY 1
11:01:04	IDLE 1
11:01:16	BUSY 2
11:01:18	IDLE 2
11:01:23	BUSY 5 TEST_l.FNC
11:01:23	IDLE 5 TEST_l.FNC
11:01:24	BUSY 3
11:01:33	IDLE 3
11:01:39	BUSY 1
11:01:40	IDLE 1
11:01:52	BUSY 1
11:01:52	IDLE 1
11:02:06	BUSY 2
11:02:07	IDLE 2
11:02:12	BUSY 5 TEST_l.FNC
11:02:12	IDLE 5 TEST_l.FNC
11:02:13	BUSY 3
11:02:22	IDLE 3
11:02:28	BUSY 1
11:02:30	IDLE 1
11:14:37	BUSY 1
11:14:37	IDLE 1
11:14:50	BUSY 2
11:14:51	IDLE 2
11:14:56	BUSY 5 TEST_l.FNC
11:14:56	IDLE 5 TEST_l.FNC
11:14:56	BUSY 3
11:15:06	IDLE 3
11:15:12	BUSY 1
11:15:13	IDLE 1
11:15:25	BUSY 1
11:15:25	IDLE 1
11:15:38	BUSY 2
11:15:39	IDLE 2
11:15:44	BUSY 5 TEST_l.FNC
11:15:44	IDLE 5 TEST_l.FNC
11:15:45	BUSY 3
11:15:54	IDLE 3
11:16:00	BUSY 1
11:16:01	IDLE 1
11:16:23	BUSY 1
11:16:23	IDLE 1
11:16:36	BUSY 2
11:16:37	IDLE 2
11:16:42	BUSY 5 TEST_l.FNC
11:16:42	IDLE 5 TEST_l.FNC
11:16:42	BUSY 3
11:16:52	IDLE 3
11:16:58	BUSY 1
11:16:59	IDLE 1
11:17:11	BUSY 1
11:17:11	IDLE 1
11:17:25	BUSY 2
11:17:25	IDLE 2
11:17:31	BUSY 5 TEST_l.FNC
11:17:31	IDLE 5 TEST_l.FNC
11:17:31	BUSY 3
11:17:41	IDLE 3
11:17:47	BUSY 1
11:17:48	IDLE 1
11:23:37	BUSY 1
11:23:37	IDLE 1
11:23:50	BUSY 2
11:23:51	IDLE 2
11:23:56	BUSY 5 TEST_l.FNC
11:23:57	IDLE 5 TEST_l.FNC
11:23:57	BUSY 3
11:24:06	IDLE 3
11:24:13	BUSY 1
11:24:14	IDLE 1
11:24:26	BUSY 1
11:24:26	IDLE 1
11:24:39	BUSY 2
11:24:39	IDLE 2
11:24:45	BUSY 5 TEST_l.FNC
11:24:45	IDLE 5 TEST_l.FNC
11:24:45	BUSY 3
11:24:55	IDLE 3
11:25:01	BUSY 1
11:25:02	IDLE 1
11:25:23	BUSY 1
11:25:23	IDLE 1
11:25:36	BUSY 2
11:25:37	IDLE 2
11:25:42	BUSY 5 TEST_l.FNC
11:25:42	IDLE 5 TEST_l.FNC
11:25:42	BUSY 3
11:25:52	IDLE 3
11:25:58	BUSY 1
11:25:59	IDLE 1
11:26:11	BUSY 1
11:26:11	IDLE 1
11:26:24	BUSY 2
11:26:25	IDLE 2
11:26:31	BUSY 5 TEST_l.FNC
11:26:31	IDLE 5 TEST_l.FNC
11:26:31	BUSY 3
11:26:41	IDLE 3
11:26:47	BUSY 1
11:26:48	IDLE 1
11:34:15	BUSY 1
11:34:15	IDLE 1
11:34:28	BUSY 2
11:34:29	IDLE 2
11:34:35	BUSY 5 TEST_l.FNC
11:34:35	IDLE 5 TEST_l.FNC
11:34:35	BUSY 3
11:34:45	IDLE 3
11:34:51	BUSY 1
11:34:52	IDLE 1
11:35:04	BUSY 1
11:35:04	IDLE 1
11:35:17	BUSY 2
11:35:17	IDLE 2
11:35:23	BUSY 5 TEST_l.FNC
11:35:23	IDLE 5 TEST_l.FNC
11:35:23	BUSY 3
11:35:33	IDLE 3
11:35:39	BUSY 1
11:35:40	IDLE 1
11:36:01	BUSY 1
11:36:01	IDLE 1
11:36:14	BUSY 2
11:36:15	IDLE 2
11:36:20	BUSY 5 TEST_l.FNC
11:36:20	IDLE 5 TEST_l.FNC
11:36:21	BUSY 3
11:36:30	IDLE 3
11:36:36	BUSY 1
11:36:37	IDLE 1
11:36:49	BUSY 1
11:36:49	IDLE 1
11:37:03	BUSY 2
11:37:04	IDLE 2
11:37:09	BUSY 5 TEST_l.FNC
11:37:10	IDLE 5 TEST_l.FNC
11:37:10	BUSY 3
11:37:19	IDLE 3
11:37:25	BUSY 1
11:37:27	IDLE 1
11:37:47	BUSY 1
11:37:47	IDLE 1
11:38:00	BUSY 2
11:38:01	IDLE 2
11:38:06	BUSY 5 TEST_l.FNC
11:38:06	IDLE 5 TEST_l.FNC
11:38:07	BUSY 3
11:38:16	IDLE 3
11:38:22	BUSY 1
11:38:23	IDLE 1
11:38:35	BUSY 1
11:38:35	IDLE 1
11:38:49	BUSY 2
11:38:50	IDLE 2
11:38:55	BUSY 5 TEST_l.FNC
11:38:55	IDLE 5 TEST_l.FNC
11:38:56	BUSY 3
11:39:05	IDLE 3
11:39:11	BUSY 1
11:39:13	IDLE 1
11:39:33	BUSY 1
11:39:33	IDLE 1
11:39:46	BUSY 2
11:39:47	IDLE 2
11:39:53	BUSY 5 TEST_l.FNC
11:39:53	IDLE 5 TEST_l.FNC
11:39:53	BUSY 3
11:40:03	IDLE 3
11:40:09	BUSY 1
11:40:10	IDLE 1
11:40:22	BUSY 1
11:40:22	IDLE 1
11:40:35	BUSY 2
11:40:36	IDLE 2
11:40:41	BUSY 5 TEST_l.FNC
11:40:42	IDLE 5 TEST_l.FNC
11:40:42	BUSY 3
11:40:51	IDLE 3
11:40:58	BUSY 1
11:40:59	IDLE 1
11:41:22	BUSY 1
11:41:22	IDLE 1
11:41:34	BUSY 2
11:41:35	IDLE 2
11:41:40	BUSY 5 TEST_l.FNC
11:41:41	IDLE 5 TEST_l.FNC
11:41:41	BUSY 3
11:41:50	IDLE 3
11:41:57	BUSY 1
11:41:58	IDLE 1
11:42:10	BUSY 1
11:42:10	IDLE 1
11:42:23	BUSY 2
11:42:24	IDLE 2
11:42:29	BUSY 5 TEST_l.FNC
11:42:29	IDLE 5 TEST_l.FNC
11:42:30	BUSY 3
11:42:39	IDLE 3
11:42:45	BUSY 1
11:42:47	IDLE 1
11:43:08	BUSY 1
11:43:08	IDLE 1
11:43:21	BUSY 2
11:43:22	IDLE 2
11:43:27	BUSY 5 TEST_l.FNC
11:43:27	IDLE 5 TEST_l.FNC
11:43:28	BUSY 3
11:43:37	IDLE 3
11:43:43	BUSY 1
11:43:44	IDLE 1
11:43:57	BUSY 1
11:43:57	IDLE 1
11:44:10	BUSY 2
11:44:11	IDLE 2
11:44:17	BUSY 5 TEST_l.FNC
11:44:17	IDLE 5 TEST_l.FNC
11:44:17	BUSY 3
11:44:26	IDLE 3
11:44:33	BUSY 1
11:44:34	IDLE 1
11:44:55	BUSY 1
11:44:55	IDLE 1
11:45:07	BUSY 2
11:45:09	IDLE 2
11:45:14	BUSY 5 TEST_l.FNC
11:45:14	IDLE 5 TEST_l.FNC
11:45:14	BUSY 3
11:45:24	IDLE 3
11:45:30	BUSY 1
11:45:31	IDLE 1
11:45:43	BUSY 1
11:45:43	IDLE 1
11:45:57	BUSY 2
11:45:58	IDLE 2
11:46:03	BUSY 5 TEST_l.FNC
11:46:03	IDLE 5 TEST_l.FNC
11:46:04	BUSY 3
11:46:13	IDLE 3
11:46:19	BUSY 1
11:46:20	IDLE 1
11:46:41	BUSY 1
11:46:41	IDLE 1
11:46:54	BUSY 2
11:46:55	IDLE 2
11:47:00	BUSY 5 TEST_l.FNC
11:47:00	IDLE 5 TEST_l.FNC
11:47:00	BUSY 3
11:47:10	IDLE 3
11:47:16	BUSY 1
11:47:17	IDLE 1
11:47:29	BUSY 1
11:47:29	IDLE 1
11:47:43	BUSY 2
11:47:44	IDLE 2
11:47:49	BUSY 5 TEST_l.FNC
11:47:49	IDLE 5 TEST_l.FNC
11:47:50	BUSY 3
11:47:59	IDLE 3
11:48:05	BUSY 1
11:48:06	IDLE 1
15:00:42	BUSY 1
15:00:42	IDLE 1
15:00:55	BUSY 2
15:00:56	IDLE 2
15:01:02	BUSY 5 TEST_l.FNC
15:01:02	IDLE 5 TEST_l.FNC
15:01:02	BUSY 3
15:01:12	IDLE 3
15:01:18	BUSY 1
15:01:19	IDLE 1
15:01:31	BUSY 1
15:01:31	IDLE 1
15:01:44	BUSY 2
15:01:44	IDLE 2
15:01:50	BUSY 5 TEST_l.FNC
15:01:50	IDLE 5 TEST_l.FNC
15:01:50	BUSY 3
15:02:00	IDLE 3
15:02:06	BUSY 1
15:02:07	IDLE 1
15:09:35	BUSY 1
15:09:35	IDLE 1
15:09:48	BUSY 2
15:09:49	IDLE 2
15:09:54	BUSY 5 TEST_l.FNC
15:09:54	IDLE 5 TEST_l.FNC
15:09:55	BUSY 3
15:10:04	IDLE 3
15:10:10	BUSY 1
15:10:11	IDLE 1
15:10:23	BUSY 1
15:10:23	IDLE 1
15:10:36	BUSY 2
15:10:37	IDLE 2
15:10:42	BUSY 5 TEST_l.FNC
15:10:42	IDLE 5 TEST_l.FNC
15:10:43	BUSY 3
15:10:52	IDLE 3
15:10:58	BUSY 1
15:11:00	IDLE 1
15:11:20	BUSY 1
15:11:20	IDLE 1
15:11:33	BUSY 2
15:11:34	IDLE 2
15:11:39	BUSY 5 TEST_l.FNC
15:11:39	IDLE 5 TEST_l.FNC
15:11:40	BUSY 3
15:11:49	IDLE 3
15:11:55	BUSY 1
15:11:56	IDLE 1
15:12:08	BUSY 1
15:12:08	IDLE 1
15:12:22	BUSY 2
15:12:23	IDLE 2
15:12:28	BUSY 5 TEST_l.FNC
15:12:29	IDLE 5 TEST_l.FNC
15:12:29	BUSY 3
15:12:38	IDLE 3
15:12:45	BUSY 1
15:12:46	IDLE 1
15:13:05	BUSY 1
15:13:05	IDLE 1
15:13:18	BUSY 2
15:13:19	IDLE 2
15:13:24	BUSY 5 TEST_l.FNC
15:13:24	IDLE 5 TEST_l.FNC
15:13:25	BUSY 3
15:13:34	IDLE 3
15:13:40	BUSY 1
15:13:42	IDLE 1
15:13:54	BUSY 1
15:13:54	IDLE 1
15:14:07	BUSY 2
15:14:08	IDLE 2
15:14:14	BUSY 5 TEST_l.FNC
15:14:14	IDLE 5 TEST_l.FNC
15:14:14	BUSY 3
15:14:24	IDLE 3
15:14:30	BUSY 1
15:14:31	IDLE 1
15:14:52	BUSY 1
15:14:52	IDLE 1
15:15:05	BUSY 2
15:15:06	IDLE 2
15:15:11	BUSY 5 TEST_l.FNC
15:15:11	IDLE 5 TEST_l.FNC
15:15:12	BUSY 3
15:15:21	IDLE 3
15:15:28	BUSY 1
15:15:29	IDLE 1
15:15:41	BUSY 1
15:15:41	IDLE 1
15:15:54	BUSY 2
15:15:55	IDLE 2
15:16:00	BUSY 5 TEST_l.FNC
15:16:00	IDLE 5 TEST_l.FNC
15:16:00	BUSY 3
15:16:10	IDLE 3
15:16:16	BUSY 1
15:16:17	IDLE 1
15:16:39	BUSY 1
15:16:39	IDLE 1
15:16:52	BUSY 2
15:16:52	IDLE 2
15:16:58	BUSY 5 TEST_l.FNC
15:16:58	IDLE 5 TEST_l.FNC
15:16:58	BUSY 3
15:17:08	IDLE 3
15:17:14	BUSY 1
15:17:15	IDLE 1
15:17:27	BUSY 1
15:17:27	IDLE 1
15:17:40	BUSY 2
15:17:41	IDLE 2
15:17:46	BUSY 5 TEST_l.FNC
15:17:47	IDLE 5 TEST_l.FNC
15:17:47	BUSY 3
15:17:56	IDLE 3
15:18:03	BUSY 1
15:18:04	IDLE 1
15:30:43	BUSY 1
15:30:43	IDLE 1
15:30:56	BUSY 2
15:30:58	IDLE 2
15:31:03	BUSY 5 TEST_l.FNC
15:31:03	IDLE 5 TEST_l.FNC
15:31:04	BUSY 3
15:31:13	IDLE 3
15:31:19	BUSY 1
15:31:20	IDLE 1
15:31:32	BUSY 1
15:31:32	IDLE 1
15:31:45	BUSY 2
15:31:46	IDLE 2
15:31:51	BUSY 5 TEST_l.FNC
15:31:51	IDLE 5 TEST_l.FNC
15:31:52	BUSY 3
15:32:01	IDLE 3
15:32:07	BUSY 1
15:32:08	IDLE 1
15:32:30	BUSY 1
15:32:30	IDLE 1
15:32:43	BUSY 2
15:32:44	IDLE 2
15:32:50	BUSY 5 TEST_l.FNC
15:32:50	IDLE 5 TEST_l.FNC
15:32:50	BUSY 3
15:33:00	IDLE 3
15:33:06	BUSY 1
15:33:07	IDLE 1
15:33:19	BUSY 1
15:33:19	IDLE 1
15:33:32	BUSY 2
15:33:34	IDLE 2
15:33:39	BUSY 5 TEST_l.FNC
15:33:39	IDLE 5 TEST_l.FNC
15:33:39	BUSY 3
15:33:49	IDLE 3
15:33:55	BUSY 1
15:33:56	IDLE 1
15:34:17	BUSY 1
15:34:17	IDLE 1
15:34:30	BUSY 2
15:34:31	IDLE 2
15:34:36	BUSY 5 TEST_l.FNC
15:34:36	IDLE 5 TEST_l.FNC
15:34:37	BUSY 3
15:34:46	IDLE 3
15:34:52	BUSY 1
15:34:53	IDLE 1
15:35:06	BUSY 1
15:35:06	IDLE 1
15:35:19	BUSY 2
15:35:20	IDLE 2
15:35:26	BUSY 5 TEST_l.FNC
15:35:26	IDLE 5 TEST_l.FNC
15:35:26	BUSY 3
15:35:35	IDLE 3
15:35:42	BUSY 1
15:35:43	IDLE 1
15:36:05	BUSY 1
15:36:05	IDLE 1
15:36:18	BUSY 2
15:36:19	IDLE 2
15:36:24	BUSY 5 TEST_l.FNC
15:36:24	IDLE 5 TEST_l.FNC
15:36:25	BUSY 3
15:36:34	IDLE 3
15:36:41	BUSY 1
15:36:41	IDLE 1
15:36:53	BUSY 1
15:36:53	IDLE 1
15:37:06	BUSY 2
15:37:07	IDLE 2
15:37:12	BUSY 5 TEST_l.FNC
15:37:12	IDLE 5 TEST_l.FNC
15:37:13	BUSY 3
15:37:22	IDLE 3
15:37:28	BUSY 1
15:37:29	IDLE 1
15:37:51	BUSY 1
15:37:51	IDLE 1
15:38:04	BUSY 2
15:38:05	IDLE 2
15:38:10	BUSY 5 TEST_l.FNC
15:38:10	IDLE 5 TEST_l.FNC
15:38:11	BUSY 3
15:38:20	IDLE 3
15:38:26	BUSY 1
15:38:27	IDLE 1
15:38:39	BUSY 1
15:38:39	IDLE 1
15:38:53	BUSY 2
15:38:54	IDLE 2
15:38:59	BUSY 5 TEST_l.FNC
15:39:00	IDLE 5 TEST_l.FNC
15:39:00	BUSY 3
15:39:09	IDLE 3
15:39:16	BUSY 1
15:39:17	IDLE 1
15:39:38	BUSY 1
15:39:38	IDLE 1
15:39:51	BUSY 2
15:39:51	IDLE 2
15:39:57	BUSY 5 TEST_l.FNC
15:39:57	IDLE 5 TEST_l.FNC
15:39:57	BUSY 3
15:40:07	IDLE 3
15:40:13	BUSY 1
15:40:14	IDLE 1
15:40:26	BUSY 1
15:40:26	IDLE 1
15:40:40	BUSY 2
15:40:41	IDLE 2
15:40:46	BUSY 5 TEST_l.FNC
15:40:46	IDLE 5 TEST_l.FNC
15:40:47	BUSY 3
15:40:56	IDLE 3
15:41:02	BUSY 1
15:41:03	IDLE 1
15:41:24	BUSY 1
15:41:24	IDLE 1
15:41:37	BUSY 2
15:41:38	IDLE 2
15:41:43	BUSY 5 TEST_l.FNC
15:41:43	IDLE 5 TEST_l.FNC
15:41:43	BUSY 3
15:41:53	IDLE 3
15:41:59	BUSY 1
15:42:00	IDLE 1
15:42:12	BUSY 1
15:42:12	IDLE 1
15:42:26	BUSY 2
15:42:27	IDLE 2
15:42:32	BUSY 5 TEST_l.FNC
15:42:32	IDLE 5 TEST_l.FNC
15:42:33	BUSY 3
15:42:42	IDLE 3
15:42:48	BUSY 1
15:42:49	IDLE 1
15:43:10	BUSY 1
15:43:10	IDLE 1
15:43:23	BUSY 2
15:43:24	IDLE 2
15:43:29	BUSY 5 TEST_l.FNC
15:43:29	IDLE 5 TEST_l.FNC
15:43:29	BUSY 3
15:43:39	IDLE 3
15:43:45	BUSY