10:03:2006
24:04:2006
10:17:55	BUSY 1
10:17:59	IDLE
10:22:37	BUSY 1
10:22:42	IDLE
10:22:44	BUSY 2
10:22:45	IDLE 2
10:22:51	BUSY 1
10:22:57	IDLE
10:23:02	BUSY 1
10:23:06	IDLE
10:24:25	BUSY 2
10:24:25	IDLE 2
10:24:30	BUSY 1
10:24:36	IDLE
10:24:40	BUSY 2
10:24:40	IDLE 2
10:24:47	BUSY 1
10:24:52	IDLE
10:24:54	BUSY 2
10:24:54	IDLE 2
10:25:22	BUSY 5 C:\CIM\CELL1\LTEST.TAP
10:25:22	ERROR Error on CNC download
10:26:18	IDLE
10:26:21	BUSY 5 C:\CIM\CELL1\LTEST.TAP
10:26:25	IDLE 5 C:\CIM\CELL1\LTEST.TAP
10:28:30	BUSY 5 C:\CIM\CELL1\LTEST.TAP
10:28:31	IDLE 5 C:\CIM\CELL1\LTEST.TAP
10:28:49	BUSY 1
10:29:02	IDLE
10:29:06	BUSY 2
10:29:06	IDLE 2
11:00:38	BUSY 1
11:00:40	IDLE
11:00:42	BUSY 2
11:00:42	IDLE 2
11:00:48	BUSY 1
11:00:55	IDLE
11:00:57	BUSY 2
11:00:57	IDLE 2
11:01:15	BUSY 1
11:01:18	IDLE
11:01:20	BUSY 2
11:01:20	IDLE 2
11:01:28	BUSY 1
11:01:56	IDLE
11:01:58	BUSY 2
11:01:58	IDLE 2
11:02:10	BUSY 1
11:02:18	IDLE
11:02:20	BUSY 2
11:02:20	IDLE 2
11:05:15	BUSY 2
11:05:15	IDLE 2
11:05:17	BUSY 1
11:05:22	IDLE
11:05:25	BUSY 2
11:05:25	IDLE 2
11:23:41	BUSY 2
11:23:41	IDLE 2
11:23:47	BUSY 1
11:24:00	IDLE
11:25:33	BUSY
11:25:34	IDLE
11:25:35	BUSY
11:25:36	IDLE
11:25:37	BUSY
11:27:33	IDLE
24:04:2006
11:28:35	BUSY
11:28:35	BUSY
11:29:13	IDLE
11:29:14	BUSY
11:29:15	IDLE
11:29:16	BUSY
11:29:17	IDLE
11:29:22	BUSY
11:31:58	IDLE
11:32:23	BUSY 2
11:32:24	IDLE 2
11:32:29	BUSY 1
11:32:30	IDLE 1
11:32:33	BUSY 2
11:32:34	IDLE 2
11:32:40	BUSY 5 C:\CIM\CELL1\LTEST.TAP
11:32:40	IDLE 5 C:\CIM\CELL1\LTEST.TAP
11:32:50	BUSY 3
11:33:01	IDLE 3
11:33:34	BUSY 5 C:\CIM\CELL1\LTEST.TAP
11:33:34	IDLE 5 C:\CIM\CELL1\LTEST.TAP
11:33:39	BUSY 3
11:33:50	IDLE 3
11:35:30	BUSY 1
11:35:32	IDLE 1
11:35:34	BUSY 2
11:35:35	IDLE 2
14:05:17	BUSY
14:05:21	IDLE
14:06:08	BUSY
14:06:22	IDLE
14:06:31	BUSY
14:06:44	IDLE
14:08:00	BUSY
14:08:13	IDLE
14:09:27	BUSY
14:09:40	IDLE
14:10:11	BUSY
14:10:24	IDLE
14:12:01	BUSY 3
14:12:06	IDLE
24:04:2006
14:20:17	BUSY
14:20:30	IDLE
14:20:39	BUSY 3
14:20:47	IDLE
14:21:00	BUSY 5 C:\CIM\CELL2\MTEST.TAP
14:21:00	ERROR Error on CNC download
24:04:2006
14:21:36	BUSY 5 C:\CIM\CELL2\MTEST.TAP
14:21:36	IDLE 5 C:\CIM\CELL2\MTEST.TAP
14:21:36	BUSY
14:21:49	IDLE
14:21:58	BUSY 5 C:\CIM\CELL2\MTEST.TAP
14:21:59	IDLE 5 C:\CIM\CELL2\MTEST.TAP
14:22:03	BUSY 3
14:22:23	IDLE
24:04:2006
14:23:37	BUSY
14:23:37	BUSY
14:26:40	IDLE
14:26:53	BUSY 5 C:\CIM\CELL2\MTEST.TAP
14:26:53	IDLE 5 C:\CIM\CELL2\MTEST.TAP
14:26:58	BUSY 3
14:27:30	IDLE 3
24:04:2006
14:56:28	BUSY 5 C:\CIM\CELL1\LTEST.TAP
14:56:31	ERROR Error on CNC download
14:56:35	IDLE
14:58:09	BUSY 3
14:58:40	IDLE
14:58:43	BUSY 3
14:58:51	IDLE
24:04:2006
14:59:07	BUSY 3
14:59:15	IDLE
24:04:2006
14:59:32	BUSY 5 C:\CIM\CELL1\LTEST.TAP
14:59:32	IDLE 5 C:\CIM\CELL1\LTEST.TAP
14:59:39	BUSY 3
14:59:50	IDLE 3
15:02:50	BUSY 5 C:\CIM\CELL1\LTEST.TAP
15:02:50	IDLE 5 C:\CIM\CELL1\LTEST.TAP
15:02:54	BUSY 3
15:03:05	IDLE 3
24:04:2006
15:53:22	BUSY 5 C:\CIM\CELL1\LTEST.TAP
15:53:24	ERROR Error on CNC download
15:53:41	IDLE
15:53:44	BUSY 5 C:\CIM\CELL1\LTEST.TAP
15:54:14	ERROR Communications time out
25:04:2006
10:32:08	BUSY 1
10:32:10	IDLE 1
10:32:12	BUSY 2
10:32:14	IDLE 2
10:32:18	BUSY 5 C:\CIM\CELL1\LTEST.TAP
10:32:19	IDLE 5 C:\CIM\CELL1\LTEST.TAP
10:32:21	BUSY 3
10:32:32	IDLE 3
10:39:21	BUSY 1
10:39:21	IDLE 1
10:39:33	BUSY 2
10:39:34	IDLE 2
10:39:40	BUSY 5 LTest.tap
10:39:41	IDLE 5 LTest.tap
10:39:41	BUSY 3
10:39:52	IDLE 3
10:39:53	BUSY 4
10:39:53	IDLE 4
10:40:01	BUSY 1
10:40:02	IDLE 1
10:40:14	BUSY 1
10:40:14	IDLE 1
10:40:26	BUSY 2
10:40:27	IDLE 2
10:46:33	BUSY 1
10:46:34	IDLE 1
10:46:54	BUSY 5 LTest.tap
10:46:54	IDLE 5 LTest.tap
10:46:55	BUSY 3
10:47:05	IDLE 3
10:47:06	BUSY 4
10:47:06	IDLE 4
10:48:07	BUSY 1
10:48:07	IDLE 1
10:48:19	BUSY 2
10:48:20	IDLE 2
10:48:27	BUSY 5 LTest.tap
10:48:27	IDLE 5 LTest.tap
10:48:27	BUSY 3
10:48:38	IDLE 3
10:48:39	BUSY 4
10:48:39	IDLE 4
10:48:48	BUSY 1
10:48:48	IDLE 1
10:49:01	BUSY 1
10:49:01	IDLE 1
10:49:13	BUSY 2
10:49:13	IDLE 2
10:52:10	BUSY 1
10:52:11	IDLE 1
10:52:45	BUSY 1
10:52:45	IDLE 1
10:52:57	BUSY 2
10:52:58	IDLE 2
10:53:04	BUSY 5 LTest.tap
10:53:04	IDLE 5 LTest.tap
10:53:05	BUSY 3
10:53:16	IDLE 3
10:53:16	BUSY 4
10:53:17	IDLE 4
10:53:25	BUSY 1
10:53:26	IDLE 1
10:53:38	BUSY 1
10:53:38	IDLE 1
10:53:50	BUSY 2
10:53:51	IDLE 2
10:55:07	BUSY 1
10:55:08	IDLE 1
10:56:09	BUSY 1
10:56:09	IDLE 1
10:56:22	BUSY 2
10:56:23	IDLE 2
10:56:29	BUSY 5 LTest.tap
10:56:29	IDLE 5 LTest.tap
10:56:30	BUSY 3
10:56:41	IDLE 3
10:56:41	BUSY 4
10:56:42	IDLE 4
10:56:50	BUSY 1
10:56:51	IDLE 1
10:57:03	BUSY 1
10:57:03	IDLE 1
10:57:15	BUSY 2
10:57:16	IDLE 2
11:04:03	BUSY 1
11:04:04	IDLE 1
11:04:11	BUSY 1
11:04:11	IDLE 1
11:04:24	BUSY 2
11:04:25	IDLE 2
11:04:32	BUSY 5 LTest.tap
11:04:32	IDLE 5 LTest.tap
11:04:32	BUSY 3
11:04:43	IDLE 3
11:04:44	BUSY 4
11:04:44	IDLE 4
11:04:52	BUSY 1
11:04:53	IDLE 1
11:05:05	BUSY 1
11:05:05	IDLE 1
11:05:18	BUSY 2
11:05:18	IDLE 2
11:07:05	BUSY 1
11:07:06	IDLE 1
11:57:21	BUSY 1
11:57:21	IDLE 1
11:57:34	BUSY 2
11:57:34	IDLE 2
11:57:41	BUSY 5 LTest.tap
11:57:41	IDLE 5 LTest.tap
11:57:41	BUSY 3
11:57:52	IDLE 3
11:57:53	BUSY 4
11:57:53	IDLE 4
11:58:02	BUSY 1
11:58:02	IDLE 1
11:58:15	BUSY 1
11:58:15	IDLE 1
11:58:27	BUSY 2
11:58:27	IDLE 2
12:17:23	BUSY 1
12:17:23	IDLE 1
12:17:36	BUSY 2
12:17:36	IDLE 2
12:17:43	BUSY 5 Ltest.tap
12:17:43	IDLE 5 Ltest.tap
12:17:43	BUSY 3
12:17:54	IDLE 3
12:17:55	BUSY 4
12:17:55	IDLE 4
12:18:03	BUSY 1
12:18:04	IDLE 1
12:18:28	BUSY 2
12:18:29	IDLE 2
12:18:36	BUSY 5 Ltest.tap
12:18:36	IDLE 5 Ltest.tap
12:18:36	BUSY 3
12:18:47	IDLE 3
12:18:48	BUSY 4
12:18:48	IDLE 4
12:18:56	BUSY 1
12:18:57	IDLE 1
12:25:46	BUSY 1
12:25:46	IDLE 1
12:25:58	BUSY 2
12:25:59	IDLE 2
12:26:05	BUSY 5 Ltest.tap
12:26:05	IDLE 5 Ltest.tap
12:26:06	BUSY 3
12:26:17	IDLE 3
12:26:17	BUSY 4
12:26:18	IDLE 4
12:26:26	BUSY 1
12:26:27	IDLE 1
12:26:50	BUSY 2
12:26:52	IDLE 2
12:26:58	BUSY 5 Ltest.tap
12:26:58	IDLE 5 Ltest.tap
12:26:59	BUSY 3
12:27:10	IDLE 3
12:27:10	BUSY 4
12:27:11	IDLE 4
12:27:19	BUSY 1
12:27:20	IDLE 1
15:47:17	BUSY 1
15:47:17	IDLE 1
15:47:29	BUSY 2
15:47:30	IDLE 2
15:47:37	BUSY 5 Ltest.tap
15:47:37	IDLE 5 Ltest.tap
15:47:37	BUSY 3
15:47:48	IDLE 3
15:47:49	BUSY 4
15:47:426:04:2006
11:07:43	BUSY 2
11:07:43	IDLE 2
11:07:47	BUSY 1
11:07:47	IDLE 1
11:07:52	BUSY 2
11:07:52	IDLE 2
11:08:12	BUSY 1
11:08:13	IDLE 1
11:08:57	BUSY 1
11:08:57	IDLE 1
11:09:09	BUSY 2
11:09:10	IDLE 2
11:09:17	BUSY 5 Ltest.tap
11:09:17	IDLE 5 Ltest.tap
11:09:17	BUSY 3
11:09:29	IDLE 3
11:09:30	BUSY 4
11:09:30	IDLE 4
11:09:39	BUSY 1
11:09:39	IDLE 1
11:10:03	BUSY 2
11:10:04	IDLE 2
11:10:11	BUSY 5 Ltest.tap
11:10:11	IDLE 5 Ltest.tap
11:10:11	BUSY 3
11:10:22	IDLE 3
11:10:23	BUSY 4
11:10:23	IDLE 4
11:10:32	BUSY27:04:2006
15:39:59	BUSY 1
15:39:59	IDLE 1
15:41:20	BUSY 2
15:41:21	IDLE 2
15:41:23	BUSY 1
15:41:24	IDLE 1
15:41:28	BUSY 2
15:41:29	IDLE 2
15:41:32	BUSY 5 C:\CIM\CELL1\LTEST.TAP
15:41:33	IDLE 5 C:\CIM\CELL1\LTEST.TAP
15:41:35	BUSY 3
15:41:45	IDLE 3
15:43:42	BUSY 1
15:43:42	IDLE 1
15:43:54	BUSY 2
15:43:56	IDLE 2
15:44:02	BUSY 5 Ltest.tap
15:44:02	IDLE 5 Ltest.tap
15:44:03	BUSY 3
15:44:14	IDLE 3
15:44:14	BUSY 4
15:44:15	IDLE 4
15:44:23	BUSY 1
15:44:24	IDLE 1
15:44:47	BUSY 2
15:44:49	IDLE 2
15:44:55	BUSY 5 Ltest.tap
15:44:55	IDLE 5 Ltest.tap
15:44:56	BUSY 3
15:45:07	IDLE 3
15:45:07	BUSY 4
15:45:08	IDLE 4
15:45:16	BUSY 1
15:45:17	IDLE 1
16:10:58	BUSY 1
16:10:58	IDLE 1
16:11:10	BUSY 2
16:11:12	IDLE 2
16:11:18	BUSY 5 Ltest.tap
16:11:18	IDLE 5 Ltest.tap
16:11:19	BUSY 3
16:11:30	IDLE 3
16:11:30	BUSY 4
16:11:31	IDLE 4
16:11:39	BUSY 1
16:11:40	IDLE 1
16:12:04	BUSY 2
16:12:05	IDLE 2
16:12:11	BUSY 5 Ltest.tap
16:12:12	IDLE 5 Ltest.tap
16:12:12	BUSY 3
16:12:23	IDLE 3
16:12:23	BUSY 4
16:12:24	IDLE 4
16:12:32	BUSY 1
16:12:302:05:2006
 8:23:40	BUSY 1
 8:23:41	IDLE 1
 8:23:43	BUSY 2
 8:23:44	IDLE 2
 8:23:48	BUSY 5 C:\CIM\CELL1\LTEST.TAP
 8:23:48	ERROR Error on CNC download
 8:24:01	IDLE
 8:24:11	BUSY 5 C:\CIM\CELL1\LTEST.TAP
 8:24:11	IDLE 5 C:\CIM\CELL1\LTEST.TAP
 8:24:13	BUSY 3
 8:24:22	IDLE 3
 8:25:32	BUSY 1
 8:25:33	IDLE 1
 8:25:46	BUSY 2
 8:25:46	IDLE 2
 8:25:53	BUSY 5 Ltest.tap
 8:25:53	IDLE 5 Ltest.tap
 8:25:53	BUSY 3
 8:26:04	IDLE 3
 8:26:05	BUSY 4
 8:26:05	IDLE 4
 8:26:13	BUSY 1
 8:26:14	IDLE 1
 8:26:38	BUSY 2
 8:26:39	02:05:2006
 9:23:58	BUSY 1
 9:24:00	IDLE 1
 9:24:01	BUSY 2
 9:24:03	IDLE 2
 9:24:06	BUSY 5 C:\CIM\CELL1\LTEST.TAP
 9:24:06	IDLE 5 C:\CIM\CELL1\LTEST.TAP
 9:24:08	BUSY 3
 9:24:19	IDLE 3
12:21:08	BUSY 1
12:21:09	IDLE 1
12:21:21	BUSY 2
12:21:22	IDLE 2
12:21:29	BUSY 5 Ltest.tap
12:21:29	IDLE 5 Ltest.tap
12:21:29	BUSY 3
12:21:40	IDLE 3
12:21:41	BUSY 4
12:21:41	IDLE 4
12:21:49	BUSY 1
12:21:50	IDLE 1
12:22:14	BUSY 2
12:22:15	IDLE 2
12:22:22	BUSY 5 Ltest.tap
12:22:22	IDLE 5 Ltest.tap
12:22:22	BUSY 3
12:22:33	IDLE 3
12:22:34	BUSY 4
12:22:34	IDLE 4
12:22:42	BUSY 1
12:22:43	IDLE 1
13:26:20	BUSY 1
13:26:20	IDLE 1
13:26:32	BUSY 2
13:26:33	IDLE 2
13:26:40	BUSY 5 Ltest.tap
13:26:40	IDLE 5 Ltest.tap
13:26:40	BUSY 3
13:26:51	IDLE 3
13:26:52	BUSY 4
13:26:52	IDLE 4
13:27:01	BUSY 1
13:27:01	IDLE 1
13:27:25	BUSY 2
13:27:26	IDLE 2
13:27:33	BUSY 5 Ltest.tap
13:27:33	IDLE 5 Ltest.tap
13:27:33	BUSY 3
13:27:44	IDLE 3
13:27:45	BUSY 4
13:27:45	IDLE 4
13:27:54	BUSY 1
13:27:54	IDLE 1
13:35:57	BUSY 1
13:35:57	IDLE 1
13:36:09	BUSY 2
13:36:10	IDLE 2
13:36:17	BUSY 5 Ltest.tap
13:36:17	IDLE 5 Ltest.tap
13:36:17	BUSY 3
13:36:28	IDLE 3
13:36:29	BUSY 4
13:36:29	IDLE 4
13:36:38	BUSY 1
13:36:38	IDLE 1
13:37:02	BUSY 2
13:37:03	IDLE 2
13:37:10	BUSY 5 Ltest.tap
13:37:10	IDLE 5 Ltest.tap
13:37:10	BUSY 3
13:37:21	IDLE 3
13:37:22	BUSY 4
13:37:22	IDLE 4
13:37:31	BUSY 1
13:37:31	IDLE 1
13:44:50	BUSY 1
13:44:50	IDLE 1
13:45:02	BUSY 2
13:45:03	IDLE 2
13:45:10	BUSY 5 Ltest.tap
13:45:10	IDLE 5 Ltest.tap
13:45:10	BUSY 3
13:45:21	IDLE 3
13:45:22	BUSY 4
13:45:22	IDLE 4
13:45:31	BUSY 1
13:45:31	IDLE 1
13:45:55	BUSY 2
13:45:56	IDLE 2
13:46:03	BUSY 5 Ltest.tap
13:46:03	IDLE 5 Ltest.tap
13:46:04	BUSY 3
13:46:14	IDLE 3
13:46:15	BUSY 4
13:46:15	IDLE 4
13:46:24	BUSY 1
13:46:24	IDLE 1
13:53:03	BUSY 1
13:53:03	IDLE 1
13:53:15	BUSY 2
13:53:16	IDLE 2
13:53:23	BUSY 5 Ltest.tap
13:53:23	IDLE 5 Ltest.tap
13:53:24	BUSY 3
13:53:34	IDLE 3
13:53:35	BUSY 4
13:53:35	IDLE 4
13:53:44	BUSY 1
13:53:44	IDLE 1
13:54:08	BUSY 2
13:54:09	IDLE 2
13:54:16	BUSY 5 Ltest.tap
13:54:16	IDLE 5 Ltest.tap03:05:2006
 8:15:29	BUSY 1
 8:15:31	IDLE 1
 8:15:33	BUSY 2
 8:15:34	IDLE 2
 8:15:37	BUSY 5 C:\CIM\CELL1\LTEST.TAP
 8:15:38	IDLE 5 C:\CIM\CELL1\LTEST.TAP
 8:15:40	BUSY 3
 8:15:50	IDLE 3
 8:34:47	BUSY 1
 8:34:49	IDLE 1
 8:35:01	BUSY 2
 8:35:02	IDLE 2
 8:35:08	BUSY 5 Ltest.tap
 8:35:08	IDLE 5 Ltest.tap
 8:35:09	BUSY 3
 8:35:20	IDLE 3
 8:35:20	BUSY 4
 8:35:21	IDLE 4
 8:35:29	BUSY 1
 8:35:30	IDLE 1
 8:35:53	BUSY 2
 8:35:55	IDLE 2
 8:36:01	BUSY 5 Ltest.tap
 8:36:01	IDLE 5 Ltest.tap
 8:36:02	BUSY 3
 8:36:13	IDLE 3
 8:36:13	BUSY 4
 8:36:14	IDLE 4
 8:36:22	BUSY 1
 8:36:23	IDLE 1
 8:49:03	BUSY 1
 8:49:03	IDLE 1
 8:49:15	BUSY 2
 8:49:16	IDLE 2
 8:49:22	BUSY 5 Ltest.tap
 8:49:22	IDLE 5 Ltest.tap
 8:49:23	BUSY 3
 8:49:34	IDLE 3
 8:49:34	BUSY 4
 8:49:35	IDLE 4
 8:49:43	BUSY 1
 8:49:44	IDLE 1
 8:50:08	BUSY 2
 8:50:09	IDLE 2
 8:50:15	BUSY 5 Ltest.tap
 8:50:15	IDLE 5 Ltest.tap
 8:50:16	BUSY 3
 8:50:27	IDLE 3
 8:50:27	BUSY 4
 8:50:28	IDLE 4
 8:50:36	BUSY 1
 8:50:37	IDLE 1
 9:20:37	BUSY 1
 9:20:37	IDLE 1
 9:20:49	BUSY 2
 9:20:50	IDLE 2
 9:20:56	BUSY 5 Ltest.tap
 9:20:56	IDLE 5 Ltest.tap
 9:20:57	BUSY 3
 9:21:08	IDLE 3
 9:21:08	BUSY 4
 9:21:09	IDLE 4
 9:21:17	BUSY 1
 9:21:18	IDLE 1
 9:21:42	BUSY 2
 9:21:43	IDLE 2
 9:21:49	BUSY 5 Ltest.tap
 9:21:50	IDLE 5 Ltest.tap
 9:21:50	BUSY 3
 9:22:01	IDLE 3
 9:22:01	BUSY 4
 9:22:02	IDLE 4
 9:22:10	BUSY 1
 9:22:11	IDLE 1
 9:30:20	BUSY 1
 9:30:20	IDLE 1
 9:30:32	BUSY 2
 9:30:33	IDLE 2
 9:30:39	BUSY 5 Ltest.tap
 9:30:39	IDLE 5 Ltest.tap
 9:30:40	BUSY 3
 9:30:51	IDLE 3
 9:30:51	BUSY 4
 9:30:52	IDLE 4
 9:31:00	BUSY 1
 9:31:01	IDLE 1
 9:31:25	BUSY 2
 9:31:26	IDLE 2
 9:31:32	BUSY 5 Ltest.tap
 9:31:33	IDLE 5 Ltest.tap
 9:31:33	BUSY 3
 9:31:44	IDLE 3
 9:31:44	BUSY 4
 9:31:45	IDLE 4
 9:31:53	BUSY 1
 9:31:54	IDLE 1
10:16:30	BUSY 1
10:16:30	IDLE 1
10:16:42	BUSY 2
10:16:43	IDLE 2
10:16:49	BUSY 5 Ltest.tap
10:16:50	IDLE 5 Ltest.tap
10:16:50	BUSY 3
10:17:01	IDLE 3
10:17:01	BUSY 4
10:17:02	IDLE 4
10:17:10	BUSY 1
10:17:11	IDLE 1
10:17:35	BUSY 2
10:17:36	IDLE 2
10:17:42	BUSY 5 Ltest.tap
10:17:43	IDLE 5 Ltest.tap
10:17:43	BUSY 3
10:17:54	IDLE 3
10:17:54	BUSY 4
10:17:55	IDLE 4
10:18:03	BUSY 1
10:18:04	IDLE 1
10:27:27	BUSY 1
10:27:27	IDLE 1
10:27:39	BUSY 2
10:27:40	IDLE 2
10:27:46	BUSY 5 Ltest.tap
10:27:47	IDLE 5 Ltest.tap
10:27:47	BUSY 3
10:27:58	IDLE 3
10:27:58	BUSY 4
10:27:59	IDLE 4
10:28:07	BUSY 1
10:28:08	IDLE 1
10:28:32	BUSY 2
10:28:33	IDLE 2
10:28:39	BUSY 5 Ltest.tap
10:28:40	IDLE 5 Ltest.tap
10:28:40	BUSY 3
10:28:51	IDLE 3
10:28:51	BUSY 4
10:28:52	IDLE 4
10:29:00	BUSY 1
10:29:01	IDLE 1
10:29:19	BUSY 1
10:29:19	IDLE 1
10:29:31	BUSY 2
10:29:32	IDLE 2
10:29:38	BUSY 5 Ltest.tap
10:29:39	IDLE 5 Ltest.tap
10:29:39	BUSY 3
10:29:50	IDLE 3
10:29:50	BUSY 4
10:29:51	IDLE 4
10:29:59	BUSY 1
10:30:01	IDLE 1
10:30:25	BUSY 2
10:30:26	IDLE 2
10:30:32	BUSY 5 Ltest.tap
10:30:33	IDLE 5 Ltest.tap
10:30:33	BUSY 3
10:30:44	IDLE 3
10:30:44	BUSY 4
10:30:45	IDLE 4
10:30:53	BUSY 1
10:30:54	IDLE 1
10:43:46	BUSY 1
10:43:46	IDLE 1
10:43:58	BUSY 2
10:44:00	IDLE 2
10:44:06	BUSY 5 Ltest.tap
10:44:07	IDLE 5 Ltest.tap
10:44:07	BUSY 3
10:44:18	IDLE 3
10:44:18	BUSY 4
10:44:19	IDLE 4
10:44:27	BUSY 1
10:44:28	IDLE 1
10:44:52	BUSY 2
10:44:53	IDLE 2
10:44:59	BUSY 5 Ltest.tap
10:45:00	IDLE 5 Ltest.tap
10:45:00	BUSY 3
10:45:11	IDLE 3
10:45:11	BUSY 4
10:45:12	IDLE 4
10:45:20	BUSY 1
10:45:21	IDLE 1
10:45:40	BUSY 1
10:45:40	IDLE 1
10:45:53	BUSY 2
10:45:54	IDLE 2
10:46:00	BUSY 5 Ltest.tap
10:46:01	IDLE 5 Ltest.tap
10:46:01	BUSY 3
10:46:12	IDLE 3
10:46:12	BUSY 4
10:46:13	IDLE 4
10:46:21	BUSY 1
10:46:23	IDLE 1
10:46:47	BUSY 2
10:46:48	IDLE 2
10:46:54	BUSY 5 Ltest.tap
10:46:55	IDLE 5 Ltest.tap
10:46:55	BUSY 3
10:47:06	IDLE 3
10:47:06	BUSY 4
10:47:07	IDLE 4
10:47:15	BUSY 1
10:47:16	IDLE 1
10:58:04	BUSY 1
10:58:04	IDLE 1
10:58:17	BUSY 2
10:58:17	IDLE 2
10:58:24	BUSY 5 Ltest.tap
10:58:24	IDLE 5 Ltest.tap
10:58:24	BUSY 3
10:58:35	IDLE 3
10:58:36	BUSY 4
10:58:36	IDLE 4
10:58:44	BUSY 1
10:58:45	IDLE 1
10:59:09	BUSY 2
10:59:10	IDLE 2
10:59:17	BUSY 5 Ltest.tap
10:59:17	IDLE 5 Ltest.tap
10:59:17	BUSY 3
10:59:28	IDLE 3
10:59:29	BUSY 4
10:59:29	IDLE 4
10:59:37	BUSY 1
10:59:38	IDLE 1
11:02:25	BUSY 1
11:02:25	IDLE 1
11:02:38	BUSY 2
11:02:38	IDLE 2
11:02:45	BUSY 5 Ltest.tap
11:02:45	IDLE 5 Ltest.tap
11:02:45	BUSY 3
11:02:56	IDLE 3
11:02:57	BUSY 4
11:02:57	IDLE 4
11:03:05	BUSY 1
11:03:06	IDLE 1
11:03:30	BUSY 2
11:03:31	IDLE 2
11:03:38	BUSY 5 Ltest.tap
11:03:38	IDLE 5 Ltest.tap
11:03:38	BUSY 3
11:03:49	IDLE 3
11:03:50	BUSY 4
11:03:50	IDLE 4
11:03:59	BUSY 1
11:03:59	IDLE 1
11:04:18	BUSY 1
11:04:18	IDLE 1
11:04:31	BUSY 2
11:04:31	IDLE 2
11:04:38	BUSY 5 Ltest.tap
11:04:38	IDLE 5 Ltest.tap
11:04:38	BUSY 3
11:04:49	IDLE 3
11:04:50	BUSY 4
11:04:50	IDLE 4
11:04:58	BUSY 1
11:05:00	IDLE 1
11:05:24	BUSY 2
11:05:25	IDLE 2
11:05:32	BUSY 5 Ltest.tap
11:05:32	IDLE 5 Ltest.tap
11:05:32	BUSY 3
11:05:43	IDLE 3
11:05:44	BUSY 4
11:05:44	IDLE 4
11:05:53	BUSY 1
11:05:53	IDLE 1
14:55:30	BUSY 1
14:55:30	IDLE 1
14:55:43	BUSY 2
14:55:44	IDLE 2
14:55:50	BUSY 5 Ltest.tap
14:55:50	IDLE 5 Ltest.tap
14:55:51	BUSY 3
14:56:02	IDLE 3
14:56:02	BUSY 4
14:56:03	IDLE 4
14:56:11	BUSY 1
14:56:12	IDLE 1
14:56:36	BUSY 2
14:56:37	IDLE 2
14:56:43	BUSY 5 Ltest.tap
14:56:43	IDLE 5 Ltest.tap
14:56:44	BUSY 3
14:56:55	IDLE 3
14:56:55	BUSY 4
14:56:56	IDLE 4
14:57:04	BUSY 1
14:57:05	IDLE 1
14:57:23	BUSY 1
14:57:23	IDLE 1
14:57:36	BUSY 2
14:57:37	IDLE 2
14:57:43	BUSY 5 Ltest.tap
14:57:43	IDLE 5 Ltest.tap
14:57:44	BUSY 3
14:57:55	IDLE 3
14:57:55	BUSY 4
14:57:56	IDLE 4
14:58:04	BUSY 1
14:58:06	IDLE 1
14:58:30	BUSY 2
14:58:31	IDLE 2
14:58:37	BUSY 5 Ltest.tap
14:58:37	IDLE 5 Ltest.tap
14:58:38	BUSY 3
14:58:49	IDLE 3
14:58:49	BUSY 4
14:58:50	IDLE 4
14:58:58	BUSY 1
14:58:59	IDLE 1
15:35:16	BUSY 1
15:35:16	IDLE 1
15:35:29	BUSY 2
15:35:30	IDLE 2
15:35:36	BUSY 5 Ltest.tap
15:35:36	IDLE 5 Ltest.tap
15:35:37	BUSY 3
15:35:48	IDLE 3
15:35:48	BUSY 4
15:35:49	IDLE 4
15:35:57	BUSY 1
15:35:58	IDLE 1
15:36:22	BUSY 2
15:36:23	IDLE 2
15:36:29	BUSY 5 Ltest.tap
15:36:29	IDLE 5 Ltest.tap
15:36:30	BUSY 3
15:36:41	IDLE 3
15:36:41	BUSY 4
15:36:42	IDLE 4
15:36:50	BUSY 1
15:36:51	IDLE 1
15:38:55	BUSY 1
15:38:55	IDLE 1
15:39:08	BUSY 2
15:39:09	IDLE 2
15:39:15	BUSY 504:05:2006
12:06:05	BUSY 1
12:06:06	IDLE 1
12:06:07	BUSY 2
12:06:09	IDLE 2
12:06:13	BUSY 5 C:\CIM\CELL1\LTEST.TAP
12:07:45	ERROR Communications time out
12:07:49	IDLE
12:07:53	BUSY 5 C:\CIM\CELL1\LTEST.TAP
12:07:53	IDLE 5 C:\CIM\CELL1\LTEST.TAP
12:07:55	BUSY 3
12:08:05	IDLE 3
12:08:15	BUSY 1
12:08:17	IDLE 1
12:08:29	BUSY 2
12:08:30	IDLE 2
12:08:36	BUSY 5 Ltest.tap
12:08:36	IDLE 5 Ltest.tap
12:08:37	BUSY 3
12:08:48	IDLE 3
12:08:48	BUSY 4
12:08:49	IDLE 4
12:08:57	BUSY 1
12:08:58	IDLE 1
12:09:21	BUSY 2
12:09:23	IDLE 2
12:09:29	BUSY 5 Ltest.tap
12:09:29	IDLE 5 Ltest.tap
12:09:30	BUSY 3
12:09:41	IDLE 3
12:09:41	BUSY 4
12:09:42	IDLE 4
12:09:50	BUSY 1
12:09:51	IDLE 1
14:20:04	BUSY 1
14:20:04	IDLE 1
14:20:16	BUSY 2
14:20:18	IDLE 2
14:20:24	BUSY 5 Ltest.tap
14:20:24	IDLE 5 Ltest.tap
14:20:25	BUSY 3
14:20:36	IDLE 3
14:20:36	BUSY 4
14:20:37	IDLE 4
14:20:45	BUSY 1
14:20:46	IDLE 1
14:21:10	BUSY 2
14:21:11	IDLE 2
14:21:17	BUSY 5 Ltest.tap
14:21:17	IDLE 5 Ltest.tap
14:21:18	BUSY 3
14:21:29	IDLE 3
14:21:29	BUSY 4
14:21:30	IDLE 4
14:21:38	BUSY 1
14:21:39	IDLE 1
14:21:59	BUSY 1
14:21:59	IDLE 1
14:22:12	BUSY 2
14:22:13	IDLE 2
14:22:19	BUSY 5 Ltest.tap
14:22:19	IDLE 5 Ltest.tap
14:22:20	BUSY 3
14:22:31	IDLE 3
14:22:31	BUSY 4
14:22:32	IDLE 4
14:22:40	BUSY 1
14:22:42	IDLE 1
14:23:06	BUSY 2
14:23:07	IDLE 2
14:23:13	BUSY 5 Ltest.tap
14:23:13	IDLE 5 Ltest.tap
14:23:14	BUSY 3
14:23:25	IDLE 3
14:23:25	BUSY 4
14:23:26	IDLE 4
14:23:34	BUSY 1
14:23:35	IDLE 1
14:39:26	BUSY 1
14:39:26	IDLE 1
14:39:39	BUSY 2
14:39:40	IDLE 2
14:39:46	BUSY 5 Ltest.tap
14:39:46	IDLE 5 Ltest.tap
14:39:47	BUSY 3
14:39:58	IDLE 3
14:39:58	BUSY 4
14:39:59	IDLE 4
14:40:07	BUSY 1
14:40:08	IDLE 1
14:40:32	BUSY 2
14:40:33	IDLE 2
14:40:39	BUSY 5 Ltest.tap
14:40:39	IDLE 5 Ltest.tap
14:40:40	BUSY 3
14:40:51	IDLE 3
14:40:51	BUSY 4
14:40:52	IDLE 4
14:41:00	BUSY 1
14:41:01	IDLE 1
14:41:20	BUSY 1
14:41:20	IDLE 1
14:41:33	BUSY 2
14:41:34	IDLE 2
14:41:40	BUSY 5 Ltest.tap
14:41:40	IDLE 5 Ltest.tap
14:41:41	BUSY 3
14:41:52	IDLE 3
14:41:52	BUSY 4
14:41:53	IDLE 4
14:42:01	BUSY 1
14:42:004:05:2006
15:33:48	BUSY 1
15:33:48	IDLE 1
15:33:50	BUSY 2
15:33:51	IDLE 2
15:34:45	BUSY 1
15:34:46	IDLE 1
15:34:59	BUSY 2
15:34:59	IDLE 2
15:35:06	BUSY 5 Ltest.tap
15:35:06	ERROR Error on CNC download
15:36:24	IDLE
15:36:30	BUSY 5 C:\CIM\CELL1\LTEST.TAP
15:36:30	IDLE 5 C:\CIM\CELL1\LTEST.TAP
15:36:32	BUSY 3
15:36:43	IDLE 3
15:41:40	BUSY 1
15:41:42	IDLE 1
15:41:55	BUSY 2
15:41:55	IDLE 2
15:42:02	BUSY 5 Ltest.tap
15:42:02	IDLE 5 Ltest.tap
15:42:02	BUSY 3
15:42:13	IDLE 3
15:42:14	BUSY 4
15:42:14	IDLE 4
15:42:23	BUSY 1
15:42:23	IDLE 1
15:42:47	BUSY 2
15:42:48	IDLE 2
15:42:55	BUSY 5 Ltest.tap
15:42:55	IDLE 5 Ltest.tap
15:42:55	BUSY 3
15:43:06	IDLE 3
15:43:07	BUSY 4
15:43:07	IDLE 4
15:43:16	BUSY 1
15:43:16	IDLE 1
16:13:50	BUSY 1
16:13:50	IDLE 1
16:14:02	BUSY 2
16:14:04	IDLE 2
16:14:10	BUSY 5 Ltest.tap
16:14:10	IDLE 5 Ltest.tap
16:14:10	BUSY 3
16:14:21	IDLE 3
16:14:22	BUSY 4
16:14:23	IDLE 4
16:14:31	BUSY 1
16:14:32	IDLE 1
16:14:55	BUSY 2
16:14:57	IDLE 2
16:15:03	BUSY 5 Ltest.tap
16:15:03	IDLE 5 Ltest.tap
16:15:04	B05:05:2006
 7:25:01	BUSY 1
 7:25:02	IDLE 1
 7:25:05	BUSY 2
 7:25:05	IDLE 2
 7:25:10	BUSY 5 C:\CIM\CELL1\LTEST.TAP
 7:25:10	IDLE 5 C:\CIM\CELL1\LTEST.TAP
 7:25:13	BUSY 3
 7:25:22	IDLE 3
 7:25:39	BUSY 1
 7:25:40	IDLE 1
 7:25:53	BUSY 2
 7:25:54	IDLE 2
 7:26:01	BUSY 5 Ltest.tap
 7:26:01	IDLE 5 Ltest.tap
 7:26:01	BUSY 3
 7:26:12	IDLE 3
 7:26:13	BUSY 4
 7:26:13	IDLE 4
 7:26:22	BUSY 1
 7:26:22	IDLE 1
 7:26:46	BUSY 2
 7:26:47	IDLE 2
 7:26:54	BUSY 5 Ltest.tap
 7:26:54	IDLE 5 Ltest.tap
 7:26:54	BUSY 3
 7:27:05	IDLE 308:05:2006
 7:23:21	BUSY
 7:23:21	BUSY
 7:31:56	IDLE
 7:32:56	BUSY 1
 7:32:56	IDLE 1
 7:33:15	BUSY 2
 7:33:16	IDLE 2
 7:33:20	BUSY 5 C:\CIM\CELL1\LTEST.TAP
 7:33:20	IDLE 5 C:\CIM\CELL1\LTEST.TAP
 7:33:22	BUSY 3
 7:33:33	IDLE 3
 7:34:09	BUSY 1
 7:34:09	IDLE 1
 7:34:22	BUSY 2
 7:34:22	IDLE 2
 7:34:29	BUSY 5 Ltest.tap
 7:34:29	IDLE 5 Ltest.tap
 7:34:29	BUSY 3
 7:34:40	IDLE 3
 7:34:41	BUSY 4
 7:34:41	IDLE 4
 7:34:50	BUSY 1
 7:34:50	IDLE 1
 7:35:14	BUSY 2
 7:35:15	IDLE 2
 7:35:22	BUSY 5 Ltest.tap
 7:35:22	IDLE 5 Ltest.tap
 7:35:22	BUSY 3
 7:35:33	IDLE 3
 7:35:34	BUSY 4
 7:35:34	IDLE 4
 7:35:42	BUSY 1
 7:35:43	IDLE 1
 8:57:13	BUSY 1
 8:57:13	IDLE 1
 8:57:25	BUSY 2
 8:57:27	IDLE 2
 8:57:33	BUSY 5 Ltest.tap
 8:57:33	IDLE 5 Ltest.tap
 8:57:34	BUSY 3
 8:57:45	IDLE 3
 8:57:45	BUSY 4
 8:57:46	IDLE 4
 8:57:54	BUSY 1
 8:57:55	IDLE 1
 8:58:18	BUSY 2
 8:58:20	IDLE 2
 8:58:26	BUSY 5 Ltest.tap
 8:58:26	IDLE 5 Ltest.tap
 8:58:27	BUSY 3
 8:58:38	IDLE 3
 8:58:38	BUSY 4
 8:58:39	IDLE 4
 8:58:47	BUSY 1
 8:58:48	IDLE 1
 8:59:08	BUSY 1
 8:59:08	IDLE 1
 8:59:20	BUSY 2
 8:59:22	IDLE 2
 8:59:28	BUSY 5 Ltest.tap
 8:59:29	IDLE 5 Ltest.tap
 8:59:29	BUSY 3
 8:59:41	IDLE 3
 8:59:41	BUSY 4
 8:59:42	IDLE 4
 8:59:50	BUSY 1
 8:59:52	IDLE 1
 9:00:15	BUSY 2
 9:00:17	IDLE 2
 9:00:23	BUSY 5 Ltest.tap
 9:00:23	IDLE 5 Ltest.tap
 9:00:24	BUSY 3
 9:00:35	IDLE 3
 9:00:35	BUSY 4
 9:00:36	IDLE 4
 9:00:44	BUSY 1
 9:00:45	IDLE 1
 9:01:04	BUSY 1
 9:01:04	IDLE 1
 9:01:16	BUSY 2
 9:01:18	IDLE 2
 9:01:24	BUSY 5 Ltest.tap
 9:01:24	IDLE 5 Ltest.tap
 9:01:25	BUSY 3
 9:01:36	IDLE 3
 9:01:36	BUSY 4
 9:01:37	IDLE 4
 9:01:45	BUSY 1
 9:01:47	IDLE 1
 9:02:10	BUSY 2
 9:02:12	IDLE 2
 9:02:18	BUSY 5 Ltest.tap
 9:02:18	IDLE 5 Ltest.tap
 9:02:19	BUSY 3
 9:02:30	IDLE 3
 9:02:30	BUSY 4
 9:02:31	IDLE 4
 9:02:39	BUSY 1
 9:02:40	IDLE 1
 9:02:58	BUSY 1
 9:02:58	IDLE 1
 9:03:10	BUSY 2
 9:03:12	IDLE 2
 9:03:18	BUSY 5 Ltest.tap
 9:03:18	IDLE 5 Ltest.tap
 9:03:19	BUSY 3
 9:03:30	IDLE 3
 9:03:30	BUSY 4
 9:03:31	IDLE 4
 9:03:39	BUSY 1
 9:03:40	IDLE 1
 9:04:04	BUSY 2
 9:04:05	IDLE 2
 9:04:11	BUSY 5 Ltest.tap
 9:04:11	IDLE 5 Ltest.tap
 9:04:12	BUSY 3
 9:04:23	IDLE 3
 9:04:23	BUSY 4
 9:04:24	IDLE 4
 9:04:32	BUSY 1
 9:04:33	IDLE 1
 9:04:51	BUSY 1
 9:04:51	IDLE 1
 9:05:03	BUSY 2
 9:05:05	IDLE 2
 9:05:11	BUSY 5 Ltest.tap
 9:05:11	IDLE 5 Ltest.tap
 9:05:12	BUSY 3
 9:05:23	IDLE 3
 9:05:23	BUSY 4
 9:05:24	IDLE 4
 9:05:32	BUSY 1
 9:05:34	IDLE 1
 9:05:58	BUSY 2
 9:05:59	IDLE 2
 9:06:05	BUSY 5 Ltest.tap
 9:06:05	IDLE 5 Ltest.tap
 9:06:06	BUSY 3
 9:06:17	IDLE 3
 9:06:17	BUSY 4
 9:06:18	IDLE 4
 9:06:26	BUSY 1
 9:06:27	IDLE 1
10:17:10	BUSY 1
10:17:10	IDLE 1
10:17:23	BUSY 2
10:17:24	IDLE 2
10:17:30	BUSY 5 Ltest.tap
10:17:30	IDLE 5 Ltest.tap
10:17:31	BUSY 3
10:17:42	IDLE 3
10:17:42	BUSY 4
10:17:43	IDLE 4
10:17:51	BUSY 1
10:17:52	IDLE 1
10:18:16	BUSY 2
10:18:17	IDLE 2
10:18:23	BUSY 5 Ltest.tap
10:18:23	IDLE 5 Ltest.tap
10:18:24	BUSY 3
10:18:35	IDLE 3
10:18:35	BUSY 4
10:18:36	IDLE 4
10:18:44	BUSY 1
10:18:45	IDLE 1
10:19:04	BUSY 1
10:19:04	IDLE 1
10:19:17	BUSY 2
10:19:18	IDLE 2
10:19:24	BUSY 5 Ltest.tap
10:19:24	IDLE 5 Ltest.tap
10:19:25	BUSY 3
10:19:36	IDLE 3
10:19:36	BUSY 4
10:19:37	IDLE 4
10:19:45	BUSY 1
10:19:47	IDLE 1
10:20:11	BUSY 2
10:20:12	IDLE 2
10:20:18	BUSY 5 Ltest.tap
10:20:18	IDLE 5 Ltest.tap
10:20:19	BUSY 3
10:20:30	IDLE 3
10:20:30	BUSY 4
10:20:31	IDLE 4
10:20:39	BUSY 1
10:20:40	IDLE 1
10:20:58	BUSY 1
10:20:58	IDLE 1
10:21:11	BUSY 2
10:21:12	IDLE 2
10:21:18	BUSY 5 Ltest.tap
10:21:18	IDLE 5 Ltest.tap
10:21:19	BUSY 3
10:21:30	IDLE 3
10:21:30	BUSY 4
10:21:31	IDLE 4
10:21:39	BUSY 1
10:21:41	IDLE 1
10:22:05	BUSY 2
10:22:06	IDLE 2
10:22:12	BUSY 5 Ltest.tap
10:22:12	IDLE 5 Ltest.tap
10:22:13	BUSY 3
10:22:24	IDLE 3
10:22:24	BUSY 4
10:22:25	IDLE 4
10:22:33	BUSY 1
10:22:34	IDLE 1
10:22:53	BUSY 1
10:22:53	IDLE 1
10:23:06	BUSY 2
10:23:07	IDLE 2
10:23:13	BUSY 5 Ltest.tap
10:23:13	IDLE 5 Ltest.tap
10:23:14	BUSY 3
10:23:25	IDLE 3
10:23:25	BUSY 4
10:23:26	IDLE 4
10:23:34	BUSY 1
10:23:35	IDLE 1
10:23:59	BUSY 2
10:24:00	IDLE 2
10:24:06	BUSY 5 Ltest.tap
10:24:06	IDLE 5 Ltest.tap
10:24:07	BUSY 3
10:24:18	IDLE 3
10:24:18	BUSY 4
10:24:19	IDLE 4
10:24:27	BUSY 1
10:24:28	IDLE 1
10:24:46	BUSY 1
10:24:46	IDLE 1
10:24:59	BUSY 2
10:25:00	IDLE 2
10:25:06	BUSY 5 Ltest.tap
10:25:06	IDLE 5 Ltest.tap
10:25:07	BUSY 3
10:25:18	IDLE 3
10:25:18	BUSY 4
10:25:19	IDLE 4
10:25:27	BUSY 1
10:25:29	IDLE 1
10:25:53	BUSY 2
10:25:54	IDLE 2
10:26:00	BUSY 5 Ltest.tap
10:26:00	IDLE 5 Ltest.tap
10:26:01	BUSY 3
10:26:12	IDLE 3
10:26:12	BUSY 4
10:26:13	IDLE 4
10:26:21	BUSY 1
10:26:22	IDLE 1
08:05:2006
08:05:2006
09:05:2006
 8:40:39	BUSY 1
 8:40:40	IDLE 1
 8:40:52	BUSY 2
 8:40:54	IDLE 2
 8:41:00	BUSY 5 Ltest.tap
 8:42:00	ERROR Error on CNC download
 8:42:09	IDLE
 8:42:17	BUSY 5 C:\CIM\CELL1\LTEST.TAP
 8:42:17	IDLE 5 C:\CIM\CELL1\LTEST.TAP
 8:42:21	BUSY 3
 8:42:32	IDLE 3
 8:42:47	BUSY 5 C:\CIM\CELL1\LTEST.TAP
 8:42:47	IDLE 5 C:\CIM\CELL1\LTEST.TAP
 8:42:49	BUSY 3
 8:43:00	IDLE 3
 8:43:05	BUSY 1
 8:43:07	IDLE 1
 8:43:19	BUSY 2
 8:43:20	IDLE 2
 8:43:26	BUSY 5 Ltest.tap
 8:43:26	IDLE 5 Ltest.tap
 8:43:27	BUSY 3
 8:43:38	IDLE 3
 8:43:39	BUSY 4
 8:43:39	IDLE 4
 8:43:47	BUSY 1
 8:43:49	IDLE 1
 8:44:13	BUSY 2
 8:44:14	IDLE 2
 8:44:20	BUSY 5 Ltest.tap
 8:44:20	IDLE 5 Ltest.tap
 8:44:21	BUSY 3
 8:44:32	IDLE 3
 8:44:32	BUSY 4
 8:44:33	IDLE 4
 8:44:41	BUSY 1
 8:44:42	IDLE 1
 8:46:44	BUSY 1
 8:46:44	IDLE 1
 8:46:57	BUSY 2
 8:46:58	IDLE 2
 8:47:04	BUSY 5 Ltest.tap
 8:47:04	IDLE 5 Ltest.tap
 8:47:05	BUSY 3
 8:47:16	IDLE 3
 8:47:16	BUSY 4
 8:47:17	IDLE 4
 8:47:25	BUSY 1
 8:47:26	IDLE 1
 8:47:50	BUSY 2
 8:47:51	IDLE 2
 8:47:57	BUSY 5 Ltest.tap
 8:47:57	IDLE 5 Ltest.tap
 8:47:58	BUSY 3
 8:48:09	IDLE 3
 8:48:09	BUSY 4
 8:48:10	IDLE 4
 8:48:18	BUSY 1
 8:48:19	IDLE 1
 8:49:41	BUSY 1
 8:49:41	IDLE 1
 8:49:54	BUSY 2
 8:49:55	IDLE 2
 8:50:01	BUSY 5 Ltest.tap
 8:50:01	IDLE 5 Ltest.tap
 8:50:02	BUSY 3
 8:50:13	IDLE 3
 8:50:13	BUSY 4
 8:50:14	IDLE 4
 8:50:22	BUSY 1
 8:50:23	IDLE 1
 8:50:47	BUSY 2
 8:50:48	IDLE 2
 8:50:54	BUSY 5 Ltest.tap
 8:50:54	IDLE 5 Ltest.tap
 8:50:55	BUSY 3
 8:51:06	IDLE 3
 8:51:06	BUSY 4
 8:51:07	IDLE 4
 8:51:15	BUSY 1
 8:51:16	IDLE 1
 8:51:35	BUSY 1
 8:51:35	IDLE 1
 8:51:48	BUSY 2
 8:51:49	IDLE 2
 8:51:55	BUSY 5 Ltest.tap
 8:51:55	IDLE 5 Ltest.tap
 8:51:56	BUSY 3
 8:52:07	IDLE 3
 8:52:07	BUSY 4
 8:52:08	IDLE 4
 8:52:16	BUSY 1
 8:52:18	IDLE 1
 8:52:42	BUSY 2
 8:52:43	IDLE 2
 8:52:49	BUSY 5 Ltest.tap
 8:52:49	IDLE 5 Ltest.tap
 8:52:50	BUSY 3
 8:53:01	IDLE 3
 8:53:01	BUSY 4
 8:53:02	IDLE 4
 8:53:10	BUSY 1
 8:53:11	IDLE 1
 8:53:29	BUSY 1
 8:53:29	IDLE 1
 8:53:42	BUSY 2
 8:53:43	IDLE 2
 8:53:49	BUSY 5 Ltest.tap
 8:53:49	IDLE 5 Ltest.tap
 8:53:50	BUSY 3
 8:54:01	IDLE 3
 8:54:01	BUSY 4
 8:54:02	IDLE 4
 8:54:10	BUSY 1
 8:54:12	IDLE 1
 8:54:35	BUSY 2
 8:54:37	IDLE 2
 8:54:43	BUSY 5 Ltest.tap
 8:54:43	IDLE 5 Ltest.tap
 8:54:44	BUSY 3
 8:54:55	IDLE 3
 8:54:55	BUSY 4
 8:54:56	IDLE 4
 8:55:04	BUSY 1
 8:55:05	IDLE 1
 8:55:23	BUSY 1
 8:55:23	IDLE 1
 8:55:36	BUSY 2
 8:55:37	IDLE 2
 8:55:43	BUSY 5 Ltest.tap
 8:55:43	IDLE 5 Ltest.tap
 8:55:44	BUSY 3
 8:55:55	IDLE 3
 8:55:55	BUSY 4
 8:55:56	IDLE 4
 8:56:04	BUSY 1
 8:56:05	IDLE 1
 8:56:29	BUSY 2
 8:56:30	IDLE 2
 8:56:36	BUSY 5 Ltest.tap
 8:56:36	IDLE 5 Ltest.tap
 8:56:37	BUSY 3
 8:56:48	IDLE 3
 8:56:48	BUSY 4
 8:56:49	IDLE 4
 8:56:57	BUSY 1
 8:56:58	IDLE 1
 8:57:16	BUSY 1
 8:57:16	IDLE 1
 8:57:29	BUSY 2
 8:57:30	IDLE 2
 8:57:36	BUSY 5 Ltest.tap
 8:57:36	IDLE 5 Ltest.tap
 8:57:37	BUSY 3
 8:57:48	IDLE 3
 8:57:48	BUSY 4
 8:57:49	IDLE 4
 8:57:57	BUSY 1
 8:57:59	IDLE 1
 8:58:23	BUSY 2
 8:58:24	IDLE 2
 8:58:30	BUSY 5 Ltest.tap
 8:58:30	IDLE 5 Ltest.tap
 8:58:31	BUSY 3
 8:58:42	IDLE 3
 8:58:42	BUSY 4
 8:58:43	IDLE 4
 8:58:51	BUSY 1
 8:58:52	IDLE 1
13:33:29	BUSY 1
13:33:29	IDLE 1
13:33:42	BUSY 2
13:33:42	IDLE 2
13:33:49	BUSY 5 Ltest.tap
13:33:49	IDLE 5 Ltest.tap
13:33:49	BUSY 3
13:34:00	IDLE 3
13:34:01	BUSY 4
13:34:01	IDLE 4
13:34:10	BUSY 1
13:34:10	IDLE 1
13:34:34	BUSY 2
13:34:35	IDLE 2
13:34:42	BUSY 5 Ltest.tap
13:34:42	IDLE 5 Ltest.tap
13:34:42	BUSY 3
13:34:53	IDLE 3
13:34:54	BUSY 4
13:34:54	IDLE 4
13:35:03	BUSY 1
13:35:03	IDLE 1
13:35:23	BUSY 1
13:35:23	IDLE 1
13:35:36	BUSY 2
13:35:36	IDLE 2
13:35:43	BUSY 5 Ltest.tap
13:35:43	IDLE 5 Ltest.tap
13:35:43	BUSY 3
13:35:54	IDLE 3
13:35:55	BUSY 4
13:35:55	IDLE 4
13:36:03	BUSY 1
13:36:05	IDLE 1
13:36:29	BUSY 2
13:36:30	IDLE 2
13:36:37	BUSY 5 Ltest.tap
13:36:37	IDLE 5 Ltest.tap
13:36:37	BUSY 3
13:36:48	IDLE 3
13:36:49	BUSY 4
13:36:49	IDLE 4
13:36:58	BUSY 1
13:36:58	IDLE 1
13:37:17	BUSY 1
13:37:17	IDLE 1
13:37:30	BUSY 2
13:37:30	IDLE 2
13:37:37	BUSY 5 Ltest.tap
13:37:37	IDLE 5 Ltest.tap
13:37:37	BUSY 3
13:37:48	IDLE 3
13:37:49	BUSY 4
13:37:49	IDLE 4
13:37:58	BUSY 1
13:37:59	IDLE 1
13:38:23	BUSY 2
13:38:24	IDLE 2
13:38:31	BUSY 5 Ltest.tap
13:38:31	IDLE 5 Ltest.tap
13:38:31	BUSY 3
13:38:42	IDLE 3
13:38:43	BUSY 4
13:38:43	IDLE 4
13:38:52	BUSY 1
13:38:52	IDLE 1
13:39:11	BUSY 1
13:39:11	IDLE 1
13:39:24	BUSY 2
13:39:24	IDLE 2
13:39:31	BUSY 5 Ltest.tap
13:39:31	IDLE 5 Ltest.tap
13:39:31	BUSY 3
13:39:42	IDLE 3
13:39:43	BUSY 4
13:39:43	IDLE 4
13:39:52	BUSY 1
13:39:52	IDLE 1
13:40:16	BUSY 2
13:40:17	IDLE 2
13:40:24	BUSY 5 Ltest.tap
13:40:24	IDLE 5 Ltest.tap
13:40:24	BUSY 3
13:410:05:2006
11:09:53	BUSY 1
11:09:53	IDLE 1
11:10:06	BUSY 2
11:10:07	IDLE 2
11:10:14	BUSY 5 Ltest.tap
11:10:14	IDLE 5 Ltest.tap
11:10:15	BUSY 3
11:10:30	IDLE 3
11:10:30	BUSY 4
11:10:31	IDLE 4
11:10:39	BUSY 1
11:10:40	IDLE 1
11:11:03	BUSY 2
11:11:05	IDLE 2
11:11:11	BUSY 5 Ltest.tap
11:11:11	IDLE 5 Ltest.tap
11:11:12	BUSY 3
11:11:22	IDLE 3
11:11:23	BUSY 4
11:11:24	IDLE 4
11:11:32	BUSY 1
11:11:33	IDLE 1
11:11:53	BUSY 1
11:11:53	IDLE 1
11:12:05	BUSY 2
11:12:07	IDLE 2
11:12:13	BUSY 5 Ltest.tap
11:12:13	IDLE 5 Ltest.tap
11:12:13	BUSY 3
11:12:24	IDLE 3
11:12:25	BUSY 4
11:12:25	IDLE 4
11:12:34	BUSY 1
11:12:36	IDLE 1
11:12:59	BUSY 2
11:13:01	IDLE 2
11:13:07	BUSY 5 Ltest.tap
11:13:07	IDLE 5 Ltest.tap
11:13:08	BUSY 3
11:13:18	IDLE 3
11:13:19	BUSY 4
11:13:20	IDLE 4
11:13:28	BUSY 1
11:13:29	IDLE 1
11:13:48	BUSY 1
11:13:48	IDLE 1
11:14:00	BUSY 2
11:14:01	IDLE 2
11:14:08	BUSY 5 Ltest.tap
11:14:08	IDLE 5 Ltest.tap
11:14:09	BUSY 3
11:14:19	IDLE 3
11:14:20	BUSY 4
11:14:20	IDLE 4
11:14:29	BUSY 1
11:14:30	IDLE 1
11:14:54	BUSY 2
11:14:56	IDLE 2
11:15:02	BUSY 5 Ltest.tap
11:15:02	IDLE 5 Ltest.tap
11:15:02	BUSY 3
11:15:13	IDLE 3
11:15:14	BUSY 4
11:15:14	IDLE 4
11:15:23	BUSY 1
11:15:23	IDLE 1
11:15:42	BUSY 1
11:15:42	IDLE 1
11:15:54	BUSY 2
11:15:55	IDLE 2
11:16:02	BUSY 5 Ltest.tap
11:16:02	IDLE 5 Ltest.tap
11:16:03	BUSY 3
11:16:14	IDLE 3
11:16:14	BUSY 4
11:16:14	IDLE 4
11:16:23	BUSY 1
11:16:24	IDLE 1
11:16:47	BUSY 2
11:16:48	IDLE 2
11:16:55	BUSY 5 Ltest.tap
11:16:55	IDLE 5 Ltest.tap
11:16:56	BUSY 3
11:17:07	IDLE 3
11:17:07	BUSY 4
11:17:08	IDLE 4
11:17:16	BUSY 1
11:17:17	IDLE 1
11:17:35	BUSY 1
11:17:35	IDLE 1
11:17:47	BUSY 2
11:17:48	IDLE 2
11:17:55	BUSY 5 Ltest.tap
11:17:55	IDLE 5 Ltest.tap
11:17:56	BUSY 3
11:18:06	IDLE 3
11:18:07	BUSY 4
11:18:07	IDLE 4
11:18:16	BUSY 1
11:18:17	IDLE 1
11:18:41	BUSY 2
11:18:42	IDLE 2
11:18:49	BUSY 5 Ltest.tap
11:18:49	IDLE 5 Ltest.tap
11:18:49	BUSY 3
11:19:00	IDLE 3
11:19:01	BUSY 4
11:19:01	IDLE 4
11:19:10	BUSY 1
11:19:10	IDLE 1
13:46:44	BUSY 1
13:46:44	IDLE 1
13:46:53	BUSY 2
13:46:54	IDLE 2
13:46:56	BUSY11:05:2006
14:44:08	BUSY 1
14:44:09	IDLE 1
14:44:11	BUSY 2
14:44:12	IDLE 2
14:44:17	BUSY 5 C:\CIM\CELL1\LTEST.TAP
14:44:17	IDLE 5 C:\CIM\CELL1\LTEST.TAP
14:44:20	BUSY 3
14:44:30	IDLE 3
15:02:26	BUSY 1
15:02:26	IDLE 1
15:02:40	BUSY 2
15:02:41	IDLE 2
15:02:48	BUSY 5 Ltest.tap
15:02:48	IDLE 5 Ltest.tap
15:02:48	BUSY 3
15:02:59	IDLE 3
15:03:00	BUSY 4
15:03:00	IDLE 4
15:03:08	BUSY 1
15:03:08	IDLE 1
15:03:35	BUSY 2
15:03:36	IDLE 2
15:03:43	BUSY 5 Ltest.tap
15:03:43	IDLE 5 Ltest.tap
15:03:43	BUSY 3
15:03:54	IDLE 3
15:03:55	BUSY 4
15:03:55	IDLE 4
15:04:03	BUSY 1
15:04:03	IDLE 1
15:04:37	BUSY 1
15:04:37	IDLE 1
15:04:51	BUSY 2
15:04:52	IDLE 2
15:04:59	BUSY 5 Ltest.tap
15:04:59	IDLE 5 Ltest.tap
15:04:59	BUSY 3
15:05:10	IDLE 3
15:05:11	BUSY 4
15:05:11	IDLE 4
15:05:19	BUSY 1
15:05:19	IDLE 1
15:05:46	BUSY 2
15:05:47	IDLE 2
15:05:54	BUSY 5 Ltest.tap
15:05:54	IDLE 5 Ltest.tap
15:05:54	BUSY 3
15:06:05	IDLE 3
15:06:06	BUSY 4
15:06:06	IDLE 4
15:06:14	BUSY 1
15:06:14	IDLE 1
15:08:05	BUSY 1
15:08:05	IDLE 1
15:08:19	BUSY 2
15:08:19	IDLE 2
15:08:26	BUSY 5 Ltest.tap
15:08:26	IDLE 5 Ltest.tap
15:08:26	BUSY 3
15:08:37	IDLE 3
15:08:38	BUSY 4
15:08:38	IDLE 4
15:08:46	BUSY 1
15:08:47	IDLE 1
15:09:14	BUSY 2
15:09:15	IDLE 2
15:09:21	BUSY 5 Ltest.tap
15:09:22	IDLE 5 Ltest.tap
15:09:22	BUSY 3
15:09:33	IDLE 3
15:09:34	BUSY 4
15:09:34	IDLE 4
15:09:42	BUSY 1
15:09:42	IDLE 1
15:16:00	BUSY 1
15:16:00	IDLE 1
15:16:14	BUSY 2
15:16:14	IDLE 2
15:16:21	BUSY 5 Ltest.tap
15:16:21	IDLE 5 Ltest.tap
15:16:21	BUSY 3
15:16:32	IDLE 3
15:16:33	BUSY 4
15:16:33	IDLE 4
15:16:41	BUSY 1
15:16:41	IDLE 1
15:17:08	BUSY 2
15:17:09	IDLE 2
15:17:16	BUSY 5 Ltest.tap
15:17:16	IDLE 5 Ltest.tap
15:17:16	BUSY 3
15:17:27	IDLE 3
15:17:28	BUSY 4
15:17:28	IDLE 4
15:17:36	BUSY 1
15:17:36	IDLE 1
15:17:58	BUSY 1
15:17:58	IDLE 1
15:18:12	BUSY 2
15:18:12	IDLE 2
15:18:19	BUSY 5 Ltest.tap
15:18:19	IDLE 5 Ltest.tap
15:18:20	BUSY 3
15:18:30	IDLE 3
15:18:31	BUSY 4
15:18:31	IDLE 4
15:18:39	BUSY 1
15:18:40	IDLE 1
15:19:07	BUSY 2
15:19:08	IDLE 2
15:19:15	BUSY 5 Ltest.tap
15:19:15	IDLE 5 Ltest.tap
15:19:15	BUSY 3
15:19:26	IDLE 3
15:19:27	BUSY 4
15:19:27	IDLE 4
15:19:35	BUSY 1
15:19:35	IDLE 1
15:19:55	BUSY 1
15:19:55	IDLE 1
15:20:09	BUSY 2
15:20:10	IDLE 2
15:20:17	BUSY 5 Ltest.tap
15:20:17	IDLE 5 Ltest.tap
15:20:18	BUSY 3
15:20:28	IDLE 3
15:20:29	BUSY 4
15:20:29	IDLE 4
15:20:37	BUSY 1
15:20:38	IDLE 1
15:21:05	BUSY 2
15:21:06	IDLE 2
15:21:13	BUSY 5 Ltest.tap
15:21:13	IDLE 5 Ltest.tap
15:21:13	BUSY 3
15:21:24	IDLE 3
15:21:25	BUSY 4
15:21:25	IDLE 4
15:21:33	BUSY 1
15:21:33	IDLE 1
15:21:53	BUSY 1
15:21:53	IDLE 1
15:22:07	BUSY 2
15:22:07	IDLE 2
15:22:14	BUSY 5 Ltest.tap
15:22:14	IDLE 5 Ltest.tap
15:22:14	BUSY 3
15:22:25	IDLE 3
15:22:26	BUSY 4
15:22:26	IDLE 4
15:22:34	BUSY 1
15:22:34	IDLE 1
15:23:01	BUSY 2
15:23:02	IDLE 2
15:23:09	BUSY 5 Ltest.tap
15:23:09	IDLE 5 Ltest.tap
15:23:09	BUSY 3
15:23:20	IDLE 3
15:23:21	BUSY 4
15:23:21	IDLE 4
15:23:29	BUSY 1
15:23:29	IDLE 1
15:23:49	BUSY 1
15:23:49	IDLE 1
15:24:03	BUSY 2
15:24:04	IDLE 2
15:24:11	BUSY 5 Ltest.tap
15:24:11	IDLE 5 Ltest.tap
15:24:12	BUSY 3
15:24:22	ID15:05:2006
 9:34:17	BUSY 1
 9:34:19	IDLE 1
 9:34:21	BUSY 2
 9:34:22	IDLE 2
 9:34:27	BUSY 5 C:\CIM\CELL1\LTEST.TAP
 9:34:29	ERROR Error on CNC download
 9:34:32	IDLE
 9:36:07	BUSY 5 C:\CIM\CELL1\LTEST.TAP
 9:36:07	IDLE 5 C:\CIM\CELL1\LTEST.TAP
 9:36:10	BUSY 3
 9:36:19	IDLE 3
 9:37:16	BUSY 1
 9:37:18	IDLE 1
 9:37:32	BUSY 2
 9:37:34	IDLE 2
 9:37:40	BUSY 5 Ltest.tap
 9:37:40	IDLE 5 Ltest.tap
 9:37:41	BUSY 3
 9:37:52	IDLE 3
 9:37:52	BUSY 4
 9:37:53	IDLE 4
 9:38:00	BUSY 1
 9:38:01	IDLE 1
 9:38:28	BUSY 2
 9:38:29	IDLE 2
 9:38:35	BUSY 5 Ltest.tap
 9:38:35	IDLE 5 Ltest.tap
 9:38:36	BUSY 3
 9:38:47	IDLE 3
 9:38:47	BUSY 4
 9:38:48	IDLE 4
 9:38:55	BUSY 1
 9:38:56	IDLE 1
 9:48:28	BUSY 1
 9:48:28	IDLE 1
 9:48:42	BUSY 2
 9:48:43	IDLE 2
 9:48:49	BUSY 5 Ltest.tap
 9:48:49	IDLE 5 Ltest.tap
 9:48:50	BUSY 3
 9:49:01	IDLE 3
 9:49:01	BUSY 4
 9:49:02	IDLE 4
 9:49:09	BUSY 1
 9:49:10	IDLE 1
 9:49:36	BUSY 2
 9:49:38	IDLE 2
 9:49:44	BUSY 5 Ltest.tap
 9:49:44	IDLE 5 Ltest.tap
 9:49:45	BUSY 3
 9:49:56	IDLE 3
 9:49:56	BUSY 4
 9:49:57	IDLE 4
 9:50:04	BUSY 1
 9:50:05	IDLE 1
 9:50:26	BUSY 1
 9:50:26	IDLE 1
 9:50:40	BUSY 2
 9:50:41	IDLE 2
 9:50:47	BUSY 5 Ltest.tap
 9:50:48	IDLE 5 Ltest.tap
 9:50:48	BUSY 3
 9:51:00	IDLE 3
 9:51:00	BUSY 4
 9:51:01	IDLE 4
 9:51:08	BUSY 1
 9:51:09	IDLE 1
 9:51:36	BUSY 2
 9:51:37	IDLE 2
 9:51:43	BUSY 5 Ltest.tap
 9:51:43	IDLE 5 Ltest.tap
 9:51:44	BUSY 3
 9:51:55	IDLE 3
 9:51:55	BUSY 4
 9:51:56	IDLE 4
 9:52:03	BUSY 1
 9:52:04	IDLE 1
 9:52:24	BUSY 1
 9:52:24	IDLE 1
 9:52:38	BUSY 2
 9:52:39	IDLE 2
 9:52:45	BUSY 5 Ltest.tap
 9:52:46	IDLE 5 Ltest.tap
 9:52:46	BUSY 3
 9:52:58	IDLE 3
 9:52:58	BUSY 4
 9:52:59	IDLE 4
 9:53:06	BUSY 1
 9:53:08	IDLE 1
 9:53:35	BUSY 2
 9:53:36	IDLE 2
 9:53:42	BUSY 5 Ltest.tap
 9:53:42	IDLE 5 Ltest.tap
 9:53:43	BUSY 3
 9:53:54	IDLE 3
 9:53:54	BUSY 4
 9:53:55	IDLE 4
 9:54:02	BUSY 1
 9:54:03	IDLE 1
 9:54:23	BUSY 1
 9:54:23	IDLE 1
 9:54:37	BUSY 2
 9:54:38	IDLE 2
 9:54:44	BUSY 5 Ltest.tap
 9:54:44	IDLE 5 Ltest.tap
 9:54:45	BUSY 3
 9:54:56	IDLE 3
 9:54:56	BUSY 4
 9:54:57	IDLE 4
 9:55:04	BUSY 1
 9:55:05	IDLE 1
 9:55:32	BUSY 2
 9:55:33	IDLE 2
 9:55:39	BUSY 5 Ltest.tap
 9:55:39	IDLE 5 Ltest.tap
 9:55:40	BUSY 3
 9:55:51	IDLE 3
 9:55:51	BUSY 4
 9:55:52	IDLE 4
 9:55:59	BUSY 1
 9:56:01	IDLE 1
 9:56:21	BUSY 1
 9:56:21	IDLE 1
 9:56:35	BUSY 2
 9:56:36	IDLE 2
 9:56:42	BUSY 5 Ltest.tap
 9:56:43	IDLE 5 Ltest.tap
 9:56:43	BUSY 3
 9:56:55	IDLE 3
 9:56:55	BUSY 4
 9:56:56	IDLE 4
 9:57:03	BUSY 1
 9:57:05	IDLE 1
 9:57:32	BUSY 2
 9:57:33	IDLE 2
 9:57:39	BUSY 5 Ltest.tap
 9:57:39	IDLE 5 Ltest.tap
 9:57:40	BUSY 3
 9:57:51	IDLE 3
 9:57:51	BUSY 4
 9:57:52	IDLE 4
 9:57:59	BUSY 1
 9:58:00	IDLE 1
