10:03:2006
21:04:2006
 9:56:09	BUSY 0
 9:56:09	IDLE
 9:56:18	BUSY 0
 9:56:24	IDLE
 9:56:25	BUSY 0
 9:56:26	IDLE
 9:57:13	BUSY 0
 9:57:18	IDLE
 9:57:20	BUSY 0
 9:57:21	IDLE
 9:57:21	BUSY 0
 9:57:27	IDLE
 9:57:28	BUSY 0
 9:57:34	IDLE
 9:57:34	BUSY 0
 9:57:36	IDLE
 9:57:39	BUSY 0
 9:57:40	IDLE
 9:57:49	BUSY 0
 9:57:49	IDLE
 9:57:49	BUSY 0
 9:57:50	IDLE
 9:57:50	BUSY 0
 9:57:51	IDLE
 9:58:08	BUSY 0
 9:58:09	IDLE
 9:58:09	BUSY 0
 9:58:10	IDLE
 9:58:11	BUSY 0
 9:58:11	IDLE
 9:59:04	BUSY 0
 9:59:06	IDLE
 9:59:07	BUSY 0
 9:59:08	IDLE
 9:59:12	BUSY 0
 9:59:12	IDLE
 9:59:17	BUSY 0
 9:59:19	IDLE
 9:59:21	BUSY 0
 9:59:21	IDLE
 9:59:53	BUSY 0
 9:59:55	IDLE
 9:59:59	BUSY 0
10:00:01	IDLE
10:00:07	BUSY 0
10:00:08	IDLE
10:00:28	BUSY 0
10:00:30	IDLE
10:00:58	BUSY 0
10:01:02	IDLE
10:01:34	BUSY 0
10:01:37	IDLE
10:01:51	BUSY 0
10:02:02	IDLE
10:02:15	BUSY 0
10:02:25	IDLE
10:02:30	BUSY 0
10:02:33	IDLE
10:02:35	BUSY 0
10:02:39	IDLE
10:02:42	BUSY 0
10:02:53	IDLE
10:03:00	BUSY 0
10:03:03	IDLE
10:03:04	BUSY 0
10:03:07	IDLE
10:03:16	BUSY 0
10:03:21	IDLE
10:03:31	BUSY 0
10:03:38	IDLE
10:03:41	BUSY 0
10:03:47	IDLE
10:03:52	BUSY 0
10:03:57	IDLE
10:03:59	BUSY 0
10:03:59	IDLE
10:03:59	BUSY 0
10:04:00	IDLE
10:04:00	BUSY 0
10:04:01	IDLE
10:10:07	BUSY 0
10:10:14	IDLE
10:10:15	BUSY 0
10:10:16	IDLE
10:10:42	BUSY 0
10:10:51	IDLE
10:10:52	BUSY 0
10:10:53	IDLE
10:10:57	BUSY 0
10:10:58	IDLE
10:11:00	BUSY 0
10:11:01	IDLE
10:11:07	BUSY 0
10:11:11	IDLE
10:11:14	BUSY 0
10:11:16	IDLE
10:11:24	BUSY 0
10:11:25	IDLE
10:11:30	BUSY 0
10:11:30	IDLE
10:11:37	BUSY 0
10:11:38	IDLE
10:11:39	BUSY 0
10:11:39	IDLE
10:11:39	BUSY 0
10:11:40	IDLE
10:12:04	BUSY 0
10:12:04	IDLE
10:12:38	BUSY 0
10:12:43	IDLE
10:13:02	BUSY 0
10:13:07	IDLE
10:13:11	BUSY 0
10:13:19	IDLE
10:13:22	BUSY 0
10:13:23	IDLE
10:13:29	BUSY 0
10:13:34	IDLE
10:13:36	BUSY 0
10:13:41	IDLE
10:13:55	BUSY 0
10:13:56	IDLE
10:14:13	BUSY 0
10:14:14	IDLE
10:14:36	BUSY 0
10:14:47	IDLE
10:14:53	BUSY 0
10:14:53	IDLE
10:14:56	BUSY 0
10:14:57	IDLE
10:15:00	BUSY 0
10:15:01	IDLE
10:15:09	BUSY 0
10:15:09	IDLE
10:15:19	BUSY 0
10:15:30	IDLE
10:15:33	BUSY 0
10:15:41	IDLE
10:15:45	BUSY 0
10:15:46	IDLE
10:15:53	BUSY 0
10:15:53	IDLE
10:15:57	BUSY 0
10:16:01	IDLE
10:16:04	BUSY 0
10:16:09	IDLE
10:16:11	BUSY 0
10:16:18	IDLE
10:22:58	BUSY 0
10:23:05	IDLE
10:29:42	BUSY 0
10:29:46	IDLE
10:29:57	BUSY 0
10:29:58	IDLE
10:29:59	BUSY 0
10:30:07	IDLE
10:30:09	BUSY 0
10:30:10	IDLE
10:30:11	BUSY 0
10:30:15	IDLE
10:30:15	BUSY 0
10:30:19	IDLE
10:33:17	BUSY 0
10:33:17	IDLE
10:37:23	BUSY 0
10:37:30	IDLE
10:37:37	BUSY 0
10:37:39	IDLE
10:37:47	BUSY 0
10:37:52	IDLE21:04:2006
10:22:54	BUSY 1
10:23:05	IDLE 1
10:23:09	BUSY 2
10:23:59	IDLE
10:29:05	BUSY 2
10:29:13	IDLE
10:29:42	BUSY 0
10:29:46	IDLE
10:29:57	BUSY 0
10:29:58	IDLE
10:29:59	BUSY 0
10:30:07	IDLE
10:30:09	BUSY 0
10:30:10	IDLE
10:30:11	BUSY 0
10:30:15	IDLE
10:30:15	BUSY 0
10:30:19	IDLE
10:33:12	BUSY 1
10:33:17	IDLE 1
10:37:18	BUSY 1
10:37:30	IDLE 1
10:37:34	BUSY 2
10:37:39	IDLE 2
10:37:44	BUSY 3
10:37:52	IDLE 3
10:37:57	BUSY 4
10:38:08	IDLE 4
10:38:10	BUSY 5
10:38:21	IDLE 5
10:38:29	BUSY 2
10:38:34	IDLE 2
10:38:38	BUSY 3
10:38:45	IDLE 3
10:38:49	BUSY 6
10:39:02	IDLE 6
25:04:2006
10:35:15	BUSY 1
10:35:26	IDLE 1
10:36:01	BUSY 2
10:36:07	IDLE 2
10:36:09	BUSY 1
10:36:20	IDLE 1
10:36:24	BUSY 2
10:36:30	IDLE 2
10:36:33	BUSY 3
10:36:40	IDLE 3
10:36:43	BUSY 4
10:36:54	IDLE 4
10:36:57	BUSY 5
10:37:08	IDLE 5
10:37:11	BUSY 2
10:37:17	IDLE 2
10:37:20	BUSY 3
10:37:27	IDLE 3
10:37:32	BUSY 6
10:37:45	IDLE 6
25:04:2006
10:39:21	BUSY 1
10:39:33	IDLE 1
10:39:35	BUSY 2
10:39:40	IDLE 2
10:39:54	BUSY 3
10:40:01	IDLE 3
10:40:03	BUSY 4
10:40:14	IDLE 4
10:40:15	BUSY 5
10:40:26	IDLE 5
10:40:28	ERROR Could not obtain interlock 2
10:46:30	IDLE
10:46:31	ERROR Could not obtain interlock 2
10:46:36	IDLE
10:46:36	BUSY 6
10:46:53	IDLE 6
10:48:07	BUSY 1
10:48:19	IDLE 1
10:48:21	BUSY 2
10:48:26	IDLE 2
10:48:40	BUSY 3
10:48:47	IDLE 3
10:48:49	BUSY 4
10:49:00	IDLE 4
10:49:01	BUSY 5
10:49:12	IDLE 5
10:49:14	ERROR Could not obtain interlock 2
10:50:44	IDLE
10:52:45	BUSY 1
10:52:56	IDLE 1
10:52:58	BUSY 2
10:53:04	IDLE 2
10:53:17	BUSY 3
10:53:24	IDLE 3
10:53:26	BUSY 4
10:53:38	IDLE 4
10:53:39	BUSY 5
10:53:50	IDLE 5
10:53:51	ERROR Could not obtain interlock 2
25:04:2006
10:56:10	BUSY 1
10:56:21	IDLE 1
10:56:23	BUSY 2
10:56:29	IDLE 2
10:56:42	BUSY 3
10:56:50	IDLE 3
10:56:51	BUSY 4
10:57:03	IDLE 4
10:57:04	BUSY 5
10:57:15	IDLE 5
10:57:16	ERROR Could not obtain interlock 2
11:04:00	IDLE
11:04:12	BUSY 1
11:04:23	IDLE 1
11:04:26	BUSY 2
11:04:31	IDLE 2
11:04:45	BUSY 3
11:04:52	IDLE 3
11:04:54	BUSY 4
11:05:05	IDLE 4
11:05:06	BUSY 5
11:05:17	IDLE 5
11:05:19	ERROR Could not obtain interlock 2
11:07:01	IDLE
11:57:22	BUSY 1
11:57:33	IDLE 1
11:57:35	BUSY 2
11:57:40	IDLE 2
11:57:54	BUSY 3
11:58:01	IDLE 3
11:58:03	BUSY 4
11:58:14	IDLE 4
11:58:15	BUSY 5
11:58:26	IDLE 5
11:58:28	ERROR Could not obtain interlock 2
11:59:07	IDLE
12:17:24	BUSY 1
12:17:35	IDLE 1
12:17:37	BUSY 2
12:17:42	IDLE 2
12:17:56	BUSY 3
12:18:03	IDLE 3
12:18:05	BUSY 4
12:18:16	IDLE 4
12:18:16	BUSY 5
12:18:28	IDLE 5
12:18:30	BUSY 2
12:18:35	IDLE 2
12:18:49	BUSY 3
12:18:56	IDLE 3
12:18:58	BUSY 6
12:19:10	IDLE 6
12:25:46	BUSY 1
12:25:58	IDLE 1
12:25:59	BUSY 2
12:26:05	IDLE 2
12:26:18	BUSY 3
12:26:25	IDLE 3
12:26:227:04:2006
15:43:42	BUSY 1
15:43:54	IDLE 1
15:43:56	BUSY 2
15:44:02	IDLE 2
15:44:15	BUSY 3
15:44:22	IDLE 3
15:44:24	BUSY 4
15:44:35	IDLE 4
15:44:36	BUSY 5
15:44:47	IDLE 5
15:44:49	BUSY 2
15:44:55	IDLE 2
15:45:08	BUSY 3
15:45:15	IDLE 3
15:45:17	BUSY 6
15:45:30	IDLE 6
16:10:58	BUSY 1
16:11:10	IDLE 1
16:11:12	BUSY 2
16:11:18	IDLE 2
16:11:31	BUSY 3
16:11:39	IDLE 3
16:11:40	BUSY 4
16:11:52	IDLE 4
16:11:52	BUSY 5
16:12:03	IDLE 5
16:12:05	BUSY 2
16:12:11	IDLE 2
16:12:24	BUSY 3
16:12:32	IDLE 3
16:12:33	BUSY 6
16:1202:05:2006
12:21:10	BUSY 1
12:21:21	IDLE 1
12:21:23	BUSY 2
12:21:28	IDLE 2
12:21:42	BUSY 3
12:21:49	IDLE 3
12:21:51	BUSY 4
12:22:02	IDLE 4
12:22:02	BUSY 5
12:22:13	IDLE 5
12:22:16	BUSY 2
12:22:21	IDLE 2
12:22:35	BUSY 3
12:22:42	IDLE 3
12:22:44	BUSY 6
12:22:56	IDLE 6
13:26:20	BUSY 1
13:26:32	IDLE 1
13:26:34	BUSY 2
13:26:39	IDLE 2
13:26:53	BUSY 3
13:27:00	IDLE 3
13:27:02	BUSY 4
13:27:13	IDLE 4
13:27:14	BUSY 5
13:27:25	IDLE 5
13:27:27	BUSY 2
13:27:32	IDLE 2
13:27:46	BUSY 3
13:27:53	IDLE 3
13:27:55	BUSY 6
13:28:07	IDLE 6
13:35:57	BUSY 1
13:36:09	IDLE 1
13:36:11	BUSY 2
13:36:16	IDLE 2
13:36:30	BUSY 3
13:36:37	IDLE 3
13:36:39	BUSY 4
13:36:50	IDLE 4
13:36:51	BUSY 5
13:37:02	IDLE 5
13:37:04	BUSY 2
13:37:09	IDLE 2
13:37:23	BUSY 3
13:37:30	IDLE 3
13:37:32	BUSY 6
13:37:44	IDLE 6
13:44:50	BUSY 1
13:45:02	IDLE 1
13:45:04	BUSY 2
13:45:09	IDLE 2
13:45:23	BUSY 3
13:45:30	IDLE 3
13:45:32	BUSY 4
13:45:43	IDLE 4
13:45:44	BUSY 5
13:45:55	IDLE 5
13:45:57	BUSY 2
13:46:02	IDLE 2
13:46:16	BUSY 3
13:46:23	IDLE 3
13:46:25	BUSY 6
13:46:37	IDLE 6
13:53:03	BUSY 1
13:53:15	IDLE 1
13:53:17	BUSY 2
13:53:22	IDLE 2
13:53:36	BUSY 3
13:53:43	IDLE 3
13:53:45	BUSY 4
13:53:56	IDLE 4
13:53:57	BUSY 5
13:54:08	IDLE 5
13:54:10	BUSY 2
13:54:15	IDLE 2
13:54:29	BUSY 3
13:54:36	IDLE 3
13:54:38	BUSY 6
13:54:51	IDLE 6
14:05:05	BUSY 1
14:05:16	IDLE 1
14:05:18	BUSY 2
14:05:24	IDLE 2
14:05:37	BUSY 3
14:05:44	IDLE 3
14:05:46	BUSY 4
14:05:57	IDLE 4
14:05:58	BUSY 5
14:06:09	IDLE 5
14:06:11	BUSY 2
14:06:17	IDLE 2
14:06:30	BUSY 3
14:06:37	IDLE 3
14:06:39	BUSY 6
14:0603:05:2006
 8:34:49	BUSY 1
 8:35:01	IDLE 1
 8:35:02	BUSY 2
 8:35:08	IDLE 2
 8:35:21	BUSY 3
 8:35:28	IDLE 3
 8:35:30	BUSY 4
 8:35:41	IDLE 4
 8:35:42	BUSY 5
 8:35:53	IDLE 5
 8:35:55	BUSY 2
 8:36:01	IDLE 2
 8:36:14	BUSY 3
 8:36:21	IDLE 3
 8:36:23	BUSY 6
 8:36:36	IDLE 6
 8:49:03	BUSY 1
 8:49:15	IDLE 1
 8:49:16	BUSY 2
 8:49:22	IDLE 2
 8:49:35	BUSY 3
 8:49:42	IDLE 3
 8:49:44	BUSY 4
 8:49:55	IDLE 4
 8:49:56	BUSY 5
 8:50:07	IDLE 5
 8:50:09	BUSY 2
 8:50:15	IDLE 2
 8:50:28	BUSY 3
 8:50:35	IDLE 3
 8:50:37	BUSY 6
 8:50:50	IDLE 6
 9:20:37	BUSY 1
 9:20:49	IDLE 1
 9:20:50	BUSY 2
 9:20:56	IDLE 2
 9:21:09	BUSY 3
 9:21:17	IDLE 3
 9:21:18	BUSY 4
 9:21:30	IDLE 4
 9:21:30	BUSY 5
 9:21:41	IDLE 5
 9:21:43	BUSY 2
 9:21:49	IDLE 2
 9:22:02	BUSY 3
 9:22:10	IDLE 3
 9:22:11	BUSY 6
 9:22:24	IDLE 6
 9:30:20	BUSY 1
 9:30:32	IDLE 1
 9:30:33	BUSY 2
 9:30:39	IDLE 2
 9:30:52	BUSY 3
 9:31:00	IDLE 3
 9:31:01	BUSY 4
 9:31:13	IDLE 4
 9:31:13	BUSY 5
 9:31:24	IDLE 5
 9:31:26	BUSY 2
 9:31:32	IDLE 2
 9:31:45	BUSY 3
 9:31:53	IDLE 3
 9:31:54	BUSY 6
 9:32:07	IDLE 6
10:16:31	BUSY 1
10:16:42	IDLE 1
10:16:43	BUSY 2
10:16:49	IDLE 2
10:17:02	BUSY 3
10:17:10	IDLE 3
10:17:11	BUSY 4
10:17:23	IDLE 4
10:17:23	BUSY 5
10:17:34	IDLE 5
10:17:36	BUSY 2
10:17:42	IDLE 2
10:17:55	BUSY 3
10:18:03	IDLE 3
10:18:04	BUSY 6
10:18:17	IDLE 6
10:27:28	BUSY 1
10:27:39	IDLE 1
10:27:40	BUSY 2
10:27:46	IDLE 2
10:27:59	BUSY 3
10:28:07	IDLE 3
10:28:08	BUSY 4
10:28:20	IDLE 4
10:28:20	BUSY 5
10:28:31	IDLE 5
10:28:33	BUSY 2
10:28:39	IDLE 2
10:28:52	BUSY 3
10:29:00	IDLE 3
10:29:01	BUSY 6
10:29:14	IDLE 6
10:29:20	BUSY 1
10:29:31	IDLE 1
10:29:32	BUSY 2
10:29:38	IDLE 2
10:29:51	BUSY 3
10:29:59	IDLE 3
10:30:01	BUSY 4
10:30:13	IDLE 4
10:30:13	BUSY 5
10:30:24	IDLE 5
10:30:26	BUSY 2
10:30:32	IDLE 2
10:30:45	BUSY 3
10:30:53	IDLE 3
10:30:54	BUSY 6
10:31:07	IDLE 6
10:43:47	BUSY 1
10:43:58	IDLE 1
10:44:00	BUSY 2
10:44:06	IDLE 2
10:44:19	BUSY 3
10:44:27	IDLE 3
10:44:28	BUSY 4
10:44:40	IDLE 4
10:44:40	BUSY 5
10:44:51	IDLE 5
10:44:53	BUSY 2
10:44:59	IDLE 2
10:45:12	BUSY 3
10:45:20	IDLE 3
10:45:21	BUSY 6
10:45:34	IDLE 6
10:45:41	BUSY 1
10:45:52	IDLE 1
10:45:54	BUSY 2
10:46:00	IDLE 2
10:46:13	BUSY 3
10:46:21	IDLE 3
10:46:23	BUSY 4
10:46:35	IDLE 4
10:46:35	BUSY 5
10:46:46	IDLE 5
10:46:48	BUSY 2
10:46:54	IDLE 2
10:47:07	BUSY 3
10:47:15	IDLE 3
10:47:16	BUSY 6
10:47:29	IDLE 6
10:58:05	BUSY 1
10:58:16	IDLE 1
10:58:18	BUSY 2
10:58:23	IDLE 2
10:58:37	BUSY 3
10:58:44	IDLE 3
10:58:46	BUSY 4
10:58:57	IDLE 4
10:58:57	BUSY 5
10:59:09	IDLE 5
10:59:11	BUSY 2
10:59:16	IDLE 2
10:59:30	BUSY 3
10:59:37	IDLE 3
10:59:39	BUSY 6
10:59:51	IDLE 6
11:02:26	BUSY 1
11:02:37	IDLE 1
11:02:39	BUSY 2
11:02:44	IDLE 2
11:02:58	BUSY 3
11:03:05	IDLE 3
11:03:07	BUSY 4
11:03:18	IDLE 4
11:03:19	BUSY 5
11:03:30	IDLE 5
11:03:32	BUSY 2
11:03:37	IDLE 2
11:03:51	BUSY 3
11:03:58	IDLE 3
11:04:00	BUSY 6
11:04:13	IDLE 6
11:04:19	BUSY 1
11:04:30	IDLE 1
11:04:32	BUSY 2
11:04:37	IDLE 2
11:04:51	BUSY 3
11:04:58	IDLE 3
11:05:01	BUSY 4
11:05:12	IDLE 4
11:05:13	BUSY 5
11:05:24	IDLE 5
11:05:26	BUSY 2
11:05:31	IDLE 2
11:05:45	BUSY 3
11:05:52	IDLE 3
11:05:54	BUSY 6
11:06:06	IDLE 6
14:55:31	BUSY 1
14:55:42	IDLE 1
14:55:44	BUSY 2
14:55:50	IDLE 2
14:56:03	BUSY 3
14:56:10	IDLE 3
14:56:12	BUSY 4
14:56:23	IDLE 4
14:56:24	BUSY 5
14:56:35	IDLE 5
14:56:37	BUSY 2
14:56:43	IDLE 2
14:56:56	BUSY 3
14:57:03	IDLE 3
14:57:05	BUSY 6
14:57:18	IDLE 6
14:57:24	BUSY 1
14:57:35	IDLE 1
14:57:37	BUSY 2
14:57:43	IDLE 2
14:57:56	BUSY 3
14:58:03	IDLE 3
14:58:06	BUSY 4
14:58:17	IDLE 4
14:58:18	BUSY 5
14:58:29	IDLE 5
14:58:31	BUSY 2
14:58:37	IDLE 2
14:58:50	BUSY 3
14:58:57	IDLE 3
14:58:59	BUSY 6
14:59:12	IDLE 6
15:35:17	BUSY 1
15:35:28	IDLE 1
15:35:30	BUSY 2
15:35:36	IDLE 2
15:35:49	BUSY 3
15:35:56	IDLE 3
15:35:58	BUSY 4
15:36:10	IDLE 4
15:36:10	BUSY 5
15:36:21	IDLE 5
15:36:23	BUSY 2
15:36:29	IDLE 2
15:36:42	BUSY 3
15:36:49	IDLE 3
15:36:51	BUSY 6
15:37:04	IDLE 6
15:38:56	BUSY 1
15:39:07	IDLE 1
15:39:09	BUSY 2
15:39:15	IDLE 2
15:39:28	BUSY 3
15:39:35	IDLE 3
15:39:37	BUSY 4
15:39:48	IDLE 4
15:39:49	BUSY 5
15:40:00	IDLE 5
15:40:02	BUSY 2
15:40:08	IDLE 2
15:40:21	BUSY 3
15:40:28	IDLE 3
15:40:30	BUSY 6
15:4004:05:2006
12:08:17	BUSY 1
12:08:29	IDLE 1
12:08:30	BUSY 2
12:08:36	IDLE 2
12:08:49	BUSY 3
12:08:56	IDLE 3
12:08:58	BUSY 4
12:09:09	IDLE 4
12:09:10	BUSY 5
12:09:21	IDLE 5
12:09:23	BUSY 2
12:09:29	IDLE 2
12:09:42	BUSY 3
12:09:49	IDLE 3
12:09:51	BUSY 6
12:10:04	IDLE 6
14:20:05	BUSY 1
14:20:16	IDLE 1
14:20:18	BUSY 2
14:20:24	IDLE 2
14:20:37	BUSY 3
14:20:45	IDLE 3
14:20:46	BUSY 4
14:20:58	IDLE 4
14:20:58	BUSY 5
14:21:09	IDLE 5
14:21:11	BUSY 2
14:21:17	IDLE 2
14:21:30	BUSY 3
14:21:37	IDLE 3
14:21:39	BUSY 6
14:21:52	IDLE 6
14:22:00	BUSY 1
14:22:11	IDLE 1
14:22:13	BUSY 2
14:22:19	IDLE 2
14:22:32	BUSY 3
14:22:39	IDLE 3
14:22:42	BUSY 4
14:22:53	IDLE 4
14:22:54	BUSY 5
14:23:05	IDLE 5
14:23:07	BUSY 2
14:23:13	IDLE 2
14:23:26	BUSY 3
14:23:33	IDLE 3
14:23:35	BUSY 6
14:23:48	IDLE 6
14:39:27	BUSY 1
14:39:38	IDLE 1
14:39:40	BUSY 2
14:39:46	IDLE 2
14:39:59	BUSY 3
14:40:07	IDLE 3
14:40:08	BUSY 4
14:40:20	IDLE 4
14:40:20	BUSY 5
14:40:31	IDLE 5
14:40:33	BUSY 2
14:40:39	IDLE 2
14:40:52	BUSY 3
14:40:59	IDLE 3
14:41:01	BUSY 6
14:4104:05:2006
15:34:47	BUSY 1
15:34:58	IDLE 1
15:35:00	BUSY 2
15:35:05	IDLE 2
15:41:43	BUSY 1
15:41:54	IDLE 1
15:41:56	BUSY 2
15:42:01	IDLE 2
15:42:15	BUSY 3
15:42:22	IDLE 3
15:42:24	BUSY 4
15:42:35	IDLE 4
15:42:36	BUSY 5
15:42:47	IDLE 5
15:42:49	BUSY 2
15:42:54	IDLE 2
15:43:08	BUSY 3
15:43:15	IDLE 3
15:43:17	BUSY 6
15:43:29	IDLE 6
16:13:51	BUSY 1
16:14:02	IDLE 1
16:14:04	BUSY 2
16:14:10	IDLE 2
16:14:23	BUSY 3
16:14:30	IDLE 3
16:14:32	BUSY 4
16:14:43	IDLE 4
16:14:44	BUSY 5
16:14:55	IDLE 5
16:14:57	BUSY 2
16:1508:05:2006
 7:34:10	BUSY 1
 7:34:21	IDLE 1
 7:34:23	BUSY 2
 7:34:28	IDLE 2
 7:34:42	BUSY 3
 7:34:49	IDLE 3
 7:34:51	BUSY 4
 7:35:02	IDLE 4
 7:35:02	BUSY 5
 7:35:14	IDLE 5
 7:35:16	BUSY 2
 7:35:21	IDLE 2
 7:35:35	BUSY 3
 7:35:42	IDLE 3
 7:35:44	BUSY 6
 7:35:56	IDLE 6
 8:57:13	BUSY 1
 8:57:25	IDLE 1
 8:57:27	BUSY 2
 8:57:33	IDLE 2
 8:57:46	BUSY 3
 8:57:53	IDLE 3
 8:57:55	BUSY 4
 8:58:06	IDLE 4
 8:58:07	BUSY 5
 8:58:18	IDLE 5
 8:58:20	BUSY 2
 8:58:26	IDLE 2
 8:58:39	BUSY 3
 8:58:46	IDLE 3
 8:58:48	BUSY 6
 8:59:01	IDLE 6
 8:59:08	BUSY 1
 8:59:20	IDLE 1
 8:59:22	BUSY 2
 8:59:28	IDLE 2
 8:59:42	BUSY 3
 8:59:49	IDLE 3
 8:59:52	BUSY 4
 9:00:03	IDLE 4
 9:00:04	BUSY 5
 9:00:15	IDLE 5
 9:00:17	BUSY 2
 9:00:23	IDLE 2
 9:00:36	BUSY 3
 9:00:43	IDLE 3
 9:00:45	BUSY 6
 9:00:58	IDLE 6
 9:01:04	BUSY 1
 9:01:16	IDLE 1
 9:01:18	BUSY 2
 9:01:24	IDLE 2
 9:01:37	BUSY 3
 9:01:44	IDLE 3
 9:01:47	BUSY 4
 9:01:58	IDLE 4
 9:01:59	BUSY 5
 9:02:10	IDLE 5
 9:02:12	BUSY 2
 9:02:18	IDLE 2
 9:02:31	BUSY 3
 9:02:38	IDLE 3
 9:02:40	BUSY 6
 9:02:53	IDLE 6
 9:02:58	BUSY 1
 9:03:10	IDLE 1
 9:03:12	BUSY 2
 9:03:18	IDLE 2
 9:03:31	BUSY 3
 9:03:38	IDLE 3
 9:03:40	BUSY 4
 9:03:51	IDLE 4
 9:03:52	BUSY 5
 9:04:03	IDLE 5
 9:04:05	BUSY 2
 9:04:11	IDLE 2
 9:04:24	BUSY 3
 9:04:31	IDLE 3
 9:04:33	BUSY 6
 9:04:46	IDLE 6
 9:04:51	BUSY 1
 9:05:03	IDLE 1
 9:05:05	BUSY 2
 9:05:11	IDLE 2
 9:05:24	BUSY 3
 9:05:31	IDLE 3
 9:05:34	BUSY 4
 9:05:45	IDLE 4
 9:05:46	BUSY 5
 9:05:57	IDLE 5
 9:05:59	BUSY 2
 9:06:05	IDLE 2
 9:06:18	BUSY 3
 9:06:25	IDLE 3
 9:06:27	BUSY 6
 9:06:40	IDLE 6
10:17:11	BUSY 1
10:17:22	IDLE 1
10:17:24	BUSY 2
10:17:30	IDLE 2
10:17:43	BUSY 3
10:17:51	IDLE 3
10:17:52	BUSY 4
10:18:04	IDLE 4
10:18:04	BUSY 5
10:18:15	IDLE 5
10:18:17	BUSY 2
10:18:23	IDLE 2
10:18:36	BUSY 3
10:18:44	IDLE 3
10:18:45	BUSY 6
10:18:58	IDLE 6
10:19:05	BUSY 1
10:19:16	IDLE 1
10:19:18	BUSY 2
10:19:24	IDLE 2
10:19:37	BUSY 3
10:19:44	IDLE 3
10:19:47	BUSY 4
10:19:59	IDLE 4
10:19:59	BUSY 5
10:20:10	IDLE 5
10:20:12	BUSY 2
10:20:18	IDLE 2
10:20:31	BUSY 3
10:20:39	IDLE 3
10:20:40	BUSY 6
10:20:53	IDLE 6
10:20:59	BUSY 1
10:21:10	IDLE 1
10:21:12	BUSY 2
10:21:18	IDLE 2
10:21:31	BUSY 3
10:21:39	IDLE 3
10:21:41	BUSY 4
10:21:53	IDLE 4
10:21:53	BUSY 5
10:22:04	IDLE 5
10:22:06	BUSY 2
10:22:12	IDLE 2
10:22:25	BUSY 3
10:22:33	IDLE 3
10:22:34	BUSY 6
10:22:47	IDLE 6
10:22:54	BUSY 1
10:23:05	IDLE 1
10:23:07	BUSY 2
10:23:13	IDLE 2
10:23:26	BUSY 3
10:23:34	IDLE 3
10:23:35	BUSY 4
10:23:47	IDLE 4
10:23:47	BUSY 5
10:23:58	IDLE 5
10:24:00	BUSY 2
10:24:06	IDLE 2
10:24:19	BUSY 3
10:24:27	IDLE 3
10:24:28	BUSY 6
10:24:41	IDLE 6
10:24:47	BUSY 1
10:24:58	IDLE 1
10:25:00	BUSY 2
10:25:06	IDLE 2
10:25:19	BUSY 3
10:25:27	IDLE 3
10:25:29	BUSY 4
10:25:41	IDLE 4
10:25:41	BUSY 5
10:25:52	IDLE 5
10:25:54	BUSY 2
10:26:00	IDLE 2
10:26:13	BUSY 3
10:26:21	IDLE 3
10:26:22	BUSY 6
10:26:35	IDLE 6
09:05:2006
 8:40:40	BUSY 1
 8:40:52	IDLE 1
 8:40:54	BUSY 2
 8:41:00	IDLE 2
 8:43:07	BUSY 1
 8:43:19	IDLE 1
 8:43:20	BUSY 2
 8:43:26	IDLE 2
 8:43:40	BUSY 3
 8:43:47	IDLE 3
 8:43:49	BUSY 4
 8:44:00	IDLE 4
 8:44:01	BUSY 5
 8:44:12	IDLE 5
 8:44:14	BUSY 2
 8:44:20	IDLE 2
 8:44:33	BUSY 3
 8:44:40	IDLE 3
 8:44:42	BUSY 6
 8:44:55	IDLE 6
 8:46:45	BUSY 1
 8:46:56	IDLE 1
 8:46:58	BUSY 2
 8:47:04	IDLE 2
 8:47:17	BUSY 3
 8:47:24	IDLE 3
 8:47:26	BUSY 4
 8:47:37	IDLE 4
 8:47:38	BUSY 5
 8:47:49	IDLE 5
 8:47:51	BUSY 2
 8:47:57	IDLE 2
 8:48:10	BUSY 3
 8:48:17	IDLE 3
 8:48:19	BUSY 6
 8:48:32	IDLE 6
 8:49:42	BUSY 1
 8:49:53	IDLE 1
 8:49:55	BUSY 2
 8:50:01	IDLE 2
 8:50:14	BUSY 3
 8:50:21	IDLE 3
 8:50:23	BUSY 4
 8:50:34	IDLE 4
 8:50:35	BUSY 5
 8:50:46	IDLE 5
 8:50:48	BUSY 2
 8:50:54	IDLE 2
 8:51:07	BUSY 3
 8:51:14	IDLE 3
 8:51:16	BUSY 6
 8:51:29	IDLE 6
 8:51:36	BUSY 1
 8:51:47	IDLE 1
 8:51:49	BUSY 2
 8:51:55	IDLE 2
 8:52:08	BUSY 3
 8:52:15	IDLE 3
 8:52:18	BUSY 4
 8:52:29	IDLE 4
 8:52:30	BUSY 5
 8:52:41	IDLE 5
 8:52:43	BUSY 2
 8:52:49	IDLE 2
 8:53:02	BUSY 3
 8:53:09	IDLE 3
 8:53:11	BUSY 6
 8:53:24	IDLE 6
 8:53:30	BUSY 1
 8:53:41	IDLE 1
 8:53:43	BUSY 2
 8:53:49	IDLE 2
 8:54:02	BUSY 3
 8:54:09	IDLE 3
 8:54:12	BUSY 4
 8:54:23	IDLE 4
 8:54:24	BUSY 5
 8:54:35	IDLE 5
 8:54:37	BUSY 2
 8:54:43	IDLE 2
 8:54:56	BUSY 3
 8:55:03	IDLE 3
 8:55:05	BUSY 6
 8:55:18	IDLE 6
 8:55:24	BUSY 1
 8:55:35	IDLE 1
 8:55:37	BUSY 2
 8:55:43	IDLE 2
 8:55:56	BUSY 3
 8:56:03	IDLE 3
 8:56:05	BUSY 4
 8:56:16	IDLE 4
 8:56:17	BUSY 5
 8:56:28	IDLE 5
 8:56:30	BUSY 2
 8:56:36	IDLE 2
 8:56:49	BUSY 3
 8:56:56	IDLE 3
 8:56:58	BUSY 6
 8:57:11	IDLE 6
 8:57:17	BUSY 1
 8:57:28	IDLE 1
 8:57:30	BUSY 2
 8:57:36	IDLE 2
 8:57:49	BUSY 3
 8:57:56	IDLE 3
 8:57:59	BUSY 4
 8:58:10	IDLE 4
 8:58:11	BUSY 5
 8:58:22	IDLE 5
 8:58:24	BUSY 2
 8:58:30	IDLE 2
 8:58:43	BUSY 3
 8:58:50	IDLE 3
 8:58:52	BUSY 6
 8:59:05	IDLE 6
13:33:30	BUSY 1
13:33:41	IDLE 1
13:33:43	BUSY 2
13:33:48	IDLE 2
13:34:02	BUSY 3
13:34:09	IDLE 3
13:34:11	BUSY 4
13:34:22	IDLE 4
13:34:23	BUSY 5
13:34:34	IDLE 5
13:34:36	BUSY 2
13:34:41	IDLE 2
13:34:55	BUSY 3
13:35:02	IDLE 3
13:35:04	BUSY 6
13:35:16	IDLE 6
13:35:24	BUSY 1
13:35:35	IDLE 1
13:35:37	BUSY 2
13:35:42	IDLE 2
13:35:56	BUSY 3
13:36:03	IDLE 3
13:36:06	BUSY 4
13:36:17	IDLE 4
13:36:18	BUSY 5
13:36:29	IDLE 5
13:36:31	BUSY 2
13:36:36	IDLE 2
13:36:50	BUSY 3
13:36:57	IDLE 3
13:36:59	BUSY 6
13:37:11	IDLE 6
13:37:18	BUSY 1
13:37:29	IDLE 1
13:37:31	BUSY 2
13:37:36	IDLE 2
13:37:50	BUSY 3
13:37:57	IDLE 3
13:38:00	BUSY 4
13:38:11	IDLE 4
13:38:12	BUSY 5
13:38:23	IDLE 5
13:38:25	BUSY 2
13:38:30	IDLE 2
13:38:44	BUSY 3
13:38:51	IDLE 3
13:38:53	BUSY 6
13:39:05	IDLE 6
13:39:12	BUSY 1
13:39:23	IDLE 1
13:39:25	BUSY 2
13:39:30	IDLE 2
13:39:44	BUSY 3
13:39:51	IDLE 3
13:39:53	BUSY 4
13:40:04	IDLE 4
13:40:05	BUSY 5
13:40:16	IDLE 5
13:40:18	BUSY 2
13:40:23	IDLE 2
13:40:37	BUSY 3
13:40:44	IDLE 3
13:40:46	BUSY 6
13:40:58	IDLE 6
13:41:05	BUSY 1
13:41:16	IDLE 1
13:41:18	BUSY 2
13:41:23	IDLE 2
13:41:37	BUSY 3
13:41:44	IDLE 3
13:41:47	BUSY 4
13:41:58	IDLE 4
13:41:59	BUSY 5
13:42:10	IDLE 5
13:42:12	BUSY 2
13:4210:05:2006
11:09:54	BUSY 1
11:10:06	IDLE 1
11:10:08	BUSY 2
11:10:14	IDLE 2
11:10:31	BUSY 3
11:10:38	IDLE 3
11:10:40	BUSY 4
11:10:51	IDLE 4
11:10:52	BUSY 5
11:11:03	IDLE 5
11:11:05	BUSY 2
11:11:11	IDLE 2
11:11:24	BUSY 3
11:11:31	IDLE 3
11:11:33	BUSY 6
11:11:46	IDLE 6
11:11:53	BUSY 1
11:12:05	IDLE 1
11:12:07	BUSY 2
11:12:12	IDLE 2
11:12:26	BUSY 3
11:12:33	IDLE 3
11:12:36	BUSY 4
11:12:47	IDLE 4
11:12:48	BUSY 5
11:12:59	IDLE 5
11:13:01	BUSY 2
11:13:06	IDLE 2
11:13:20	BUSY 3
11:13:27	IDLE 3
11:13:29	BUSY 6
11:13:42	IDLE 6
11:13:48	BUSY 1
11:14:00	IDLE 1
11:14:02	BUSY 2
11:14:07	IDLE 2
11:14:21	BUSY 3
11:14:28	IDLE 3
11:14:31	BUSY 4
11:14:42	IDLE 4
11:14:43	BUSY 5
11:14:54	IDLE 5
11:14:56	BUSY 2
11:15:01	IDLE 2
11:15:15	BUSY 3
11:15:22	IDLE 3
11:15:24	BUSY 6
11:15:36	IDLE 6
11:15:42	BUSY 1
11:15:54	IDLE 1
11:15:56	BUSY 2
11:16:01	IDLE 2
11:16:15	BUSY 3
11:16:22	IDLE 3
11:16:24	BUSY 4
11:16:35	IDLE 4
11:16:36	BUSY 5
11:16:47	IDLE 5
11:16:49	BUSY 2
11:16:54	IDLE 2
11:17:08	BUSY 3
11:17:15	IDLE 3
11:17:17	BUSY 6
11:17:29	IDLE 6
11:17:35	BUSY 1
11:17:47	IDLE 1
11:17:49	BUSY 2
11:17:54	IDLE 2
11:18:08	BUSY 3
11:18:15	IDLE 3
11:18:18	BUSY 4
11:18:29	IDLE 4
11:18:30	BUSY 5
11:18:41	IDLE 5
11:18:43	BUSY 2
11:18:48	IDLE 2
11:19:02	BUSY 3
11:19:09	IDLE 3
11:19:11	BUSY 6
11:19:24	IDLE 6
10:05:2006
10:05:2006
10:05:2006
10:05:2006
10:05:2006
10:05:2006
15:18:41	BUSY 2
15:18:41	ERROR File not found 'c:\cim\cell1\robot\1LthSafeO.rob'
15:19:40	IDLE
15:19:53	BUSY 6
15:19:53	ERROR File not found 'c:\cim\cell1\robot\2LthSafeO.rob'
15:20:10	IDLE
15:20:42	BUSY 0
15:20:44	IDLE
10:05:2006
15:17:38	BUSY 1
15:17:51	IDLE 1
15:18:00	BUSY 2
15:18:00	ERROR File not found 'c:\cim\cell1\robot\1LthSafeO.rob'
15:18:14	IDLE
15:20:42	BUSY 0
15:20:44	IDLE
11:05:2006
14:44:45	BUSY 1
14:44:58	IDLE 1
14:45:02	BUSY 2
14:45:08	IDLE 2
14:51:36	BUSY 3
14:51:43	IDLE 3
14:51:47	BUSY 4
14:52:00	IDLE 4
14:52:02	BUSY 5
14:52:14	IDLE 5
14:52:21	BUSY 6
14:55:27	IDLE
14:55:32	BUSY 6
14:56:11	IDLE
11:05:2006
14:59:52	BUSY 6
15:00:14	IDLE
15:00:26	BUSY 6
15:00:30	IDLE
15:01:42	BUSY 6
15:01:47	IDLE 6
15:01:52	BUSY 7
15:01:58	IDLE 7
15:02:03	BUSY 8
15:02:17	IDLE 8
15:02:27	BUSY 1
15:02:40	IDLE 1
15:02:42	BUSY 2
15:02:47	IDLE 2
15:03:01	BUSY 3
15:03:07	IDLE 3
15:03:09	BUSY 4
15:03:22	IDLE 4
15:03:22	BUSY 5
15:03:34	IDLE 5
15:03:37	BUSY 6
15:03:42	IDLE 6
15:03:56	BUSY 7
15:04:02	IDLE 7
15:04:04	BUSY 8
15:04:17	IDLE 8
15:04:38	BUSY 1
15:04:51	IDLE 1
15:04:53	BUSY 2
15:04:58	IDLE 2
15:05:12	BUSY 3
15:05:18	IDLE 3
15:05:20	BUSY 4
15:05:33	IDLE 4
15:05:33	BUSY 5
15:05:45	IDLE 5
15:05:48	BUSY 6
15:05:53	IDLE 6
15:06:07	BUSY 7
15:06:13	IDLE 7
15:06:15	BUSY 8
15:06:28	IDLE 8
15:08:05	BUSY 1
15:08:18	IDLE 1
15:08:20	BUSY 2
15:08:25	IDLE 2
15:08:39	BUSY 3
15:08:45	IDLE 3
15:08:48	BUSY 4
15:09:01	IDLE 4
15:09:01	BUSY 5
15:09:13	IDLE 5
15:09:15	BUSY 6
15:09:21	IDLE 6
15:09:35	BUSY 7
15:09:41	IDLE 7
15:09:43	BUSY 8
15:09:56	IDLE 8
15:16:00	BUSY 1
15:16:13	IDLE 1
15:16:15	BUSY 2
15:16:20	IDLE 2
15:16:34	BUSY 3
15:16:40	IDLE 3
15:16:42	BUSY 4
15:16:55	IDLE 4
15:16:55	BUSY 5
15:17:08	IDLE 5
15:17:10	BUSY 6
15:17:15	IDLE 6
15:17:29	BUSY 7
15:17:35	IDLE 7
15:17:37	BUSY 8
15:17:51	IDLE 8
15:17:58	BUSY 1
15:18:11	IDLE 1
15:18:13	BUSY 2
15:18:18	IDLE 2
15:18:32	BUSY 3
15:18:38	IDLE 3
15:18:41	BUSY 4
15:18:54	IDLE 4
15:18:54	BUSY 5
15:19:06	IDLE 5
15:19:09	BUSY 6
15:19:14	IDLE 6
15:19:28	BUSY 7
15:19:34	IDLE 7
15:19:36	BUSY 8
15:19:49	IDLE 8
15:19:55	BUSY 1
15:20:08	IDLE 1
15:20:11	BUSY 2
15:20:16	IDLE 2
15:20:30	BUSY 3
15:20:36	IDLE 3
15:20:39	BUSY 4
15:20:52	IDLE 4
15:20:52	BUSY 5
15:21:04	IDLE 5
15:21:07	BUSY 6
15:21:12	IDLE 6
15:21:26	BUSY 7
15:21:32	IDLE 7
15:21:34	BUSY 8
15:21:47	IDLE 8
15:21:53	BUSY 1
15:22:06	IDLE 1
15:22:08	BUSY 2
15:22:13	IDLE 2
15:22:27	BUSY 3
15:22:33	IDLE 3
15:22:35	BUSY 4
15:22:48	IDLE 4
15:22:48	BUSY 5
15:23:01	IDLE 5
15:23:03	BUSY 6
15:23:08	IDLE 6
15:23:22	BUSY 7
15:23:28	IDLE 7
15:23:30	BUSY 8
15:23:44	IDLE 8
15:23:50	BUSY 1
15:24:03	IDLE 1
15:24:05	BUSY 2
15:24:10	IDLE 2
15:24:24	BUSY 3
15:24:30	15:05:2006
 9:37:18	BUSY 1
 9:37:31	IDLE 1
 9:37:34	BUSY 2
 9:37:40	IDLE 2
 9:37:53	BUSY 3
 9:38:00	IDLE 3
 9:38:01	BUSY 4
 9:38:15	IDLE 4
 9:38:15	BUSY 5
 9:38:28	IDLE 5
 9:38:29	BUSY 6
 9:38:35	IDLE 6
 9:38:48	BUSY 7
 9:38:55	IDLE 7
 9:38:56	BUSY 8
 9:39:10	IDLE 8
 9:48:28	BUSY 1
 9:48:41	IDLE 1
 9:48:43	BUSY 2
 9:48:49	IDLE 2
 9:49:02	BUSY 3
 9:49:09	IDLE 3
 9:49:10	BUSY 4
 9:49:23	IDLE 4
 9:49:24	BUSY 5
 9:49:36	IDLE 5
 9:49:38	BUSY 6
 9:49:44	IDLE 6
 9:49:57	BUSY 7
 9:50:04	IDLE 7
 9:50:05	BUSY 8
 9:50:19	IDLE 8
 9:50:26	BUSY 1
 9:50:40	IDLE 1
 9:50:41	BUSY 2
 9:50:47	IDLE 2
 9:51:01	BUSY 3
 9:51:08	IDLE 3
 9:51:09	BUSY 4
 9:51:22	IDLE 4
 9:51:23	BUSY 5
 9:51:35	IDLE 5
 9:51:37	BUSY 6
 9:51:43	IDLE 6
 9:51:56	BUSY 7
 9:52:03	IDLE 7
 9:52:04	BUSY 8
 9:52:18	IDLE 8
 9:52:24	BUSY 1
 9:52:38	IDLE 1
 9:52:39	BUSY 2
 9:52:45	IDLE 2
 9:52:59	BUSY 3
 9:53:06	IDLE 3
 9:53:08	BUSY 4
 9:53:21	IDLE 4
 9:53:22	BUSY 5
 9:53:34	IDLE 5
 9:53:36	BUSY 6
 9:53:42	IDLE 6
 9:53:55	BUSY 7
 9:54:02	IDLE 7
 9:54:03	BUSY 8
 9:54:17	IDLE 8
 9:54:23	BUSY 1
 9:54:37	IDLE 1
 9:54:38	BUSY 2
 9:54:44	IDLE 2
 9:54:57	BUSY 3
 9:55:04	IDLE 3
 9:55:05	BUSY 4
 9:55:18	IDLE 4
 9:55:19	BUSY 5
 9:55:31	IDLE 5
 9:55:33	BUSY 6
 9:55:39	IDLE 6
 9:55:52	BUSY 7
 9:55:59	IDLE 7
 9:56:01	BUSY 8
 9:56:15	IDLE 8
 9:56:22	BUSY 1
 9:56:35	IDLE 1
 9:56:36	BUSY 2
 9:56:42	IDLE 2
 9:56:56	BUSY 3
 9:57:03	IDLE 3
 9:57:05	BUSY 4
 9:57:18	IDLE 4
 9:57:19	BUSY 5
 9:57:31	IDLE 5
 9:57:33	BUSY 6
 9:57:39	IDLE 6
 9:57:52	BUSY 7
 9:57:59	IDLE 7
 9:58:00	BUSY 8
 9:58:14	IDLE 8
