19:11:2004
19:11:2004
19:11:2004
19:11:2004
19:11:2004
19:11:2004
11:58:48	BUSY 1 B
19:11:2004
12:13:09	BUSY
12:14:00	BUSY
12:14:06	ERROR Cannot send argument
19:11:2004
12:15:26	BUSY
12:16:40	BUSY 1 B
19:11:2004
12:30:01	BUSY 1 BISHOP
22:11:2004
 8:49:32	BUSY
 8:49:32	ERROR Cannot open write RS232 link
22:11:2004
22:11:2004
29:11:2004
15:27:51	BUSY
15:36:57	BUSY
15:40:07	BUSY
15:45:19	BUSY
15:47:38	BUSY
15:49:54	BUSY
15:51:48	BUSY
15:56:34	BUSY
15:58:38	BUSY
15:58:38	ERROR Cannot open write RS232 link
29:11:2004
16:02:38	BUSY
30:11:2004
30:11:2004
14:35:59	BUSY
30:11:2004
14:39:14	BUSY
30:11:2004
15:12:32	BUSY
15:12:32	ERROR Cannot open write RS232 link
15:12:40	BUSY
15:12:40	ERROR Cannot open write RS232 link
15:13:13	BUSY
15:13:13	ERROR Cannot open write RS232 link
30:11:2004
15:13:24	BUSY
15:13:24	ERROR Cannot open write RS232 link
30:11:2004
15:14:05	BUSY
15:14:05	ERROR Cannot open write RS232 link
15:14:13	BUSY
15:14:13	ERROR Cannot open write RS232 link
30:11:2004
15:15:05	BUSY
15:15:05	ERROR Cannot open write RS232 link
30:11:2004
15:31:26	BUSY
15:31:26	ERROR Cannot open write RS232 link
15:31:47	BUSY
15:31:47	ERROR Cannot open write RS232 link
15:32:07	BUSY
15:32:07	ERROR Cannot open write RS232 link
30:11:2004
15:35:19	BUSY
15:35:19	ERROR Cannot open write RS232 link
30:11:2004
15:43:20	BUSY
15:44:45	BUSY
15:46:06	BUSY
30:11:2004
15:50:38	BUSY
15:52:15	BUSY
15:53:35	BUSY
15:54:56	BUSY
15:56:15	BUSY
15:57:35	BUSY
15:58:54	BUSY
16:05:2005
18:05:2005
13:33:50	BUSY
14:20:48	BUSY
14:21:35	BUSY
15:45:10	BUSY 1 R
16:29:23	BUSY 1 R
16:35:59	BUSY 1 R
16:42:05	BUSY 1 R
16:45:02	BUSY 1 R
20:05:2005
18:22:14	BUSY 1 K
18:32:06	BUSY 1 Q
18:41:45	BUSY 1 Q
18:45:24	BUSY 1 B
18:49:11	BUSY 1 B
20:05:2005
19:11:06	BUSY 1 K
19:18:08	BUSY 1 K
19:21:58	BUSY 1 K
19:25:32	BUSY 1 K
20:05:2005
20:05:2005
21:05:2005
21:05:2005
10:41:12	BUSY
10:41:13	ERROR Cannot open write RS232 link
21:05:2005
10:41:50	BUSY
10:41:50	ERROR Cannot open write RS232 link
10:42:13	BUSY
21:05:2005
21:05:2005
14:11:51	BUSY
14:13:57	BUSY
14:16:11	BUSY
14:18:16	BUSY
14:20:08	BUSY
21:05:2005
21:05:2005
14:49:46	BUSY
14:50:26	BUSY
