18:10:2004
22:11:2004
10:20:36	BUSY
10:20:36	BUSY
22:11:2004
11:48:51	BUSY
11:48:51	BUSY
22:11:2004
11:52:53	BUSY
11:52:53	BUSY
24:11:2004
 8:19:55	BUSY
 8:19:56	BUSY
24:11:2004
15:16:42	BUSY 1
15:16:45	IDLE
15:16:52	BUSY 2
15:16:52	IDLE 2
15:16:56	BUSY 1
15:17:01	IDLE
15:22:39	BUSY 2
15:22:40	IDLE 2
15:22:44	BUSY 1
15:22:45	IDLE 1
15:22:56	BUSY 5 C:\CIM\CELL2\TEST_M.FNC
15:22:56	IDLE 5 C:\CIM\CELL2\TEST_M.FNC
15:23:02	BUSY 3
15:23:10	IDLE
24:11:2004
15:25:44	BUSY 2
15:25:45	IDLE 2
15:25:50	BUSY 1
15:25:51	IDLE 1
15:25:54	BUSY 2
15:25:55	IDLE 2
15:26:03	BUSY 5 C:\CIM\CELL2\TEST_M.FNC
15:26:32	IDLE
15:26:32	ERROR RS232 Download aborted
15:26:34	IDLE
15:30:47	BUSY 5 C:\CIM\CELL2\TEST_M.FNC
15:30:47	IDLE 5 C:\CIM\CELL2\TEST_M.FNC
15:30:48	BUSY
15:31:00	IDLE
15:31:24	BUSY 5 C:\CIM\CELL2\TEST_M.FNC
15:31:24	IDLE 5 C:\CIM\CELL2\TEST_M.FNC
15:31:28	BUSY 3
15:31:42	IDLE 3
25:11:2004
 8:25:53	BUSY 1
 8:25:53	IDLE 1
 8:25:58	BUSY 2
 8:25:59	IDLE 2
 8:26:02	BUSY 5 C:\CIM\CELL2\TEST_M.FNC
 8:26:02	IDLE 5 C:\CIM\CELL2\TEST_M.FNC
 8:26:05	BUSY 3
 8:26:20	IDLE 3
25:11:2004
12:03:47	ERROR Could not obtain interlock 5
12:03:53	IDLE
12:04:13	BUSY 1
12:04:14	IDLE 1
12:04:18	BUSY 2
12:04:19	IDLE 2
12:04:24	BUSY 5 C:\CIM\CELL2\TEST_M.FNC
12:04:24	IDLE 5 C:\CIM\CELL2\TEST_M.FNC
12:04:27	BUSY 3
12:04:40	IDLE 3
12:07:28	BUSY 1
12:07:30	IDLE 1
12:07:51	BUSY 2
12:07:52	IDLE 2
12:07:52	BUSY 5 TEST_m.FNC
12:07:52	IDLE 5 TEST_m.FNC
12:07:53	BUSY 3
12:08:06	IDLE 3
12:08:07	BUSY 1
12:08:08	IDLE 1
12:09:20	BUSY 1
12:09:20	IDLE 1
12:09:41	BUSY 2
12:09:42	IDLE 2
12:09:42	BUSY 5 TEST_m.FNC
12:09:43	IDLE 5 TEST_m.FNC
12:09:43	BUSY 3
12:09:57	IDLE 3
12:09:57	BUSY 1
12:09:58	IDLE 1
12:10:31	BUSY 1
12:10:31	IDLE 1
12:10:53	BUSY 2
12:10:54	IDLE 2
12:10:54	BUSY 5 TEST_m.FNC
12:10:55	IDLE 5 TEST_m.FNC
12:10:55	BUSY 3
12:11:09	IDLE 3
12:11:09	BUSY 1
12:11:11	IDLE 1
13:48:32	BUSY 1
13:48:32	IDLE 1
13:48:53	BUSY 2
13:48:54	IDLE 2
13:48:54	BUSY 5 TEST_m.FNC
13:48:55	IDLE 5 TEST_m.FNC
13:48:56	BUSY 3
13:49:09	IDLE 3
13:49:10	BUSY 1
13:49:11	IDLE 1
14:28:26	BUSY 1
14:28:26	IDLE 1
14:28:47	BUSY 2
14:28:48	IDLE 2
14:28:48	BUSY 5 TEST_m.FNC
14:28:48	IDLE 5 TEST_m.FNC
14:28:49	BUSY 3
14:29:02	IDLE 3
14:29:03	BUSY 1
14:29:04	IDLE 1
14:30:12	BUSY 1
14:30:12	IDLE 1
14:30:32	BUSY 2
14:30:33	IDLE 2
14:30:33	BUSY 5 TEST_m.FNC
14:30:34	IDLE 5 TEST_m.FNC
14:30:34	BUSY 3
14:30:48	IDLE 3
14:30:48	BUSY 1
14:30:49	IDLE 1
14:57:05	BUSY 1
14:57:05	IDLE 1
14:57:26	BUSY 2
14:57:27	IDLE 2
14:57:27	BUSY 5 TEST_m.FNC
14:57:27	IDLE 5 TEST_m.FNC
14:57:28	BUSY 3
14:57:41	IDLE 3
14:57:42	BUSY 1
14:57:43	IDLE 1
14:58:49	BUSY 1
14:58:49	IDLE 1
14:59:10	BUSY 2
14:59:11	IDLE 2
14:59:11	BUSY 5 TEST_m.FNC
14:59:11	IDLE 5 TEST_m.FNC
14:59:12	BUSY 3
14:59:25	IDLE 3
14:59:26	BUSY 1
14:59:27	IDLE 1
15:13:27	BUSY 1
15:13:27	IDLE 1
15:13:48	BUSY 2
15:13:49	IDLE 2
15:13:49	BUSY 5 TEST_m.FNC
15:13:50	IDLE 5 TEST_m.FNC
15:13:50	BUSY 3
15:14:04	IDLE 3
15:14:04	BUSY 1
15:14:05	IDLE 1
15:15:14	BUSY 1
15:15:14	IDLE 1
15:15:35	BUSY 2
15:15:36	IDLE 2
15:15:36	BUSY 5 TEST_m.FNC
15:15:36	IDLE 5 TEST_m.FNC
15:15:37	BUSY 3
15:15:50	IDLE 3
15:15:51	BUSY 126:11:2004
 6:56:35	BUSY 1
 6:56:36	IDLE 1
 6:56:40	BUSY 2
 6:56:40	IDLE 2
 6:56:45	BUSY 5 C:\CIM\CELL2\TEST_M.FNC
 6:56:45	IDLE 5 C:\CIM\CELL2\TEST_M.FNC
 6:56:48	BUSY 3
 6:57:03	IDLE 3
 6:57:23	BUSY 1
 6:57:24	IDLE 1
 6:57:45	BUSY 2
 6:57:46	IDLE 2
 6:57:46	BUSY 5 TEST_m.FNC
 6:57:46	IDLE 5 TEST_m.FNC
 6:57:47	BUSY 3
 6:58:00	IDLE 3
 6:58:01	BUSY 1
 6:58:02	IDLE 1
 6:59:32	BUSY 1
 6:59:32	IDLE 1
 6:59:54	BUSY 2
 6:59:55	IDLE 2
 6:59:55	BUSY 5 TEST_m.FNC
 6:59:56	IDLE 5 TEST_m.FNC
 6:59:56	BUSY 3
 7:00:09	IDLE 3
 7:00:10	BUSY 1
 7:00:11	IDLE 1
 9:01:05	BUSY 1
 9:01:05	IDLE 1
 9:01:26	BUSY 2
 9:01:27	IDLE 2
 9:01:27	BUSY 5 TEST_m.FNC
 9:01:27	IDLE 5 TEST_m.FNC
 9:01:28	BUSY 3
 9:01:41	IDLE 3
 9:01:42	BUSY 1
 9:01:43	IDLE 1
 9:12:05	BUSY 1
 9:12:05	IDLE 1
 9:12:26	BUSY 2
 9:12:27	IDLE 2
 9:12:27	BUSY 5 TEST_m.FNC
 9:12:27	IDLE 5 TEST_m.FNC
 9:12:28	BUSY 3
 9:12:41	IDLE 3
 9:12:42	BUSY 1
 9:12:43	IDLE 1
11:35:42	BUSY 1
11:35:42	IDLE 1
11:36:02	BUSY 2
11:36:03	IDLE 2
11:36:03	BUSY 5 TEST_m.FNC
11:36:03	IDLE 5 TE30:11:2004
11:07:09	BUSY 5 C:\CIM\CELL2\QUEEN_M.FNC
11:07:10	IDLE 5 C:\CIM\CELL2\QUEEN_M.FNC
11:07:18	BUSY 5 C:\CIM\CELL2\KNIGHT_M.FNC
11:07:19	IDLE 5 C:\CIM\CELL2\KNIGHT_M.FNC
13:31:23	BUSY 1
13:31:24	IDLE 1
13:31:27	BUSY 2
13:31:28	IDLE 2
13:31:41	BUSY 1
13:31:42	IDLE 1
13:31:45	BUSY 2
13:31:46	IDLE 2
13:32:15	BUSY 1
13:32:16	IDLE 1
13:44:42	BUSY 2
13:44:44	IDLE 2
13:44:48	BUSY 5 C:\CIM\CELL2\TEST_M.FNC
13:44:48	IDLE 5 C:\CIM\CELL2\TEST_M.FNC
13:44:54	BUSY 3
13:45:08	IDLE 3
13:45:32	BUSY 1
13:45:33	IDLE 1
13:56:50	BUSY 2
13:56:51	IDLE 2
13:56:55	BUSY 5 C:\CIM\CELL2\KING_M.FNC
13:56:57	IDLE 5 C:\CIM\CELL2\KING_M.FNC
13:56:59	BUSY 3
14:03:40	IDLE 3
14:13:21	BUSY 1
14:13:22	IDLE 1
14:13:37	BUSY 2
14:13:38	IDLE 2
14:13:44	BUSY 5 C:\CIM\CELL2\KING_M.FNC
14:13:45	IDLE 5 C:\CIM\CELL2\KING_M.FNC
14:13:47	BUSY 3
14:20:25	IDLE 3
14:29:47	BUSY 1
14:29:48	IDLE 1
14:30:21	BUSY 2
14:30:22	IDLE 2
14:30:25	BUSY 5 C:\CIM\CELL2\QUEEN_M.FNC
14:30:26	IDLE 5 C:\CIM\CELL2\QUEEN_M.FNC
14:30:29	BUSY 3
14:34:48	IDLE 3
14:35:25	BUSY 1
14:35:25	IDLE 1
14:35:51	BUSY 2
14:35:51	IDLE 2
14:35:56	BUSY 5 C:\CIM\CELL2\KNIGHT_M.FNC
14:35:57	IDLE 5 C:\CIM\CELL2\KNIGHT_M.FNC
14:35:59	BUSY 3
14:41:29	IDLE 3
14:42:03	BUSY 1
14:42:04	IDLE 1
14:42:20	BUSY 2
14:42:21	IDLE 2
14:42:27	BUSY 5 C:\CIM\CELL2\BISHOP_M.FNC
14:42:27	IDLE 5 C:\CIM\CELL2\BISHOP_M.FNC
14:42:30	BUSY 3
14:44:45	IDLE 3
14:44:47	BUSY 1
14:44:48	IDLE 1
14:44:56	BUSY 2
14:44:57	IDLE 2
14:45:07	BUSY 5 C:\CIM\CELL2\ROOK_M.FNC
14:45:08	IDLE 5 C:\CIM\CELL2\ROOK_M.FNC
14:45:11	BUSY 3
14:49:06	IDLE 3
14:55:02	BUSY 1
14:55:03	IDLE 1
15:00:04	BUSY 2
15:00:05	IDLE 2
15:00:09	BUSY 5 C:\CIM\CELL2\BISHOP_M.FNC
15:00:10	IDLE 5 C:\CIM\CELL2\BISHOP_M.FNC
15:00:13	BUSY 3
15:02:27	IDLE 3
15:02:32	BUSY 1
15:02:34	IDLE 1
15:12:28	BUSY 2
15:12:28	IDLE 2
15:12:33	BUSY 5 C:\CIM\CELL2\KNIGHT_M.FNC
15:12:34	IDLE 5 C:\CIM\CELL2\KNIGHT_M.FNC
15:12:37	BUSY 3
15:18:05	IDLE 3
15:18:12	BUSY 1
15:18:13	IDLE 1
11:05:2005
 4:36:48	BUSY 1
 4:36:48	IDLE 1
 4:37:00	BUSY 2
 4:37:01	IDLE 2
 4:37:03	BUSY 1
 4:37:04	IDLE 1
 4:37:10	BUSY 5 C:\CIM\CELL2\TEST_M.FNC
 4:37:10	IDLE 5 C:\CIM\CELL2\TEST_M.FNC
 4:37:13	BUSY 3
 4:37:22	IDLE 3
 4:37:45	BUSY 5 C:\CIM\CELL2\TEST_M.FNC
 4:37:45	IDLE 5 C:\CIM\CELL2\TEST_M.FNC
 4:37:48	BUSY 3
 4:38:01	IDLE 3
11:05:2005
 5:36:46	BUSY 2
 5:36:47	IDLE 2
 5:36:53	BUSY 1
 5:36:54	IDLE 1
 5:37:14	BUSY 5 C:\CIM\CELL2\TEST_M.FNC
 5:37:14	IDLE 5 C:\CIM\CELL2\TEST_M.FNC
 5:37:54	BUSY 3
 5:38:03	IDLE 3
 5:47:51	BUSY 1
 5:47:51	IDLE 1
 5:48:13	BUSY 2
 5:48:14	IDLE 2
 5:48:15	BUSY 5 TEST_m.FNC
 5:48:15	IDLE 5 TEST_m.FNC
 5:48:15	BUSY 3
 5:48:28	IDLE 3
 5:48:29	BUSY 1
 5:48:30	IDLE 1
 5:55:02	BUSY 1
 5:55:02	IDLE 1
 5:55:23	BUSY 2
 5:55:24	IDLE 2
 5:55:24	BUSY 5 TEST_m.FNC
 5:55:24	IDLE 5 TEST_m.FNC
 5:55:25	BUSY 3
 5:55:38	IDLE 3
 5:55:38	BUSY 1
 5:55:40	IDLE 1
 5:58:13	BUSY 1
 5:58:13	IDLE 1
 5:58:34	BUSY 2
 5:58:35	IDLE 2
 5:58:36	BUSY 5 TEST_m.FNC
 5:58:36	IDLE 5 TEST_m.FNC
 5:58:36	BUSY 3
 5:58:49	IDLE 3
 5:58:50	BUSY 1
 5:58:51	IDLE 1
11:05:2005
 9:26:15	BUSY 1
 9:26:16	IDLE 1
 9:26:19	BUSY 2
 9:26:21	IDLE 2
 9:26:29	BUSY 5 C:\CIM\CELL2\TEST_M.FNC
 9:26:29	IDLE 5 C:\CIM\CELL2\TEST_M.FNC
 9:26:40	BUSY 3
 9:26:49	IDLE 3
11:28:30	BUSY 1
11:28:31	IDLE 1
11:28:53	BUSY 2
11:28:53	IDLE 2
11:28:54	BUSY 5 KING_m.FNC
11:28:55	IDLE 5 KING_m.FNC
11:28:56	BUSY 3
11:36:15	IDLE 3
11:36:16	BUSY 1
11:36:17	IDLE 1
12:05:2005
 2:28:31	BUSY 1
 2:28:32	IDLE 1
 2:28:39	BUSY 2
 2:28:40	IDLE 2
 2:28:54	BUSY 5 C:\CIM\CELL2\TEST_M.FNC
 2:28:54	IDLE 5 C:\CIM\CELL2\TEST_M.FNC
 2:28:59	BUSY 3
 2:29:09	IDLE 3
 2:44:11	BUSY 1
 2:44:12	IDLE 1
 2:44:34	BUSY 2
 2:44:35	IDLE 2
 2:44:35	BUSY 5 KING_m.FNC
 2:44:37	IDLE 5 KING_m.FNC
 2:44:37	BUSY 3
 2:52:04	IDLE 3
 3:27:45	BUSY 1
 3:27:46	IDLE 1
 3:28:36	BUSY 2
 3:28:37	IDLE 2
 3:28:37	BUSY 5 KING_m.FNC
 3:28:39	IDLE 5 KING_m.FNC
 3:28:39	BUSY 3
 3:31:07	IDLE 3
 3:32:02	BUSY 5 C:\CIM\CELL2\TEST_M.FNC
 3:32:02	IDLE 5 C:\CIM\CELL2\TEST_M.FNC
 3:32:05	BUSY 3
 3:32:19	IDLE 3
 3:41:55	BUSY 1
 3:41:56	IDLE 1
 3:42:18	BUSY 2
 3:42:19	IDLE 2
 3:42:20	BUSY 5 KING_m.FNC
 3:42:21	IDLE 5 KING_m.FNC
 3:42:22	BUSY 3
 3:47:33	IDLE 3
 3:47:33	BUSY 1
 3:47:34	IDLE 1
 4:01:35	BUSY 1
 4:01:35	IDLE 1
 4:01:56	BUSY 2
 4:01:57	IDLE 2
 4:01:58	BUSY 5 KING_m.FNC
 4:01:59	IDLE 5 KING_m.FNC
 4:02:00	BUSY 3
 4:07:16	IDLE 3
 4:07:17	BUSY 1
 4:07:18	IDLE 1
 4:25:05	BUSY 1
 4:25:05	IDLE 1
 4:25:26	BUSY 2
 4:25:28	IDLE 2
 4:25:28	BUSY 5 KING_m.FNC
 4:25:29	IDLE 5 KING_m.FNC
 4:25:30	BUSY 3
 4:30:46	IDLE 3
 4:30:47	BUSY 1
 4:30:48	IDLE 1
 4:35:36	BUSY 5 C:\CIM\CELL2\TEST_M.FNC
 4:35:36	IDLE 5 C:\CIM\CELL2\TEST_M.FNC
 4:35:41	BUSY 3
 4:35:54	IDLE 3
 4:52:22	BUSY 1
 4:52:22	IDLE 1
 4:53:19	BUSY 2
 4:53:20	IDLE 2
 4:53:20	BUSY 5 KING_m.FNC
 4:53:22	IDLE 5 KING_m.FNC
 4:53:22	BUSY 3
 4:59:28	IDLE 3
13:05:2005
 9:35:39	BUSY 5 C:\CIM\CELL2\TEST_M.FNC
 9:35:39	IDLE 5 C:\CIM\CELL2\TEST_M.FNC
 9:35:42	BUSY 1
 9:35:43	IDLE 1
 9:35:47	BUSY 2
 9:35:48	IDLE 2
 9:35:52	BUSY 3
 9:36:01	IDLE 3
10:46:18	BUSY 1
10:46:19	IDLE 1
10:46:41	BUSY 2
10:46:42	IDLE 2
10:46:42	BUSY 5 KNIGHT_m.FNC
10:46:43	IDLE 5 KNIGHT_m.FNC
10:46:44	BUSY 3
10:51:11	IDLE 3
10:51:11	BUSY 1
10:51:13	IDLE 1
10:51:45	BUSY 1
10:51:45	IDLE 1
10:52:07	BUSY 2
10:52:08	IDLE 2
10:52:08	BUSY 5 KNIGHT_m.FNC
10:52:09	IDLE 5 KNIGHT_m.FNC
10:52:10	BUSY 3
10:56:32	IDLE 3
10:56:32	BUSY 1
10:56:34	IDLE 1
17:05:2005
11:40:29	BUSY 1
11:40:30	IDLE 1
11:40:34	BUSY 2
11:40:35	IDLE 2
11:40:39	BUSY 1
11:40:40	IDLE 1
11:40:44	BUSY 5 C:\CIM\CELL2\TEST_M.FNC
11:40:44	IDLE 5 C:\CIM\CELL2\TEST_M.FNC
11:40:52	BUSY 3
11:41:01	IDLE 3
15:16:31	BUSY 1
15:16:31	IDLE 1
15:16:54	BUSY 2
15:16:54	IDLE 2
15:16:55	BUSY 5 TEST_m.FNC
15:16:55	IDLE 5 TEST_m.FNC
15:16:55	BUSY 3
15:17:09	IDLE 3
15:17:10	BUSY 1
15:17:10	IDLE 1
15:19:12	BUSY 1
15:19:12	IDLE 1
15:19:35	BUSY 2
15:19:36	IDLE 2
15:19:36	BUSY 5 TEST_m.FNC
15:19:36	IDLE 5 TEST_m.FNC
15:19:37	BUSY 3
15:19:50	IDLE 3
15:19:50	BUSY 1
15:19:52	IDLE 1
17:05:2005
17:05:2005
16:16:41	BUSY 1
16:16:42	IDLE 1
16:16:52	BUSY 2
16:16:53	IDLE 2
16:17:33	BUSY 5 C:\CIM\CELL2\TEST_M.FNC
16:17:33	IDLE 5 C:\CIM\CELL2\TEST_M.FNC
16:17:39	BUSY 3
16:17:48	IDLE 3
17:10:47	BUSY 1
17:10:48	IDLE 1
17:11:10	BUSY 2
17:11:12	IDLE 2
17:11:12	BUSY 5 BISHOP_m.FNC
17:11:13	IDLE 5 BISHOP_m.FNC
17:11:13	BUSY 3
17:13:01	IDLE 3
17:13:02	BUSY 1
17:13:03	IDLE 1
17:15:39	BUSY 1
17:15:39	IDLE 1
17:17:53	BUSY 1
17:17:53	IDLE 1
17:18:17	BUSY 2
17:18:18	IDLE 2
17:18:18	BUSY 5 ROOK_m.FNC
17:18:19	IDLE 5 18:05:2005
 8:20:22	BUSY 5 C:\CIM\CELL2\TEST_M.FNC
 8:20:22	IDLE 5 C:\CIM\CELL2\TEST_M.FNC
 8:20:25	BUSY 1
 8:20:26	IDLE 1
 8:20:29	BUSY 2
 8:20:30	IDLE 2
 8:20:32	BUSY 3
 8:20:41	IDLE 3
 8:33:46	BUSY 5 C:\CIM\CELL2\TEST_M.FNC
 8:33:46	IDLE 5 C:\CIM\CELL2\TEST_M.FNC
 8:33:53	BUSY 3
 8:34:06	IDLE 3
18:05:2005
10:01:16	BUSY 5 C:\CIM\CELL2\TEST_M.FNC
10:01:17	IDLE 5 C:\CIM\CELL2\TEST_M.FNC
10:01:19	BUSY 1
10:01:19	IDLE 1
10:01:25	BUSY 2
10:01:26	IDLE 2
10:01:36	BUSY 3
10:01:45	IDLE 3
13:09:45	BUSY 5 C:\CIM\CELL2\TEST_M.FNC
13:09:45	IDLE 5 C:\CIM\CELL2\TEST_M.FNC
13:09:48	BUSY 1
13:09:49	IDLE 1
13:09:51	BUSY 2
13:09:52	IDLE 2
13:09:55	BUSY 3
13:10:08	IDLE 3
15:14:34	BUSY 1
15:14:35	IDLE 1
15:14:58	BUSY 2
15:14:59	IDLE 2
15:15:00	BUSY 5 ROOK_m.FNC
15:15:01	IDLE 5 ROOK_m.FNC
15:15:01	BUSY 3
15:18:17	IDLE 3
15:18:17	BUSY 1
15:18:18	IDLE 1
15:19:26	BUSY 1
15:19:26	IDLE 1
15:19:49	BUSY 2
15:19:50	IDLE 2
15:19:50	BUSY 5 ROOK_m.FNC
15:19:51	IDLE 5 ROOK_m.FNC
15:19:52	BUSY 3
15:23:07	IDLE 3
15:23:07	BUSY 1
15:23:09	IDLE 1
15:39:21	BUSY 1
15:39:21	IDLE 1
15:39:43	BUSY 2
15:39:44	IDLE 2
15:39:45	BUSY 5 ROOK_m.FNC
15:39:46	IDLE 5 ROOK_m.FNC
15:39:46	BUSY 3
15:43:01	IDLE 3
15:43:02	BUSY 1
15:43:03	IDLE 1
16:03:13	BUSY 1
16:03:13	IDLE 1
16:03:17	BUSY 2
16:03:18	IDLE 2
16:03:21	BUSY 1
16:03:22	IDLE 1
18:05:2005
16:23:32	BUSY 1
16:23:32	IDLE 1
16:23:55	BUSY 2
16:23:56	IDLE 2
16:23:57	BUSY 5 ROOK_m.FNC
16:23:58	IDLE 5 ROOK_m.FNC
16:23:58	BUSY 3
16:27:14	IDLE 3
16:27:14	BUSY 1
16:27:15	IDLE 1
16:28:20	BUSY 1
16:28:20	IDLE 1
16:28:43	BUSY 2
16:28:44	IDLE 2
16:28:44	BUSY 5 ROOK_m.FNC
16:28:45	IDLE 5 ROOK_m.FNC
16:28:46	BUSY 3
16:32:02	IDLE 3
16:32:02	BUSY 1
16:32:04	IDLE 1
18:05:2005
18:45:03	BUSY 5 C:\CIM\CELL2\TEST_M.FNC
18:45:03	IDLE 5 C:\CIM\CELL2\TEST_M.FNC
18:45:05	BUSY 1
18:45:06	IDLE 1
18:45:08	BUSY 2
18:45:09	IDLE 2
18:45:11	BUSY 3
18:45:24	IDLE 3
18:05:2005
21:59:08	BUSY 1
21:59:09	IDLE 1
21:59:12	BUSY 2
21:59:13	IDLE 2
21:59:18	BUSY 5 C:\CIM\CELL2\TEST_M.FNC
21:59:18	IDLE 5 C:\CIM\CELL2\TEST_M.FNC
21:59:22	BUSY 3
21:59:35	IDLE 3
22:28:07	BUSY 1
22:28:08	IDLE 1
19:05:2005
 8:57:10	BUSY 5 C:\CIM\CELL2\TEST_M.FNC
 8:57:10	IDLE 5 C:\CIM\CELL2\TEST_M.FNC
 8:57:15	BUSY 1
 8:57:16	IDLE 1
 8:57:19	BUSY 2
 8:57:20	IDLE 2
 8:57:22	BUSY 3
 8:57:31	IDLE 3
19:05:2005
11:13:04	BUSY 1
11:13:05	IDLE 1
11:13:09	BUSY 2
11:13:10	IDLE 2
11:13:14	BUSY 5 C:\CIM\CELL2\TEST_M.FNC
11:13:14	IDLE 5 C:\CIM\CELL2\TEST_M.FNC
11:13:19	BUSY 3
11:13:29	IDLE 3
11:15:18	BUSY 1
11:15:19	IDLE 1
14:17:40	BUSY 2
14:17:41	IDLE 2
14:17:45	BUSY 1
14:17:46	IDLE 1
14:21:51	BUSY 2
14:21:52	IDLE 2
14:21:56	BUSY 5 C:\CIM\CELL2\TEST_M.FNC
14:21:56	IDLE 5 C:\CIM\CELL2\TEST_M.FNC
14:21:58	BUSY 3
14:22:05	IDLE
14:22:11	BUSY 5 C:\CIM\CELL2\TEST_M.FNC
14:22:13	ERROR RS232 Download aborted
14:22:16	20:05:2005
10:02:39	BUSY 5 C:\CIM\CELL2\TEST_M.FNC
10:02:40	IDLE 5 C:\CIM\CELL2\TEST_M.FNC
10:02:43	BUSY 1
10:02:44	IDLE 1
10:02:47	BUSY 2
10:02:48	IDLE 2
10:02:55	BUSY 3
10:03:04	IDLE 3
10:36:24	BUSY 1
10:36:25	IDLE 1
10:36:27	BUSY 2
10:36:29	IDLE 2
10:36:37	BUSY 5 C:\CIM\CELL2\TEST_M.FNC
10:36:37	IDLE 5 C:\CIM\CELL2\TEST_M.FNC
10:36:42	BUSY 3
10:36:55	IDLE 3
10:56:56	BUSY 1
10:57:11	IDLE
10:57:14	BUSY 2
10:57:14	IDLE 2
11:00:53	BUSY 5 C:\CIM\CELL2\TEST_M.FNC
11:00:53	IDLE 5 C:\CIM\CELL2\TEST_M.FNC
11:00:57	BUSY 3
11:01:06	IDLE 3
11:06:30	BUSY 1
11:06:51	IDLE
11:06:54	BUSY 1
11:07:03	IDLE
13:11:10	BUSY 2
13:11:11	IDLE 2
13:11:14	BUSY 1
13:11:14	IDLE 1
13:11:19	BUSY 5 C:\CIM\CELL2\TEST_M.FNC
13:11:19	IDLE 5 C:\CIM\CELL2\TEST_M.FNC
13:11:30	BUSY 3
13:11:39	IDLE 3
13:14:55	BUSY 2
13:14:56	IDLE 2
13:15:00	BUSY 5 C:\CIM\CELL2\TEST_M.FNC
13:15:00	IDLE 5 C:\CIM\CELL2\TEST_M.FNC
13:15:02	BUSY 3
13:15:16	IDLE 3
13:34:25	BUSY 1
13:34:26	IDLE 1
13:34:27	BUSY 2
13:34:28	IDLE 2
13:34:33	BUSY 5 C:\CIM\CELL2\TEST_M.FNC
13:34:33	IDLE 5 C:\CIM\CELL2\TEST_M.FNC
13:34:35	BUSY 3
13:34:48	IDLE 3
13:40:39	BUSY 5 C:\CIM\CELL2\TEST_M.FNC
13:40:39	IDLE 5 C:\CIM\CELL2\TEST_M.FNC
13:40:41	BUSY 3
13:40:55	IDLE 3
15:17:21	BUSY 1
15:17:22	IDLE 1
15:17:24	BUSY 2
15:17:25	IDLE 2
15:19:28	BUSY 5 C:\CIM\CELL2\TEST_M.FNC
15:19:29	IDLE 5 C:\CIM\CELL2\TEST_M.FNC
15:19:30	BUSY 3
15:19:43	IDLE 3
20:05:2005
15:29:40	BUSY 1
15:29:40	IDLE 1
15:29:43	BUSY 2
15:29:43	IDLE 2
15:29:47	BUSY 5 C:\CIM\CELL2\TEST_M.FNC
15:29:47	IDLE 5 C:\CIM\CELL2\TEST_M.FNC
15:29:50	BUSY 3
15:29:59	IDLE 3
15:45:34	BUSY 1
15:45:35	IDLE 1
15:45:38	BUSY 2
15:45:39	IDLE 2
15:45:44	BUSY 5 C:\CIM\CELL2\TEST_M.FNC
15:45:44	IDLE 5 C:\CIM\CELL2\TEST_M.FNC
15:45:46	BUSY 3
15:46:00	IDLE 3
15:46:15	BUSY 1
15:46:15	IDLE 1
15:46:38	BUSY 2
15:46:39	IDLE 2
15:46:39	BUSY 5 TEST_m.FNC
15:46:39	IDLE 5 TEST_m.FNC
15:46:40	BUSY 3
15:46:53	IDLE 3
15:46:53	BUSY 1
15:46:54	IDLE 1
15:55:41	BUSY 1
15:55:41	IDLE 1
15:56:04	BUSY 2
15:56:05	IDLE 2
15:56:05	BUSY 5 KING_m.FNC
15:56:07	IDLE 5 KING_m.FNC
15:56:07	BUSY 3
16:01:06	IDLE 3
16:01:07	BUSY 1
16:01:08	IDLE 1
16:02:45	BUSY 1
16:02:45	IDLE 1
16:02:47	BUSY 2
16:02:48	IDLE 2
16:02:50	BUSY 1
16:02:51	IDLE 1
16:02:55	BUSY 5 C:\CIM\CELL2\TEST_M.FNC
16:02:55	IDLE 5 C:\CIM\CELL2\TEST_M.FNC
16:02:57	BUSY 3
16:03:11	IDLE 3
16:03:18	BUSY 1
16:03:18	IDLE 1
16:03:41	BUSY 2
16:03:42	IDLE 2
16:03:42	BUSY 5 TEST_m.FNC
16:03:42	IDLE 5 TEST_m.FNC
16:03:43	BUSY 3
16:03:56	IDLE 3
16:03:57	BUSY 1
16:03:58	IDLE 1
16:19:48	BUSY 2
16:19:49	IDLE 2
16:19:54	BUSY 5 C:\CIM\CELL2\TEST_M.FNC
16:19:54	IDLE 5 C:\CIM\CELL2\TEST_M.FNC
16:19:56	BUSY 3
16:20:09	IDLE 3
16:20:31	BUSY 1
16:20:32	IDLE 1
16:20:55	BUSY 2
16:20:56	IDLE 2
16:20:56	BUSY 5 TEST_m.FNC
16:20:57	IDLE 5 TEST_m.FNC
16:20:57	BUSY 3
16:21:10	IDLE 3
16:21:11	BUSY 1
16:21:12	IDLE 1
16:29:25	BUSY 1
16:29:25	IDLE 1
16:29:47	BUSY 2
16:29:48	IDLE 2
16:29:48	BUSY 5 QUEEN_m.FNC
16:29:50	IDLE 5 QUEEN_m.FNC
16:29:50	BUSY 3
16:33:10	IDLE 3
16:33:10	BUSY 1
16:33:12	IDLE 1
17:44:50	BUSY 1
17:44:50	IDLE 1
17:45:13	BUSY 2
17:45:14	IDLE 2
17:45:15	BUSY 5 QUEEN_m.FNC
17:45:16	IDLE 5 QUEEN_m.FNC
17:45:16	BUSY 3
17:48:35	IDLE 3
17:48:35	BUSY 1
17:48:36	IDLE 1
17:50:14	BUSY 1
17:50:14	IDLE 1
17:50:37	BUSY 2
17:50:38	IDLE 2
17:50:38	BUSY 5 BISHOP_m.FNC
17:50:39	IDLE 5 BISHOP_m.FNC
17:50:39	BUSY 3
17:52:21	IDLE 3
17:52:22	BUSY 1
17:52:23	IDLE 1
18:14:48	BUSY 1
18:14:48	IDLE 1
18:15:10	BUSY 2
18:15:11	IDLE 2
18:15:11	BUSY 5 KING_m.FNC
18:15:12	IDLE 5 KING_m.FNC
18:15:13	BUSY 3
18:20:11	IDLE 3
18:20:12	BUSY 1
18:20:12	IDLE 1
18:20:40	BUSY 1
18:20:40	IDLE 1
18:21:02	BUSY 2
18:21:03	IDLE 2
18:21:03	BUSY 5 QUEEN_m.FNC
18:21:04	IDLE 5 QUEEN_m.FNC
18:21:05	BUSY 3
18:24:23	IDLE 3
18:24:24	BUSY 1
18:24:25	IDLE 1
18:25:33	BUSY 1
18:25:33	IDLE 1
18:25:55	BUSY 2
18:25:56	IDLE 2
18:25:56	BUSY 5 BISHOP_m.FNC
18:25:57	IDLE 5 BISHOP_m.FNC
18:25:57	BUSY 3
18:27:40	IDLE 3
18:27:40	BUSY 1
18:27:41	IDLE 1
18:30:45	BU