24:04:2006
11:39:42	BUSY
11:40:17	IDLE
28:04:2006
 8:19:50	LOCAL CONTROL ONLY
 8:19:51	LOCAL CONTROL ONLY
11:44:35	IDLE
11:51:08	BUSY
11:51:45	IDLE
11:51:56	BUSY
11:52:04	IDLE
02:05:2006
 8:22:14	LOCAL CONTROL ONLY
 8:29:11	IDLE
 8:30:24	BUSY
 8:31:14	IDLE
 8:31:32	BUSY
 8:31:41	ERROR received from device
 8:31:51	IDLE
 8:32:10	BUSY
 8:32:24	IDLE
02:05:2006
 9:46:17	BUSY
 9:46:53	IDLE
12:02:24	BUSY 1 PICK King PLACE CONVEYOR PICK CONVEYOR
12:03:00	IDLE 1 PICK King PLACE CONVEYOR PICK CONVEYOR
12:05:58	BUSY 1 PICK King PLACE CONVEYOR PICK CONVEYOR
12:06:34	IDLE 1 PICK King PLACE CONVEYOR PICK CONVEYOR
12:10:06	BUSY 1 PICK King PLACE CONVEYOR PICK CONVEYOR
12:10:42	IDLE 1 PICK King PLACE CONVEYOR PICK CONVEYOR
12:13:35	BUSY 1 PICK King PLACE CONVEYOR PICK CONVEYOR
12:14:11	IDLE 1 PICK King PLACE CONVEYOR PICK CONVEYOR
12:16:02	BUSY 1 PICK King PLACE CONVEYOR PICK CONVEYOR
12:16:38	IDLE 1 PICK King PLACE CONVEYOR PICK CONVEYOR
12:21:12	BUSY 1 PICK King PLACE CONVEYOR PICK CONVEYOR
12:21:48	IDLE 1 PICK King PLACE CONVEYOR PICK CONVEYOR
13:26:23	BUSY 1 PICK King PLACE CONVEYOR PICK CONVEYOR
13:26:59	IDLE 1 PICK King PLACE CONVEYOR PICK CONVEYOR
13:36:00	BUSY 1 PICK King PLACE CONVEYOR PICK CONVEYOR
13:36:37	IDLE 1 PICK King PLACE CONVEYOR PICK CONVEYOR
13:44:54	BUSY 1 PICK King PLACE CONVEYOR PICK CONVEYOR
13:45:29	IDLE 1 PICK King PLACE CONVEYOR PICK CONVEYOR
13:53:10	BUSY 1 PICK King PLACE CONVEYOR PICK CONVEYOR
13:53:42	IDLE 1 PICK King PLACE CONVEYOR PICK CONVEYOR
13:56:59	BUSY 1 PLACE Conveyor
13:57:04	IDLE 1 PLACE Conveyor
13:57:11	BUSY 1 PICK Conveyor PLACE AGV
13:58:21	IDLE 1 PICK Conveyor PLACE AGV
14:01:23	LOCAL CONTROL ONLY
14:04:13	IDLE
14:05:01	BUSY 1 PICK King PLACE CONVEYOR PICK CONVEYOR
14:05:40	IDLE 1 PICK King PLACE CONVEYOR PICK CONVEYOR
14:09:10	BUSY 1 PLACE Conveyor
14:09:17	IDLE 1 PLACE Conveyor
14:09:29	BUSY 1 PICK Conveyor PLACE AGV
103:05:2006
 8:11:14	LOCAL CONTROL ONLY
 8:14:54	IDLE
 8:27:31	BUSY 1 PICK King PLACE CONVEYOR PICK CONVEYOR
 8:28:07	IDLE 1 PICK King PLACE CONVEYOR PICK CONVEYOR
 8:31:08	BUSY 1 PICK King PLACE CONVEYOR PICK CONVEYOR
 8:31:46	IDLE 1 PICK King PLACE CONVEYOR PICK CONVEYOR
 8:34:51	BUSY 1 PICK King PLACE CONVEYOR PICK CONVEYOR
 8:35:29	IDLE 1 PICK King PLACE CONVEYOR PICK CONVEYOR
 8:38:49	BUSY 1 PLACE Conveyor
 8:38:56	IDLE 1 PLACE Conveyor
 8:39:03	BUSY 1 PICK Conveyor PLACE AGV
 8:40:26	IDLE 1 PICK Conveyor PLACE AGV
 8:41:47	LOCAL CONTROL ONLY
 8:42:32	IDLE
 8:49:06	BUSY 1 PICK King PLACE CONVEYOR PICK CONVEYOR
 8:49:44	IDLE 1 PICK King PLACE CONVEYOR PICK CONVEYOR
 8:53:02	BUSY 1 PLACE Conveyor
 8:53:09	IDLE 1 PLACE Conveyor
 8:53:16	BUSY 1 PICK Conveyor PLACE AGV
 8:54:17	IDLE 1 PICK Conveyor PLACE AGV
 9:20:40	BUSY 1 PICK King PLACE CONVEYOR PICK CONVEYOR
 9:21:18	IDLE 1 PICK King PLACE CONVEYOR PICK CONVEYOR
 9:24:37	BUSY 1 PLACE Conveyor
 9:24:44	IDLE 1 PLACE Conveyor
 9:24:50	BUSY 1 PICK Conveyor PLACE AGV
 9:25:52	IDLE 1 PICK Conveyor PLACE AGV
 9:26:35	BUSY 1 PICK AGV PLACE King
 9:27:24	IDLE 1 PICK AGV PLACE King
 9:30:31	BUSY 1 PICK King PLACE CONVEYOR PICK CONVEYOR
 9:31:02	IDLE 1 PICK King PLACE CONVEYOR PICK CONVEYOR
 9:34:19	BUSY 1 PLACE Conveyor
 9:34:26	IDLE 1 PLACE Conveyor
 9:34:33	BUSY 1 PICK Conveyor PLACE AGV
 9:35:35	IDLE 1 PICK Conveyor PLACE AGV
 9:36:18	BUSY 1 PICK AGV PLACE King
 9:37:06	IDLE 1 PICK AGV PLACE King
10:16:42	BUSY 1 PICK King PLACE CONVEYOR PICK CONVEYOR
10:17:12	IDLE 1 PICK King PLACE CONVEYOR PICK CONVEYOR
10:20:29	BUSY 1 PLACE Conveyor
10:20:36	IDLE 1 PLACE Conveyor
10:20:42	BUSY 1 PICK Conveyor PLACE AGV
10:21:43	IDLE 1 PICK Conveyor PLACE AGV
10:22:29	BUSY 1 PICK AGV PLACE King
10:23:16	IDLE 1 PICK AGV PLACE King
10:27:38	BUSY 1 PICK King PLACE CONVEYOR PICK CONVEYOR
10:28:08	IDLE 1 PICK King PLACE CONVEYOR PICK CONVEYOR
10:28:09	BUSY 1 PICK King PLACE CONVEYOR PICK CONVEYOR
10:28:49	IDLE 1 PICK King PLACE CONVEYOR PICK CONVEYOR
10:31:26	BUSY 1 PLACE Conveyor
10:31:32	IDLE 1 PLACE Conveyor
10:31:39	BUSY 1 PICK Conveyor PLACE AGV
10:32:40	IDLE 1 PICK Conveyor PLACE AGV
10:33:24	BUSY 1 PICK AGV PLACE King
10:34:12	IDLE 1 PICK AGV PLACE King
10:34:13	BUSY 1 PLACE Conveyor
10:34:28	IDLE 1 PLACE Conveyor
10:34:35	BUSY 1 PICK Conveyor PLACE AGV
10:35:36	IDLE 1 PICK Conveyor PLACE AGV
10:36:28	BUSY 1 PICK AGV PLACE King
10:37:15	IDLE 1 PICK AGV PLACE King
10:43:55	BUSY 1 PICK King PLACE CONVEYOR PICK CONVEYOR
10:44:27	IDLE 1 PICK King PLACE CONVEYOR PICK CONVEYOR
10:44:28	BUSY 1 PICK King PLACE CONVEYOR PICK CONVEYOR
10:45:08	IDLE 1 PICK King PLACE CONVEYOR PICK CONVEYOR
10:47:47	BUSY 1 PLACE Conveyor
10:47:54	IDLE 1 PLACE Conveyor
10:48:00	BUSY 1 PICK Conveyor PLACE AGV
10:49:02	IDLE 1 PICK Conveyor PLACE AGV
10:53:24	BUSY 1 PICK AGV PLACE King
10:54:12	IDLE 1 PICK AGV PLACE King
10:54:13	BUSY 1 PLACE Conveyor
10:54:14	LOCAL CONTROL ONLY
10:54:14	BUSY
10:54:28	IDLE
10:56:04	LOCAL CONTROL ONLY
10:56:36	IDLE
10:58:10	BUSY 1 PICK King PLACE CONVEYOR PICK CONVEYOR
10:58:46	IDLE 1 PICK King PLACE CONVEYOR PICK CONVEYOR
10:58:46	BUSY 1 PICK King PLACE CONVEYOR PICK CONVEYOR
10:59:26	IDLE 1 PICK King PLACE CONVEYOR PICK CONVEYOR
11:02:31	BUSY 1 PICK King PLACE CONVEYOR PICK CONVEYOR
11:03:07	IDLE 1 PICK King PLACE CONVEYOR PICK CONVEYOR
11:03:08	BUSY 1 PICK King PLACE CONVEYOR PICK CONVEYOR
11:03:47	IDLE 1 PICK King PLACE CONVEYOR PICK CONVEYOR
11:06:23	BUSY 1 PLACE Conveyor
11:06:29	IDLE 1 PLACE Conveyor
11:06:35	BUSY 1 PICK Conveyor PLACE AGV
11:07:37	IDLE 1 PICK Conveyor PLACE AGV
11:08:21	BUSY 1 PICK AGV PLACE King
11:09:09	IDLE 1 PICK AGV PLACE King
11:09:09	BUSY 1 PLACE Conveyor
11:09:24	IDLE 1 PLACE Conveyor
11:09:32	BUSY 1 PICK Conveyor PLACE AGV
11:10:33	IDLE 1 PICK Conveyor PLACE AGV
11:12:00	BUSY 1 PICK AGV PLACE King
11:12:47	IDLE 1 PICK AGV PLACE King
14:55:40	BUSY 1 PICK King PLACE CONVEYOR PICK CONVEYOR
14:56:12	IDLE 1 PICK King PLACE CONVEYOR PICK CONVEYOR
14:56:13	BUSY 1 PICK King PLACE CONVEYOR PICK CONVEYOR
14:56:52	IDLE 1 PICK King PLACE CONVEYOR PICK CONVEYOR
14:59:31	BUSY 1 PLACE Conveyor
14:59:37	IDLE 1 PLACE Conveyor
14:59:44	BUSY 1 PICK Conveyor PLACE AGV
15:00:45	IDLE 1 PICK Conveyor PLACE AGV
15:01:30	BUSY 1 PICK AGV PLACE King
15:02:18	IDLE 1 PICK AGV PLACE King
15:02:19	BUSY 1 PLACE Conveyor
15:02:33	IDLE 1 PLACE Conveyor
15:02:41	BUSY 1 PICK Conveyor PLACE AGV
15:03:42	IDLE 1 PICK Conveyor PLACE AGV
15:04:27	BUSY 1 PICK AGV PLACE King
15:05:14	IDLE 1 PICK AGV PLACE King
15:35:26	BUSY 1 PICK King PLACE CONVEYOR PICK CONVEYOR
15:35:57	IDLE 1 PICK King PLACE CON04:05:2006
12:09:28	LOCAL CONTROL ONLY
12:09:29	LOCAL CONTROL ONLY
12:10:22	IDLE
14:20:08	BUSY 1 PICK King PLACE CONVEYOR PICK CONVEYOR
14:20:45	IDLE 1 PICK King PLACE CONVEYOR PICK CONVEYOR
14:20:47	BUSY 1 PICK Queen PLACE CONVEYOR PICK CONVEYOR
14:21:25	IDLE 1 PICK Queen PLACE CONVEYOR PICK CONVEYOR
14:21:27	BUSY 1 PICK Bishop PLACE CONVEYOR PICK CONVEYOR
14:22:03	IDLE 1 PICK Bishop PLACE CONVEYOR PICK CONVEYOR
14:22:42	BUSY 1 PICK Knight PLACE CONVEYOR PICK CONVEYOR
14:23:21	IDLE 1 PICK Knight PLACE CONV04:05:2006
04:05:2006
15:34:56	BUSY 1 PICK King PLACE CONVEYOR PICK CONVEYOR
15:35:27	IDLE 1 PICK King PLACE CONVEYOR PICK CONVEYOR
15:41:46	BUSY 1 PICK King PLACE CONVEYOR PICK CONVEYOR
15:42:17	IDLE 1 PICK King PLACE CONVEYOR PICK CONVEYOR
15:45:43	BUSY 1 PLACE Conveyor
15:45:49	IDLE 1 PLACE Conveyor
15:45:56	BUSY 1 PICK Conveyor PLACE AGV
15:46:50	IDLE 1 PICK Conveyor PLACE AGV
15:48:41	BUSY 1 PICK AGV PLACE King
15:49:25	IDLE 1 PICK AGV PLACE King
16:09:18	BUSY 1 PICK King PLACE CONVEYOR PICK CONVEYOR
16:09:45	IDL08:05:2006
 7:29:48	LOCAL CONTROL ONLY
 7:29:59	IDLE
 7:30:18	LOCAL CONTROL ONLY
 7:31:17	IDLE
 8:57:18	BUSY 1 PICK King PLACE CONVEYOR PICK CONVEYOR
 8:57:57	IDLE 1 PICK King PLACE CONVEYOR PICK CONVEYOR
 8:57:58	BUSY 1 PICK Queen PLACE CONVEYOR PICK CONVEYOR
 8:58:40	IDLE 1 PICK Queen PLACE CONVEYOR PICK CONVEYOR
 8:58:41	BUSY 1 PICK Bishop PLACE CONVEYOR PICK CONVEYOR
 8:59:26	IDLE 1 PICK Bishop PLACE CONVEYOR PICK CONVEYOR
 8:59:53	BUSY 1 PICK Knight PLACE CONVEYOR PICK CONVEYOR
 9:00:43	IDLE 1 PICK Knight PLACE CONVEYOR PICK CONVEYOR
 9:01:16	BUSY 1 PLACE Conveyor
 9:01:23	IDLE 1 PLACE Conveyor
 9:01:30	BUSY 1 PICK Conveyor PLACE AGV
 9:02:39	IDLE 1 PICK Conveyor PLACE AGV
 9:02:40	BUSY 1 PICK Rook PLACE CONVEYOR PICK CONVEYOR
 9:03:25	IDLE 1 PICK Rook PLACE CONVEYOR PICK CONVEYOR
 9:03:26	BUSY 1 PICK AGV PLACE King
 9:04:27	IDLE 1 PICK AGV PLACE King
 9:04:28	BUSY 1 PLACE Conveyor
 9:04:40	IDLE 1 PLACE Conveyor
 9:04:47	BUSY 1 PICK Conveyor PLACE AGV
 9:05:37	IDLE 1 PICK Conveyor PLACE AGV
 9:06:20	BUSY 1 PICK AGV PLACE Queen
 9:06:59	IDLE 1 PICK AGV PLACE Queen
 9:07:00	BUSY 1 PLACE Conveyor
 9:07:13	IDLE 1 PLACE Conveyor
 9:07:20	BUSY 1 PICK Conveyor PLACE AGV
 9:08:10	IDLE 1 PICK Conveyor PLACE AGV
 9:08:53	BUSY 1 PICK AGV PLACE Bishop
 9:09:31	IDLE 1 PICK AGV PLACE Bishop
 9:09:32	BUSY 1 PLACE Conveyor
 9:09:47	IDLE 1 PLACE Conveyor
 9:09:54	BUSY 1 PICK Conveyor PLACE AGV
 9:10:44	IDLE 1 PICK Conveyor PLACE AGV
 9:11:27	BUSY 1 PICK AGV PLACE Knight
 9:12:04	IDLE 1 PICK AGV PLACE Knight
 9:12:05	BUSY 1 PLACE Conveyor
 9:12:21	IDLE 1 PLACE Conveyor
 9:12:28	BUSY 1 PICK Conveyor PLACE AGV
 9:13:17	IDLE 1 PICK Conveyor PLACE AGV
 9:14:01	BUSY 1 PICK AGV PLACE Rook
 9:14:37	IDLE 1 PICK AGV PLACE Rook
10:17:26	BUSY 1 PICK King PLACE CONVEYOR PICK CONVEYOR
10:17:54	IDLE 1 PICK King PLACE CONVEYOR PICK CONVEYOR
10:17:56	BUSY 1 PICK Queen PLACE CONVEYOR PICK CONVEYOR
10:18:26	IDLE 1 PICK Queen PLACE CONVEYOR PICK CONVEYOR
10:18:28	BUSY 1 PICK Bishop PLACE CONVEYOR PICK CONVEYOR
10:19:01	IDLE 1 PICK Bishop PLACE CONVEYOR PICK CONVEYOR
10:19:51	BUSY 1 PICK Knight PLACE CONVEYOR PICK CONVEYOR
10:20:27	IDLE 1 PICK Knight PLACE CONVEYOR PICK CONVEYOR
10:21:14	BUSY 1 PLACE Conveyor
10:21:19	IDLE 1 PLACE Conveyor
10:21:26	BUSY 1 PICK Conveyor PLACE AGV
10:22:15	IDLE 1 PICK Conveyor PLACE AGV
10:22:16	BUSY 1 PICK Rook PLACE CONVEYOR PICK CONVEYOR
10:22:49	IDLE 1 PICK Rook PLACE CONVEYOR PICK CONVEYOR
10:22:58	BUSY 1 PICK AGV PLACE King
10:23:51	IDLE 1 PICK AGV PLACE King
10:23:52	BUSY 1 PLACE Conveyor
10:24:03	IDLE 1 PLACE Conveyor
10:24:11	BUSY 1 PICK Conveyor PLACE AGV
10:25:00	IDLE 1 PICK Conveyor PLACE AGV
10:25:43	BUSY 1 PICK AGV PLACE Queen
10:26:21	IDLE 1 PICK AGV PLACE Queen
10:26:23	BUSY 1 PLACE Conveyor
10:26:36	IDLE 1 PLACE Conveyor
10:26:43	BUSY 1 PICK Conveyor PLACE AGV
10:27:32	IDLE 1 PICK Conveyor PLACE AGV
10:28:15	BUSY 1 PICK AGV PLACE Bishop
10:28:53	IDLE 1 PICK AGV PLACE Bishop
10:28:54	BUSY 1 PLACE Conveyor
10:29:08	IDLE 1 PLACE Conveyor
10:29:15	BUSY 1 PICK Conveyor PLACE AGV
10:30:04	IDLE 1 PICK Conveyor PLACE AGV
10:30:46	BUSY 1 PICK AGV PLACE Knight
10:31:23	IDLE 1 PICK AGV PLACE Knight
10:31:25	BUSY 1 PLACE Conveyor
10:31:41	IDLE 1 PLACE Conveyor
10:31:48	BUSY 1 PICK Conveyor PLACE AGV
10:32:37	IDLE 1 PICK Conveyor PLACE AGV
10:33:20	BUSY 1 PICK AGV PLACE Rook
10:33:57	IDLE 1 PICK AGV PLACE Rook
08:05:2006
09:05:2006
 8:27:45	LOCAL CONTROL ONLY
 8:33:57	IDLE
 8:48:11	LOCAL CONTROL ONLY
 8:48:17	IDLE
 8:49:44	BUSY 1 PICK King PLACE CONVEYOR PICK CONVEYOR
 8:50:26	IDLE 1 PICK King PLACE CONVEYOR PICK CONVEYOR
 8:50:27	BUSY 1 PICK Queen PLACE CONVEYOR PICK CONVEYOR
 8:50:58	IDLE 1 PICK Queen PLACE CONVEYOR PICK CONVEYOR
 8:50:59	BUSY 1 PICK Bishop PLACE CONVEYOR PICK CONVEYOR
 8:51:33	IDLE 1 PICK Bishop PLACE CONVEYOR PICK CONVEYOR
 8:52:21	BUSY 1 PICK Knight PLACE CONVEYOR PICK CONVEYOR
 8:52:58	IDLE 1 PICK Knight PLACE CONVEYOR PICK CONVEYOR
 8:53:45	BUSY 1 PLACE Conveyor
 8:53:50	IDLE 1 PLACE Conveyor
 8:53:57	BUSY 1 PICK Conveyor PLACE AGV
 8:54:47	IDLE 1 PICK Conveyor PLACE AGV
 8:54:47	BUSY 1 PICK Rook PLACE CONVEYOR PICK CONVEYOR
 8:55:20	IDLE 1 PICK Rook PLACE CONVEYOR PICK CONVEYOR
 8:57:06	BUSY 1 PICK AGV PLACE King
 8:58:00	IDLE 1 PICK AGV PLACE King
 8:58:00	BUSY 1 PLACE Conveyor
 8:58:12	IDLE 1 PLACE Conveyor
 8:58:19	BUSY 1 PICK Conveyor PLACE AGV
 8:59:09	IDLE 1 PICK Conveyor PLACE AGV
 8:59:51	BUSY 1 PICK AGV PLACE Queen
 9:00:29	IDLE 1 PICK AGV PLACE Queen
 9:00:30	BUSY 1 PLACE Conveyor
 9:00:43	IDLE 1 PLACE Conveyor
 9:00:50	BUSY 1 PICK Conveyor PLACE AGV
 9:01:40	IDLE 1 PICK Conveyor PLACE AGV
 9:02:22	BUSY 1 PICK AGV PLACE Bishop
 9:03:00	IDLE 1 PICK AGV PLACE Bishop
 9:03:00	BUSY 1 PLACE Conveyor
 9:03:15	IDLE 1 PLACE Conveyor
 9:03:21	BUSY 1 PICK Conveyor PLACE AGV
 9:04:11	IDLE 1 PICK Conveyor PLACE AGV
 9:04:53	BUSY 1 PICK AGV PLACE Knight
 9:05:31	IDLE 1 PICK AGV PLACE Knight
 9:05:31	BUSY 1 PLACE Conveyor
 9:05:47	IDLE 1 PLACE Conveyor
 9:05:54	BUSY 1 PICK Conveyor PLACE AGV
 9:06:44	IDLE 1 PICK Conveyor PLACE AGV
 9:07:26	BUSY 1 PICK AGV PLACE Rook
 9:08:03	IDLE 1 PICK AGV PLACE Rook
13:33:46	BUSY 1 PICK King PLACE CONVEYOR PICK CONVEYOR
13:34:14	IDLE 1 PICK King PLACE CONVEYOR PICK CONVEYOR
13:34:15	BUSY 1 PICK Queen PLACE CONVEYOR PICK CONVEYOR
13:34:46	IDLE 1 PICK Queen PLACE CONVEYOR PICK CONVEYOR
13:34:47	BUSY 1 PICK Bishop PLACE CONVEYOR PICK CONVEYOR
13:35:20	IDLE 1 PICK Bishop PLACE CONVEYOR PICK CONVEYOR
13:36:09	BUSY 1 PICK Knight PLACE CONVEYOR PICK CONVEYOR
13:36:45	IDLE 1 PICK Knight PLACE CONVEYOR PICK CONVEYOR
13:37:32	BUSY 1 PLACE Conveyor
13:37:37	IDLE 1 PLACE Conveyor
13:37:44	BUSY 1 PICK Conveyor PLACE AGV
13:38:33	IDLE 1 PICK Conveyor PLACE AGV
13:38:34	BUSY 1 PICK Rook PLACE CONVEYOR PICK CONVEYOR
13:39:07	IDLE 1 PICK Rook PLACE CONVEYOR PICK CONVEYOR
13:39:16	BUSY 1 PICK AGV PLACE King
13:40:09	IDLE 1 PICK AGV PLACE King
13:40:10	BUSY 1 PLACE Conveyor
13:40:21	IDLE 1 PLACE Conveyor
13:40:28	BUSY 1 PICK Conveyor PLACE AGV
13:41:17	IDLE 1 PICK Conveyor PLACE AGV
13:42:00	BUSY 1 PICK AGV PLACE Queen
13:42:39	IDLE 1 PICK AGV PLACE Queen
13:42:40	BUSY 1 PLACE Conveyor
13:42:53	IDLE 1 PLACE Conveyor
13:43:00	BUSY 1 PICK Conveyor PLACE AGV
13:43:49	IDLE 1 PICK Conveyor PLACE AGV
13:44:31	BUSY 1 PICK AGV PLACE Bishop
13:45:09	IDLE 1 PICK AGV PLACE Bishop
13:45:10	BUSY 1 PLACE Conveyor
13:45:24	IDLE 1 PLACE Conveyor
13:45:31	BUSY 1 PICK Conveyor PLACE AGV
13:46:20	IDLE 1 PICK Convey10:05:2006
11:10:11	BUSY 1 PICK King PLACE CONVEYOR PICK CONVEYOR
11:10:40	IDLE 1 PICK King PLACE CONVEYOR PICK CONVEYOR
11:10:40	BUSY 1 PICK Queen PLACE CONVEYOR PICK CONVEYOR
11:11:11	IDLE 1 PICK Queen PLACE CONVEYOR PICK CONVEYOR
11:11:11	BUSY 1 PICK Bishop PLACE CONVEYOR PICK CONVEYOR
11:11:45	IDLE 1 PICK Bishop PLACE CONVEYOR PICK CONVEYOR
11:12:40	BUSY 1 PICK Knight PLACE CONVEYOR PICK CONVEYOR
11:13:16	IDLE 1 PICK Knight PLACE CONVEYOR PICK CONVEYOR
11:14:04	BUSY 1 PLACE Conveyor
11:14:10	IDLE 1 PLACE Conveyor
11:14:16	BUSY 1 PICK Conveyor PLACE AGV
11:15:06	IDLE 1 PICK Conveyor PLACE AGV
11:15:07	BUSY 1 PICK Rook PLACE CONVEYOR PICK CONVEYOR
11:15:41	IDLE 1 PICK Rook PLACE CONVEYOR PICK CONVEYOR
11:15:48	BUSY 1 PICK AGV PLACE King
11:16:42	IDLE 1 PICK AGV PLACE King
11:16:42	BUSY 1 PLACE Conveyor
11:16:54	IDLE 1 PLACE Conveyor
11:17:00	BUSY 1 PICK Conveyor PLACE AGV
11:17:50	IDLE 1 PICK Conveyor PLACE AGV
11:18:32	BUSY 1 PICK AGV PLACE Queen
11:19:11	IDLE 1 PICK AGV PLACE Queen
11:19:12	BUSY 1 PLACE Conveyor
11:19:25	IDLE 1 PLACE Conveyor
11:19:32	BUSY 1 PICK Conveyor PLACE AGV
11:20:22	IDLE 1 PICK Conveyor PLACE AGV
11:21:03	BUSY 1 PICK AGV PLACE Bishop
11:21:41	IDLE 1 PICK AGV PLACE Bishop
11:21:42	BUSY 1 PLACE Conveyor
11:21:57	IDLE 1 PLACE Conveyor
11:22:03	BUSY 1 PICK Conveyor PLACE AGV
11:22:53	IDLE 1 PICK Conveyor PLACE AGV
11:23:34	BUSY 1 PICK AGV PLACE Knight
11:24:11	IDLE 1 PICK AGV PLACE Knight
11:24:12	BUSY 1 PLACE Conveyor
11:24:28	IDLE 1 PLACE Conveyor
11:24:35	BUSY 1 PICK Conveyor PLACE A11:05:2006
 9:36:53	LOCAL CONTROL ONLY
 9:36:54	LOCAL CONTROL ONLY
14:44:30	IDLE
15:16:04	BUSY 1 PICK King PLACE CONVEYOR PICK CONVEYOR
15:16:32	IDLE 1 PICK King PLACE CONVEYOR PICK CONVEYOR
15:16:33	BUSY 1 PICK Queen PLACE CONVEYOR PICK CONVEYOR
15:17:04	IDLE 1 PICK Queen PLACE CONVEYOR PICK CONVEYOR
15:17:05	BUSY 1 PICK Bishop PLACE CONVEYOR PICK CONVEYOR
15:17:38	IDLE 1 PICK Bishop PLACE CONVEYOR PICK CONVEYOR
15:18:46	BUSY 1 PICK Knight PLACE CONVEYOR PICK CONVEYOR
15:19:22	IDLE 1 PICK Knight PLACE CONVEYOR PICK CONVEYOR
15:20:10	BUSY 1 PLACE Conveyor
15:20:15	IDLE 1 PLACE Conveyor
15:20:22	BUSY 1 PICK Conveyor PLACE AGV
15:21:11	IDLE 1 PICK Conveyor PLACE AGV
15:21:12	BUSY 1 PICK Rook PLACE CONVEYOR PICK CONVEYOR
15:21:45	IDLE 1 PICK Rook PLACE CONVEYOR PICK CONVEYOR
15:21:54	BUSY 1 PICK AGV PLACE King
15:22:47	IDLE 1 PICK AGV PLACE King
15:22:48	BUSY 1 PLACE Conveyor
15:23:00	IDLE 1 PLACE Conveyor
15:23:07	BUSY 1 PICK Conveyor PLACE AGV
15:23:57	IDLE 1 PICK Conveyor PLACE AGV
15:24:39	BUSY 1 PICK AGV PLACE Queen
15:25:18	IDLE 1 PICK AGV PLACE Queen
15:25:19	BUSY 1 PLACE Conveyor
15:25:32	IDLE 1 PLACE Conveyor
15:25:39	BUSY 1 PICK Conveyor PLACE AGV
15:26:29	IDLE 1 PICK Conveyor PLACE AGV
15:27:11	BUSY 1 PICK AGV PLACE Bishop
15:27:49	IDLE 1 PICK AGV PLACE Bishop
15:27:50	BUSY 1 PLACE Conveyor
15:28:04	IDLE 1 PLACE Conveyor
15:28:11	BUSY 1 PICK Conveyor PLACE AGV
15:29:00	IDLE 1 PICK Conveyor PLACE AGV
15:29:42	BUSY 1 PICK AGV PLACE Knight
15:30:19	IDLE 1 PICK AGV PLACE Knight
15:30:20	BUSY 1 PLACE Conveyo15:05:2006
 9:36:15	LOCAL CONTROL ONLY
 9:36:24	IDLE
 9:41:35	BUSY 1 PICK King PLACE CONVEYOR PICK CONVEYOR
 9:42:07	IDLE 1 PICK King PLACE CONVEYOR PICK CONVEYOR
 9:42:09	LOCAL CONTROL ONLY
 9:42:48	IDLE
 9:42:53	LOCAL CONTROL ONLY
 9:43:51	IDLE
15:05:2006
 9:48:50	BUSY 1 PICK King PLACE CONVEYOR PICK CONVEYOR
 9:49:18	IDLE 1 PICK King PLACE CONVEYOR PICK CONVEYOR
 9:49:19	BUSY 1 PICK Queen PLACE CONVEYOR PICK CONVEYOR
 9:49:50	IDLE 1 PICK Queen PLACE CONVEYOR PICK CONVEYOR
 9:49:51	BUSY 1 PICK Bishop PLACE CONVEYOR PICK CONVEYOR
 9:50:25	IDLE 1 PICK Bishop PLACE CONVEYOR PICK CONVEYOR
 9:51:17	BUSY 1 PICK Knight PLACE CONVEYOR PICK CONVEYOR
 9:51:54	IDLE 1 PICK Knight PLACE CONVEYOR PICK CONVEYOR
 9:52:41	BUSY 1 PLACE Conveyor
 9:52:47	IDLE 1 PLACE Conveyor
 9:52:53	BUSY 1 PICK Conveyor PLACE AGV
 9:53:43	IDLE 1 PICK Conveyor PLACE AGV
 9:53:44	BUSY 1 PICK Rook PLACE CONVEYOR PICK CONVEYOR
 9:54:18	IDLE 1 PICK Rook PLACE CONVEYOR PICK CONVEYOR
 9:54:27	BUSY 1 PICK AGV PLACE King
 9:55:21	IDLE 1 PICK AGV PLACE King
 9:55:21	BUSY 1 PLACE Conveyor
 9:55:33	IDLE 1 PLACE Conveyor
 9:55:40	BUSY 1 PICK Conveyor PLACE AGV
 9:56:30	IDLE 1 PICK Conveyor PLACE AGV
 9:57:15	BUSY 1 PICK AGV PLACE Queen
 9:57:53	IDLE 1 PICK AGV PLACE Queen
 9:57:54	BUSY 1 PLACE Conveyor
 9:58:07	IDLE 1 PLACE Conveyor
 9:58:14	BUSY 1 PICK Conveyor PLACE AGV
 9:59:04	IDLE 1 PICK Conveyor PLACE AGV
 9:59:48	BUSY 1 PICK AGV PLACE Bishop
10:00:27	IDLE 1 PICK AGV PLACE Bishop
10:00:27	BUSY 1 PLACE Conveyor
10:00:42	IDLE 1 PLACE Conveyor
10:00:48	BUSY 1 PICK Conveyor PLACE AGV
10:01:38	IDLE 1 PICK Conveyor PLACE AGV
10:02:21	BUSY 1 PICK AGV PLACE Knight
10:02:59	IDLE 1 PICK AGV PLACE Knight
10:02:59	BUSY 1 PLACE Conveyor
10:03:15	IDLE 1 PLACE Conveyor
10:03:22	BUSY 1 PICK Conveyor PLACE AGV
10:04:12	IDLE 1 PICK Conveyor PLACE AGV
10:04:55	BUSY 1 PICK AGV PLACE Rook
10:05:32	IDLE 1 PICK AGV PLACE Rook
