18:10:2004
18:10:2004
19:11:2004
22:11:2004
10:20:34	BUSY
10:20:34	BUSY
22:11:2004
11:48:41	BUSY
11:48:41	BUSY
22:11:2004
11:52:51	BUSY
11:52:51	BUSY
24:11:2004
 8:19:54	BUSY
 8:19:54	BUSY
24:11:2004
11:19:08	BUSY 1
11:19:12	IDLE
11:19:14	BUSY 2
11:19:14	IDLE 2
24:11:2004
11:20:47	BUSY 1
11:20:51	IDLE
11:20:54	BUSY 2
11:20:54	IDLE 2
11:21:02	BUSY 5 C:\CIM\CELL1\TEST_L.FNC
11:21:02	IDLE 5 C:\CIM\CELL1\TEST_L.FNC
11:21:11	BUSY 3
11:21:16	IDLE
11:34:42	BUSY 1
11:34:44	IDLE
11:34:46	BUSY 2
11:34:46	IDLE 2
11:34:52	BUSY 5 C:\CIM\CELL1\TEST_L.FNC
11:41:03	ERROR RS232 Download aborted
11:41:05	IDLE
11:44:49	BUSY 1
11:44:51	IDLE 1
11:44:54	BUSY 2
11:44:55	IDLE 2
11:45:11	BUSY
11:45:50	IDLE
11:45:51	BUSY
11:46:05	IDLE
11:46:21	BUSY
11:46:54	IDLE
11:49:29	BUSY 3
11:49:53	IDLE
11:50:25	BUSY 3
11:50:28	IDLE
11:50:33	BUSY 5 C:\CIM\CELL1\TEST_L.FNC
11:50:33	IDLE 5 C:\CIM\CELL1\TEST_L.FNC
11:50:33	BUSY
11:50:42	IDLE
11:50:49	BUSY 5 C:\CIM\CELL1\TEST_L.FNC
11:50:49	IDLE 5 C:\CIM\CELL1\TEST_L.FNC
11:50:50	BUSY
11:50:58	IDLE
11:51:30	BUSY 5 C:\CIM\CELL1\TEST_L.FNC
11:51:30	IDLE 5 C:\CIM\CELL1\TEST_L.FNC
11:51:37	BUSY 3
11:57:35	IDLE
12:08:49	BUSY 1
12:08:50	IDLE 1
12:08:54	BUSY 2
12:08:55	IDLE 2
12:09:01	BUSY 5 C:\CIM\CELL1\TEST_L.FNC
12:09:01	IDLE 5 C:\CIM\CELL1\TEST_L.FNC
12:09:04	BUSY 3
12:09:14	IDLE 3
12:09:18	BUSY 5 C:\CIM\CELL1\TEST_L.FNC
12:09:18	IDLE 5 C:\CIM\CELL1\TEST_L.FNC
12:09:21	BUSY 3
12:09:31	IDLE 3
12:09:34	BUSY 1
12:09:36	IDLE 1
16:01:45	BUSY 1
16:01:45	IDLE 1
16:05:49	BUSY 2
16:05:51	IDLE 2
16:05:53	BUSY 1
16:05:55	IDLE 1
16:06:00	BUSY 5 C:\CIM\CELL1\TEST_L.FNC
16:06:00	IDLE 5 C:\CIM\CELL1\TEST_L.FNC
16:06:04	BUSY 3
16:06:15	IDLE 3
16:06:28	BUSY 1
16:06:28	IDLE 1
16:06:40	BUSY 2
16:06:41	IDLE 2
16:06:46	BUSY 5 TEST_l.FNC
16:06:46	IDLE 5 TEST_l.FNC
16:06:46	BUSY 3
16:06:57	IDLE 3
16:08:10	BUSY 1
16:08:12	IDLE 1
16:08:23	BUSY 2
16:08:25	IDLE 2
16:08:30	BUSY 5 TEST_l.FNC
16:08:30	IDLE 5 TEST_l.FNC
16:08:30	BUSY 3
16:08:41	IDLE 3
16:10:28	BUSY 1
16:10:30	IDLE 1
16:10:42	BUSY 2
16:10:43	IDLE 2
16:10:48	BUSY 5 TEST_l.FNC
16:10:48	IDLE 5 TEST_l.FNC
16:10:48	BUSY 3
16:10:59	IDLE 3
24:11:2004
16:12:40	BUSY 1
16:12:42	IDLE 1
16:12:53	BUSY 2
16:12:55	IDLE 2
16:12:59	BUSY 5 TEST_l.FNC
16:12:59	IDLE 5 TEST_l.FNC
16:13:00	BUSY 3
16:13:11	IDLE 3
16:13:17	BUSY 1
16:13:19	IDLE 1
16:13:29	BUSY 1
16:13:30	IDLE 1
16:13:42	BUSY 2
16:13:44	IDLE 2
16:13:48	BUSY 5 TEST_l.FNC
16:13:49	IDLE 5 TEST_l.FNC
16:13:49	BUSY 3
16:14:00	IDLE 3
16:14:06	BUSY 1
16:14:08	IDLE 1
16:17:00	BUSY 1
16:17:00	IDLE 1
16:17:12	BUSY 2
16:17:14	IDLE 2
16:17:19	BUSY 5 TEST_l.FNC
16:17:19	IDLE 5 TEST_l.FNC
16:17:19	BUSY 3
16:17:30	IDLE 3
16:17:36	BUSY 1
16:17:38	IDLE 1
16:17:49	BUSY 1
16:17:49	IDLE 1
16:18:01	BUSY 2
16:18:03	IDLE 2
16:18:08	BUSY 5 TEST_l.FNC
16:18:08	IDLE 5 TEST_l.FNC
16:18:08	BUSY 3
16:18:19	IDLE 3
16:18:25	BUSY 1
16:18:27	IDLE 1
25:11:2004
 8:25:30	BUSY 1
 8:25:31	IDLE 1
 8:25:34	BUSY 2
 8:25:36	IDLE 2
 8:25:40	BUSY 5 C:\CIM\CELL1\TEST_L.FNC
 8:25:40	IDLE 5 C:\CIM\CELL1\TEST_L.FNC
 8:25:43	BUSY 3
 8:25:54	IDLE 3
 8:31:26	BUSY 1
 8:31:27	IDLE 1
 8:49:06	BUSY 1
 8:49:06	IDLE 1
 8:49:18	BUSY 2
 8:49:20	IDLE 2
 8:49:25	BUSY 5 TEST_l.FNC
 8:49:25	IDLE 5 TEST_l.FNC
 8:49:26	BUSY 3
 8:49:36	IDLE 3
 8:49:43	BUSY 1
 8:49:44	IDLE 1
 8:49:55	BUSY 1
 8:49:55	IDLE 1
 8:50:08	BUSY 2
 8:50:09	IDLE 2
 8:50:14	BUSY 5 TEST_l.FNC
 8:50:14	IDLE 5 TEST_l.FNC
 8:50:15	BUSY 3
 8:50:25	IDLE 3
 8:50:32	BUSY 1
 8:50:33	IDLE 1
 8:56:07	BUSY 1
 8:56:07	IDLE 1
 8:56:19	BUSY 2
 8:56:20	IDLE 2
 8:56:25	BUSY 5 TEST_l.FNC
 8:56:25	IDLE 5 TEST_l.FNC
 8:56:26	BUSY 3
 8:56:36	IDLE 3
 8:56:43	BUSY 1
 8:56:44	IDLE 1
 8:56:55	BUSY 1
 8:56:55	IDLE 1
 8:57:08	BUSY 2
 8:57:09	IDLE 2
 8:57:14	BUSY 5 TEST_l.FNC
 8:57:14	IDLE 5 TEST_l.FNC
 8:57:15	BUSY 3
 8:57:25	IDLE 3
 8:57:31	BUSY 1
 8:57:33	IDLE 1
 8:58:34	BUSY 1
 8:58:34	IDLE 1
 8:58:45	BUSY 2
 8:58:46	IDLE 2
 8:58:51	BUSY 5 TEST_l.FNC
 8:58:51	IDLE 5 TEST_l.FNC
 8:58:51	BUSY 3
 8:59:02	IDLE 3
 8:59:09	BUSY 1
 8:59:10	IDLE 1
 8:59:21	BUSY 1
 8:59:21	IDLE 1
 8:59:34	BUSY 2
 8:59:35	IDLE 2
 8:59:40	BUSY 5 TEST_l.FNC
 8:59:40	IDLE 5 TEST_l.FNC
 8:59:40	BUSY 3
 8:59:51	IDLE 3
 8:59:58	BUSY 1
 8:59:59	IDLE 1
 9:00:39	BUSY 1
 9:00:39	IDLE 1
 9:00:51	BUSY 2
 9:00:53	IDLE 2
 9:00:58	BUSY 5 TEST_l.FNC
 9:00:58	IDLE 5 TEST_l.FNC
 9:00:59	BUSY 3
 9:01:09	IDLE 3
 9:01:16	BUSY 1
 9:01:17	IDLE 1
 9:01:28	BUSY 1
 9:01:28	IDLE 1
 9:01:41	BUSY 2
 9:01:42	IDLE 2
 9:01:47	BUSY 5 TEST_l.FNC
 9:01:47	IDLE 5 TEST_l.FNC
 9:01:47	BUSY 3
 9:01:58	IDLE 3
 9:02:05	BUSY 1
 9:02:06	IDLE 1
10:07:16	BUSY 1
10:07:16	IDLE 1
10:07:28	BUSY 2
10:07:29	IDLE 2
10:07:34	BUSY 5 TEST_l.FNC
10:07:34	IDLE 5 TEST_l.FNC
10:07:35	BUSY 3
10:07:45	IDLE 3
10:07:51	BUSY 1
10:07:53	IDLE 1
10:08:03	BUSY 1
10:08:04	IDLE 1
10:08:16	BUSY 2
10:08:18	IDLE 2
10:08:22	BUSY 5 TEST_l.FNC
10:08:23	IDLE 5 TEST_l.FNC
10:08:23	BUSY 3
10:08:34	IDLE 3
10:08:40	BUSY 1
10:08:42	IDLE 1
12:10:00	BUSY 1
12:10:01	IDLE 1
12:10:12	BUSY 2
12:10:14	IDLE 2
12:10:19	BUSY 5 TEST_l.FNC
12:10:19	IDLE 5 TEST_l.FNC
12:10:19	BUSY 3
12:10:31	IDLE 3
12:10:38	BUSY 1
12:10:40	IDLE 1
12:10:51	BUSY 1
12:10:51	IDLE 1
12:11:04	BUSY 2
12:11:05	IDLE 2
12:11:10	BUSY 5 TEST_l.FNC
12:11:10	IDLE 5 TEST_l.FNC
12:11:11	BUSY 3
12:11:21	IDLE 3
12:11:28	BUSY 1
12:11:29	IDLE 1
13:48:25	BUSY 1
13:48:25	IDLE 1
13:48:37	BUSY 2
13:48:38	IDLE 2
13:48:43	BUSY 5 TEST_l.FNC
13:48:43	IDLE 5 TEST_l.FNC
13:48:44	BUSY 3
13:48:54	IDLE 3
13:49:01	BUSY 1
13:49:02	IDLE 1
13:49:13	BUSY 1
13:49:13	IDLE 1
13:49:26	BUSY 2
13:49:27	IDLE 2
13:49:32	BUSY 5 TEST_l.FNC
13:49:32	IDLE 5 TEST_l.FNC
13:49:33	BUSY 3
13:49:42	IDLE 3
13:49:49	BUSY 1
13:49:50	IDLE 1
14:26:29	BUSY 1
14:26:29	IDLE 1
14:26:40	BUSY 2
14:26:42	IDLE 2
14:26:47	BUSY 5 TEST_l.FNC
14:26:47	IDLE 5 TEST_l.FNC
14:26:48	BUSY 3
14:26:58	IDLE 3
14:27:05	BUSY 1
14:27:06	IDLE 1
14:27:17	BUSY 1
14:27:17	IDLE 1
14:27:30	BUSY 2
14:27:31	IDLE 2
14:27:36	BUSY 5 TEST_l.FNC
14:27:36	IDLE 5 TEST_l.FNC
14:27:37	BUSY 3
14:27:47	IDLE 3
14:27:54	BUSY 1
14:27:55	IDLE 1
14:28:14	BUSY 1
14:28:14	IDLE 1
14:28:26	BUSY 2
14:28:27	IDLE 2
14:28:32	BUSY 5 TEST_l.FNC
14:28:32	IDLE 5 TEST_l.FNC
14:28:33	BUSY 3
14:28:43	IDLE 3
14:28:50	BUSY 1
14:28:51	IDLE 1
14:29:02	BUSY 1
14:29:03	IDLE 1
14:29:16	BUSY 2
14:29:17	IDLE 2
14:29:22	BUSY 5 TEST_l.FNC
14:29:22	IDLE 5 TEST_l.FNC
14:29:23	BUSY 3
14:29:33	IDLE 3
14:29:40	BUSY 1
14:29:41	IDLE 1
14:55:07	BUSY 1
14:55:07	IDLE 1
14:55:19	BUSY 2
14:55:21	IDLE 2
14:55:26	BUSY 5 TEST_l.FNC
14:55:26	IDLE 5 TEST_l.FNC
14:55:27	BUSY 3
14:55:37	IDLE 3
14:55:44	BUSY 1
14:55:45	IDLE 1
14:55:56	BUSY 1
14:55:56	IDLE 1
14:56:09	BUSY 2
14:56:10	IDLE 2
14:56:15	BUSY 5 TEST_l.FNC
14:56:15	IDLE 5 TEST_l.FNC
14:56:16	BUSY 3
14:56:26	IDLE 3
14:56:33	BUSY 1
14:56:34	IDLE 1
14:56:53	BUSY 1
14:56:53	IDLE 1
14:57:05	BUSY 2
14:57:06	IDLE 2
14:57:11	BUSY 5 TEST_l.FNC
14:57:11	IDLE 5 TEST_l.FNC
14:57:12	BUSY 3
14:57:22	IDLE 3
14:57:29	BUSY 1
14:57:30	IDLE 1
14:57:41	BUSY 1
14:57:42	IDLE 1
14:57:55	BUSY 2
14:57:56	IDLE 2
14:58:01	BUSY 5 TEST_l.FNC
14:58:01	IDLE 5 TEST_l.FNC
14:58:02	BUSY 3
14:58:12	IDLE 3
14:58:19	BUSY 1
14:58:20	IDLE 1
15:05:36	BUSY 1
15:05:36	IDLE 1
15:05:48	BUSY 2
15:05:50	IDLE 2
15:05:55	BUSY 5 TEST_l.FNC
15:05:55	IDLE 5 TEST_l.FNC
15:05:56	BUSY 3
15:06:06	IDLE 3
15:06:13	BUSY 1
15:06:14	IDLE 1
15:06:25	BUSY 1
15:06:25	IDLE 1
15:06:38	BUSY 2
15:06:39	IDLE 2
15:06:44	BUSY 5 TEST_l.FNC
15:06:44	IDLE 5 TEST_l.FNC
15:06:45	BUSY 3
15:06:55	IDLE 3
15:07:02	BUSY 1
15:07:03	IDLE 1
15:11:29	BUSY 1
15:11:29	IDLE 1
15:11:40	BUSY 2
15:11:42	IDLE 2
15:11:47	BUSY 5 TEST_l.FNC
15:11:47	IDLE 5 TEST_l.FNC
15:11:48	BUSY 3
15:11:58	IDLE 3
15:12:05	BUSY 1
15:12:06	IDLE 1
15:12:17	BUSY 1
15:12:17	IDLE 1
15:12:30	BUSY 2
15:12:31	IDLE 2
15:12:36	BUSY 5 TEST_l.FNC
15:12:36	IDLE 5 TEST_l.FNC
15:12:37	BUSY 3
15:12:47	IDLE 3
15:12:54	BUSY 1
15:12:55	IDLE 1
15:13:15	BUSY 1
15:13:15	IDLE 1
15:13:27	BUSY 2
15:13:28	IDLE 2
15:13:33	BUSY 5 TEST_l.FNC
15:13:33	IDLE 5 TEST_l.FNC
15:13:34	BUSY 3
15:13:44	IDLE 3
15:13:51	BUSY 1
15:13:52	IDLE 1
15:14:03	BUSY 1
15:14:03	IDLE 1
15:14:16	BUSY 2
15:14:18	IDLE 2
15:14:23	BUSY 5 TEST_l.FNC
15:14:23	IDLE 5 TEST_l.FNC
15:14:24	BUSY 3
15:14:34	IDLE 3
15:14:41	BUSY 1
15:14:42	IDLE 1
15:22:29	BUSY 1
15:22:29	IDLE 1
15:22:40	BUSY 2
15:22:42	IDLE 2
15:22:47	BUSY 5 TEST_l.FNC
15:22:47	IDLE 5 TEST_l.FNC
15:22:48	BUSY 3
15:22:58	IDLE 3
15:23:05	BUSY 1
15:23:06	IDLE 1
15:23:17	BUSY 1
15:23:17	IDLE 1
15:23:30	BUSY 2
15:23:31	IDLE 2
15:23:36	BUSY 5 TEST_l.FNC
15:23:36	IDLE 5 TEST_l.FNC
15:23:37	BUSY 3
126:11:2004
 6:56:18	BUSY 1
 6:56:19	IDLE 1
 6:56:21	BUSY 2
 6:56:22	IDLE 2
 6:56:26	BUSY 5 C:\CIM\CELL1\TEST_L.FNC
 6:56:26	IDLE 5 C:\CIM\CELL1\TEST_L.FNC
 6:56:30	BUSY 3
 6:56:40	IDLE 3
 6:57:16	BUSY 1
 6:57:18	IDLE 1
 6:57:30	BUSY 2
 6:57:32	IDLE 2
 6:57:37	BUSY 5 TEST_l.FNC
 6:57:37	IDLE 5 TEST_l.FNC
 6:57:38	BUSY 3
 6:57:47	IDLE 3
 6:57:54	BUSY 1
 6:57:55	IDLE 1
 6:58:06	BUSY 1
 6:58:06	IDLE 1
 6:58:19	BUSY 2
 6:58:20	IDLE 2
 6:58:25	BUSY 5 TEST_l.FNC
 6:58:25	IDLE 5 TEST_l.FNC
 6:58:26	BUSY 3
 6:58:36	IDLE 3
 6:58:43	BUSY 1
 6:58:44	IDLE 1
 6:59:27	BUSY 1
 6:59:27	IDLE 1
 6:59:39	BUSY 2
 6:59:40	IDLE 2
 6:59:45	BUSY 5 TEST_l.FNC
 6:59:45	IDLE 5 TEST_l.FNC
 6:59:46	BUSY 3
 6:59:56	IDLE 3
 7:00:03	BUSY 1
 7:00:04	IDLE 1
 7:00:15	BUSY 1
 7:00:15	IDLE 1
 7:00:28	BUSY 2
 7:00:29	IDLE 2
 7:00:34	BUSY 5 TEST_l.FNC
 7:00:34	IDLE 5 TEST_l.FNC
 7:00:35	BUSY 3
 7:00:45	IDLE 3
 7:00:52	BUSY 1
 7:00:53	IDLE 1
 9:00:59	BUSY 1
 9:00:59	IDLE 1
 9:01:11	BUSY 2
 9:01:12	IDLE 2
 9:01:17	BUSY 5 TEST_l.FNC
 9:01:17	IDLE 5 TEST_l.FNC
 9:01:18	BUSY 3
 9:01:28	IDLE 3
 9:01:35	BUSY 1
 9:01:36	IDLE 1
 9:01:47	BUSY 1
 9:01:47	IDLE 1
 9:02:00	BUSY 2
 9:02:01	IDLE 2
 9:02:06	BUSY 5 TEST_l.FNC
 9:02:06	IDLE 5 TEST_l.FNC
 9:02:07	BUSY 3
 9:02:17	IDLE 3
 9:02:24	BUSY 1
 9:02:25	IDLE 1
 9:11:59	BUSY 1
 9:11:59	IDLE 1
 9:12:11	BUSY 2
 9:12:12	IDLE 2
 9:12:17	BUSY 5 TEST_l.FNC
 9:12:17	IDLE 5 TEST_l.FNC
 9:12:18	BUSY 3
 9:12:28	IDLE 3
 9:12:35	BUSY 1
 9:12:36	IDLE 1
 9:12:47	BUSY 1
 9:12:47	IDLE 1
 9:13:00	BUSY 2
 9:13:01	IDLE 2
 9:13:06	BUSY 5 TEST_l.FNC
 9:13:06	IDLE 5 TEST_l.FNC
 9:13:07	BUSY 3
 9:13:17	IDLE 3
 9:13:24	BUSY 1
 9:13:25	IDLE 1
11:33:44	BUSY 1
11:33:45	IDLE 1
11:33:56	BUSY 2
11:33:57	IDLE 2
11:34:02	BUSY 5 TEST_l.FNC
11:34:02	IDLE 5 TEST_l.FNC
11:34:03	BUSY 3
11:34:13	IDLE 3
11:34:20	BUSY 1
11:34:21	IDLE 1
11:34:32	BUSY 1
11:34:32	IDLE 1
11:34:45	BUSY 2
11:34:46	IDLE 2
11:34:51	BUSY 5 TEST_l.FNC
11:34:51	IDLE 5 TEST_l.FNC
11:34:52	BUSY 3
11:35:02	IDLE 3
11:35:09	BUSY 1
11:35:10	IDLE 1
11:35:39	BUSY 1
11:35:39	IDLE 1
11:35:51	