20:04:2006
11:56:51	BUSY
11:56:57	ERROR Cannot receive ack/nak
20:04:2006
11:57:58	BUSY
11:57:58	ERROR 1: No code-tag present
11:58:42	IDLE
11:58:42	IDLE
11:58:48	BUSY
11:58:48	IDLE
11:58:58	BUSY
11:58:58	IDLE
12:24:35	BUSY
12:24:35	ERROR 7: Telegram format error
12:24:39	IDLE
12:24:39	IDLE
12:24:50	BUSY
12:24:50	ERROR 7: Telegram format error
12:24:53	IDLE
12:24:53	IDLE
20:04:2006
12:25:24	BUSY
12:25:24	IDLE
15:19:53	BUSY
15:19:53	IDLE
15:20:20	BUSY
15:20:20	IDLE
15:20:27	BUSY
15:20:27	IDLE
15:20:51	BUSY
15:20:51	ERROR 1: No code-tag present
15:21:13	IDLE
15:21:14	IDLE
15:21:20	BUSY
15:21:20	IDLE
15:21:26	BUSY
15:21:26	IDLE
15:21:59	BUSY
15:21:59	IDLE
15:22:05	BUSY
15:22:06	IDLE
15:22:39	BUSY
15:22:39	IDLE
15:22:46	BUSY
15:22:46	IDLE
15:23:14	BUSY
15:23:14	IDLE
15:23:24	BUSY
15:23:24	IDLE
15:23:51	BUSY
15:23:51	ERROR 1: No code-tag present
15:24:56	IDLE
15:24:56	IDLE
15:25:02	BUSY
15:25:03	IDLE
15:25:11	BUSY
15:25:11	IDLE
15:27:09	BUSY
15:27:10	IDLE
15:27:17	BUSY
15:27:17	IDLE
21:04:2006
12:27:44	BUSY
12:27:44	IDLE
02:05:2006
02:05:2006
03:05:2006
 8:28:09	BUSY 3 0 TEST
 8:28:09	ERROR Verification error: TEST
 8:28:48	IDLE
 8:28:49	IDLE
 8:28:57	BUSY
 8:28:57	IDLE
 8:31:48	BUSY 3 0 TEST
 8:31:48	ERROR Verification error: TEST
 8:32:36	IDLE
 8:32:36	IDLE
 8:35:31	BUSY 3 0 King
 8:35:31	IDLE 3 0 King
 8:49:46	BUSY 3 0 King
 8:49:46	IDLE 3 0 King
 9:21:20	BUSY 3 0 King
 9:21:20	IDLE 3 0 King
 9:31:03	BUSY 3 0 King
 9:31:03	IDLE 3 0 King
10:17:13	BUSY 3 0 King
10:17:13	IDLE 3 0 King
10:24:09	BUSY 3 0 King
10:24:09	IDLE 3 0 King
10:24:17	BUSY 3 0 King
10:24:17	IDLE 3 0 King
10:24:29	BUSY 3 0 King
10:24:29	IDLE 3 0 King
10:24:35	BUSY 3 0 King
10:24:35	IDLE 3 0 King
10:24:51	BUSY 3 0 King
10:24:52	IDLE 3 0 King
10:24:58	BUSY 3 0 King
10:24:58	IDLE 3 0 King
10:28:10	BUSY 3 0 King
10:28:10	IDLE 3 0 King
10:30:02	BUSY 3 0 King
10:30:02	IDLE 3 0 King
10:44:29	BUSY 3 0 King
10:44:29	IDLE 3 0 King
10:46:23	BUSY 3 0 King
10:46:23	IDLE 3 0 King
10:58:47	BUSY 3 0 King
10:58:48	IDLE 3 0 King
11:03:09	BUSY 3 0 King
11:03:09	IDLE 3 0 King
11:05:01	BUSY 3 0 Kin08:05:2006
 8:57:59	BUSY 3 0 King
 8:58:00	IDLE 3 0 King
 8:59:54	BUSY 3 0 QUEEN
 8:59:54	IDLE 3 0 QUEEN
 9:01:50	BUSY 3 0 BISHOP
 9:01:51	IDLE 3 0 BISHOP
 9:03:44	BUSY 3 0 KNIGHT
 9:03:45	IDLE 3 0 KNIGHT
 9:05:37	BUSY 3 0 ROOK
 9:05:38	IDLE 3 0 ROOK
10:17:57	BUSY 3 0 King
10:17:57	IDLE 3 0 King
10:19:51	BUSY 3 0 QUEEN
10:19:51	IDLE 3 0 QUEEN
10:21:45	BUSY 3 0 BISHOP
10:21:45	IDLE 3 0 BISHOP
10:23:40	BUSY 3 0 KNIGHT
10:23:40	IDLE 3 0 KNIGHT
10:25:33	BUSY 3 0 ROOK
10:25:33	IDLE 3 0 ROOK
15:05:2006
15:05:2006
 9:49:20	BUSY 3 0 King
 9:49:20	IDLE 3 0 King
 9:51:18	BUSY 3 0 QUEEN
 9:51:18	IDLE 3 0 QUEEN
 9:53:16	BUSY 3 0 BISHOP
 9:53:16	IDLE 3 0 BISHOP
 9:55:15	BUSY 3 0 KNIGHT
 9:55:15	IDLE 3 0 KNIGHT
 9:57:13	BUSY 3 0 ROOK
 9:57:13	IDLE 3 0 ROOK
