12:11:2004
 8:19:05	Load / Unload CMM - King	Ready
 8:19:08	Load / Unload CMM - King	BUSY
 8:19:52	Load / Unload CMM - Bishop	Ready
12:11:2004
16:11:2004
19:11:2004
 9:10:58	Load / Unload CMM - Bishop	Ready
 9:11:05	Load / Unload CMM - Bishop	BUSY
 9:13:54	Load / Unload CMM - Bishop	Ready
 9:14:00	Load / Unload CMM - Bishop	BUSY
 9:17:05	Load / Unload CMM - Bishop	Ready
 9:17:35	Load / Unload CMM - Bishop	BUSY
19:11:2004
 9:28:10	Load / Unload CMM - Bishop	Ready
 9:28:28	Load / Unload CMM - Bishop	BUSY
19:11:2004
 9:31:17	Load / Unload CMM - Bishop	Ready
 9:31:21	Load / Unload CMM - Bishop	BUSY
 9:32:03	Load / Unload CMM - Bishop	Stopped
19:11:2004
 9:33:37	Load / Unload CMM - Bishop	Ready
 9:33:40	Load / Unload CMM - Bishop	BUSY
19:11:2004
 9:38:20	Load / Unload CMM - Bishop	Ready
 9:38:23	Load / Unload CMM - Bishop	BUSY
19:11:2004
 9:39:24	Load / Unload CMM - Bishop	Ready
 9:39:30	Load / Unload CMM - Bishop	BUSY
19:11:2004
 9:45:50	Load / Unload CMM - Bishop	Ready
 9:45:55	Load / Unload CMM - Bishop	BUSY
19:11:2004
 9:48:08	Load / Unload CMM - Bishop	Ready
 9:48:14	Load / Unload CMM - Bishop	BUSY
19:11:2004
 9:51:37	Load / Unload CMM - Bishop	Ready
 9:51:44	Load / Unload CMM - Bishop	BUSY
19:11:2004
19:11:2004
10:47:37	Test CMM Bishop Part	Ready
10:47:41	Test CMM Bishop Part	BUSY
11:21:43	Test CMM Bishop Part	Ready
11:21:46	Test CMM Bishop Part	BUSY
11:23:07	Test CMM Bishop Part	Ready
11:23:10	Test CMM Bishop Part	BUSY
11:24:01	Test CMM Bishop Part	Ready
11:24:04	Test CMM Bishop Part	BUSY
11:58:37	Test CMM Bishop Part	Ready
11:58:47	Test CMM Bishop Part	BUSY
12:16:32	Test CMM Bishop Part	Ready
12:16:39	Test CMM Bishop Part	BUSY
12:17:24	Test CMM Bishop Part	IDLE
12:18:49	Load / Unload CMM - Bishop	Read19:11:2004
y
12:19:12	Load / Unload CMM - Bishop	BUSY
12:29:28	Load / Unload CMM - Bishop	Ready
12:29:32	Load / Unload CMM - Bishop	BUSY
12:31:14	Load / Unload CMM - Bishop	IDLE
22:11:2004
10:03:46	Cell to Host	Robot3 IDLE
10:05:50	Disconnect
10:49:43	Disconnect
11:10:48	Disconnect
22:11:2004
11:48:08	Cell to Host	Robot3 IDLE
23:11:2004
 7:35:45	Cell to Host	Robot3 IDLE
 7:39:30	Disconnect
 7:45:33	Load / Unload CMM - Bishop	Ready
 7:45:38	Load / Unload CMM - Bishop	BUSY
 7:47:20	Load / Unload CMM - Bishop	IDLE
 7:47:46	Load / Unload CMM - Bishop	Ready
 7:47:49	Load / Unload CMM - Bishop	BUSY
 7:49:30	Load / Unload CMM - Bishop	IDLE
 7:51:04	Cell to Host	IDLE C:\CIM\CELL3\BISHOP_C.SEQ
 9:54:43	Disconnect
 9:58:08	Load / Unload CMM - Bishop	Ready
 9:58:08	Cell to Host	Ready C:\CIM\CELL3\BISHOP_C.SEQ
 9:58:13	Load / Unload CMM - B