28:04:2006
02:05:2006
02:05:2006
12:14:11	BUSY 3 TEST 1 2 101
12:14:11	IDLE 3 TEST 1 2 101
12:16:38	BUSY 3 TEST 1 2 101
12:16:38	IDLE 3 TEST 1 2 101
12:21:48	BUSY 3 TEST 1 2 101
12:21:48	IDLE 3 TEST 1 2 101
12:23:41	BUSY 3 TEST 2 3 101
12:23:50	IDLE 3 TEST 2 3 101
13:27:00	BUSY 3 TEST 1 2 101
13:27:00	IDLE 3 TEST 1 2 101
13:28:52	BUSY 3 TEST 2 3 101
13:29:01	IDLE 3 TEST 2 3 101
13:36:37	BUSY 3 TEST 1 2 101
13:36:37	IDLE 3 TEST 1 2 101
13:38:29	BUSY 3 TEST 2 3 101
13:38:38	IDLE 3 TEST 2 3 101
13:39:27	BUSY 3 TEST 3 4 101
13:39:35	IDLE 3 TEST 3 4 101
13:45:30	BUSY 3 TEST 1 2 101
13:45:30	IDLE 3 TEST 1 2 101
13:47:22	BUSY 3 TEST 2 3 101
13:47:30	IDLE 3 TEST 2 3 101
13:48:19	BUSY 3 TEST 3 4 101
13:48:27	IDLE 3 TEST 3 4 101
13:53:43	BUSY 3 TEST 1 2 101
13:53:43	IDLE 3 TEST 1 2 101
13:55:35	BUSY 3 TEST 2 3 101
13:55:44	IDLE 3 TEST 2 3 101
13:56:32	BUSY 3 TEST 3 4 101
13:56:40	IDLE 3 TEST 3 4 101
13:56:42	BUSY 3 TEST 4 5 101
13:56:59	IDLE 3 TEST 4 5 101
13:57:05	BUSY 3 TEST 5 1 101
13:57:10	IDLE 3 TEST 5 1 101
14:05:41	BUSY 3 TEST 1 2 1003:05:2006
 8:28:07	BUSY 3 TEST 1 2 101
 8:28:07	IDLE 3 TEST 1 2 101
 8:31:46	BUSY 3 TEST 1 2 101
 8:31:46	IDLE 3 TEST 1 2 101
 8:35:29	BUSY 3 TEST 1 2 101
 8:35:29	IDLE 3 TEST 1 2 101
 8:37:22	BUSY 3 TEST 2 3 101
 8:37:31	IDLE 3 TEST 2 3 101
 8:38:21	BUSY 3 TEST 3 4 101
 8:38:30	IDLE 3 TEST 3 4 101
 8:38:31	BUSY 3 TEST 4 5 101
 8:38:48	IDLE 3 TEST 4 5 101
 8:38:56	BUSY 3 TEST 5 1 101
 8:39:01	IDLE 3 TEST 5 1 101
 8:49:44	BUSY 3 TEST 1 2 101
 8:49:44	IDLE 3 TEST 1 2 101
 8:51:36	BUSY 3 TEST 2 3 101
 8:51:45	IDLE 3 TEST 2 3 101
 8:52:34	BUSY 3 TEST 3 4 101
 8:52:43	IDLE 3 TEST 3 4 101
 8:52:45	BUSY 3 TEST 4 5 101
 8:53:01	IDLE 3 TEST 4 5 101
 8:53:10	BUSY 3 TEST 5 1 101
 8:53:15	IDLE 3 TEST 5 1 101
 9:21:19	BUSY 3 TEST 1 2 101
 9:21:19	IDLE 3 TEST 1 2 101
 9:23:11	BUSY 3 TEST 2 3 101
 9:23:19	IDLE 3 TEST 2 3 101
 9:24:09	BUSY 3 TEST 3 4 101
 9:24:17	IDLE 3 TEST 3 4 101
 9:24:20	BUSY 3 TEST 4 5 101
 9:24:36	IDLE 3 TEST 4 5 101
 9:24:44	BUSY 3 TEST 5 1 101
 9:24:49	IDLE 3 TEST 5 1 101
 9:31:02	BUSY 3 TEST 1 2 101
 9:31:02	IDLE 3 TEST 1 2 101
 9:32:53	BUSY 3 TEST 2 3 101
 9:33:01	IDLE 3 TEST 2 3 101
 9:33:52	BUSY 3 TEST 3 4 101
 9:34:00	IDLE 3 TEST 3 4 101
 9:34:02	BUSY 3 TEST 4 5 101
 9:34:18	IDLE 3 TEST 4 5 101
 9:34:27	BUSY 3 TEST 5 1 101
 9:34:32	IDLE 3 TEST 5 1 101
10:17:12	BUSY 3 TEST 1 2 101
10:17:12	IDLE 3 TEST 1 2 101
10:19:04	BUSY 3 TEST 2 3 101
10:19:12	IDLE 3 TEST 2 3 101
10:20:02	BUSY 3 TEST 3 4 101
10:20:10	IDLE 3 TEST 3 4 101
10:20:12	BUSY 3 TEST 4 5 101
10:20:28	IDLE 3 TEST 4 5 101
10:20:36	BUSY 3 TEST 5 1 101
10:20:41	IDLE 3 TEST 5 1 101
10:28:09	BUSY 3 TEST 1 2 101
10:28:09	IDLE 3 TEST 1 2 101
10:28:49	BUSY 3 TEST 1 2 102
10:30:00	BUSY 3 TEST 2 3 101
10:30:01	IDLE 3 TEST 1 2 102
10:30:08	IDLE 3 TEST 2 3 101
10:30:59	BUSY 3 TEST 3 4 101
10:31:07	IDLE 3 TEST 3 4 101
10:31:09	BUSY 3 TEST 4 5 101
10:31:25	IDLE 3 TEST 4 5 101
10:31:33	BUSY 3 TEST 5 1 101
10:31:38	IDLE 3 TEST 5 1 101
10:31:53	BUSY 3 TEST 2 3 102
10:32:01	IDLE 3 TEST 2 3 102
10:32:50	BUSY 3 TEST 3 4 102
10:32:58	IDLE 3 TEST 3 4 102
10:33:00	BUSY 3 TEST 4 5 102
10:33:17	IDLE 3 TEST 4 5 102
10:34:29	BUSY 3 TEST 5 1 102
10:34:34	IDLE 3 TEST 5 1 102
10:44:28	BUSY 3 TEST 1 2 101
10:44:28	IDLE 3 TEST 1 2 101
10:45:08	BUSY 3 TEST 1 2 102
10:46:21	BUSY 3 TEST 2 3 101
10:46:22	IDLE 3 TEST 1 2 102
10:46:29	IDLE 3 TEST 2 3 101
10:47:20	BUSY 3 TEST 3 4 101
10:47:28	IDLE 3 TEST 3 4 101
10:47:30	BUSY 3 TEST 4 5 101
10:47:47	IDLE 3 TEST 4 5 101
10:47:54	BUSY 3 TEST 5 1 101
10:47:59	IDLE 3 TEST 5 1 101
10:48:16	BUSY 3 TEST 2 3 102
10:48:24	IDLE 3 TEST 2 3 102
10:49:15	BUSY 3 TEST 3 4 102
10:49:24	IDLE 3 TEST 3 4 102
10:49:26	BUSY 3 TEST 4 5 102
10:49:43	IDLE 3 TEST 4 5 102
10:58:46	BUSY 3 TEST 1 2 101
10:58:46	IDLE 3 TEST 1 2 101
10:59:26	BUSY 3 TEST 1 2 102
11:03:08	BUSY 3 TEST 1 2 101
11:03:08	IDLE 3 TEST 1 2 101
11:03:48	BUSY 3 TEST 1 2 102
11:04:59	BUSY 3 TEST 2 3 101
11:05:00	IDLE 3 TEST 1 2 102
11:05:08	IDLE 3 TEST 2 3 101
11:05:58	BUSY 3 TEST 3 4 101
11:06:07	IDLE 3 TEST 3 4 101
11:06:08	BUSY 3 TEST 4 5 101
11:06:21	IDLE 3 TEST 4 5 101
11:06:29	BUSY 3 TEST 5 1 101
11:06:34	IDLE 3 TEST 5 1 101
11:06:53	BUSY 3 TEST 2 3 102
11:07:02	IDLE 3 TEST 2 3 102
11:07:51	BUSY 3 TEST 3 4 102
11:07:59	IDLE 3 TEST 3 4 102
11:08:01	BUSY 3 TEST 4 5 102
11:08:18	IDLE 3 TEST 4 5 102
11:09:25	BUSY 3 TEST 5 1 102
11:09:30	IDLE 3 TEST 5 1 102
14:56:13	BUSY 3 TEST 1 2 101
14:56:13	IDLE 3 TEST 1 2 101
14:56:52	BUSY 3 TEST 1 2 102
14:58:04	BUSY 3 TEST 2 3 101
14:58:05	IDLE 3 TEST 1 2 102
14:58:13	IDLE 3 TEST 2 3 101
14:59:03	BUSY 3 TEST 3 4 101
14:59:12	IDLE 3 TEST 3 4 101
14:59:13	BUSY 3 TEST 4 5 101
14:59:30	IDLE 3 TEST 4 5 101
14:59:37	BUSY 3 TEST 5 1 101
14:59:42	IDLE 3 TEST 5 1 101
14:59:59	BUSY 3 TEST 2 3 102
15:00:08	IDLE 3 TEST 2 3 102
15:00:57	BUSY 3 TEST 3 4 102
15:01:06	IDLE 3 TEST 3 4 102
15:01:07	BUSY 3 TEST 4 5 102
15:01:24	IDLE 3 TEST 4 5 102
15:02:34	BUSY 3 TEST 5 1 102
15:02:39	IDLE 3 TEST 5 1 102
15:35:59	BUSY 3 King 1 2 101
15:35:59	IDLE 3 King 1 2 101
15:39:37	BUSY 3 King 1 2 101
15:39:38	IDLE 3 King 1 2 101
15:40:18	BUSY 3 QUEEN 1 2 102
15:41:00	BUSY 3 BISHOP 104:05:2006
14:20:47	BUSY 3 King 1 2 101
14:20:47	IDLE 3 King 1 2 101
14:21:27	BUSY 3 QUEEN 1 2 102
14:22:04	BUSY 3 BISHOP 1 2 103
14:22:39	BUSY 3 King 2 3 101
14:22:40	IDLE 3 QUEEN 1 2 102
14:22:48	IDLE 3 King 2 3 101
14:23:22	BUSY 3 KNIGHT 1 2 104
14:23:39	BUSY 3 King 3 4 101
14:23:48	IDLE 3 King 3 4 101
14:23:49	BUSY 3 King 4 5 101
14:24:06	IDLE 3 King 4 5 101
14:24:34	BUSY 3 QUEEN 2 3 102
14:24:35	IDLE 3 BISHOP 1 2 103
14:24:43	IDLE 3 QUEEN 2 3 102
14:40:09	BUSY 3 King 1 2 101
14:40:09	IDLE 3 King 1 2 1004:05:2006
15:35:27	BUSY 3 King 1 2 101
15:35:27	IDLE 3 King 1 2 101
15:42:18	BUSY 3 King 1 2 101
15:42:23	IDLE 3 King 1 2 101
15:44:17	BUSY 3 King 2 3 101
15:44:25	IDLE 3 King 2 3 101
15:45:15	BUSY 3 King 3 4 101
15:45:23	IDLE 3 King 3 4 101
15:45:25	BUSY 3 King 4 5 101
15:45:41	IDLE 3 King 4 5 101
15:45:42	BUSY 3 King 5 5 101
15:45:42	IDLE 3 King 5 5 101
15:45:50	BUSY 3 King 5 1 101
15:45:55	IDLE 3 King 5 1 101
16:14:32	BUSY 3 King 1 2 101
16:14:32	IDLE 3 King 1 2 101
16:16:24	BUSY 3 King 2 3 101
16:16:3308:05:2006
 8:57:58	BUSY 3 King 1 2 101
 8:57:58	IDLE 3 King 1 2 101
 8:58:41	BUSY 3 QUEEN 1 2 102
 8:59:27	BUSY 3 BISHOP 1 2 103
 8:59:51	BUSY 3 King 2 3 101
 8:59:52	IDLE 3 QUEEN 1 2 102
 9:00:00	IDLE 3 King 2 3 101
 9:00:44	BUSY 3 KNIGHT 1 2 104
 9:00:49	BUSY 3 King 3 4 101
 9:00:58	IDLE 3 King 3 4 101
 9:00:59	BUSY 3 King 4 5 101
 9:01:16	IDLE 3 King 4 5 101
 9:01:24	BUSY 3 King 5 1 101
 9:01:29	IDLE 3 King 5 1 101
 9:01:48	BUSY 3 QUEEN 2 3 102
 9:01:49	IDLE 3 BISHOP 1 2 103
 9:01:57	IDLE 3 QUEEN 2 3 102
 9:02:46	BUSY 3 QUEEN 3 4 102
 9:03:09	IDLE 3 QUEEN 3 4 102
 9:03:11	BUSY 3 QUEEN 4 5 102
 9:03:26	BUSY 3 ROOK 1 2 105
 9:03:28	IDLE 3 QUEEN 4 5 102
 9:03:42	BUSY 3 BISHOP 2 4 103
 9:03:43	IDLE 3 KNIGHT 1 2 104
 9:03:59	IDLE 3 BISHOP 2 4 103
 9:04:00	BUSY 3 BISHOP 4 5 103
 9:04:41	BUSY 3 QUEEN 5 1 102
 9:04:42	IDLE 3 BISHOP 4 5 103
 9:04:46	IDLE 3 QUEEN 5 1 102
 9:05:35	BUSY 3 KNIGHT 2 3 104
 9:05:36	IDLE 3 ROOK 1 2 105
 9:05:44	IDLE 3 KNIGHT 2 3 104
 9:06:33	BUSY 3 KNIGHT 3 4 104
 9:06:41	IDLE 3 KNIGHT 3 4 104
 9:06:43	BUSY 3 KNIGHT 4 5 104
 9:07:14	BUSY 3 BISHOP 5 1 103
 9:07:15	IDLE 3 KNIGHT 4 5 104
 9:07:19	IDLE 3 BISHOP 5 1 103
 9:07:30	BUSY 3 ROOK 2 3 105
 9:07:39	IDLE 3 ROOK 2 3 105
 9:08:28	BUSY 3 ROOK 3 4 105
 9:08:36	IDLE 3 ROOK 3 4 105
 9:08:38	BUSY 3 ROOK 4 5 105
 9:09:48	BUSY 3 KNIGHT 5 1 104
 9:09:49	IDLE 3 ROOK 4 5 105
 9:09:53	IDLE 3 KNIGHT 5 1 104
 9:12:21	BUSY 3 ROOK 5 1 105
 9:12:26	IDLE 3 ROOK 5 1 105
10:17:55	BUSY 3 King 1 2 101
10:17:56	IDLE 3 King 1 2 101
10:18:28	BUSY 3 QUEEN 1 2 102
10:19:02	BUSY 3 BISHOP 1 2 103
10:19:48	BUSY 3 King 2 3 101
10:19:49	IDLE 3 QUEEN 1 2 102
10:19:57	IDLE 3 King 2 3 101
10:20:28	BUSY 3 KNIGHT 1 2 104
10:20:46	BUSY 3 King 3 4 101
10:20:55	IDLE 3 King 3 4 101
10:20:56	BUSY 3 King 4 5 101
10:21:13	IDLE 3 King 4 5 101
10:21:19	BUSY 3 King 5 1 101
10:21:24	IDLE 3 King 5 1 101
10:21:42	BUSY 3 QUEEN 2 3 102
10:21:43	IDLE 3 BISHOP 1 2 103
10:21:51	IDLE 3 QUEEN 2 3 102
10:22:40	BUSY 3 QUEEN 3 4 102
10:22:49	IDLE 3 QUEEN 3 4 102
10:22:49	BUSY 3 ROOK 1 2 105
10:22:50	BUSY 3 QUEEN 4 5 102
10:23:07	IDLE 3 QUEEN 4 5 102
10:23:37	BUSY 3 BISHOP 2 4 103
10:23:38	IDLE 3 KNIGHT 1 2 104
10:23:54	IDLE 3 BISHOP 2 4 103
10:23:55	BUSY 3 BISHOP 4 5 103
10:24:04	BUSY 3 QUEEN 5 1 102
10:24:09	IDLE 3 QUEEN 5 1 102
10:24:12	IDLE 3 BISHOP 4 5 103
10:25:30	BUSY 3 KNIGHT 2 3 104
10:25:31	IDLE 3 ROOK 1 2 105
10:25:39	IDLE 3 KNIGHT 2 3 104
10:26:28	BUSY 3 KNIGHT 3 4 104
10:26:36	BUSY 3 BISHOP 5 1 103
10:26:37	IDLE 3 KNIGHT 3 4 104
10:26:38	BUSY 3 KNIGHT 4 5 104
10:26:41	IDLE 3 BISHOP 5 1 103
10:26:55	IDLE 3 KNIGHT 4 5 104
10:27:24	BUSY 3 ROOK 2 3 105
10:27:33	IDLE 3 ROOK 2 3 105
10:28:22	BUSY 3 ROOK 3 4 105
10:28:31	IDLE 3 ROOK 3 4 105
10:28:32	BUSY 3 ROOK 4 5 105
10:29:08	BUSY 3 KNIGHT 5 1 104
10:29:09	IDLE 3 ROOK 4 5 105
10:29:13	IDLE 3 KNIGHT 5 1 104
10:31:41	BUSY 3 ROOK 5 1 105
10:31:46	IDLE 3 ROOK 5 1 105
09:05:2006
 8:50:27	BUSY 3 King 1 2 101
 8:50:27	IDLE 3 King 1 2 101
 8:50:59	BUSY 3 QUEEN 1 2 102
 8:51:33	BUSY 3 BISHOP 1 2 103
 8:52:19	BUSY 3 King 2 3 101
 8:52:20	IDLE 3 QUEEN 1 2 102
 8:52:27	IDLE 3 King 2 3 101
 8:52:58	BUSY 3 KNIGHT 1 2 104
 8:53:18	BUSY 3 King 3 4 101
 8:53:26	IDLE 3 King 3 4 101
 8:53:28	BUSY 3 King 4 5 101
 8:53:44	IDLE 3 King 4 5 101
 8:53:51	BUSY 3 King 5 1 101
 8:53:56	IDLE 3 King 5 1 101
 8:54:14	BUSY 3 QUEEN 2 3 102
 8:54:15	IDLE 3 BISHOP 1 2 103
 8:54:22	IDLE 3 QUEEN 2 3 102
 8:55:13	BUSY 3 QUEEN 3 4 102
 8:55:21	BUSY 3 ROOK 1 2 105
 8:55:21	IDLE 3 QUEEN 3 4 102
 8:55:23	BUSY 3 QUEEN 4 5 102
 8:55:39	IDLE 3 QUEEN 4 5 102
 8:56:08	BUSY 3 BISHOP 2 4 103
 8:56:09	IDLE 3 KNIGHT 1 2 104
 8:56:25	IDLE 3 BISHOP 2 4 103
 8:56:26	BUSY 3 BISHOP 4 5 103
 8:58:01	BUSY 3 KNIGHT 2 3 104
 8:58:02	IDLE 3 ROOK 1 2 105
 8:58:09	IDLE 3 KNIGHT 2 3 104
 8:58:13	BUSY 3 QUEEN 5 1 102
 8:58:14	IDLE 3 BISHOP 4 5 103
 8:58:18	IDLE 3 QUEEN 5 1 102
 8:59:00	BUSY 3 KNIGHT 3 4 104
 8:59:08	IDLE 3 KNIGHT 3 4 104
 8:59:10	BUSY 3 KNIGHT 4 5 104
 8:59:55	BUSY 3 ROOK 2 3 105
 9:00:03	IDLE 3 ROOK 2 3 105
 9:00:44	BUSY 3 BISHOP 5 1 103
 9:00:45	IDLE 3 KNIGHT 4 5 104
 9:00:49	IDLE 3 BISHOP 5 1 103
 9:00:54	BUSY 3 ROOK 3 4 105
 9:01:02	IDLE 3 ROOK 3 4 105
 9:01:04	BUSY 3 ROOK 4 5 105
 9:03:15	BUSY 3 KNIGHT 5 1 104
 9:03:16	IDLE 3 ROOK 4 5 105
 9:03:20	IDLE 3 KNIGHT 5 1 104
 9:05:48	BUSY 3 ROOK 5 1 105
 9:05:53	IDLE 3 ROOK 5 1 105
13:34:15	BUSY 3 King 1 2 101
13:34:15	IDLE 3 King 1 2 101
13:34:47	BUSY 3 QUEEN 1 2 102
13:35:21	BUSY 3 BISHOP 1 2 103
13:36:07	BUSY 3 King 2 3 101
13:36:08	IDLE 3 QUEEN 1 2 102
13:36:15	IDLE 3 King 2 3 101
13:36:46	BUSY 3 KNIGHT 1 2 104
13:37:05	BUSY 3 King 3 4 101
13:37:13	IDLE 3 King 3 4 101
13:37:15	BUSY 3 King 4 5 101
13:37:31	IDLE 3 King 4 5 101
13:37:38	BUSY 3 King 5 1 101
13:37:43	IDLE 3 King 5 1 101
13:38:02	BUSY 3 QUEEN 2 3 102
13:38:03	IDLE 3 BISHOP 1 2 103
13:38:10	IDLE 3 QUEEN 2 3 102
13:39:01	BUSY 3 QUEEN 3 4 102
13:39:08	BUSY 3 ROOK 1 2 105
13:39:09	IDLE 3 QUEEN 3 4 102
13:39:11	BUSY 3 QUEEN 4 5 102
13:39:27	IDLE 3 QUEEN 4 5 102
13:39:56	BUSY 3 BISHOP 2 4 103
13:39:57	IDLE 3 KNIGHT 1 2 104
13:40:13	IDLE 3 BISHOP 2 4 103
13:40:14	BUSY 3 BISHOP 4 5 103
13:40:22	BUSY 3 QUEEN 5 1 102
13:40:27	IDLE 3 QUEEN 5 1 102
13:40:30	IDLE 3 BISHOP 4 5 103
13:41:49	BUSY 3 KNIGHT 2 3 104
13:41:50	IDLE 3 ROOK 1 2 105
13:41:57	IDLE 3 KNIGHT 2 3 104
13:42:48	BUSY 3 KNIGHT 3 4 104
13:42:54	BUSY 3 BISHOP 5 1 103
13:42:56	IDLE 3 KNIGHT 3 4 104
13:42:58	BUSY 3 KNIGHT 4 5 104
13:42:59	IDLE 3 BISHOP 5 1 1010:05:2006
11:10:40	BUSY 3 King 1 2 101
11:10:40	IDLE 3 King 1 2 101
11:11:11	BUSY 3 QUEEN 1 2 102
11:11:45	BUSY 3 BISHOP 1 2 103
11:12:38	BUSY 3 King 2 3 101
11:12:39	IDLE 3 QUEEN 1 2 102
11:12:46	IDLE 3 King 2 3 101
11:13:17	BUSY 3 KNIGHT 1 2 104
11:13:37	BUSY 3 King 3 4 101
11:13:45	IDLE 3 King 3 4 101
11:13:47	BUSY 3 King 4 5 101
11:14:03	IDLE 3 King 4 5 101
11:14:10	BUSY 3 King 5 1 101
11:14:15	IDLE 3 King 5 1 101
11:14:34	BUSY 3 QUEEN 2 3 102
11:14:35	IDLE 3 BISHOP 1 2 103
11:14:42	IDLE 3 QUEEN 2 3 102
11:15:32	BUSY 3 QUEEN 3 4 102
11:15:40	IDLE 3 QUEEN 3 4 102
11:15:41	BUSY 3 ROOK 1 2 105
11:15:42	BUSY 3 QUEEN 4 5 102
11:15:58	IDLE 3 QUEEN 4 5 102
11:16:28	BUSY 3 BISHOP 2 4 103
11:16:29	IDLE 3 KNIGHT 1 2 104
11:16:45	IDLE 3 BISHOP 2 4 103
11:16:46	BUSY 3 BISHOP 4 5 103
11:16:54	BUSY 3 QUEEN 5 1 102
11:16:59	IDLE 3 QUEEN 5 1 102
11:17:02	IDLE 3 BISHOP 4 5 103
11:18:21	BUSY 3 KNIGHT 2 3 104
11:18:22	IDLE 3 ROOK 1 2 105
11:18:29	IDLE 3 KNIGHT 2 3 104
11:19:19	BUSY 3 KNIGHT 3 4 104
11:19:26	BUSY 3 BISHOP 511:05:2006
15:16:33	BUSY 3 King 1 2 101
15:16:48	IDLE 3 King 1 2 101
15:17:05	BUSY 3 QUEEN 1 2 102
15:17:38	BUSY 3 BISHOP 1 2 103
15:18:43	BUSY 3 King 2 3 101
15:18:44	IDLE 3 QUEEN 1 2 102
15:18:52	IDLE 3 King 2 3 101
15:19:22	BUSY 3 KNIGHT 1 2 104
15:19:42	BUSY 3 King 3 4 101
15:19:51	IDLE 3 King 3 4 101
15:19:52	BUSY 3 King 4 5 101
15:20:09	IDLE 3 King 4 5 101
15:20:15	BUSY 3 King 5 1 101
15:20:20	IDLE 3 King 5 1 101
15:20:41	BUSY 3 QUEEN 2 3 102
15:20:42	IDLE 3 BISHOP 1 2 103
15:20:50	IDLE 3 QUEEN 2 3 102
15:21:41	BUSY 3 QUEEN 3 4 102
15:21:45	BUSY 3 ROOK 1 2 105
15:21:50	IDLE 3 QUEEN 3 4 102
15:21:51	BUSY 3 QUEEN 4 5 102
15:22:08	IDLE 3 QUEEN 4 5 102
15:22:39	BUSY 3 BISHOP 2 4 103
15:22:40	IDLE 3 KNIGHT 1 2 104
15:22:56	IDLE 3 BISHOP 2 4 103
15:22:57	BUSY 3 BISHOP 4 5 103
15:23:00	BUSY 3 QUEEN 5 1 102
15:23:05	IDLE 3 QUEEN 5 1 102
15:23:14	IDLE 3 BISHOP 4 5 103
15:24:35	BUSY 3 KNIGHT 2 3 104
15:24:36	IDLE 3 ROOK 1 2 105
15:24:44	IDLE 3 KNIGHT 2 3 104
15:25:32	BUSY 3 BISHOP 5 1 103
15:25:34	BUSY 3 KNIGHT 315:05:2006
15:05:2006
 9:49:19	BUSY 3 King 1 2 101
 9:49:19	IDLE 3 King 1 2 101
 9:49:51	BUSY 3 QUEEN 1 2 102
 9:50:26	BUSY 3 BISHOP 1 2 103
 9:51:15	BUSY 3 King 2 3 101
 9:51:16	IDLE 3 QUEEN 1 2 102
 9:51:23	IDLE 3 King 2 3 101
 9:51:54	BUSY 3 KNIGHT 1 2 104
 9:52:14	BUSY 3 King 3 4 101
 9:52:22	IDLE 3 King 3 4 101
 9:52:24	BUSY 3 King 4 5 101
 9:52:41	IDLE 3 King 4 5 101
 9:52:47	BUSY 3 King 5 1 101
 9:52:52	IDLE 3 King 5 1 101
 9:53:14	BUSY 3 QUEEN 2 3 102
 9:53:15	IDLE 3 BISHOP 1 2 103
 9:53:22	IDLE 3 QUEEN 2 3 102
 9:54:13	BUSY 3 QUEEN 3 4 102
 9:54:18	BUSY 3 ROOK 1 2 105
 9:54:21	IDLE 3 QUEEN 3 4 102
 9:54:23	BUSY 3 QUEEN 4 5 102
 9:54:39	IDLE 3 QUEEN 4 5 102
 9:55:13	BUSY 3 BISHOP 2 4 103
 9:55:14	IDLE 3 KNIGHT 1 2 104
 9:55:30	IDLE 3 BISHOP 2 4 103
 9:55:31	BUSY 3 BISHOP 4 5 103
 9:55:34	BUSY 3 QUEEN 5 1 102
 9:55:39	IDLE 3 QUEEN 5 1 102
 9:55:47	IDLE 3 BISHOP 4 5 103
 9:57:11	BUSY 3 KNIGHT 2 3 104
 9:57:12	IDLE 3 ROOK 1 2 105
 9:57:19	IDLE 3 KNIGHT 2 3 104
 9:58:08	BUSY 3 BISHOP 5 1 103
 9:58:10	BUSY 3 KNIGHT 3 4 104
 9:58:13	IDLE 3 BISHOP 5 1 103
 9:58:18	IDLE 3 KNIGHT 3 4 104
 9:58:20	BUSY 3 KNIGHT 4 5 104
 9:58:36	IDLE 3 KNIGHT 4 5 104
 9:59:10	BUSY 3 ROOK 2 3 105
 9:59:18	IDLE 3 ROOK 2 3 105
10:00:08	BUSY 3 ROOK 3 4 105
10:00:17	IDLE 3 ROOK 3 4 105
10:00:18	BUSY 3 ROOK 4 5 105
10:00:42	BUSY 3 KNIGHT 5 1 104
10:00:43	IDLE 3 ROOK 4 5 105
10:00:47	IDLE 3 KNIGHT 5 1 104
10:03:16	BUSY 3 ROOK 5 1 105
10:03:21	IDLE 3 ROOK 5 1 105
