25:04:2006
16:01:02	ERROR 
16:01:11	IDLE 
16:01:29	BUSY 
16:01:50	ERROR 
16:02:58	BUSY 
16:03:12	BUSY 
25:04:2006
16:04:54	BUSY 
16:04:55	IDLE 
16:05:03	BUSY 
16:05:08	BUSY 
16:05:10	BUSY 
16:05:12	BUSY 
16:05:16	BUSY 
16:05:23	BUSY 
25:04:2006
16:06:21	BUSY 
16:06:29	BUSY 
16:06:31	BUSY 
16:06:46	ERROR 
25:04:2006
16:06:55	ERROR 
25:04:2006
25:04:2006
16:11:06	BUSY 
16:11:06	IDLE 
16:11:12	BUSY 
26:04:2006
 8:50:12	ERROR 
 8:50:27	IDLE 
 8:50:39	BUSY 
 8:50:39	IDLE 
 8:50:42	BUSY 
 8:50:43	IDLE 
 8:51:08	ERROR 
 8:53:10	IDLE 
 8:53:11	ERROR 
 8:54:01	IDLE 
 8:54:02	ERROR 
 8:54:27	IDLE 
 8:54:28	ERROR 
 8:56:16	IDLE 
 8:56:39	ERROR 
 8:57:33	IDLE 
26:04:2006
 9:00:37	BUSY 
 9:00:48	BUSY 
26:04:2006
26:04:2006
 9:08:15	BUSY 
 9:08:20	BUSY 
26:04:2006
 9:18:32	ERROR 
26:04:2006
10:07:36	BUSY 
10:07:37	IDLE 
10:07:39	BUSY 
10:07:40	IDLE 
10:07:40	BUSY 
10:07:40	IDLE 
10:07:45	BUSY 
10:08:08	IDLE 
10:08:15	BUSY 
10:08:58	IDLE 
10:59:01	BUSY 
11:00:59	IDLE 
11:01:12	BUSY 
11:01:31	IDLE 
11:01:38	BUSY 
11:02:14	IDLE 
11:02:18	BUSY 
11:02:40	IDLE 
11:02:50	BUSY 
11:03:15	IDLE 
11:03:38	BUSY 
11:03:57	IDLE 
11:04:27	BUSY 
11:04:52	IDLE 
11:05:01	BUSY 
11:05:31	IDLE 
11:05:39	BUSY 
11:06:04	IDLE 
11:06:05	BUSY 
11:06:24	IDLE 
11:06:29	BUSY 
11:06:29	IDLE 
11:06:32	BUSY 
11:06:02:05:2006
02:05:2006
03:05:2006
 8:12:56	BUSY 
 8:13:08	IDLE 
 8:13:13	BUSY 
 8:13:44	IDLE 
 8:54:18	BUSY 1 7
03:05:2006
03:05:2006
03:05:2006
 9:25:52	BUSY 1 7
 9:26:04	IDLE 1 7
 9:26:04	BUSY 1 6
 9:26:35	IDLE 1 6
 9:35:35	BUSY 1 7
 9:35:47	IDLE 1 7
 9:35:47	BUSY 1 6
 9:36:18	IDLE 1 6
10:21:44	BUSY 1 7
10:21:57	IDLE 1 7
10:21:57	BUSY 1 6
10:22:28	IDLE 1 6
10:32:41	BUSY 1 7
10:32:53	IDLE 1 7
10:32:53	BUSY 1 6
10:33:24	IDLE 1 6
10:35:37	BUSY 1 7
10:35:57	IDLE 1 7
10:35:57	BUSY 1 6
10:36:28	IDLE 1 6
10:49:02	BUSY 1 7
10:49:14	IDLE 1 7
10:49:15	BUSY 1 6
10:53:24	IDLE 1 6
11:07:37	BUSY 1 7
11:07:49	IDLE 1 7
11:07:49	BUSY 1 6
11:08:20	IDLE 108:05:2006
 8:44:37	BUSY 
 8:44:49	BUSY 
 8:44:55	BUSY 
 8:45:05	BUSY 
08:05:2006
 8:47:24	BUSY 
08:05:2006
 9:02:40	BUSY 1 7
 9:02:52	IDLE 1 7
 9:02:52	BUSY 1 6
 9:03:22	IDLE 1 6
 9:05:38	BUSY 1 7
 9:05:50	IDLE 1 7
 9:05:50	BUSY 1 6
 9:06:20	IDLE 1 6
 9:08:11	BUSY 1 7
 9:08:23	IDLE 1 7
 9:08:23	BUSY 1 6
 9:08:53	IDLE 1 6
 9:10:45	BUSY 1 7
 9:10:57	IDLE 1 7
 9:10:57	BUSY 1 6
 9:11:26	IDLE 1 6
 9:13:18	BUSY 1 7
 9:13:30	IDLE 1 7
 9:13:30	BUSY 1 6
 9:14:00	IDLE 1 6
10:22:15	BUSY 1 7
10:22:27	IDLE 1 7
10:22:27	BUSY 1 6
10:22:57	IDLE 1 6
10:25:00	BUSY 1 7
10:25:13	IDLE 1 7
10:25:13	BUSY 1 6
10:25:42	IDLE 1 6
10:27:32	BUSY 1 7
10:27:44	IDLE 1 7
10:27:44	BUSY 1 6
10:28:14	IDLE 1 6
10:30:04	BUSY 1 7
10:30:16	IDLE 1 7
10:30:16	BUSY 1 6
10:30:46	IDLE 1 6
10:32:38	BUSY 1 7
10:32:50	IDLE 1 7
10:32:50	BUSY 1 6
10:33:20	IDLE 1 6
08:05:2006
09:05:2006
 8:54:47	BUSY 1 7
 8:54:59	IDLE 1 7
 8:54:59	BUSY 1 6
 8:57:06	IDLE 1 6
 8:59:09	BUSY 1 7
 8:59:20	IDLE 1 7
 8:59:21	BUSY 1 6
 8:59:50	IDLE 1 6
 9:01:40	BUSY 1 7
 9:01:51	IDLE 1 7
 9:01:52	BUSY 1 6
 9:02:21	IDLE 1 6
 9:04:11	BUSY 1 7
 9:04:23	IDLE 1 7
 9:04:23	BUSY 1 6
 9:04:52	IDLE 1 6
 9:06:44	BUSY 1 7
 9:06:55	IDLE 1 7
 9:06:56	BUSY 1 6
 9:07:25	IDLE 1 6
13:38:34	BUSY 1 7
13:38:46	IDLE 1 7
13:38:46	BUSY 1 6
13:39:16	IDLE 1 6
13:41:18	BUSY 1 7
13:41:30	IDLE 1 7
13:41:30	BUSY 1 6
13:41:59	IDLE 115:05:2006
15:05:2006
 9:45:47	BUSY 
 9:46:00	BUSY 
 9:46:14	BUSY 
 9:46:35	BUSY 
 9:53:44	BUSY 1 7
 9:53:57	IDLE 1 7
 9:53:57	BUSY 1 6
 9:54:27	IDLE 1 6
 9:56:31	BUSY 1 7
 9:56:43	IDLE 1 7
 9:56:44	BUSY 1 6
 9:57:14	IDLE 1 6
 9:59:05	BUSY 1 7
 9:59:17	IDLE 1 7
 9:59:17	BUSY 1 6
 9:59:48	IDLE 1 6
10:01:38	BUSY 1 7
10:01:50	IDLE 1 7
10:01:51	BUSY 1 6
10:02:21	IDLE 1 6
10:04:12	BUSY 1 7
10:04:24	IDLE 1 7
10:04:24	BUSY 1 6
10:04:54	IDLE 1 6
