30:06:2005
17:36:57	BUSY 1 K
17:40:05	BUSY 1 K
17:44:22	BUSY 1 B
17:46:45	BUSY 1 B
17:49:59	BUSY 1 Q
17:53:49	BUSY 1 Q
17:57:04	BUSY 1 N
18:00:11	BUSY 1 N
18:03:12	BUSY 1 Q
01:07:2005
13:10:38	BUSY 1 K
13:17:53	BUSY 1 Q
13:25:38	BUSY 1 B
13:32:00	BUSY 1 B
13:40:09	BUSY 1 N
13:48:05	BUSY 1 N
13:55:33	BUSY 1 R
01:07:2005
01:07:2005
01:07:2005
18:00:42	BUSY 1 K
01:07:2005
01:07:2005
18:49:46	BUSY 1 K
02:07:2005
 9:09:39	BUSY 1 K
 9:30:41	BUSY 1 K
 9:37:18	BUSY 1 Q
 9:44:05	BUSY 1 B
10:30:44	BUSY 1 K
10:53:29	BUSY 1 K
02:07:2005
11:37:15	BUSY 1 K
11:44:10	BUSY 1 Q
11:50:46	BUSY 1 B
11:56:39	BUSY 1 B
12:02:52	BUSY 1 N
12:09:13	BUSY 1 N
12:16:03	BUSY 1 R
15:33:53	BUSY 1 K
15:40:50	BUSY 1 Q
15:47:49	BUSY 1 B
15:50:23	BUSY 1 B
16:00:52	BUSY 1 B
16:07:15	BUSY 1 N
16:14:10	BUSY 1 N
16:20:53	BUSY 1 R
16:28:09	BUSY 1 R
04:07:2005
14:26:56	BUSY 1 K
14:34:42	BUSY 1 Q
14:42:31	BUSY 1 B
14:49:46	BUSY 1 B
14:56:50	BUSY 1 N
15:04:40	BUSY 1 N
04:07:2005
16:41:18	BUSY 1 K
17:50:17	BUSY 1 K
17:54:17	BUSY 1 K
17:57:46	BUSY 1 K
18:25:27	BUSY 1 K
04:07:2005
20:03:00	BUSY 1 K
20:13:30	BUSY 1 K
20:22:16	BUSY 1 Q
20:29:49	BUSY 1 B
20:35:55	BUSY 1 B
20:42:03	BUSY 1 N
20:48:39	BUSY 1 N
05:07:2005
08:08:2005
16:08:2005
10:15:27	BUSY 1 B
10:18:17	BUSY 1 B
11:11:53	BUSY 1 K
11:18:28	BUSY 1 Q
11:25:45	BUSY 1 B
11:31:47	BUSY 1 B
12:09:01	BUSY 1 K
12:16:09	BUSY 1 Q
12:24:10	BUSY 1 B
12:42:04	BUSY 1 K
16:08:2005
13:00:03	BUSY 1 K
13:06:50	BUSY 1 Q
13:13:17	BUSY 1 B
13:19:30	BUSY 1 B
13:25:38	BUSY 1 N
13:32:51	BUSY 1 N
16:08:2005
16:17:05	BUSY 1 B
16:20:15	BUSY 1 B
16:30:11	BUSY 1 K
16:36:50	BUSY 1 Q
16:43:42	BUSY 1 B
16:50:37	BUSY 1 B
16:56:41	BUSY 1 N
17:03:06	BUSY 1 N
17:09:51	BUSY 1 R
17:16:48	BUSY 1 R
17:08:2005
 9:32:31	BUSY 1 B
 9:42:54	BUSY 1 K
10:24:46	BUSY 1 K
10:31:21	BUSY 1 Q
10:38:06	BUSY 1 B
10:44:08	BUSY 1 B
11:38:12	BUSY 1 K
11:44:53	BUSY 1 Q
11:51:34	BUSY 1 B
11:57:34	BUSY 1 B
12:04:01	BUSY 1 N
12:10:43	BUSY 1 N
12:17:23	BUSY 1 R
12:24:08	BUSY 1 R
12:37:26	BUSY 1 K
13:37:07	BUSY 1 K
13:43:43	BUSY 1 Q
13:50:28	BUSY 1 B
13:56:54	BUSY 1 B
14:02:52	BUSY 1 N
14:09:33	BUSY 1 N
14:16:10	BUSY 1 R
14:22:49	BUSY 1 R
14:36:53	BUSY 1 K
14:43:35	BUSY 1 Q
14:50:31	BUSY 1 B
14:56:30	BUSY 1 B
15:03:08	BUSY 1 N
15:09:56	ERROR Cannot send argument
15:13:43	BUSY 1 N
15:27:26	BUSY 1 K
15:34:15	BUSY 1 Q
15:40:53	BUSY 1 B
15:47:06	BUSY 1 B
15:53:08	BUSY 1 N
18:08:2005
16:17:45	BUSY 1 B
16:28:07	BUSY 1 K
16:35:03	BUSY 1 Q
16:42:00	BUSY 1 B
16:48:13	BUSY 1 B
16:54:27	BUSY 1 N
17:01:21	BUSY 1 N
17:07:47	BUSY 1 R
17:14:33	BUSY 1 R
17:34:08	BUSY 1 B
19:08:2005
15:42:00	BUSY 1 B
16:35:41	BUSY 1 B
16:47:10	BUSY 1 B
16:52:57	BUSY 1 N
22:08:2005
 9:57:53	BUSY 1 B
10:05:38	BUSY 1 B
10:17:26	BUSY 1 K
10:23:58	BUSY 1 Q
10:30:17	BUSY 1 B
11:17:51	BUSY 1 K
11:30:14	BUSY 1 K
11:36:49	BUSY 1 Q
11:43:12	BUSY 1 B
11:49:11	BUSY 1 B
11:54:51	BUSY 1 N
12:01:43	BUSY 1 N
12:08:58	BUSY 1 R
12:15:18	BUSY 1 R
12:46:19	BUSY 1 N
12:52:27	BUSY 1 B
14:58:15	BUSY 1 K
15:04:49	BUSY 1 Q
15:11:16	BUSY 1 B
15:16:58	BUSY 1 B
15:22:54	BUSY 1 N
15:29:20	BUSY 1 N
15:35:45	BUSY 1 R
15:44:39	BUSY 1 R
23:08:2005
12:00:41	BUSY 1 B
12:10:38	BUSY 1 B
12:22:10	BUSY 1 K
12:28:35	BUSY 1 Q
12:35:01	BUSY 1 B
12:40:58	BUSY 1 B
12:46:40	BUSY 1 N
12:53:19	BUSY 1 N
12:59:42	BUSY 1 R
13:05:57	BUSY 1 R
23:08:2005
16:32:11	BUSY 1 B
16:51:56	BUSY 1 K
16:58:22	BUSY 1 Q
24:08:2005
10:26:01	BUSY 1 B
13:00:21	BUSY 1 B
13:05:56	BUSY 1 N
16:53:28	BUSY 1 B
16:59:40	BUSY 1 N
