18:05:2005
16:05:43	Turning Test	Ready
16:05:46	Turning Test	BUSY
16:07:30	Turning Test	IDLE
16:07:40	Turning Rook	Ready
16:07:43	Turning Rook	BUSY
16:12:29	Turning Rook	IDLE
18:05:2005
16:15:10	Cell to Host	Robot1 IDLE
16:18:33	DoCommand ROOK_L.SEQ
16:18:33	Turning Rook	Ready
16:18:34	Turning Rook	BUSY
16:18:35	Cell to Host	Ready ROOK_L.SEQ
16:18:35	Cell to Host	BUSY ROOK_L.SEQ
16:18:35	Cell to Host	Lathe BUSY 1
16:18:36	Cell to Host	Lathe IDLE 1
16:18:37	Cell to Host	Robot1 BUSY 1
16:18:48	Cell to Host	Robot1 IDLE 1
16:18:48	Cell to Host	Lathe BUSY 2
16:18:49	Cell to Host	Lathe IDLE 2
16:18:50	Cell to Host	Robot1 BUSY 2
16:18:54	Cell to Host	Robot1 IDLE 2
16:18:55	Cell to Host	Lathe BUSY 5 ROOK_l.FNC
16:18:56	Cell to Host	Lathe IDLE 5 ROOK_l.FNC
16:18:56	Cell to Host	Lathe BUSY 3
16:20:44	Cell to Host	Lathe IDLE 3
16:20:45	Cell to Host	Robot1 BUSY 3
16:20:50	Cell to Host	Robot1 IDLE 3
16:20:51	Cell to Host	Lathe BUSY 1
16:20:52	Cell to Host	Lathe IDLE 1
16:20:52	Cell to Host	Robot1 BUSY 4
16:21:03	Cell to Host	Robot1 IDLE 4
16:21:03	Cell to Host	Lathe BUSY 1
16:21:04	Cell to Host	Lathe IDLE 1
16:21:05	Cell to Host	Robot1 BUSY 5
16:21:16	Cell to Host	Robot1 IDLE 5
16:21:17	Cell to Host	Lathe BUSY 2
16:21:17	Cell to Host	Lathe IDLE 2
16:21:18	Cell to Host	Robot1 BUSY 2
16:21:22	Cell to Host	Robot1 IDLE 2
16:21:23	Cell to Host	Lathe BUSY 5 PAWN_l.FNC
16:21:23	Cell to Host	Lathe IDLE 5 PAWN_l.FNC
16:21:24	Cell to Host	Lathe BUSY 3
16:22:56	Cell to Host	Lathe IDLE 3
16:22:57	Cell to Host	Robot1 BUSY 3
16:23:02	Cell to Host	Robot1 IDLE 3
16:23:03	Cell to Host	Lathe BUSY 1
16:23:04	Cell to Host	Lathe IDLE 1
16:23:04	Cell to Host	Robot1 BUSY 6
16:23:16	Turning Rook	IDLE
16:23:16	Cell to Host	Robot1 IDLE 6
16:23:17	Cell to Host	IDLE ROOK_L.SEQ
16:23:22	DoCommand ROOK_L.SEQ
16:23:22	Turning Rook	Ready
16:23:22	Turning Rook	BUSY
16:23:22	Cell to Host	Ready ROOK_L.SEQ
16:23:23	Cell to Host	BUSY ROOK_L.SEQ
16:23:23	Cell to Host	Lathe BUSY 1
16:23:24	Cell to Host	Lathe IDLE 1
16:23:24	Cell to Host	Robot1 BUSY 1
16:23:35	Cell to Host	Robot1 IDLE 1
16:23:36	Cell to Host	Lathe BUSY 2
16:23:37	Cell to Host	Lathe IDLE 2
16:23:37	Cell to Host	Robot1 BUSY 2
16:23:42	Cell to Host	Robot1 IDLE 2
16:23:42	Cell to Host	Lathe BUSY 5 ROOK_l.FNC
16:23:43	Cell to Host	Lathe IDLE 5 ROOK_l.FNC
16:23:44	Cell to Host	Lathe BUSY 3
16:25:32	Cell to Host	Lathe IDLE 3
16:25:33	Cell to Host	Robot1 BUSY 3
16:25:38	Cell to Host	Robot1 IDLE 3
16:25:38	Cell to Host	Lathe BUSY 1
16:25:39	Cell to Host	Lathe IDLE 1
16:25:40	Cell to Host	Robot1 BUSY 4
16:25:51	Cell to Host	Robot1 IDLE 4
16:25:51	Cell to Host	Lathe BUSY 1
16:25:52	Cell to Host	Lathe IDLE 1
16:25:52	Cell to Host	Robot1 BUSY 5
16:26:04	Cell to Host	Robot1 IDLE 5
16:26:05	Cell to Host	Lathe BUSY 2
16:26:05	Cell to Host	Lathe IDLE 2
16:26:05	Cell to Host	Robot1 BUSY 2
16:26:09	Cell to Host	Robot1 IDLE 2
16:26:10	Cell to Host	Lathe BUSY 5 PAWN_l.FNC
16:26:11	Cell to Host	Lathe IDLE 5 PAWN_l.FNC
16:26:12	Cell to Host	Lathe BUSY 3
16:27:44	Cell to Host	Lathe IDLE 3
16:27:44	Cell to Host	Robot1 BUSY 3
16:27:50	Cell to Host	Robot1 IDLE 3
16:27:50	Cell to Host	Lathe BUSY 1
16:27:51	Cell to Host	Lathe IDLE 1
16:27:52	Cell to Host	Robot1 BUSY 6
16:28:04	Turning Rook	IDLE
16:28:04	Cell to Host	Robot1 IDLE 6
16:28:05	Cell to Host	IDLE ROOK_L.SEQ
18:05:2005
18:51:23	Cell to Host	Robot1 IDLE 2
18:58:32	Disconnect
19:02:30	DoCommand ROOK_L.SEQ
19:02:30	Turning Rook	Ready
19:02:31	Turning Rook	BUSY
19:02:31	Cell to Host	Ready ROOK_L.SEQ
19:02:32	Cell to Host	BUSY ROOK_L.SEQ
19:02:33	Cell to Host	Lathe BUSY 1
19:02:33	Cell to Host	Lathe IDLE 1
19:02:34	Cell to Host	Robot1 BUSY 1
19:02:46	Cell to Host	Robot1 IDLE 1
19:02:46	Cell to Host	Lathe BUSY 2
19:02:47	Cell to Host	Lathe IDLE 2
19:02:48	Cell to Host	Robot1 BUSY 2
19:02:52	Cell to Host	Robot1 IDLE 2
19:02:52	Cell to Host	Lathe BUSY 5 ROOK_l.FNC
19:02:54	Cell to Host	Lathe IDLE 5 ROOK_l.FNC
19:02:54	Cell to Host	Lathe BUSY 3
19:05:46	Turning Rook	Stopped
19:05:47	Cell to Host	Stopped ROOK_L.SEQ
19:05:52	Turning Rook	Ready
19:05:52	Cell to Host	Ready ROOK_L.SEQ
18:05:2005
18:05:2005
22:06:39	Cell to Host	Lathe IDLE 3
22:18:50	DoCommand ROOK_L.SEQ
22:18:50	Turning Rook	Ready
22:18:51	ROOK_L.SEQ	ERROR Could not connect to  Robot1
22:18:51	Cell to Host	Ready ROOK_L.SEQ
22:18:51	Cell to Host	ERROR ROOK_L.SEQ
22:19:28	Turning Rook	Ready
22:19:28	Cell to Host	Ready ROOK_L.SEQ
22:20:24	Cell to Host	Lathe BUSY 3
18:05:2005
19:05:2005
19:05:2005
 9:03:24	Cell to Host	Robot1 IDLE
 9:06:57	Disconnect
10:52:50	Cell to Host	Robot1 BUSY 3
10:53:47	Cell to Host	Robot1 IDLE
10:54:18	Cell to Host	Robot1 BUSY 3
10:56:23	Cell to Host	Robot1 IDLE
11:01:32	Cell to Host	Robot1 NOT CONNECTED
11:01:36	Cell to Host	Lathe NOT CONNECTED
19:05:2005
20:05:2005
10:08:23	Cell to Host	Lathe IDLE 3
10:10:56	DoCommand KING_L.SEQ
10:10:56	Turning King	Ready
10:10:57	Turning King	BUSY
10:10:57	Cell to Host	Ready KING_L.SEQ
10:10:58	Cell to Host	BUSY KING_L.SEQ
10:10:59	Cell to Host	Lathe BUSY 1
10:10:59	Cell to Host	Lathe IDLE 1
10:10:59	Cell to Host	Robot1 BUSY 1
10:11:11	Cell to Host	Robot1 IDLE 1
10:11:12	Cell to Host	Lathe BUSY 2
10:11:13	Cell to Host	Lathe IDLE 2
10:11:14	Cell to Host	Robot1 BUSY 2
10:11:17	Cell to Host	Robot1 IDLE 2
10:11:17	Cell to Host	Lathe BUSY 5 KING_l.FNC
10:11:19	Cell to Host	Lathe IDLE 5 KING_l.FNC
10:11:19	Cell to Host	Lathe BUSY 3
10:13:26	Disconnect
10:16:10	Cell to Host	Lathe IDLE 3
10:17:25	DoCommand KING_L.SEQ
10:17:25	Turning King	Ready
10:17:26	Turning King	BUSY
10:17:27	Cell to Host	Ready KING_L.SEQ
10:17:27	Cell to Host	BUSY KING_L.SEQ
10:17:28	Cell to Host	Lathe BUSY 1
10:17:28	Cell to Host	Lathe IDLE 1
10:17:29	Cell to Host	Robot1 BUSY 1
10:17:40	Cell to Host	Robot1 IDLE 1
10:17:41	Cell to Host	Lathe BUSY 2
10:17:42	Cell to Host	Lathe IDLE 2
10:17:43	Cell to Host	Robot1 BUSY 2
10:17:47	Cell to Host	Robot1 IDLE 2
10:17:48	Cell to Host	Lathe BUSY 5 KING_l.FNC
10:17:49	Cell to Host	Lathe IDLE 5 KING_l.FNC
10:17:49	Cell to Host	Lathe BUSY 3
10:20:22	Cell to Host	Lathe IDLE 3
10:20:23	Cell to Host	Robot1 BUSY 3
10:20:28	Cell to Host	Robot1 IDLE 3
10:20:29	Cell to Host	Lathe BUSY 1
10:20:30	Cell to Host	Lathe IDLE 1
10:20:30	Cell to Host	Robot1 BUSY 4
10:20:41	Cell to Host	Robot1 IDLE 4
10:20:42	Cell to Host	Lathe BUSY 1
10:20:42	Cell to Host	Lathe IDLE 1
10:20:42	Cell to Host	Robot1 BUSY 5
10:20:54	Cell to Host	Robot1 IDLE 5
10:20:55	Cell to Host	Lathe BUSY 2
10:20:55	Cell to Host	Lathe IDLE 2
10:20:56	Cell to Host	Robot1 BUSY 2
10:21:00	Cell to Host	Robot1 IDLE 2
10:21:01	Cell to Host	Lathe BUSY 5 PAWN_l.FNC
10:21:29	Cell to Host	Lathe ERROR RS232 Download aborted
10:21:31	Cell to Host	Lathe IDLE
10:21:32	Cell to Host	Lathe BUSY 5 PAWN_l.FNC
10:21:38	Cell to Host	Lathe ERROR RS232 Download aborted
10:21:40	Cell to Host	Lathe IDLE
10:21:40	Cell to Host	Lathe BUSY 5 PAWN_l.FNC
10:21:44	Cell to Host	Lathe ERROR RS232 Download aborted
10:21:47	Cell to Host	Lathe IDLE
10:21:47	Cell to Host	Lathe BUSY 5 PAWN_l.FNC
10:21:59	Cell to Host	Lathe NOT CONNECTED
10:39:42	Cell to Host	Lathe IDLE 3
10:42:12	DoCommand KING_L.SEQ
10:42:12	Turning King	Ready
10:42:12	Turning King	BUSY
10:42:13	Cell to Host	Ready KING_L.SEQ
10:42:14	Cell to Host	BUSY KING_L.SEQ
10:42:15	Cell to Host	Lathe BUSY 1
10:42:15	Cell to Host	Lathe IDLE 1
10:42:15	Cell to Host	Robot1 BUSY 1
10:42:27	Cell to Host	Robot1 IDLE 1
10:42:29	Cell to Host	Lathe BUSY 2
10:42:29	Cell to Host	Lathe IDLE 2
10:42:29	Cell to Host	Robot1 BUSY 2
10:42:34	Cell to Host	Robot1 IDLE 2
10:42:34	Cell to Host	Lathe BUSY 5 KING_l.FNC
10:42:35	Cell to Host	Lathe IDLE 5 KING_l.FNC
10:42:36	Cell to Host	Lathe BUSY 3
10:44:50	Cell to Host	Lathe IDLE
10:45:29	Cell to Host	Lathe BUSY 1
10:45:38	Cell to Host	Lathe IDLE
10:45:41	Cell to Host	Lathe BUSY 2
10:45:42	Cell to Host	Lathe IDLE 2
10:45:46	Cell to Host	Lathe BUSY 1
10:45:58	Cell to Host	Lathe IDLE
10:46:10	Cell to Host	Lathe BUSY 1
10:46:18	Cell to Host	Lathe IDLE
10:46:20	Cell to Host	Lathe BUSY 1
10:46:35	Cell to Host	Lathe IDLE
10:47:04	Cell to Host	Lathe BUSY 1
10:47:21	Cell to Host	Lathe IDLE
10:47:45	Cell to Host	Lathe BUSY 1
10:47:52	Cell to Host	Lathe IDLE
10:47:54	Cell to Host	Lathe BUSY 1
10:48:03	Cell to Host	Lathe IDLE
10:52:01	Cell to Host	Lathe BUSY 1
10:52:09	Cell to Host	Lathe IDLE
10:53:42	Cell to Host	Lathe BUSY 1
10:53:47	Cell to Host	Lathe IDLE
10:53:49	Cell to Host	Lathe BUSY 2
10:53:50	Cell to Host	Lathe IDLE 2
10:57:18	Cell to Host	Lathe BUSY 1
10:57:21	Cell to Host	Lathe IDLE
11:00:30	Cell to Host	Lathe BUSY 5 C:\CIM\CELL1\TEST_L.FNC
11:00:31	Cell to Host	Lathe IDLE 5 C:\CIM\CELL1\TEST_L.FNC
11:00:34	Cell to Host	Lathe BUSY 3
11:00:41	Cell to Host	Lathe IDLE 3
11:00:47	Cell to Host	Lathe BUSY 1
11:01:12	Cell to Host	Lathe IDLE
11:01:17	Cell to Host	Lathe BUSY 2
11:01:18	Cell to Host	Lathe IDLE 2
11:01:29	Cell to Host	Lathe BUSY 1
11:01:32	Cell to Host	Lathe IDLE
11:01:39	Cell to Host	Lathe BUSY 2
11:01:39	Cell to Host	Lathe IDLE 2
11:01:56	Cell to Host	Lathe BUSY 1
11:02:10	Cell to Host	Lathe IDLE
11:02:16	Cell to Host	Lathe BUSY 1
11:03:41	Cell to Host	Lathe IDLE
11:08:48	Cell to Host	Lathe BUSY 5 C:\CIM\CELL1\TEST_L.FNC
11:08:48	Cell to Host	Lathe IDLE 5 C:\CIM\CELL1\TEST_L.FNC
11:08:52	Cell to Host	Lathe BUSY 3
11:09:02	Cell to Host	Lathe IDLE 3
11:09:10	Cell to Host	Lathe BUSY 1
11:09:15	Cell to Host	Lathe IDLE
11:09:18	Cell to Host	Lathe BUSY 2
11:09:19	Cell to Host	Lathe IDLE 2
11:09:25	Cell to Host	Lathe BUSY 1
11:09:28	Cell to Host	Lathe IDLE
11:16:17	Cell to Host	Lathe BUSY 1
11:16:31	Cell to Host	Lathe IDLE
11:16:34	Cell to Host	Lathe BUSY 2
11:16:35	Cell to Host	Lathe IDLE 2
11:31:19	Cell to Host	Lathe BUSY 1
11:31:41	Cell to Host	Lathe IDLE
11:31:47	Cell to Host	Lathe BUSY 2
11:31:47	Cell to Host	Lathe IDLE 2
11:35:31	Cell to Host	Lathe BUSY
11:35:53	Cell to Host	Lathe IDLE
11:48:47	Cell to Host	Lathe BUSY 1
11:48:58	Cell to Host	Lathe IDLE
11:49:02	Cell to Host	Lathe BUSY 2
11:49:03	Cell to Host	Lathe IDLE 2
11:49:14	Cell to Host	Lathe BUSY 1
11:49:24	Cell to Host	Lathe IDLE
11:49:28	Cell to Host	Lathe BUSY 2
11:49:29	Cell to Host	Lathe IDLE 2
12:00:32	Cell to Host	Lathe BUSY
12:01:02	Cell to Host	Lathe IDLE
12:07:56	Cell to Host	Lathe BUSY
12:08:04	Cell to Host	Lathe IDLE
12:09:21	Cell to Host	Lathe BUSY
12:09:27	Cell to Host	Lathe IDLE
12:12:20	Cell to Host	Lathe BUSY
12:12:32	Cell to Host	Lathe IDLE
12:18:04	Cell to Host	Lathe BUSY
12:18:09	Cell to Host	Lathe IDLE
12:20:27	Cell to Host	Lathe BUSY 1
12:20:27	Cell to Host	Lathe IDLE 1
12:20:32	Cell to Host	Lathe BUSY 2
12:20:32	Cell to Host	Lathe IDLE 2
13:10:48	Cell to Host	Lathe BUSY 1
13:10:49	Cell to Host	Lathe IDLE 1
13:10:51	Cell to Host	Lathe BUSY 2
13:10:52	Cell to Host	Lathe IDLE 2
13:10:56	Cell to Host	Lathe BUSY 5 C:\CIM\CELL1\TEST_L.FNC
13:10:56	Cell to Host	Lathe IDLE 5 C:\CIM\CELL1\TEST_L.FNC
13:10:59	Cell to Host	Lathe BUSY 3
13:11:07	Cell to Host	Lathe IDLE 3
13:13:16	Cell to Host	Lathe BUSY
13:13:24	Cell to Host	Lathe IDLE
13:14:32	Cell to Host	Lathe BUSY 1
13:14:33	Cell to Host	Lathe IDLE 1
13:14:36	Cell to Host	Lathe BUSY 2
13:14:37	Cell to Host	Lathe IDLE 2
13:14:40	Cell to Host	Lathe BUSY 1
13:14:42	Cell to Host	Lathe IDLE 1
13:14:43	Cell to Host	Lathe BUSY 2
13:14:45	Cell to Host	Lathe IDLE 2
13:14:48	Cell to Host	Lathe BUSY 5 C:\CIM\CELL1\TEST_L.FNC
13:14:49	Cell to Host	Lathe IDLE 5 C:\CIM\CELL1\TEST_L.FNC
13:14:50	Cell to Host	Lathe BUSY 3
13:15:00	Cell to Host	Lathe IDLE 3
13:15:14	Disconnect
13:19:21	Disconnect
13:22:35	Cell to Host	Robot1 IDLE 2
13:24:35	DoCommand KING_L.SEQ
13:24:35	Turning King	Ready
13:24:36	Turning King	BUSY
13:24:36	Cell to Host	Ready KING_L.SEQ
13:24:37	Cell to Host	BUSY KING_L.SEQ
13:24:38	Cell to Host	Lathe BUSY 1
13:24:38	Cell to Host	Lathe IDLE 1
13:24:39	Cell to Host	Robot1 BUSY 1
13:24:50	Cell to Host	Robot1 IDLE 1
13:24:51	Cell to Host	Lathe BUSY 2
13:24:52	Cell to Host	Lathe IDLE 2
13:24:53	Cell to Host	Robot1 BUSY 2
13:24:57	Cell to Host	Robot1 IDLE 2
13:24:57	Cell to Host	Lathe BUSY 5 KING_l.FNC
13:24:59	Cell to Host	Lathe IDLE 5 KING_l.FNC
13:24:59	Cell to Host	Lathe BUSY 3
13:27:31	Cell to Host	Lathe IDLE 3
13:27:32	Cell to Host	Robot1 BUSY 3
13:27:37	Cell to Host	Robot1 IDLE 3
13:27:38	Cell to Host	Lathe BUSY 1
13:27:38	Cell to Host	Lathe IDLE 1
13:27:39	Cell to Host	Robot1 BUSY 4
13:27:50	Cell to Host	Robot1 IDLE 4
13:27:51	Cell to Host	Lathe BUSY 1
13:27:51	Cell to Host	Lathe IDLE 1
13:27:51	Cell to Host	Robot1 BUSY 5
13:28:03	Cell to Host	Robot1 IDLE 5
13:28:04	Cell to Host	Lathe BUSY 2
13:28:04	Cell to Host	Lathe IDLE 2
13:28:04	Cell to Host	Robot1 BUSY 2
13:28:09	Cell to Host	Robot1 IDLE 2
13:28:09	Cell to Host	Lathe BUSY 5 PAWN_l.FNC
13:28:10	Cell to Host	Lathe IDLE 5 PAWN_l.FNC
13:28:11	Cell to Host	Robot1 BUSY 3
13:34:19	Cell to Host	Lathe IDLE 2
13:34:48	Cell to Host	Lathe BUSY 5 C:\CIM\CELL1\TEST_L.FNC
13:34:49	Cell to Host	Lathe IDLE 5 C:\CIM\CELL1\TEST_L.FNC
13:34:50	Cell to Host	Lathe BUSY 3
13:34:58	Cell to Host	Lathe IDLE 3
13:35:46	Cell to Host	Lathe BUSY
13:35:52	Cell to Host	Lathe IDLE
13:36:37	Cell to Host	Lathe BUSY 1
13:36:41	Cell to Host	Lathe IDLE
13:36:42	Cell to Host	Lathe BUSY 2
13:36:43	Cell to Host	Lathe IDLE 2
13:40:22	Cell to Host	Lathe BUSY 1
13:40:23	Cell to Host	Lathe IDLE 1
13:40:27	Cell to Host	Lathe BUSY 2
13:40:28	Cell to Host	Lathe IDLE 2
13:40:32	Cell to Host	Lathe BUSY 5 C:\CIM\CELL1\TEST_L.FNC
13:40:33	Cell to Host	Lathe IDLE 5 C:\CIM\CELL1\TEST_L.FNC
13:40:33	Cell to Host	Lathe BUSY 3
13:40:42	Cell to Host	Lathe IDLE 3
13:42:08	DoCommand KING_L.SEQ
13:42:08	Turning King	Ready
13:42:09	Turning King	BUSY
13:42:09	Cell to Host	Ready KING_L.SEQ
13:42:10	Cell to Host	BUSY KING_L.SEQ
13:42:11	Cell to Host	Lathe BUSY 1
13:42:11	Cell to Host	Lathe IDLE 1
13:42:11	Cell to Host	Robot1 BUSY 1
13:42:23	Cell to Host	Robot1 IDLE 1
13:42:24	Cell to Host	Lathe BUSY 2
13:42:25	Cell to Host	Lathe IDLE 2
13:42:26	Cell to Host	Robot1 BUSY 2
13:42:30	Cell to Host	Robot1 IDLE 2
13:42:30	Cell to Host	Lathe BUSY 5 KING_l.FNC
13:42:31	Cell to Host	Lathe IDLE 5 KING_l.FNC
13:42:32	Cell to Host	Lathe BUSY 3
13:45:39	Cell to Host	Lathe IDLE
14:04:48	Disconnect
20:05:2005
15:33:11	Cell to Host	Lathe IDLE 3
15:34:30	DoCommand KING_L.SEQ
15:34:30	Turning King	Ready
15:34:31	Turning King	BUSY
15:34:32	Cell to Host	Ready KING_L.SEQ
15:34:32	Cell to Host	BUSY KING_L.SEQ
15:34:33	Cell to Host	Lathe BUSY 1
15:34:33	Cell to Host	Lathe IDLE 1
15:34:34	Cell to Host	Robot1 BUSY 1
15:34:46	Cell to Host	Robot1 IDLE 1
15:34:47	Cell to Host	Lathe BUSY 2
15:34:47	Cell to Host	Lathe IDLE 2
15:34:48	Cell to Host	Robot1 BUSY 2
15:34:52	Cell to Host	Robot1 IDLE 2
15:34:53	Cell to Host	Lathe BUSY 5 KING_l.FNC
15:34:54	Cell to Host	Lathe IDLE 5 KING_l.FNC
15:34:55	Cell to Host	Lathe BUSY 3
15:45:54	Turning Test	Ready
15:45:59	Turning Test	BUSY
15:47:39	Turning Test	IDLE
15:48:33	Cell to Host	IDLE C:\CIM\CELL1\TEST_L.SEQ
15:50:03	DoCommand KING_L.SEQ
15:50:03	Turning King	Ready
15:50:04	Turning King	BUSY
15:50:05	Cell to Host	Ready KING_L.SEQ
15:50:05	Cell to Host	BUSY KING_L.SEQ
15:50:05	Cell to Host	Lathe BUSY 1
15:50:06	Cell to Host	Lathe IDLE 1
15:50:06	Cell to Host	Robot1 BUSY 1
15:50:18	Cell to Host	Robot1 IDLE 1
15:50:19	Cell to Host	Lathe BUSY 2
15:50:19	Cell to Host	Lathe IDLE 2
15:50:19	Cell to Host	Robot1 BUSY 2
15:50:24	Cell to Host	Robot1 IDLE 2
15:50:24	Cell to Host	Lathe BUSY 5 KING_l.FNC
15:50:26	Cell to Host	Lathe IDLE 5 KING_l.FNC
15:50:27	Cell to Host	Lathe BUSY 3
15:52:58	Cell to Host	Lathe IDLE 3
15:52:59	Cell to Host	Robot1 BUSY 3
15:53:04	Cell to Host	Robot1 IDLE 3
15:53:04	Cell to Host	Lathe BUSY 1
15:53:05	Cell to Host	Lathe IDLE 1
15:53:06	Cell to Host	Robot1 BUSY 4
15:53:17	Cell to Host	Robot1 IDLE 4
15:53:17	Cell to Host	Lathe BUSY 1
15:53:18	Cell to Host	Lathe IDLE 1
15:53:18	Cell to Host	Robot1 BUSY 5
15:53:30	Cell to Host	Robot1 IDLE 5
15:53:30	Cell to Host	Lathe BUSY 2
15:53:31	Cell to Host	Lathe IDLE 2
15:53:32	Cell to Host	Robot1 BUSY 2
15:53:36	Cell to Host	Robot1 IDLE 2
15:53:37	Cell to Host	Lathe BUSY 5 PAWN_l.FNC
15:53:37	Cell to Host	Lathe IDLE 5 PAWN_l.FNC
15:53:38	Cell to Host	Lathe BUSY 3
15:55:10	Cell to Host	Lathe IDLE 3
15:55:11	Cell to Host	Robot1 BUSY 3
15:55:16	Cell to Host	Robot1 IDLE 3
15:55:17	Cell to Host	Lathe BUSY 1
15:55:18	Cell to Host	Lathe IDLE 1
15:55:18	Cell to Host	Robot1 BUSY 6
15:55:30	Turning King	IDLE
15:55:31	Cell to Host	Robot1 IDLE 6
15:55:31	Cell to Host	IDLE KING_L.SEQ
15:55:37	DoCommand QUEEN_L.SEQ
15:55:37	Turning Queen	Ready
15:55:38	Turning Queen	BUSY
15:55:38	Cell to Host	Ready QUEEN_L.SEQ
15:55:39	Cell to Host	BUSY QUEEN_L.SEQ
15:55:39	Cell to Host	Lathe BUSY 1
15:55:40	Cell to Host	Lathe IDLE 1
15:55:40	Cell to Host	Robot1 BUSY 1
15:55:51	Cell to Host	Robot1 IDLE 1
15:55:52	Cell to Host	Lathe BUSY 2
15:55:53	Cell to Host	Lathe IDLE 2
15:55:53	Cell to Host	Robot1 BUSY 2
15:55:58	Cell to Host	Robot1 IDLE 2
15:55:58	Cell to Host	Lathe BUSY 5 QUEEN_l.FNC
15:55:59	Cell to Host	Lathe IDLE 5 QUEEN_l.FNC
15:56:00	Cell to Host	Lathe BUSY 3
15:58:19	Cell to Host	Lathe IDLE 3
15:58:20	Cell to Host	Robot1 BUSY 3
15:59:47	Cell to Host	Robot1 IDLE
16:03:03	Turning Test	Ready
16:03:05	Turning Test	BUSY
16:13:15	Turning Test	Ready
16:13:18	Turning Test	BUSY
16:14:57	Turning Test	IDLE
16:18:55	Turning Test	Ready
16:18:57	Turning Test	BUSY
16:20:36	Turning Test	IDLE
16:22:37	Cell to Host	IDLE C:\CIM\CELL1\TEST_L.SEQ
16:23:54	DoCommand QUEEN_L.SEQ
16:23:54	Turning Queen	Ready
16:23:54	Turning Queen	BUSY
16:23:55	Cell to Host	Ready QUEEN_L.SEQ
16:23:55	Cell to Host	BUSY QUEEN_L.SEQ
16:23:55	Cell to Host	Lathe BUSY 1
16:23:56	Cell to Host	Lathe IDLE 1
16:23:57	Cell to Host	Robot1 BUSY 1
16:24:08	Cell to Host	Robot1 IDLE 1
16:24:08	Cell to Host	Lathe BUSY 2
16:24:09	Cell to Host	Lathe IDLE 2
16:24:10	Cell to Host	Robot1 BUSY 2
16:24:14	Cell to Host	Robot1 IDLE 2
16:24:15	Cell to Host	Lathe BUSY 5 QUEEN_l.FNC
16:24:16	Cell to Host	Lathe IDLE 5 QUEEN_l.FNC
16:24:16	Cell to Host	Lathe BUSY 3
16:26:36	Cell to Host	Lathe IDLE 3
16:26:37	Cell to Host	Robot1 BUSY 3
16:26:42	Cell to Host	Robot1 IDLE 3
16:26:43	Cell to Host	Lathe BUSY 1
16:26:44	Cell to Host	Lathe IDLE 1
16:26:44	Cell to Host	Robot1 BUSY 4
16:26:55	Cell to Host	Robot1 IDLE 4
16:26:55	Cell to Host	Lathe BUSY 1
16:26:56	Cell to Host	Lathe IDLE 1
16:26:57	Cell to Host	Robot1 BUSY 5
16:27:08	Cell to Host	Robot1 IDLE 5
16:27:09	Cell to Host	Lathe BUSY 2
16:27:09	Cell to Host	Lathe IDLE 2
16:27:10	Cell to Host	Robot1 BUSY 2
16:27:14	Cell to Host	Robot1 IDLE 2
16:27:15	Cell to Host	Lathe BUSY 5 PAWN_l.FNC
16:27:15	Cell to Host	Lathe IDLE 5 PAWN_l.FNC
16:27:16	Cell to Host	Lathe BUSY 3
16:28:48	Cell to Host	Lathe IDLE 3
16:28:49	Cell to Host	Robot1 BUSY 3
16:28:54	Cell to Host	Robot1 IDLE 3
16:28:54	Cell to Host	Lathe BUSY 1
16:28:55	Cell to Host	Lathe IDLE 1
16:28:56	Cell to Host	Robot1 BUSY 6
16:29:08	Turning Queen	IDLE
16:29:08	Cell to Host	Robot1 IDLE 6
16:29:09	Cell to Host	IDLE QUEEN_L.SEQ
16:29:14	DoCommand KNIGHT_L.SEQ
16:29:14	Turning Knight	Ready
16:29:14	Turning Knight	BUSY
16:29:15	Cell to Host	Ready KNIGHT_L.SEQ
16:29:16	Cell to Host	BUSY KNIGHT_L.SEQ
16:29:16	Cell to Host	Lathe BUSY 1
16:29:16	Cell to Host	Lathe IDLE 1
16:29:17	Cell to Host	Robot1 BUSY 1
16:29:28	Cell to Host	Robot1 IDLE 1
16:29:28	Cell to Host	Lathe BUSY 2
16:29:29	Cell to Host	Lathe IDLE 2
16:29:30	Cell to Host	Robot1 BUSY 2
16:29:34	Cell to Host	Robot1 IDLE 2
16:29:34	Cell to Host	Lathe BUSY 5 KNIGHT_l.FNC
16:29:35	Cell to Host	Lathe IDLE 5 KNIGHT_l.FNC
16:29:36	Cell to Host	Lathe BUSY 3
16:31:47	Cell to Host	Lathe IDLE 3
16:31:48	Cell to Host	Robot1 BUSY 3
16:31:53	Cell to Host	Robot1 IDLE 3
16:31:54	Cell to Host	Lathe BUSY 1
16:31:55	Cell to Host	Lathe IDLE 1
16:31:56	Cell to Host	Robot1 BUSY 4
16:32:06	Cell to Host	Robot1 IDLE 4
16:32:07	Cell to Host	Lathe BUSY 1
16:32:07	Cell to Host	Lathe IDLE 1
16:32:08	Cell to Host	Robot1 BUSY 5
16:32:19	Cell to Host	Robot1 IDLE 5
16:32:20	Cell to Host	Lathe BUSY 2
16:32:20	Cell to Host	Lathe IDLE 2
16:32:21	Cell to Host	Robot1 BUSY 2
16:32:25	Cell to Host	Robot1 IDLE 2
16:32:26	Cell to Host	Lathe BUSY 5 PAWN_l.FNC
16:32:26	Cell to Host	Lathe IDLE 5 PAWN_l.FNC
16:32:27	Cell to Host	Lathe BUSY 3
20:05:2005
17:01:54	Turning Test	Ready
17:01:57	Turning Test	BUSY
17:03:12	Turning Test	Ready
17:03:15	Turning Test	BUSY
17:04:53	Turning Test	IDLE
17:08:28	Cell to Host	Lathe IDLE 1
17:09:59	DoCommand QUEEN_L.SEQ
17:09:59	Turning Queen	Ready
17:09:59	Turning Queen	BUSY
17:10:00	Cell to Host	Ready QUEEN_L.SEQ
17:10:00	Cell to Host	BUSY QUEEN_L.SEQ
17:10:00	Cell to Host	Lathe BUSY 1
17:10:01	Cell to Host	Lathe IDLE 1
17:10:02	Cell to Host	Robot1 BUSY 1
17:10:13	Cell to Host	Robot1 IDLE 1
17:10:14	Cell to Host	Lathe BUSY 2
17:10:14	Cell to Host	Lathe IDLE 2
17:10:15	Cell to Host	Robot1 BUSY 2
17:10:19	Cell to Host	Robot1 IDLE 2
17:10:19	Cell to Host	Lathe BUSY 5 QUEEN_l.FNC
17:10:20	Cell to Host	Lathe IDLE 5 QUEEN_l.FNC
17:10:21	Cell to Host	Lathe BUSY 3
17:12:40	Cell to Host	Lathe IDLE 3
17:12:41	Cell to Host	Robot1 BUSY 3
17:12:46	Cell to Host	Robot1 IDLE 3
17:12:46	Cell to Host	Lathe BUSY 1
17:12:47	Cell to Host	Lathe IDLE 1
17:12:48	Cell to Host	Robot1 BUSY 4
17:12:59	Cell to Host	Robot1 IDLE 4
17:13:00	Cell to Host	Lathe BUSY 1
17:13:00	Cell to Host	Lathe IDLE 1
17:13:00	Cell to Host	Robot1 BUSY 5
17:13:12	Cell to Host	Robot1 IDLE 5
17:13:13	Cell to Host	Lathe BUSY 2
17:13:13	Cell to Host	Lathe IDLE 2
17:13:13	Cell to Host	Robot1 BUSY 2
17:13:18	Cell to Host	Robot1 IDLE 2
17:13:18	Cell to Host	Lathe BUSY 5 PAWN_l.FNC
17:13:37	Cell to Host	Lathe ERROR RS232 Download aborted
17:13:40	Cell to Host	Lathe IDLE
17:13:40	Cell to Host	Lathe BUSY 5 PAWN_l.FNC
17:13:45	Cell to Host	Lathe ERROR RS232 Download aborted
17:13:47	Cell to Host	Lathe IDLE
17:13:47	Cell to Host	Lathe BUSY 5 PAWN_l.FNC
17:13:53	Cell to Host	Lathe ERROR RS232 Download aborted
17:14:00	Cell to Host	Lathe IDLE
17:14:01	Cell to Host	Lathe BUSY 5 PAWN_l.FNC
17:14:06	Cell to Host	Lathe ERROR RS232 Download aborted
17:14:09	Cell to Host	Lathe IDLE
17:14:09	Cell to Host	Lathe BUSY 5 PAWN_l.FNC
17:14:19	Cell to Host	Lathe NOT CONNECTED
17:14:22	Cell to Host	Lathe ERROR RS232 Download aborted
17:14:24	Cell to Host	Lathe IDLE
17:14:24	Cell to Host	Lathe BUSY 5 PAWN_l.FNC
17:14:24	Cell to Host	Lathe NOT CONNECTED
17:18:40	Turning Queen	IDLE
17:28:59	Turning Test	Ready
17:29:02	Turning Test	BUSY
17:30:40	Turning Test	IDLE
17:38:03	Cell to Host	IDLE C:\CIM\CELL1\TEST_L.SEQ
17:39:19	DoCommand QUEEN_L.SEQ
17:39:19	Turning Queen	Ready
17:39:20	Turning Queen	BUSY
17:39:21	Cell to Host	Ready QUEEN_L.SEQ
17:39:21	Cell to Host	BUSY QUEEN_L.SEQ
17:39:22	Cell to Host	Lathe BUSY 1
17:39:22	Cell to Host	Lathe IDLE 1
17:39:23	Cell to Host	Robot1 BUSY 1
17:39:34	Cell to Host	Robot1 IDLE 1
17:39:35	Cell to Host	Lathe BUSY 2
17:39:35	Cell to Host	Lathe IDLE 2
17:39:35	Cell to Host	Robot1 BUSY 2
17:39:40	Cell to Host	Robot1 IDLE 2
17:39:40	Cell to Host	Lathe BUSY 5 QUEEN_l.FNC
17:39:41	Cell to Host	Lathe IDLE 5 QUEEN_l.FNC
17:39:42	Cell to Host	Lathe BUSY 3
17:42:01	Cell to Host	Lathe IDLE 3
17:42:02	Cell to Host	Robot1 BUSY 3
17:42:07	Cell to Host	Robot1 IDLE 3
17:42:07	Cell to Host	Lathe BUSY 1
17:42:08	Cell to Host	Lathe IDLE 1
17:42:09	Cell to Host	Robot1 BUSY 4
17:42:20	Cell to Host	Robot1 IDLE 4
17:42:21	Cell to Host	Lathe BUSY 1
17:42:21	Cell to Host	Lathe IDLE 1
17:42:22	Cell to Host	Robot1 BUSY 5
17:42:33	Cell to Host	Robot1 IDLE 5
17:42:34	Cell to Host	Lathe BUSY 2
17:42:34	Cell to Host	Lathe IDLE 2
17:42:35	Cell to Host	Robot1 BUSY 2
17:42:39	Cell to Host	Robot1 IDLE 2
17:42:40	Cell to Host	Lathe BUSY 5 PAWN_l.FNC
17:42:40	Cell to Host	Lathe IDLE 5 PAWN_l.FNC
17:42:41	Cell to Host	Lathe BUSY 3
17:44:14	Cell to Host	Lathe IDLE 3
17:44:14	Cell to Host	Robot1 BUSY 3
17:44:20	Cell to Host	Robot1 IDLE 3
17:44:20	Cell to Host	Lathe BUSY 1
17:44:21	Cell to Host	Lathe IDLE 1
17:44:22	Cell to Host	Robot1 BUSY 6
17:44:33	Turning Queen	IDLE
17:44:34	Cell to Host	Robot1 IDLE 6
17:44:35	Cell to Host	IDLE QUEEN_L.SEQ
17:44:39	DoCommand BISHOP_L.SEQ
17:44:39	Turning BISHOP	Ready
17:44:40	Turning BISHOP	BUSY
17:44:40	Cell to Host	Ready BISHOP_L.SEQ
17:44:41	Cell to Host	BUSY BISHOP_L.SEQ
17:44:41	Cell to Host	Lathe BUSY 1
17:44:42	Cell to Host	Lathe IDLE 1
17:44:42	Cell to Host	Robot1 BUSY 1
17:44:53	Cell to Host	Robot1 IDLE 1
17:44:54	Cell to Host	Lathe BUSY 2
17:44:55	Cell to Host	Lathe IDLE 2
17:44:55	Cell to Host	Robot1 BUSY 2
17:44:59	Cell to Host	Robot1 IDLE 2
17:45:00	Cell to Host	Lathe BUSY 5 BISHOP_l.FNC
17:45:01	Cell to Host	Lathe IDLE 5 BISHOP_l.FNC
17:45:02	Cell to Host	Lathe BUSY 3
17:47:26	Cell to Host	Lathe IDLE 3
17:47:27	Cell to Host	Robot1 BUSY 3
17:47:31	Cell to Host	Robot1 IDLE 3
17:47:32	Cell to Host	Lathe BUSY 1
17:47:33	Cell to Host	Lathe IDLE 1
17:47:34	Cell to Host	Robot1 BUSY 4
17:47:45	Cell to Host	Robot1 IDLE 4
17:47:45	Cell to Host	Lathe BUSY 1
17:47:45	Cell to Host	Lathe IDLE 1
17:47:46	Cell to Host	Robot1 BUSY 5
17:47:57	Cell to Host	Robot1 IDLE 5
17:47:58	Cell to Host	Lathe BUSY 2
17:47:59	Cell to Host	Lathe IDLE 2
17:47:59	Cell to Host	Robot1 BUSY 2
17:48:03	Cell to Host	Robot1 IDLE 2
17:48:04	Cell to Host	Lathe BUSY 5 PAWN_l.FNC
17:48:05	Cell to Host	Lathe IDLE 5 PAWN_l.FNC
17:48:06	Cell to Host	Lathe BUSY 3
17:49:38	Cell to Host	Lathe IDLE 3
17:49:39	Cell to Host	Robot1 BUSY 3
17:49:43	Cell to Host	Robot1 IDLE 3
17:49:44	Cell to Host	Lathe BUSY 1
17:49:45	Cell to Host	Lathe IDLE 1
17:49:46	Cell to Host	Robot1 BUSY 6
17:49:58	Turning BISHOP	IDLE
17:49:58	Cell to Host	Robot1 IDLE 6
17:49:59	Cell to Host	IDLE BISHOP_L.SEQ
18:09:03	DoCommand KING_L.SEQ
18:09:03	Turning King	Ready
18:09:04	Turning King	BUSY
18:09:04	Cell to Host	Ready KING_L.SEQ
18:09:05	Cell to Host	BUSY KING_L.SEQ
18:09:05	Cell to Host	Lathe BUSY 1
18:09:06	Cell to Host	Lathe IDLE 1
18:09:07	Cell to Host	Robot1 BUSY 1
18:09:17	Cell to Host	Robot1 IDLE 1
18:09:18	Cell to Host	Lathe BUSY 2
18:09:19	Cell to Host	Lathe IDLE 2
18:09:20	Cell to Host	Robot1 BUSY 2
18:09:24	Cell to Host	Robot1 IDLE 2
18:09:24	Cell to Host	Lathe BUSY 5 KING_l.FNC
18:09:26	Cell to Host	Lathe IDLE 5 KING_l.FNC
18:09:26	Cell to Host	Lathe BUSY 3
18:11:59	Cell to Host	Lathe IDLE 3
18:12:00	Cell to Host	Robot1 BUSY 3
18:12:05	Cell to Host	Robot1 IDLE 3
18:12:05	Cell to Host	Lathe BUSY 1
18:12:06	Cell to Host	Lathe IDLE 1
18:12:07	Cell to Host	Robot1 BUSY 4
18:12:18	Cell to Host	Robot1 IDLE 4
18:12:18	Cell to Host	Lathe BUSY 1
18:12:19	Cell to Host	Lathe IDLE 1
18:12:19	Cell to Host	Robot1 BUSY 5
18:12:31	Cell to Host	Robot1 IDLE 5
18:12:31	Cell to Host	Lathe BUSY 2
18:12:32	Cell to Host	Lathe IDLE 2
18:12:33	Cell to Host	Robot1 BUSY 2
18:12:37	Cell to Host	Robot1 IDLE 2
18:12:38	Cell to Host	Lathe BUSY 5 PAWN_l.FNC
18:12:38	Cell to Host	Lathe IDLE 5 PAWN_l.FNC
18:12:39	Cell to Host	Lathe BUSY 3
18:14:11	Cell to Host	Lathe IDLE 3
18:14:12	Cell to Host	Robot1 BUSY 3
18:14:17	Cell to Host	Robot1 IDLE 3
18:14:18	Cell to Host	Lathe BUSY 1
18:14:19	Cell to Host	Lathe IDLE 1
18:14:19	Cell to Host	Robot1 BUSY 6
18:14:31	Turning King	IDLE
18:14:32	Cell to Host	Robot1 IDLE 6
18:14:32	Cell to Host	IDLE KING_L.SEQ
18:14:37	DoCommand QUEEN_L.SEQ
18:14:37	Turning Queen	Ready
18:14:37	Turning Queen	BUSY
18:14:38	Cell to Host	Ready QUEEN_L.SEQ
18:14:38	Cell to Host	BUSY QUEEN_L.SEQ
18:14:39	Cell to Host	Lathe BUSY 1
18:14:39	Cell to Host	Lathe IDLE 1
18:14:40	Cell to Host	Robot1 BUSY 1
18:14:51	Cell to Host	Robot1 IDLE 1
18:14:52	Cell to Host	Lathe BUSY 2
18:14:52	Cell to Host	Lathe IDLE 2
18:14:53	Cell to Host	Robot1 BUSY 2
18:14:57	Cell to Host	Robot1 IDLE 2
18:14:58	Cell to Host	Lathe BUSY 5 QUEEN_l.FNC
18:14:59	Cell to Host	Lathe IDLE 5 QUEEN_l.FNC
18:14:59	Cell to Host	Lathe BUSY 3
18:17:19	Cell to Host	Lathe IDLE 3
18:17:20	Cell to Host	Robot1 BUSY 3
18:17:25	Cell to Host	Robot1 IDLE 3
18:17:25	Cell to Host	Lathe BUSY 1
18:17:26	Cell to Host	Lathe IDLE 1
18:17:27	Cell to Host	Robot1 BUSY 4
18:17:38	Cell to Host	Robot1 IDLE 4
18:17:38	Cell to Host	Lathe BUSY 1
18:17:39	Cell to Host	Lathe IDLE 1
18:17:39	Cell to Host	Robot1 BUSY 5
18:17:51	Cell to Host	Robot1 IDLE 5
18:17:51	Cell to Host	Lathe BUSY 2
18:17:53	Cell to Host	Lathe IDLE 2
18:17:53	Cell to Host	Robot1 BUSY 2
18:17:57	Cell to Host	Robot1 IDLE 2
18:17:58	Cell to Host	Lathe BUSY 5 PAWN_l.FNC
18:17:59	Cell to Host	Lathe IDLE 5 PAWN_l.FNC
18:18:00	Cell to Host	Lathe BUSY 3
18:19:32	Cell to Host	Lathe IDLE 3
18:19:33	Cell to Host	Robot1 BUSY 3
18:19:38	Cell to Host	Robot1 IDLE 3
18:19:39	Cell to Host	Lathe BUSY 1
18:19:39	Cell to Host	Lathe IDLE 1
18:19:40	Cell to Host	Robot1 BUSY 6
18:19:52	Turning Queen	IDLE
18:19:52	Cell to Host	Robot1 IDLE 6
18:19:52	Cell to Host	IDLE QUEEN_L.SEQ
18:19:57	DoCommand BISHOP_L.SEQ
18:19:57	Turning BISHOP	Ready
18:19:58	Turning BISHOP	BUSY
18:19:58	Cell to Host	Ready BISHOP_L.SEQ
18:19:58	Cell to Host	BUSY BISHOP_L.SEQ
18:19:59	Cell to Host	Lathe BUSY 1
18:19:59	Cell to Host	Lathe IDLE 1
18:20:00	Cell to Host	Robot1 BUSY 1
18:20:12	Cell to Host	Robot1 IDLE 1
18:20:12	Cell to Host	Lathe BUSY 2
18:20:13	Cell to Host	Lathe IDLE 2
18:20:13	Cell to Host	Robot1 BUSY 2
18:20:17	Cell to Host	Robot1 IDLE 2
18:20:18	Cell to Host	Lathe BUSY 5 BISHOP_l.FNC
18:20:19	Cell to Host	Lathe IDLE 5 BISHOP_l.FNC
18:20:19	Cell to Host	Lathe BUSY 3
18:22:44	Cell to Host	Lathe IDLE 3
18:22:45	Cell to Host	Robot1 BUSY 3
18:22:50	Cell to Host	Robot1 IDLE 3
18:22:50	Cell to Host	Lathe BUSY 1
18:22:51	Cell to Host	Lathe IDLE 1
18:22:52	Cell to Host	Robot1 BUSY 4
18:23:03	Cell to Host	Robot1 IDLE 4
18:23:03	Cell to Host	Lathe BUSY 1
18:23:04	Cell to Host	Lathe IDLE 1
18:23:04	Cell to Host	Robot1 BUSY 5
18:23:16	Cell to Host	Robot1 IDLE 5
18:23:17	Cell to Host	Lathe BUSY 2
18:23:17	Cell to Host	Lathe IDLE 2
18:23:17	Cell to Host	Robot1 BUSY 2
18:23:22	Cell to Host	Robot1 IDLE 2
18:23:22	Cell to Host	Lathe BUSY 5 PAWN_l.FNC
18:23:23	Cell to Host	Lathe IDLE 5 PAWN_l.FNC
18:23:24	Cell to Host	Lathe BUSY 3
18:24:57	Cell to Host	Lathe IDLE 3
18:24:57	Cell to Host	Robot1 BUSY 3
18:25:02	Cell to Host	Robot1 IDLE 3
18:25:03	Cell to Host	Lathe BUSY 1
18:25:04	Cell to Host	Lathe IDLE 1
18:25:04	Cell to Host	Robot1 BUSY 6
18:25:16	Turning BISHOP	IDLE
18:25:17	Cell to Host	Robot1 IDLE 6
18:25:17	Cell to Host	IDLE BISHOP_L.SEQ
18:25:22	DoCommand KNIGHT_L.SEQ
18:25:22	Turning Knight	Ready
18:25:23	Turning Knight	BUSY
18:25:23	Cell to Host	Ready KNIGHT_L.SEQ
18:25:23	Cell to Host	BUSY KNIGHT_L.SEQ
18:25:24	Cell to Host	Lathe BUSY 1
18:25:24	Cell to Host	Lathe IDLE 1
18:25:25	Cell to Host	Robot1 BUSY 1
18:25:36	Cell to Host	Robot1 IDLE 1
18:25:37	Cell to Host	Lathe BUSY 2
18:25:38	Cell to Host	Lathe IDLE 2
18:25:39	Cell to Host	Robot1 BUSY 2
18:25:43	Cell to Host	Robot1 IDLE 2
18:25:43	Cell to Host	Lathe BUSY 5 KNIGHT_l.FNC
18:25:44	Cell to Host	Lathe IDLE 5 KNIGHT_l.FNC
18:25:45	Cell to Host	Lathe BUSY 3
18:27:56	Cell to Host	Lathe IDLE 3
18:27:57	Cell to Host	Robot1 BUSY 3
18:28:02	Cell to Host	Robot1 IDLE 3
18:28:02	Cell to Host	Lathe BUSY 1
18:28:03	Cell to Host	Lathe IDLE 1
18:28:04	Cell to Host	Robot1 BUSY 4
18:28:15	Cell to Host	Robot1 IDLE 4
18:28:15	Cell to Host	Lathe BUSY 1
18:28:16	Cell to Host	Lathe IDLE 1
18:28:16	Cell to Host	Robot1 BUSY 5
18:28:28	Cell to Host	Robot1 IDLE 5
18:28:29	Cell to Host	Lathe BUSY 2
18:28:29	Cell to Host	Lathe IDLE 2
18:28:29	Cell to Host	Robot1 BUSY 2
18:28:34	Cell to Host	Robot1 IDLE 2
18:28:34	Cell to Host	Lathe BUSY 5 PAWN_l.FNC
18:28:35	Cell to Host	Lathe IDLE 5 PAWN_l.FNC
18:28:36	Cell to Host	Lathe BUSY 3
18:30:08	Cell to Host	Lathe IDLE 3
18:30:09	Cell to Host	Robot1 BUSY 3
18:30:14	Cell to Host	Robot1 IDLE 3
18:30:15	Cell to Host	Lathe BUSY 1
18:30:16	Cell to Host	Lathe IDLE 1
18:30:16	Cell to Host	Robot1 BUSY 6
18:30:28	Turning Knight	IDLE
18:30:29	Cell to Host	Robot1 IDLE 6
18:30:30	Cell to Host	IDLE KNIGHT_L.SEQ
18:30:34	DoCommand ROOK_L.SEQ
18:30:34	Turning Rook	Ready
18:30:35	Turning Rook	BUSY
18:30:35	Cell to Host	Ready ROOK_L.SEQ
18:30:35	Cell to Host	BUSY ROOK_L.SEQ
18:30:36	Cell to Host	Lathe BUSY 1
18:30:36	Cell to Host	Lathe IDLE 1
18:30:37	Cell to Host	Robot1 BUSY 1
18:30:48	Cell to Host	Robot1 IDLE 1
18:30:49	Cell to Host	Lathe BUSY 2
18:30:50	Cell to Host	Lathe IDLE 2
18:30:51	Cell to Host	Robot1 BUSY 2
18:30:55	Cell to Host	Robot1 IDLE 2
18:30:56	Cell to Host	Lathe BUSY 5 ROOK_l.FNC
18:30:56	Cell to Host	Lathe IDLE 5 ROOK_l.FNC
18:30:56	Cell to Host	Lathe BUSY 3
18:32:45	Cell to Host	Lathe IDLE 3
18:32:45	Cell to Host	Robot1 BUSY 3
18:32:50	Cell to Host	Robot1 IDLE 3
18:32:51	Cell to Host	Lathe BUSY 1
18:32:52	Cell to Host	Lathe IDLE 1
18:32:52	Cell to Host	Robot1 BUSY 4
18:33:03	Cell to Host	Robot1 IDLE 4
18:33:04	Cell to Host	Lathe BUSY 1
18:33:04	Cell to Host	Lathe IDLE 1
18:33:05	Cell to Host	Robot1 BUSY 5
18:33:16	Cell to Host	Robot1 IDLE 5
18:33:17	Cell to Host	Lathe BUSY 2
18:33:18	Cell to Host	Lathe IDLE 2
18:33:19	Cell to Host	Robot1 BUSY 2
18:33:23	Cell to Host	Robot1 IDLE 2
18:33:24	Cell to Host	Lathe BUSY 5 PAWN_l.FNC
18:33:24	Cell to Host	Lathe IDLE 5 PAWN_l.FNC
18:33:24	Cell to Host	Lathe BUSY 3
18:34:57	Cell to Host	Lathe IDLE 3
18:34:58	Cell to Host	Robot1 BUSY 3
18:35:03	Cell to Host	Robot1 IDLE 3
18:35:03	Cell to Host	Lathe BUSY 1
18:35:04	Cell to Host	Lathe IDLE 1
18:35:05	Cell to Host	Robot1 BUSY 6
18:35:17	Turning Rook	IDLE
18:35:17	Cell to Host	Robot1 IDLE 6
18:35:18	Cell to Host	IDLE ROOK_L.SEQ
18:40:56	Disconnect
18:54:42	Disconnect
18:57:47	DoCommand KING_L.SEQ
18:57:47	Turning King	Ready
18:57:47	Turning King	BUSY
18:57:48	Cell to Host	Ready KING_L.SEQ
18:57:49	Cell to Host	BUSY KING_L.SEQ
18:57:49	Cell to Host	Lathe BUSY 1
18:57:49	Cell to Host	Lathe IDLE 1
18:57:50	Cell to Host	Robot1 BUSY 1
18:58:01	Cell to Host	Robot1 IDLE 1
18:58:01	Cell to Host	Lathe BUSY 2
18:58:02	Cell to Host	Lathe IDLE 2
18:58:03	Cell to Host	Robot1 BUSY 2
18:58:07	Cell to Host	Robot1 IDLE 2
18:58:08	Cell to Host	Lathe BUSY 5 KING_l.FNC
18:58:09	Cell to Host	Lathe IDLE 5 KING_l.FNC
18:58:09	Cell to Host	Lathe BUSY 3
19:00:42	Cell to Host	Lathe IDLE 3
19:00:43	Cell to Host	Robot1 BUSY 3
19:00:48	Cell to Host	Robot1 IDLE 3
19:00:49	Cell to Host	Lathe BUSY 1
19:00:50	Cell to Host	Lathe IDLE 1
19:00:50	Cell to Host	Robot1 BUSY 4
19:01:01	Cell to Host	Robot1 IDLE 4
19:01:02	Cell to Host	Lathe BUSY 1
19:01:02	Cell to Host	Lathe IDLE 1
19:01:02	Cell to Host	Robot1 BUSY 5
19:01:14	Cell to Host	Robot1 IDLE 5
19:01:15	Cell to Host	Lathe BUSY 2
19:01:15	Cell to Host	Lathe IDLE 2
19:01:16	Cell to Host	Robot1 BUSY 2
19:01:20	Cell to Host	Robot1 IDLE 2
19:01:21	Cell to Host	Lathe BUSY 5 PAWN_l.FNC
19:01:22	Cell to Host	Lathe IDLE 5 PAWN_l.FNC
19:01:22	Cell to Host	Lathe BUSY 3
19:02:55	Cell to Host	Lathe IDLE 3
19:02:55	Cell to Host	Robot1 BUSY 3
19:03:00	Cell to Host	Robot1 IDLE 3
19:03:01	Cell to Host	Lathe BUSY 1
19:03:02	Cell to Host	Lathe IDLE 1
19:03:03	Cell to Host	Robot1 BUSY 6
19:03:14	Turning King	IDLE
19:03:15	Cell to Host	Robot1 IDLE 6
19:03:16	Cell to Host	IDLE KING_L.SEQ
19:03:22	DoCommand QUEEN_L.SEQ
19:03:22	Turning Queen	Ready
19:03:22	Turning Queen	BUSY
19:03:23	Cell to Host	Ready QUEEN_L.SEQ
19:03:23	Cell to Host	BUSY QUEEN_L.SEQ
19:03:23	Cell to Host	Lathe BUSY 1
19:03:24	Cell to Host	Lathe IDLE 1
19:03:25	Cell to Host	Robot1 BUSY 1
19:03:36	Cell to Host	Robot1 IDLE 1
19:03:36	Cell to Host	Lathe BUSY 2
19:03:37	Cell to Host	Lathe IDLE 2
19:03:38	Cell to Host	Robot1 BUSY 2
19:03:43	Cell to Host	Robot1 IDLE 2
19:03:43	Cell to Host	Lathe BUSY 5 QUEEN_l.FNC
19:03:44	Cell to Host	Lathe IDLE 5 QUEEN_l.FNC
19:03:45	Cell to Host	Lathe BUSY 3
19:06:05	Cell to Host	Lathe IDLE 3
19:06:06	Cell to Host	Robot1 BUSY 3
19:06:11	Cell to Host	Robot1 IDLE 3
19:06:11	Cell to Host	Lathe BUSY 1
19:06:12	Cell to Host	Lathe IDLE 1
19:06:13	Cell to Host	Robot1 BUSY 4
19:06:24	Cell to Host	Robot1 IDLE 4
19:06:24	Cell to Host	Lathe BUSY 1
19:06:24	Cell to Host	Lathe IDLE 1
19:06:25	Cell to Host	Robot1 BUSY 5
19:06:37	Cell to Host	Robot1 IDLE 5
19:06:37	Cell to Host	Lathe BUSY 2
19:06:38	Cell to Host	Lathe IDLE 2
19:06:39	Cell to Host	Robot1 BUSY 2
19:06:43	Cell to Host	Robot1 IDLE 2
19:0