18:05:2005
16:02:54	BUSY 1
16:03:00	IDLE
16:03:27	BUSY 2
16:03:27	IDLE 2
16:03:31	BUSY 1
16:04:04	IDLE 1
16:05:18	BUSY 2
16:05:19	IDLE 2
16:05:21	BUSY 1
16:05:22	IDLE 1
16:05:26	BUSY 5 C:\CIM\CELL1\TEST_L.FNC
16:05:26	IDLE 5 C:\CIM\CELL1\TEST_L.FNC
16:05:29	BUSY 3
16:05:36	IDLE 3
16:05:47	BUSY 1
16:05:47	IDLE 1
16:06:00	BUSY 2
16:06:01	IDLE 2
16:06:07	BUSY 5 TEST_l.FNC
16:06:07	IDLE 5 TEST_l.FNC
16:06:07	BUSY 3
16:06:17	IDLE 3
16:06:24	BUSY 1
16:06:25	IDLE 1
16:06:38	BUSY 1
16:06:38	IDLE 1
16:06:51	BUSY 2
16:06:53	IDLE 2
16:06:59	BUSY 5 TEST_l.FNC
16:06:59	IDLE 5 TEST_l.FNC
16:06:59	BUSY 3
16:07:09	IDLE 3
16:07:16	BUSY 1
16:07:17	IDLE 1
16:07:43	BUSY 1
16:07:43	IDLE 1
16:07:56	BUSY 2
16:07:57	IDLE 2
16:08:03	BUSY 5 ROOK_l.FNC
16:08:04	IDLE 5 ROOK_l.FNC
16:08:04	BUSY 3
16:09:53	IDLE 3
16:10:00	BUSY 1
16:10:01	IDLE 1
16:10:14	BUSY 1
16:10:14	IDLE 1
16:10:27	BUSY 2
16:10:28	IDLE 2
16:10:34	BUSY 5 PAWN_l.FNC
16:10:35	IDLE 5 PAWN_l.FNC
16:10:35	BUSY 3
16:12:08	IDLE 3
16:12:15	BUSY 1
16:12:16	IDLE 1
18:05:2005
16:18:35	BUSY 1
16:18:35	IDLE 1
16:18:48	BUSY 2
16:18:48	IDLE 2
16:18:54	BUSY 5 ROOK_l.FNC
16:18:55	IDLE 5 ROOK_l.FNC
16:18:55	BUSY 3
16:20:44	IDLE 3
16:20:50	BUSY 1
16:20:51	IDLE 1
16:21:03	BUSY 1
16:21:03	IDLE 1
16:21:16	BUSY 2
16:21:16	IDLE 2
16:21:22	BUSY 5 PAWN_l.FNC
16:21:23	IDLE 5 PAWN_l.FNC
16:21:23	BUSY 3
16:22:56	IDLE 3
16:23:02	BUSY 1
16:23:03	IDLE 1
16:23:22	BUSY 1
16:23:22	IDLE 1
16:23:35	BUSY 2
16:23:36	IDLE 2
16:23:41	BUSY 5 ROOK_l.FNC
16:23:42	IDLE 5 ROOK_l.FNC
16:23:43	BUSY 3
16:25:31	IDLE 3
16:25:37	BUSY 1
16:25:39	IDLE 1
16:25:50	BUSY 1
16:25:50	IDLE 1
16:26:03	BUSY 2
16:26:04	IDLE 2
16:26:09	BUSY 5 PAWN_l.FNC
16:26:10	IDLE 5 PAWN_l.FNC
16:26:11	BUSY 3
16:27:43	IDLE 3
16:27:50	BUSY 1
16:27:51	IDLE 1
18:05:2005
18:44:12	BUSY 1
18:44:13	IDLE 1
18:44:17	BUSY 2
18:44:18	IDLE 2
18:44:43	BUSY 5 C:\CIM\CELL1\TEST_L.FNC
18:44:44	IDLE 5 C:\CIM\CELL1\TEST_L.FNC
18:44:49	BUSY 3
18:44:57	IDLE 3
19:02:31	BUSY 1
19:02:33	IDLE 1
19:02:46	BUSY 2
19:02:47	IDLE 2
19:02:52	BUSY 5 ROOK_l.FNC
19:02:53	IDLE 5 ROOK_l.FNC
19:02:53	BUSY 3
19:07:30	IDLE
18:05:2005
21:50:18	BUSY 1
21:50:20	IDLE 1
21:51:48	BUSY 2
21:52:51	IDLE 2
21:57:07	BUSY 1
21:57:07	IDLE 1
21:57:12	BUSY 2
21:57:13	IDLE 2
21:57:21	BUSY 5 C:\CIM\CELL1\TEST_L.FNC
21:57:21	IDLE 5 C:\CIM\CELL1\TEST_L.FNC
21:57:25	BUSY 3
21:57:32	IDLE 3
22:20:24	BUSY 3
22:20:48	IDLE
22:20:51	BUSY 1
22:20:52	IDLE 1
22:20:55	BUSY 2
22:20:56	IDLE 2
22:20:59	BUSY 3
22:21:38	IDLE
22:21:46	BUSY 5 C:\CIM\CELL1\TEST_L.FNC
22:21:46	IDLE 5 C:\CIM\CELL1\TEST_L.FNC
22:21:46	BUSY
22:21:54	IDLE
22:22:05	BUSY 3
22:22:16	IDLE
22:22:23	BUSY 3
22:22:54	IDLE
22:22:58	BUSY 1
22:23:00	IDLE 1
22:23:03	BUSY 2
22:23:04	IDLE 2
22:23:12	BUSY 3
22:24:08	IDLE
22:24:28	BUSY 1
22:24:29	IDLE 1
19:05:2005
 8:55:38	BUSY 1
 8:55:39	IDLE 1
 8:55:40	BUSY 2
 8:55:42	IDLE 2
 8:55:46	BUSY 5 C:\CIM\CELL1\TEST_L.FNC
 8:55:46	IDLE 5 C:\CIM\CELL1\TEST_L.FNC
 8:55:54	BUSY 3
 8:56:01	IDLE 3
19:05:2005
11:12:35	BUSY 1
11:12:50	IDLE
11:12:54	BUSY 2
11:12:54	IDLE 2
11:13:39	BUSY 1
11:13:44	IDLE
11:14:10	BUSY 5 C:\CIM\CELL1\TEST_L.FNC
11:14:10	IDLE 5 C:\CIM\CELL1\TEST_L.FNC
11:14:13	BUSY 3
11:14:23	IDLE 3
11:18:06	BUSY 5 C:\CIM\CELL1\TEST_L.FNC
11:18:06	IDLE 5 C:\CIM\CELL1\TEST_L.FNC
11:18:09	BUSY 3
11:18:19	IDLE 3
11:18:22	BUSY 1
11:18:27	IDLE
11:18:31	BUSY 2
11:18:31	IDLE 2
11:18:36	BUSY 1
11:18:40	IDLE
11:18:43	BUSY 2
11:18:43	IDLE 2
11:30:53	BUSY 1
11:30:54	IDLE 1
11:31:01	BUSY 2
11:31:02	IDLE 2
11:31:07	BUSY 1
11:31:08	IDLE 1
11:31:12	BUSY 2
11:31:13	IDLE 2
11:31:17	BUSY 1
11:31:18	IDLE 1
11:31:23	BUSY 2
11:31:24	IDLE 2
11:31:28	BUSY 1
11:31:28	IDLE 1
11:31:31	BUSY 2
11:31:32	IDLE 2
11:31:34	BUSY 1
11:31:35	IDLE 1
14:17:20	BUSY 2
14:17:21	IDLE 2
14:17:23	BUSY 1
14:17:24	IDLE 1
14:17:26	BUSY 2
14:17:27	IDLE 2
14:17:31	BUSY 5 C:\CIM\CELL1\TEST_L.FNC
14:17:31	IDLE 5 C:\CIM\CELL1\TEST_L.FNC
14:17:34	BUSY 3
14:20:43	IDLE
14:21:00	BUSY 1
14:21:05	IDLE
14:21:27	BUSY 2
14:21:28	IDLE 2
14:21:30	BUSY 1
120:05:2005
10:01:18	BUSY 5 C:\CIM\CELL1\TEST_L.FNC
10:01:18	IDLE 5 C:\CIM\CELL1\TEST_L.FNC
10:01:21	BUSY 1
10:01:22	IDLE 1
10:01:25	BUSY 2
10:01:26	IDLE 2
10:01:29	BUSY 3
10:01:37	IDLE 3
10:10:57	BUSY 1
10:10:58	IDLE 1
10:11:11	BUSY 2
10:11:12	IDLE 2
10:11:17	BUSY 5 KING_l.FNC
10:11:18	IDLE 5 KING_l.FNC
10:11:18	BUSY 3
10:13:50	IDLE 3
10:17:27	BUSY 1
10:17:28	IDLE 1
10:17:40	BUSY 2
10:17:42	IDLE 2
10:17:47	BUSY 5 KING_l.FNC
10:17:48	IDLE 5 KING_l.FNC
10:17:49	BUSY 3
10:20:22	IDLE 3
10:20:28	BUSY 1
10:20:29	IDLE 1
10:20:41	BUSY 1
10:20:41	IDLE 1
10:20:54	BUSY 2
10:20:55	IDLE 2
10:21:00	BUSY 5 PAWN_l.FNC
10:21:28	ERROR RS232 Download aborted
10:21:31	IDLE
10:21:31	BUSY 5 PAWN_l.FNC
10:21:37	ERROR RS232 Download aborted
10:21:39	IDLE
10:21:40	BUSY 5 PAWN_l.FNC
10:21:44	ERROR RS232 Download aborted
10:21:46	IDLE
10:21:46	BUSY 5 PAWN_l.FNC
10:22:01	ERROR RS232 Download aborted
10:22:02	IDLE
10:22:12	BUSY 5 C:\CIM\CELL1\PAWN_L.FNC
10:22:16	ERROR RS232 Download aborted
10:22:18	IDLE
10:22:20	BUSY 3
10:28:30	IDLE
10:29:05	BUSY 5 C:\CIM\CELL1\TEST_L.FNC
10:29:05	IDLE 5 C:\CIM\CELL1\TEST_L.FNC
10:29:08	BUSY 3
10:29:18	IDLE 3
10:29:22	BUSY 1
10:29:32	IDLE
10:29:35	BUSY 2
10:29:35	IDLE 2
10:29:51	BUSY 1
10:29:54	IDLE
10:29:59	BUSY 2
10:29:59	IDLE 2
10:30:08	BUSY 1
10:30:17	IDLE
10:30:24	BUSY 1
10:30:42	IDLE
10:30:49	BUSY 2
10:30:49	IDLE 2
10:30:53	BUSY 1
10:30:59	IDLE
10:31:02	BUSY 2
10:31:02	IDLE 2
10:33:46	BUSY 1
10:33:47	IDLE 1
10:33:50	BUSY 2
10:33:50	IDLE 2
10:33:53	BUSY 1
10:33:54	IDLE 1
10:33:56	BUSY 2
10:33:57	IDLE 2
10:36:00	BUSY 1
10:36:01	IDLE 1
10:36:03	BUSY 2
10:36:04	IDLE 2
10:36:07	BUSY 5 C:\CIM\CELL1\TEST_L.FNC
10:36:07	IDLE 5 C:\CIM\CELL1\TEST_L.FNC
10:36:11	BUSY 3
10:36:18	IDLE 3
10:42:13	BUSY 1
10:42:14	IDLE 1
10:42:27	BUSY 2
10:42:28	IDLE 2
10:42:34	BUSY 5 KING_l.FNC
10:42:35	IDLE 5 KING_l.FNC
10:42:35	BUSY 3
10:44:50	IDLE
10:45:29	BUSY 1
10:45:38	IDLE
10:45:41	BUSY 2
10:45:41	IDLE 2
10:45:46	BUSY 1
10:45:57	IDLE
10:46:10	BUSY 1
10:46:18	IDLE
10:46:20	BUSY 1
10:46:35	IDLE
10:47:03	BUSY 1
10:47:21	IDLE
10:47:45	BUSY 1
10:47:51	IDLE
10:47:54	BUSY 1
10:48:03	IDLE
10:52:01	BUSY 1
10:52:09	IDLE
10:53:42	BUSY 1
10:53:47	IDLE
10:53:49	BUSY 2
10:53:49	IDLE 2
10:57:18	BUSY 1
10:57:21	IDLE
11:00:30	BUSY 5 C:\CIM\CELL1\TEST_L.FNC
11:00:30	IDLE 5 C:\CIM\CELL1\TEST_L.FNC
11:00:33	BUSY 3
11:00:41	IDLE 3
11:00:47	BUSY 1
11:01:12	IDLE
11:01:17	BUSY 2
11:01:17	IDLE 2
11:01:29	BUSY 1
11:01:32	IDLE
11:01:38	BUSY 2
11:01:38	IDLE 2
11:01:56	BUSY 1
11:02:10	IDLE
11:02:16	BUSY 1
11:03:40	IDLE
11:08:48	BUSY 5 C:\CIM\CELL1\TEST_L.FNC
11:08:48	IDLE 5 C:\CIM\CELL1\TEST_L.FNC
11:08:52	BUSY 3
11:09:02	IDLE 3
11:09:10	BUSY 1
11:09:15	IDLE
11:09:18	BUSY 2
11:09:18	IDLE 2
11:09:25	BUSY 1
11:09:28	IDLE
11:16:17	BUSY 1
11:16:31	IDLE
11:16:34	BUSY 2
11:16:34	IDLE 2
11:31:19	BUSY 1
11:31:41	IDLE
11:31:47	BUSY 2
11:31:47	IDLE 2
11:35:30	BUSY
11:35:52	IDLE
11:48:47	BUSY 1
11:48:58	IDLE
11:49:02	BUSY 2
11:49:02	IDLE 2
11:49:14	BUSY 1
11:49:23	IDLE
11:49:28	BUSY 2
11:49:28	IDLE 2
12:00:32	BUSY
12:01:02	IDLE
12:07:55	BUSY
12:08:03	IDLE
12:09:21	BUSY
12:09:27	IDLE
12:12:20	BUSY
12:12:32	IDLE
12:18:03	BUSY
12:18:08	IDLE
12:20:26	BUSY 1
12:20:27	IDLE 1
12:20:31	BUSY 2
12:20:32	IDLE 2
13:10:48	BUSY 1
13:10:49	IDLE 1
13:10:51	BUSY 2
13:10:52	IDLE 2
13:10:56	BUSY 5 C:\CIM\CELL1\TEST_L.FNC
13:10:56	IDLE 5 C:\CIM\CELL1\TEST_L.FNC
13:10:59	BUSY 3
13:11:06	IDLE 3
13:13:16	BUSY
13:13:24	IDLE
13:14:32	BUSY 1
13:14:33	IDLE 1
13:14:36	BUSY 2
13:14:37	IDLE 2
13:14:40	BUSY 1
13:14:41	IDLE 1
13:14:43	BUSY 2
13:14:45	IDLE 2
13:14:48	BUSY 5 C:\CIM\CELL1\TEST_L.FNC
13:14:49	IDLE 5 C:\CIM\CELL1\TEST_L.FNC
13:14:50	BUSY 3
13:15:00	IDLE 3
13:24:36	BUSY 1
13:24:37	IDLE 1
13:24:50	BUSY 2
13:24:51	IDLE 2
13:24:57	BUSY 5 KING_l.FNC
13:24:58	IDLE 5 KING_l.FNC
13:24:59	BUSY 3
13:27:31	IDLE 3
13:27:37	BUSY 1
13:27:38	IDLE 1
13:27:50	BUSY 1
13:27:50	IDLE 1
13:28:03	BUSY 2
13:28:03	IDLE 2
13:28:09	BUSY 5 PAWN_l.FNC
13:28:10	IDLE 5 PAWN_l.FNC
13:33:55	ERROR Could not obtain interlock 2
13:33:57	IDLE
13:34:13	BUSY 1
13:34:16	IDLE
13:34:18	BUSY 2
13:34:18	IDLE 2
13:34:45	BUSY 5 C:\CIM\CELL1\TEST_L.FNC
13:34:45	IDLE 5 C:\CIM\CELL1\TEST_L.FNC
13:34:48	BUSY 3
13:34:57	IDLE 3
13:35:46	BUSY
13:35:51	IDLE
13:36:37	BUSY 1
13:36:40	IDLE
13:36:42	BUSY 2
13:36:42	IDLE 2
13:40:22	BUSY 1
13:40:23	IDLE 1
13:40:27	BUSY 2
13:40:28	IDLE 2
13:40:32	BUSY 5 C:\CIM\CELL1\TEST_L.FNC
13:40:32	IDLE 5 C:\CIM\CELL1\TEST_L.FNC
13:40:33	BUSY 3
13:40:41	IDLE 3
13:42:09	BUSY 1
13:42:10	IDLE 1
13:42:23	BUSY 2
13:42:24	IDLE 2
13:42:29	BUSY 5 KING_l.FNC
13:42:31	IDLE 5 KING_l.FNC
13:42:31	BUSY 3
13:45:39	IDLE
14:18:42	BUSY
14:18:49	IDLE
14:21:10	BUSY
14:21:16	IDLE
14:40:14	BUSY
14:40:19	IDLE
14:58:36	BUSY
14:58:45	IDLE
15:11:38	BUSY
15:11:56	IDLE
15:15:19	BUSY
15:15:28	IDLE
15:17:03	BUSY 1
15:17:04	IDLE 1
15:17:07	BUSY 2
15:17:08	IDLE 2
15:17:12	BUSY 1
15:17:13	IDLE 1
15:17:15	BUSY 2
15:17:16	IDLE 2
15:17:47	BUSY 1
15:17:47	IDLE 1
15:17:51	BUSY 2
15:17:52	IDLE 2
15:17:57	BUSY 1
15:17:58	IDLE 1
15:18:00	BUSY 2
15:18:01	IDLE 2
15:18:09	BUSY 1
15:18:09	IDLE 1
15:18:18	BUSY 2
15:18:19	IDLE 2
15:19:23	BUSY 5 C:\CIM\CELL1\TEST_L.FNC
15:19:23	IDLE 5 C:\CIM\CELL1\TEST_L.FNC
15:19:25	BUSY 3
15:19:33	IDLE 3
20:05:2005
15:26:49	BUSY 1
15:26:53	IDLE
15:29:18	BUSY 2
15:29:19	IDLE 2
15:29:21	BUSY 1
15:29:23	IDLE 1
15:29:24	BUSY 2
15:29:26	IDLE 2
15:29:29	BUSY 5 C:\CIM\CELL1\TEST_L.FNC
15:29:29	IDLE 5 C:\CIM\CELL1\TEST_L.FNC
15:29:32	BUSY 3
15:29:40	IDLE 3
15:34:32	BUSY 1
15:34:33	IDLE 1
15:34:46	BUSY 2
15:34:47	IDLE 2
15:34:52	BUSY 5 KING_l.FNC
15:34:53	IDLE 5 KING_l.FNC
15:34:54	BUSY 3
15:44:46	IDLE 3
15:45:20	BUSY 1
15:45:21	IDLE 1
15:45:23	BUSY 2
15:45:24	IDLE 2
15:45:28	BUSY 5 C:\CIM\CELL1\TEST_L.FNC
15:45:28	IDLE 5 C:\CIM\CELL1\TEST_L.FNC
15:45:31	BUSY 3
15:45:40	IDLE 3
15:45:59	BUSY 1
15:46:00	IDLE 1
15:46:13	BUSY 2
15:46:15	IDLE 2
15:46:20	BUSY 5 TEST_l.FNC
15:46:20	IDLE 5 TEST_l.FNC
15:46:20	BUSY 3
15:46:30	IDLE 3
15:46:36	BUSY 1
15:46:38	IDLE 1
15:46:50	BUSY 1
15:46:50	IDLE 1
15:47:03	BUSY 2
15:47:03	IDLE 2
15:47:09	BUSY 5 TEST_l.FNC
15:47:09	IDLE 5 TEST_l.FNC
15:47:09	BUSY 3
15:47:19	IDLE 3
15:47:25	BUSY 1
15:47:26	IDLE 1
15:50:05	BUSY 1
15:50:05	IDLE 1
15:50:18	BUSY 2
15:50:18	IDLE 2
15:50:24	BUSY 5 KING_l.FNC
15:50:25	IDLE 5 KING_l.FNC
15:50:26	BUSY 3
15:52:58	IDLE 3
15:53:04	BUSY 1
15:53:05	IDLE 1
15:53:17	BUSY 1
15:53:17	IDLE 1
15:53:30	BUSY 2
15:53:30	IDLE 2
15:53:36	BUSY 5 PAWN_l.FNC
15:53:37	IDLE 5 PAWN_l.FNC
15:53:37	BUSY 3
15:55:10	IDLE 3
15:55:16	BUSY 1
15:55:17	IDLE 1
15:55:38	BUSY 1
15:55:38	IDLE 1
15:55:51	BUSY 2
15:55:52	IDLE 2
15:55:58	BUSY 5 QUEEN_l.FNC
15:55:59	IDLE 5 QUEEN_l.FNC
15:55:59	BUSY 3
15:58:19	IDLE 3
16:02:32	BUSY 1
16:02:33	IDLE 1
16:02:36	BUSY 2
16:02:37	IDLE 2
16:02:40	BUSY 5 C:\CIM\CELL1\TEST_L.FNC
16:02:40	IDLE 5 C:\CIM\CELL1\TEST_L.FNC
16:02:42	BUSY 3
16:02:52	IDLE 3
16:03:06	BUSY 1
16:03:07	IDLE 1
16:03:19	BUSY 2
16:03:21	IDLE 2
16:03:26	BUSY 5 TEST_l.FNC
16:03:26	IDLE 5 TEST_l.FNC
16:03:26	BUSY 3
16:05:05	IDLE
16:05:45	BUSY 1
16:05:46	IDLE 1
16:05:48	BUSY 2
16:05:49	IDLE 2
16:05:53	BUSY 5 C:\CIM\CELL1\TEST_L.FNC
16:05:53	IDLE 5 C:\CIM\CELL1\TEST_L.FNC
16:05:57	BUSY 3
16:11:09	IDLE
16:12:45	BUSY 1
16:12:46	IDLE 1
16:12:48	BUSY 2
16:12:49	IDLE 2
16:12:54	BUSY 5 C:\CIM\CELL1\TEST_L.FNC
16:12:54	IDLE 5 C:\CIM\CELL1\TEST_L.FNC
16:12:57	BUSY 3
16:13:04	IDLE 3
16:13:19	BUSY 1
16:13:20	IDLE 1
16:13:33	BUSY 2
16:13:34	IDLE 2
16:13:39	BUSY 5 TEST_l.FNC
16:13:39	IDLE 5 TEST_l.FNC
16:13:39	BUSY 3
16:13:49	IDLE 3
16:13:55	BUSY 1
16:13:56	IDLE 1
16:14:08	BUSY 1
16:14:08	IDLE 1
16:14:21	BUSY 2
16:14:22	IDLE 2
16:14:27	BUSY 5 TEST_l.FNC
16:14:27	IDLE 5 TEST_l.FNC
16:14:28	BUSY 3
16:14:37	IDLE 3
16:14:43	BUSY 1
16:14:44	IDLE 1
16:18:58	BUSY 1
16:18:58	IDLE 1
16:19:11	BUSY 2
16:19:12	IDLE 2
16:19:17	BUSY 5 TEST_l.FNC
16:19:17	IDLE 5 TEST_l.FNC
16:19:18	BUSY 3
16:19:28	IDLE 3
16:19:34	BUSY 1
16:19:35	IDLE 1
16:19:47	BUSY 1
16:19:47	IDLE 1
16:20:00	BUSY 2
16:20:01	IDLE 2
16:20:06	BUSY 5 TEST_l.FNC
16:20:06	IDLE 5 TEST_l.FNC
16:20:06	BUSY 3
16:20:16	IDLE 3
16:20:22	BUSY 1
16:20:23	IDLE 1
16:23:55	BUSY 1
16:23:55	IDLE 1
16:24:08	BUSY 2
16:24:09	IDLE 2
16:24:14	BUSY 5 QUEEN_l.FNC
16:24:15	IDLE 5 QUEEN_l.FNC
16:24:15	BUSY 3
16:26:35	IDLE 3
16:26:42	BUSY 1
16:26:43	IDLE 1
16:26:55	BUSY 1
16:26:55	IDLE 1
16:27:08	BUSY 2
16:27:08	IDLE 2
16:27:14	BUSY 5 PAWN_l.FNC
16:27:14	IDLE 5 PAWN_l.FNC
16:27:15	BUSY 3
16:28:48	IDLE 3
16:28:54	BUSY 1
16:28:55	IDLE 1
16:29:15	BUSY 1
16:29:15	IDLE 1
16:29:28	BUSY 2
16:29:28	IDLE 2
16:29:34	BUSY 5 KNIGHT_l.FNC
16:29:35	IDLE 5 KNIGHT_l.FNC
16:29:35	BUSY 3
16:31:47	IDLE 3
16:31:53	BUSY 1
16:31:54	IDLE 1
16:32:06	BUSY 1
16:32:06	IDLE 1
16:32:19	BUSY 2
16:32:20	IDLE 2
16:32:25	BUSY 5 PAWN_l.FNC
16:32:26	IDLE 5 PAWN_l.FNC
16:32:26	BUSY 3
16:47:23	IDLE 3
16:54:12	BUSY 1
16:54:15	IDLE
16:54:17	BUSY 2
16:54:17	IDLE 2
16:54:32	BUSY 5 C:\CIM\CELL1\TEST_L.FNC
16:54:32	IDLE 5 C:\CIM\CELL1\TEST_L.FNC
16:54:34	BUSY 3
16:54:42	IDLE 3
16:54:47	BUSY 1
16:54:50	IDLE
16:54:52	BUSY 2
16:54:52	IDLE 2
16:55:35	BUSY 1
16:55:41	IDLE
16:55:45	BUSY 1
16:55:47	IDLE
16:57:05	BUSY 1
16:57:10	IDLE
20:05:2005
16:58:12	BUSY 1
16:58:18	IDLE
16:58:34	BUSY 2
16:58:34	IDLE 2
16:58:37	BUSY 1
16:58:40	IDLE
17:01:10	BUSY 2
17:01:10	IDLE 2
17:01:13	BUSY 1
17:01:14	IDLE 1
17:01:17	BUSY 2
17:01:18	IDLE 2
17:01:44	BUSY 1
17:01:45	IDLE 1
17:01:47	BUSY 2
17:01:48	IDLE 2
17:01:57	BUSY 1
17:01:59	IDLE 1
17:03:16	BUSY 1
17:03:16	IDLE 1
17:03:29	BUSY 2
17:03:29	IDLE 2
17:03:35	BUSY 5 TEST_l.FNC
17:03:35	IDLE 5 TEST_l.FNC
17:03:35	BUSY 3
17:03:45	IDLE 3
17:03:51	BUSY 1
17:03:52	IDLE 1
17:04:04	BUSY 1
17:04:04	IDLE 1
17:04:17	BUSY 2
17:04:17	IDLE 2
17:04:23	BUSY 5 TEST_l.FNC
17:04:23	IDLE 5 TEST_l.FNC
17:04:23	BUSY 3
17:04:33	IDLE 3
17:04:39	BUSY 1
17:04:40	IDLE 1
17:06:50	BUSY 2
17:06:51	IDLE 2
17:06:53	BUSY 1
17:06:54	IDLE 1
17:10:00	BUSY 1
17:10:00	IDLE 1
17:10:13	BUSY 2
17:10:13	IDLE 2
17:10:19	BUSY 5 QUEEN_l.FNC
17:10:20	IDLE 5 QUEEN_l.FNC
17:10:20	BUSY 3
17:12:40	IDLE 3
17:12:46	BUSY 1
17:12:47	IDLE 1
17:12:59	BUSY 1
17:12:59	IDLE 1
17:13:12	BUSY 2
17:13:12	IDLE 2
17:13:18	BUSY 5 PAWN_l.FNC
17:13:37	ERROR RS232 Download aborted
17:13:39	IDLE
17:13:40	BUSY 5 PAWN_l.FNC
17:13:44	ERROR RS232 Download aborted
17:13:47	IDLE
17:13:47	BUSY 5 PAWN_l.FNC
17:13:53	ERROR RS232 Download aborted
17:14:00	IDLE
17:14:00	BUSY 5 PAWN_l.FNC
17:14:06	ERROR RS232 Download aborted
17:14:08	IDLE
17:14:08	BUSY 5 PAWN_l.FNC
17:14:21	ERROR RS232 Download aborted
17:14:23	IDLE
17:14:24	BUSY 5 PAWN_l.FNC
17:14:58	ERROR RS232 Download aborted
17:15:00	IDLE
17:15:05	BUSY 5 C:\CIM\CELL1\TEST_L.FNC
17:15:09	ERROR RS232 Download aborted
17:15:10	IDLE
17:15:12	BUSY 3
17:16:45	IDLE 3
17:16:46	BUSY 5 PAWN_l.FNC
17:16:47	IDLE 5 PAWN_l.FNC
17:16:47	BUSY 3
17:18:20	IDLE 3
17:18:26	BUSY 1
17:18:27	IDLE 1
17:29:03	BUSY 1
17:29:03	IDLE 1
17:29:16	BUSY 2
17:29:17	IDLE 2
17:29:22	BUSY 5 TEST_l.FNC
17:29:22	IDLE 5 TEST_l.FNC
17:29:22	BUSY 3
17:29:32	IDLE 3
17:29:38	BUSY 1
17:29:39	IDLE 1
17:29:51	BUSY 1
17:29:51	IDLE 1
17:30:04	BUSY 2
17:30:05	IDLE 2
17:30:10	BUSY 5 TEST_l.FNC
17:30:10	IDLE 5 TEST_l.FNC
17:30:11	BUSY 3
17:30:20	IDLE 3
17:30:26	BUSY 1
17:30:27	IDLE 1
17:39:21	BUSY 1
17:39:21	IDLE 1
17:39:34	BUSY 2
17:39:34	IDLE 2
17:39:40	BUSY 5 QUEEN_l.FNC
17:39:41	IDLE 5 QUEEN_l.FNC
17:39:41	BUSY 3
17:42:01	IDLE 3
17:42:07	BUSY 1
17:42:08	IDLE 1
17:42:20	BUSY 1
17:42:20	IDLE 1
17:42:33	BUSY 2
17:42:34	IDLE 2
17:42:39	BUSY 5 PAWN_l.FNC
17:42:40	IDLE 5 PAWN_l.FNC
17:42:40	BUSY 3
17:44:13	IDLE 3
17:44:20	BUSY 1
17:44:20	IDLE 1
17:44:40	BUSY 1
17:44:40	IDLE 1
17:44:53	BUSY 2
17:44:54	IDLE 2
17:44:59	BUSY 5 BISHOP_l.FNC
17:45:01	IDLE 5 BISHOP_l.FNC
17:45:01	BUSY 3
17:47:25	IDLE 3
17:47:31	BUSY 1
17:47:32	IDLE 1
17:47:44	BUSY 1
17:47:44	IDLE 1
17:47:57	BUSY 2
17:47:58	IDLE 2
17:48:03	BUSY 5 PAWN_l.FNC
17:48:04	IDLE 5 PAWN_l.FNC
17:48:05	BUSY 3
17:49:37	IDLE 3
17:49:43	BUSY 1
17:49:45	IDLE 1
18:09:04	BUSY 1
18:09:04	IDLE 1
18:09:17	BUSY 2
18:09:18	IDLE 2
18:09:24	BUSY 5 KING_l.FNC
18:09:25	IDLE 5 KING_l.FNC
18:09:26	BUSY 3
18:11:59	IDLE 3
18:12:05	BUSY 1
18:12:06	IDLE 1
18:12:18	BUSY 1
18:12:18	IDLE 1
18:12:31	BUSY 2
18:12:32	IDLE 2
18:12:37	BUSY 5 PAWN_l.FNC
18:12:38	IDLE 5 PAWN_l.FNC
18:12:38	BUSY 3
18:14:11	IDLE 3
18:14:17	BUSY 1
18:14:18	IDLE 1
18:14:38	BUSY 1
18:14:38	IDLE 1
18:14:51	BUSY 2
18:14:52	IDLE 2
18:14:57	BUSY 5 QUEEN_l.FNC
18:14:58	IDLE 5 QUEEN_l.FNC
18:14:59	BUSY 3
18:17:19	IDLE 3
18:17:25	BUSY 1
18:17:26	IDLE 1
18:17:38	BUSY 1
18:17:38	IDLE 1
18:17:51	BUSY 2
18:17:52	IDLE 2
18:17:57	BUSY 5 PAWN_l.FNC
18:17:58	IDLE 5 PAWN_l.FNC
18:17:59	BUSY 3
18:19:31	IDLE 3
18:19:38	BUSY 1
18:19:39	IDLE 1
18:19:58	BUSY 1
18:19:58	IDLE 1
18:20:11	BUSY 2
18:20:12	IDLE 2
18:20:17	BUSY 5 BISHOP_l.FNC
18:20:18	IDLE 5 BISHOP_l.FNC
18:20:19	BUSY 3
18:22:43	IDLE 3
18:22:50	BUSY 1
18:22:51	IDLE 1
18:23:03	BUSY 1
18:23:03	IDLE 1
18:23:16	BUSY 2
18:23:16	IDLE 2
18:23:22	BUSY 5 PAWN_l.FNC
18:23:22	IDLE 5 PAWN_l.FNC
18:23:23	BUSY 3
18:24:56	IDLE 3
18:25:02	BUSY 1
18:25:04	IDLE 1
18:25:23	BUSY 1
18:25:23	IDLE 1
18:25:36	BUSY 2
18:25:37	IDLE 2
18:25:42	BUSY 5 KNIGHT_l.FNC
18:25:44	IDLE 5 KNIGHT_l.FNC
18:25:44	BUSY 3
18:27:55	IDLE 3
18:28:01	BUSY 1
18:28:03	IDLE 1
18:28:15	BUSY 1
18:28:15	IDLE 1
18:28:28	BUSY 2
18:28:28	IDLE 2
18:28:34	BUSY 5 PAWN_l.FNC
18:28:34	IDLE 5 PAWN_l.FNC
18:28:35	BUSY 3
18:30:08	IDLE 3
18:30:14	BUSY 1
18:30:15	IDLE 1
18:30:35	BUSY 1
18:30:35	IDLE 1
18:30:48	BUSY 2
18:30:49	IDLE 2
18:30:54	BUSY 5 ROOK_l.FNC
18:30:55	IDLE 5 ROOK_l.FNC
18:30:56	BUSY 3
18:32:44	IDLE 3
18:32:50	BUSY 1
18:32:52	IDLE 1
18:33:03	BUSY 1
18:33:03	IDLE 1
18:33:16	BUSY 2
18:33:17	IDLE 2
18:33:22	BUSY 5 PAWN_l.FNC
18:33:23	IDLE 5 PAWN_l.FNC
18:33:24	BUSY 3
18:34:56	IDLE 3
18:35:03	BUSY 1
18:35:04	IDLE 1
18:57:48	BUSY 1
18:57:48	IDLE 1
18:58:01	BUSY 2
18:58:02	IDLE 2
18:58:07	BUSY 5 KING_l.FNC
18:58:08	IDLE 5 KING_l.FNC
18:58:09	BUSY 3
19:00:42	IDLE 3
19:00:48	BUSY 1
19:00:49	IDLE 1
19:01:01	BUSY 1
19:01:01	IDLE 1
19:01:14	BUSY 2
19:01:15	IDLE 2
19:01:20	BUSY 5 PAWN_l.FNC
19:01:21	IDLE 5 PAWN_l.FNC
19:01:21	BUSY 3
19:02:54	IDLE 3
19:03:00	BUSY 1
19:03:01	IDLE 1
19:03:23	BUSY 1
19:03:23	IDLE 1
19:03:36	BUSY 2
19:03:37	IDLE 2
19:03:42	BUSY 5 QUEEN_l.FNC
19:03:44	IDLE 5 QUEEN_l.FNC
19:03:44	BUSY 3
19:06