19:11:2004
19:11:2004
19:11:2004
19:11:2004
19:11:2004
19:11:2004
11:58:48	BUSY 1 B
19:11:2004
12:13:09	BUSY
12:14:00	BUSY
12:14:06	ERROR Cannot send argument
19:11:2004
12:15:26	BUSY
12:16:40	BUSY 1 B
19:11:2004
12:30:01	BUSY 1 BISHOP
22:11:2004
 8:49:32	BUSY
 8:49:32	ERROR Cannot open write RS232 link
22:11:2004
22:11:2004
29:11:2004
15:27:51	BUSY
15:36:57	BUSY
15:40:07	BUSY
15:45:19	BUSY
15:47:38	BUSY
15:49:54	BUSY
15:51:48	BUSY
15:56:34	BUSY
15:58:38	BUSY
15:58:38	ERROR Cannot open write RS232 link
29:11:2004
16:02:38	BUSY
30:11:2004
30:11:2004
14:35:59	BUSY
30:11:2004
14:39:14	BUSY
30:11:2004
15:12:32	BUSY
15:12:32	ERROR Cannot open write RS232 link
15:12:40	BUSY
15:12:40	ERROR Cannot open write RS232 link
15:13:13	BUSY
15:13:13	ERROR Cannot open write RS232 link
30:11:2004
15:13:24	BUSY
15:13:24	ERROR Cannot open write RS232 link
30:11:2004
15:14:05	BUSY
15:14:05	ERROR Cannot open write RS232 link
15:14:13	BUSY
15:14:13	ERROR Cannot open write RS232 link
30:11:2004
15:15:05	BUSY
15:15:05	ERROR Cannot open write RS232 link
30:11:2004
15:31:26	BUSY
15:31:26	ERROR Cannot open write RS232 link
15:31:47	BUSY
15:31:47	ERROR Cannot open write RS232 link
15:32:07	BUSY
15:32:07	ERROR Cannot open write RS232 link
30:11:2004
15:35:19	BUSY
15:35:19	ERROR Cannot open write RS232 link
30:11:2004
15:43:20	BUSY
15:44:45	BUSY
15:46:06	BUSY
30:11:2004
15:50:38	BUSY
15:52:15	BUSY
15:53:35	BUSY
15:54:56	BUSY
15:56:15	BUSY
15:57:35	BUSY
15:58:54	BUSY
