19:11:2004
14:20:33	Cell to Host	Robot1 NOT CONNECTED
14:23:18	Cell to Host	Robot1 IDLE
14:24:08	Cell to Host	Lathe BUSY
15:04:41	Cell to Host	Lathe BUSY
22:11:2004
22:11:2004
10:45:34	Cell to Host	Robot1 IDLE
10:51:34	Disconnect
22:11:2004
22:11:2004
11:53:20	Cell to Host	Robot1 IDLE
24:11:2004
24:11:2004
24:11:2004
16:01:33	Turning Test	Ready
16:01:44	Turning Test	BUSY
16:06:23	Turning Test	Ready
16:06:27	Turning Test	BUSY
16:08:06	Turning Test	Ready
16:08:09	Turning Test	BUSY
16:10:25	Turning Test	Ready
16:10:28	Turning Test	BUSY
24:11:2004
16:12:37	Turning Test	Ready
16:12:39	Turning Test	BUSY
16:14:20	Turning Test	IDLE
16:16:55	Turning Test	Ready
16:17:00	Turning Test	BUSY
16:18:39	Turning Test	IDLE
25:11:2004
 8:31:23	Turning Test	Ready
 8:31:25	Turning Test	BUSY
 8:49:03	Turning Test	Ready
 8:49:06	Turning Test	BUSY
 8:50:45	Turning Test	IDLE
 8:56:05	Turning Test	Ready
 8:56:07	Turning Test	BUSY
 8:57:45	Turning Test	IDLE
 8:58:31	Turning Test	Ready
 8:58:33	Turning Test	BUSY
 9:00:12	Turning Test	IDLE
 9:00:37	Turning Test	Ready
 9:00:39	Turning Test	BUSY
 9:02:19	Turning Test	IDLE
10:06:51	Turning Test	Ready
10:07:16	Turning Test	BUSY
10:08:54	Turning Test	IDLE
12:09:57	Turning Test	Ready
12:10:00	Turning Test	BUSY
12:11:42	Turning Test	IDLE
13:48:22	Turning Test	Ready
13:48:24	Turning Test	BUSY
13:50:03	Turning Test	IDLE
13:50:57	Cell to Host	IDLE C:\CIM\CELL1\TEST_L.SEQ
13:52:18	Disconnect
14:15:25	Disconnect
14:26:28	DoCommand test_l.SEQ
14:26:28	Turning Test	Ready
14:26:28	Turning Test	BUSY
14:26:29	Cell to Host	Ready test_l.SEQ
14:26:29	Cell to Host	BUSY test_l.SEQ
14:26:29	Cell to Host	Lathe BUSY 1
14:26:30	Cell to Host	Lathe IDLE 1
14:26:31	Cell to Host	Robot1 BUSY 1
14:26:40	Cell to Host	Robot1 IDLE 1
14:26:41	Cell to Host	Lathe BUSY 2
14:26:43	Cell to Host	Lathe IDLE 2
14:26:44	Cell to Host	Robot1 BUSY 2
14:26:47	Cell to Host	Robot1 IDLE 2
14:26:48	Cell to Host	Lathe BUSY 5 TEST_l.FNC
14:26:48	Cell to Host	Lathe IDLE 5 TEST_l.FNC
14:26:49	Cell to Host	Lathe BUSY 3
14:26:59	Cell to Host	Lathe IDLE 3
14:27:00	Cell to Host	Robot1 BUSY 3
14:27:05	Cell to Host	Robot1 IDLE 3
14:27:06	Cell to Host	Lathe BUSY 1
14:27:07	Cell to Host	Lathe IDLE 1
14:27:07	Cell to Host	Robot1 BUSY 4
14:27:17	Cell to Host	Robot1 IDLE 4
14:27:18	Cell to Host	Lathe BUSY 1
14:27:18	Cell to Host	Lathe IDLE 1
14:27:19	Cell to Host	Robot1 BUSY 5
14:27:30	Cell to Host	Robot1 IDLE 5
14:27:31	Cell to Host	Lathe BUSY 2
14:27:32	Cell to Host	Lathe IDLE 2
14:27:32	Cell to Host	Robot1 BUSY 2
14:27:37	Cell to Host	Robot1 IDLE 2
14:27:37	Cell to Host	Lathe BUSY 5 TEST_l.FNC
14:27:37	Cell to Host	Lathe IDLE 5 TEST_l.FNC
14:27:38	Cell to Host	Lathe BUSY 3
14:27:48	Cell to Host	Lathe IDLE 3
14:27:49	Cell to Host	Robot1 BUSY 3
14:27:54	Cell to Host	Robot1 IDLE 3
14:27:54	Cell to Host	Lathe BUSY 1
14:27:56	Cell to Host	Lathe IDLE 1
14:27:57	Cell to Host	Robot1 BUSY 6
14:28:08	Turning Test	IDLE
14:28:08	Cell to Host	Robot1 IDLE 6
14:28:09	Cell to Host	IDLE test_l.SEQ
14:28:13	DoCommand test_l.SEQ
14:28:13	Turning Test	Ready
14:28:13	Turning Test	BUSY
14:28:14	Cell to Host	Ready test_l.SEQ
14:28:14	Cell to Host	BUSY test_l.SEQ
14:28:14	Cell to Host	Lathe BUSY 1
14:28:15	Cell to Host	Lathe IDLE 1
14:28:15	Cell to Host	Robot1 BUSY 1
14:28:26	Cell to Host	Robot1 IDLE 1
14:28:27	Cell to Host	Lathe BUSY 2
14:28:28	Cell to Host	Lathe IDLE 2
14:28:28	Cell to Host	Robot1 BUSY 2
14:28:33	Cell to Host	Robot1 IDLE 2
14:28:33	Cell to Host	Lathe BUSY 5 TEST_l.FNC
14:28:33	Cell to Host	Lathe IDLE 5 TEST_l.FNC
14:28:34	Cell to Host	Lathe BUSY 3
14:28:44	Cell to Host	Lathe IDLE 3
14:28:45	Cell to Host	Robot1 BUSY 3
14:28:50	Cell to Host	Robot1 IDLE 3
14:28:50	Cell to Host	Lathe BUSY 1
14:28:52	Cell to Host	Lathe IDLE 1
14:28:53	Cell to Host	Robot1 BUSY 4
14:29:02	Cell to Host	Robot1 IDLE 4
14:29:03	Cell to Host	Lathe BUSY 1
14:29:03	Cell to Host	Lathe IDLE 1
14:29:04	Cell to Host	Robot1 BUSY 5
14:29:16	Cell to Host	Robot1 IDLE 5
14:29:16	Cell to Host	Lathe BUSY 2
14:29:18	Cell to Host	Lathe IDLE 2
14:29:19	Cell to Host	Robot1 BUSY 2
14:29:22	Cell to Host	Robot1 IDLE 2
14:29:23	Cell to Host	Lathe BUSY 5 TEST_l.FNC
14:29:23	Cell to Host	Lathe IDLE 5 TEST_l.FNC
14:29:24	Cell to Host	Lathe BUSY 3
14:29:34	Cell to Host	Lathe IDLE 3
14:29:34	Cell to Host	Robot1 BUSY 3
14:29:40	Cell to Host	Robot1 IDLE 3
14:29:41	Cell to Host	Lathe BUSY 1
14:29:42	Cell to Host	Lathe IDLE 1
14:29:42	Cell to Host	Robot1 BUSY 6
14:29:54	Turning Test	IDLE
14:29:55	Cell to Host	Robot1 IDLE 6
14:29:55	Cell to Host	IDLE test_l.SEQ
14:40:57	Disconnect
14:55:07	DoCommand test_l.SEQ
14:55:07	Turning Test	Ready
14:55:07	Turning Test	BUSY
14:55:07	Cell to Host	Ready test_l.SEQ
14:55:08	Cell to Host	BUSY test_l.SEQ
14:55:08	Cell to Host	Lathe BUSY 1
14:55:08	Cell to Host	Lathe IDLE 1
14:55:09	Cell to Host	Robot1 BUSY 1
14:55:19	Cell to Host	Robot1 IDLE 1
14:55:20	Cell to Host	Lathe BUSY 2
14:55:22	Cell to Host	Lathe IDLE 2
14:55:23	Cell to Host	Robot1 BUSY 2
14:55:26	Cell to Host	Robot1 IDLE 2
14:55:27	Cell to Host	Lathe BUSY 5 TEST_l.FNC
14:55:27	Cell to Host	Lathe IDLE 5 TEST_l.FNC
14:55:28	Cell to Host	Lathe BUSY 3
14:55:38	Cell to Host	Lathe IDLE 3
14:55:38	Cell to Host	Robot1 BUSY 3
14:55:44	Cell to Host	Robot1 IDLE 3
14:55:45	Cell to Host	Lathe BUSY 1
14:55:46	Cell to Host	Lathe IDLE 1
14:55:46	Cell to Host	Robot1 BUSY 4
14:55:56	Cell to Host	Robot1 IDLE 4
14:55:57	Cell to Host	Lathe BUSY 1
14:55:57	Cell to Host	Lathe IDLE 1
14:55:58	Cell to Host	Robot1 BUSY 5
14:56:09	Cell to Host	Robot1 IDLE 5
14:56:10	Cell to Host	Lathe BUSY 2
14:56:11	Cell to Host	Lathe IDLE 2
14:56:12	Cell to Host	Robot1 BUSY 2
14:56:15	Cell to Host	Robot1 IDLE 2
14:56:16	Cell to Host	Lathe BUSY 5 TEST_l.FNC
14:56:16	Cell to Host	Lathe IDLE 5 TEST_l.FNC
14:56:17	Cell to Host	Lathe BUSY 3
14:56:27	Cell to Host	Lathe IDLE 3
14:56:28	Cell to Host	Robot1 BUSY 3
14:56:33	Cell to Host	Robot1 IDLE 3
14:56:34	Cell to Host	Lathe BUSY 1
14:56:35	Cell to Host	Lathe IDLE 1
14:56:35	Cell to Host	Robot1 BUSY 6
14:56:47	Turning Test	IDLE
14:56:47	Cell to Host	Robot1 IDLE 6
14:56:48	Cell to Host	IDLE test_l.SEQ
14:56:52	DoCommand test_l.SEQ
14:56:52	Turning Test	Ready
14:56:52	Turning Test	BUSY
14:56:53	Cell to Host	Ready test_l.SEQ
14:56:53	Cell to Host	BUSY test_l.SEQ
14:56:53	Cell to Host	Lathe BUSY 1
14:56:54	Cell to Host	Lathe IDLE 1
14:56:55	Cell to Host	Robot1 BUSY 1
14:57:06	Cell to Host	Robot1 IDLE 1
14:57:06	Cell to Host	Lathe BUSY 2
14:57:07	Cell to Host	Lathe IDLE 2
14:57:08	Cell to Host	Robot1 BUSY 2
14:57:11	Cell to Host	Robot1 IDLE 2
14:57:12	Cell to Host	Lathe BUSY 5 TEST_l.FNC
14:57:12	Cell to Host	Lathe IDLE 5 TEST_l.FNC
14:57:13	Cell to Host	Lathe BUSY 3
14:57:23	Cell to Host	Lathe IDLE 3
14:57:23	Cell to Host	Robot1 BUSY 3
14:57:29	Cell to Host	Robot1 IDLE 3
14:57:30	Cell to Host	Lathe BUSY 1
14:57:31	Cell to Host	Lathe IDLE 1
14:57:31	Cell to Host	Robot1 BUSY 4
14:57:41	Cell to Host	Robot1 IDLE 4
14:57:42	Cell to Host	Lathe BUSY 1
14:57:43	Cell to Host	Lathe IDLE 1
14:57:44	Cell to Host	Robot1 BUSY 5
14:57:55	Cell to Host	Robot1 IDLE 5
14:57:56	Cell to Host	Lathe BUSY 2
14:57:57	Cell to Host	Lathe IDLE 2
14:57:57	Cell to Host	Robot1 BUSY 2
14:58:02	Cell to Host	Robot1 IDLE 2
14:58:02	Cell to Host	Lathe BUSY 5 TEST_l.FNC
14:58:02	Cell to Host	Lathe IDLE 5 TEST_l.FNC
14:58:03	Cell to Host	Lathe BUSY 3
14:58:13	Cell to Host	Lathe IDLE 3
14:58:14	Cell to Host	Robot1 BUSY 3
14:58:19	Cell to Host	Robot1 IDLE 3
14:58:19	Cell to Host	Lathe BUSY 1
14:58:21	Cell to Host	Lathe IDLE 1
14:58:22	Cell to Host	Robot1 BUSY 6
14:58:33	Turning Test	IDLE
14:58:33	Cell to Host	Robot1 IDLE 6
14:58:34	Cell to Host	IDLE test_l.SEQ
15:05:36	DoCommand test_l.SEQ
15:05:36	Turning Test	Ready
15:05:36	Turning Test	BUSY
15:05:36	Cell to Host	Ready test_l.SEQ
15:05:37	Cell to Host	BUSY test_l.SEQ
15:05:37	Cell to Host	Lathe BUSY 1
15:05:38	Cell to Host	Lathe IDLE 1
15:05:39	Cell to Host	Robot1 BUSY 1
15:05:49	Cell to Host	Robot1 IDLE 1
15:05:49	Cell to Host	Lathe BUSY 2
15:05:51	Cell to Host	Lathe IDLE 2
15:05:52	Cell to Host	Robot1 BUSY 2
15:05:55	Cell to Host	Robot1 IDLE 2
15:05:56	Cell to Host	Lathe BUSY 5 TEST_l.FNC
15:05:56	Cell to Host	Lathe IDLE 5 TEST_l.FNC
15:05:57	Cell to Host	Lathe BUSY 3
15:06:07	Cell to Host	Lathe IDLE 3
15:06:07	Cell to Host	Robot1 BUSY 3
15:06:13	Cell to Host	Robot1 IDLE 3
15:06:14	Cell to Host	Lathe BUSY 1
15:06:15	Cell to Host	Lathe IDLE 1
15:06:15	Cell to Host	Robot1 BUSY 4
15:06:25	Cell to Host	Robot1 IDLE 4
15:06:26	Cell to Host	Lathe BUSY 1
15:06:26	Cell to Host	Lathe IDLE 1
15:06:27	Cell to Host	Robot1 BUSY 5
15:06:38	Cell to Host	Robot1 IDLE 5
15:06:39	Cell to Host	Lathe BUSY 2
15:06:40	Cell to Host	Lathe IDLE 2
15:06:41	Cell to Host	Robot1 BUSY 2
15:06:44	Cell to Host	Robot1 IDLE 2
15:06:45	Cell to Host	Lathe BUSY 5 TEST_l.FNC
15:06:45	Cell to Host	Lathe IDLE 5 TEST_l.FNC
15:06:45	Cell to Host	Lathe BUSY 3
15:06:56	Cell to Host	Lathe IDLE 3
15:06:57	Cell to Host	Robot1 BUSY 3
15:07:02	Cell to Host	Robot1 IDLE 3
15:07:02	Cell to Host	Lathe BUSY 1
15:07:04	Cell to Host	Lathe IDLE 1
15:07:05	Cell to Host	Robot1 BUSY 6
15:07:16	Turning Test	IDLE
15:07:16	Cell to Host	Robot1 IDLE 6
15:07:17	Cell to Host	IDLE test_l.SEQ
15:07:58	Disconnect
15:11:28	DoCommand test_l.SEQ
15:11:28	Turning Test	Ready
15:11:28	Turning Test	BUSY
15:11:29	Cell to Host	Ready test_l.SEQ
15:11:29	Cell to Host	BUSY test_l.SEQ
15:11:29	Cell to Host	Lathe BUSY 1
15:11:30	Cell to Host	Lathe IDLE 1
15:11:31	Cell to Host	Robot1 BUSY 1
15:11:40	Cell to Host	Robot1 IDLE 1
15:11:41	Cell to Host	Lathe BUSY 2
15:11:43	Cell to Host	Lathe IDLE 2
15:11:44	Cell to Host	Robot1 BUSY 2
15:11:47	Cell to Host	Robot1 IDLE 2
15:11:48	Cell to Host	Lathe BUSY 5 TEST_l.FNC
15:11:48	Cell to Host	Lathe IDLE 5 TEST_l.FNC
15:11:48	Cell to Host	Lathe BUSY 3
15:11:59	Cell to Host	Lathe IDLE 3
15:12:00	Cell to Host	Robot1 BUSY 3
15:12:05	Cell to Host	Robot1 IDLE 3
15:12:06	Cell to Host	Lathe BUSY 1
15:12:07	Cell to Host	Lathe IDLE 1
15:12:07	Cell to Host	Robot1 BUSY 4
15:12:17	Cell to Host	Robot1 IDLE 4
15:12:18	Cell to Host	Lathe BUSY 1
15:12:18	Cell to Host	Lathe IDLE 1
15:12:19	Cell to Host	Robot1 BUSY 5
15:12:30	Cell to Host	Robot1 IDLE 5
15:12:31	Cell to Host	Lathe BUSY 2
15:12:32	Cell to Host	Lathe IDLE 2
15:12:32	Cell to Host	Robot1 BUSY 2
15:12:37	Cell to Host	Robot1 IDLE 2
15:12:37	Cell to Host	Lathe BUSY 5 TEST_l.FNC
15:12:37	Cell to Host	Lathe IDLE 5 TEST_l.FNC
15:12:38	Cell to Host	Lathe BUSY 3
15:12:48	Cell to Host	Lathe IDLE 3
15:12:49	Cell to Host	Robot1 BUSY 3
15:12:54	Cell to Host	Robot1 IDLE 3
15:12:54	Cell to Host	Lathe BUSY 1
15:12:56	Cell to Host	Lathe IDLE 1
15:12:57	Cell to Host	Robot1 BUSY 6
15:13:08	Turning Test	IDLE
15:13:08	Cell to Host	Robot1 IDLE 6
15:13:09	Cell to Host	IDLE test_l.SEQ
15:13:14	DoCommand test_l.SEQ
15:13:14	Turning Test	Ready
15:13:14	Turning Test	BUSY
15:13:15	Cell to Host	Ready test_l.SEQ
15:13:15	Cell to Host	BUSY test_l.SEQ
15:13:16	Cell to Host	Lathe BUSY 1
15:13:16	Cell to Host	Lathe IDLE 1
15:13:17	Cell to Host	Robot1 BUSY 1
15:13:28	Cell to Host	Robot1 IDLE 1
15:13:28	Cell to Host	Lathe BUSY 2
15:13:29	Cell to Host	Lathe IDLE 2
15:13:29	Cell to Host	Robot1 BUSY 2
15:13:33	Cell to Host	Robot1 IDLE 2
15:13:34	Cell to Host	Lathe BUSY 5 TEST_l.FNC
15:13:34	Cell to Host	Lathe IDLE 5 TEST_l.FNC
15:13:35	Cell to Host	Lathe BUSY 3
15:13:45	Cell to Host	Lathe IDLE 3
15:13:45	Cell to Host	Robot1 BUSY 3
15:13:51	Cell to Host	Robot1 IDLE 3
15:13:51	Cell to Host	Lathe BUSY 1
15:13:53	Cell to Host	Lathe IDLE 1
15:13:54	Cell to Host	Robot1 BUSY 4
15:14:04	Cell to Host	Robot1 IDLE 4
15:14:04	Cell to Host	Lathe BUSY 1
15:14:04	Cell to Host	Lathe IDLE 1
15:14:05	Cell to Host	Robot1 BUSY 5
15:14:17	Cell to Host	Robot1 IDLE 5
15:14:17	Cell to Host	Lathe BUSY 2
15:14:19	Cell to Host	Lathe IDLE 2
15:14:20	Cell to Host	Robot1 BUSY 2
15:14:23	Cell to Host	Robot1 IDLE 2
15:14:24	Cell to Host	Lathe BUSY 5 TEST_l.FNC
15:14:24	Cell to Host	Lathe IDLE 5 TEST_l.FNC
15:14:24	Cell to Host	Lathe BUSY 3
15:14:35	Cell to Host	Lathe IDLE 3
15:14:36	Cell to Host	Robot1 BUSY 3
15:14:41	Cell to Host	Robot1 IDLE 3
15:14:42	Cell to Host	Lathe BUSY 1
15:14:43	Cell to Host	Lathe IDLE 1
15:14:43	Cell to Host	Robot1 BUSY 6
15:14:55	Turning Test	IDLE
15:14:55	Cell to Host	Robot1 IDLE 6
15:14:56	Cell to Host	IDLE test_l.SEQ
15:20:37	Disconnect
15:22:28	DoCommand test_l.SEQ
15:22:28	Turning Test	Ready
15:22:28	Turning Test	BUSY
15:22:29	Cell to Host	Ready test_l.SEQ
15:22:29	Cell to Host	BUSY test_l.SEQ
15:22:29	Cell to Host	Lathe BUSY 1
15:22:30	Cell to Host	Lathe IDLE 1
15:22:30	Cell to Host	Robot1 BUSY 1
15:22:40	Cell to Host	Robot1 IDLE 1
15:22:41	Cell to Host	Lathe BUSY 2
15:22:43	Cell to Host	Lathe IDLE 2
15:22:43	Cell to Host	Robot1 BUSY 2
15:22:48	Cell to Host	Robot1 IDLE 2
15:22:48	Cell to Host	Lathe BUSY 5 TEST_l.FNC
15:22:48	Cell to Host	Lathe IDLE 5 TEST_l.FNC
15:22:49	Cell to Host	Lathe BUSY 3
15:22:59	Cell to Host	Lathe IDLE 3
15:23:00	Cell to Host	Robot1 BUSY 3
15:23:05	Cell to Host	Robot1 IDLE 3
15:23:05	Cell to Host	Lathe BUSY 1
15:23:07	Cell to Host	Lathe IDLE 1
15:23:08	Cell to Host	Robot1 BUSY 4
15:23:17	Cell to Host	Robot1 IDLE 4
15:23:18	Cell to Host	Lathe BUSY 1
15:23:18	Cell to Host	Lathe IDLE 1
15:23:18	Cell to Host	Robot1 BUSY 5
15:23:30	Cell to Host	Robot1 IDLE 5
15:23:30	Cell to Host	Lathe BUSY 2
15:23:32	Cell to Host	Lathe IDLE 2
15:23:33	Cell to Host	Robot1 BUSY 2
15:23:36	Cell to Host	Robot1 IDLE 2
15:23:37	Cell to Host	Lathe BUSY 5 TEST_l.FNC
15:23:37	Cell to Host	Lathe IDLE 5 TEST_l.FNC
15:23:38	Cell to Host	Lathe BUSY 3
15:23:48	Cell to Host	Lathe IDLE 3
15:23:48	Cell to Host	Robot1 BUSY 3
15:23:54	Cell to Host	Robot1 IDLE 3
15:23:55	Cell to Host	Lathe BUSY 1
15:23:56	Cell to Host	Lathe IDLE 1
15:23:57	Cell to Host	Robot1 BUSY 6
15:24:08	Turning Test	IDLE
15:24:08	Cell to Host	Robot1 IDLE 6
15:24:09	Cell to Host	IDLE test_l.SEQ
15:24:13	DoCommand test_l.SEQ
15:24:13	Turning Test	Ready
15:24:13	Turning Test	BUSY
15:24:14	Cell to Host	Ready test_l.SEQ
15:24:14	Cell to Host	BUSY test_l.SEQ
15:24:15	Cell to Host	Lathe BUSY 1
15:24:15	Cell to Host	Lathe IDLE 1
15:24:16	Cell to Host	Robot1 BUSY 1
15:24:27	Cell to Host	Robot1 IDLE 1
15:24:28	Cell to Host	Lathe BUSY 2
15:24:28	Cell to Host	Lathe IDLE 2
15:24:28	Cell to Host	Robot1 BUSY 2
15:24:32	Cell to Host	Robot1 IDLE 2
15:24:33	Cell to Host	Lathe BUSY 5 TEST_l.FNC
15:24:33	Cell to Host	Lathe IDLE 5 TEST_l.FNC
15:24:34	Cell to Host	Lathe BUSY 3
15:24:44	Cell to Host	Lathe IDLE 3
15:24:44	Cell to Host	Robot1 BUSY 3
15:24:50	Cell to Host	Robot1 IDLE 3
15:24:50	Cell to Host	Lathe BUSY 1
15:24:52	Cell to Host	Lathe IDLE 1
15:24:53	Cell to Host	Robot1 BUSY 4
15:25:02	Cell to Host	Robot1 IDLE 4
15:25:03	Cell to Host	Lathe BUSY 1
15:25:03	Cell to Host	Lathe IDLE 1
15:25:04	Cell to Host	Robot1 BUSY 5
15:25:16	Cell to Host	Robot1 IDLE 5
15:25:16	Cell to Host	Lathe BUSY 2
15:25:18	Cell to Host	Lathe IDLE 2
15:25:19	Cell to Host	Robot1 BUSY 2
15:25:22	Cell to Host	Robot1 IDLE 2
15:25:23	Cell to Host	Lathe BUSY 5 TEST_l.FNC
15:25:23	Cell to 26:11:2004
 6:57:10	Turning Test	Ready
 6:57:16	Turning Test	BUSY
 6:58:57	Turning Test	IDLE
 6:59:25	Turning Test	Ready
 6:59:27	Turning Test	BUSY
 7:01:06	Turning Test	IDLE
 9:00:57	Turning Test	Ready
 9:00:58	Turning Test	BUSY
 9:02:38	Turning Test	IDLE
 9:11:56	Turning Test	Ready
 9:11:58	Turning Test	BUSY
 9:13:38	Turning Test	IDLE
11:09:46	Cell to Host	IDLE C:\CIM\CELL1\TEST_L.SEQ
11:33:44	DoCommand test_l.SEQ
11:33:44	Turning Test	Ready
11:33:44	Turning Test	BUSY
11:33:44	Cell to Host	Ready test_l.SEQ
11:33:45	Cell to Host	BUSY test_l.SEQ
11:33:45	Cell to Host	Lathe BUSY 1
11:33:45	Cell to Host	Lathe IDLE 1
11:33:46	Cell to Host	Robot1 BUSY 1
11:33:56	Cell to Host	Robot1 IDLE 1
11:33:57	Cell to Host	Lathe BUSY 2
11:33:58	Cell to Host	Lathe IDLE 2
11:33:58	Cell to Host	Robot1 BUSY 2
11:34:03	Cell to Host	Robot1 IDLE 2
11:34:03	Cell to Host	Lathe BUSY 5 TEST_l.FNC
11:34:03	Cell to Host	Lathe IDLE 5 TEST_l.FNC
11:34:04	Cell to Host	Lathe BUSY 3
11:34:14	Cell to Host	Lathe IDLE 3
11:34:15	Cell to Host	Robot1 BUSY 3
11:34:20	Cell to Host	Robot1 IDLE 3
11:34:20	Cell to Host	Lathe BUSY 1
11:34:22	Cell to Host	Lathe IDLE 1
11:34:23	Cell to Host	Robot1 BUSY 4
11:34:33	Cell to Host	Robot1 IDLE 4
11:34:33	Cell to Host	Lathe BUSY 1
11:34:33	Cell to Host	Lathe IDLE 1
11:34:34	Cell to Host	Robot1 BUSY 5
11:34:45	Cell to Host	Robot1 IDLE 5
11:34:45	Cell to Host	Lathe BUSY 2
11:34:47	Cell to Host	Lathe IDLE 2
11:34:48	Cell to Host	Robot1 BUSY 2
11:34:51	Cell to Host	Robot1 IDLE 2
11:34:52	Cell to Host	Lathe BUSY 5 TEST_l.FNC
11:34:52	Cell to Host	Lathe IDLE 5 TEST_l.FNC
11:34:53	Cell to Host	Lathe BUSY 3
11:35:03	Cell to Host	Lathe IDLE 3
11:35:03	Cell to Host	Robot1 BUSY 3
11:35:09	Cell to Host	Robot1 IDLE 3
11:35:10	Cell to Host	Lathe BUSY 1
11:35:11	Cell to Host	Lathe IDLE 1
11:35:11	Cell to Host	Robot1 BUSY 6
11:35:23	Turning Test	IDLE
11:35:24	Cell to Host	Robot1 IDLE 6
11:35:24	Cell to Host	IDLE test_l.SEQ
11:35:39	DoCommand test_l.SEQ
11:35:39	Turning Test	Ready
11:35:39	Turning Test	BUSY
11:35:39	Cell to Host	Ready test_l.SEQ
11:35:40	Cell to Host	BUSY test_l.SEQ
11:35:40	Cell to Host	Lathe BUSY 1
11:35:42	Cell to Host	Lathe IDLE 1
11:35:42	Cell to Host	Robot1 BUSY 1
11:35:51	Cell to Host	Robot1 IDLE 1
11:35:52	Cell to Host	Lathe BUSY 2
11:35:53	Cell to Host	Lathe IDLE 2
11:35:54	Cell to Host	Robot1 BUSY 2
11:35:57	Cell to Host	Robot1 IDLE 2
11:35:58	Cell to Host	Lathe BUSY 5 TEST_l.FNC
11:35:58	Cell to Host	Lathe IDLE 5 TEST_l.FNC
11:35:59	Cell to Host	Lathe BUSY 3
11:36:09	Cell to Host	Lathe IDLE 3
11:36:10	Cell to Host	Robot1 BUSY 3
11:36:15	Cell to Host	Robot1 IDLE 3
11:36:16	Cell to Host	Lathe BUSY 1
11:36:17	Cell to Host	Lathe IDLE 1
11:36:17	Cell to Host	Robot1 BUSY 4
11:36:27	Cell to Host	Robot1 IDLE 4
11:36:28	Cell to Host	Lathe BUSY 1
11:36:28	Cell to Host	Lathe IDLE 1
11:36:29	Cell to Host	Robot1 BUSY 5
11:36:40	Cell to Host	Robot1 IDLE 5
11:36:41	Cell to Host	Lathe BUSY 2
11:36:42	Cell to Host	Lathe IDLE 2
11:36:42	Cell to Host	Robot1 BUSY 2
11:36:47	Cell to Host	Robot1 IDLE 2
11:36:47	Cell to Host	Lathe B21:03:2005
06:04:2005
06:04:2005
07:04:2005
 9:29:46	Turning Test	Ready
 9:29:50	Turning Test	BUSY
 9:31:42	Turning Test	IDLE
 9:31:47	Turning Test	Ready
 9:31:53	Turning Test	BUSY
 9:33:42	Turning Test	IDLE
19:04:2005
 8:08:41	Turning Test	Ready
 8:08:43	Turning Test	BUSY
 8:10:34	Turning Test	IDLE
10:16:15	Turning Test	Ready
10:16:17	Turning Test	BUSY
10:18:06	Turning Test	IDLE
11:41:24	Turning Test	Ready
11:41:29	Turning Test	BUSY
11:43:18	Turning Test	IDLE
11:54:10	Cell to Host	IDLE C:\CIM\CELL1\TEST_L.SEQ
13:58:32	Cell to Host	Lathe BUSY 5 C:\CIM\CELL1\TEST_L.FNC
13:58:32	Cell to Host	Lathe IDLE 5 C:\CIM\CELL1\TEST_L.FNC
13:58:36	Cell to Host	Lathe BUSY 3
14:01:20	Cell to Host	Lathe IDLE
14:05:53	Cell to Host	Lathe BUSY 2
14:06:04	Cell to Host	Lathe IDLE
14:06:06	Cell to Host	Lathe BUSY 1
14:06:07	Cell to Host	Lathe IDLE 1
14:06:35	Cell to Host	Lathe BUSY 2
14:06:37	Cell to Host	Lathe IDLE 2
14:06:39	Cell to Host	Lathe BUSY 1
14:06:41	Cell to Host	Lathe IDLE 1
14:06:44	Cell to Host	Lathe BUSY 5 C:\CIM\CELL1\TEST_L.FNC
14:06:45	Cell to Host	Lathe IDLE 5 C:\CIM\CELL1\TEST_L.FNC
14:06:50	Cell to Host	Lathe BUSY 3
14:06:59	Cell to Host	Lathe IDLE 3
14:09:19	Cell to Host	Lathe BUSY 3
14:09:23	Cell to Host	Lathe I19:04:2005
14:47:44	Cell to Host	Robot1 IDLE
19:04:2005
19:04:2005
19:04:2005
19:04:2005
20:04:2005
 8:08:24	Turning Test	Ready
 8:08:30	Turning Test	BUSY
 8:10:20	Turning Test	IDLE
 8:12:59	Cell to Host	IDLE C:\CIM\CELL1\TEST_L.SEQ
 8:15:52	DoCommand TEST_L.SEQ
 8:15:52	Turning Test	Ready
 8:15:53	Turning Test	BUSY
 8:15:53	Cell to Host	Ready TEST_L.SEQ
 8:15:54	Cell to Host	BUSY TEST_L.SEQ
 8:15:54	Cell to Host	Lathe BUSY 1
 8:15:55	Cell to Host	Lathe IDLE 1
 8:15:56	Cell to Host	Robot1 BUSY 1
 8:16:07	Cell to Host	Robot1 IDLE 1
 8:16:08	Cell to Host	Lathe BUSY 2
 8:16:09	Cell to Host	Lathe IDLE 2
 8:16:09	Cell to Host	Robot1 BUSY 2
 8:16:15	Cell to Host	Robot1 IDLE 2
 8:16:15	Cell to Host	Lathe BUSY 5 TEST_l.FNC
 8:16:16	Cell to Host	Lathe IDLE 5 TEST_l.FNC
 8:16:17	Cell to Host	Lathe BUSY 3
 8:16:26	Cell to Host	Lathe IDLE 3
 8:16:27	Cell to Host	Robot1 BUSY 3
 8:16:33	Cell to Host	Robot1 IDLE 3
 8:16:34	Cell to Host	Lathe BUSY 1
 8:16:35	Cell to Host	Lathe IDLE 1
 8:16:35	Cell to Host	Robot1 BUSY 4
 8:16:48	Cell to Host	Robot1 IDLE 4
 8:16:48	Cell to Host	Lathe BUSY 1
 8:16:49	Cell to Host	Lathe IDLE 1
 8:16:49	Cell to Host	Robot1 BUSY 5
 8:17:01	Cell to Host	Robot1 IDLE 5
 8:17:01	Cell to Host	Lathe BUSY 2
 8:17:03	Cell to Host	Lathe IDLE 2
 8:17:04	Cell to Host	Robot1 BUSY 2
 8:17:09	Cell to Host	Robot1 IDLE 2
 8:17:10	Cell to Host	Lathe BUSY 5 TEST_l.FNC
 8:17:10	Cell to Host	Lathe IDLE 5 TEST_l.FNC
 8:17:10	Cell to Host	Lathe BUSY 3
 8:17:20	Cell to Host	Lathe IDLE 3
 8:17:21	Cell to Host	Robot1 BUSY 3
 8:17:27	Cell to Host	Robot1 IDLE 3
 8:17:28	Cell to Host	Lathe BUSY 1
 8:17:29	Cell to Host	Lathe IDLE 1
 8:17:30	Cell to Host	Robot1 BUSY 6
 8:17:42	Turning Test	IDLE
 8:17:42	Cell to Host	Robot1 IDLE 6
 8:17:43	Cell to Host	IDLE TEST_L.SEQ
 8:17:45	DoCommand TEST_L.SEQ
 8:17:45	Turning Test	Ready
 8:17:46	Turning Test	BUSY
 8:17:46	Cell to Host	Ready TEST_L.SEQ
 8:17:47	Cell to Host	BUSY TEST_L.SEQ
 8:17:47	Cell to Host	Lathe BUSY 1
 8:17:48	Cell to Host	Lathe IDLE 1
 8:17:49	Cell to Host	Robot1 BUSY 1
 8:18:00	Cell to Host	Robot1 IDLE 1
 8:18:01	Cell to Host	Lathe BUSY 2
 8:18:02	Cell to Host	Lathe IDLE 2
 8:18:02	Cell to Host	Robot1 BUSY 2
 8:18:08	Cell to Host	Robot1 IDLE 2
 8:18:08	Cell to Host	Lathe BUSY 5 TEST_l.FNC
 8:18:09	Cell to Host	Lathe IDLE 5 TEST_l.FNC
 8:18:10	Cell to Host	Lathe BUSY 3
 8:18:19	Cell to Host	Lathe IDLE 3
 8:18:20	Cell to Host	Robot1 BUSY 3
 8:18:27	Cell to Host	Robot1 IDLE 3
 8:18:28	Cell to Host	Lathe BUSY 1
 8:18:29	Cell to Host	Lathe IDLE 1
 8:18:30	Cell to Host	Robot1 BUSY 4
 8:18:42	Cell to Host	Robot1 IDLE 4
 8:18:42	Cell to Host	Lathe BUSY 1
 8:18:42	Cell to Host	Lathe IDLE 1
 8:18:43	Cell to Host	Robot1 BUSY 5
 8:18:55	Cell to Host	Robot1 IDLE 5
 8:18:55	Cell to Host	Lathe BUSY 2
 8:18:57	Cell to Host	Lathe IDLE 2
 8:18:58	Cell to Host	Robot1 BUSY 2
 8:19:03	Cell to Host	Robot1 IDLE 2
 8:19:04	Cell to Host	Lathe BUSY 5 TEST_l.FNC
 8:19:04	Cell to Host	Lathe IDLE 5 TEST_l.FNC
 8:19:04	Cell to Host	Lathe BUSY 3
 8:19:14	Cell to Host	Lathe IDLE 3
 8:19:15	Cell to Host	Robot1 BUSY 3
 8:19:21	Cell to Host	Robot1 IDLE 3
 8:19:22	Cell to Host	Lathe BUSY 1
 8:19:23	Cell to Host	Lathe IDLE 1
 8:19:24	Cell to Host	Robot1 BUSY 6
 8:19:36	Turning Test	IDLE
 8:19:37	Cell to Host	Robot1 IDLE 6
 8:19:37	Cell to Host	IDLE TEST_L.SEQ
 8:19:40	DoCommand TEST_L.SEQ
 8:19:40	Turning Test	Ready
 8:19:41	Turning Test	BUSY
 8:19:41	Cell to Host	Ready TEST_L.SEQ
 8:19:42	Cell to Host	BUSY TEST_L.SEQ
 8:19:42	Cell to Host	Lathe BUSY 1
 8:19:42	Cell to Host	Lathe IDLE 1
 8:19:43	Cell to Host	Robot1 BUSY 1
 8:19:55	Cell to Host	Robot1 IDLE 1
 8:19:56	Cell to Host	Lathe BUSY 2
 8:19:57	Cell to Host	Lathe IDLE 2
 8:19:58	Cell to Host	Robot1 BUSY 2
 8:20:03	Cell to Host	Robot1 IDLE 2
 8:20:03	Cell to Host	Lathe BUSY 5 TEST_l.FNC
 8:20:04	Cell to Host	Lathe IDLE 5 TEST_l.FNC
 8:20:04	Cell to Host	Lathe BUSY 3
 8:20:14	Cell to Host	Lathe IDLE 3
 8:20:15	Cell to Host	Robot1 BUSY 3
 8:20:22	Cell to Host	Robot1 IDLE 3
 8:20:22	Cell to Host	Lathe BUSY 1
 8:20:24	Cell to Host	Lathe IDLE 1
 8:20:25	Cell to Host	Robot1 BUSY 4
 8:20:37	Cell to Host	Robot1 IDLE 4
 8:20:37	Cell to Host	Lathe BUSY 1
 8:20:38	Cell to Host	Lathe IDLE 1
 8:20:38	Cell to Host	Robot1 BUSY 5
 8:20:50	Cell to Host	Robot1 IDLE 5
 8:20:51	Cell to Host	Lathe BUSY 2
 8:20:52	Cell to Host	Lathe IDLE 2
 8:20:53	Cell to Host	Robot1 BUSY 2
 8:20:58	Cell to Host	Robot1 IDLE 2
 8:20:59	Cell to Host	Lathe BUSY 5 TEST_l.FNC
 8:20:59	Cell to Host	Lathe IDLE 5 TEST_l.FNC
 8:21:00	Cell to Host	Lathe BUSY 3
 8:21:10	Cell to Host	Lathe IDLE 3
 8:21:11	Cell to Host	Robot1 BUSY 3
 8:21:17	Cell to Host	Robot1 IDLE 3
 8:21:18	Cell to Host	Lathe BUSY 1
 8:21:19	Cell to Host	Lathe IDLE 1
 8:21:20	Cell to Host	Robot1 BUSY 6
 8:21:32	Turning Test	IDLE
 8:21:33	Cell to Host	Robot1 IDLE 6
 8:21:34	Cell to Host	IDLE TEST_L.SEQ
 8:24:22	Disconnect
 8:26:25	DoCommand TEST_L.SEQ
 8:26:25	Turning Test	Ready
 8:26:26	Turning Test	BUSY
 8:26:26	Cell to Host	Ready TEST_L.SEQ
 8:26:27	Cell to Host	BUSY TEST_L.SEQ
 8:26:27	Cell to Host	Lathe BUSY 1
 8:26:28	Cell to Host	Lathe IDLE 1
 8:26:29	Cell to Host	Robot1 BUSY 1
 8:26:40	Cell to Host	Robot1 IDLE 1
 8:26:41	Cell to Host	Lathe BUSY 2
 8:26:42	Cell to Host	Lathe IDLE 2
 8:26:43	Cell to Host	Robot1 BUSY 2
 8:26:49	Cell to Host	Robot1 IDLE 2
 8:26:49	Cell to Host	Lathe BUSY 5 TEST_l.FNC
 8:26:49	Cell to Host	Lathe IDLE 5 TEST_l.FNC
 8:26:50	Cell to Host	Lathe BUSY 3
 8:26:59	Cell to Host	Lathe IDLE 3
 8:27:00	Cell to Host	Robot1 BUSY 3
 8:27:07	Cell to Host	Robot1 IDLE 3
 8:27:08	Cell to Host	Lathe BUSY 1
 8:27:08	Cell to Host	Lathe IDLE 1
 8:27:09	Cell to Host	Robot1 BUSY 4
 8:27:21	Cell to Host	Robot1 IDLE 4
 8:27:21	Cell to Host	Lathe BUSY 1
 8:27:22	Cell to Host	Lathe IDLE 1
 8:27:22	Cell to Host	Robot1 BUSY 5
 8:27:34	Cell to Host	Robot1 IDLE 5
 8:27:34	Cell to Host	Lathe BUSY 2
 8:27:36	Cell to Host	Lathe IDLE 2
 8:27:37	Cell to Host	Robot1 BUSY 2
 8:27:42	Cell to Host	Robot1 IDLE 2
 8:27:43	Cell to Host	Lathe BUSY 5 TEST_l.FNC
 8:27:43	Cell to Host	Lathe IDLE 5 TEST_l.FNC
 8:27:43	Cell to Host	Lathe BUSY 3
 8:27:53	Cell to Host	Lathe IDLE 3
 8:27:54	Cell to Host	Robot1 BUSY 3
 8:28:01	Cell to Host	Robot1 IDLE 3
 8:28:01	Cell to Host	Lathe BUSY 1
 8:28:02	Cell to Host	Lathe IDLE 1
 8:28:03	Cell to Host	Robot1 BUSY 6
 8:28:15	Turning Test	IDLE
 8:28:16	Cell to Host	Robot1 IDLE 6
 8:28:17	Cell to Host	IDLE TEST_L.SEQ
 8:28:19	DoCommand TEST_L.SEQ
 8:28:19	Turning Test	Ready
 8:28:20	Turning Test	BUSY
 8:28:20	Cell to Host	Ready TEST_L.SEQ
 8:28:21	Cell to Host	BUSY TEST_L.SEQ
 8:28:21	Cell to Host	Lathe BUSY 1
 8:28:22	Cell to Host	Lathe IDLE 1
 8:28:22	Cell to Host	Robot1 BUSY 1
 8:28:34	Cell to Host	Robot1 IDLE 1
 8:28:35	Cell to Host	Lathe BUSY 2
 8:28:36	Cell to Host	Lathe IDLE 2
 8:28:37	Cell to Host	Robot1 BUSY 2
 8:28:42	Cell to Host	Robot1 IDLE 2
 8:28:43	Cell to Host	Lathe BUSY 5 TEST_l.FNC
 8:28:43	Cell to Host	Lathe IDLE 5 TEST_l.FNC
 8:28:44	Cell to Host	Lathe BUSY 3
 8:28:54	Cell to Host	Lathe IDLE 3
 8:28:55	Cell to Host	Robot1 BUSY 3
 8:29:01	Cell to Host	Robot1 IDLE 3
 8:29:02	Cell to Host	Lathe BUSY 1
 8:29:03	Cell to Host	Lathe IDLE 1
 8:29:04	Cell to Host	Robot1 BUSY 4
 8:29:16	Cell to Host	Robot1 IDLE 4
 8:29:17	Cell to Host	Lathe BUSY 1
 8:29:17	Cell to Host	Lathe IDLE 1
 8:29:17	Cell to Host	Robot1 BUSY 5
 8:29:29	Cell to Host	Robot1 IDLE 5
 8:29:30	Cell to Host	Lathe BUSY 2
 8:29:31	Cell to Host	Lathe IDLE 2
 8:29:32	Cell to Host	Robot1 BUSY 2
 8:29:37	Cell to Host	Robot1 IDLE 2
 8:29:38	Cell to Host	Lathe BUSY 5 TEST_l.FNC
 8:29:38	Cell to Host	Lathe IDLE 5 TEST_l.FNC
 8:29:39	Cell to Host	Lathe BUSY 3
 8:29:49	Cell to Host	Lathe IDLE 3
 8:29:50	Cell to Host	Robot1 BUSY 3
 8:29:57	Cell to Host	Robot1 IDLE 3
 8:29:57	Cell to Host	Lathe BUSY 1
 8:29:58	Cell to Host	Lathe IDLE 1
 8:29:59	Cell to Host	Robot1 BUSY 6
 8:30:11	Turning Test	IDLE
 8:30:12	Cell to Host	Robot1 IDLE 6
 8:30:13	Cell to Host	IDLE TEST_L.SEQ
 8:30:15	DoCommand TEST_L.SEQ
 8:30:15	Turning Test	Ready
 8:30:16	Turning Test	BUSY
 8:30:16	Cell to Host	Ready TEST_L.SEQ
 8:30:17	Cell to Host	BUSY TEST_L.SEQ
 8:30:17	Cell to Host	Lathe BUSY 1
 8:30:18	Cell to Host	Lathe IDLE 1
 8:30:19	Cell to Host	Robot1 BUSY 1
 8:30:30	Cell to Host	Robot1 IDLE 1
 8:30:31	Cell to Host	Lathe BUSY 2
 8:30:32	Cell to Host	Lathe IDLE 2
 8:30:33	Cell to Host	Robot1 BUSY 2
 8:30:38	Cell to Host	Robot1 IDLE 2
 8:30:39	Cell to Host	Lathe BUSY 5 TEST_l.FNC
 8:30:39	Cell to Host	Lathe IDLE 5 TEST_l.FNC
 8:30:40	Cell to Host	Lathe BUSY 3
 8:30:50	Cell to Host	Lathe IDLE 3
 8:30:51	Cell to Host	Robot1 BUSY 3
 8:30:57	Cell to Host	Robot1 IDLE 3
 8:30:58	Cell to Host	Lathe BUSY 1
 8:30:59	Cell to Host	Lathe IDLE 1
 8:31:00	Cell to Host	Robot1 BUSY 4
 8:31:12	Cell to Host	Robot1 IDLE 4
 8:31:13	Cell to Host	Lathe BUSY 1
 8:31:13	Cell to Host	Lathe IDLE 1
 8:31:14	Cell to Host	Robot1 BUSY 5
 8:31:25	Cell to Host	Robot1 IDLE 5
 8:31:26	Cell to Host	Lathe BUSY 2
 8:31:27	Cell to Host	Lathe IDLE 2
 8:31:28	Cell to Host	Robot1 BUSY 2
 8:31:34	Cell to Host	Robot1 IDLE 2
 8:31:34	Cell to Host	Lathe BUSY 5 TEST_l.FNC
 8:31:34	Cell to Host	Lathe IDLE 5 TEST_l.FNC
 8:31:35	Cell to Host	Lathe BUSY 3
 8:31:45	Cell to Host	Lathe IDLE 3
 8:31:46	Cell to Host	Robot1 BUSY 3
 8:31:53	Cell to Host	Robot1 IDLE 3
 8:31:54	Cell to Host	Lathe BUSY 1
 8:31:54	Cell to Host	Lathe IDLE 1
 8:31:55	Cell to Host	Robot1 BUSY 6
 8:32:07	Turning Test	IDLE
 8:32:07	Cell to Host	Robot1 IDLE 6
 8:32:08	Cell to Host	IDLE TEST_L.SEQ
 8:38:52	DoCommand TEST_L.SEQ
 8:38:52	Turning Test	Ready
 8:38:53	Turning Test	BUSY
 8:38:53	Cell to Host	Ready TEST_L.SEQ
 8:38:54	Cell to Host	BUSY TEST_L.SEQ
 8:38:54	Cell to Host	Lathe BUSY 1
 8:38:55	Cell to Host	Lathe IDLE 1
 8:38:55	Cell to Host	Robot1 BUSY 1
 8:39:08	Cell to Host	Robot1 IDLE 1
 8:39:08	Cell to Host	Lathe BUSY 2
 8:39:09	Cell to Host	Lathe IDLE 2
 8:39:10	Cell to Host	Robot1 BUSY 2
 8:39:15	Cell to Host	Robot1 IDLE 2
 8:39:16	Cell to Host	Lathe BUSY 5 TEST_l.FNC
 8:39:16	Cell to Host	Lathe IDLE 5 TEST_l.FNC
 8:39:16	Cell to Host	Lathe BUSY 3
 8:39:26	Cell to Host	Lathe IDLE 3
 8:39:27	Cell to Host	Robot1 BUSY 3
 8:39:34	Cell to Host	Robot1 IDLE 3
 8:39:34	Cell to Host	Lathe BUSY 1
 8:39:35	Cell to Host	Lathe IDLE 1
 8:39:36	Cell to Host	Robot1 BUSY 4
 8:39:48	Cell to Host	Robot1 IDLE 4
 8:39:49	Cell to Host	Lathe BUSY 1
 8:39:49	Cell to Host	Lathe IDLE 1
 8:39:50	Cell to Host	Robot1 BUSY 5
 8:40:01	Cell to Host	Robot1 IDLE 5
 8:40:02	Cell to Host	Lathe BUSY 2
 8:40:04	Cell to Host	Lathe IDLE 2
 8:40:04	Cell to Host	Robot1 BUSY 2
 8:40:10	Cell to Host	Robot1 IDLE 2
 8:40:10	Cell to Host	Lathe BUSY 5 TEST_l.FNC
 8:40:10	Cell to Host	Lathe IDLE 5 TEST_l.FNC
 8:40:11	Cell to Host	Lathe BUSY 3
 8:40:20	Cell to Host	Lathe IDLE 3
 8:40:21	Cell to Host	Robot1 BUSY 3
 8:40:28	Cell to Host	Robot1 IDLE 3
 8:40:29	Cell to Host	Lathe BUSY 1
 8:40:30	Cell to Host	Lathe IDLE 1
 8:40:30	Cell to Host	Robot1 BUSY 6
 8:40:42	Turning Test	IDLE
 8:40:43	Cell to Host	Robot1 IDLE 6
 8:40:43	Cell to Host	IDLE TEST_L.SEQ
 8:40:46	DoCommand TEST_L.SEQ
 8:40:46	Turning Test	Ready
 8:40:47	Turning Test	BUSY
 8:40:47	Cell to Host	Ready TEST_L.SEQ
 8:40:48	Cell to Host	BUSY TEST_L.SEQ
 8:40:48	Cell to Host	Lathe BUSY 1
 8:40:48	Cell to Host	Lathe IDLE 1
 8:40:49	Cell to Host	Robot1 BUSY 1
 8:41:01	Cell to Host	Robot1 IDLE 1
 8:41:02	Cell to Host	Lathe BUSY 2
 8:41:03	Cell to Host	Lathe IDLE 2
 8:41:04	Cell to Host	Robot1 BUSY 2
 8:41:10	Cell to Host	Robot1 IDLE 2
 8:41:10	Cell to Host	Lathe BUSY 5 TEST_l.FNC
 8:41:10	Cell to Host	Lathe IDLE 5 TEST_l.FNC
 8:41:11	Cell to Host	Lathe BUSY 3
 8:41:21	Cell to Host	Lathe IDLE 3
 8:41:22	Cell to Host	Robot1 BUSY 3
 8:41:28	Cell to Host	Robot1 IDLE 3
 8:41:29	Cell to Host	Lathe BUSY 1
 8:41:30	Cell to Host	Lathe IDLE 1
 8:41:31	Cell to Host	Robot1 BUSY 4
 8:41:43	Cell to Host	Robot1 IDLE 4
 8:41:44	Cell to Host	Lathe BUSY 1
 8:41:44	Cell to Host	Lathe IDLE 1
 8:41:44	Cell to Host	Robot1 BUSY 5
 8:41:56	Cell to Host	Robot1 IDLE 5
 8:41:57	Cell to Host	Lathe BUSY 2
 8:41:58	Cell to Host	Lathe IDLE 2
 8:41:59	Cell to Host	Robot1 BUSY 2
 8:42:04	Cell to Host	Robot1 IDLE 2
 8:42:05	Cell to Host	Lathe BUSY 5 TEST_l.FNC
 8:42:05	Cell to Host	Lathe IDLE 5 TEST_l.FNC
 8:42:05	Cell to Host	Lathe BUSY 3
 8:42:15	Cell to Host	Lathe IDLE 3
 8:42:16	Cell to Host	Robot1 BUSY 3
 8:42:23	Cell to Host	Robot1 IDLE 3
 8:42:23	Cell to Host	Lathe BUSY 1
 8:42:24	Cell to Host	Lathe IDLE 1
 8:42:25	Cell to Host	Robot1 BUSY 6
 8:42:37	Turning Test	IDLE
 8:42:38	Cell to Host	Robot1 IDLE 6
 8:42:39	Cell to Host	IDLE TEST_L.SEQ
 8:42:41	DoCommand TEST_L.SEQ
 8:42:41	Turning Test	Ready
 8:42:42	Turning Test	BUSY
 8:42:42	Cell to Host	Ready TEST_L.SEQ
 8:42:43	Cell to Host	BUSY TEST_L.SEQ
 8:42:43	Cell to Host	Lathe BUSY 1
 8:42:44	Cell to Host	Lathe IDLE 1
 8:42:44	Cell to Host	Robot1 BUSY 1
 8:42:56	Cell to Host	Robot1 IDLE 1
 8:42:57	Cell to Host	Lathe BUSY 2
 8:42:58	Cell to Host	Lathe IDLE 2
 8:42:59	Cell to Host	Robot1 BUSY 2
 8:43:04	Cell to Host	Robot1 IDLE 2
 8:43:05	Cell to Host	Lathe BUSY 5 TEST_l.FNC
 8:43:05	Cell to Host	Lathe IDLE 5 TEST_l.FNC
 8:43:06	Cell to Host	Lathe BUSY 3
 8:43:16	Cell to Host	Lathe IDLE 3
 8:43:17	Cell to Host	Robot1 BUSY 3
 8:43:23	Cell to Host	Robot1 IDLE 3
 8:43:24	Cell to Host	Lathe BUSY 1
 8:43:25	Cell to Host	Lathe IDLE 1
 8:43:26	Cell to Host	Robot1 BUSY 4
 8:43:38	Cell to Host	Robot1 IDLE 4
 8:43:39	Cell to Host	Lathe BUSY 1
 8:43:39	Cell to Host	Lathe IDLE 1
 8:43:40	Cell to Host	Robot1 BUSY 5
 8:43:52	Cell to Host	Robot1 IDLE 5
 8:43:53	Cell to Host	Lathe BUSY 2
 8:43:54	Cell to Host	Lathe IDLE 2
 8:43:54	Cell to Host	Robot1 BUSY 2
 8:44:00	Cell to Host	Robot1 IDLE 2
 8:44:00	Cell to Host	Lathe BUSY 5 TEST_l.FNC
 8:44:00	Cell to Host	Lathe IDLE 5 TEST_l.FNC
 8:44:01	Cell to Host	Lathe BUSY 3
 8:44:11	Cell to Host	Lathe IDLE 3
 8:44:12	Cell to Host	Robot1 BUSY 3
 8:44:19	Cell to Host	Robot1 IDLE 3
 8:44:20	Cell to Host	Lathe BUSY 1
 8:44:20	Cell to Host	Lathe IDLE 1
 8:44:21	Cell to Host	Robot1 BUSY 6
 8:44:33	Turning Test	IDLE
 8:44:33	Cell to Host	Robot1 IDLE 6
 8:44:34	Cell to Host	IDLE TEST_L.SEQ
 8:48:10	Disconnect
 8:50:15	Disconnect
 8:52:56	DoCommand TEST_L.SEQ
 8:52:56	Turning Test	Ready
 8:52:57	Turning Test	BUSY
 8:52:58	Cell to Host	Ready TEST_L.SEQ
 8:52:59	Cell to Host	BUSY TEST_L.SEQ
 8:52:59	Cell to Host	Lathe BUSY 1
 8:53:00	Cell to Host	Lathe IDLE 1
 8:53:01	Cell to Host	Robot1 BUSY 1
 8:53:13	Cell to Host	Robot1 IDLE 1
 8:53:13	Cell to Host	Lathe BUSY 2
 8:53:15	Cell to Host	Lathe IDLE 2
 8:53:16	Cell to Host	Robot1 BUSY 2
 8:53:21	Cell to Host	Robot1 IDLE 2
 8:53:23	Cell to Host	Lathe BUSY 5 TEST_l.FNC
 8:53:23	Cell to Host	Lathe IDLE 5 TEST_l.FNC
 8:53:23	Cell to Host	Lathe BUSY 3
 8:53:34	Cell to Host	Lathe IDLE 3
 8:53:35	Cell to Host	Robot1 BUSY 3
 8:53:42	Cell to Host	Robot1 IDLE 3
 8:53:43	Cell to Host	Lathe BUSY 1
 8:53:44	Cell to Host	Lathe IDLE 1
 8:53:44	Cell to Host	Robot1 BUSY 4
 8:53:57	Cell to Host	Robot1 IDLE 4
 8:53:58	Cell to Host	Lathe BUSY 1
 8:53:59	Cell to Host	Lathe IDLE 1
 8:53:59	Cell to Host	Robot1 BUSY 5
 8:54:11	Cell to Host	Robot1 IDLE 5
 8:54:12	Cell to Host	Lathe BUSY 2
 8:54:14	Cell to Host	Lathe IDLE 2
 8:54:14	Cell to Host	Robot1 BUSY 2
 8:54:19	Cell to Host	Robot1 IDLE 2
 8:54:20	Cell to Host	Lathe BUSY 5 TEST_l.FNC
 8:54:20	Cell to Host	Lathe IDLE 5 TEST_l.FNC
 8:54:21	Cell to Host	Lathe BUSY 3
 8:54:31	Cell to Host	Lathe IDLE 3
 8:54:31	Cell to Host	Robot1 BUSY 3
 8:54:38	Cell to Host	Robot1 IDLE 3
 8:54:39	Cell to Host	Lathe BUSY 1
 8:54:40	Cell to Host	Lathe IDLE 1
 8:54:40	Cell to Host	Robot1 BUSY 6
 8:54:53	Turning Test	IDLE
 8:54:53	Cell to Host	Robot1 IDLE 6
 8:54:53	Cell to Host	IDLE TEST_L.SEQ
 8:54:55	DoCommand TEST_L.SEQ
 8:54:55	Turning Test	Ready
 8:54:56	Turning Test	BUSY
 8:54:56	Cell to Host	Ready TEST_L.SEQ
 8:54:57	Cell to Host	BUSY TEST_L.SEQ
 8:54:57	Cell to Host	Lathe BUSY 1
 8:54:57	Cell to Host	Lathe IDLE 1
 8:54:58	Cell to Host	Robot1 BUSY 1
 8:55:10	Cell to Host	Robot1 IDLE 1
 8:55:11	Cell to Host	Lathe BUSY 2
 8:55:13	Cell to Host	Lathe IDLE 2
 8:55:14	Cell to Host	Robot1 BUSY 2
 8:55:19	Cell to Host	Robot1 IDLE 2
 8:55:19	Cell to Host	Lathe BUSY 5 TEST_l.FNC
 8:55:19	Cell to Host	Lathe IDLE 5 TEST_l.FNC
 8:55:20	Cell to Host	Lathe BUSY 3
 8:55:30	Cell to Host	Lathe IDLE 3
 8:55:31	Cell to Host	Robot1 BUSY 3
 8:55:37	Cell to Host	Robot1 IDLE 3
 8:55:38	Cell to Host	Lathe BUSY 1
 8:55:40	Cell to Host	Lathe IDLE 1
 8:55:40	Cell to Host	Robot1 BUSY 4
 8:55:52	Cell to Host	Robot1 IDLE 4
 8:55:53	Cell to Host	Lathe BUSY 1
 8:55:53	Cell to Host	Lathe IDLE 1
 8:55:53	Cell to Host	Robot1 BUSY 5
 8:56:06	Cell to Host	Robot1 IDLE 5
 8:56:07	Cell to Host	Lathe BUSY 2
 8:56:08	Cell to Host	Lathe IDLE 2
 8:56:08	Cell to Host	Robot1 BUSY 2
 8:56:13	Cell to Host	Robot1 IDLE 2
 8:56:14	Cell to Host	Lathe BUSY 5 TEST_l.FNC
 8:56:14	Cell to Host	Lathe IDLE 5 TEST_l.FNC
 8:56:15	Cell to Host	Lathe BUSY 3
 8:56:25	Cell to Host	Lathe IDLE 3
 8:56:25	Cell to Host	Robot1 BUSY 3
 8:56:32	Cell to Host	Robot1 IDLE 3
 8:56:32	Cell to Host	Lathe BUSY 1
 8:56:34	Cell to Host	Lathe IDLE 1
 8:56:34	Cell to Host	Robot1 BUSY 6
 8:56:46	Turning Test	IDLE
 8:56:47	Cell to Host	Robot1 IDLE 6
 8:56:48	Cell to Host	IDLE TEST_L.SEQ
 8:56:50	DoCommand TEST_L.SEQ
 8:56:50	Turning Test	Ready
 8:56:51	Turning Test	BUSY
 8:56:51	Cell to Host	Ready TEST_L.SEQ
 8:56:52	Cell to Host	BUSY TEST_L.SEQ
 8:56:52	Cell to Host	Lathe BUSY 1
 8:56:53	Cell to Host	Lathe IDLE 1
 8:56:54	Cell to Host	Robot1 BUSY 1
 8:57:05	Cell to Host	Robot1 IDLE 1
 8:57:06	Cell to Host	Lathe BUSY 2
 8:57:08	Cell to Host	Lathe IDLE 2
 8:57:08	Cell to Host	Robot1 BUSY 2
 8:57:13	Cell to Host	Robot1 IDLE 2
 8:57:14	Cell to Host	Lathe BUSY 5 TEST_l.FNC
 8:57:14	Cell to Host	Lathe IDLE 5 TEST_l.FNC
 8:57:15	Cell to Host	Lathe BUSY 3
 8:57:25	Cell to Host	Lathe IDLE 3
 8:57:26	Cell to Host	Robot1 BUSY 3
 8:57:33	Cell to Host	Robot1 IDLE 3
 8:57:33	Cell to Host	Lathe BUSY 1
 8:57:35	Cell to Host	Lathe IDLE 1
 8:57:35	Cell to Host	Robot1 BUSY 4
 8:57:48	Cell to Host	Robot1 IDLE 4
 8:57:48	Cell to Host	Lathe BUSY 1
 8:57:48	Cell to Host	Lathe IDLE 1
 8:57:49	Cell to Host	Robot1 BUSY 5
 8:58:00	Cell to Host	Robot1 IDLE 5
 8:58:01	Cell to Host	Lathe BUSY 2
 8:58:03	Cell to Host	Lathe IDLE 2
 8:58:03	Cell to Host	Robot1 BUSY 2
 8:58:08	Cell to Host	Robot1 IDLE 2
 8:58:09	Cell to Host	Lathe BUSY 5 TEST_l.FNC
 8:58:09	Cell to Host	Lathe IDLE 5 TEST_l.FNC
 8:58:10	Cell