18:10:2004
18:10:2004
19:11:2004
22:11:2004
10:20:34	BUSY
10:20:34	BUSY
22:11:2004
11:48:41	BUSY
11:48:41	BUSY
22:11:2004
11:52:51	BUSY
11:52:51	BUSY
24:11:2004
 8:19:54	BUSY
 8:19:54	BUSY
24:11:2004
11:19:08	BUSY 1
11:19:12	IDLE
11:19:14	BUSY 2
11:19:14	IDLE 2
24:11:2004
11:20:47	BUSY 1
11:20:51	IDLE
11:20:54	BUSY 2
11:20:54	IDLE 2
11:21:02	BUSY 5 C:\CIM\CELL1\TEST_L.FNC
11:21:02	IDLE 5 C:\CIM\CELL1\TEST_L.FNC
11:21:11	BUSY 3
11:21:16	IDLE
11:34:42	BUSY 1
11:34:44	IDLE
11:34:46	BUSY 2
11:34:46	IDLE 2
11:34:52	BUSY 5 C:\CIM\CELL1\TEST_L.FNC
11:41:03	ERROR RS232 Download aborted
11:41:05	IDLE
11:44:49	BUSY 1
11:44:51	IDLE 1
11:44:54	BUSY 2
11:44:55	IDLE 2
11:45:11	BUSY
11:45:50	IDLE
11:45:51	BUSY
11:46:05	IDLE
11:46:21	BUSY
11:46:54	IDLE
11:49:29	BUSY 3
11:49:53	IDLE
11:50:25	BUSY 3
11:50:28	IDLE
11:50:33	BUSY 5 C:\CIM\CELL1\TEST_L.FNC
11:50:33	IDLE 5 C:\CIM\CELL1\TEST_L.FNC
11:50:33	BUSY
11:50:42	IDLE
11:50:49	BUSY 5 C:\CIM\CELL1\TEST_L.FNC
11:50:49	IDLE 5 C:\CIM\CELL1\TEST_L.FNC
11:50:50	BUSY
11:50:58	IDLE
11:51:30	BUSY 5 C:\CIM\CELL1\TEST_L.FNC
11:51:30	IDLE 5 C:\CIM\CELL1\TEST_L.FNC
11:51:37	BUSY 3
11:57:35	IDLE
12:08:49	BUSY 1
12:08:50	IDLE 1
12:08:54	BUSY 2
12:08:55	IDLE 2
12:09:01	BUSY 5 C:\CIM\CELL1\TEST_L.FNC
12:09:01	IDLE 5 C:\CIM\CELL1\TEST_L.FNC
12:09:04	BUSY 3
12:09:14	IDLE 3
12:09:18	BUSY 5 C:\CIM\CELL1\TEST_L.FNC
12:09:18	IDLE 5 C:\CIM\CELL1\TEST_L.FNC
12:09:21	BUSY 3
12:09:31	IDLE 3
12:09:34	BUSY 1
12:09:36	IDLE 1
16:01:45	BUSY 1
16:01:45	IDLE 1
16:05:49	BUSY 2
16:05:51	IDLE 2
16:05:53	BUSY 1
16:05:55	IDLE 1
16:06:00	BUSY 5 C:\CIM\CELL1\TEST_L.FNC
16:06:00	IDLE 5 C:\CIM\CELL1\TEST_L.FNC
16:06:04	BUSY 3
16:06:15	IDLE 3
16:06:28	BUSY 1
16:06:28	IDLE 1
16:06:40	BUSY 2
16:06:41	IDLE 2
16:06:46	BUSY 5 TEST_l.FNC
16:06:46	IDLE 5 TEST_l.FNC
16:06:46	BUSY 3
16:06:57	IDLE 3
16:08:10	BUSY 1
16:08:12	IDLE 1
16:08:23	BUSY 2
16:08:25	IDLE 2
16:08:30	BUSY 5 TEST_l.FNC
16:08:30	IDLE 5 TEST_l.FNC
16:08:30	BUSY 3
16:08:41	IDLE 3
16:10:28	BUSY 1
16:10:30	IDLE 1
16:10:42	BUSY 2
16:10:43	IDLE 2
16:10:48	BUSY 5 TEST_l.FNC
16:10:48	IDLE 5 TEST_l.FNC
16:10:48	BUSY 3
16:10:59	IDLE 3
24:11:2004
16:12:40	BUSY 1
16:12:42	IDLE 1
16:12:53	BUSY 2
16:12:55	IDLE 2
16:12:59	BUSY 5 TEST_l.FNC
16:12:59	IDLE 5 TEST_l.FNC
16:13:00	BUSY 3
16:13:11	IDLE 3
16:13:17	BUSY 1
16:13:19	IDLE 1
16:13:29	BUSY 1
16:13:30	IDLE 1
16:13:42	BUSY 2
16:13:44	IDLE 2
16:13:48	BUSY 5 TEST_l.FNC
16:13:49	IDLE 5 TEST_l.FNC
16:13:49	BUSY 3
16:14:00	IDLE 3
16:14:06	BUSY 1
16:14:08	IDLE 1
16:17:00	BUSY 1
16:17:00	IDLE 1
16:17:12	BUSY 2
16:17:14	IDLE 2
16:17:19	BUSY 5 TEST_l.FNC
16:17:19	IDLE 5 TEST_l.FNC
16:17:19	BUSY 3
16:17:30	IDLE 3
16:17:36	BUSY 1
16:17:38	IDLE 1
16:17:49	BUSY 1
16:17:49	IDLE 1
16:18:01	BUSY 2
16:18:03	IDLE 2
16:18:08	BUSY 5 TEST_l.FNC
16:18:08	IDLE 5 TEST_l.FNC
16:18:08	BUSY 3
16:18:19	IDLE 3
16:18:25	BUSY 1
16:18:27	IDLE 1
25:11:2004
 8:25:30	BUSY 1
 8:25:31	IDLE 1
 8:25:34	BUSY 2
 8:25:36	IDLE 2
 8:25:40	BUSY 5 C:\CIM\CELL1\TEST_L.FNC
 8:25:40	IDLE 5 C:\CIM\CELL1\TEST_L.FNC
 8:25:43	BUSY 3
 8:25:54	IDLE 3
 8:31:26	BUSY 1
 8:31:27	IDLE 1
 8:49:06	BUSY 1
 8:49:06	IDLE 1
 8:49:18	BUSY 2
 8:49:20	IDLE 2
 8:49:25	BUSY 5 TEST_l.FNC
 8:49:25	IDLE 5 TEST_l.FNC
 8:49:26	BUSY 3
 8:49:36	IDLE 3
 8:49:43	BUSY 1
 8:49:44	IDLE 1
 8:49:55	BUSY 1
 8:49:55	IDLE 1
 8:50:08	BUSY 2
 8:50:09	IDLE 2
 8:50:14	BUSY 5 TEST_l.FNC
 8:50:14	IDLE 5 TEST_l.FNC
 8:50:15	BUSY 3
 8:50:25	IDLE 3
 8:50:32	BUSY 1
 8:50:33	IDLE 1
 8:56:07	BUSY 1
 8:56:07	IDLE 1
 8:56:19	BUSY 2
 8:56:20	IDLE 2
 8:56:25	BUSY 5 TEST_l.FNC
 8:56:25	IDLE 5 TEST_l.FNC
 8:56:26	BUSY 3
 8:56:36	IDLE 3
 8:56:43	BUSY 1
 8:56:44	IDLE 1
 8:56:55	BUSY 1
 8:56:55	IDLE 1
 8:57:08	BUSY 2
 8:57:09	IDLE 2
 8:57:14	BUSY 5 TEST_l.FNC
 8:57:14	IDLE 5 TEST_l.FNC
 8:57:15	BUSY 3
 8:57:25	IDLE 3
 8:57:31	BUSY 1
 8:57:33	IDLE 1
 8:58:34	BUSY 1
 8:58:34	IDLE 1
 8:58:45	BUSY 2
 8:58:46	IDLE 2
 8:58:51	BUSY 5 TEST_l.FNC
 8:58:51	IDLE 5 TEST_l.FNC
 8:58:51	BUSY 3
 8:59:02	IDLE 3
 8:59:09	BUSY 1
 8:59:10	IDLE 1
 8:59:21	BUSY 1
 8:59:21	IDLE 1
 8:59:34	BUSY 2
 8:59:35	IDLE 2
 8:59:40	BUSY 5 TEST_l.FNC
 8:59:40	IDLE 5 TEST_l.FNC
 8:59:40	BUSY 3
 8:59:51	IDLE 3
 8:59:58	BUSY 1
 8:59:59	IDLE 1
 9:00:39	BUSY 1
 9:00:39	IDLE 1
 9:00:51	BUSY 2
 9:00:53	IDLE 2
 9:00:58	BUSY 5 TEST_l.FNC
 9:00:58	IDLE 5 TEST_l.FNC
 9:00:59	BUSY 3
 9:01:09	IDLE 3
 9:01:16	BUSY 1
 9:01:17	IDLE 1
 9:01:28	BUSY 1
 9:01:28	IDLE 1
 9:01:41	BUSY 2
 9:01:42	IDLE 2
 9:01:47	BUSY 5 TEST_l.FNC
 9:01:47	IDLE 5 TEST_l.FNC
 9:01:47	BUSY 3
 9:01:58	IDLE 3
 9:02:05	BUSY 1
 9:02:06	IDLE 1
10:07:16	BUSY 1
10:07:16	IDLE 1
10:07:28	BUSY 2
10:07:29	IDLE 2
10:07:34	BUSY 5 TEST_l.FNC
10:07:34	IDLE 5 TEST_l.FNC
10:07:35	BUSY 3
10:07:45	IDLE 3
10:07:51	BUSY 1
10:07:53	IDLE 1
10:08:03	BUSY 1
10:08:04	IDLE 1
10:08:16	BUSY 2
10:08:18	IDLE 2
10:08:22	BUSY 5 TEST_l.FNC
10:08:23	IDLE 5 TEST_l.FNC
10:08:23	BUSY 3
10:08:34	IDLE 3
10:08:40	BUSY 1
10:08:42	IDLE 1
12:10:00	BUSY 1
12:10:01	IDLE 1
12:10:12	BUSY 2
12:10:14	IDLE 2
12:10:19	BUSY 5 TEST_l.FNC
12:10:19	IDLE 5 TEST_l.FNC
12:10:19	BUSY 3
12:10:31	IDLE 3
12:10:38	BUSY 1
12:10:40	IDLE 1
12:10:51	BUSY 1
12:10:51	IDLE 1
12:11:04	BUSY 2
12:11:05	IDLE 2
12:11:10	BUSY 5 TEST_l.FNC
12:11:10	IDLE 5 TEST_l.FNC
12:11:11	BUSY 3
12:11:21	IDLE 3
12:11:28	BUSY 1
12:11:29	IDLE 1
13:48:25	BUSY 1
13:48:25	IDLE 1
13:48:37	BUSY 2
13:48:38	IDLE 2
13:48:43	BUSY 5 TEST_l.FNC
13:48:43	IDLE 5 TEST_l.FNC
13:48:44	BUSY 3
13:48:54	IDLE 3
13:49:01	BUSY 1
13:49:02	IDLE 1
13:49:13	BUSY 1
13:49:13	IDLE 1
13:49:26	BUSY 2
13:49:27	IDLE 2
13:49:32	BUSY 5 TEST_l.FNC
13:49:32	IDLE 5 TEST_l.FNC
13:49:33	BUSY 3
13:49:42	IDLE 3
13:49:49	BUSY 1
13:49:50	IDLE 1
14:26:29	BUSY 1
14:26:29	IDLE 1
14:26:40	BUSY 2
14:26:42	IDLE 2
14:26:47	BUSY 5 TEST_l.FNC
14:26:47	IDLE 5 TEST_l.FNC
14:26:48	BUSY 3
14:26:58	IDLE 3
14:27:05	BUSY 1
14:27:06	IDLE 1
14:27:17	BUSY 1
14:27:17	IDLE 1
14:27:30	BUSY 2
14:27:31	IDLE 2
14:27:36	BUSY 5 TEST_l.FNC
14:27:36	IDLE 5 TEST_l.FNC
14:27:37	BUSY 3
14:27:47	IDLE 3
14:27:54	BUSY 1
14:27:55	IDLE 1
14:28:14	BUSY 1
14:28:14	IDLE 1
14:28:26	BUSY 2
14:28:27	IDLE 2
14:28:32	BUSY 5 TEST_l.FNC
14:28:32	IDLE 5 TEST_l.FNC
14:28:33	BUSY 3
14:28:43	IDLE 3
14:28:50	BUSY 1
14:28:51	IDLE 1
14:29:02	BUSY 1
14:29:03	IDLE 1
14:29:16	BUSY 2
14:29:17	IDLE 2
14:29:22	BUSY 5 TEST_l.FNC
14:29:22	IDLE 5 TEST_l.FNC
14:29:23	BUSY 3
14:29:33	IDLE 3
14:29:40	BUSY 1
14:29:41	IDLE 1
14:55:07	BUSY 1
14:55:07	IDLE 1
14:55:19	BUSY 2
14:55:21	IDLE 2
14:55:26	BUSY 5 TEST_l.FNC
14:55:26	IDLE 5 TEST_l.FNC
14:55:27	BUSY 3
14:55:37	IDLE 3
14:55:44	BUSY 1
14:55:45	IDLE 1
14:55:56	BUSY 1
14:55:56	IDLE 1
14:56:09	BUSY 2
14:56:10	IDLE 2
14:56:15	BUSY 5 TEST_l.FNC
14:56:15	IDLE 5 TEST_l.FNC
14:56:16	BUSY 3
14:56:26	IDLE 3
14:56:33	BUSY 1
14:56:34	IDLE 1
14:56:53	BUSY 1
14:56:53	IDLE 1
14:57:05	BUSY 2
14:57:06	IDLE 2
14:57:11	BUSY 5 TEST_l.FNC
14:57:11	IDLE 5 TEST_l.FNC
14:57:12	BUSY 3
14:57:22	IDLE 3
14:57:29	BUSY 1
14:57:30	IDLE 1
14:57:41	BUSY 1
14:57:42	IDLE 1
14:57:55	BUSY 2
14:57:56	IDLE 2
14:58:01	BUSY 5 TEST_l.FNC
14:58:01	IDLE 5 TEST_l.FNC
14:58:02	BUSY 3
14:58:12	IDLE 3
14:58:19	BUSY 1
14:58:20	IDLE 1
15:05:36	BUSY 1
15:05:36	IDLE 1
15:05:48	BUSY 2
15:05:50	IDLE 2
15:05:55	BUSY 5 TEST_l.FNC
15:05:55	IDLE 5 TEST_l.FNC
15:05:56	BUSY 3
15:06:06	IDLE 3
15:06:13	BUSY 1
15:06:14	IDLE 1
15:06:25	BUSY 1
15:06:25	IDLE 1
15:06:38	BUSY 2
15:06:39	IDLE 2
15:06:44	BUSY 5 TEST_l.FNC
15:06:44	IDLE 5 TEST_l.FNC
15:06:45	BUSY 3
15:06:55	IDLE 3
15:07:02	BUSY 1
15:07:03	IDLE 1
15:11:29	BUSY 1
15:11:29	IDLE 1
15:11:40	BUSY 2
15:11:42	IDLE 2
15:11:47	BUSY 5 TEST_l.FNC
15:11:47	IDLE 5 TEST_l.FNC
15:11:48	BUSY 3
15:11:58	IDLE 3
15:12:05	BUSY 1
15:12:06	IDLE 1
15:12:17	BUSY 1
15:12:17	IDLE 1
15:12:30	BUSY 2
15:12:31	IDLE 2
15:12:36	BUSY 5 TEST_l.FNC
15:12:36	IDLE 5 TEST_l.FNC
15:12:37	BUSY 3
15:12:47	IDLE 3
15:12:54	BUSY 1
15:12:55	IDLE 1
15:13:15	BUSY 1
15:13:15	IDLE 1
15:13:27	BUSY 2
15:13:28	IDLE 2
15:13:33	BUSY 5 TEST_l.FNC
15:13:33	IDLE 5 TEST_l.FNC
15:13:34	BUSY 3
15:13:44	IDLE 3
15:13:51	BUSY 1
15:13:52	IDLE 1
15:14:03	BUSY 1
15:14:03	IDLE 1
15:14:16	BUSY 2
15:14:18	IDLE 2
15:14:23	BUSY 5 TEST_l.FNC
15:14:23	IDLE 5 TEST_l.FNC
15:14:24	BUSY 3
15:14:34	IDLE 3
15:14:41	BUSY 1
15:14:42	IDLE 1
15:22:29	BUSY 1
15:22:29	IDLE 1
15:22:40	BUSY 2
15:22:42	IDLE 2
15:22:47	BUSY 5 TEST_l.FNC
15:22:47	IDLE 5 TEST_l.FNC
15:22:48	BUSY 3
15:22:58	IDLE 3
15:23:05	BUSY 1
15:23:06	IDLE 1
15:23:17	BUSY 1
15:23:17	IDLE 1
15:23:30	BUSY 2
15:23:31	IDLE 2
15:23:36	BUSY 5 TEST_l.FNC
15:23:36	IDLE 5 TEST_l.FNC
15:23:37	BUSY 3
126:11:2004
 6:56:18	BUSY 1
 6:56:19	IDLE 1
 6:56:21	BUSY 2
 6:56:22	IDLE 2
 6:56:26	BUSY 5 C:\CIM\CELL1\TEST_L.FNC
 6:56:26	IDLE 5 C:\CIM\CELL1\TEST_L.FNC
 6:56:30	BUSY 3
 6:56:40	IDLE 3
 6:57:16	BUSY 1
 6:57:18	IDLE 1
 6:57:30	BUSY 2
 6:57:32	IDLE 2
 6:57:37	BUSY 5 TEST_l.FNC
 6:57:37	IDLE 5 TEST_l.FNC
 6:57:38	BUSY 3
 6:57:47	IDLE 3
 6:57:54	BUSY 1
 6:57:55	IDLE 1
 6:58:06	BUSY 1
 6:58:06	IDLE 1
 6:58:19	BUSY 2
 6:58:20	IDLE 2
 6:58:25	BUSY 5 TEST_l.FNC
 6:58:25	IDLE 5 TEST_l.FNC
 6:58:26	BUSY 3
 6:58:36	IDLE 3
 6:58:43	BUSY 1
 6:58:44	IDLE 1
 6:59:27	BUSY 1
 6:59:27	IDLE 1
 6:59:39	BUSY 2
 6:59:40	IDLE 2
 6:59:45	BUSY 5 TEST_l.FNC
 6:59:45	IDLE 5 TEST_l.FNC
 6:59:46	BUSY 3
 6:59:56	IDLE 3
 7:00:03	BUSY 1
 7:00:04	IDLE 1
 7:00:15	BUSY 1
 7:00:15	IDLE 1
 7:00:28	BUSY 2
 7:00:29	IDLE 2
 7:00:34	BUSY 5 TEST_l.FNC
 7:00:34	IDLE 5 TEST_l.FNC
 7:00:35	BUSY 3
 7:00:45	IDLE 3
 7:00:52	BUSY 1
 7:00:53	IDLE 1
 9:00:59	BUSY 1
 9:00:59	IDLE 1
 9:01:11	BUSY 2
 9:01:12	IDLE 2
 9:01:17	BUSY 5 TEST_l.FNC
 9:01:17	IDLE 5 TEST_l.FNC
 9:01:18	BUSY 3
 9:01:28	IDLE 3
 9:01:35	BUSY 1
 9:01:36	IDLE 1
 9:01:47	BUSY 1
 9:01:47	IDLE 1
 9:02:00	BUSY 2
 9:02:01	IDLE 2
 9:02:06	BUSY 5 TEST_l.FNC
 9:02:06	IDLE 5 TEST_l.FNC
 9:02:07	BUSY 3
 9:02:17	IDLE 3
 9:02:24	BUSY 1
 9:02:25	IDLE 1
 9:11:59	BUSY 1
 9:11:59	IDLE 1
 9:12:11	BUSY 2
 9:12:12	IDLE 2
 9:12:17	BUSY 5 TEST_l.FNC
 9:12:17	IDLE 5 TEST_l.FNC
 9:12:18	BUSY 3
 9:12:28	IDLE 3
 9:12:35	BUSY 1
 9:12:36	IDLE 1
 9:12:47	BUSY 1
 9:12:47	IDLE 1
 9:13:00	BUSY 2
 9:13:01	IDLE 2
 9:13:06	BUSY 5 TEST_l.FNC
 9:13:06	IDLE 5 TEST_l.FNC
 9:13:07	BUSY 3
 9:13:17	IDLE 3
 9:13:24	BUSY 1
 9:13:25	IDLE 1
11:33:44	BUSY 1
11:33:45	IDLE 1
11:33:56	BUSY 2
11:33:57	IDLE 2
11:34:02	BUSY 5 TEST_l.FNC
11:34:02	IDLE 5 TEST_l.FNC
11:34:03	BUSY 3
11:34:13	IDLE 3
11:34:20	BUSY 1
11:34:21	IDLE 1
11:34:32	BUSY 1
11:34:32	IDLE 1
11:34:45	BUSY 2
11:34:46	IDLE 2
11:34:51	BUSY 5 TEST_l.FNC
11:34:51	IDLE 5 TEST_l.FNC
11:34:52	BUSY 3
11:35:02	IDLE 3
11:35:09	BUSY 1
11:35:10	IDLE 1
11:35:39	BUSY 1
11:35:39	IDLE 1
11:35:51	29:11:2004
 9:11:42	BUSY 5 C:\CIM\CELL1\KING_L.FNC
 9:11:43	IDLE 5 C:\CIM\CELL1\KING_L.FNC
 9:12:34	BUSY 5 C:\CIM\CELL1\QUEEN_L.FNC
 9:12:35	IDLE 5 C:\CIM\CELL1\QUEEN_L.FNC
 9:12:48	BUSY 5 C:\CIM\CELL1\BISHOP_L.FNC
 9:12:50	IDLE 5 C:\CIM\CELL1\BISHOP_L.FNC
 9:12:55	BUSY 5 C:\CIM\CELL1\KNIGHT_L.FNC
 9:12:57	IDLE 5 C:\CIM\CELL1\KNIGHT_L.FNC
 9:13:04	BUSY 5 C:\CIM\CELL1\ROOK_L.FNC
 9:14:58	ERROR RS232 Download aborted
 9:15:00	IDLE
13:13:53	BUSY 5 C:\CIM\CELL1\ROOK_L.FNC
13:13:54	IDLE 5 C:\CIM\CELL1\ROOK_L.FNC30:11:2004
13:28:49	BUSY 2
13:28:50	IDLE 2
13:28:56	BUSY 2
13:28:56	IDLE 2
13:29:00	BUSY 1
13:29:18	IDLE
13:30:39	BUSY 1
13:30:43	IDLE
13:30:46	BUSY 2
13:30:46	IDLE 2
13:30:51	BUSY 1
30:11:2004
13:32:00	BUSY 1
13:32:03	IDLE
13:33:10	BUSY 1
13:33:12	IDLE
13:33:14	BUSY 2
13:33:14	IDLE 2
13:33:19	BUSY 1
13:38:59	IDLE
13:39:12	BUSY 1
13:39:16	IDLE
13:39:18	BUSY 2
13:39:18	IDLE 2
13:44:07	BUSY 2
13:44:07	IDLE 2
13:44:10	BUSY 1
13:49:16	IDLE 1
13:51:00	BUSY 2
13:51:01	IDLE 2
13:51:04	BUSY 1
13:51:05	IDLE 1
13:51:08	BUSY 2
13:51:10	IDLE 2
13:52:16	BUSY 1
13:52:17	IDLE 1
13:52:22	BUSY 2
13:52:23	IDLE 2
13:52:29	BUSY 5 C:\CIM\CELL1\KING_L.FNC
13:52:30	IDLE 5 C:\CIM\CELL1\KING_L.FNC
13:52:34	BUSY 3
13:54:47	IDLE
13:54:59	BUSY 2
13:55:08	IDLE
13:55:22	BUSY 1
13:55:24	IDLE 1
13:55:26	BUSY 2
13:55:27	IDLE 2
13:55:33	BUSY 5 C:\CIM\CELL1\KING_L.FNC
13:55:34	IDLE 5 C:\CIM\CELL1\KING_L.FNC
13:55:40	BUSY 3
14:05:01	IDLE
14:05:57	BUSY 1
14:05:59	IDLE 1
14:06:01	BUSY 2
14:06:03	IDLE 2
14:06:12	BUSY 5 C:\CIM\CELL1\KING_L.FNC
14:06:13	IDLE 5 C:\CIM\CELL1\KING_L.FNC
14:06:19	BUSY 3
14:07:26	IDLE 3
14:07:33	BUSY 1
14:07:48	IDLE
14:07:52	BUSY 1
14:07:59	IDLE 1
14:08:03	BUSY 2
14:08:05	IDLE 2
14:08:07	BUSY 1
14:08:08	IDLE 1
14:08:35	BUSY 2
14:08:36	IDLE 2
14:08:38	BUSY 1
14:08:39	IDLE 1
14:08:43	BUSY 2
14:08:44	IDLE 2
14:08:49	BUSY 5 C:\CIM\CELL1\KING_L.FNC
14:08:51	IDLE 5 C:\CIM\CELL1\KING_L.FNC
14:08:53	BUSY 3
14:13:08	IDLE 3
14:13:16	BUSY 1
14:13:17	IDLE 1
14:15:04	BUSY 2
14:15:05	IDLE 2
14:15:11	BUSY 5 C:\CIM\CELL1\QUEEN_L.FNC
14:15:12	IDLE 5 C:\CIM\CELL1\QUEEN_L.FNC
14:15:14	BUSY 3
14:19:01	IDLE 3
14:29:51	BUSY 1
14:29:53	IDLE 1
14:30:41	BUSY 2
14:30:43	IDLE 2
14:30:48	BUSY 5 C:\CIM\CELL1\KNIGHT_L.FNC
14:30:50	IDLE 5 C:\CIM\CELL1\KNIGHT_L.FNC
14:30:52	BUSY 3
14:33:43	IDLE 3
14:35:27	BUSY 1
14:35:28	IDLE 1
14:35:36	BUSY 2
14:35:37	IDLE 2
14:35:42	BUSY 5 C:\CIM\CELL1\BISHOP_L.FNC
14:35:43	IDLE 5 C:\CIM\CELL1\BISHOP_L.FNC
14:35:46	BUSY 3
14:38:48	IDLE 3
14:38:51	BUSY 1
14:38:52	IDLE 1
14:39:00	BUSY 2
14:39:02	IDLE 2
14:39:07	BUSY 5 C:\CIM\CELL1\ROOK_L.FNC
14:39:08	IDLE 5 C:\CIM\CELL1\ROOK_L.FNC
14:39:11	BUSY 3
14:41:31	IDLE 3
14:41:35	BUSY 1
14:41:37	IDLE 1
14:41:47	BUSY 2
14:41:48	IDLE 2
14:42:12	BUSY 5 C:\CIM\CELL1\PAWN_L.FNC
14:42:13	IDLE 5 C:\CIM\CELL1\PAWN_L.FNC
14:42:15	BUSY 3
14:44:17	IDLE 3
14:44:23	BUSY 1
14:44:24	IDLE 1
14:47:41	BUSY 5 C:\CIM\CELL1\BISHOP_L.FNC
14:47:43	IDLE 5 C:\CIM\CELL1\BISHOP_L.FNC
14:50:24	BUSY 2
14:50:25	IDLE 2
14:52:35	BUSY 5 C:\CIM\CELL1\BISHOP_L.FNC
14:52:36	IDLE 5 C:\CIM\CELL1\BISHOP_L.FNC
14:52:38	BUSY 3
14:52:45	IDLE
14:52:55	BUSY 1
14:52:56	IDLE 1
14:52:59	BUSY 2
14:53:00	IDLE 2
14:53:01	BUSY
14:56:01	IDLE
14:58:25	BUSY 1
14:58:27	IDLE 1
14:59:20	BUSY 2
14:59:21	IDLE 2
14:59:42	BUSY 5 C:\CIM\CELL1\KNIGHT_L.FNC
14:59:43	IDLE 5 C:\CIM\CELL1\KNIGHT_L.FNC
14:59:49	BUSY 3
15:02:30	IDLE 3
15:02:35	BUSY 1
15:02:36	IDLE 1
06:04:2005
12:09:21	BUSY 1
12:09:22	IDLE 1
12:09:26	BUSY 2
12:09:27	IDLE 2
12:09:34	BUSY 5 C:\CIM\CELL1\TEST_L.FNC
12:09:34	IDLE 5 C:\CIM\CELL1\TEST_L.FNC
06:04:2005
12:10:32	BUSY 5 C:\CIM\CELL1\TEST_L.FNC
12:10:32	IDLE 5 C:\CIM\CELL1\TEST_L.FNC
06:04:2005
12:10:57	BUSY 5 C:\CIM\CELL1\TEST_L.FNC
12:10:57	IDLE 5 C:\CIM\CELL1\TEST_L.FNC
12:11:06	BUSY 3
12:11:14	IDLE 3
12:11:17	BUSY 1
12:11:19	IDLE 1
12:11:22	BUSY 2
12:11:23	IDLE 2
12:11:27	BUSY 5 C:\CIM\CELL1\TEST_L.FNC
12:11:27	IDLE 5 C:\CIM\CELL1\TEST_L.FNC
12:11:31	BUSY 3
12:11:42	IDLE 3
06:04:2005
12:17:29	BUSY 1
12:17:31	IDLE 1
12:17:45	BUSY 2
12:17:46	IDLE 2
12:17:52	BUSY 5 TEST_l.FNC
12:17:52	IDLE 5 TEST_l.FNC
12:17:53	BUSY 3
12:18:03	IDLE 3
12:18:11	BUSY 1
12:18:12	IDLE 1
12:18:25	BUSY 1
12:18:25	IDLE 1
12:18:38	BUSY 2
12:18:40	IDLE 2
12:18:46	BUSY 5 TEST_l.FNC
12:18:46	IDLE 5 TEST_l.FNC
12:18:47	BUSY 3
12:18:57	IDLE 3
12:19:05	BUSY 1
12:19:06	IDLE 1
16:02:47	BUSY 1
16:02:47	IDLE 1
16:03:01	BUSY 2
16:03:02	IDLE 2
16:03:09	BUSY 5 TEST_l.FNC
16:03:09	IDLE 5 TEST_l.FNC
16:03:09	BUSY 3
16:03:19	IDLE 3
16:03:27	BUSY 1
16:03:28	IDLE 1
16:03:41	BUSY 1
16:03:41	IDLE 1
16:03:55	BUSY 2
16:03:56	IDLE 2
16:04:03	BUSY 5 TEST_l.FNC
16:04:03	IDLE 5 TEST_l.FNC
16:04:03	BUSY 3
16:04:14	IDLE 3
16:04:22	BUSY 1
16:04:23	IDLE 1
16:07:44	BUSY 1
16:07:44	IDLE 1
16:07:57	BUSY 2
16:07:59	IDLE 2
16:08:06	BUSY 5 TEST_l.FNC
16:08:06	IDLE 5 TEST_l.FNC
16:08:06	BUSY 3
16:08:16	IDLE 3
16:08:24	BUSY 1
16:08:25	IDLE 1
16:08:38	BUSY 1
16:08:38	IDLE 1
16:08:52	BUSY 2
16:08:53	IDLE 2
16:09:00	BUSY 5 TEST_l.FNC
16:09:00	IDL07:04:2005
 9:28:36	BUSY 5 C:\CIM\CELL1\TEST_L.FNC
 9:28:37	IDLE 5 C:\CIM\CELL1\TEST_L.FNC
 9:28:41	BUSY 3
 9:28:49	IDLE 3
 9:29:51	BUSY 1
 9:29:52	IDLE 1
 9:30:06	BUSY 2
 9:30:07	IDLE 2
 9:30:14	BUSY 5 TEST_l.FNC
 9:30:14	IDLE 5 TEST_l.FNC
 9:30:14	BUSY 3
 9:30:25	IDLE 3
 9:30:33	BUSY 1
 9:30:34	IDLE 1
 9:30:48	BUSY 1
 9:30:48	IDLE 1
 9:31:01	BUSY 2
 9:31:02	IDLE 2
 9:31:09	BUSY 5 TEST_l.FNC
 9:31:09	IDLE 5 TEST_l.FNC
 9:31:09	BUSY 3
 9:31:19	IDLE 3
 9:31:27	BUSY 1
 9:31:28	IDLE 1
 9:31:53	BUSY 1
 9:31:53	08:04:2005
 7:24:06	BUSY 1
 7:24:11	IDLE
 7:24:43	BUSY 2
 7:24:44	IDLE 2
 7:24:46	BUSY 1
 7:24:48	IDLE 1
 7:25:15	BUSY 1
 7:25:15	IDLE 1
 7:25:17	BUSY 2
 7:25:19	IDLE 2
 7:25:21	BUSY 1
 7:25:23	IDLE 1
 7:25:27	BUSY 2
 7:25:29	IDLE 2
 7:25:58	BUSY 1
 7:26:00	IDLE 1
 7:26:02	BUSY 2
 7:26:03	IDLE 2
 7:26:31	BUSY 1
 7:26:32	IDLE 1
 7:26:46	BUSY 2
 7:26:47	IDLE 2
 7:26:53	BUSY 5 TEST_l.FNC
 7:26:54	IDLE 5 TEST_l.FNC
 7:26:54	BUSY 3
 7:27:05	IDLE 3
 7:27:13	BUSY 1
 7:27:14	IDLE 1
 7:27:27	BUSY 1
 7:27:27	IDLE 1
 7:27:40	BUSY 2
 7:27:42	IDLE 2
 7:27:49	BUSY 5 TEST_l.FNC
 7:27:49	IDLE 5 TEST_l.FNC
 7:27:49	BUSY 3
 7:28:00	IDLE 3
 7:28:08	BUSY 1
 7:28:09	IDLE 1
12:19:34	BUSY 1
12:19:34	IDLE 1
12:19:48	BUSY 2
12:19:49	IDLE 2
12:19:55	BUSY 5 TEST_l.FNC
12:19:55	IDLE 5 TEST_l.FNC
12:19:55	BUSY 3
12:20:06	IDLE 3
12:20:13	BUSY 1
12:20:15	IDLE 1
12:20:28	BUSY 1
12:20:28	IDLE 1
12:20:41	BUSY 2
12:20:43	IDLE 2
12:20:49	BUSY 5 TEST_l.FNC
12:20:49	IDLE 5 TEST_l.FNC
12:20:49	BUSY 3
12:21:01	IDLE 3
12:21:08	BUSY 1
12:21:10	IDLE 111:04:2005
12:11:00	BUSY 1
12:11:01	IDLE 1
12:11:15	BUSY 2
12:11:16	IDLE 2
12:11:22	BUSY 5 TEST_l.FNC
12:11:22	IDLE 5 TEST_l.FNC
12:11:23	BUSY 3
12:11:34	IDLE 3
12:11:42	BUSY 1
12:11:43	IDLE 1
12:11:56	BUSY 1
12:11:56	IDLE 1
12:12:09	BUSY 2
12:12:11	IDLE 2
12:12:17	BUSY 5 TEST_l.FNC
12:12:17	IDLE 5 TEST_l.FNC
12:12:18	BUSY 3
12:12:28	IDLE 3
12:12:36	BUSY 1
12:12:37	IDLE 1
12:17:36	BUSY 1
12:17:36	IDLE 1
12:17:50	BUSY 2
12:17:52	IDLE 2
12:17:58	BUSY 5 TEST_l.FNC
12:17:58	IDLE 5 TEST_l.FNC
12:17:59	BUSY 3
12:12:04:2005
15:01:24	BUSY 1
15:01:26	IDLE 1
15:01:27	BUSY 2
15:01:29	IDLE 2
15:01:48	BUSY 1
15:01:50	IDLE 1
15:02:03	BUSY 2
15:02:05	IDLE 2
15:02:11	BUSY 5 TEST_l.FNC
15:02:11	IDLE 5 TEST_l.FNC
15:02:11	BUSY 3
15:02:22	IDLE 3
15:02:29	BUSY 1
15:02:31	IDLE 1
15:02:44	BUSY 1
15:02:44	IDLE 1
15:02:57	BUSY 2
15:02:59	IDLE 2
15:03:05	BUSY 5 TEST_l.FNC
15:03:05	IDLE 5 TEST_l.FNC
15:03:05	BUSY 3
15:03:17	IDLE 3
15:03:24	BUSY 1
15:03:26	IDLE 1
15:05:33	BUSY 1
15:05:33	IDLE 1
15:05:47	BUSY 2
15:05:49	IDLE 2
15:05:55	14:04:2005
12:23:10	BUSY 1
12:23:11	IDLE 1
12:23:13	BUSY 2
12:23:14	IDLE 2
12:23:20	BUSY 5 C:\CIM\CELL1\TEST_L.FNC
12:23:20	IDLE 5 C:\CIM\CELL1\TEST_L.FNC
12:23:23	BUSY 3
12:23:33	IDLE 3
12:23:41	BUSY 1
12:23:42	IDLE 1
12:23:56	BUSY 2
12:23:57	IDLE 2
12:24:04	BUSY 5 TEST_l.FNC
12:24:04	IDLE 5 TEST_l.FNC
12:24:04	BUSY 3
12:24:15	IDLE 3
12:24:23	BUSY 1
12:24:24	IDLE 1
12:24:38	BUSY 1
12:24:38	IDLE 1
12:24:51	BUSY 2
12:24:52	IDLE 2
12:24:59	BUSY 5 TEST_l.FNC
12:24:59	IDLE 5 TEST_l.FNC
12:24:59	BUSY 3
12:25:10	19:04:2005
 8:07:57	BUSY 1
 8:08:00	IDLE 1
 8:08:02	BUSY 2
 8:08:04	IDLE 2
 8:08:09	BUSY 5 C:\CIM\CELL1\TEST_L.FNC
 8:08:09	IDLE 5 C:\CIM\CELL1\TEST_L.FNC
 8:08:14	BUSY 3
 8:08:24	IDLE 3
 8:08:44	BUSY 1
 8:08:46	IDLE 1
 8:08:59	BUSY 2
 8:09:01	IDLE 2
 8:09:07	BUSY 5 TEST_l.FNC
 8:09:07	IDLE 5 TEST_l.FNC
 8:09:08	BUSY 3
 8:09:18	IDLE 3
 8:09:26	BUSY 1
 8:09:27	IDLE 1
 8:09:40	BUSY 1
 8:09:40	IDLE 1
 8:09:53	BUSY 2
 8:09:55	IDLE 2
 8:10:01	BUSY 5 TEST_l.FNC
 8:10:01	IDLE 5 TEST_l.FNC
 8:10:02	BUSY 3
 8:10:12	IDLE 3
 8:10:20	BUSY 1
 8:10:21	IDLE 1
10:16:17	BUSY 1
10:16:17	IDLE 1
10:16:31	BUSY 2
10:16:33	IDLE 2
10:16:39	BUSY 5 TEST_l.FNC
10:16:39	IDLE 5 TEST_l.FNC
10:16:40	BUSY 3
10:16:50	IDLE 3
10:16:58	BUSY 1
10:16:59	IDLE 1
10:17:12	BUSY 1
10:17:12	IDLE 1
10:17:25	BUSY 2
10:17:27	IDLE 2
10:17:33	BUSY 5 TEST_l.FNC
10:17:33	IDLE 5 TEST_l.FNC
10:17:34	BUSY 3
10:17:44	IDLE 3
10:17:52	BUSY 1
10:17:53	IDLE 1
11:41:30	BUSY 1
11:41:30	IDLE 1
11:41:44	BUSY 2
11:41:45	IDLE 2
11:41:51	BUSY 5 TEST_l.FNC
11:41:51	IDLE 5 TEST_l.FNC
11:41:52	BUSY 3
11:42:02	IDLE 3
11:42:10	BUSY 1
11:42:11	IDLE 1
11:42:24	BUSY 1
11:42:24	IDLE 1
11:42:37	BUSY 2
11:42:39	IDLE 2
11:42:45	BUSY 5 TEST_l.FNC
11:42:45	IDLE 5 TEST_l.FNC
11:42:46	BUSY 3
11:42:56	IDLE 3
11:43:04	BUSY 1
11:43:05	IDLE 1
13:58:32	BUSY 5 C:\CIM\CELL1\TEST_L.FNC
13:58:32	IDLE 5 C:\CIM\CELL1\TEST_L.FNC
13:58:36	BUSY 3
14:01:19	IDLE
14:05:53	BUSY 2
14:06:04	IDLE
14:06:06	BUSY 1
14:06:07	IDLE 1
14:06:35	BUSY 2
14:06:37	IDLE 2
14:06:39	BUSY 1
14:06:41	IDLE 1
14:06:44	BUSY 5 C:\CI20:04:2005
 8:07:00	BUSY 1
 8:07:01	IDLE 1
 8:07:05	BUSY 2
 8:07:06	IDLE 2
 8:07:12	BUSY 5 C:\CIM\CELL1\TEST_L.FNC
 8:07:12	IDLE 5 C:\CIM\CELL1\TEST_L.FNC
 8:07:15	BUSY 3
 8:07:23	IDLE 3
 8:08:30	BUSY 1
 8:08:31	IDLE 1
 8:08:45	BUSY 2
 8:08:46	IDLE 2
 8:08:53	BUSY 5 TEST_l.FNC
 8:08:53	IDLE 5 TEST_l.FNC
 8:08:53	BUSY 3
 8:09:03	IDLE 3
 8:09:11	BUSY 1
 8:09:13	IDLE 1
 8:09:26	BUSY 1
 8:09:26	IDLE 1
 8:09:39	BUSY 2
 8:09:40	IDLE 2
 8:09:47	BUSY 5 TEST_l.FNC
 8:09:47	IDLE 5 TEST_l.FNC
 8:09:47	BUSY 3
 8:09:57	IDLE 3
 8:10:05	BUSY 1
 8:10:06	IDLE 1
 8:15:53	BUSY 1
 8:15:53	IDLE 1
 8:16:07	BUSY 2
 8:16:09	IDLE 2
 8:16:15	BUSY 5 TEST_l.FNC
 8:16:15	IDLE 5 TEST_l.FNC
 8:16:15	BUSY 3
 8:16:26	IDLE 3
 8:16:33	BUSY 1
 8:16:35	IDLE 1
 8:16:48	BUSY 1
 8:16:48	IDLE 1
 8:17:01	BUSY 2
 8:17:03	IDLE 2
 8:17:09	BUSY 5 TEST_l.FNC
 8:17:09	IDLE 5 TEST_l.FNC
 8:17:09	BUSY 3
 8:17:20	IDLE 3
 8:17:27	BUSY 1
 8:17:29	IDLE 1
 8:17:46	BUSY 1
 8:17:46	IDLE 1
 8:18:00	BUSY 2
 8:18:02	IDLE 2
 8:18:08	BUSY 5 TEST_l.FNC
 8:18:08	IDLE 5 TEST_l.FNC
 8:18:08	BUSY 3
 8:18:19	IDLE 3
 8:18:27	BUSY 1
 8:18:29	IDLE 1
 8:18:42	BUSY 1
 8:18:42	IDLE 1
 8:18:55	BUSY 2
 8:18:57	IDLE 2
 8:19:03	BUSY 5 TEST_l.FNC
 8:19:03	IDLE 5 TEST_l.FNC
 8:19:04	BUSY 3
 8:19:14	IDLE 3
 8:19:21	BUSY 1
 8:19:23	IDLE 1
 8:19:41	BUSY 1
 8:19:41	IDLE 1
 8:19:55	BUSY 2
 8:19:57	IDLE 2
 8:20:03	BUSY 5 TEST_l.FNC
 8:20:03	IDLE 5 TEST_l.FNC
 8:20:03	BUSY 3
 8:20:14	IDLE 3
 8:20:22	BUSY 1
 8:20:24	IDLE 1
 8:20:37	BUSY 1
 8:20:37	IDLE 1
 8:20:50	BUSY 2
 8:20:52	IDLE 2
 8:20:58	BUSY 5 TEST_l.FNC
 8:20:58	IDLE 5 TEST_l.FNC
 8:20:59	BUSY 3
 8:21:10	IDLE 3
 8:21:17	BUSY 1
 8:21:19	IDLE 1
 8:26:26	BUSY 1
 8:26:26	IDLE 1
 8:26:40	BUSY 2
 8:26:42	IDLE 2
 8:26:48	BUSY 5 TEST_l.FNC
 8:26:48	IDLE 5 TEST_l.FNC
 8:26:49	BUSY 3
 8:26:59	IDLE 3
 8:27:07	BUSY 1
 8:27:08	IDLE 1
 8:27:21	BUSY 1
 8:27:21	IDLE 1
 8:27:34	BUSY 2
 8:27:36	IDLE 2
 8:27:42	BUSY 5 TEST_l.FNC
 8:27:42	IDLE 5 TEST_l.FNC
 8:27:43	BUSY 3
 8:27:53	IDLE 3
 8:28:01	BUSY 1
 8:28:02	IDLE 1
 8:28:20	BUSY 1
 8:28:20	IDLE 1
 8:28:34	BUSY 2
 8:28:36	IDLE 2
 8:28:42	BUSY 5 TEST_l.FNC
 8:28:42	IDLE 5 TEST_l.FNC
 8:28:43	BUSY 3
 8:28:53	IDLE 3
 8:29:01	BUSY 1
 8:29:03	IDLE 1
 8:29:16	BUSY 1
 8:29:16	IDLE 1
 8:29:29	BUSY 2
 8:29:31	IDLE 2
 8:29:37	BUSY 5 TEST_l.FNC
 8:29:37	IDLE 5 TEST_l.FNC
 8:29:38	BUSY 3
 8:29:49	IDLE 3
 8:29:57	BUSY 1
 8:29:58	IDLE 1
 8:30:16	BUSY 1
 8:30:16	IDLE 1
 8:30:30	BUSY 2
 8:30:32	IDLE 2
 8:30:38	BUSY 5 TEST_l.FNC
 8:30:38	IDLE 5 TEST_l.FNC
 8:30:39	BUSY 3
 8:30:49	IDLE 3
 8:30:57	BUSY 1
 8:30:59	IDLE 1
 8:31:12	BUSY 1
 8:31:12	IDLE 1
 8:31:25	BUSY 2
 8:31:27	IDLE 2
 8:31:33	BUSY 5 TEST_l.FNC
 8:31:33	IDLE 5 TEST_l.FNC
 8:31:34	BUSY 3
 8:31:45	IDLE 3
 8:31:53	BUSY 1
 8:31:54	IDLE 1
 8:38:53	BUSY 1
 8:38:53	IDLE 1
 8:39:07	BUSY 2
 8:39:09	IDLE 2
 8:39:15	BUSY 5 TEST_l.FNC
 8:39:15	IDLE 5 TEST_l.FNC
 8:39:16	BUSY 3
 8:39:26	IDLE 3
 8:39:34	BUSY 1
 8:39:35	IDLE 1
 8:39:48	BUSY 1
 8:39:48	IDLE 1
 8:40:01	BUSY 2
 8:40:03	IDLE 2
 8:40:09	BUSY 5 TEST_l.FNC
 8:40:09	IDLE 5 TEST_l.FNC
 8:40:10	BUSY 3
 8:40:20	IDLE 3
 8:40:28	BUSY 1
 8:40:29	IDLE 1
 8:40:47	BUSY 1
 8:40:47	IDLE 1
 8:41:01	BUSY 2
 8:41:03	IDLE 2
 8:41:09	BUSY 5 TEST_l.FNC
 8:41:09	IDLE 5 TEST_l.FNC
 8:41:10	BUSY 3
 8:41:20	IDLE 3
 8:41:28	BUSY 1
 8:41:30	IDLE 1
 8:41:43	BUSY 1
 8:41:43	IDLE 1
 8:41:56	BUSY 2
 8:41:58	IDLE 2
 8:42:04	BUSY 5 TEST_l.FNC
 8:42:04	IDLE 5 TEST_l.FNC
 8:42:05	BUSY 3
 8:42:15	IDLE 3
 8:42:23	BUSY 1
 8:42:24	IDLE 1
 8:42:42	BUSY 1
 8:42:42	IDLE 1
 8:42:56	BUSY 2
 8:42:58	IDLE 2
 8:43:04	BUSY 5 TEST_l.FNC
 8:43:04	IDLE 5 TEST_l.FNC
 8:43:05	BUSY 3
 8:43:15	IDLE 3
 8:43:23	BUSY 1
 8:43:25	IDLE 1
 8:43:38	BUSY 1
 8:43:38	IDLE 1
 8:43:52	BUSY 2
 8:43:53	IDLE 2
 8:43:59	BUSY 5 TEST_l.FNC
 8:43:59	IDLE 5 TEST_l.FNC
 8:44:00	BUSY 3
 8:44:11	IDLE 3
 8:44:19	BUSY 1
 8:44:20	IDLE 1
 8:52:58	BUSY 1
 8:52:58	IDLE 1
 8:53:13	BUSY 2
 8:53:14	IDLE 2
 8:53:21	BUSY 5 TEST_l.FNC
 8:53:22	IDLE 5 TEST_l.FNC
 8:53:22	BUSY 3
 8:53:33	IDLE 3
 8:53:42	BUSY 1
 8:53:43	IDLE 1
 8:53:57	BUSY 1
 8:53:57	IDLE 1
 8:54:11	BUSY 2
 8:54:13	IDLE 2
 8:54:19	BUSY 5 TEST_l.FNC
 8:54:19	IDLE 5 TEST_l.FNC
 8:54:20	BUSY 3
 8:54:30	IDLE 3
 8:54:38	BUSY 1
 8:54:39	IDLE 1
 8:54:56	BUSY 1
 8:54:56	IDLE 1
 8:55:10	BUSY 2
 8:55:12	IDLE 2
 8:55:18	BUSY 5 TEST_l.FNC
 8:55:18	IDLE 5 TEST_l.FNC
 8:55:19	BUSY 3
 8:55:30	IDLE 3
 8:55:37	BUSY 1
 8:55:39	IDLE 1
 8:55:52	BUSY 1
 8:55:52	IDLE 1
 8:56:05	BUSY 2
 8:56:07	IDLE 2
 8:56:13	BUSY 5 TEST_l.FNC
 8:56:14	IDLE 5 TEST_l.FNC
 8:56:14	BUSY 3
 8:56:24	IDLE 3
 8:56:32	BUSY 1
 8:56:33	IDLE 1
 8:56:51	BUSY 1
 8:56:51	IDLE 1
 8:57:05	BUSY 2
 8:57