11:11:2004
11:11:2004
22:11:2004
22:11:2004
22:11:2004
24:11:2004
 9:25:27	LOCAL CONTROL ONLY
 9:25:28	LOCAL CONTROL ONLY
 9:25:36	IDLE
 9:27:08	BUSY
 9:28:52	IDLE
 9:29:09	BUSY
 9:29:10	IDLE
 9:29:41	BUSY
 9:29:52	IDLE
 9:30:02	LOCAL CONTROL ONLY
 9:30:07	IDLE
 9:30:09	LOCAL CONTROL ONLY
 9:31:07	IDLE
 9:31:15	BUSY
 9:31:15	ERROR received from device
 9:32:04	IDLE
 9:32:11	BUSY
 9:32:32	IDLE
 9:33:31	BUSY
 9:34:01	IDLE
 9:34:19	LOCAL CONTROL ONLY
 9:40:12	IDLE
 9:40:35	BUSY
 9:41:23	IDLE
 9:42:58	LOCAL CONTROL ONLY
 9:45:41	IDLE
 9:46:11	BUSY
 9:46:59	IDLE
 9:47:29	LOCAL CONTROL ONLY
 9:51:15	IDLE
 9:51:28	BUSY
 9:52:40	IDLE
 9:52:41	BUSY
 9:53:02	IDLE
10:13:40	LOCAL CONTROL ONLY
10:13:49	BUSY
10:14:01	IDLE
10:14:15	LOCAL CONTROL ONLY
10:15:29	IDLE
10:28:26	LOCAL CONTROL ONLY
10:29:41	IDLE
10:30:10	BUSY
10:30:11	ERROR received from device
10:48:09	IDLE
10:48:17	LOCAL CONTROL ONLY
10:54:52	IDLE
10:55:15	BUSY
10:55:50	IDLE
10:55:50	BUSY
10:56:08	IDLE
10:56:14	BUSY
10:56:18	IDLE
10:58:20	LOCAL CONTROL ONLY
10:58:27	BUSY
10:58:52	IDLE
10:58:58	BUSY
10:58:59	IDLE
11:00:04	BUSY
11:00:08	IDLE
11:01:35	BUSY
11:01:37	IDLE
11:01:43	BUSY
11:01:44	IDLE
11:01:59	BUSY
11:02:15	IDLE
11:02:15	BUSY
11:02:21	IDLE
11:02:49	BUSY
11:02:49	ERROR received from device
11:03:02	IDLE
11:03:07	BUSY
11:03:24	IDLE
11:03:25	BUSY
11:03:36	IDLE
11:03:43	BUSY
11:04:17	IDLE
11:04:53	LOCAL CONTROL ONLY
11:05:56	BUSY
11:06:10	IDLE
11:06:10	BUSY
11:06:13	IDLE
11:08:44	BUSY
11:08:45	ERROR received from device
11:09:45	IDLE
11:09:49	BUSY
11:10:22	ERROR received from device
13:35:21	IDLE
13:35:37	BUSY
13:36:18	IDLE
13:36:22	BUSY
13:36:46	IDLE
13:36:47	BUSY
13:37:06	IDLE
13:37:14	BUSY
13:37:17	IDLE
13:37:42	LOCAL CONTROL ONLY
13:38:14	IDLE
13:38:22	BUSY
13:38:37	ERROR received from device
13:39:36	IDLE
13:39:59	BUSY
13:40:15	IDLE
13:40:15	BUSY
13:40:33	IDLE
13:40:37	BUSY
13:40:38	IDLE
13:41:20	BUSY
13:41:29	IDLE
13:42:17	BUSY
13:42:18	IDLE
13:42:21	BUSY
13:42:23	IDLE
13:42:23	BUSY
13:42:47	IDLE
13:42:47	BUSY
13:42:48	IDLE
13:43:10	LOCAL CONTROL ONLY
13:43:19	IDLE
13:43:42	BUSY
13:44:15	IDLE
13:47:40	BUSY
13:47:41	IDLE
13:47:45	BUSY
13:47:47	IDLE
13:47:48	BUSY
13:48:08	IDLE
13:48:11	LOCAL CONTROL ONLY
13:48:29	IDLE
13:49:38	BUSY
13:50:03	IDLE
13:50:10	BUSY
13:50:11	IDLE
13:50:12	BUSY
13:50:29	IDLE
13:50:30	BUSY
13:50:32	IDLE
13:51:38	LOCAL CONTROL ONLY
13:51:49	IDLE
13:52:02	LOCAL CONTROL ONLY
13:52:09	BUSY
13:52:39	IDLE
13:52:48	BUSY
13:52:49	IDLE
13:52:50	BUSY
13:53:06	IDLE
13:53:07	BUSY
13:53:07	IDLE
13:53:58	BUSY
13:54:12	IDLE
13:54:12	BUSY
13:54:34	IDLE
13:55:07	BUSY
13:55:15	ERROR received from device
14:00:30	LOCAL CONTROL ONLY
14:00:31	IDLE
14:00:57	BUSY
14:00:57	ERROR received from device
14:02:33	IDLE
14:03:16	BUSY
14:03:32	IDLE
14:03:41	BUSY
14:03:49	IDLE
14:03:50	BUSY
14:04:03	IDLE
14:04:03	BUSY
14:04:06	IDLE
14:04:07	BUSY
14:04:12	IDLE
14:04:31	BUSY
14:04:47	IDLE
14:05:10	BUSY
14:05:26	IDLE
14:05:26	BUSY
14:05:49	IDLE
14:06:40	BUSY
14:07:07	IDLE
14:07:16	BUSY
14:07:44	IDLE
14:10:29	BUSY
14:11:08	IDLE
14:11:09	BUSY
14:11:29	IDLE
14:11:38	BUSY
14:11:40	IDLE
14:12:51	BUSY
14:12:52	LOCAL CONTROL ONLY
14:12:52	BUSY
14:12:59	IDLE
14:13:39	BUSY
14:13:40	IDLE
14:13:49	BUSY
14:13:53	IDLE
14:13:53	BUSY
14:14:11	IDLE
14:14:12	BUSY
14:14:15	IDLE
14:14:16	BUSY
14:14:16	IDLE
14:14:59	BUSY
14:15:05	IDLE
14:15:06	BUSY
14:15:37	IDLE
14:16:32	BUSY
14:16:33	IDLE
14:16:42	BUSY
14:16:51	IDLE
14:16:51	BUSY
14:17:09	IDLE
14:19:07	ERROR Unrecognised command
14:19:13	BUSY
14:19:27	IDLE
14:19:27	BUSY
14:19:28	IDLE
14:19:36	BUSY
14:19:40	IDLE
14:19:40	BUSY
14:19:58	IDLE
14:20:55	BUSY
14:21:19	IDLE
14:21:29	BUSY
14:21:30	IDLE
14:21:30	BUSY
14:21:42	IDLE
14:21:42	BUSY
14:21:47	IDLE
15:04:47	LOCAL CONTROL ONLY
15:05:12	IDLE
15:05:14	LOCAL CONTROL ONLY
15:06:22	IDLE
15:06:50	BUSY
15:10:03	IDLE
15:10:09	LOCAL CONTROL ONLY
15:14:18	IDLE
15:14:23	LOCAL CONTROL ONLY
15:25:14	IDLE
15:25:34	LOCAL CONTROL ONLY
15:30:07	IDLE
15:31:37	LOCAL CONTROL ONLY
16:17:56	IDLE
16:19:01	BUSY
16:19:02	ERROR received from device
16:19:56	IDLE
16:20:01	BUSY
16:20:47	IDLE
16:22:29	BUSY
16:23:06	IDLE
25:11:2004
13:43:33	LOCAL CONTROL ONLY
13:46:27	IDLE
14:14:32	ERROR Unrecognised command
14:18:07	LOCAL CONTROL ONLY
14:18:15	IDLE
14:18:54	BUSY
14:19:44	IDLE
14:21:29	LOCAL CONTROL ONLY
14:21:32	IDLE
14:21:33	LOCAL CONTROL ONLY
14:21:45	IDLE
14:22:17	LOCAL CONTROL ONLY
14:22:49	IDLE
14:22:54	LOCAL CONTROL ONLY
14:23:11	IDLE
14:23:28	BUSY 1 PICK GBTEST PLACE CONVEYOR PICK CONVEYOR
14:24:27	IDLE 1 PICK GBTEST PLACE CONVEYOR PICK CONVEYOR
14:24:28	BUSY 1 PICK GBTEST PLACE CONVEYOR PICK CONVEYOR
14:25:15	IDLE 1 PICK GBTEST PLACE CONVEYOR PICK CONVEYOR
14:27:42	BUSY 1 PLACE Conveyor
14:30:03	IDLE 1 PLACE Conveyor
14:30:24	BUSY 1 PICK Conveyor PLACE GBTEST
14:30:50	IDLE 1 PICK Conveyor PLACE GBTEST
14:52:25	BUSY 1 PICK GBTEST PLACE CONVEYOR PICK CONVEYOR
14:53:06	IDLE 1 PICK GBTEST PLACE CONVEYOR PICK CONVEYOR
14:53:07	BUSY 1 PICK GBTEST PLACE CONVEYOR PICK CONVEYOR
14:53:47	IDLE 1 PICK GBTEST PLACE CONVEYOR PICK CONVEYOR
15:02:50	BUSY 1 PICK GBTEST PLACE CONVEYOR PICK CONVEYOR
15:03:35	IDLE 1 PICK GBTEST PLACE CONVEYOR PICK CONVEYOR
15:03:36	BUSY 1 PICK GBTEST PLACE CONVEYOR PICK CONVEYOR
15:04:17	ERROR received from device
15:05:54	IDLE
15:08:40	BUSY 1 PICK GBTEST PLACE CONVEYOR PICK CONVEYOR
15:09:26	IDLE 1 PICK GBTEST PLACE CONVEYOR PICK CONVEYOR
15:09:27	BUSY 1 PICK GBTEST PLACE CONVEYOR PICK CONVEYOR
15:10:12	IDLE 1 PICK GBTEST PLACE CONVEYOR PICK CONVEYOR
15:13:05	BUSY 1 PLACE Conveyor
15:13:09	IDLE 1 PLACE Conveyor
15:13:20	BUSY 1 PICK Conveyor PLACE GBTEST
15:13:45	IDLE 1 PICK Conveyor PLACE GBTEST
15:14:51	BUSY 1 PLACE Conveyor
15:15:09	IDLE 1 PLACE Conveyor
15:15:20	BUSY 1 PICK Conveyor PLACE GBTEST
15:15:43	IDLE 1 PICK Conveyor PLACE GBTEST
15:15:55	LOCAL CONTROL ONLY
15:19:29	IDLE
15:20:01	BUSY 1 PICK GBTEST PLACE CONVEYOR PICK CONVEYOR
15:20:24	IDLE 1 PICK GBTEST PLACE CONVEYOR PICK CONVEYOR
15:20:25	BUSY 1 PICK GBTEST PLACE CONVEYOR PICK CONVEYOR
15:20:47	IDLE 1 PICK GBTEST PLACE CONVEYOR PICK CONVEYOR
15:24:03	BUSY 1 PLACE Conveyor
15:24:06	IDLE 1 PLACE Conveyor
15:24:17	BUSY 1 PICK Conveyor PLACE GBTE26:11:2004
11:29:53	BUSY 1 PICK VISION PLACE CONVEYOR PICK CONVEYOR
11:31:39	IDLE 1 PICK VISION PLACE CONVEYOR PICK CONVEYOR
11:31:40	BUSY 1 PICK VISION PLACE CONVEYOR PICK CONVEYOR
11:33:34	IDLE 1 PICK VISION PLACE CONVEYOR PICK CONVEYOR
11:35:19	BUSY 1 PLACE Conveyor
11:35:37	IDLE 1 PLACE Conveyor
11:35:48	BUSY 1 PICK Conveyor PLACE VISION
11:36:50	IDLE 1 PICK Conveyor PLACE VISION
11:37:14	BUSY 1 PLACE Conveyor
11:37:59	IDLE 1 PLACE Conveyor
11:38:10	BUSY 1 PICK Conveyor PLACE VISION
11:39:10	IDLE 1 PICK01:12:2004
 9:03:57	LOCAL CONTROL ONLY
 9:03:58	LOCAL CONTROL ONLY
 9:04:04	IDLE
 9:04:30	BUSY
 9:04:59	IDLE
 9:05:25	BUSY
 9:05:41	IDLE
 9:05:48	LOCAL CONTROL ONLY
10:05:2005
 7:06:09	LOCAL CONTROL ONLY
 7:06:10	LOCAL CONTROL ONLY
 7:12:10	IDLE
 7:12:51	LOCAL CONTROL ONLY
11:05:2005
10:12:51	BUSY
10:13:20	IDLE
10:13:49	BUSY
10:14:15	IDLE
10:41:59	BUSY 1 PICK SPPTD PLACE CONVEYOR PICK CONVEYOR
10:42:25	IDLE 1 PICK SPPTD PLACE CONVEYOR PICK CONVEYOR
10:48:37	BUSY 1 PICK SPPTD PLACE CONVEYOR PICK CONVEYOR
10:49:24	IDLE 1 PICK SPPTD PLACE CONVEYOR PICK CONVEYOR
10:54:46	BUSY 1 PICK SPPTD PLACE CONVEYOR PICK CONVEYOR
10:55:33	IDLE 1 PICK SPPTD PLACE CONVEYOR PICK CONVEYOR
11:09:23	BUSY 1 PICK SPPTD PLACE CONVEYOR PICK CONVEYOR
11:09:49	IDLE 1 PICK SPPTD PLACE CONVEYOR PICK CONVEYOR
11:14:04	BUSY 1 PICK SPPTD PLACE CONVEYOR PICK CONVEYOR
11:14:31	IDLE 1 PICK SPPTD PLACE CONVEYOR PICK CONVEYOR
12:05:2005
 2:29:35	BUSY 1 PICK SPPTD PLACE CONVEYOR PICK CONVEYOR
 2:30:04	IDLE 1 PICK SPPTD PLACE CONVEYOR PICK CONVEYOR
 2:48:18	BUSY 1 PICK SPPTD PLACE CONVEYOR PICK CONVEYOR
 2:48:45	IDLE 1 PICK SPPTD PLACE CONVEYOR PICK CONVEYOR
 2:59:15	BUSY 1 PICK SPPTD PLACE CONVEYOR PICK CONVEYOR
 2:59:56	IDLE 1 PICK SPPTD PLACE CONVEYOR PICK CONVEYOR
 3:03:47	BUSY 1 PICK SPPTD PLACE CONVEYOR PICK CONVEYOR
 3:04:21	IDLE 1 PICK SPPTD PLACE CONVEYOR PICK CONVEYOR
 3:12:40	BUSY 1 PICK SPPTD PLACE CONVEYOR PICK CONVEYOR
 3:13:27	IDLE 1 PICK SPPTD PLACE CONVEYOR PICK CONVEYOR
 3:27:22	BUSY 1 PICK SPPTD PLACE CONVEYOR PICK CONVEYOR
 3:27:48	IDLE 1 PICK SPPTD PLACE CONVEYOR PICK CONVEYOR
 3:40:34	BUSY 1 PLACE Conveyor
 3:40:38	IDLE 1 PLACE Conveyor
 3:40:48	BUSY 1 PICK Conveyor PLACE SPPTD
 3:41:01	IDLE 1 PICK Conveyor PLACE SPPTD
 3:45:23	BUSY 1 PICK SPPTD PLACE CONVEYOR PICK CONVEYOR
 3:45:46	IDLE 1 PICK SPPTD PLACE CONVEYOR PICK CONVEYOR
 4:00:17	BUSY 1 PLACE Conveyor
 4:00:21	IDLE 1 PLACE Conveyor
 4:00:31	BUSY 1 PICK Conveyor PLACE SPPTD
 4:00:44	IDLE 1 PICK Conveyor PLACE SPPTD
 4:07:06	BUSY 1 PICK QUEEN PLACE CONVEYOR PICK CONVEYOR
 4:07:42	IDLE 1 PICK QUEEN PLACE CONVEYOR PICK CONVEYOR
 4:07:43	BUSY 1 PICK SPPTD PLACE CONVEYOR PICK CONVEYOR
 4:08:09	IDLE 1 PICK SPPTD PLACE CONVEYOR PICK CONVEYOR
 4:10:21	BUSY 1 PICK SPPTD PLACE CONVEYOR PICK CONVEYOR
 4:10:57	IDLE 1 PICK SPPTD PLACE CONVEYOR PICK CONVEYOR
 4:23:47	BUSY 1 PLACE Conveyor
 4:23:51	IDLE 1 PLACE Conveyor
 4:24:01	BUSY 1 PICK Conveyor PLACE SPPTD
 4:24:14	IDLE 1 PICK Conveyor PLACE SPPTD
 4:37:32	BUSY 1 PICK SPPTD PLACE CONVEYOR PICK CONVEYOR
 4:37:55	IDLE 1 PICK SPPTD PLACE CONVEYOR PICK CONVEYOR
13:05:2005
10:24:02	BUSY
10:24:50	IDLE
10:30:27	BUSY 1 PICK kuda PLACE CONVEYOR PICK CONVEYOR
10:31:04	IDLE 1 PICK kuda PLACE CONVEYOR PICK CONVEYOR
10:31:05	BUSY 1 PICK kuda PLACE CONVEYOR PICK CONVEYOR
10:31:39	IDLE 1 PICK kuda PLACE CONVEYOR PICK CONVEYOR
10:39:45	BUSY 1 PICK kuda PLACE CONVEYOR PICK CONVEYOR
10:40:23	IDLE 1 PICK kuda PLACE CONVEYOR PICK CONVEYOR
10:40:24	BUSY 1 PICK kuda PLACE CONVEYOR PICK CONVEYOR
10:40:57	IDLE 1 PICK kuda PLACE CONVEYOR PICK CONVEYOR
10:52:04	BUSY 1 PLACE Conveyor
10:52:08	IDLE 1 PLACE Conveyor
10:52:18	BUSY 1 PICK Conveyor PLACE kuda
10:52:33	IDLE 1 PICK Conveyor PLACE kuda
10:57:25	BUSY 1 PLACE Conveyor
10:57:42	IDLE 1 PLACE Conveyor
10:57:52	BUSY 1 PICK Conveyor PLACE kuda
10:58:07	IDLE 1 PICK Conveyor PLACE kuda
14:14:20	LOCAL CONTROL ONLY
17:05:2005
16:44:58	BUSY 1 PICK BISHOP PLACE CONVEYOR PICK CONVEYOR
16:45:33	IDLE 1 PICK BISHOP PLACE CONVEYOR PICK CONVEYOR
16:45:33	BUSY 1 PICK ROOK PLACE CONVEYOR PICK CONVEYOR
16:46:11	IDLE 1 PICK ROOK PLACE CONVEYOR PICK CONVEYOR
16:51:29	BUSY 1 PICK BISHOP PLACE CONVEYOR PICK CONVEYOR
16:52:15	IDLE 1 PICK BISHOP PLACE CONVEYOR PICK CONVEYOR
16:52:16	BUSY 1 PICK ROOK PLACE CONVEYOR PICK CONVEYOR
16:52:53	IDLE 1 PICK ROOK PLACE CONVEYOR PICK CONVEYOR
16:59:07	BUSY 1 PICK ROOK PLACE CONVEYOR PICK CONVEYOR
16:59:51	IDLE 1 PICK ROOK PLACE CONVEYOR PICK CONVEYOR
17:03:52	BUSY 1 PICK BISHOP PLACE CONVEYOR PICK CONVEYOR
17:04:46	IDLE 1 PICK BISHOP PLACE CONVEYOR PICK CONVEYOR
17:04:46	BUSY 1 PICK ROOK PLACE CONVEYOR PICK CONVEYOR
17:05:23	IDLE 1 PICK ROOK PLACE CONVEYOR PICK CONVEYOR
17:13:42	BUSY 1 PLACE Conveyor
17:13:47	IDLE 1 PLACE Conveyor
17:13:56	BUSY 1 PICK Conveyor PLACE BISHOP
17:14:11	IDLE 1 PICK Conveyor PLACE BISHOP
17:26:11	BUSY 1 PICK ROOK PLACE CONVEYOR PICK CONVEYOR
17:26:45	IDLE 1 PICK ROOK PLACE CONVEYOR PICK CONVEYOR
17:36:37	BUSY 1 PLACE Conveyor
17:36:41	IDLE 1 PLACE Conveyor
17:36:51	BUSY 1 PICK Conveyor PLACE ROOK
17:37:07	IDLE 1 PICK Conveyor PLACE ROOK
17:05:2005
18:05:2005
18:05:2005
14:58:45	BUSY 1 PICK ROOK PLACE CONVEYOR PICK CONVEYOR
14:59:20	IDLE 1 PICK ROOK PLACE CONVEYOR PICK CONVEYOR
14:59:21	BUSY 1 PICK ROOK PLACE CONVEYOR PICK CONVEYOR
14:59:58	IDLE 1 PICK ROOK PLACE CONVEYOR PICK CONVEYOR
15:07:57	BUSY 1 PICK ROOK PLACE CONVEYOR PICK CONVEYOR
15:09:01	IDLE 1 PICK ROOK PLACE CONVEYOR PICK CONVEYOR
15:09:02	BUSY 1 PICK ROOK PLACE CONVEYOR PICK CONVEYOR
15:09:38	IDLE 1 PICK ROOK PLACE CONVEYOR PICK CONVEYOR
15:18:56	BUSY 1 PLACE Conveyor
15:19:00	IDLE 1 PLACE Conveyor
15:19:10	BUSY 1 PICK Conveyor PLACE AGV
15:19:45	IDLE 1 PICK Conveyor PLACE AGV
15:30:58	BUSY 1 PICK ROOK PLACE CONVEYOR PICK CONVEYOR
15:31:57	IDLE 1 PICK ROOK PLACE CONVEYOR PICK CONVEYOR
15:31:59	BUSY 1 PICK ROOK PLACE CONVEYOR PICK CONVEYOR
15:33:03	IDLE 1 PICK ROOK PLACE CONVEYOR PICK CONVEYOR
15:43:39	BUSY 1 PLACE Conveyor
15:43:44	IDLE 1 PLACE Conveyor
15:43:53	BUSY 1 PICK Conveyor PLACE AGV
15:44:29	IDLE 1 PICK Conveyor PLACE AGV
15:49:11	BUSY 1 PICK AGV PLACE ROOK
15:49:52	IDLE 1 PICK AGV PLACE ROOK
16:17:32	BUSY 1 PICK ROOK PLACE CONVEYOR PICK CONVEYOR
16:18:04	IDLE 1 PICK ROOK PLACE CONVEYOR PICK CONVEYOR
16:18:06	BUSY 1 PICK ROOK PLACE CONVEYOR PICK CONVEYOR
16:18:42	IDLE 1 PICK ROOK PLACE CONVEYOR PICK CONVEYOR
16:27:53	BUSY 1 PLACE Conveyor
16:27:58	IDLE 1 PLACE Conveyor
16:28:08	BUSY 1 PICK Conveyor PLACE AGV
16:28:42	IDLE 1 PICK Conveyor PLACE AGV
16:33:32	BUSY 1 PICK AGV PLACE ROOK
16:34:13	IDLE 1 PICK AGV PLACE ROOK
16:34:14	BUSY 1 PLACE Conveyor
16:34:34	IDLE 1 PLACE Conveyor
16:34:44	BUSY 1 PICK Conveyor PLACE AGV
16:35:18	IDLE 1 PICK Conveyor PLACE AGV
18:05:2005
18:56:28	BUSY 1 PICK ROOK PLACE CONVEYOR PICK CONVEYOR
18:56:38	IDLE 1 PICK ROOK PLACE CONVEYOR PICK CONVEYOR
18:56:40	BUSY 1 PICK ROOK PLACE CONVEYOR PICK CONVEYOR
18:56:44	IDLE 1 PICK ROOK PLACE CONVEYOR PICK CONVEYOR
18:56:46	LOCAL CONTROL ONLY
18:57:25	IDLE
18:57:49	LOCAL CONTROL ONLY
18:58:46	IDLE
19:01:02	BUSY 1 PICK ROOK PLACE CONVEYOR PICK CONVEYOR
19:02:00	IDLE 1 PICK ROOK PLACE CONVEYOR PICK CONVEYOR
19:02:01	BUSY 1 PICK ROOK PLACE CONVEYOR PICK CONVEYOR
19:02:37	IDLE 1 PICK ROOK PLACE CONVEYOR PICK CONVEYOR
18:05:2005
22:06:39	ERROR Unrecognised command
22:08:57	IDLE
22:10:33	ERROR Unrecognised command
22:12:29	IDLE
22:17:19	BUSY 1 PICK ROOK PLACE CONVEYOR PICK CONVEYOR
22:18:18	IDLE 1 PICK ROOK PLACE CONVEYOR PICK CONVEYOR
22:18:20	BUSY 1 PICK ROOK PLACE CONVEYOR PICK CONVEYOR
22:18:57	IDLE 1 PICK ROOK PLACE CONVEYOR PICK CONVEYOR
19:05:2005
 8:53:25	LOCAL CONTROL ONLY
 8:54:43	IDLE
 8:54:43	LOCAL CONTROL ONLY
 8:54:53	IDLE
20:05:2005
 9:57:23	LOCAL CONTROL ONLY
 9:59:07	IDLE
10:09:46	BUSY 1 PICK KING PLACE CONVEYOR PICK CONVEYOR
10:10:21	IDLE 1 PICK KING PLACE CONVEYOR PICK CONVEYOR
10:10:21	BUSY 1 PICK QUEEN PLACE CONVEYOR PICK CONVEYOR
10:10:22	LOCAL CONTROL ONLY
10:10:22	BUSY
10:10:52	IDLE
10:15:38	BUSY 1 PICK KING PLACE CONVEYOR PICK CONVEYOR
10:16:27	IDLE 1 PICK KING PLACE CONVEYOR PICK CONVEYOR
10:16:29	BUSY 1 PICK QUEEN PLACE CONVEYOR PICK CONVEYOR
10:17:22	IDLE 1 PICK QUEEN PLACE CONVEYOR PICK CONVEYOR
10:17:23	BUSY 1 PICK BISHOP PLACE CONVEYOR PICK CONVEYOR
10:17:57	IDLE 1 PICK BISHOP PLACE CONVEYOR PICK CONVEYOR
10:41:06	BUSY 1 PICK KING PLACE CONVEYOR PICK CONVEYOR
10:41:35	IDLE 1 PICK KING PLACE CONVEYOR PICK CONVEYOR
13:17:02	ERROR Unrecognised command
13:19:04	IDLE
13:23:02	BUSY 1 PICK KING PLACE CONVEYOR PICK CONVEYOR
13:23:46	IDLE 1 PICK KING PLACE CONVEYOR PICK CONVEYOR
13:41:11	BUSY 1 PICK KING PLACE CONVEYOR PICK CONVEYOR
13:41:37	IDLE 1 PICK KING PLACE CONVEYOR PICK CONVEYOR
15:20:22	BUSY 1 PICK KING PLACE CONVEYOR PICK CONVEYOR
15:21:14	IDLE 1 PICK KING PLACE CONVEYOR PICK CONVEYOR
20:05:2005
15:30:25	LOCAL CONTROL ONLY
15:31:48	IDLE
15:32:33	BUSY 1 PICK KING PLACE CONVEYOR PICK CONVEYOR
15:33:38	IDLE 1 PICK KING PLACE CONVEYOR PICK CONVEYOR
15:49:02	BUSY 1 PICK KING PLACE CONVEYOR PICK CONVEYOR
15:49:32	IDLE 1 PICK KING PLACE CONVEYOR PICK CONVEYOR
15:49:34	BUSY 1 PICK QUEEN PLACE CONVEYOR PICK CONVEYOR
15:50:02	IDLE 1 PICK QUEEN PLACE CONVEYOR PICK CONVEYOR
15:50:04	BUSY 1 PICK BISHOP PLACE CONVEYOR PICK CONVEYOR
15:50:35	IDLE 1 PICK BISHOP PLACE CONVEYOR PICK CONVEYOR
15:55:08	BUSY 1 PICK KNIGHT PLACE CONVEYOR PICK CONVEYOR
15:55:42	IDLE 1 PICK KNIGHT PLACE CONVEYOR PICK CONVEYOR
16:22:46	BUSY 1 PICK QUEEN PLACE CONVEYOR PICK CONVEYOR
16:23:19	IDLE 1 PICK QUEEN PLACE CONVEYOR PICK CONVEYOR
16:23:20	BUSY 1 PICK KNIGHT PLACE CONVEYOR PICK CONVEYOR
16:23:54	IDLE 1 PICK KNIGHT PLACE CONVEYOR PICK CONVEYOR
16:23:55	BUSY 1 PICK KNIGHT PLACE CONVEYOR PICK CONVEYOR
16:24:29	IDLE 1 PICK KNIGHT PLACE CONVEYOR PICK CONVEYOR
17:08:55	BUSY 1 PICK QUEEN PLACE CONVEYOR PICK CONVEYOR
17:09:24	IDLE 1 PICK QUEEN PLACE CONVEYOR PICK CONVEYOR
17:09:25	BUSY 1 PICK BISHOP PLACE CONVEYOR PICK CONVEYOR
17:09:56	IDLE 1 PICK BISHOP PLACE CONVEYOR PICK CONVEYOR
17:38:16	BUSY 1 PICK QUEEN PLACE CONVEYOR PICK CONVEYOR
17:38:45	IDLE 1 PICK QUEEN PLACE CONVEYOR PICK CONVEYOR
17:38:45	BUSY 1 PICK BISHOP PLACE CONVEYOR PICK CONVEYOR
17:39:17	IDLE 1 PICK BISHOP PLACE CONVEYOR PICK CONVEYOR
17:49:09	BUSY 1 PLACE Conveyor
17:49:13	IDLE 1 PLACE Conveyor
17:49:22	BUSY 1 PICK Conveyor PLACE QUEEN
17:49:37	IDLE 1 PICK Conveyor PLACE QUEEN
17:52:55	BUSY 1 PLACE Conveyor
17:53:09	IDLE 1 PLACE Conveyor
17:53:19	BUSY 1 PICK Conveyor PLACE BISHOP
17:53:35	IDLE 1 PICK Conveyor PLACE BISHOP
18:08:03	BUSY 1 PICK KING PLACE CONVEYOR PICK CONVEYOR
18:08:28	IDLE 1 PICK KING PLACE CONVEYOR PICK CONVEYOR
18:08:29	BUSY 1 PICK QUEEN PLACE CONVEYOR PICK CONVEYOR
18:08:58	IDLE 1 PICK QUEEN PLACE CONVEYOR PICK CONVEYOR
18:08:59	BUSY 1 PICK BISHOP PLACE CONVEYOR PICK CONVEYOR
18:09:31	IDLE 1 PICK BISHOP PLACE CONVEYOR PICK CONVEYOR
18:14:06	BUSY 1 PICK KNIGHT PLACE CONVEYOR PICK CONVEYOR
18:14:40	IDLE 1 PICK KNIGHT PLACE CONVEYOR PICK CONVEYOR
18:20:44	BUSY 1 PLACE Conveyor
18:20:48	IDLE 1 PLACE Conveyor
18:20:58	BUSY 1 PICK Conveyor PLACE AGV
18:21:32	IDLE 1 PICK Conveyor PLACE AGV
18:21:34	BUSY 1 PICK ROOK PLACE CONVEYOR PICK CONVEYOR
18:22:08	IDLE 1 PICK ROOK PLACE CONVEYOR PICK CONVEYOR
18:29:36	BUSY 1 PICK AGV PLACE KING
18:30:28	IDLE 1 PICK AGV PLACE KING
18:30:29	BUSY 1 PLACE Conveyor
18:30:41	IDLE 1 PLACE Conveyor
18:30:51	BUSY 1 PICK Conveyor PLACE AGV
18:31:25	IDLE 1 PICK Conveyor PLACE AGV
18:36:20	BUSY 1 PICK AGV PLACE QUEEN
18:37:02	IDLE 1 PICK AGV PLACE QUEEN
18:37:03	BUSY 1 PLACE Conveyor
18:37:17	IDLE 1 PLACE Conveyor
18:37:27	BUSY 1 PICK Conveyor PLACE AGV
18:38:01	ERROR received from device
18:39:34	IDLE
18:56:44	BUSY 1 PICK KING PLACE CONVEYOR PICK CONVEYOR
18:57:11	IDLE 1 PICK KING PLACE CONVEYOR PICK CONVEYOR
18:57:13	BUSY 1 PICK QUEEN PLACE CONVEYOR PICK CONVEYOR
18:57:41	IDLE 1 PICK QUEEN PLACE CONVEYOR PICK CONVEYOR
18:57:43	BUSY 1 PICK BISHOP PLACE CONVEYOR PICK CONVEYOR
18:58:14	IDLE 1 PICK BISHOP PLACE CONVEYOR PICK CONVEYOR
19:02:52	BUSY 1 PICK KNIGHT PLACE CONVEYOR PICK CONVEYOR
19:03:26	IDLE 1 PICK KNIGHT PLACE CONVEYOR PICK CONVEYOR
19:08:17	BUSY 1 PICK ROOK PLACE CONVEYOR PICK CONVEYOR
19:08:54	IDLE 1 PICK ROOK PLACE CONVEYOR PICK CONVEYOR
19:09:35	BUSY 1 PLACE Conveyor
19:09:38	IDLE 1 PLACE Conveyor
19:09:50	BUSY 1 PICK Conveyor PLACE AGV
19:10:24	IDLE 1 PICK Conveyor PLACE AGV
28:06:2005
 9:26:16	LOCAL CONTROL ONLY
 9:28:21	IDLE
 9:28:38	LOCAL CONTROL ONLY
 9:29:31	IDLE
 9:29:56	LOCAL CONTROL ONLY
 9:48:00	IDLE
 9:51:34	LOCAL CONTROL ONLY
 9:53:28	IDLE
 9:54:52	LOCAL CONTROL ONLY
10:15:00	IDLE
10:32:05	LOCAL CONTROL ONLY
10:33:26	IDLE
10:33:43	LOCAL CONTROL ONLY
10:33:45	IDLE
10:36:01	LOCAL CONTROL ONLY
10:40:17	IDLE
10:40:23	LOCAL CONTROL ONLY
13:17:26	IDLE
13:17:38	LOCAL CONTROL ONLY
15:48:40	IDLE
15:48:49	LOCAL CONTROL ONLY
16:22:27	IDLE
16:22:29	LOCAL CONTROL ONLY
16:23:51	IDLE
16:23:54	LOCAL CONTROL ONLY
16:23:56	IDLE
16:24:17	LOCAL CONTROL ONLY
16:31:11	IDLE
16:31:20	LOCAL CONTROL ONLY
16:40:58	IDLE
16:41:30	LOCAL CONTROL ONLY
16:41:38	IDLE
16:41:40	LOCAL CONTROL ONLY
16:42:21	IDLE
16:42:41	LOCAL CONTROL ONLY
16:51:17	IDLE
16:51:19	LOCAL CONTROL ONLY
17:07:45	IDLE
17:07:47	LOCAL CONTROL ONLY
17:13:30	IDLE
17:14:12	LOCAL CONTROL ONLY
17:20:13	IDLE
17:20:16	LOCAL CONTROL ONLY
18:08:20	IDLE
18:08:28	LOCAL CONTROL ONLY
18:21:33	IDLE
18:21:42	LOCAL CONTROL ONLY
18:22:33	IDLE
18:2230:06:2005
11:19:32	ERROR Unrecognised command
11:19:46	BUSY
11:21:49	IDLE
11:22:14	BUSY
11:22:30	IDLE
11:22:58	BUSY
11:23:30	IDLE
11:23:57	ERROR Unrecognised command
11:24:04	BUSY
11:24:56	IDLE
11:27:02	BUSY
11:27:39	IDLE
11:32:54	LOCAL CONTROL ONLY
11:47:02	IDLE
01:07:2005
 8:26:06	LOCAL CONTROL ONLY
 8:26:16	IDLE
 8:26:17	LOCAL CONTROL ONLY
 8:28:13	IDLE
 9:04:57	LOCAL CONTROL ONLY
 9:05:42	IDLE
 9:12:40	BUSY 1 PICK KING PLACE CONVEYOR PICK CONVEYOR
 9:13:08	IDLE 1 PICK KING PLACE CONVEYOR PICK CONVEYOR
 9:13:09	BUSY 1 PICK QUEEN PLACE CONVEYOR PICK CONVEYOR
 9:13:38	IDLE 1 PICK QUEEN PLACE CONVEYOR PICK CONVEYOR
 9:13:39	BUSY 1 PICK BISHOP PLACE CONVEYOR PICK CONVEYOR
 9:14:10	IDLE 1 PICK BISHOP PLACE CONVEYOR PICK CONVEYOR
 9:19:51	BUSY 1 PICK KNIGHT PLACE CONVEYOR PICK CONVEYOR
 9:20:25	IDLE 1 PICK KNIGHT PLACE CONVEYOR PICK CONVEYOR
 9:24:50	BUSY 1 PICK ROOK PLACE CONVEYOR PICK CONVEYOR
 9:25:26	IDLE 1 PICK ROOK PLACE CONVEYOR PICK CONVEYOR
 9:28:17	BUSY 1 PLACE Conveyor
 9:28:21	IDLE 1 PLACE Conveyor
 9:28:31	BUSY 1 PICK Conveyor PLACE AGV
 9:29:05	IDLE 1 PICK Conveyor PLACE AGV
10:04:31	BUSY 1 PICK KING PLACE CONVEYOR PICK CONVEYOR
10:05:00	IDLE 1 PICK KING PLACE CONVEYOR PICK CONVEYOR
10:05:01	BUSY 1 PICK QUEEN PLACE CONVEYOR PICK CONVEYOR
10:05:29	IDLE 1 PICK QUEEN PLACE CONVEYOR PICK CONVEYOR
10:05:31	BUSY 1 PICK BISHOP PLACE CONVEYOR PICK CONVEYOR
10:06:02	IDLE 1 PICK BISHOP PLACE CONVEYOR PICK CONVEYOR
10:09:58	BUSY 1 PICK BISHOP PLACE CONVEYOR PICK CONVEYOR
10:10:29	IDLE 1 PICK BISHOP PLACE CONVEYOR PICK CONVEYOR
10:16:36	BUSY 1 PICK KING PLACE CONVEYOR PICK CONVEYOR
10:17:04	IDLE 1 PICK KING PLACE CONVEYOR PICK CONVEYOR
10:17:05	BUSY 1 PICK QUEEN PLACE CONVEYOR PICK CONVEYOR
10:17:33	IDLE 1 PICK QUEEN PLACE CONVEYOR PICK CONVEYOR
10:17:34	BUSY 1 PICK BISHOP PLACE CONVEYOR PICK CONVEYOR
10:18:05	IDLE 1 PICK BISHOP PLACE CONVEYOR PICK CONVEYOR
10:21:59	BUSY 1 PICK BISHOP PLACE CONVEYOR PICK CONVEYOR
10:22:30	IDLE 1 PICK BISHOP PLACE CONVEYOR PICK CONVEYOR
10:26:35	BUSY 1 PICK KNIGHT PLACE CONVEYOR PICK CONVEYOR
10:27:09	IDLE 1 PICK KNIGHT PLACE CONVEYOR PICK CONVEYOR
10:52:01	BUSY 1 PICK KING PLACE CONVEYOR PICK CONVEYOR
10:52:47	IDLE 1 PICK KING PLACE CONVEYOR PICK CONVEYOR
10:52:48	BUSY 1 PICK QUEEN PLACE CONVEYOR PICK CONVEYOR
10:53:37	IDLE 1 PICK QUEEN PLACE CONVEYOR PICK CONVEYOR
10:53:39	BUSY 1 PICK BISHOP PLACE CONVEYOR PICK CONVEYOR
10:54:29	IDLE 1 PICK BISHOP PLACE CONVEYOR PICK CONVEYOR
10:58:19	BUSY 1 PICK BISHOP PLACE CONVEYOR PICK CONVEYOR
10:58:49	IDLE 1 PICK BISHOP PLACE CONVEYOR PICK CONVEYOR
11:02:54	BUSY 1 PICK KNIGHT PLACE CONVEYOR PICK CONVEYOR
11:03:27	IDLE 1 PICK KNIGHT PLACE CONVEYOR PICK CONVEYOR
11:06:39	BUSY 1 PLACE Conveyor
11:06:43	IDLE 1 PLACE Conveyor
11:06:53	BUSY 1 PICK Conveyor PLACE AGV
11:07:27	IDLE 1 PICK Conveyor PLACE AGV
11:07:32	BUSY 1 PICK KNIGHT PLACE CONVEYOR PICK CONVEYOR
11:08:05	IDLE 1 PICK KNIGHT PLACE CONVEYOR PICK CONVEYOR
11:13:06	BUSY 1 PICK AGV PLACE KING
11:13:57	IDLE 1 PICK AGV PLACE KING
11:13:59	BUSY 1 PLACE Conveyor
11:14:11	IDLE 1 PLACE Conveyor
11:14:22	BUSY 1 PICK Conveyor PLACE AGV
11:14:56	IDLE 1 PICK Conveyor PLACE AGV
11:14:57	BUSY 1 PICK ROOK PLACE CONVEYOR PICK CONVEYOR
11:15:30	IDLE 1 PICK ROOK PLACE CONVEYOR PICK CONVEYOR
11:56:28	BUSY 1 PICK KING PLACE CONVEYOR PICK CONVEYOR
11:57:14	IDLE 1 PICK KING PLACE CONVEYOR PICK CONVEYOR
11:57:16	BUSY 1 PICK QUEEN PLACE CONVEYOR PICK CONVEYOR
11:58:06	IDLE 1 PICK QUEEN PLACE CONVEYOR PICK CONVEYOR
11:58:08	BUSY 1 PICK BISHOP PLACE CONVEYOR PICK CONVEYOR
11:58:43	IDLE 1 PICK BISHOP PLACE CONVEYOR PICK CONVEYOR
12:02:31	BUSY 1 PICK BISHOP PLACE CONVEYOR PICK CONVEYOR
12:03:02	IDLE 1 PICK BISHOP PLACE CONVEYOR PICK CONVEYOR
12:07:06	BUSY 1 PICK KNIGHT PLACE CONVEYOR PICK CONVEYOR
12:07:40	IDLE 1 PICK KNIGHT PLACE CONVEYOR PICK CONVEYOR
12:10:52	BUSY 1 PLACE Conveyor
12:10:56	IDLE 1 PLACE Conveyor
12:11:06	BUSY 1 PICK Conveyor PLACE AGV
12:11:40	IDLE 1 PICK Conveyor PLACE AGV
12:11:46	BUSY 1 PICK KNIGHT PLACE CONVEYOR PICK CONVEYOR
12:12:17	IDLE 1 PICK KNIGHT PLACE CONVEYOR PICK CONVEYOR
12:17:16	BUSY 1 PICK AGV PLACE KING
12:18:07	IDLE 1 PICK AGV PLACE KING
12:18:08	BUSY 1 PLACE Conveyor
12:18:21	IDLE 1 PLACE Conveyor
12:18:33	BUSY 1 PICK Conveyor PLACE AGV
12:19:07	IDLE 1 PICK Conveyor PLACE AGV
12:19:09	BUSY 1 PICK ROOK PLACE CONVEYOR PICK CONVEYOR
12:19:42	IDLE 1 PICK ROOK PLACE CONVEYOR PICK CONVEYOR
12:21:44	BUSY 1 PICK ROOK PLACE CONVEYOR PICK CONVEYOR
12:22:19	IDLE 1 PICK ROOK PLACE CONVEYOR PICK CONVEYOR
12:55:16	BUSY 1 PICK KING PLACE CONVEYOR PICK CONVEYOR
12:55:42	IDLE 1 PICK KING PLACE CONVEYOR PICK CONVEYOR
12:55:44	BUSY 1 PICK QUEEN PLACE CONVEYOR PICK CONVEYOR
12:56:12	IDLE 1 PICK QUEEN PLACE CONVEYOR PICK CONVEYOR
12:56:14	BUSY 1 PICK BISHOP PLACE CONVEYOR PICK CONVEYOR
12:56:45	IDLE 1 PICK BISHOP PLACE CONVEYOR PICK CONVEYOR
13:00:36	BUSY 1 PICK BISHOP PLACE CONVEYOR PICK CONVEYOR
13:01:07	IDLE 1 PICK BISHOP PLACE CONVEYOR PICK CONVEYOR
13:05:11	BUSY 1 PICK KNIGHT PLACE CONVEYOR PICK CONVEYOR
13:05:45	IDLE 1 PICK KNIGHT PLACE CONVEYOR PICK CONVEYOR
13:09:03	BUSY 1 PLACE Conveyor
13:09:07	IDLE 1 PLACE Conveyor
13:09:18	BUSY 1 PICK Conveyor PLACE AGV
13:09:52	IDLE 1 PICK Conveyor PLACE AGV
13:09:53	BUSY 1 PICK KNIGHT PLACE CONVEYOR PICK CONVEYOR
13:10:24	IDLE 1 PICK KNIGHT PLACE CONVEYOR PICK CONVEYOR
13:15:17	BUSY 1 PICK AGV PLACE KING
13:16:09	IDLE 1 PICK AGV PLACE KING
13:16:10	BUSY 1 PLACE Conveyor
13:16:19	IDLE 1 PLACE Conveyor
13:16:33	BUSY 1 PICK Conveyor PLACE AGV
13:17:06	IDLE 1 PICK Conveyor PLACE AGV
13:17:08	BUSY 1 PICK ROOK PLACE CONVEYOR PICK CONVEYOR
13:17:43	IDLE 1 PICK ROOK PLACE CONVEYOR PICK CONVEYOR
13:18:58	BUSY 1 PICK ROOK PLACE CONVEYOR PICK CONVEYOR
13:19:35	IDLE 1 PICK ROOK PLACE CONVEYOR PICK CONVEYOR
13:23:01	BUSY 1 PICK AGV PLACE QUEEN
13:23:51	IDLE 1 PICK AGV PLACE QUEEN
13:23:52	BUSY 1 PLACE Conveyor
13:24:06	IDLE 1 PLACE Conveyor
13:24:16	BUSY 1 PICK Conveyor PLACE AGV
13:24:50	IDLE 1 PICK Conveyor PLACE AGV
13:29:29	BUSY 1 PICK AGV PLACE BISHOP
13:30:09	IDLE 1 PICK AGV PLACE BISHOP
13:30:13	BUSY 1 PLACE Conveyor
13:30:29	IDLE 1 PLACE Conveyor
13:30:39	BUSY 1 PICK Conveyor PLACE AGV
13:31:13	IDLE 1 PICK Conveyor PLACE AGV
13:37:33	BUSY 1 PICK AGV PLACE BISHOP
13:38:14	IDLE 1 PICK AGV PLACE BISHOP
13:38:15	BUSY 1 PLACE Conveyor
13:38:31	IDLE 1 PLACE Conveyor
13:38:42	BUSY 1 PICK Conveyor PLACE AGV
13:39:16	IDLE 1 PICK Convey01:07:2005
16:30:54	BUSY 1 PICK gbtest PLACE CONVEYOR PICK CONVEYOR
16:31:22	IDLE 1 PICK gbtest PLACE CONVEYOR PICK CONVEYOR
16:31:23	BUSY 1 PICK gbtest PLACE CONVEYOR PICK CONVEYOR
16:31:51	IDLE 1 PICK gbtest PLACE CONVEYOR PICK CONVEYOR
16:31:53	BUSY 1 PICK gbtest PLACE CONVEYOR PICK CONVEYOR
16:31:53	LOCAL CONTROL ONLY
16:31:54	BUSY
16:32:25	IDLE
16:38:45	BUSY 1 PICK KING PLACE CONVEYOR PICK CONVEYOR
16:39:11	IDLE 1 PICK KING PLACE CONVEYOR PICK CONVEYOR
16:39:13	BUSY 1 PICK QUEEN PLACE CONVEYOR PICK CONVEYOR
16:39:41	IDLE 1 PICK QUEEN PLACE CONVEYOR PICK CONVEYOR
16:39:43	BUSY 1 PICK BISHOP PLACE CONVEYOR PICK CONVEYOR
16:40:14	IDLE 1 PICK BISHOP PLACE CONVEYOR PICK CONVEYOR
16:51:53	BUSY 1 PICK KING PLACE CONVEYOR PICK CONVEYOR
16:52:20	IDLE 1 PICK KING PLACE CONVEYOR PICK CONVEYOR
16:52:20	BUSY 1 PICK QUEEN PLACE CONVEYOR PICK CONVEYOR
16:52:49	IDLE 1 PICK QUEEN PLACE CONVEYOR PICK CONVEYOR
01:07:2005
17:15:39	LOCAL CONTROL ONLY
17:15:40	LOCAL CONTROL ONLY
17:16:01	IDLE
17:20:14	BUSY 1 PICK KING PLACE CONVEYOR PICK CONVEYOR
17:20:46	IDLE 1 PICK KING PLACE CONVEYOR PICK CONVEYOR
17:20:48	BUSY 1 PICK QUEEN PLACE CONVEYOR PICK CONVEYOR
17:21:16	IDLE 1 PICK QUEEN PLACE CONVEYOR PICK CONVEYOR
17:21:17	BUSY 1 PICK BISHOP PLACE CONVEYOR PICK CONVEYOR
17:21:48	IDLE 1 PICK BISHOP PLACE CONVEYOR PICK CONVEYOR
17:25:35	BUSY 1 PICK BISHOP PLACE CONVEYOR PICK CONVEYOR
17:26:07	IDLE 1 PICK BISHOP PLACE CONVEYOR PICK CONVEYOR
17:30:10	BUSY 1 PICK KNIGHT PLACE CONVEYOR PICK CONVEYOR
17:30:45	IDLE 1 PICK KNIGHT PLACE CONVEYOR PICK CONVEYOR
17:33:59	BUSY 1 PLACE Conveyor
17:34:04	IDLE 1 PLACE Conveyor
17:34:14	BUSY 1 PICK Conveyor PLACE AGV
17:34:48	IDLE 1 PICK Conveyor PLACE AGV
17:34:49	BUSY 1 PICK KNIGHT PLACE CONVEYOR PICK CONVEYOR
17:35:22	IDLE 1 PICK KNIGHT PLACE CONVEYOR PICK CONVEYOR
17:45:18	BUSY 1 PICK KING PLACE CONVEYOR PICK CONVEYOR
17:45:53	IDLE 1 PICK KING PLACE CONVEYOR PICK CONVEYOR
17:45:54	BUSY 1 PICK QUEEN PLACE CONVEYOR PICK CONVEYOR
17:46:23	IDLE 1 PICK QUEEN PLACE CONVEYOR PICK CONVEYOR
17:46:24	BUSY 1 PICK BISHOP PLACE CONVEYOR PICK CONVEYOR
17:46:56	IDLE 1 PICK BISHOP PLACE CONVEYOR PICK CONVEYOR
17:50:45	BUSY 1 PICK BISHOP PLACE CONVEYOR PICK CONVEYOR
17:51:15	IDLE 1 PICK BISHOP PLACE CONVEYOR PICK CONVEYOR
17:55:21	BUSY 1 PICK KNIGHT PLACE CONVEYOR PICK CONVEYOR
17:55:55	IDLE 1 PICK KNIGHT PLACE CONVEYOR PICK CONVEYOR
17:59:08	BUSY 1 PLACE Conveyor
17:59:13	IDLE 1 PLACE Conveyor
17:59:24	BUSY 1 PICK Conveyor PLACE AGV
17:59:58	IDLE 1 PICK Conveyor PLACE AGV
18:00:00	BUSY 1 PICK KNIGHT PLACE CONVEYOR PICK CONVEYOR
18:00:32	IDLE 1 PICK KNIGHT PLACE CONVEYOR PICK CONVEYOR
18:33:43	BUSY 1 PICK KING PLACE CONVEYOR PICK CONVEYOR
18:34:29	IDLE 1 PICK KING PLACE CONVEYOR PICK CONVEYOR
18:34:31	BUSY 1 PICK QUEEN PLACE CONVEYOR PICK CONVEYOR
18:35:21	IDLE 1 PICK QUEEN PLACE CONVEYOR PICK CONVEYOR
18:35:22	BUSY 1 PICK BISHOP PLACE CONVEYOR PICK CONVEYOR
18:35:54	IDLE 1 PICK BISHOP PLACE CONVEYOR PICK CONVEYOR
18:39:42	BUSY 1 PICK BISHOP PLACE CONVEYOR PICK CONVEYOR
18:40:14	IDLE 1 PICK BISHOP PLACE CONVEYOR PICK CONVEYOR
18:44:17	BUSY 1 PICK KNIGHT PLACE CONVEYOR PICK CONVEYOR
18:44:52	IDLE 1 PICK KNIGHT PLACE CONVEYOR PICK CONVEYOR
18:48:07	BUSY 1 PLACE Conveyor
18:48:11	IDLE 1 PLACE Conveyor
18:48:23	BUSY 1 PICK Conveyor PLACE AGV
18:48:57	IDLE 1 PICK Conveyor PLACE AGV
18:48:59	BUSY 1 PICK KNIGHT PLACE CONVEYOR PICK CONVEYOR
18:49:31	IDLE 1 PICK KNIGHT PLACE CONVEYOR PICK CONVEYOR
18:54:12	BUSY 1 PICK AGV PLACE KING
18:55:04	IDLE 1 PICK AGV PLACE KING
18:55:05	BUSY 1 PLACE Conveyor
18:55:17	IDLE 1 PLACE Conveyor
18:55:28	BUSY 1 PICK Conveyor PLACE AGV
18:56:02	ERROR received from device
02:07:2005
 9:02:48	LOCAL CONTROL ONLY
 9:08:22	IDLE
 9:15:42	BUSY 1 PICK KING PLACE CONVEYOR PICK CONVEYOR
 9:16:33	IDLE 1 PICK KING PLACE CONVEYOR PICK CONVEYOR
 9:16:34	BUSY 1 PICK QUEEN PLACE CONVEYOR PICK CONVEYOR
 9:17:16	IDLE 1 PICK QUEEN PLACE CONVEYOR PICK CONVEYOR
 9:17:17	BUSY 1 PICK BISHOP PLACE CONVEYOR PICK CONVEYOR
 9:17:49	IDLE 1 PICK BISHOP PLACE CONVEYOR PICK CONVEYOR
 9:21:38	BUSY 1 PICK BISHOP PLACE CONVEYOR PICK CONVEYOR
 9:22:10	IDLE 1 PICK BISHOP PLACE CONVEYOR PICK CONVEYOR
 9:26:12	BUSY 1 PICK KNIGHT PLACE CONVEYOR PICK CONVEYOR
 9:26:47	IDLE 1 PICK KNIGHT PLACE CONVEYOR PICK CONVEYOR
 9:29:07	BUSY 1 PLACE Conveyor
 9:29:10	IDLE 1 PLACE Conveyor
 9:29:22	BUSY 1 PICK Conveyor PLACE AGV
 9:29:55	IDLE 1 PICK Conveyor PLACE AGV
 9:30:53	BUSY 1 PICK KNIGHT PLACE CONVEYOR PICK CONVEYOR
 9:31:23	IDLE 1 PICK KNIGHT PLACE CONVEYOR PICK CONVEYOR
 9:34:41	BUSY 1 PICK AGV PLACE KING
 9:35:33	IDLE 1 PICK AGV PLACE KING
 9:35:35	BUSY 1 PLACE Conveyor
 9:35:47	IDLE 1 PLACE Conveyor
 9:35:58	BUSY 1 PICK Conveyor PLACE AGV
 9:36:33	IDLE 1 PICK Conveyor PLACE AGV
 9:36:35	BUSY 1 PICK ROOK PLACE CONVEYOR PICK CONVEYOR
 9:37:08	IDLE 1 PICK ROOK PLACE CONVEYOR PICK CONVEYOR
 9:41:33	BUSY 1 PICK AGV PLACE QUEEN
 9:42:23	IDLE 1 PICK AGV PLACE QUEEN
 9:42:24	BUSY 1 PLACE Conveyor
 9:42:38	IDLE 1 PLACE Conveyor
 9:42:49	BUSY 1 PICK Conveyor PLACE AGV
 9:43:23	IDLE 1 PICK Conveyor PLACE AGV
 9:43:24	BUSY 1 PICK ROOK PLACE CONVEYOR PICK CONVEYOR
 9:43:57	IDLE 1 PICK ROOK PLACE CONVEYOR PICK CONVEYOR
10:17:12	BUSY 1 PICK GBKING PLACE CONVEYOR PICK CONVEYOR
10:17:38	IDLE 1 PICK GBKING PLACE CONVEYOR PICK CONVEYOR
10:17:39	BUSY 1 PICK GBQUEEN PLACE CONVEYOR PICK CONVEYOR
10:18:07	IDLE 1 PICK GBQUEEN PLACE CONVEYOR PICK CONVEYOR
10:24:58	BUSY 1 PICK GBKING PLACE CONVEYOR PICK CONVEYOR
10:25:24	IDLE 1 PICK GBKING PLACE CONVEYOR PICK CONVEYOR
10:25:25	BUSY 1 PICK GBQUEEN PLACE CONVEYOR PICK CONVEYOR
10:25:54	IDLE 1 PICK GBQUEEN PLACE CONVEYOR PICK CONVEYOR
10:25:55	BUSY 1 PICK GBBISHOP PLACE CONVEYOR PICK CONVEYOR
10:26:26	IDLE 1 PICK GBBISHOP PLACE CONVEYOR PICK CONVEYOR
10:27:15	BUSY 1 PICK GBBISHOP PLACE CONVEYOR PICK CONVEYOR
10:27:46	IDLE 1 PICK GBBISHOP PLACE CONVEYOR PICK CONVEYOR
10:29:11	BUSY 1 PLACE Conveyor
10:29:15	IDLE 1 PLACE Conveyor
10:29:25	BUSY 1 PICK Conveyor PLACE AGV
10:29:59	IDLE 1 PICK Conveyor PLACE AGV
10:30:00	BUSY 1 PICK GBKNIGHT PLACE CONVEYOR PICK CONVEYOR
10:30:33	IDLE 1 PICK GBKNIGHT PLACE CONVEYOR PICK CONVEYOR
10:30:55	BUSY 1 PICK GBKNIGHT PLACE CONVEYOR PICK CONVEYOR
10:31:28	IDLE 1 PICK GBKNIGHT PLACE CONVEYOR PICK CONVEYOR
10:40:01	BUSY 1 PICK GBKING PLACE CONVEYOR PICK CONVEYOR
10:40:28	IDLE 1 PICK GBKING PLACE CONVEYOR PICK CONVEYOR
10:40:29	BUSY 1 PICK GBQUEEN PLACE CONVEYOR PICK CONVEYOR
10:40:58	IDLE 1 PICK GBQUEEN PLACE CONVEYOR PICK CONVEYOR
10:40:59	BUSY 1 PICK GBBISHOP PLACE CONVEYOR PICK CONVEYOR
10:41:30	ERROR received from device
10:44:09	IDLE
10:47:34	BUSY 1 PICK GBKING PLACE CONVEYOR PICK CONVEYOR
10:48:00	IDLE 1 PICK GBKING PLACE CONVEYOR PICK CONVEYOR
10:48:02	BUSY 1 PICK GBQUEEN PLACE CONVEYOR PICK CONVEYOR
10:48:30	IDLE 1 PICK GBQUEEN PLACE CONVEYOR PICK CONVEYOR
10:48:31	BUSY 1 PICK GBBISHOP PLACE CONVEYOR PICK CONVEYOR
10:49:02	IDLE 1 PICK GBBISHOP PLACE CONVEYOR PICK CONVEYOR
10:49:56	BUSY 1 PICK GBBISHOP PLACE CONVEYOR PICK CONVEYOR
10:50:26	IDLE 1 PICK GBBISHOP PLACE CONVEYOR PICK CONVEYOR
10:51:52	BUSY 1 PLACE Conveyor
10:51:57	IDLE 1 PLACE Conveyor
10:52:08	BUSY 1 PICK Conveyor PLACE AGV
10:52:43	IDLE 1 PICK Conveyor PLACE AGV
10:52:45	BUSY 1 PICK GBKNIGHT PLACE CONVEYOR PICK CONVEYOR
10:53:16	IDLE 1 PICK GBKNIGHT PLACE CONVEYOR PICK CONVEYOR
10:53:38	BUSY 1 PICK GBKNIGHT PLACE CONVEYOR PICK CONVEYOR
10:54:12	IDLE 1 PICK GBKNIGHT PLACE CONVEYOR PICK CONVEYOR
10:55:24	BUSY 1 PICK GBROOK PLACE CONVEYOR PICK CONVEYOR
10:56:01	IDLE 1 PICK GBROOK PLACE CONVEYOR PICK CONVEYOR
10:57:40	BUSY 1 PICK AGV PLACE GBKING
10:58:32	IDLE 1 PICK AGV PLACE GBKING
10:58:33	BUSY 1 PLACE Conveyor
10:58:45	IDLE 1 PLACE Conveyor
10:58:56	BUSY 1 PICK Conveyor PLACE AGV
10:59:31	IDLE 1 PICK Conveyor PLACE AGV
10:59:32	BUSY 1 PICK GBROOK PLACE CONVEYOR PICK CONVEYOR
11:00:05	IDLE 1 PICK GBROOK PLACE CONVEYOR PICK CONVEYOR
11:11:46	BUSY 1 PICK GBKING PLACE CONVEYOR PICK CONVEYOR
11:12:12	IDLE 1 PICK GBKING PLACE CONVEYOR PICK CONVEYOR
11:12:13	BUSY 1 PICK GBQUEEN PLACE CONVEYOR PICK CONVEYOR
11:12:41	IDLE 1 PICK GBQUEEN PLACE CONVEYOR PICK CONVEYOR
11:12:42	BUSY 1 PICK GBBISHOP PLACE CONVEYOR PICK CONVEYOR
11:13:14	IDLE 1 PICK GBBISHOP PLACE CONVEYOR PICK CONVEYOR
11:14:05	BUSY 1 PICK GBBISHOP PLACE CONVEYOR PICK CONVEYOR
11:14:36	IDLE 1 PICK GBBISHOP PLACE CONVEYOR PICK CONVEYOR
11:20:48	BUSY 1 PICK GBKING PLACE CONVEYOR PICK CONVEYOR
11:21:15	IDLE 1 PICK GBKING PLACE CONVEYOR PICK CONVEYOR
11:21:16	BUSY 1 PICK GBQUEEN PLACE CONVEYOR PICK CONVEYOR
11:21:45	IDLE 1 PICK GBQUEEN PLACE CONVEYOR PICK CONVEYOR
11:21:46	BUSY 1 PICK GBBISHOP PLACE CONVEYOR PICK CONVEYOR
11:22:17	IDLE 1 PICK GBBISHOP PLACE CONVEYOR PICK CONVEYOR
11:23:05	BUSY 1 PICK GBBISHOP PLACE CONVEYOR PICK CONVEYOR
11:23:36	IDLE 1 PICK GBBISHOP PLACE CONVEYOR PICK CONVEYOR
11:31:24	BUSY 1 PICK GBKING PLACE CONVEYOR PICK CONVEYOR
11:31:50	IDLE 1 PICK GBKING PLACE CONVEYOR PICK CONVEYOR
11:31:51	BUSY 1 PICK GBQUEEN PLACE CONVEYOR PICK CONVEYOR
11:32:20	IDLE 1 PICK GBQUEEN PLACE CONVEYOR PICK CONVEYOR
11:32:22	BUSY 1 PICK GBBISHOP PLACE CONVEYOR PICK CONVEYOR
11:32:53	IDLE 1 PICK GBBISHOP PLACE CONVEYOR PICK CONVEYOR
11:33:43	BUSY 1 PICK GBBISHOP PLACE CONVEYOR PICK CONVEYOR
11:34:14	IDLE 1 PICK GBBISHOP PLACE CONVEYOR PICK CONVEYOR
11:35:39	BUSY 1 PLACE Conveyor
11:35:43	IDLE 1 PLACE Conveyor
11:35:54	BUSY 1 PICK Conveyor PLACE AGV
11:36:28	IDLE 1 PICK Conveyor PLACE AGV
11:36:30	BUSY 1 PICK GBKNIGHT PLACE CONVEYOR PICK CONVEYOR
11:37:02	IDLE 1 PICK GBKNIGHT PLACE CONVEYOR PICK CONVEYOR
11:37:27	BUSY 1 PICK GBKNIGHT PLACE CONVEYOR PICK CONVEYOR
11:38:00	IDLE 1 PICK GBKNIGHT PLACE CONVEYOR PICK CONVEYOR
11:39:05	BUSY 1 PICK GBROOK PLACE CONVEYOR PICK CONVEYOR
11:39:41	IDLE 1 PICK GBROOK PLACE CONVEYOR PICK CONVEYOR
11:41:32	BUSY 1 PICK AGV PLACE GBKING
11:42:24	IDLE 1 PICK AGV PLACE GBKING
11:42:25	BUSY 1 PLACE Conveyor
11:42:37	IDLE 1 PLACE Conveyor
11:42:48	BUSY 1 PICK Conveyor PLACE AGV
11:43:23	IDLE 1 PICK Conveyor PLACE AGV
11:43:24	BUSY 1 PICK GBROOK PLACE CONVEYOR PICK CONVEYOR
11:43:57	IDLE 1 PICK GBROOK PLACE CONVEYOR PICK CONVEYOR
11:48:11	BUSY 1 PICK AGV PLACE GBQUEEN
11:49:01	IDLE 1 PICK AGV PLACE GBQUEEN
11:49:02	BUSY 1 PLACE Conveyor
11:49:16	IDLE 1 PLACE Conveyor
11:49:27	BUSY 1 PICK Conveyor PLACE AGV
11:50:01	IDLE 1 PICK Conveyor PLACE AGV
11:54:10	BUSY 1 PICK AGV PLACE GBBISHOP
11:54:51	IDLE 1 PICK AGV PLACE GBBISHOP
11:54:52	BUSY 1 PLACE Conveyor
11:55:08	IDLE 1 PLACE Conveyor
11:55:19	BUSY 1 PICK Conveyor PLACE AGV
11:55:53	IDLE 1 PICK Conveyor PLACE AGV
12:00:22	BUSY 1 PICK AGV PLACE GBBISHOP
12:01:03	IDLE 1 PICK AGV PLACE GBBISHOP
12:01:04	BUSY 1 PLACE Conveyor
12:01:20	IDLE 1 PLACE Conveyor
12:01:31	BUSY 1 PICK Conveyor PLACE AGV
12:02:06	IDLE 1 PICK Conveyor PLACE AGV
12:06:47	BUSY 1 PICK AGV PLACE GBKNIGHT
12:07:28	IDLE 1 PICK AGV PLACE GBKNIGHT
12:07:29	BUSY 1 PLACE Conveyor
12:07:47	IDLE 1 PLACE Conveyor
12:07:57	BUSY 1 PICK Conveyor PLACE AGV
12:08:31	IDLE 1 PICK Conveyor PLACE AGV
12:13:34	BUSY 1 PICK AGV PLACE GBKNIGHT
12:14:14	IDLE 1 PICK AGV PLACE GBKNIGHT
12:14:16	BUSY 1 PLACE Conveyor
12:14:33	IDLE 1 PLACE Conveyor
12:14:43	BUSY 1 PICK Conveyor PLACE AGV
12:15:19	IDLE 1 PICK Conveyor PLACE AGV
12:19:57	BUSY 1 PICK AGV PLACE GBROOK
12:20:38	ERROR received from device
12:38:13	IDLE
12:38:47	LOCAL CONTROL ONLY
12:38:57	IDLE
12:39:25	BUSY
12:39:56	IDLE
14:57:47	BUSY 1 PICK GBKING PLACE CONVEYOR PICK CONVEYOR
14:58:19	IDLE 1 PICK GBKING PLACE CONVEYOR PICK CONVEYOR
14:58:20	BUSY 1 PICK GBQUEEN PLACE CONVEYOR PICK CONVEYOR
14:58:20	LOCAL CONTROL ONLY
14:58:21	BUSY
14:58:53	IDLE
15:02:56	LOCAL CONTROL ONLY
15:04:30	IDLE
15:06:40	BUSY 1 PICK GBKING PLACE CONVEYOR PICK CONVEYOR
15:07:13	IDLE 1 PICK GBKING PLACE CONVEYOR PICK CONVEYOR
15:07:14	BUSY 1 PICK GBQUEEN PLACE CONVEYOR PICK CONVEYOR
15:07:47	IDLE 1 PICK GBQUEEN PLACE CONVEYOR PICK CONVEYOR
15:07:48	BUSY 1 PICK GBBISHOP PLACE CONVEYOR PICK CONVEYOR
15:08:25	IDLE 1 PICK GBBISHOP PLACE CONVEYOR PICK CONVEYOR
15:09:02	BUSY 1 PICK GBBISHOP PLACE CONVEYOR PICK CONVEYOR
15:09:37	IDLE 1 PICK GBBISHOP PLACE CONVEYOR PICK CONVEYOR
15:10:57	BUSY 1 PLACE Conveyor
15:11:02	IDLE 1 PLACE Conveyor
15:11:11	BUSY 1 PICK Conveyor PLACE AGV
15:11:51	IDLE 1 PICK Conveyor PLACE AGV
15:11:52	BUSY 1 PICK GBKNIGHT PLACE CONVEYOR PICK CONVEYOR
15:12:29	IDLE 1 PICK GBKNIGHT PLACE CONVEYOR PICK CONVEYOR
15:12:30	BUSY 1 PICK GBKNIGHT PLACE CONVEYOR PICK CONVEYOR
15:13:09	IDLE 1 PICK GBKNIGHT PLACE CONVEYOR PICK CONVEYOR
15:14:21	BUSY 1 PICK GBROOK PLACE CONVEYOR PICK CONVEYOR
15:15:03	IDLE 1 PICK GBROOK PLACE CONVEYOR PICK CONVEYOR
15:27:50	BUSY 1 PICK GBKING PLACE CONVEYOR PICK CONVEYOR
15:28:20	IDLE 1 PICK GBKING PLACE CONVEYOR PICK CONVEYOR
15:28:21	BUSY 1 PICK GBQUEEN PLACE CONVEYOR PICK CONVEYOR
15:28:55	IDLE 1 PICK GBQUEEN PLACE CONVEYOR PICK CONVEYOR
15:28:56	BUSY 1 PICK GBBISHOP PLACE CONVEYOR PICK CONVEYOR
15:29:32	IDLE 1 PICK GBBISHOP PLACE CONVEYOR PICK CONVEYOR
15:30:12	BUSY 1 PICK GBBISHOP PLACE CONVEYOR PICK CONVEYOR
15:30:48	IDLE 1 PICK GBBISHOP PLACE CONVEYOR PICK CONVEYOR
15:32:08	BUSY 1 PLACE Conveyor
15:32:13	IDLE 1 PLACE Conveyor
15:32:24	BUSY 1 PICK Conveyor PLACE AGV
15:33:04	IDLE 1 PICK Conveyor PLACE AGV
15:33:06	BUSY 1 PICK GBKNIGHT PLACE CONVEYOR PICK CONVEYOR
15:33:42	IDLE 1 PICK GBKNIGHT PLACE CONVEYOR PICK CONVEYOR
15:33:43	BUSY 1 PICK GBKNIGHT PLACE CONVEYOR PICK CONVEYOR
15:34:22	IDLE 1 PICK GBKNIGHT PLACE CONVEYOR PICK CONVEYOR
15:35:44	BUSY 1 PICK GBROOK PLACE CONVEYOR PICK CONVEYOR
15:36:26	IDLE 1 PICK GBROOK PLACE CONVEYOR PICK CONVEYOR
15:37:57	BUSY 1 PICK AGV PLACE GBKING
15:38:57	IDLE 1 PICK AGV PLACE GBKING
15:38:59	BUSY 1 PLACE Conveyor
15:39:13	IDLE 1 PLACE Conveyor
15:39:24	BUSY 1 PICK Conveyor PLACE AGV
15:40:04	IDLE 1 PICK Conveyor PLACE AGV
15:40:06	BUSY 1 PICK GBROOK PLACE CONVEYOR PICK CONVEYOR
15:40:43	IDLE 1 PICK GBROOK PLACE CONVEYOR PICK CONVEYOR
15:44:53	BUSY 1 PICK AGV PLACE GBQUEEN
15:45:53	IDLE 1 PICK AGV PLACE GBQUEEN
15:45:54	BUSY 1 PLACE Conveyor
15:46:11	IDLE 1 PLACE Conveyor
15:46:22	BUSY 1 PICK Conveyor PLACE AGV
15:47:02	IDLE 1 PICK Conveyor PLACE AGV
15:54:00	BUSY 1 PICK AGV PLACE GBBISHOP
15:54:49	IDLE 1 PICK AGV PLACE GBBISHOP
15:54:51	BUSY 1 PLACE Conveyor
15:55:09	IDLE 1 PLACE Conveyor
15:55:21	BUSY 1 PICK Conveyor PLACE AGV
15:56:02	IDLE 1 PICK Conveyor PLACE AGV
16:04:30	BUSY 1 PICK AGV PLACE GBBISHOP
16:05:18	IDLE 1 PICK AGV PLACE GBBISHOP
16:05:20	BUSY 1 PLACE Conveyor
16:05:38	IDLE 1 PLACE Conveyor
16:05:49	BUSY 1 PICK Conveyor PLACE AGV
16:06:29	IDLE 1 PICK Conveyor PLACE AGV
16:11:23	BUSY 1 PICK AGV PLACE GBKNIGHT
16:12:11	IDLE 1 PICK AGV PLACE GBKNIGHT
16:12:12	BUSY 1 PLACE Conveyor
16:12:33	IDLE 1 PLACE Conveyor
16:12:44	BUSY 1 PICK Conveyor PLACE AGV
16:13:23	IDLE 1 PICK Conveyor PLACE AGV
16:18:03	BUSY 1 PICK AGV PLACE GBKNIGHT
16:18:52	IDLE 1 PICK AGV PLACE GBKNIGHT
16:18:53	BUSY 1 PLACE Conveyor
16:19:14	IDLE 1 PLACE Conveyor
16:1