01:11:2004
01:11:2004
01:11:2004
01:11:2004
01:11:2004
01:11:2004
01:11:2004
01:11:2004
01:11:2004
01:11:2004
11:11:2004
11:11:2004
11:11:2004
11:11:2004
12:11:2004
12:11:2004
22:11:2004
22:11:2004
22:11:2004
25:11:2004
14:24:27	BUSY 3 gbtest 1 2 101
14:24:28	IDLE 3 gbtest 1 2 101
14:25:15	BUSY 3 gbtest 1 2 102
14:26:10	BUSY 3 gbtest 2 3 101
14:26:13	IDLE 3 gbtest 1 2 102
14:26:25	IDLE 3 gbtest 2 3 101
14:27:26	BUSY 3 gbtest 3 4 101
14:27:41	IDLE 3 gbtest 3 4 101
14:27:56	BUSY 3 gbtest 2 3 102
14:28:11	IDLE 3 gbtest 2 3 102
14:29:13	BUSY 3 gbtest 3 4 102
14:30:03	BUSY 3 gbtest 4 1 101
14:30:23	IDLE 3 gbtest 4 1 101
14:53:06	BUSY 3 gbtest 1 2 101
14:53:07	IDLE 3 gbtest 1 2 101
14:53:47	BUSY 3 gbtest 1 2 102
14:54:49	BUSY 3 gbtest 2 3 101
14:54:52	IDLE 3 gbtest 1 2 102
14:55:04	IDLE 3 gbtest 2 3 101
14:56:05	BUSY 3 gbtest 3 6 101
14:56:35	BUSY 3 gbtest 2 3 102
14:56:48	IDLE 3 gbtest 2 3 102
15:03:35	BUSY 3 gbtest 1 2 101
15:03:36	IDLE 3 gbtest 1 2 101
15:09:27	BUSY 3 gbtest 1 2 101
15:09:27	IDLE 3 gbtest 1 2 101
15:10:12	BUSY 3 gbtest 1 2 102
15:11:10	BUSY 3 gbtest 2 3 101
15:11:13	IDLE 3 gbtest 1 2 102
15:11:25	IDLE 3 gbtest 2 3 101
15:12:28	BUSY 3 gbtest 3 6 101
15:12:57	BUSY 3 gbtest 2 3 102
15:13:03	IDLE 3 gbtest 3 6 101
15:13:09	BUSY 3 gbtest 6 1 101
15:13:12	IDLE 3 gbtest 2 3 102
15:13:18	IDLE 3 gbtest 6 1 101
15:14:14	BUSY 3 gbtest 3 6 102
15:14:49	IDLE 3 gbtest 3 6 102
15:15:09	BUSY 3 gbtest 6 1 102
15:15:18	IDLE 3 gbtest 6 1 102
15:20:24	BUSY 3 gbtest 1 2 101
15:20:27	IDLE 3 gbtest 1 2 101
15:20:48	BUSY 3 gbtest 1 2 102
15:22:09	BUSY 3 gbtest 2 3 101
15:22:12	IDLE 3 gbtest 1 2 102
15:22:24	IDLE 3 gbtest 2 3 101
15:23:26	BUSY 3 gbtest 3 6 101
15:23:56	BUSY 3 gbtest 2 3 102
15:24:01	IDLE 3 gbtest 3 6 101
15:24:26:11:2004
11:31:40	BUSY 3 VISION 1 2 101
11:31:41	IDLE 3 VISION 1 2 101
11:33:23	BUSY 3 VISION 2 3 101
11:33:35	BUSY 3 VISION 1 2 102
11:33:36	IDLE 3 VISION 1 2 102
11:33:38	IDLE 3 VISION 2 3 101
11:34:39	BUSY 3 VISION 3 4 101
11:34:50	IDLE 3 VISION 3 4 101
11:34:53	BUSY 3 VISION 4 6 101
11:35:18	IDLE 3 VISION 4 6 101
11:35:18	BUSY 3 VISION 2 3 102
11:35:33	IDLE 3 VISION 2 3 102
11:35:38	BUSY 3 VISION 6 1 101
11:35:47	IDLE 3 VISION 6 1 101
11:36:35	BUSY 3 VISION 3 4 102
11:36:46	IDLE 3 VISION 3 4 102
11:3609:05:2005
11:05:2005
10:42:26	BUSY 3 spptd 1 2 101
10:42:30	IDLE 3 spptd 1 2 101
10:49:25	BUSY 3 spptd 1 2 101
10:49:32	IDLE 3 spptd 1 2 101
10:55:34	BUSY 3 spptd 1 2 101
10:55:41	IDLE 3 spptd 1 2 101
11:09:49	BUSY 3 spptd 1 2 101
11:09:53	IDLE 3 spptd 1 2 101
11:14:32	BUSY 3 spptd 1 2 101
11:14:35	IDLE 3 spptd 1 2 101
11:20:17	BUSY 3 spptd 2 3 101
11:20:30	IDLE 3 spptd 2 3 101
12:05:2005
 2:30:04	BUSY 3 spptd 1 2 101
 2:30:09	IDLE 3 spptd 1 2 101
 2:35:57	BUSY 3 spptd 2 3 101
 2:36:10	IDLE 3 spptd 2 3 101
 2:48:45	BUSY 3 spptd 1 2 101
 2:48:50	IDLE 3 spptd 1 2 101
 2:59:56	BUSY 3 spptd 1 2 101
 3:00:01	IDLE 3 spptd 1 2 101
 3:04:21	BUSY 3 spptd 1 2 101
 3:04:26	IDLE 3 spptd 1 2 101
 3:13:28	BUSY 3 spptd 1 2 101
 3:13:35	IDLE 3 spptd 1 2 101
 3:19:29	BUSY 3 spptd 2 3 101
 3:19:43	IDLE 3 spptd 2 3 101
 3:27:48	BUSY 3 spptd 1 2 101
 3:27:53	IDLE 3 spptd 1 2 101
 3:33:40	BUSY 3 spptd 2 3 101
 3:33:54	IDLE 3 spptd 2 3 101
 3:39:57	BUSY 3 spptd 3 6 101
 3:40:33	IDLE 3 spptd 3 6 101
 3:40:38	BUSY 3 spptd 6 1 101
 3:40:47	IDLE 3 spptd 6 1 101
 3:45:46	BUSY 3 spptd 1 2 101
 3:45:51	IDLE 3 spptd 1 2 101
 3:53:19	BUSY 3 spptd 2 3 101
 3:53:33	IDLE 3 spptd 2 3 101
 3:59:40	BUSY 3 spptd 3 6 101
 4:00:16	IDLE 3 spptd 3 6 101
 4:00:21	BUSY 3 spptd 6 1 101
 4:00:30	IDLE 3 spptd 6 1 101
 4:07:43	BUSY 3 SPPTD1 1 2 101
 4:07:47	IDLE 3 SPPTD1 1 2 101
 4:10:57	BUSY 3 spptd 1 2 101
 4:11:02	IDLE 3 spptd 1 2 101
 4:16:49	BUSY 3 spptd 2 3 101
 4:17:03	IDLE 3 spptd 2 3 101
 4:23:10	BUSY 3 spptd 3 6 101
 4:23:46	IDLE 3 spptd 3 6 101
 4:23:51	BUSY 3 spptd 6 1 101
 4:24:00	IDLE 3 spptd 6 1 101
 4:37:56	BUSY 3 spptd 1 2 101
 4:38:01	IDLE 3 spptd 1 2 101
 4:44:05	BUSY 3 spptd 2 3 101
 4:44:19	IDLE 3 spptd 2 3 101
13:05:2005
10:31:05	BUSY 3 KUDA 1 2 101
10:31:09	IDLE 3 KUDA 1 2 101
10:40:23	BUSY 3 KUDA 1 2 101
10:40:28	IDLE 3 KUDA 1 2 101
10:40:57	BUSY 3 KUDA 1 2 102
10:45:53	BUSY 3 KUDA 2 3 101
10:45:56	IDLE 3 KUDA 1 2 102
10:46:07	IDLE 3 KUDA 2 3 101
10:51:20	BUSY 3 KUDA 2 3 102
10:51:27	BUSY 3 KUDA 3 6 101
10:51:34	IDLE 3 KUDA 2 3 102
10:52:03	IDLE 3 KUDA 3 6 101
10:52:08	BUSY 3 KUDA 6 1 101
10:52:17	IDLE 3 KUDA 6 1 101
10:56:47	BUSY 3 KUDA 3 6 102
10:57:24	IDLE 3 KUDA 3 6 102
10:57:42	BUSY 3 KUDA 6 1 102
10:57:51	IDLE 3 KUDA 6 1 102
17:05:2005
16:45:33	BUSY 3 BISHOP1 1 2 101
16:45:37	IDLE 3 BISHOP1 1 2 101
16:52:16	BUSY 3 BISHOP1 1 2 101
16:52:19	IDLE 3 BISHOP1 1 2 101
16:59:52	BUSY 3 ROOK1 1 2 101
16:59:56	IDLE 3 ROOK1 1 2 101
17:04:46	BUSY 3 BISHOP1 1 2 101
17:04:50	IDLE 3 BISHOP1 1 2 101
17:05:23	BUSY 3 ROOK1 1 2 102
17:10:11	BUSY 3 BISHOP1 2 3 101
17:10:13	IDLE 3 ROOK1 1 2 102
17:10:24	IDLE 3 BISHOP1 2 3 101
17:13:06	BUSY 3 BISHOP1 3 6 101
17:13:41	IDLE 3 BISHOP1 3 6 101
17:13:47	BUSY 3 BISHOP1 6 1 101
17:13:55	IDLE 3 BISHOP1 6 1 101
17:15:03	BUSY 3 ROOK1 2 3 102
17:15:16	IDLE 3 ROOK1 2 3 102
17:26:46	BUSY 3 ROOK1 1 2 101
17:26:49	IDLE 3 ROOK1 1 2 101
17:31:39	BUSY 3 ROOK1 2 3 101
17:31:52	IDLE 3 ROOK1 2 3 101
17:36:01	BUSY 3 ROOK1 3 6 101
17:36:36	IDLE 3 ROOK1 3 6 101
17:36:42	BUSY 3 ROOK1 6 1 101
17:36:50	IDLE 3 ROOK1 6 1 101
17:05:2005
18:05:2005
18:05:2005
14:59:20	BUSY 3 ROOK 1 2 101
14:59:25	IDLE 3 ROOK 1 2 101
14:59:58	BUSY 3 ROOK 1 2 102
15:09:01	BUSY 3 ROOK 1 2 101
15:09:06	IDLE 3 ROOK 1 2 101
15:09:39	BUSY 3 ROOK 1 2 102
15:13:56	BUSY 3 ROOK 2 3 101
15:13:59	IDLE 3 ROOK 1 2 102
15:14:10	IDLE 3 ROOK 2 3 101
15:18:19	BUSY 3 ROOK 3 6 101
15:18:48	BUSY 3 ROOK 2 3 102
15:18:55	IDLE 3 ROOK 3 6 101
15:19:00	BUSY 3 ROOK 6 1 101
15:19:02	IDLE 3 ROOK 2 3 102
15:19:09	IDLE 3 ROOK 6 1 101
15:23:09	BUSY 3 ROOK 3 6 102
15:23:46	IDLE 3 ROOK 3 6 102
15:31:58	BUSY 3 ROOK 1 2 101
15:32:05	IDLE 3 ROOK 1 2 101
15:33:04	BUSY 3 ROOK 1 2 102
15:38:43	BUSY 3 ROOK 2 3 101
15:38:45	IDLE 3 ROOK 1 2 102
15:38:56	IDLE 3 ROOK 2 3 101
15:43:03	BUSY 3 ROOK 3 6 101
15:43:38	IDLE 3 ROOK 3 6 101
15:43:44	BUSY 3 ROOK 6 1 101
15:43:52	IDLE 3 ROOK 6 1 101
16:18:06	BUSY 3 ROOK 1 2 101
16:18:09	IDLE 3 ROOK 1 2 101
16:18:42	BUSY 3 ROOK 1 2 102
16:22:54	BUSY 3 ROOK 2 3 101
16:22:57	IDLE 3 ROOK 1 2 102
16:23:08	IDLE 3 ROOK 2 3 101
16:27:16	BUSY 3 ROOK 3 6 101
16:27:42	BUSY 3 ROOK 2 3 102
16:27:52	IDLE 3 ROOK 3 6 101
16:27:56	IDLE 3 ROOK 2 3 102
16:27:58	BUSY 3 ROOK 6 1 101
16:28:07	IDLE 3 ROOK 6 1 101
16:32:04	BUSY 3 ROOK 3 6 102
16:32:40	IDLE 3 ROOK 3 6 102
16:34:34	BUSY 3 ROOK 6 1 102
16:34:43	IDLE 3 ROOK 6 1 102
18:05:2005
18:56:39	BUSY 3 ROOK 1 2 101
18:56:45	BUSY 3 ROOK 1 2 102
19:02:00	BUSY 3 ROOK 1 2 101
19:02:06	IDLE 3 ROOK 1 2 101
19:02:38	BUSY 3 ROOK 1 2 102
18:05:2005
22:18:20	BUSY 3 ROOK 1 2 101
22:18:24	IDLE 3 ROOK 1 2 101
19:05:2005
20:05:2005
10:10:21	BUSY 3 KING 1 2 101
10:10:27	IDLE 3 KING 1 2 101
10:16:29	BUSY 3 KING 1 2 101
10:16:38	IDLE 3 KING 1 2 101
10:17:22	BUSY 3 QUEEN 1 2 102
10:17:57	BUSY 3 BISHOP 1 2 103
10:41:36	BUSY 3 KING 1 2 101
10:41:42	IDLE 3 KING 1 2 101
13:23:47	BUSY 3 KING 1 2 101
13:24:05	IDLE 3 KING 1 2 101
13:41:38	BUSY 3 KING 1 2 101
13:41:38	IDLE 3 KING 1 2 101
15:21:15	BUSY 3 KING 1 2 101
15:21:23	IDLE 3 KING 1 2 101
20:05:2005
15:33:38	BUSY 3 KING 1 2 101
15:33:46	IDLE 3 KING 1 2 101
15:49:33	BUSY 3 KING 1 2 101
15:49:34	IDLE 3 KING 1 2 101
15:50:03	BUSY 3 QUEEN 1 2 102
15:50:35	BUSY 3 BISHOP 1 2 103
15:55:04	BUSY 3 KING 2 3 101
15:55:07	IDLE 3 QUEEN 1 2 102
15:55:12	IDLE 3 KING 2 3 101
15:55:42	BUSY 3 KNIGHT 1 2 104
16:23:20	BUSY 3 QUEEN 1 2 101
16:23:24	IDLE 3 QUEEN 1 2 101
16:23:55	BUSY 3 KNIGHT 1 2 102
16:24:30	BUSY 3 KNIGHT 1 2 103
16:28:42	BUSY 3 QUEEN 2 3 101
16:28:44	IDLE 3 KNIGHT 1 2 102
16:28:55	IDLE 3 QUEEN 2 3 101
16:33:07	BUSY 3 QUEEN 3 6 101
16:33:42	IDLE 3 QUEEN 3 6 101
17:09:25	BUSY 3 QUEEN 1 2 101
17:09:29	IDLE 3 QUEEN 1 2 101
17:09:57	BUSY 3 BISHOP 1 2 102
17:38:46	BUSY 3 QUEEN 1 2 101
17:38:50	IDLE 3 QUEEN 1 2 101
17:39:17	BUSY 3 BISHOP 1 2 102
17:44:07	BUSY 3 QUEEN 2 3 101
17:44:10	IDLE 3 BISHOP 1 2 102
17:44:21	IDLE 3 QUEEN 2 3 101
17:48:32	BUSY 3 QUEEN 3 6 101
17:49:08	IDLE 3 QUEEN 3 6 101
17:49:13	BUSY 3 QUEEN 6 1 101
17:49:22	IDLE 3 QUEEN 6 1 101
17:49:31	BUSY 3 BISHOP 2 3 102
17:49:45	IDLE 3 BISHOP 2 3 102
17:52:19	BUSY 3 BISHOP 3 6 102
17:52:55	IDLE 3 BISHOP 3 6 102
17:53:10	BUSY 3 BISHOP 6 1 102
17:53:19	IDLE 3 BISHOP 6 1 102
18:08:29	BUSY 3 KING 1 2 101
18:08:33	IDLE 3 KING 1 2 101
18:08:59	BUSY 3 QUEEN 1 2 102
18:09:32	BUSY 3 BISHOP 1 2 103
18:14:05	BUSY 3 KING 2 3 101
18:14:07	IDLE 3 QUEEN 1 2 102
18:14:18	IDLE 3 KING 2 3 101
18:14:41	BUSY 3 KNIGHT 1 2 104
18:19:25	BUSY 3 QUEEN 2 3 102
18:19:27	IDLE 3 BISHOP 1 2 103
18:20:08	BUSY 3 KING 3 6 101
18:20:10	IDLE 3 QUEEN 2 3 102
18:20:43	IDLE 3 KING 3 6 101
18:20:49	BUSY 3 KING 6 1 101
18:20:57	IDLE 3 KING 6 1 101
18:22:09	BUSY 3 ROOK 1 2 105
18:24:21	BUSY 3 QUEEN 3 6 102
18:24:50	BUSY 3 BISHOP 2 3 103
18:24:52	IDLE 3 KNIGHT 1 2 104
18:24:56	IDLE 3 QUEEN 3 6 102
18:25:03	IDLE 3 BISHOP 2 3 103
18:27:36	BUSY 3 BISHOP 3 6 103
18:30:02	BUSY 3 KNIGHT 2 3 104
18:30:04	IDLE 3 ROOK 1 2 105
18:30:15	IDLE 3 KNIGHT 2 3 104
18:30:42	BUSY 3 QUEEN 6 1 102
18:30:44	IDLE 3 BISHOP 3 6 103
18:30:50	IDLE 3 QUEEN 6 1 102
18:34:50	BUSY 3 ROOK 2 3 105
18:35:19	BUSY 3 KNIGHT 3 6 104
18:35:21	IDLE 3 ROOK 2 3 105
18:37:18	BUSY 3 BISHOP 6 1 103
18:37:20	IDLE 3 KNIGHT 3 6 104
18:37:26	IDLE 3 BISHOP 6 1 103
18:57:13	BUSY 3 KING 1 2 101
18:57:16	IDLE 3 KING 1 2 101
18:57:43	BUSY 3 QUEEN 1 2 102
18:58:14	BUSY 3 BISHOP 1 2 103
19:02:47	BUSY 3 KING 2 3 101
19:02:50	IDLE 3 QUEEN 1 2 102
19:03:01	IDLE 3 KING 2 3 101
19:03:26	BUSY 3 KNIGHT 1 2 104
19:08:12	BUSY 3 QUEEN 2 3 102
19:08:15	IDLE 3 BISHOP 1 2 103
19:08:54	BUSY 3 ROOK 1 2 105
19:08:57	BUSY 3 KING 3 6 101
19:09:00	IDLE 3 QUEEN 2 3 102
19:09:33	IDLE 3 KING 3 6 101
19:09:39	BUSY 3 KING 6 1 101
19:09:48	IDLE 3 KING 6 1 101
19:13:13	BUSY 3 QUEEN 3 6 102
19:13:49	IDLE 3 QUEEN 3 6 102
01:07:2005
 9:13:09	BUSY 3 KING 1 2 101
 9:13:13	IDLE 3 KING 1 2 101
 9:13:39	BUSY 3 QUEEN 1 2 102
 9:14:11	BUSY 3 BISHOP 1 2 103
 9:19:47	BUSY 3 KING 2 3 101
 9:19:49	IDLE 3 QUEEN 1 2 102
 9:20:00	IDLE 3 KING 2 3 101
 9:20:26	BUSY 3 KNIGHT 1 2 104
 9:24:46	BUSY 3 QUEEN 2 3 102
 9:24:48	IDLE 3 BISHOP 1 2 103
 9:25:27	BUSY 3 ROOK 1 2 105
 9:27:34	BUSY 3 KING 3 4 101
 9:27:36	IDLE 3 QUEEN 2 3 102
 9:27:48	IDLE 3 KING 3 4 101
 9:27:52	BUSY 3 KING 4 6 101
 9:28:16	IDLE 3 KING 4 6 101
 9:28:22	BUSY 3 KING 6 1 101
 9:28:30	IDLE 3 KING 6 1 101
 9:29:25	BUSY 3 BISHOP 2 4 103
 9:29:27	IDLE 3 KNIGHT 1 2 104
10:05:00	BUSY 3 KING 1 2 101
10:05:05	IDLE 3 KING 1 2 101
10:05:30	BUSY 3 QUEEN 1 2 102
10:06:02	BUSY 3 BISHOP 1 2 103
10:09:52	BUSY 3 KING 2 3 101
10:09:56	IDLE 3 QUEEN 1 2 102
10:10:05	IDLE 3 KING 2 3 101
10:17:04	BUSY 3 KING 1 2 101
10:17:09	IDLE 3 KING 1 2 101
10:17:33	BUSY 3 QUEEN 1 2 102
10:18:07	BUSY 3 BISHOP 1 2 103
10:21:55	BUSY 3 KING 2 3 101
10:21:57	IDLE 3 QUEEN 1 2 102
10:22:08	IDLE 3 KING 2 3 101
10:22:30	BUSY 3 BISHOP 1 2 104
10:26:29	BUSY 3 QUEEN 2 3 102
10:26:32	IDLE 3 BISHOP 1 2 103
10:27:10	BUSY 3 KNIGHT 1 2 105
10:29:39	BUSY 3 KING 3 4 101
10:29:42	IDLE 3 QUEEN 2 3 102
10:29:51	IDLE 3 KING 3 4 101
10:29:54	BUSY 3 KING 4 6 101
10:30:19	IDLE 3 KING 4 6 101
10:52:47	BUSY 3 KING 1 2 101
10:52:55	IDLE 3 KING 1 2 101
10:53:38	BUSY 3 QUEEN 1 2 102
10:54:30	BUSY 3 BISHOP 1 2 103
10:58:15	BUSY 3 KING 2 3 101
10:58:17	IDLE 3 QUEEN 1 2 102
10:58:28	IDLE 3 KING 2 3 101
10:58:50	BUSY 3 BISHOP 1 2 104
11:02:49	BUSY 3 QUEEN 2 3 102
11:02:52	IDLE 3 BISHOP 1 2 103
11:03:28	BUSY 3 KNIGHT 1 2 105
11:05:59	BUSY 3 KING 3 4 101
11:06:01	IDLE 3 QUEEN 2 3 102
11:06:11	IDLE 3 KING 3 4 101
11:06:14	BUSY 3 KING 4 6 101
11:06:38	IDLE 3 KING 4 6 101
11:06:44	BUSY 3 KING 6 1 101
11:06:52	IDLE 3 KING 6 1 101
11:07:29	BUSY 3 BISHOP 2 4 103
11:07:31	IDLE 3 BISHOP 1 2 104
11:08:05	BUSY 3 KNIGHT 1 2 106
11:11:14	BUSY 3 QUEEN 3 4 102
11:11:26	IDLE 3 QUEEN 3 4 102
11:11:29	BUSY 3 QUEEN 4 6 102
11:11:54	IDLE 3 QUEEN 4 6 102
11:12:10	BUSY 3 BISHOP 2 4 104
11:14:11	BUSY 3 QUEEN 6 1 102
11:14:20	IDLE 3 QUEEN 6 1 102
11:15:31	BUSY 3 ROOK 1 2 107
11:15:32	IDLE 3 KNIGHT 1 2 105
11:19:58	BUSY 3 KNIGHT 2 3 105
11:19:59	IDLE 3 KNIGHT 2 3 105
11:57:15	BUSY 3 KING 1 2 101
11:57:21	IDLE 3 KING 1 2 101
11:58:08	BUSY 3 QUEEN 1 2 102
11:58:44	BUSY 3 BISHOP 1 2 103
12:02:27	BUSY 3 KING 2 3 101
12:02:30	IDLE 3 QUEEN 1 2 102
12:02:41	IDLE 3 KING 2 3 101
12:03:02	BUSY 3 BISHOP 1 2 104
12:07:02	BUSY 3 QUEEN 2 3 102
12:07:05	IDLE 3 BISHOP 1 2 103
12:07:40	BUSY 3 KNIGHT 1 2 105
12:10:09	BUSY 3 KING 3 4 101
12:10:12	IDLE 3 QUEEN 2 3 102
12:10:24	IDLE 3 KING 3 4 101
12:10:26	BUSY 3 KING 4 6 101
12:10:51	IDLE 3 KING 4 6 101
12:10:56	BUSY 3 KING 6 1 101
12:11:05	IDLE 3 KING 6 1 101
12:11:43	BUSY 3 BISHOP 2 3 103
12:11:45	IDLE 3 BISHOP 1 2 104
12:12:17	BUSY 3 KNIGHT 1 2 106
12:15:24	BUSY 3 QUEEN 3 4 102
12:15:27	IDLE 3 BISHOP 2 3 103
12:15:37	IDLE 3 QUEEN 3 4 102
12:15:40	BUSY 3 QUEEN 4 6 102
12:16:05	IDLE 3 QUEEN 4 6 102
12:16:22	BUSY 3 BISHOP 2 3 104
12:16:25	IDLE 3 KNIGHT 1 2 105
12:18:22	BUSY 3 QUEEN 6 1 102
12:18:31	IDLE 3 QUEEN 6 1 102
12:18:34	BUSY 3 BISHOP 3 4 103
12:18:37	IDLE 3 BISHOP 2 3 104
12:18:46	IDLE 3 BISHOP 3 4 103
12:18:49	BUSY 3 BISHOP 4 6 103
12:19:14	IDLE 3 BISHOP 4 6 103
12:19:43	BUSY 3 ROOK 1 2 107
12:20:50	BUSY 3 KNIGHT 2 3 105
12:20:53	IDLE 3 KNIGHT 1 2 106
12:21:39	BUSY 3 BISHOP 3 4 104
12:21:42	IDLE 3 KNIGHT 2 3 105
12:21:52	IDLE 3 BISHOP 3 4 104
12:21:54	BUSY 3 BISHOP 4 6 104
12:22:19	BUSY 3 ROOK 1 2 108
12:25:46	BUSY 3 KNIGHT 2 3 106
12:25:49	IDLE 3 ROOK 1 2 107
12:28:05	BUSY 3 KNIGHT 3 4 105
12:28:08	IDLE 3 KNIGHT 2 3 106
12:28:17	IDLE 3 KNIGHT 3 4 105
12:28:20	BUSY 3 KNIGHT 4 6 105
12:29:57	BUSY 3 ROOK 2 3 107
12:30:00	IDLE 3 ROOK 1 2 108
12:34:08	BUSY 3 ROOK 2 3 108
12:34:27	BUSY 3 KNIGHT 3 4 106
12:34:30	IDLE 3 ROOK 2 3 107
12:34:40	IDLE 3 KNIGHT 3 4 106
12:39:23	BUSY 3 ROOK 3 4 107
12:39:25	IDLE 3 ROOK 2 3 108
12:55:44	BUSY 3 KING 1 2 101
12:55:47	IDLE 3 KING 1 2 101
12:56:14	BUSY 3 QUEEN 1 2 102
12:56:46	BUSY 3 BISHOP 1 2 103
13:00:32	BUSY 3 KING 2 3 101
13:00:34	IDLE 3 QUEEN 1 2 102
13:00:45	IDLE 3 KING 2 3 101
13:01:08	BUSY 3 BISHOP 1 2 104
13:05:06	BUSY 3 QUEEN 2 3 102
13:05:09	IDLE 3 BISHOP 1 2 103
13:05:45	BUSY 3 KNIGHT 1 2 105
13:08:21	BUSY 3 KING 3 4 101
13:08:24	IDLE 3 QUEEN 2 3 102
13:08:33	IDLE 3 KING 3 4 101
13:08:36	BUSY 3 KING 4 6 101
13:09:01	IDLE 3 KING 4 6 101
13:09:08	BUSY 3 KING 6 1 101
13:09:16	IDLE 3 KING 6 1 101
13:09:47	BUSY 3 BISHOP 2 3 103
13:09:49	IDLE 3 BISHOP 1 2 104
13:10:25	BUSY 3 KNIGHT 1 2 106
13:13:39	BUSY 3 QUEEN 3 4 102
13:13:42	IDLE 3 BISHOP 2 3 103
13:13:51	IDLE 3 QUEEN 3 4 102
13:13:53	BUSY 3 QUEEN 4 6 102
13:14:19	IDLE 3 QUEEN 4 6 102
13:14:26	BUSY 3 BISHOP 2 3 104
13:14:30	IDLE 3 KNIGHT 1 2 105
13:16:22	BUSY 3 QUEEN 6 1 102
13:16:32	IDLE 3 QUEEN 6 1 102
13:16:50	BUSY 3 BISHOP 3 4 103
13:16:53	IDLE 3 BISHOP 2 3 104
13:16:58	IDLE 3 BISHOP 3 4 103
13:17:02	BUSY 3 BISHOP 4 6 103
13:17:29	IDLE 3 BISHOP 4 6 103
13:17:44	BUSY 3 ROOK 1 2 107
13:18:53	BUSY 3 KNIGHT 2 3 105
13:18:56	IDLE 3 KNIGHT 1 2 106
13:19:36	BUSY 3 ROOK 1 2 108
13:19:54	BUSY 3 BISHOP 3 4 104
13:19:57	IDLE 3 KNIGHT 2 3 105
13:20:06	IDLE 3 BISHOP 3 4 104
13:20:09	BUSY 3 BISHOP 4 6 104
13:23:21	BUSY 3 KNIGHT 2 3 106
13:23:24	IDLE 3 ROOK 1 2 107
13:24:07	BUSY 3 BISHOP 6 1 103
13:24:10	IDLE 3 BISHOP 4 6 104
13:24:15	IDLE 3 BISHOP 6 1 103
13:26:20	BUSY 3 KNIGHT 3 4 105
13:26:22	IDLE 3 KNIGHT 2 3 106
13:26:30	IDLE 3 KNIGHT 3 4 105
13:26:33	BUSY 3 KNIGHT 4 6 105
13:27:33	BUSY 3 ROOK 2 3 107
13:27:36	IDLE 3 ROOK 1 2 108
13:30:29	BUSY 3 BISHOP 6 1 104
13:30:32	IDLE 3 KNIGHT 4 6 105
13:30:37	IDLE 3 BISHOP 6 1 104
13:31:43	BUSY 3 ROOK 2 3 108
13:32:44	BUSY 3 KNIGHT 3 4 106
13:32:47	IDLE 3 ROOK 2 3 107
13:32:56	IDLE 3 KNIGHT 3 4 106
13:32:58	BUSY 3 KNIGHT 4 6 106
13:37:39	BUSY 3 ROOK 3 4 107
13:37:42	IDLE 3 ROOK 2 3 108
13:37:49	IDLE 3 ROOK 3 4 107
13:37:54	BUSY 3 ROOK 4 6 107
13:38:32	BUSY 3 KNIGHT 6 1 105
13:38:35	IDLE 3 KNIGHT 4 6 106
13:38:40	IDLE 3 KNIGHT 6 1 105
13:42:34	BUSY 3 ROOK 3 4 108
13:42:47	IDLE 3 ROOK 3 4 108
13:42:49	BUSY 3 ROOK 4 6 108
13:46:28	BUSY 3 KNIGHT 6 1 106
13:46:31	IDLE 3 ROOK 4 6 107
13:46:37	IDLE 3 KNIGHT 6 1 106
13:53:51	BUSY 3 ROOK 6 1 107
13:53:53	IDLE 3 ROOK 4 6 108
13:54:01	IDLE 3 ROOK 6 1 107
16:31:22	BUSY 3 gbtest 1 4 101
16:31:51	IDLE 3 gbtest 1 4 101
16:31:52	BUSY 3 gbtest 1 4 102
16:31:53	BUSY 3 gbtest 4 6 101
16:32:18	IDLE 3 gbtest 4 6 101
16:32:20	IDLE 3 gbtest 1 4 102
16:32:22	BUSY 3 gbtest 4 6 102
16:39:12	BUSY 3 KING 1 2 101
16:39:16	IDLE 3 KING 1 2 101
16:39:42	BUSY 3 QUEEN 1 2 102
16:52:20	BUSY 3 KING 1 2 101
16:52:24	IDLE 3 KING 1 2 101
01:07:2005
17:20:47	BUSY 3 KING 1 2 101
17:20:50	IDLE 3 KING 1 2 101
17:21:17	BUSY 3 QUEEN 1 2 102
17:21:49	BUSY 3 BISHOP 1 2 103
17:25:32	BUSY 3 KING 2 3 101
17:25:35	IDLE 3 QUEEN 1 2 102
17:25:46	IDLE 3 KING 2 3 101
17:26:08	BUSY 3 BISHOP 1 2 104
17:30:07	BUSY 3 QUEEN 2 3 102
17:30:09	IDLE 3 BISHOP 1 2 103
17:30:45	BUSY 3 KNIGHT 1 2 105
17:33:20	BUSY 3 KING 3 4 101
17:33:22	IDLE 3 QUEEN 2 3 102
17:33:31	IDLE 3 KING 3 4 101
17:33:34	BUSY 3 KING 4 6 101
17:33:59	IDLE 3 KING 4 6 101
17:34:05	BUSY 3 KING 6 1 101
17:34:14	IDLE 3 KING 6 1 101
17:34:46	BUSY 3 BISHOP 2 3 103
17:34:48	IDLE 3 BISHOP 1 2 104
17:35:22	BUSY 3 KNIGHT 1 2 106
17:45:54	BUSY 3 KING 1 2 101
17:45:57	IDLE 3 KING 1 2 101
17:46:24	BUSY 3 QUEEN 1 2 102
17:46:57	BUSY 3 BISHOP 1 2 103
17:50:40	BUSY 3 KING 2 3 101
17:50:43	IDLE 3 QUEEN 1 2 102
17:50:54	IDLE 3 KING 2 3 101
17:51:16	BUSY 3 BISHOP 1 2 104
17:55:16	BUSY 3 QUEEN 2 3 102
17:55:19	IDLE 3 BISHOP 1 2 103
17:55:56	BUSY 3 KNIGHT 1 2 105
17:58:27	BUSY 3 KING 3 4 101
17:58:30	IDLE 3 QUEEN 2 3 102
17:58:39	IDLE 3 KING 3 4 101
17:58:42	BUSY 3 KING 4 6 101
17:59:07	IDLE 3 KING 4 6 101
17:59:14	BUSY 3 KING 6 1 101
17:59:23	IDLE 3 KING 6 1 101
17:59:57	BUSY 3 BISHOP 2 3 103
18:00:01	IDLE 3 BISHOP 1 2 104
18:00:33	BUSY 3 KNIGHT 1 2 106
18:34:30	BUSY 3 KING 1 2 101
18:34:37	IDLE 3 KING 1 2 101
18:35:22	BUSY 3 QUEEN 1 2 102
18:35:54	BUSY 3 BISHOP 1 2 103
18:39:39	BUSY 3 KING 2 3 101
18:39:41	IDLE 3 QUEEN 1 2 102
18:39:52	IDLE 3 KING 2 3 101
18:40:14	BUSY 3 BISHOP 1 2 104
18:44:13	BUSY 3 QUEEN 2 3 102
18:44:15	IDLE 3 BISHOP 1 2 103
18:44:53	BUSY 3 KNIGHT 1 2 105
18:47:24	BUSY 3 KING 3 4 101
18:47:27	IDLE 3 QUEEN 2 3 102
18:47:37	IDLE 3 KING 3 4 101
18:47:40	BUSY 3 KING 4 6 101
18:48:05	IDLE 3 KING 4 6 101
18:48:12	BUSY 3 KING 6 1 101
18:48:21	IDLE 3 KING 6 1 101
18:48:54	BUSY 3 BISHOP 2 3 103
18:48:57	IDLE 3 BISHOP 1 2 104
18:49:31	BUSY 3 KNIGHT 1 2 106
18:52:42	BUSY 3 QUEEN 3 4 102
18:52:45	IDLE 3 BISHOP 2 3 103
18:52:54	IDLE 3 QUEEN 3 4 102
18:52:57	BUSY 3 QUEEN 4 6 102
18:53:22	IDLE 3 QUEEN 4 6 102
18:53:36	BUSY 3 BISHOP 2 3 104
18:53:39	IDLE 3 KNIGHT 1 2 105
18:55:18	BUSY 3 QUEEN 6 1 102
18:55:27	IDLE 3 QUEEN 6 1 102
18:55:53	BUSY 3 BISHOP 3 4 103
18:55:56	IDLE 3 BISHOP 2 3 104
18:56:05	IDLE 3 BISHOP 3 4 103
02:07:2005
 9:16:33	BUSY 3 KING 1 2 101
 9:16:40	IDLE 3 KING 1 2 101
 9:17:17	BUSY 3 QUEEN 1 2 102
 9:17:49	BUSY 3 BISHOP 1 2 103
 9:21:34	BUSY 3 KING 2 3 101
 9:21:37	IDLE 3 QUEEN 1 2 102
 9:21:48	IDLE 3 KING 2 3 101
 9:22:10	BUSY 3 BISHOP 1 2 104
 9:26:08	BUSY 3 QUEEN 2 3 102
 9:26:11	IDLE 3 BISHOP 1 2 103
 9:26:47	BUSY 3 KNIGHT 1 2 105
 9:28:21	BUSY 3 KING 3 4 101
 9:28:24	IDLE 3 QUEEN 2 3 102
 9:28:36	IDLE 3 KING 3 4 101
 9:28:40	BUSY 3 KING 4 6 101
 9:29:05	IDLE 3 KING 4 6 101
 9:29:11	BUSY 3 KING 6 1 101
 9:29:20	IDLE 3 KING 6 1 101
 9:30:48	BUSY 3 BISHOP 2 3 103
 9:30:51	IDLE 3 BISHOP 1 2 104
 9:31:25	BUSY 3 KNIGHT 1 2 106
 9:33:02	BUSY 3 QUEEN 3 4 102
 9:33:05	IDLE 3 BISHOP 2 3 103
 9:33:14	IDLE 3 QUEEN 3 4 102
 9:33:17	BUSY 3 QUEEN 4 6 102
 9:33:43	IDLE 3 QUEEN 4 6 102
 9:35:30	BUSY 3 BISHOP 2 3 104
 9:35:33	IDLE 3 KNIGHT 1 2 105
 9:35:48	BUSY 3 QUEEN 6 1 102
 9:35:55	BUSY 3 BISHOP 3 4 103
 9:35:57	IDLE 3 QUEEN 6 1 102
 9:35:58	IDLE 3 BISHOP 2 3 104
 9:36:07	IDLE 3 BISHOP 3 4 103
 9:36:10	BUSY 3 BISHOP 4 6 103
 9:36:35	IDLE 3 BISHOP 4 6 103
 9:37:09	BUSY 3 ROOK 1 2 107
 9:38:38	BUSY 3 BISHOP 3 4 104
 9:38:50	IDLE 3 BISHOP 3 4 104
 9:38:52	BUSY 3 BISHOP 4 6 104
 9:40:52	BUSY 3 KNIGHT 2 3 105
 9:40:55	IDLE 3 KNIGHT 1 2 106
 9:41:06	IDLE 3 KNIGHT 2 3 105
 9:42:39	BUSY 3 BISHOP 6 1 103
 9:42:42	IDLE 3 BISHOP 4 6 104
 9:42:48	IDLE 3 BISHOP 6 1 103
 9:43:58	BUSY 3 ROOK 1 2 108
 9:45:19	BUSY 3 KNIGHT 2 3 106
 9:45:22	IDLE 3 ROOK 1 2 107
 9:46:42	BUSY 3 KNIGHT 3 4 105
 9:46:45	IDLE 3 KNIGHT 2 3 106
 9:46:55	IDLE 3 KNIGHT 3 4 105
 9:46:58	BUSY 3 KNIGHT 4 6 105
10:17:38	BUSY 3 GBKING 1 2 101
10:17:42	IDLE 3 GBKING 1 2 101
10:25:24	BUSY 3 GBKING 1 2 101
10:25:28	IDLE 3 GBKING 1 2 101
10:25:54	BUSY 3 GBQUEEN 1 2 102
10:26:26	BUSY 3 GBBISHOP 1 2 103
10:27:11	BUSY 3 GBKING 2 3 101
10:27:13	IDLE 3 GBQUEEN 1 2 102
10:27:24	IDLE 3 GBKING 2 3 101
10:27:46	BUSY 3 GBBISHOP 1 2 104
10:28:30	BUSY 3 GBKING 3 4 101
10:28:42	IDLE 3 GBKING 3 4 101
10:28:45	BUSY 3 GBKING 4 6 101
10:28:57	BUSY 3 GBQUEEN 2 3 102
10:28:59	IDLE 3 GBBISHOP 1 2 103
10:29:09	IDLE 3 GBKING 4 6 101
10:29:11	IDLE 3 GBQUEEN 2 3 102
10:29:15	BUSY 3 GBKING 6 1 101
10:29:23	IDLE 3 GBKING 6 1 101
10:30:15	BUSY 3 GBQUEEN 3 4 102
10:30:26	IDLE 3 GBQUEEN 3 4 102
10:30:29	BUSY 3 GBQUEEN 4 6 102
10:30:33	BUSY 3 GBKNIGHT 1 2 105
10:30:42	BUSY 3 GBBISHOP 2 3 103
10:30:53	IDLE 3 GBQUEEN 4 6 102
10:30:55	IDLE 3 GBBISHOP 2 3 103
10:31:29	BUSY 3 GBKNIGHT 1 2 106
10:31:33	IDLE 3 GBBISHOP 1 2 104
10:40:29	BUSY 3 GBKING 1 2 101
10:40:32	IDLE 3 GBKING 1 2 101
10:40:59	BUSY 3 GBQUEEN 1 2 102
10:48:01	BUSY 3 GBKING 1 2 101
10:48:05	IDLE 3 GBKING 1 2 101
10:48:30	BUSY 3 GBQUEEN 1 2 102
10:49:04	BUSY 3 GBBISHOP 1 2 103
10:49:51	BUSY 3 GBKING 2 3 101
10:49:53	IDLE 3 GBQUEEN 1 2 102
10:50:04	IDLE 3 GBKING 2 3 101
10:50:28	BUSY 3 GBBISHOP 1 2 104
10:51:10	BUSY 3 GBKING 3 4 101
10:51:22	IDLE 3 GBKING 3 4 101
10:51:25	BUSY 3 GBKING 4 6 101
10:51:37	BUSY 3 GBQUEEN 2 3 102
10:51:40	IDLE 3 GBBISHOP 1 2 103
10:51:51	IDLE 3 GBKING 4 6 101
10:51:52	IDLE 3 GBQUEEN 2 3 102
10:51:58	BUSY 3 GBKING 6 1 101
10:52:07	IDLE 3 GBKING 6 1 101
10:52:59	BUSY 3 GBQUEEN 3 4 102
10:53:11	IDLE 3 GBQUEEN 3 4 102
10:53:14	BUSY 3 GBQUEEN 4 6 102
10:53:17	BUSY 3 GBKNIGHT 1 2 105
10:53:24	BUSY 3 GBBISHOP 2 3 103
10:53:27	IDLE 3 GBBISHOP 1 2 104
10:53:34	IDLE 3 GBBISHOP 2 3 103
10:53:39	IDLE 3 GBQUEEN 4 6 102
10:54:12	BUSY 3 GBKNIGHT 1 2 106
10:54:42	BUSY 3 GBBISHOP 3 4 103
10:54:54	IDLE 3 GBBISHOP 3 4 103
10:54:56	BUSY 3 GBBISHOP 4 6 103
10:55:09	BUSY 3 GBBISHOP 2 3 104
10:55:12	IDLE 3 GBKNIGHT 1 2 105
10:55:23	IDLE 3 GBBISHOP 2 3 104
10:56:02	BUSY 3 GBROOK 1 2 107
10:56:29	BUSY 3 GBBISHOP 3 4 104
10:56:41	IDLE 3 GBBISHOP 3 4 104
10:56:43	BUSY 3 GBBISHOP 4 6 104
10:56:56	BUSY 3 GBKNIGHT 2 3 105
10:56:59	IDLE 3 GBKNIGHT 1 2 106
10:57:10	IDLE 3 GBKNIGHT 2 3 105
10:58:15	BUSY 3 GBKNIGHT 3 4 105
10:58:27	IDLE 3 GBKNIGHT 3 4 105
10:58:42	BUSY 3 GBKNIGHT 2 3 106
10:58:45	IDLE 3 GBROOK 1 2 107
10:58:46	BUSY 3 GBQUEEN 6 1 102
10:58:47	BUSY 3 GBKNIGHT 4 6 105
10:58:49	IDLE 3 GBBISHOP 4 6 103
10:58:55	IDLE 3 GBQUEEN 6 1 102
10:58:56	IDLE 3 GBKNIGHT 2 3 106
11:00:01	BUSY 3 GBKNIGHT 3 4 106
11:00:06	BUSY 3 GBROOK 1 2 108
11:00:13	IDLE 3 GBKNIGHT 3 4 106
11:12:13	BUSY 3 GBKING 1 2 101
11:12:16	IDLE 3 GBKING 1 2 101
11:12:42	BUSY 3 GBQUEEN 1 2 102
11:13:15	BUSY 3 GBBISHOP 1 2 103
11:14:00	BUSY 3 GBKING 2 3 101
11:14:03	IDLE 3 GBQUEEN 1 2 102
11:14:14	IDLE 3 GBKING 2 3 101
11:14:37	BUSY 3 GBBISHOP 1 2 104
11:15:20	BUSY 3 GBKING 3 4 101
11:15:32	IDLE 3 GBKING 3 4 101
11:15:34	BUSY 3 GBKING 4 6 101
11:15:47	BUSY 3 GBQUEEN 2 3 102
11:15:50	IDLE 3 GBBISHOP 1 2 103
11:15:59	IDLE 3 GBKING 4 6 101
11:16:01	IDLE 3 GBQUEEN 2 3 102
11:21:16	BUSY 3 GBKING 1 2 101
11:21:19	IDLE 3 GBKING 1 2 101
11:21:46	BUSY 3 GBQUEEN 1 2 102
11:22:18	BUSY 3 GBBISHOP 1 2 103
11:23:01	BUSY 3 GBKING 2 3 101
11:23:03	IDLE 3 GBQUEEN 1 2 102
11:23:13	IDLE 3 GBKING 2 3 101
11:23:37	BUSY 3 GBBISHOP 1 2 104
11:24:19	BUSY 3 GBKING 3 4 101
11:24:31	IDLE 3 GBKING 3 4 101
11:24:34	BUSY 3 GBKING 4 6 101
11:24:46	BUSY 3 GBQUEEN 2 3 102
11:24:49	IDLE 3 GBBISHOP 1 2 103
11:24:59	IDLE 3 GBKING 4 6 101
11:25:00	IDLE 3 GBQUEEN 2 3 102
11:31:51	BUSY 3 GBKING 1 2 101
11:31:55	IDLE 3 GBKING 1 2 101
11:32:22	BUSY 3 GBQUEEN 1 2 102
11:32:54	BUSY 3 GBBISHOP 1 2 103
11:33:38	BUSY 3 GBKING 2 3 101
11:33:41	IDLE 3 GBQUEEN 1 2 102
11:33:52	IDLE 3 GBKING 2 3 101
11:34:15	BUSY 3 GBBISHOP 1 2 104
11:34:57	BUSY 3 GBKING 3 4 101
11:35:09	IDLE 3 GBKING 3 4 101
11:35:12	BUSY 3 GBKING 4 6 101
11:35:25	BUSY 3 GBQUEEN 2 3 102
11:35:28	IDLE 3 GBBISHOP 1 2 103
11:35:37	IDLE 3 GBKING 4 6 101
11:35:39	IDLE 3 GBQUEEN 2 3 102
11:35:43	BUSY 3 GBKING 6 1 101
11:35:52	IDLE 3 GBKING 6 1 101
11:36:45	BUSY 3 GBQUEEN 3 4 102
11:36:57	IDLE 3 GBQUEEN 3 4 102
11:37:00	BUSY 3 GBQUEEN 4 6 102
11:37:03	BUSY 3 GBKNIGHT 1 2 105
11:37:11	BUSY 3 GBBISHOP 2 3 103
11:37:15	IDLE 3 GBBISHOP 1 2 104
11:37:25	IDLE 3 GBBISHOP 2 3 103
11:37:25	IDLE 3 GBQUEEN 4 6 102
11:38:01	BUSY 3 GBKNIGHT 1 2 106
11:38:30	BUSY 3 GBBISHOP 3 4 103
11:38:42	IDLE 3 GBBISHOP 3 4 103
11:38:44	BUSY 3 GBBISHOP 4 6 103
11:38:58	BUSY 3 GBBISHOP 2 3 104
11:39:02	IDLE 3 GBKNIGHT 1 2 105
11:39:13	IDLE 3 GBBISHOP 2 3 104
11:39:42	BUSY 3 GBROOK 1 2 107
11:40:18	BUSY 3 GBBISHOP 3 4 104
11:40:30	IDLE 3 GBBISHOP 3 4 104
11:40:33	BUSY 3 GBBISHOP 4 6 104
11:40:46	BUSY 3 GBKNIGHT 2 3 105
11:40:49	IDLE 3 GBKNIGHT 1 2 106
11:40:59	IDLE 3 GBKNIGHT 2 3 105
11:42:05	BUSY 3 GBKNIGHT 3 4 105
11:42:17	IDLE 3 GBKNIGHT 3 4 105
11:42:33	BUSY 3 GBKNIGHT 2 3 106
11:42:36	IDLE 3 GBROOK 1 2 107
11:42:38	BUSY 3 GBQUEEN 6 1 102
11:42:41	IDLE 3 GBBISHOP 4 6 103
11:42:42	BUSY 3 GBKNIGHT 4 6 105
11:42:47	IDLE 3 GBQUEEN 6 1 102
11:42:47	IDLE 3 GBKNIGHT 2 3 106
11:43:52	BUSY 3 GBKNIGHT 3 4 106
11:43:58	BUSY 3 GBROOK 1 2 108
11:44:04	IDLE 3 GBKNIGHT 3 4 106
11:44:19	BUSY 3 GBROOK 2 3 107
11:44:22	IDLE 3 GBROOK 1 2 108
11:44:33	IDLE 3 GBROOK 2 3 107
11:45:38	BUSY 3 GBROOK 3 4 107
11:46:05	BUSY 3 GBROOK 2 3 108
11:46:19	IDLE 3 GBROOK 2 3 108
11:47:25	BUSY 3 GBROOK 3 4 108
11:49:17	BUSY 3 GBBISHOP 6 1 103
11:49:20	IDLE 3 GBBISHOP 4 6 104
11:49:21	BUSY 3 GBKNIGHT 4 6 106
11:49:24	IDLE 3 GBROOK 3 4 107
11:49:26	IDLE 3 GBBISHOP 6 1 103
11:55:09	BUSY 3 GBBISHOP 6 1 104
11:55:12	IDLE 3 GBKNIGHT 4 6 105
11:55:13	BUSY 3 GBROOK 4 6 107
11:55:16	IDLE 3 GBROOK 3 4 108
11:55:18	IDLE 3 GBBISHOP 6 1 104
12:01:21	BUSY 3 GBKNIGHT 6 1 105
12:01:24	IDLE 3 GBKNIGHT 4 6 106
12:01:25	BUSY 3 GBROOK 4 6 108
12:01:30	IDLE 3 GBKNIGHT 6 1 105
12:07:47	BUSY 3 GBKNIGHT 6 1 106
12:07:50	IDLE 3 GBROOK 4 6 107
12:07:56	IDLE 3 GBKNIGHT 6 1 106
12:14:34	BUSY 3 GBROOK 6 1 107
12:14:37	IDLE 3 GBROOK 4 6 108
12:14:41	IDLE 3 GBROOK 6 1 107
14:58:20	BUSY 3 GBKING 1 2 101
14:58:23	IDLE 3 GBKING 1 2 101
15:00:05	BUSY 3 GBKING 2 3 101
15:00:18	IDLE 3 GBKING 2 3 101
15:07:14	BUSY 3 GBKING 1 2 101
15:07:16	IDLE 3 GBKING 1 2 101
15:07:48	BUSY 3 GBQUEEN 1 2 102
15:08:26	BUSY 3 GBBISHOP 1 2 103
15:08:58	BUSY 3 GBKING 2 3 101
15:09:00	IDLE 3 GBQUEEN 1 2 102
15:09:11	IDLE 3 GBKING 2 3 101
15:09:38	BUSY 3 GBBISHOP 1 2 104
15:10:17	BUSY 3 GBKING 3 4 101
15:10:29	IDLE 3 GBKING 3 4 101
15:10:32	BUSY 3 GBKING 4 6 101
15:10:44	BUSY 3 GBQUEEN 2 3 102
15:10:46	IDLE 3 GBBISHOP 1 2 103
15:10:56	IDLE 3 GBKING 4 6 101
15:10:57	IDLE 3 GBQUEEN 2 3 102
15:11:02	BUSY 3 GBKING 6 1 101
15:11:10	IDLE 3 GBKING 6 1 101
15:12:02	BUSY 3 GBQUEEN 3 4 102
15:12:13	IDLE 3 GBQUEEN 3 4 102
15:12:16	BUSY 3 GBQUEEN 4 6 102
15:12:29	BUSY 3 GBBISHOP 2 3 103
15:12:30	BUSY 3 GBKNIGHT 1 2 105
15:12:31	IDLE 3 GBBISHOP 1 2 104
15:12:40	IDLE 3 GBQUEEN 4 6 102
15:12:41	IDLE 3 GBBISHOP 2 3 103
15:13:09	BUSY 3 GBKNIGHT 1 2 106
15:13:45	BUSY 3 GBBISHOP 3 4 103
15:13:57	IDLE 3 GBBISHOP 3 4 103
15:13:59	BUSY 3 GBBISHOP 4 6 103
15:14:15	BUSY 3 GBBISHOP 2 3 104
15:14:18	IDLE 3 GBKNIGHT 1 2 105
15:14:29	IDLE 3 GBBISHOP 2 3 104
15:28:21	BUSY 3 GBKING 1 2 101
15:28:24	IDLE 3 GBKING 1 2 101
15:28:56	BUSY 3 GBQUEEN 1 2 102
15:29:33	BUSY 3 GBBISHOP 1 2 103
15:30:07	BUSY 3 GBKING 2 3 101
15:30:10	IDLE 3 GBQUEEN 1 2 102
15:30:21	IDLE 3 GBKING 2 3 101
15:30:49	BUSY 3 GBBISHOP 1 2 104
15:31:27	BUSY 3 GBKING 3 4 101
15:31:39	IDLE 3 GBKING 3 4 101
15:31:42	BUSY 3 GBKING 4 6 101
15:31:55	BUSY 3 GBQUEEN 2 3 102
15:31:58	IDLE 3 GBBISHOP 1 2 103
15:32:07	IDLE 3 GBKING 4 6 101
15:32:09	IDLE 3 GBQUEEN 2 3 102
15:32:14	BUSY 3 GBKING 6 1 101
15:32:23	IDLE 3 GBKING 6 1 101
15:33:14	BUSY 3 GBQUEEN 3 4 102
15:33:26	IDLE 3 GBQUEEN 3 4 102
15:33:29	BUSY 3 GBQUEEN 4 6 102
15:33:41	BUSY 3 GBBISHOP 2 3 103
15:33:43	BUSY 3 GBKNIGHT 1 2 105
15:33:44	IDLE 3 GBBISHOP 1 2 104
15:33:53	IDLE 3 GBQUEEN 4 6 102
15:33:54	IDLE 3 GBBISHOP 2 3 103
15:34:23	BUSY 3 GBKNIGHT 1 2 106
15:35:00	BUSY 3 GBBISHOP 3 4 103
15:35:12	IDLE 3 GBBISHOP 3 4 103
15:35:14	BUSY 3 GBBISHOP 4 6 103
15:35:28	BUSY 3 GBBISHOP 2 3 104
15:35:31	IDLE 3 GBKNIGHT 1 2 105
15:35:42	IDLE 3 GBBISHOP 2 3 104
15:36:27	BUSY 3 GBROOK 1 2 107
15:36:47	BUSY 3 GBBISHOP 3 4 104
15:36:59	IDLE 3 GBBISHOP 3 4 104
15:37:02	BUSY 3 GBBISHOP 4 6 104
15:37:15	BUSY 3 GBKNIGHT 2 3 105
15:37:18	IDLE 3 GBKNIGHT 1 2 106
15:37:29	IDLE 3 GBKNIGHT 2 3 105
15:38:35	BUSY 3 GBKNIGHT 3 4 105
15:38:47	IDLE 3 GBKNIGHT 3 4 105
15:39:01	BUSY 3 GBKNIGHT 2 3 106
15:39:04	IDLE 3 GBROOK 1 2 107
15:39:13	BUSY 3 GBQUEEN 6 1 102
15:39:15	IDLE 3 GBKNIGHT 2 3 106
15:39:16	IDLE 3 GBBISHOP 4 6 103
15:39:17	BUSY 3 GBKNIGHT 4 6 105
15:39:22	IDLE 3 GBQUEEN 6 1 102
15:40:22	BUSY 3 GBKNIGHT 3 4 106
15:40:33	IDLE 3 GBKNIGHT 3 4 106
15:40:44	BUSY 3 GBROOK 1 2 108
15:40:48	BUSY 3 GBROOK 2 3 107
15:40:51	IDLE 3 GBROOK 1 2 108
15:41:02	IDLE 3 GBROOK 2 3 107
15:42:07	BUSY 3 GBROOK 3 4 107
15:42:34	BUSY 3 GBROOK 2 3 108
15:42:48	IDLE 3 GBROOK 2 3 108
15:43:53	BUSY 3 GBROOK 3 4 108
15:46:12	BUSY 3 GBBISHOP 6 1 103
15:46:15	IDLE 3 GBBISHOP 4 6 104
15:46:16	BUSY 3 GBKNIGHT 4 6 106
15:46:19	IDLE 3 GBROOK 3 4 107
15:46:21	IDLE 3 GBBISHOP 6 1 103
15:55:10	BUSY 3 GBBISHOP 6 1 104
15:55:14	IDLE 3 GBKNIGHT 4 6 105
15:55:15	BUSY 3 GBROOK 4 6 107
15:55:18	IDLE 3 GBROOK 3 4 108
15:55:19	IDLE 3 GBBISHOP 6 1 104
16:05:38	BUSY 3 GBKNIGHT 6 1 105
16:05:41	IDLE 3 GBKNIGHT 4 6 106
16:05:42	BUSY 3 GBROOK 4 6 108
16:05:47	IDLE 3 GBKNIGHT 6 1 105
16:12:33	BUSY 3 GBKNIGHT 6 1 106
16:12:36	IDLE 3 GBROOK 4 6 107
16:12:42	IDLE 3 GBKNIGHT 6 1 106
16:19:15	BUSY 3 GBR