18:10:2004
22:11:2004
10:20:36	BUSY
10:20:36	BUSY
22:11:2004
11:48:51	BUSY
11:48:51	BUSY
22:11:2004
11:52:53	BUSY
11:52:53	BUSY
24:11:2004
 8:19:55	BUSY
 8:19:56	BUSY
24:11:2004
15:16:42	BUSY 1
15:16:45	IDLE
15:16:52	BUSY 2
15:16:52	IDLE 2
15:16:56	BUSY 1
15:17:01	IDLE
15:22:39	BUSY 2
15:22:40	IDLE 2
15:22:44	BUSY 1
15:22:45	IDLE 1
15:22:56	BUSY 5 C:\CIM\CELL2\TEST_M.FNC
15:22:56	IDLE 5 C:\CIM\CELL2\TEST_M.FNC
15:23:02	BUSY 3
15:23:10	IDLE
24:11:2004
15:25:44	BUSY 2
15:25:45	IDLE 2
15:25:50	BUSY 1
15:25:51	IDLE 1
15:25:54	BUSY 2
15:25:55	IDLE 2
15:26:03	BUSY 5 C:\CIM\CELL2\TEST_M.FNC
15:26:32	IDLE
15:26:32	ERROR RS232 Download aborted
15:26:34	IDLE
15:30:47	BUSY 5 C:\CIM\CELL2\TEST_M.FNC
15:30:47	IDLE 5 C:\CIM\CELL2\TEST_M.FNC
15:30:48	BUSY
15:31:00	IDLE
15:31:24	BUSY 5 C:\CIM\CELL2\TEST_M.FNC
15:31:24	IDLE 5 C:\CIM\CELL2\TEST_M.FNC
15:31:28	BUSY 3
15:31:42	IDLE 3
25:11:2004
 8:25:53	BUSY 1
 8:25:53	IDLE 1
 8:25:58	BUSY 2
 8:25:59	IDLE 2
 8:26:02	BUSY 5 C:\CIM\CELL2\TEST_M.FNC
 8:26:02	IDLE 5 C:\CIM\CELL2\TEST_M.FNC
 8:26:05	BUSY 3
 8:26:20	IDLE 3
25:11:2004
12:03:47	ERROR Could not obtain interlock 5
12:03:53	IDLE
12:04:13	BUSY 1
12:04:14	IDLE 1
12:04:18	BUSY 2
12:04:19	IDLE 2
12:04:24	BUSY 5 C:\CIM\CELL2\TEST_M.FNC
12:04:24	IDLE 5 C:\CIM\CELL2\TEST_M.FNC
12:04:27	BUSY 3
12:04:40	IDLE 3
12:07:28	BUSY 1
12:07:30	IDLE 1
12:07:51	BUSY 2
12:07:52	IDLE 2
12:07:52	BUSY 5 TEST_m.FNC
12:07:52	IDLE 5 TEST_m.FNC
12:07:53	BUSY 3
12:08:06	IDLE 3
12:08:07	BUSY 1
12:08:08	IDLE 1
12:09:20	BUSY 1
12:09:20	IDLE 1
12:09:41	BUSY 2
12:09:42	IDLE 2
12:09:42	BUSY 5 TEST_m.FNC
12:09:43	IDLE 5 TEST_m.FNC
12:09:43	BUSY 3
12:09:57	IDLE 3
12:09:57	BUSY 1
12:09:58	IDLE 1
12:10:31	BUSY 1
12:10:31	IDLE 1
12:10:53	BUSY 2
12:10:54	IDLE 2
12:10:54	BUSY 5 TEST_m.FNC
12:10:55	IDLE 5 TEST_m.FNC
12:10:55	BUSY 3
12:11:09	IDLE 3
12:11:09	BUSY 1
12:11:11	IDLE 1
13:48:32	BUSY 1
13:48:32	IDLE 1
13:48:53	BUSY 2
13:48:54	IDLE 2
13:48:54	BUSY 5 TEST_m.FNC
13:48:55	IDLE 5 TEST_m.FNC
13:48:56	BUSY 3
13:49:09	IDLE 3
13:49:10	BUSY 1
13:49:11	IDLE 1
14:28:26	BUSY 1
14:28:26	IDLE 1
14:28:47	BUSY 2
14:28:48	IDLE 2
14:28:48	BUSY 5 TEST_m.FNC
14:28:48	IDLE 5 TEST_m.FNC
14:28:49	BUSY 3
14:29:02	IDLE 3
14:29:03	BUSY 1
14:29:04	IDLE 1
14:30:12	BUSY 1
14:30:12	IDLE 1
14:30:32	BUSY 2
14:30:33	IDLE 2
14:30:33	BUSY 5 TEST_m.FNC
14:30:34	IDLE 5 TEST_m.FNC
14:30:34	BUSY 3
14:30:48	IDLE 3
14:30:48	BUSY 1
14:30:49	IDLE 1
14:57:05	BUSY 1
14:57:05	IDLE 1
14:57:26	BUSY 2
14:57:27	IDLE 2
14:57:27	BUSY 5 TEST_m.FNC
14:57:27	IDLE 5 TEST_m.FNC
14:57:28	BUSY 3
14:57:41	IDLE 3
14:57:42	BUSY 1
14:57:43	IDLE 1
14:58:49	BUSY 1
14:58:49	IDLE 1
14:59:10	BUSY 2
14:59:11	IDLE 2
14:59:11	BUSY 5 TEST_m.FNC
14:59:11	IDLE 5 TEST_m.FNC
14:59:12	BUSY 3
14:59:25	IDLE 3
14:59:26	BUSY 1
14:59:27	IDLE 1
15:13:27	BUSY 1
15:13:27	IDLE 1
15:13:48	BUSY 2
15:13:49	IDLE 2
15:13:49	BUSY 5 TEST_m.FNC
15:13:50	IDLE 5 TEST_m.FNC
15:13:50	BUSY 3
15:14:04	IDLE 3
15:14:04	BUSY 1
15:14:05	IDLE 1
15:15:14	BUSY 1
15:15:14	IDLE 1
15:15:35	BUSY 2
15:15:36	IDLE 2
15:15:36	BUSY 5 TEST_m.FNC
15:15:36	IDLE 5 TEST_m.FNC
15:15:37	BUSY 3
15:15:50	IDLE 3
15:15:51	BUSY 126:11:2004
 6:56:35	BUSY 1
 6:56:36	IDLE 1
 6:56:40	BUSY 2
 6:56:40	IDLE 2
 6:56:45	BUSY 5 C:\CIM\CELL2\TEST_M.FNC
 6:56:45	IDLE 5 C:\CIM\CELL2\TEST_M.FNC
 6:56:48	BUSY 3
 6:57:03	IDLE 3
 6:57:23	BUSY 1
 6:57:24	IDLE 1
 6:57:45	BUSY 2
 6:57:46	IDLE 2
 6:57:46	BUSY 5 TEST_m.FNC
 6:57:46	IDLE 5 TEST_m.FNC
 6:57:47	BUSY 3
 6:58:00	IDLE 3
 6:58:01	BUSY 1
 6:58:02	IDLE 1
 6:59:32	BUSY 1
 6:59:32	IDLE 1
 6:59:54	BUSY 2
 6:59:55	IDLE 2
 6:59:55	BUSY 5 TEST_m.FNC
 6:59:56	IDLE 5 TEST_m.FNC
 6:59:56	BUSY 3
 7:00:09	IDLE 3
 7:00:10	BUSY 1
 7:00:11	IDLE 1
 9:01:05	BUSY 1
 9:01:05	IDLE 1
 9:01:26	BUSY 2
 9:01:27	IDLE 2
 9:01:27	BUSY 5 TEST_m.FNC
 9:01:27	IDLE 5 TEST_m.FNC
 9:01:28	BUSY 3
 9:01:41	IDLE 3
 9:01:42	BUSY 1
 9:01:43	IDLE 1
 9:12:05	BUSY 1
 9:12:05	IDLE 1
 9:12:26	BUSY 2
 9:12:27	IDLE 2
 9:12:27	BUSY 5 TEST_m.FNC
 9:12:27	IDLE 5 TEST_m.FNC
 9:12:28	BUSY 3
 9:12:41	IDLE 3
 9:12:42	BUSY 1
 9:12:43	IDLE 1
11:35:42	BUSY 1
11:35:42	IDLE 1
11:36:02	BUSY 2
11:36:03	IDLE 2
11:36:03	BUSY 5 TEST_m.FNC
11:36:03	IDLE 5 TE30:11:2004
11:07:09	BUSY 5 C:\CIM\CELL2\QUEEN_M.FNC
11:07:10	IDLE 5 C:\CIM\CELL2\QUEEN_M.FNC
11:07:18	BUSY 5 C:\CIM\CELL2\KNIGHT_M.FNC
11:07:19	IDLE 5 C:\CIM\CELL2\KNIGHT_M.FNC
13:31:23	BUSY 1
13:31:24	IDLE 1
13:31:27	BUSY 2
13:31:28	IDLE 2
13:31:41	BUSY 1
13:31:42	IDLE 1
13:31:45	BUSY 2
13:31:46	IDLE 2
13:32:15	BUSY 1
13:32:16	IDLE 1
13:44:42	BUSY 2
13:44:44	IDLE 2
13:44:48	BUSY 5 C:\CIM\CELL2\TEST_M.FNC
13:44:48	IDLE 5 C:\CIM\CELL2\TEST_M.FNC
13:44:54	BUSY 3
13:45:08	IDLE 3
13:45:32	BUSY 1
13:45:33	IDLE 1
13:56:50	BUSY 2
13:56:51	IDLE 2
13:56:55	BUSY 5 C:\CIM\CELL2\KING_M.FNC
13:56:57	IDLE 5 C:\CIM\CELL2\KING_M.FNC
13:56:59	BUSY 3
14:03:40	IDLE 3
14:13:21	BUSY 1
14:13:22	IDLE 1
14:13:37	BUSY 2
14:13:38	IDLE 2
14:13:44	BUSY 5 C:\CIM\CELL2\KING_M.FNC
14:13:45	IDLE 5 C:\CIM\CELL2\KING_M.FNC
14:13:47	BUSY 3
14:20:25	IDLE 3
14:29:47	BUSY 1
14:29:48	IDLE 1
14:30:21	BUSY 2
14:30:22	IDLE 2
14:30:25	BUSY 5 C:\CIM\CELL2\QUEEN_M.FNC
14:30:26	IDLE 5 C:\CIM\CELL2\QUEEN_M.FNC
14:30:29	BUSY 3
14:34:48	IDLE 3
14:35:25	BUSY 1
14:35:25	IDLE 1
14:35:51	BUSY 2
14:35:51	IDLE 2
14:35:56	BUSY 5 C:\CIM\CELL2\KNIGHT_M.FNC
14:35:57	IDLE 5 C:\CIM\CELL2\KNIGHT_M.FNC
14:35:59	BUSY 3
14:41:29	IDLE 3
14:42:03	BUSY 1
14:42:04	IDLE 1
14:42:20	BUSY 2
14:42:21	IDLE 2
14:42:27	BUSY 5 C:\CIM\CELL2\BISHOP_M.FNC
14:42:27	IDLE 5 C:\CIM\CELL2\BISHOP_M.FNC
14:42:30	BUSY 3
14:44:45	IDLE 3
14:44:47	BUSY 1
14:44:48	IDLE 1
14:44:56	BUSY 2
14:44:57	IDLE 2
14:45:07	BUSY 5 C:\CIM\CELL2\ROOK_M.FNC
14:45:08	IDLE 5 C:\CIM\CELL2\ROOK_M.FNC
14:45:11	BUSY 3
14:49:06	IDLE 3
14:55:02	BUSY 1
14:55:03	IDLE 1
15:00:04	BUSY 2
15:00:05	IDLE 2
15:00:09	BUSY 5 C:\CIM\CELL2\BISHOP_M.FNC
15:00:10	IDLE 5 C:\CIM\CELL2\BISHOP_M.FNC
15:00:13	BUSY 3
15:02:27	IDLE 3
15:02:32	BUSY 1
15:02:34	IDLE 1
15:12:28	BUSY 2
15:12:28	IDLE 2
15:12:33	BUSY 5 C:\CIM\CELL2\KNIGHT_M.FNC
15:12:34	IDLE 5 C:\CIM\CELL2\KNIGHT_M.FNC
15:12:37	BUSY 3
15:18:05	IDLE 3
15:18:12	BUSY 1
15:18:13	IDLE 1
02:03:2005
19:04:2005
13:16:21	BUSY 1
13:16:23	IDLE 1
13:16:27	BUSY 2
13:16:27	IDLE 2
13:16:32	BUSY 5 C:\CIM\CELL2\TEST_M.FNC
13:16:32	IDLE 5 C:\CIM\CELL2\TEST_M.FNC
13:16:37	BUSY 3
19:04:2005
13:19:32	BUSY 5 C:\CIM\CELL2\TEST_M.FNC
13:19:33	IDLE 5 C:\CIM\CELL2\TEST_M.FNC
13:19:33	BUSY
13:19:43	IDLE
13:30:09	BUSY 1
13:30:10	IDLE 1
13:30:36	BUSY 2
13:30:37	IDLE 2
13:30:38	BUSY 5 TEST_m.FNC
13:30:38	IDLE 5 TEST_m.FNC
13:30:38	BUSY 3
13:30:54	IDLE 3
13:30:55	BUSY 1
13:30:55	IDLE 1
13:31:32	BUSY 1
13:31:32	IDLE 1
13:31:58	BUSY 2
13:31:59	IDLE 2
13:31:59	BUSY 5 TEST_m.FNC
13:31:59	IDLE 5 TEST_m.FNC
13:32:00	BUSY 3
13:32:15	IDLE 3
13:32:16	BUSY 1
13:32:16	IDLE 1
13:46:48	BUSY 2
13:46:48	IDLE 2
13:46:52	BUSY 1
13:46:53	IDLE 1
13:46:59	BUSY 5 C:\CIM\CELL2\TEST_M.FNC
13:46:59	IDLE 5 C:\CIM\CELL2\TEST_M.FNC
13:47:03	BUSY 3
13:47:18	IDLE 3
14:07:01	BUSY 2
14:07:02	IDLE 2
14:07:06	BUSY 1
14:07:07	IDLE 1
14:07:15	BUSY 5 C:\CIM\CELL1\TEST_L.FNC
14:07:15	IDLE 5 C:\CIM\CELL1\TEST_L.FNC
14:08:10	BUSY 3
14:08:20	IDLE 3
14:15:27	BUSY 5 C:\CIM\CELL1\TEST_L.FNC
14:15:27	IDLE 5 C:\CIM\CELL1\TEST_L.FNC
14:15:34	BUSY 3
14:15:50	IDLE 3
14:16:39	BUSY 5 C:\CIM\CELL2\TEST_M.FNC
14:16:40	IDLE 5 C:\CIM\CELL2\TEST_M.F20:04:2005
 8:06:07	BUSY 1
 8:06:08	IDLE 1
 8:06:12	BUSY 2
 8:06:14	IDLE 2
 8:06:22	BUSY 5 C:\CIM\CELL2\TEST_M.FNC
 8:06:22	IDLE 5 C:\CIM\CELL2\TEST_M.FNC
 8:06:26	BUSY 3
 8:06:37	IDLE 3
 8:06:46	BUSY 5 C:\CIM\CELL2\TEST_M.FNC
 8:06:46	IDLE 5 C:\CIM\CELL2\TEST_M.FNC
 8:06:50	BUSY 3
 8:07:05	IDLE 3
 8:08:44	BUSY 1
 8:08:45	IDLE 1
 8:09:11	BUSY 2
 8:09:11	IDLE 2
 8:09:12	BUSY 5 TEST_m.FNC
 8:09:12	IDLE 5 TEST_m.FNC
 8:09:13	BUSY 3
 8:09:28	IDLE 3
 8:09:28	BUSY 1
 8:09:29	IDLE 1
 8:17:53	BUSY 1
 8:17:53	IDLE 1
 8:18:19	BUSY 2
 8:18:20	IDLE 2
 8:18:20	BUSY 5 TEST_m.FNC
 8:18:21	IDLE 5 TEST_m.FNC
 8:18:21	BUSY 3
 8:18:36	IDLE 3
 8:18:37	BUSY 1
 8:18:38	IDLE 1
 8:19:48	BUSY 1
 8:19:48	IDLE 1
 8:20:14	BUSY 2
 8:20:15	IDLE 2
 8:20:15	BUSY 5 TEST_m.FNC
 8:20:15	IDLE 5 TEST_m.FNC
 8:20:16	BUSY 3
 8:20:31	IDLE 3
 8:20:31	BUSY 1
 8:20:32	IDLE 1
 8:21:43	BUSY 1
 8:21:43	IDLE 1
 8:22:09	BUSY 2
 8:22:10	IDLE 2
 8:22:10	BUSY 5 TEST_m.FNC
 8:22:10	IDLE 5 TEST_m.FNC
 8:22:11	BUSY 3
 8:22:26	IDLE 3
 8:22:27	BUSY 1
 8:22:27	IDLE 1
 8:28:27	BUSY 1
 8:28:27	IDLE 1
 8:28:53	BUSY 2
 8:28:54	IDLE 2
 8:28:55	BUSY 5 TEST_m.FNC
 8:28:55	IDLE 5 TEST_m.FNC
 8:28:55	BUSY 3
 8:29:11	IDLE 3
 8:29:11	BUSY 1
 8:29:12	IDLE 1
 8:30:23	BUSY 1
 8:30:23	IDLE 1
 8:30:49	BUSY 2
 8:30:50	IDLE 2
 8:30:51	BUSY 5 TEST_m.FNC
 8:30:51	IDLE 5 TEST_m.FNC
 8:30:51	BUSY 3
 8:31:07	IDLE 3
 8:31:07	BUSY 1
 8:31:08	IDLE 1
 8:32:18	BUSY 1
 8:32:18	IDLE 1
 8:32:44	BUSY 2
 8:32:45	IDLE 2
 8:32:46	BUSY 5 TEST_m.FNC
 8:32:46	IDLE 5 TEST_m.FNC
 8:32:46	BUSY 3
 8:33:02	IDLE 3
 8:33:02	BUSY 1
 8:33:03	IDLE 1
 8:40:54	BUSY 1
 8:40:54	IDLE 1
 8:41:20	BUSY 2
 8:41:21	IDLE 2
 8:41:22	BUSY 5 TEST_m.FNC
 8:41:22	IDLE 5 TEST_m.FNC
 8:41:23	BUSY 3
 8:41:38	IDLE 3
 8:41:38	BUSY 1
 8:41:39	IDLE 1
 8:42:49	BUSY 1
 8:42:49	IDLE 1
 8:43:15	BUSY 2
 8:43:16	IDLE 2
 8:43:17	BUSY 5 TEST_m.FNC
 8:43:17	IDLE 5 TEST_m.FNC
 8:43:17	BUSY 3
 8:43:32	IDLE 3
 8:43:32	BUSY 1
 8:43:33	IDLE 1
 8:44:44	BUSY 1
 8:44:44	IDLE 1
 8:45:10	BUSY 2
 8:45:11	IDLE 2
 8:45:12	BUSY 5 TEST_m.FNC
 8:45:12	IDLE 5 TEST_m.FNC
 8:45:12	BUSY 3
 8:45:28	IDLE 3
 8:45:28	BUSY 1
 8:45:29	IDLE 1
 8:55:04	BUSY 1
 8:55:04	IDLE 1
 8:55:30	BUSY 2
 8:55:30	IDLE 2
 8:55:31	BUSY 5 TEST_m.FNC
 8:55:31	IDLE 5 TEST_m.FNC
 8:55:32	BUSY 3
 8:55:47	IDLE 3
 8:55:47	BUSY 1
 8:55:48	IDLE 1
 8:56:58	BUSY 1
 8:56:58	IDLE 1
 8:57:25	BUSY 2
 8:57:26	IDLE 2
 8:57:26	BUSY 5 TEST_m.FNC
 8:57:26	IDLE 5 TEST_m.FNC
 8:57:27	BUSY 3
 8:57:41	IDLE 3
 8:57:42	BUSY 1
 8:57:43	IDLE 1
 8:58:53	BUSY 1
 8:58:53	IDLE 1
 8:59:19	BUSY 2
 8:59:20	IDLE 2
 8:59:20	BUSY