29:10:2004
02:11:2004
10:09:58	BUSY
10:09:59	ERROR 9: Cable break
10:10:40	IDLE
10:10:40	IDLE
10:10:46	BUSY
10:10:46	ERROR 7: Telegram format error
11:42:53	IDLE
11:42:53	IDLE
11:43:04	BUSY
11:43:09	ERROR Cannot receive ack/nak
13:33:24	IDLE
13:33:24	IDLE
13:33:30	BUSY
13:33:34	ERROR Cannot receive ack/nak
13:33:37	IDLE
13:33:37	IDLE
13:33:51	BUSY
13:33:54	ERROR Cannot receive ack/nak
13:34:20	IDLE
13:34:20	IDLE
13:34:26	BUSY
13:34:26	ERROR 1: No code-tag present
14:05:14	IDLE
14:05:15	IDLE
14:05:23	BUSY
14:05:23	IDLE
14:05:38	BUSY
14:05:38	IDLE
14:16:00	BUSY
14:16:00	ERROR 7: Telegram format error
15:37:57	IDLE
15:37:58	IDLE
15:38:06	BUSY
15:38:06	ERROR 7: Telegram format error
15:38:14	IDLE
15:38:14	IDLE
15:38:30	BUSY
15:38:30	ERROR 7: Telegram format error
15:38:35	IDLE
15:38:36	IDLE
11:11:2004
14:33:57	BUSY
14:34:02	ERROR Cannot receive ack/nak
14:34:05	IDLE
14:34:05	IDLE
11:11:2004
14:35:07	BUSY
14:35:11	ERROR Cannot receive ack/nak
11:11:2004
14:35:54	BUSY
14:35:58	ERROR Cannot receive ack/nak
11:11:2004
14:36:30	BUSY
14:36:38	ERROR Cannot receive ack/nak
11:11:2004
14:37:00	BUSY
14:37:00	IDLE
11:11:2004
15:14:44	BUSY
15:14:49	ERROR Cannot receive ack/nak
15:14:51	IDLE
15:14:51	IDLE
11:11:2004
15:15:24	BUSY
15:15:29	ERROR Cannot receive ack/nak
15:15:32	IDLE
15:15:32	IDLE
11:11:2004
15:18:54	BUSY
15:18:54	IDLE
12:11:2004
 8:08:54	BUSY
 8:08:54	IDLE
16:11:2004
19:11:2004
22:11:2004
22:11:2004
09:05:2005
11:05:59	BUSY
11:05:59	ERROR 7: Telegram format error
11:06:20	IDLE
11:06:20	IDLE
09:05:2005
10:05:2005
 4:14:11	BUSY
 4:14:16	ERROR Cannot receive ack/nak
 4:14:39	IDLE
 4:14:39	IDLE
 4:14:49	BUSY
 4:14:55	ERROR Cannot receive ack/nak
10:05:2005
 4:15:59	BUSY
 4:16:02	ERROR Cannot receive ack/nak
 4:16:05	IDLE
 4:16:06	IDLE
10:05:2005
 4:16:28	BUSY
 4:21:59	ERROR Cannot receive ack/nak
 4:22:02	IDLE
 4:22:02	IDLE
 4:22:08	BUSY
 4:22:19	ERROR Cannot receive ack/nak
 4:22:20	IDLE
 4:22:21	IDLE
10:05:2005
 4:22:50	BUSY
 4:22:50	IDLE
10:05:2005
 4:23:41	BUSY
 4:23:41	IDLE
10:05:2005
 4:24:03	BUSY
 4:24:03	IDLE
10:05:2005
 4:35:18	BUSY
 4:35:18	IDLE
 4:35:47	BUSY
 4:35:47	IDLE
 4:36:00	BUSY
 4:36:00	IDLE
 4:36:16	BUSY
 4:36:16	IDLE
 4:36:25	BUSY
 4:36:25	IDLE
 4:36:42	BUSY
 4:36:42	ERROR 1: No code-tag present
 4:37:16	IDLE
 4:37:16	IDLE
 4:37:21	BUSY
 4:37:22	IDLE
 4:37:33	BUSY
 4:37:33	IDLE
 4:37:39	BUSY
 4:37:40	IDLE
11:05:2005
 9:13:53	BUSY
 9:13:53	ERROR 1: No code-tag present
 9:14:01	IDLE
 9:14:02	IDLE
 9:14:09	BUSY
 9:14:09	IDLE
 9:14:21	BUSY
 9:14:21	IDLE
 9:14:27	BUSY
 9:14:28	IDLE
11:05:2005
 9:59:09	BUSY
 9:59:09	IDLE
 9:59:15	BUSY
 9:59:15	IDLE
10:07:03	BUSY
10:07:03	IDLE
10:07:19	BUSY
10:07:19	IDLE
10:07:25	BUSY
10:07:25	IDLE
10:43:04	BUSY
10:43:04	IDLE
10:44:05	BUSY
10:44:05	IDLE
10:50:27	BUSY
10:50:27	IDLE
10:57:12	BUSY
10:57:12	IDLE
11:05:2005
11:14:36	BUSY 3 0 spptd
11:14:36	IDLE 3 0 spptd
12:05:2005
 2:30:09	BUSY 3 0 spptd
 2:30:10	IDLE 3 0 spptd
 2:48:51	BUSY 3 0 spptd
 2:48:51	IDLE 3 0 spptd
 3:00:01	BUSY 3 0 spptd
 3:00:01	IDLE 3 0 spptd
 3:04:26	BUSY 3 0 spptd
 3:04:26	IDLE 3 0 spptd
 3:13:36	BUSY 3 0 spptd
 3:13:36	IDLE 3 0 spptd
 3:27:54	BUSY 3 0 spptd
 3:27:54	IDLE 3 0 spptd
 3:45:52	BUSY 3 0 spptd
 3:45:52	IDLE 3 0 spptd
 4:07:48	BUSY 3 0 SPPTD1
 4:07:48	ERROR Verification error: SPPTD1
 4:08:52	IDLE
 4:08:52	IDLE
 4:11:03	BUSY 3 0 spptd
 4:11:03	IDLE 3 0 spptd
 4:38:02	BUSY 3 0 spptd
 4:38:03	IDLE 3 0 spptd
13:05:2005
10:31:10	BUSY 3 0 KUDA
10:31:10	ERROR Verification error: KUDA
10:33:12	IDLE
10:33:13	IDLE
10:34:29	BUSY
10:34:29	IDLE
10:35:21	BUSY
10:35:21	IDLE
10:35:40	BUSY
10:35:40	IDLE
10:36:07	BUSY
10:36:07	IDLE
10:36:18	BUSY
10:36:18	IDLE
10:36:46	BUSY
10:36:46	IDLE
10:36:59	BUSY
10:37:00	IDLE
10:37:08	BUSY
10:37:08	IDLE
10:40:29	BUSY 3 0 KUDA
10:40:29	IDLE 3 0 KUDA
10:45:57	BUSY 3 0 KUDA
10:45:57	IDLE 3 0 KUDA
17:05:2005
16:45:38	BUSY 3 0 BISHOP1
16:45:39	ERROR Verification error: BISHOP1
16:46:45	IDLE
16:46:45	IDLE
16:46:52	BUSY
16:46:52	IDLE
16:47:50	BUSY
16:47:50	IDLE
16:48:11	BUSY
16:48:12	IDLE
16:48:17	BUSY
16:48:17	IDLE
16:52:20	BUSY 3 0 BISHOP1
16:52:20	ERROR Verification error: BISHOP1
16:52:36	IDLE
16:52:36	IDLE
16:52:42	BUSY
16:52:42	IDLE
16:53:39	BUSY
16:53:39	IDLE
16:59:57	BUSY 3 0 ROOK1
16:59:57	ERROR Verification error: ROOK1
17:00:14	IDLE
17:00:14	IDLE
17:00:32	BUSY
17:00:32	IDLE
17:00:38	BUSY
17:00:38	IDLE
17:01:16	BUSY
17:01:17	IDLE
17:01:23	BUSY
17:01:23	IDLE
17:04:51	BUSY 3 0 BISHOP1
17:04:51	IDLE 3 0 BISHOP1
17:10:14	BUSY 3 0 ROOK1
17:10:15	IDLE 3 0 ROOK1
17:26:50	BUSY 3 0 ROOK1
17:26:50	IDLE 3 0 ROOK1
17:05:2005
18:05:2005
18:05:2005
11:19:28	BUSY
11:19:28	IDLE
11:19:52	BUSY
11:19:52	IDLE
11:20:00	BUSY
11:20:00	IDLE
11:20:16	BUSY
11:20:17	IDLE
11:20:24	BUSY
11:20:24	IDLE
11:20:53	BUSY
11:20:54	IDLE
11:21:25	BUSY
11:21:25	IDLE
11:21:47	BUSY
11:21:47	IDLE
11:21:53	BUSY
11:21:53	IDLE
11:22:05	BUSY
11:22:05	IDLE
11:22:47	BUSY
11:22:47	IDLE
11:23:00	BUSY
11:23:00	IDLE
11:23:10	BUSY
11:23:10	IDLE
11:23:22	BUSY
11:23:22	IDLE
11:23:35	BUSY
11:23:36	IDLE
11:23:42	BUSY
11:23:42	IDLE
11:25:23	BUSY
11:25:23	IDLE
11:25:37	BUSY
11:25:37	IDLE
11:25:42	BUSY
11:25:42	IDLE
11:25:53	BUSY
11:25:53	IDLE
14:59:26	BUSY 3 0 ROOK
14:59:26	IDLE 3 0 ROOK
15:09:07	BUSY 3 0 ROOK
15:09:07	IDLE 3 0 ROOK
15:14:00	BUSY 3 0 ROOK
15:14:00	IDLE 3 0 ROOK
15:32:07	BUSY 3 0 ROOK
15:32:08	IDLE 3 0 ROOK
15:38:46	BUSY 3 0 ROOK
15:38:47	IDLE 3 0 ROOK
16:18:10	BUSY 3 0 ROOK
16:18:10	IDLE 3 0 ROOK
16:22:58	BUSY 3 0 ROOK
16:22:58	IDLE 3 0 ROOK
18:05:2005
19:02:07	BUSY 3 0 ROOK
19:02:07	IDLE 3 0 ROOK
18:05:2005
22:18:26	BUSY 3 0 ROOK
22:18:26	IDLE 3 0 ROOK
19:05:2005
20:05:2005
10:10:28	BUSY 3 0 KING
10:10:28	IDLE 3 0 KING
10:16:40	BUSY 3 0 KING
10:16:40	IDLE 3 0 KING
10:41:43	BUSY 3 0 KING
10:41:43	IDLE 3 0 KING
13:24:06	BUSY 3 0 KING
13:24:07	IDLE 3 0 KING
13:41:39	BUSY 3 0 KING
13:41:39	IDLE 3 0 KING
15:21:24	BUSY 3 0 KING
15:21:25	IDLE 3 0 KING
20:05:2005
15:33:48	BUSY 3 0 KING
15:33:48	IDLE 3 0 KING
15:49:35	BUSY 3 0 KING
15:49:35	IDLE 3 0 KING
15:55:08	BUSY 3 0 QUEEN
15:55:08	IDLE 3 0 QUEEN
16:23:25	BUSY 3 0 QUEEN
16:23:25	IDLE 3 0 QUEEN
16:28:45	BUSY 3 0 KNIGHT
16:28:45	IDLE 3 0 KNIGHT
17:09:30	BUSY 3 0 QUEEN
17:09:30	IDLE 3 0 QUEEN
17:38:50	BUSY 3 0 QUEEN
17:38:51	IDLE 3 0 QUEEN
17:44:11	BUSY 3 0 BISHOP
17:44:11	IDLE 3 0 BISHOP
18:08:34	BUSY 3 0 KING
18:08:34	IDLE 3 0 KING
18:14:08	BUSY 3 0 QUEEN
18:14:08	IDLE 3 0 QUEEN
18:19:28	BUSY 3 0 BISHOP
18:19:28	IDLE 3 0 BISHOP
18:24:53	BUSY 3 0 KNIGHT
18:24:53	IDLE 3 0 KNIGHT
18:30:05	BUSY 3 0 ROOK
18:30:05	IDLE 3 0 ROOK
18:57:18	BUSY 3 0 KING
18:57:18	IDLE 3 0 KING
19:02:52	BUSY 3 0 QUEEN
19:02:52	IDLE 3 0 QUEEN
19:08:17	BUSY 3 0 BISHOP
19:08:17	IDLE 3 0 BISHOP
