29:10:2004
02:11:2004
10:09:58	BUSY
10:09:59	ERROR 9: Cable break
10:10:40	IDLE
10:10:40	IDLE
10:10:46	BUSY
10:10:46	ERROR 7: Telegram format error
11:42:53	IDLE
11:42:53	IDLE
11:43:04	BUSY
11:43:09	ERROR Cannot receive ack/nak
13:33:24	IDLE
13:33:24	IDLE
13:33:30	BUSY
13:33:34	ERROR Cannot receive ack/nak
13:33:37	IDLE
13:33:37	IDLE
13:33:51	BUSY
13:33:54	ERROR Cannot receive ack/nak
13:34:20	IDLE
13:34:20	IDLE
13:34:26	BUSY
13:34:26	ERROR 1: No code-tag present
14:05:14	IDLE
14:05:15	IDLE
14:05:23	BUSY
14:05:23	IDLE
14:05:38	BUSY
14:05:38	IDLE
14:16:00	BUSY
14:16:00	ERROR 7: Telegram format error
15:37:57	IDLE
15:37:58	IDLE
15:38:06	BUSY
15:38:06	ERROR 7: Telegram format error
15:38:14	IDLE
15:38:14	IDLE
15:38:30	BUSY
15:38:30	ERROR 7: Telegram format error
15:38:35	IDLE
15:38:36	IDLE
11:11:2004
14:33:57	BUSY
14:34:02	ERROR Cannot receive ack/nak
14:34:05	IDLE
14:34:05	IDLE
11:11:2004
14:35:07	BUSY
14:35:11	ERROR Cannot receive ack/nak
11:11:2004
14:35:54	BUSY
14:35:58	ERROR Cannot receive ack/nak
11:11:2004
14:36:30	BUSY
14:36:38	ERROR Cannot receive ack/nak
11:11:2004
14:37:00	BUSY
14:37:00	IDLE
11:11:2004
15:14:44	BUSY
15:14:49	ERROR Cannot receive ack/nak
15:14:51	IDLE
15:14:51	IDLE
11:11:2004
15:15:24	BUSY
15:15:29	ERROR Cannot receive ack/nak
15:15:32	IDLE
15:15:32	IDLE
11:11:2004
15:18:54	BUSY
15:18:54	IDLE
12:11:2004
 8:08:54	BUSY
 8:08:54	IDLE
16:11:2004
19:11:2004
22:11:2004
22:11:2004
09:05:2005
11:05:59	BUSY
11:05:59	ERROR 7: Telegram format error
11:06:20	IDLE
11:06:20	IDLE
09:05:2005
10:05:2005
 4:14:11	BUSY
 4:14:16	ERROR Cannot receive ack/nak
 4:14:39	IDLE
 4:14:39	IDLE
 4:14:49	BUSY
 4:14:55	ERROR Cannot receive ack/nak
10:05:2005
 4:15:59	BUSY
 4:16:02	ERROR Cannot receive ack/nak
 4:16:05	IDLE
 4:16:06	IDLE
10:05:2005
 4:16:28	BUSY
 4:21:59	ERROR Cannot receive ack/nak
 4:22:02	IDLE
 4:22:02	IDLE
 4:22:08	BUSY
 4:22:19	ERROR Cannot receive ack/nak
 4:22:20	IDLE
 4:22:21	IDLE
10:05:2005
 4:22:50	BUSY
 4:22:50	IDLE
10:05:2005
 4:23:41	BUSY
 4:23:41	IDLE
10:05:2005
 4:24:03	BUSY
 4:24:03	IDLE
10:05:2005
 4:35:18	BUSY
 4:35:18	IDLE
 4:35:47	BUSY
 4:35:47	IDLE
 4:36:00	BUSY
 4:36:00	IDLE
 4:36:16	BUSY
 4:36:16	IDLE
 4:36:25	BUSY
 4:36:25	IDLE
 4:36:42	BUSY
 4:36:42	ERROR 1: No code-tag present
 4:37:16	IDLE
 4:37:16	IDLE
 4:37:21	BUSY
 4:37:22	IDLE
 4:37:33	BUSY
 4:37:33	IDLE
 4:37:39	BUSY
 4:37:40	IDLE
11:05:2005
 9:13:53	BUSY
 9:13:53	ERROR 1: No code-tag present
 9:14:01	IDLE
 9:14:02	IDLE
 9:14:09	BUSY
 9:14:09	IDLE
 9:14:21	BUSY
 9:14:21	IDLE
 9:14:27	BUSY
 9:14:28	IDLE
11:05:2005
 9:59:09	BUSY
 9:59:09	IDLE
 9:59:15	BUSY
 9:59:15	IDLE
10:07:03	BUSY
10:07:03	IDLE
10:07:19	BUSY
10:07:19	IDLE
10:07:25	BUSY
10:07:25	IDLE
10:43:04	BUSY
10:43:04	IDLE
10:44:05	BUSY
10:44:05	IDLE
10:50:27	BUSY
10:50:27	IDLE
10:57:12	BUSY
10:57:12	IDLE
11:05:2005
11:14:36	BUSY 3 0 spptd
11:14:36	IDLE 3 0 spptd
12:05:2005
 2:30:09	BUSY 3 0 spptd
 2:30:10	IDLE 3 0 spptd
 2:48:51	BUSY 3 0 spptd
 2:48:51	IDLE 3 0 spptd
 3:00:01	BUSY 3 0 spptd
 3:00:01	IDLE 3 0 spptd
 3:04:26	BUSY 3 0 spptd
 3:04:26	IDLE 3 0 spptd
 3:13:36	BUSY 3 0 spptd
 3:13:36	IDLE 3 0 spptd
 3:27:54	BUSY 3 0 spptd
 3:27:54	IDLE 3 0 spptd
 3:45:52	BUSY 3 0 spptd
 3:45:52	IDLE 3 0 spptd
 4:07:48	BUSY 3 0 SPPTD1
 4:07:48	ERROR Verification error: SPPTD1
 4:08:52	IDLE
 4:08:52	IDLE
 4:11:03	BUSY 3 0 spptd
 4:11:03	IDLE 3 0 spptd
 4:38:02	BUSY 3 0 spptd
 4:38:03	IDLE 3 0 spptd
13:05:2005
10:31:10	BUSY 3 0 KUDA
10:31:10	ERROR Verification error: KUDA
10:33:12	IDLE
10:33:13	IDLE
10:34:29	BUSY
10:34:29	IDLE
10:35:21	BUSY
10:35:21	IDLE
10:35:40	BUSY
10:35:40	IDLE
10:36:07	BUSY
10:36:07	IDLE
10:36:18	BUSY
10:36:18	IDLE
10:36:46	BUSY
10:36:46	IDLE
10:36:59	BUSY
10:37:00	IDLE
10:37:08	BUSY
10:37:08	IDLE
10:40:29	BUSY 3 0 KUDA
10:40:29	IDLE 3 0 KUDA
10:45:57	BUSY 3 0 KUDA
10:45:57	IDLE 3 0 KUDA
17:05:2005
16:45:38	BUSY 3 0 BISHOP1
16:45:39	ERROR Verification error: BISHOP1
16:46:45	IDLE
16:46:45	IDLE
16:46:52	BUSY
16:46:52	IDLE
16:47:50	BUSY
16:47:50	IDLE
16:48:11	BUSY
16:48:12	IDLE
16:48:17	BUSY
16:48:17	IDLE
16:52:20	BUSY 3 0 BISHOP1
16:52:20	ERROR Verification error: BISHOP1
16:52:36	IDLE
16:52:36	IDLE
16:52:42	BUSY
16:52:42	IDLE
16:53:39	BUSY
16:53:39	IDLE
16:59:57	BUSY 3 0 ROOK1
16:59:57	ERROR Verification error: ROOK1
17:00:14	IDLE
17:00:14	IDLE
17:00:32	BUSY
17:00:32	IDLE
17:00:38	BUSY
17:00:38	IDLE
17:01:16	BUSY
17:01:17	IDLE
17:01:23	BUSY
17:01:23	IDLE
17:04:51	BUSY 3 0 BISHOP1
17:04:51	IDLE 3 0 BISHOP1
17:10:14	BUSY 3 0 ROOK1
17:10:15	IDLE 3 0 ROOK1
17:26:50	BUSY 3 0 ROOK1
17:26:50	IDLE 3 0 ROOK1
17:05:2005
18:05:2005
18:05:2005
11:19:28	BUSY
11:19:28	IDLE
11:19:52	BUSY
11:19:52	IDLE
11:20:00	BUSY
11:20:00	IDLE
11:20:16	BUSY
11:20:17	IDLE
11:20:24	BUSY
11:20:24	IDLE
11:20:53	BUSY
11:20:54	IDLE
11:21:25	BUSY
11:21:25	IDLE
11:21:47	BUSY
11:21:47	IDLE
11:21:53	BUSY
11:21:53	IDLE
11:22:05	BUSY
11:22:05	IDLE
11:22:47	BUSY
11:22:47	IDLE
11:23:00	BUSY
11:23:00	IDLE
11:23:10	BUSY
11:23:10	IDLE
11:23:22	BUSY
11:23:22	IDLE
11:23:35	BUSY
11:23:36	IDLE
11:23:42	BUSY
11:23:42	IDLE
11:25:23	BUSY
11:25:23	IDLE
11:25:37	BUSY
11:25:37	IDLE
11:25:42	BUSY
11:25:42	IDLE
11:25:53	BUSY
11:25:53	IDLE
14:59:26	BUSY 3 0 ROOK
14:59:26	IDLE 3 0 ROOK
15:09:07	BUSY 3 0 ROOK
15:09:07	IDLE 3 0 ROOK
15:14:00	BUSY 3 0 ROOK
15:14:00	IDLE 3 0 ROOK
15:32:07	BUSY 3 0 ROOK
15:32:08	IDLE 3 0 ROOK
15:38:46	BUSY 3 0 ROOK
15:38:47	IDLE 3 0 ROOK
16:18:10	BUSY 3 0 ROOK
16:18:10	IDLE 3 0 ROOK
16:22:58	BUSY 3 0 ROOK
16:22:58	IDLE 3 0 ROOK
18:05:2005
19:02:07	BUSY 3 0 ROOK
19:02:07	IDLE 3 0 ROOK
18:05:2005
22:18:26	BUSY 3 0 ROOK
22:18:26	IDLE 3 0 ROOK
19:05:2005
20:05:2005
10:10:28	BUSY 3 0 KING
10:10:28	IDLE 3 0 KING
10:16:40	BUSY 3 0 KING
10:16:40	IDLE 3 0 KING
10:41:43	BUSY 3 0 KING
10:41:43	IDLE 3 0 KING
13:24:06	BUSY 3 0 KING
13:24:07	IDLE 3 0 KING
13:41:39	BUSY 3 0 KING
13:41:39	IDLE 3 0 KING
15:21:24	BUSY 3 0 KING
15:21:25	IDLE 3 0 KING
20:05:2005
15:33:48	BUSY 3 0 KING
15:33:48	IDLE 3 0 KING
15:49:35	BUSY 3 0 KING
15:49:35	IDLE 3 0 KING
15:55:08	BUSY 3 0 QUEEN
15:55:08	IDLE 3 0 QUEEN
16:23:25	BUSY 3 0 QUEEN
16:23:25	IDLE 3 0 QUEEN
16:28:45	BUSY 3 0 KNIGHT
16:28:45	IDLE 3 0 KNIGHT
17:09:30	BUSY 3 0 QUEEN
17:09:30	IDLE 3 0 QUEEN
17:38:50	BUSY 3 0 QUEEN
17:38:51	IDLE 3 0 QUEEN
17:44:11	BUSY 3 0 BISHOP
17:44:11	IDLE 3 0 BISHOP
18:08:34	BUSY 3 0 KING
18:08:34	IDLE 3 0 KING
18:14:08	BUSY 3 0 QUEEN
18:14:08	IDLE 3 0 QUEEN
18:19:28	BUSY 3 0 BISHOP
18:19:28	IDLE 3 0 BISHOP
18:24:53	BUSY 3 0 KNIGHT
18:24:53	IDLE 3 0 KNIGHT
18:30:05	BUSY 3 0 ROOK
18:30:05	IDLE 3 0 ROOK
18:57:18	BUSY 3 0 KING
18:57:18	IDLE 3 0 KING
19:02:52	BUSY 3 0 QUEEN
19:02:52	IDLE 3 0 QUEEN
19:08:17	BUSY 3 0 BISHOP
19:08:17	IDLE 3 0 BISHOP
01:07:2005
 9:13:14	BUSY 3 0 KING
 9:13:14	IDLE 3 0 KING
 9:19:50	BUSY 3 0 QUEEN
 9:19:51	IDLE 3 0 QUEEN
 9:24:49	BUSY 3 0 BISHOP
 9:24:50	IDLE 3 0 BISHOP
 9:29:28	BUSY 3 0 KNIGHT
 9:29:28	IDLE 3 0 KNIGHT
10:05:06	BUSY 3 0 KING
10:05:06	IDLE 3 0 KING
10:09:58	BUSY 3 0 QUEEN
10:09:59	ERROR Verification error: QUEEN
10:10:58	IDLE
10:10:58	IDLE
10:11:14	BUSY
10:11:15	ERROR 7: Telegram format error
10:11:23	IDLE
10:11:23	IDLE
10:11:29	BUSY
10:11:29	IDLE
10:17:10	BUSY 3 0 KING
10:17:10	IDLE 3 0 KING
10:21:59	BUSY 3 0 QUEEN
10:21:59	IDLE 3 0 QUEEN
10:26:34	BUSY 3 0 BISHOP
10:26:35	IDLE 3 0 BISHOP
10:52:56	BUSY 3 0 KING
10:52:56	IDLE 3 0 KING
10:58:18	BUSY 3 0 QUEEN
10:58:19	IDLE 3 0 QUEEN
11:02:53	BUSY 3 0 BISHOP
11:02:54	IDLE 3 0 BISHOP
11:07:33	BUSY 3 0 BISHOP
11:07:33	IDLE 3 0 BISHOP
11:15:34	BUSY 3 0 KNIGHT
11:15:34	IDLE 3 0 KNIGHT
11:57:22	BUSY 3 0 KING
11:57:23	IDLE 3 0 KING
12:02:31	BUSY 3 0 QUEEN
12:02:31	IDLE 3 0 QUEEN
12:07:06	BUSY 3 0 BISHOP
12:07:06	IDLE 3 0 BISHOP
12:11:46	BUSY 3 0 BISHOP
12:11:46	IDLE 3 0 BISHOP
12:16:26	BUSY 3 0 KNIGHT
12:16:27	IDLE 3 0 KNIGHT
12:20:54	BUSY 3 0 KNIGHT
12:20:55	IDLE 3 0 KNIGHT
12:25:51	BUSY 3 0 ROOK
12:25:51	IDLE 3 0 ROOK
12:30:02	BUSY 3 0 ROOK
12:30:02	IDLE 3 0 ROOK
12:55:49	BUSY 3 0 KING
12:55:49	IDLE 3 0 KING
13:00:36	BUSY 3 0 QUEEN
13:00:37	IDLE 3 0 QUEEN
13:05:11	BUSY 3 0 BISHOP
13:05:12	IDLE 3 0 BISHOP
13:09:51	BUSY 3 0 BISHOP
13:09:51	IDLE 3 0 BISHOP
13:14:31	BUSY 3 0 KNIGHT
13:14:31	IDLE 3 0 KNIGHT
13:18:58	BUSY 3 0 KNIGHT
13:18:58	IDLE 3 0 KNIGHT
13:23:26	BUSY 3 0 ROOK
13:23:26	IDLE 3 0 ROOK
13:27:37	BUSY 3 0 ROOK
13:27:37	IDLE 3 0 ROOK
16:39:18	BUSY 3 0 KING
16:39:18	IDLE 3 0 KING
16:52:25	BUSY 3 0 KING
16:52:26	IDLE 3 0 KING
01:07:2005
17:20:51	BUSY 3 0 KING
17:20:52	IDLE 3 0 KING
17:25:36	BUSY 3 0 QUEEN
17:25:36	IDLE 3 0 QUEEN
17:30:11	BUSY 3 0 BISHOP
17:30:11	IDLE 3 0 BISHOP
17:34:50	BUSY 3 0 BISHOP
17:34:50	IDLE 3 0 BISHOP
17:45:58	BUSY 3 0 KING
17:45:58	IDLE 3 0 KING
17:50:44	BUSY 3 0 QUEEN
17:50:45	IDLE 3 0 QUEEN
17:55:20	BUSY 3 0 BISHOP
17:55:21	IDLE 3 0 BISHOP
18:00:02	BUSY 3 0 BISHOP
18:00:03	IDLE 3 0 BISHOP
18:34:39	BUSY 3 0 KING
18:34:39	IDLE 3 0 KING
18:39:43	BUSY 3 0 QUEEN
18:39:43	IDLE 3 0 QUEEN
18:44:17	BUSY 3 0 BISHOP
18:44:17	IDLE 3 0 BISHOP
18:48:59	BUSY 3 0 BISHOP
18:48:59	IDLE 3 0 BISHOP
18:53:40	BUSY 3 0 KNIGHT
18:53:40	IDLE 3 0 KNIGHT
02:07:2005
 9:16:42	BUSY 3 0 KING
 9:16:43	IDLE 3 0 KING
 9:21:39	BUSY 3 0 QUEEN
 9:21:39	IDLE 3 0 QUEEN
 9:26:13	BUSY 3 0 BISHOP
 9:26:13	IDLE 3 0 BISHOP
 9:30:53	BUSY 3 0 BISHOP
 9:30:53	IDLE 3 0 BISHOP
 9:35:34	BUSY 3 0 KNIGHT
 9:35:35	IDLE 3 0 KNIGHT
 9:40:56	BUSY 3 0 KNIGHT
 9:40:56	IDLE 3 0 KNIGHT
 9:45:23	BUSY 3 0 ROOK
 9:45:24	IDLE 3 0 ROOK
10:17:44	BUSY 3 0 GBKING
10:17:44	ERROR Verification error: GBKING
10:18:45	IDLE
10:18:45	IDLE
10:25:30	BUSY 3 0 KING
10:25:30	IDLE 3 0 KING
10:27:15	BUSY 3 0 QUEEN
10:27:15	IDLE 3 0 QUEEN
10:29:01	BUSY 3 0 BISHOP
10:29:01	IDLE 3 0 BISHOP
10:31:34	BUSY 3 0 BISHOP
10:31:35	ERROR Verification error: BISHOP
10:35:44	IDLE
10:35:44	IDLE
10:36:01	BUSY
10:36:01	IDLE
10:36:11	BUSY
10:36:11	IDLE
10:36:24	BUSY
10:36:24	IDLE
10:36:33	BUSY
10:36:33	IDLE
10:40:33	BUSY 3 0 KING
10:40:34	IDLE 3 0 KING
10:48:07	BUSY 3 0 KING
10:48:07	IDLE 3 0 KING
10:49:55	BUSY 3 0 QUEEN
10:49:56	IDLE 3 0 QUEEN
10:51:42	BUSY 3 0 BISHOP
10:51:42	IDLE 3 0 BISHOP
10:53:28	BUSY 3 0 BISHOP
10:53:28	IDLE 3 0 BISHOP
10:55:14	BUSY 3 0 KNIGHT
10:55:14	IDLE 3 0 KNIGHT
10:57:00	BUSY 3 0 KNIGHT
10:57:01	IDLE 3 0 KNIGHT
10:58:46	BUSY 3 0 ROOK
10:58:46	IDLE 3 0 ROOK
11:12:18	BUSY 3 0 KING
11:12:18	IDLE 3 0 KING
11:14:04	BUSY 3 0 QUEEN
11:14:05	IDLE 3 0 QUEEN
11:15:51	BUSY 3 0 GBBISHOP
11:15:51	ERROR Verification error: GBBISHOP
11:17:14	IDLE
11:17:15	IDLE
11:17:19	BUSY
11:17:19	IDLE
11:17:28	BUSY
11:17:28	IDLE
11:21:20	BUSY 3 0 KING
11:21:20	IDLE 3 0 KING
11:23:04	BUSY 3 0 QUEEN
11:23:05	IDLE 3 0 QUEEN
11:24:51	BUSY 3 0 GBBISHOP
11:24:51	ERROR Verification error: GBBISHOP
11:25:29	IDLE
11:25:29	IDLE
11:25:34	BUSY
11:25:34	IDLE
11:31:56	BUSY 3 0 KING
11:31:56	IDLE 3 0 KING
11:33:43	BUSY 3 0 QUEEN
11:33:43	IDLE 3 0 QUEEN
11:35:30	BUSY 3 0 BISHOP
11:35:30	IDLE 3 0 BISHOP
11:37:16	BUSY 3 0 BISHOP
11:37:16	IDLE 3 0 BISHOP
11:39:03	BUSY 3 0 KNIGHT
11:39:04	IDLE 3 0 KNIGHT
11:40:50	BUSY 3 0 KNIGHT
11:40:50	IDLE 3 0 KNIGHT
11:42:37	BUSY 3 0 ROOK
11:42:37	IDLE 3 0 ROOK
11:44:23	BUSY 3 0 ROOK
11:44:24	IDLE 3 0 ROOK
14:58:24	BUSY 3 0 KING
14:58:24	IDLE 3 0 KING
15:01:55	BUSY 3 0 KING
15:01:55	IDLE 3 0 KING
15:07:17	BUSY 3 0 KING
15:07:17	IDLE 3 0 KING
15:09:01	BUSY 3 0 QUEEN
15:09:02	IDLE 3 0 QUEEN
15:10:47	BUSY 3 0 BISHOP
15:10:48	IDLE 3 0 BISHOP
15:12:32	BUSY 3 0 BISHOP
15:12:33	IDLE 3 0 BISHOP
15:14:20	BUSY 3 0 KNIGHT
15:14:21	IDLE 3 0 KNIGHT
15:28:25	BUSY 3 0 KING
15:28:26	IDLE 3 0 KING
15:30:11	BUSY 3 0 QUEEN
15:30:12	IDLE 3 0 QUEEN
15:31:59	BUSY 3 0 BISHOP
15:32:00	IDLE 3 0 BISHOP
15:33:45	BUSY 3 0 BISHOP
15:33:46	IDLE 3 0 BISHOP
15:35:33	BUSY 3 0 KNIGHT
15:35:33	IDLE 3 0 KNIGHT
15:37:20	BUSY 3 0 KNIGHT
15:37:20	IDLE 3 0 KNIGHT
15:39:06	BUSY 3 0 ROOK
15:39:06	IDLE 3 0 ROOK
15:40:52	BUSY 3 0 ROOK
15:40:52	IDLE 3 0 ROOK
04:07:2005
11:27:39	BUSY 3 0 KING
11:27:40	IDLE 3 0 KING
11:58:58	BUSY 3 0 KING
11:58:58	IDLE 3 0 KING
13:36:11	BUSY 3 0 KING
13:36:11	IDLE 3 0 KING
13:41:20	BUSY 3 0 QUEEN
13:41:20	IDLE 3 0 QUEEN
14:02:21	BUSY 3 0 KING
14:02:22	IDLE 3 0 KING
14:10:57	BUSY 3 0 KING
14:10:57	IDLE 3 0 KING
14:16:44	BUSY 3 0 QUEEN
14:16:45	IDLE 3 0 QUEEN
14:22:18	BUSY 3 0 BISHOP
14:22:18	IDLE 3 0 BISHOP
14:28:42	BUSY 3 0 BISHOP
14:28:42	IDLE 3 0 BISHOP
14:35:10	BUSY 3 0 KNIGHT
14:35:11	IDLE 3 0 KNIGHT
14:39:51	BUSY 3 0 KNIGHT
14:39:51	IDLE 3 0 KNIGHT
14:44:31	BUSY 3 0 ROOK
14:44:31	IDLE 3 0 ROOK
14:49:32	BUSY 3 0 ROOK
14:49:32	IDLE 3 0 ROOK
04:07:2005
16:24:20	BUSY 3 0 KING
16:24:21	IDLE 3 0 KING
16:31:03	BUSY 3 0 QUEEN
16:31:04	IDLE 3 0 QUEEN
16:36:32	BUSY 3 0 BISHOP
16:36:33	IDLE 3 0 BISHOP
16:41:59	BUSY 3 0 BISHOP
16:42:00	IDLE 3 0 BISHOP
17:44:45	BUSY 3 0 KING
17:44:45	IDLE 3 0 KING
17:46:31	BUSY 3 0 QUEEN
17:46:31	IDLE 3 0 QUEEN
17:48:17	BUSY 3 0 BISHOP
17:48:17	IDLE 3 0 BISHOP
17:50:03	BUSY 3 0 BISHOP
17:50:03	IDLE 3 0 BISHOP
20:08:00	BUSY 3 0 KING
20:08:00	IDLE 3 0 KING
20:09:45	BUSY 3 0 QUEEN
20:09:45	IDLE 3 0 QUEEN
20:11:30	BUSY 3 0 B05:07:2005
05:07:2005
11:03:54	BUSY 3 0 KING
11:03:54	IDLE 3 0 KING
11:10:35	BUSY 3 0 QUEEN
11:10:35	IDLE 3 0 QUEEN
11:16:57	BUSY 3 0 BISHOP
11:16:57	IDLE 3 0 BISHOP
11:23:24	BUSY 3 0 BISHOP
11:23:24	IDLE 3 0 BISHOP
11:38:14	BUSY 3 0 KING
11:38:15	IDLE 3 0 KING
11:44:54	BUSY 3 0 QUEEN
11:44:54	IDLE 3 0 QUEEN
11:51:17	BUSY 3 0 BISHOP
11:51:17	IDLE 3 0 BISHOP
11:57:45	BUSY 3 0 BISHOP
11:57:45	IDLE 3 0 BISHOP
12:04:12	BUSY 3 0 KNIGHT
12:04:12	IDLE 3 0 KNIGHT
12:10:25	BUSY 3 0 KNIGHT
12:10:25	IDLE 3 0 KNIGHT
12:16:38	BUSY09:08:2005
16:08:2005
10:52:34	BUSY 3 0 KING
10:52:34	IDLE 3 0 KING
10:54:47	BUSY 3 0 QUEEN
10:54:47	IDLE 3 0 QUEEN
11:06:27	BUSY 3 0 KING
11:06:28	IDLE 3 0 KING
11:08:15	BUSY 3 0 QUEEN
11:08:16	IDLE 3 0 QUEEN
11:10:01	BUSY 3 0 BISHOP
11:10:01	IDLE 3 0 BISHOP
11:11:48	BUSY 3 0 BISHOP
11:11:48	IDLE 3 0 BISHOP
11:13:34	BUSY 3 0 KNIGHT
11:13:34	IDLE 3 0 KNIGHT
11:15:20	BUSY 3 0 KNIGHT
11:15:20	IDLE 3 0 KNIGHT
11:17:06	BUSY 3 0 ROOK
11:17:06	IDLE 3 0 ROOK
11:18:52	BUSY 3 0 ROOK
11:18:52	IDLE 3 0 ROOK
11:52:06	BUSY 3 0 KING
11:52:07	IDLE 3 0 KING
11:58:54	BUSY 3 0 KING
11:58:55	IDLE 3 0 KING
12:03:13	BUSY 3 0 KING
12:03:13	IDLE 3 0 KING
12:04:58	BUSY 3 0 QUEEN
12:04:58	IDLE 3 0 QUEEN
12:06:43	BUSY 3 0 BISHOP
12:06:43	IDLE 3 0 BISHOP
12:08:29	BUSY 3 0 BISHOP
12:08:31	IDLE 3 0 BISHOP
12:10:15	BUSY 3 0 KNIGHT
12:10:15	IDLE 3 0 KNIGHT
12:12:00	BUSY 3 0 KNIGHT
12:12:01	IDLE 3 0 KNIGHT
12:13:45	BUSY 3 0 ROOK
12:13:46	IDLE 3 0 ROOK
12:16:02	BUSY 3 0 ROOK
12:16:02	IDLE 3 0 ROOK
12:36:30	BUSY 3 0 KING
12:36:30	IDLE 3 0 KING
12:38:35	BUSY 3 0 QUEEN
12:38:36	IDLE 3 0 QUEEN
12:40:20	BUSY 3 0 BISHOP
12:40:21	IDLE 3 0 BISHOP
12:42:06	BUSY 3 0 BISHOP
12:42:06	ERROR Verification error: BISHOP
16:08:2005
12:54:49	BUSY 3 0 KING
12:54:49	IDLE 3 0 KING
12:56:33	BUSY 3 0 QUEEN
12:56:33	IDLE 3 0 QUEEN
12:58:19	BUSY 3 0 BISHOP
12:58:19	IDLE 3 0 BISHOP
13:00:04	BUSY 3 0 BISHOP
13:00:04	IDLE 3 0 BISHOP
13:01:51	BUSY 3 0 KNIGHT
13:01:51	IDLE 3 0 KNIGHT
13:03:38	BUSY 3 0 KNIGHT
13:03:38	IDLE 3 0 KNIGHT
13:05:24	BUSY 3 0 ROOK
13:05:25	IDLE 3 0 ROOK
13:07:11	BUSY 3 0 ROOK
13:07:11	IDLE 3 0 ROOK
16:08:2005
16:24:22	BUSY 3 0 KING
16:24:23	IDLE 3 0 KING
16:26:26	BUSY 3 0 QUEEN
16:26:26	IDLE 3 0 QUEEN
16:28:12	BUSY 3 0 BISHOP
16:28:12	IDLE 3 0 BISHOP
16:29:57	BUSY 3 0 BISHOP
16:29:57	IDLE 3 0 BISHOP
16:31:43	BUSY 3 0 KNIGHT
16:31:43	IDLE 3 0 KNIGHT
16:33:29	BUSY 3 0 KNIGHT
16:33:29	IDLE 3 0 KNIGHT
16:35:14	BUSY 3 0 ROOK
16:35:14	IDLE 3 0 ROOK
16:37:00	BUSY 3 0 ROOK
16:37:00	IDLE 3 0 ROOK
17:08:2005
 9:37:39	BUSY 3 0 KING
 9:37:39	IDLE 3 0 KING
 9:39:24	BUSY 3 0 QUEEN
 9:39:24	IDLE 3 0 QUEEN
 9:41:10	BUSY 3 0 BISHOP
 9:41:10	IDLE 3 0 BISHOP
 9:42:54	BUSY 3 0 BISHOP
 9:42:54	IDLE 3 0 BISHOP
 9:44:40	BUSY 3 0 KNIGHT
 9:44:40	IDLE 3 0 KNIGHT
 9:46:25	BUSY 3 0 KNIGHT
 9:46:25	IDLE 3 0 KNIGHT
 9:48:10	BUSY 3 0 ROOK
 9:48:10	IDLE 3 0 ROOK
 9:49:56	BUSY 3 0 ROOK
 9:49:56	IDLE 3 0 ROOK
10:02:15	BUSY 3 0 KING
10:02:15	IDLE 3 0 KING
10:04:11	BUSY 3 0 QUEEN
10:04:11	IDLE 3 0 QUEEN
10:18:44	BUSY 3 0 KING
10:18:44	IDLE 3 0 KING
10:21:12	BUSY 3 0 QUEEN
10:21:12	IDLE 3 0 QUEEN
10:22:58	BUSY 3 0 BISHOP
10:22:58	IDLE 3 0 BISHOP
10:24:45	BUSY 3 0 BISHOP
10:24:45	IDLE 3 0 BISHOP
10:26:33	BUSY 3 0 KNIGHT
10:26:33	IDLE 3 0 KNIGHT
10:28:20	BUSY 3 0 KNIGHT
10:28:20	IDLE 3 0 KNIGHT
10:30:06	BUSY 3 0 ROOK
10:30:06	IDLE 3 0 ROOK
10:31:52	BUSY 3 0 ROOK
10:31:52	IDLE 3 0 ROOK
11:32:46	BUSY 3 0 KING
11:32:46	IDLE 3 0 KING
11:34:39	BUSY 3 0 QUEEN
11:34:40	IDLE 3 0 QUEEN
11:36:26	BUSY 3 0 BISHOP
11:36:26	IDLE 3 0 BISHOP
11:38:11	BUSY 3 0 BISHOP
11:38:11	IDLE 3 0 BISHOP
11:39:58	BUSY 3 0 KNIGHT
11:39:58	IDLE 3 0 KNIGHT
11:41:44	BUSY 3 0 KNIGHT
11:41:44	IDLE 3 0 KNIGHT
11:43:31	BUSY 3 0 ROOK
11:43:31	IDLE 3 0 ROOK
11:45:18	BUSY 3 0 ROOK
11:45:18	IDLE 3 0 ROOK
12:32:02	BUSY 3 0 KING
12:32:02	IDLE 3 0 KING
12:33:51	BUSY 3 0 QUEEN
12:33:52	IDLE 3 0 QUEEN
12:35:38	BUSY 3 0 BISHOP
12:35:38	IDLE 3 0 BISHOP
12:37:23	BUSY 3 0 BISHOP
12:37:23	IDLE 3 0 BISHOP
12:39:10	BUSY 3 0 KNIGHT
12:39:10	IDLE 3 0 KNIGHT
13:31:51	BUSY 3 0 KING
13:31:51	IDLE 3 0 KING
13:33:37	BUSY 3 0 QUEEN
13:33:37	IDLE 3 0 QUEEN
13:35:21	BUSY 3 0 BISHOP
13:35:22	IDLE 3 0 BISHOP
13:37:05	BUSY 3 0 BISHOP
13:37:06	IDLE 3 0 BISHOP
13:38:50	BUSY 3 0 KNIGHT
13:38:50	IDLE 3 0 KNIGHT
13:40:35	BUSY 3 0 KNIGHT
13:40:36	IDLE 3 0 KNIGHT
13:42:20	BUSY 3 0 ROOK
13:42:20	IDLE 3 0 ROOK
13:44:05	BUSY 3 0 ROOK
13:44:05	IDLE 3 0 ROOK
14:31:38	BUSY 3 0 KING
14:31:38	IDLE 3 0 KING
14:33:22	BUSY 3 0 QUEEN
14:33:23	IDLE 3 0 QUEEN
14:35:08	BUSY 3 0 BISHOP
14:35:08	IDLE 3 0 BISHOP
14:36:54	BUSY 3 0 BISHOP
14:36:54	IDLE 3 0 BISHOP
14:38:40	BUSY 3 0 KNIGHT
14:38:40	IDLE 3 0 KNIGHT
14:40:27	BUSY 3 0 KNIGHT
14:40:27	IDLE 3 0 KNIGHT
14:42:13	BUSY 3 0 ROOK
14:42:13	IDLE 3 0 ROOK
14:43:59	BUSY 3 0 ROOK
14:43:59	IDLE 3 0 ROOK
15:22:05	BUSY 3 0 KING
15:22:05	IDLE 3 0 KING
15:23:51	BUSY 3 0 QUEEN
15:23:51	IDLE 3 0 QUEEN
15:25:38	BUSY 3 0 BISHOP
15:25:38	IDLE 3 0 BISHOP
15:27:24	BUSY 3 0 BISHOP
15:27:24	IDLE 3 0 BISHOP
15:29:09	BUSY 3 0 KNIGHT
15:29:10	IDLE 3 0 KNIGHT
15:30:56	BUSY 3 0 KNIGHT
15:30:56	IDLE 3 0 KNIGHT
15:32:42	BUSY 3 0 ROOK
15:32:42	IDLE 3 0 ROOK
15:34:28	BUSY 3 0 ROOK
15:34:29	IDLE 3 0 ROOK
18:08:2005
 9:37:10	BUSY 3 0 KING
 9:37:10	IDLE 3 0 KING
 9:38:54	BUSY 3 0 QUEEN
 9:38:54	IDLE 3 0 QUEEN
 9:40:40	BUSY 3 0 BISHOP
 9:40:40	IDLE 3 0 BISHOP
 9:42:25	BUSY 3 0 BISHOP
 9:42:25	IDLE 3 0 BISHOP
 9:44:10	BUSY 3 0 KNIGHT
 9:44:10	IDLE 3 0 KNIGHT
 9:45:55	BUSY 3 0 KNIGHT
 9:45:55	IDLE 3 0 KNIGHT
 9:47:40	BUSY 3 0 ROOK
 9:47:40	IDLE 3 0 ROOK
 9:49:25	BUSY 3 0 ROOK
 9:49:25	IDLE 3 0 ROOK
10:39:26	BUSY 3 0 KING
10:39:26	IDLE 3 0 KING
10:41:10	BUSY 3 0 QUEEN
10:41:11	IDLE 3 0 QUEEN
10:42:56	BUSY 3 0 BISHOP
10:42:56	IDLE 3 0 BISHOP
10:44:42	BUSY 3 0 BISHOP
10:44:42	IDLE 3 0 BISHOP
10:46:27	BUSY 3 0 KNIGHT
10:46:27	IDLE 3 0 KNIGHT
10:48:12	BUSY 3 0 KNIGHT
10:48:12	IDLE 3 0 KNIGHT
10:49:57	BUSY 3 0 ROOK
10:49:57	IDLE 3 0 ROOK
11:04:12	BUSY 3 0 KING
11:04:12	IDLE 3 0 KING
11:05:58	BUSY 3 0 QUEEN
11:05:59	IDLE 3 0 QUEEN
11:07:45	BUSY 3 0 BISHOP
11:07:45	IDLE 3 0 BISHOP
11:09:32	BUSY 3 0 BISHOP
11:09:33	IDLE 3 0 BISHOP
11:11:18	BUSY 3 0 KNIGHT
11:11:19	IDLE 3 0 KNIGHT
11:13:05	BUSY 3 0 KNIGHT
11:13:05	IDLE 3 0 KNIGHT
11:14:51	BUSY 3 0 ROOK
11:14:51	IDLE 3 0 ROOK
11:16:38	BUSY 3 0 ROOK
11:16:38	IDLE 3 0 ROOK
12:22:12	BUSY 3 0 KING
12:22:12	IDLE 3 0 KING
12:37:15	BUSY 3 0 KING
12:37:15	IDLE 3 0 KING
12:39:09	BUSY 3 0 QUEEN
12:39:09	IDLE 3 0 QUEEN
12:40:55	BUSY 3 0 BISHOP
12:40:55	IDLE 3 0 BISHOP
12:42:41	BUSY 3 0 BISHOP
12:42:42	IDLE 3 0 BISHOP
12:44:29	BUSY 3 0 KNIGHT
12:44:29	IDLE 3 0 KNIGHT
12:46:16	BUSY 3 0 KNIGHT
12:46:16	IDLE 3 0 KNIGHT
12:48:04	BUSY 3 0 ROOK
12:48:04	IDLE 3 0 ROOK
12:50:59	BUSY 3 0 ROOK
12:518:08:2005
16:22:47	BUSY 3 0 KING
16:22:47	IDLE 3 0 KING
16:24:33	BUSY 3 0 QUEEN
16:24:33	IDLE 3 0 QUEEN
16:26:19	BUSY 3 0 BISHOP
16:26:19	IDLE 3 0 BISHOP
16:28:06	BUSY 3 0 BISHOP
16:28:07	IDLE 3 0 BISHOP
16:29:55	BUSY 3 0 KNIGHT
16:29:56	IDLE 3 0 KNIGHT
16:31:42	BUSY 3 0 KNIGHT
16:31:43	IDLE 3 0 KNIGHT
16:33:28	BUSY 3 0 ROOK
16:33:29	IDLE 3 0 ROOK
16:35:15	BUSY 3 0 ROOK
16:35:15	IDLE 3 0 ROOK
17:22:12	BUSY 3 0 BISHOP
17:22:12	IDLE 3 0 BISHOP
19:08:2005
 9:49:26	BUSY 3 0 ROOK
 9:49:26	IDLE 3 0 ROOK
 9:54:25	BUSY 3 0 KNIGHT
 9:54:25	IDLE 3 0 KNIGHT
10:18:40	BUSY 3 0 KING
10:18:40	IDLE 3 0 KING
10:25:26	BUSY 3 0 QUEEN
10:25:27	IDLE 3 0 QUEEN
10:31:31	BUSY 3 0 BISHOP
10:31:32	IDLE 3 0 BISHOP
10:37:41	BUSY 3 0 BISHOP
10:37:41	IDLE 3 0 BISHOP
10:43:51	BUSY 3 0 KNIGHT
10:43:52	IDLE 3 0 KNIGHT
10:50:15	BUSY 3 0 KNIGHT
10:50:15	IDLE 3 0 KNIGHT
10:56:51	BUSY 3 0 ROOK
10:56:51	IDLE 3 0 ROOK
11:02:53	BUSY 3 0 ROOK
11:02:53	IDLE 3 0 ROOK
11:50:27	BUSY 3 0 KNIGHT
11:50:27	IDLE 3 0 KNIGHT
11:57:33	BUSY 3 0 BISHOP
11:57:33	IDLE 3 0 BISHOP
12:38:01	BUSY 3 0 KING
12:38:02	IDLE 3 0 KING
12:39:50	BUSY 3 0 QUEEN
12:39:51	IDLE 3 0 QUEEN
12:41:37	BUSY 3 0 BISHOP
12:41:37	IDLE 3 0 BISHOP
12:43:24	BUSY 3 0 BISHOP
12:43:24	IDLE 3 0 BISHOP
12:45:11	BUSY 3 0 KNIGHT
12:45:12	IDLE 3 0 KNIGHT
14:47:41	BUSY 3 0 KING
14:47:41	IDLE 3 0 KING
14:49:28	BUSY 3 0 QUEEN
14:49:29	IDLE 3 0 QUEEN
14:51:15	BUSY 3 0 BISHOP
14:51:16	IDLE 3 0 BISHOP
14:53:03	BUSY 3 0 BISHOP
14:53:03	IDLE 3 0 19:08:2005
16:41:31	BUSY 3 0 BISHOP
16:41:31	IDLE 3 0 BISHOP
16:43:39	BUSY 3 0 KNIGHT
16:43:39	IDLE 3 0 KNIGHT
22:08:2005
10:12:07	BUSY 3 0 KING
10:12:07	IDLE 3 0 KING
10:13:52	BUSY 3 0 QUEEN
10:13:53	IDLE 3 0 QUEEN
10:15:38	BUSY 3 0 BISHOP
10:15:38	IDLE 3 0 BISHOP
10:17:24	BUSY 3 0 BISHOP
10:17:24	IDLE 3 0 BISHOP
10:19:10	BUSY 3 0 KNIGHT
10:19:10	IDLE 3 0 KNIGHT
10:20:57	BUSY 3 0 KNIGHT
10:20:57	IDLE 3 0 KNIGHT
10:22:43	BUSY 3 0 ROOK
10:22:43	IDLE 3 0 ROOK
10:26:52	BUSY 3 0 ROOK
10:26:52	IDLE 3 0 ROOK
11:12:34	BUSY 3 0 KING
11:12:34	IDLE 3 0 KING
11:14:20	BUSY 3 0 QUEEN
11:14:20	IDLE 3 0 QUEEN
11:16:06	BUSY 3 0 BISHOP
11:16:06	IDLE 3 0 BISHOP
11:17:53	BUSY 3 0 BISHOP
11:17:53	ERROR Verification error: BISHOP
11:20:43	IDLE
11:20:44	IDLE
11:24:53	BUSY 3 0 KING
11:24:54	IDLE 3 0 KING
11:26:40	BUSY 3 0 QUEEN
11:26:40	IDLE 3 0 QUEEN
11:28:27	BUSY 3 0 BISHOP
11:28:27	IDLE 3 0 BISHOP
11:30:12	BUSY 3 0 BISHOP
11:30:12	IDLE 3 0 BISHOP
11:32:01	BUSY 3 0 KNIGHT
11:32:01	IDLE 3 0 KNIGHT
11:33:48	BUSY 3 0 KNIGHT
11:33:48	IDLE 3 0 KNIGHT
11:35:34	BUSY 3 0 ROOK
11:35:34	IDLE 3 0 ROOK
11:37:22	BUSY 3 0 ROOK
11:37:22	IDLE 3 0 ROOK
12:31:04	BUSY 3 0 KNIGHT
12:31:04	IDLE 3 0 KNIGHT
12:38:30	BUSY 3 0 BISHOP
12:38:30	IDLE 3 0 BISHOP
14:52:51	BUSY 3 0 KING
14:52:51	IDLE 3 0 KING
14:54:39	BUSY 3 0 QUEEN
14:54:40	IDLE 3 0 QUEEN
14:56:26	BUSY 3 0 BISHOP
14:56:26	IDLE 3 0 BISHOP
14:58:12	BUSY 3 0 BISHOP
14:58:12	IDLE 3 0 BISHOP
14:59:59	BUSY 3 0 KNIGHT
14:59:59	IDLE 3 0 KNIGHT
15:01:45	BUSY 3 0 KNIGHT
15:01:45	IDLE 3 0 KNIGHT
15:03:31	BUSY 3 0 ROOK
15:03:31	IDLE 3 0 ROOK
15:05:17	BUSY 3 0 ROOK
15:05:17	IDLE 3 0 ROOK
23:08:2005
11:58:24	BUSY
11:58:24	IDLE
11:58:40	BUSY
11:58:41	IDLE
12:16:43	BUSY 3 0 KING
12:16:43	IDLE 3 0 KING
12:18:40	BUSY 3 0 QUEEN
12:18:40	IDLE 3 0 QUEEN
12:20:26	BUSY 3 0 BISHOP
12:20:26	IDLE 3 0 BISHOP
12:22:11	BUSY 3 0 BISHOP
12:22:11	IDLE 3 0 BISHOP
12:23:58	BUSY 3 0 KNIGHT
12:23:58	IDLE 3 0 KNIGHT
12:25:43	BUSY 3 0 KNIGHT
12:25:43	IDLE 3 0 KNIGHT
12:27:28	BUSY 3 0 ROOK
12:27:28	IDLE 3 0 ROOK
12:29:14	BUSY 3 0 ROOK
12:29:14	IDLE 3 0 ROOK
23:08:2005
16:46:37	BUSY 3 0 KING
16:46:37	IDLE 3 0 KING
16:48:23	BUSY 3 0 QUEEN
16:48:23	IDLE 3 0 QUEEN
16:50:10	BUSY 3 0 BISHOP
16:50:10	IDLE 3 0 BISHOP
16:51:57	BUSY 3 0 BISHOP
16:51:57	IDLE 3 0 BISHOP
16:53:43	BUSY 3 0 KNIGHT
16:53:43	IDLE 3 0 KNIGHT
16:55:29	BUSY 3 0 KNIGHT
16:55:29	IDLE 3 0 KNIGHT
16:57:15	BUSY 3 0 ROOK
16:57:15	IDLE 3 0 ROOK
16:59:01	BUSY 3 0 ROOK
16:59:01	IDLE 3 0 ROOK
24:08:2005
12:55:01	BUSY 3 0 BISHOP
12:55:01	IDLE 3 0 BISHOP
12:56:51	BUSY 3 0 KNIGHT
12:56:51	IDLE 3 0 KNIGHT
16:48:11	BUSY 3 0 BISHOP
16:48:11	IDLE 3 0 BISHOP
16:49:57	BUSY 3 0 KNIGHT
16:49:57	IDLE 3 0 KNIGHT
