22:11:2004
10:56:23	Cell to Host	Robot2 IDLE
22:11:2004
22:11:2004
11:53:33	Cell to Host	Robot2 IDLE
24:11:2004
25:11:2004
12:07:25	Milling Test	Ready
12:07:28	Milling Test	BUSY
12:08:28	Milling Test	IDLE
12:09:17	Milling Test	Ready
12:09:20	Milling Test	BUSY
12:10:18	Milling Test	IDLE
12:10:28	Milling Test	Ready
12:10:31	Milling Test	BUSY
12:11:31	Milling Test	IDLE
13:48:29	Milling Test	Ready
13:48:32	Milling Test	BUSY
13:49:31	Milling Test	IDLE
13:51:07	Cell to Host	IDLE C:\CIM\CELL2\TEST_M.SEQ
14:28:25	DoCommand test_m.SEQ
14:28:25	Milling Test	Ready
14:28:25	Milling Test	BUSY
14:28:26	Cell to Host	Ready test_m.SEQ
14:28:26	Cell to Host	BUSY test_m.SEQ
14:28:26	Cell to Host	Miller BUSY 1
14:28:27	Cell to Host	Miller IDLE 1
14:28:28	Cell to Host	Robot2 BUSY 1
14:28:47	Cell to Host	Robot2 IDLE 1
14:28:48	Cell to Host	Miller BUSY 2
14:28:49	Cell to Host	Miller IDLE 2
14:28:49	Cell to Host	Miller BUSY 5 TEST_m.FNC
14:28:49	Cell to Host	Miller IDLE 5 TEST_m.FNC
14:28:50	Cell to Host	Miller BUSY 3
14:29:03	Cell to Host	Miller IDLE 3
14:29:03	Cell to Host	Miller BUSY 1
14:29:04	Cell to Host	Miller IDLE 1
14:29:05	Cell to Host	Robot2 BUSY 2
14:29:24	Milling Test	IDLE
14:29:25	Cell to Host	Robot2 IDLE 2
14:29:25	Cell to Host	IDLE test_m.SEQ
14:30:11	DoCommand test_m.SEQ
14:30:11	Milling Test	Ready
14:30:11	Milling Test	BUSY
14:30:12	Cell to Host	Ready test_m.SEQ
14:30:12	Cell to Host	BUSY test_m.SEQ
14:30:12	Cell to Host	Miller BUSY 1
14:30:13	Cell to Host	Miller IDLE 1
14:30:13	Cell to Host	Robot2 BUSY 1
14:30:32	Cell to Host	Robot2 IDLE 1
14:30:33	Cell to Host	Miller BUSY 2
14:30:34	Cell to Host	Miller IDLE 2
14:30:34	Cell to Host	Miller BUSY 5 TEST_m.FNC
14:30:35	Cell to Host	Miller IDLE 5 TEST_m.FNC
14:30:35	Cell to Host	Miller BUSY 3
14:30:48	Cell to Host	Miller IDLE 3
14:30:49	Cell to Host	Miller BUSY 1
14:30:50	Cell to Host	Miller IDLE 1
14:30:51	Cell to Host	Robot2 BUSY 2
14:31:10	Milling Test	IDLE
14:31:11	Cell to Host	Robot2 IDLE 2
14:31:12	Cell to Host	IDLE test_m.SEQ
14:57:04	DoCommand test_m.SEQ
14:57:04	Milling Test	Ready
14:57:04	Milling Test	BUSY
14:57:05	Cell to Host	Ready test_m.SEQ
14:57:06	Cell to Host	BUSY test_m.SEQ
14:57:06	Cell to Host	Miller BUSY 1
14:57:06	Cell to Host	Miller IDLE 1
14:57:07	Cell to Host	Robot2 BUSY 1
14:57:26	Cell to Host	Robot2 IDLE 1
14:57:26	Cell to Host	Miller BUSY 2
14:57:28	Cell to Host	Miller IDLE 2
14:57:28	Cell to Host	Miller BUSY 5 TEST_m.FNC
14:57:28	Cell to Host	Miller IDLE 5 TEST_m.FNC
14:57:29	Cell to Host	Miller BUSY 3
14:57:42	Cell to Host	Miller IDLE 3
14:57:43	Cell to Host	Miller BUSY 1
14:57:44	Cell to Host	Miller IDLE 1
14:57:44	Cell to Host	Robot2 BUSY 2
14:58:03	Milling Test	IDLE
14:58:04	Cell to Host	Robot2 IDLE 2
14:58:05	Cell to Host	IDLE test_m.SEQ
14:58:48	DoCommand test_m.SEQ
14:58:48	Milling Test	Ready
14:58:48	Milling Test	BUSY
14:58:49	Cell to Host	Ready test_m.SEQ
14:58:49	Cell to Host	BUSY test_m.SEQ
14:58:50	Cell to Host	Miller BUSY 1
14:58:50	Cell to Host	Miller IDLE 1
14:58:51	Cell to Host	Robot2 BUSY 1
14:59:10	Cell to Host	Robot2 IDLE 1
14:59:10	Cell to Host	Miller BUSY 2
14:59:11	Cell to Host	Miller IDLE 2
14:59:12	Cell to Host	Miller BUSY 5 TEST_m.FNC
14:59:12	Cell to Host	Miller IDLE 5 TEST_m.FNC
14:59:13	Cell to Host	Miller BUSY 3
14:59:26	Cell to Host	Miller IDLE 3
14:59:27	Cell to Host	Miller BUSY 1
14:59:28	Cell to Host	Miller IDLE 1
14:59:28	Cell to Host	Robot2 BUSY 2
14:59:47	Milling Test	IDLE
14:59:48	Cell to Host	Robot2 IDLE 2
14:59:49	Cell to Host	IDLE test_m.SEQ
15:13:26	DoCommand test_m.SEQ
15:13:26	Milling Test	Ready
15:13:26	Milling Test	BUSY
15:13:27	Cell to Host	Ready test_m.SEQ
15:13:28	Cell to Host	BUSY test_m.SEQ
15:13:28	Cell to Host	Miller BUSY 1
15:13:29	Cell to Host	Miller IDLE 1
15:13:29	Cell to Host	Robot2 BUSY 1
15:13:48	Cell to Host	Robot2 IDLE 1
15:13:49	Cell to Host	Miller BUSY 2
15:13:50	Cell to Host	Miller IDLE 2
15:13:50	Cell to Host	Miller BUSY 5 TEST_m.FNC
15:13:51	Cell to Host	Miller IDLE 5 TEST_m.FNC
15:13:51	Cell to Host	Miller BUSY 3
15:14:04	Cell to Host	Miller IDLE 3
15:14:05	Cell to Host	Miller BUSY 1
15:14:06	Cell to Host	Miller IDLE 1
15:14:07	Cell to Host	Robot2 BUSY 2
15:14:25	Milling Test	IDLE
15:14:26	Cell to Host	Robot2 IDLE 2
15:14:27	Cell to Host	IDLE test_m.SEQ
15:15:13	DoCommand test_m.SEQ
15:15:13	Milling Test	Ready
15:15:13	Milling Test	BUSY
15:15:14	Cell to Host	Ready test_m.SEQ
15:15:14	Cell to Host	BUSY test_m.SEQ
15:15:14	Cell to Host	Miller BUSY 1
15:15:15	Cell to Host	Miller IDLE 1
15:15:16	Cell to Host	Robot2 BUSY 1
15:15:35	Cell to Host	Robot2 IDLE 1
15:15:36	Cell to Host	Miller BUSY 2
15:15:37	Cell to Host	Miller IDLE 2
15:15:37	Cell to Host	Miller BUSY 5 TEST_m.FNC
15:15:37	Cell to Host	Miller IDLE 5 TEST_m.FNC
15:15:38	Cell to Host	Miller BUSY 3
15:15:51	Cell to Host	Miller IDLE 3
15:15:51	Cell to Host	Miller BUSY 1
15:15:53	Cell to Host	Miller IDLE 1
15:15:53	Cell to Host	Robot2 BUSY 2
15:16:12	Milling Test	IDLE
15:16:13	Cell to Host	Robot2 IDLE 2
15:16:13	Cell to Host	IDLE test_m.SEQ
15:24:25	DoCommand test_m.SEQ
15:24:25	Milling Test	Ready
15:24:25	Milling Test	BUSY
15:24:26	Cell to Host	Ready test_m.SEQ
15:24:27	Cell to Host	BUSY test_m.SEQ
15:24:27	Cell to Host	Miller BUSY 1
15:24:28	Cell to Host	Miller IDLE 1
15:24:28	Cell to Host	Robot2 BUSY 1
15:24:47	Cell to Host	Robot2 IDLE 1
15:24:48	Cell to Host	Miller BUSY 2
15:24:49	Cell to Host	Miller IDLE 2
15:24:49	Cell to Host	Miller BUSY 5 TEST_m.FNC
15:24:50	Cell to Host	Miller IDLE 5 TEST_m.FNC
15:24:50	Cell to Host	Miller BUSY 3
15:25:03	Cell to Host	Miller IDLE 3
15:25:04	Cell to Host	Miller BUSY 1
15:25:04	Cell to Host	Miller IDLE 1
15:25:05	Cell to Host	Robot2 BUSY 2
15:25:23	Milling Test	IDLE
15:25:24	Cell to Host	Robot2 IDLE 2
15:25:25	Cell to Host	IDLE test_m.SEQ
15:26:12	DoCommand test_m.SEQ
15:26:12	Milling Test	Ready
15:26:12	Milling Test	BUSY
15:26:13	Cell to Host	Ready test_m.SEQ
15:26:13	Cell to Host	BUSY test_m.SEQ
15:26:13	Cell to Host	Miller BUSY 1
15:26:14	Cell to Host	Miller IDLE 1
15:26:15	Cell to Host	Robot2 BUSY 1
15:26:34	Cell to Host	Robot2 IDLE 1
15:26:35	Cell to Host	Miller BUSY 2
15:26:36	Cell to Host	Miller IDLE 2
15:26:36	Cell to Host	Miller BUSY 5 TEST_m.FNC
15:26:37	Cell to Host	Miller IDLE 5 TEST_m.FNC
15:26:37	Ce26:11:2004
 6:57:20	Milling Test	Ready
 6:57:23	Milling Test	BUSY
 6:58:22	Milling Test	IDLE
 6:59:30	Milling Test	Ready
 6:59:32	Milling Test	BUSY
 7:00:32	Milling Test	IDLE
 9:01:02	Milling Test	Ready
 9:01:05	Milling Test	BUSY
 9:02:03	Milling Test	IDLE
 9:12:02	Milling Test	Ready
 9:12:05	Milling Test	BUSY
 9:13:03	Milling Test	IDLE
11:09:56	Cell to Host	IDLE C:\CIM\CELL2\TEST_M.SEQ
11:35:41	DoCommand test_m.SEQ
11:35:41	Milling Test	Ready
11:35:41	Milling Test	BUSY
11:35:42	Cell to Host	Ready test_m.SEQ
11:35:42	Cell to Host	BUSY test_m.SEQ
11:35:42	Cell to Host	Miller BUSY 1
11:35:43	Cell to Host	Miller IDLE 1
11:35:43	Cell to Host	Robot2 BUSY 1
11:36:02	Cell to Host	Robot2 IDLE 1
11:36:03	Cell to Host	Miller BUSY 2
11:36:04	Cell to Host	Miller IDLE 2
11:36:04	Cell to Host	Miller BUSY 5 TEST_m.FNC
11:36:05	Cell to Host	Miller IDLE 5 TEST_m.FNC
11:36:05	Cell to Host	Miller BUSY 3
11:36:18	Cell to Host	Miller IDLE 3
11:36:18	Cell to Host	Miller BUSY 1
11:36:19	Cell to Host	Miller IDLE 1
11:36:20	Cell to Host	Robot2 BUSY 2
11:36:39	Milling Test	IDLE
11:36:39	Cell to Host	Robot2 IDLE 2
11:36:40	Cell to Host	IDLE test_m.SEQ
11:37:36	DoCommand test_m.SEQ
11:37:36	Milling Test	Ready
11:37:36	Milling Test	BUSY
11:37:36	Cell to Host	Ready test_m.SEQ
11:37:37	Cell to Host	BUSY test_m.SEQ
11:37:37	Cell to Host	Miller BUSY 1
11:37:37	Cell to Host	Miller IDLE 1
11:37:38	Cell to Host	Robot2 BUSY 1
11:37:57	Cell to Host	Robot2 IDLE 1
11:37:57	Cell to Host	Miller BUSY 2
11:37:58	Cell to Host	Miller IDLE 2
11:37:59	Cell t11:05:2005
11:05:2005
 5:47:42	Milling Test	Ready
 5:47:51	Milling Test	BUSY
 5:48:52	Milling Test	IDLE
 5:50:58	Milling Test	Ready
 5:55:01	Milling Test	BUSY
 5:56:01	Milling Test	IDLE
 5:58:08	Milling Test	Ready
 5:58:12	Milling Test	BUSY
 5:59:13	Milling Test	IDLE
11:05:2005
11:05:2005
 9:22:36	Milling Test	Ready
 9:23:03	Milling Test	Stopped
 9:23:11	Milling Test	Ready
 9:23:18	Milling Test	Stopped
 9:40:46	Cell to Host	Miller IDLE 3
11:28:29	DoCommand king_m.SEQ
11:28:29	Load / Unload Miller - King	Ready
11:28:30	Load / Unload Miller - King	BUSY
11:28:30	Cell to Host	Ready king_m.SEQ
11:28:30	Cell to Host	BUSY king_m.SEQ
11:28:31	Cell to Host	Miller BUSY 1
11:28:31	Cell to Host	Miller IDLE 1
11:28:32	Cell to Host	Robot2 BUSY 2
11:28:53	Cell to Host	Robot2 IDLE 2
11:28:53	Cell to Host	Miller BUSY 2
11:28:54	Cell to Host	Miller IDLE 2
11:28:55	Cell to Host	Miller BUSY 5 KING_m.FNC
11:28:56	Cell to Host	Miller IDLE 5 KING_m.FNC
11:28:57	Cell to Host	Miller BUSY 3
11:32:02	Cell to Host	Robot2 NOT CONNECTED
11:32:17	Cell to Host	Robot2 IDLE
11:36:16	Cell to Host	Miller IDLE 3
11:36:16	Cell to Host	Miller BUSY 1
11:36:17	Cell to Host	Miller IDLE 1
12:05:2005
 2:36:25	Cell to Host	Robot2 IDLE 1
 2:44:10	DoCommand king_m.SEQ
 2:44:10	Load / Unload Miller - King	Ready
 2:44:11	Load / Unload Miller - King	BUSY
 2:44:11	Cell to Host	Ready king_m.SEQ
 2:44:12	Cell to Host	BUSY king_m.SEQ
 2:44:13	Cell to Host	Miller BUSY 1
 2:44:13	Cell to Host	Miller IDLE 1
 2:44:14	Cell to Host	Robot2 BUSY 1
 2:44:34	Cell to Host	Robot2 IDLE 1
 2:44:35	Cell to Host	Miller BUSY 2
 2:44:35	Cell to Host	Miller IDLE 2
 2:44:36	Cell to Host	Miller BUSY 5 KING_m.FNC
 2:44:37	Cell to Host	Miller IDLE 5 KING_m.FNC
 2:44:38	Cell to Host	Miller BUSY 3
 2:53:20	Cell to Host	Miller IDLE 3
 3:27:44	DoCommand king_m.SEQ
 3:27:44	Load / Unload Miller - King	Ready
 3:27:45	Load / Unload Miller - King	BUSY
 3:27:45	Cell to Host	Ready king_m.SEQ
 3:27:46	Cell to Host	BUSY king_m.SEQ
 3:27:47	Cell to Host	Miller BUSY 1
 3:27:47	Cell to Host	Miller IDLE 1
 3:27:48	Cell to Host	Robot2 BUSY 1
 3:28:36	Cell to Host	Robot2 IDLE 1
 3:28:36	Cell to Host	Miller BUSY 2
 3:28:37	Cell to Host	Miller IDLE 2
 3:28:38	Cell to Host	Miller BUSY 5 KING_m.FNC
 3:28:39	Cell to Host	Miller IDLE 5 KING_m.FNC
 3:28:40	Cell to Host	Miller BUSY 3
 3:31:07	Cell to Host	Miller IDLE 3
 3:32:02	Cell to Host	Miller BUSY 5 C:\CIM\CELL2\TEST_M.FNC
 3:32:03	Cell to Host	Miller IDLE 5 C:\CIM\CELL2\TEST_M.FNC
 3:32:05	Cell to Host	Miller BUSY 3
 3:32:20	Cell to Host	Miller IDLE 3
 3:41:55	DoCommand king_m.SEQ
 3:41:55	Load / Unload Miller - King	Ready
 3:41:55	Load / Unload Miller - King	BUSY
 3:41:55	Cell to Host	Ready king_m.SEQ
 3:41:56	Cell to Host	BUSY king_m.SEQ
 3:41:56	Cell to Host	Miller BUSY 1
 3:41:57	Cell to Host	Miller IDLE 1
 3:41:58	Cell to Host	Robot2 BUSY 1
 3:42:19	Cell to Host	Robot2 IDLE 1
 3:42:20	Cell to Host	Miller BUSY 2
 3:42:20	Cell to Host	Miller IDLE 2
 3:42:20	Cell to Host	Miller BUSY 5 KING_m.FNC
 3:42:22	Cell to Host	Miller IDLE 5 KING_m.FNC
 3:42:23	Cell to Host	Miller BUSY 3
 3:47:33	Cell to Host	Miller IDLE 3
 3:47:34	Cell to Host	Miller BUSY 1
 3:47:35	Cell to Host	Miller IDLE 1
 3:47:36	Cell to Host	Robot2 BUSY 2
 3:47:56	Load / Unload Miller - King	IDLE
 3:47:57	Cell to Host	Robot2 IDLE 2
 3:47:57	Cell to Host	IDLE king_m.SEQ
 4:01:34	DoCommand king_m.SEQ
 4:01:34	Load / Unload Miller - King	Ready
 4:01:34	Load / Unload Miller - King	BUSY
 4:01:35	Cell to Host	Ready king_m.SEQ
 4:01:35	Cell to Host	BUSY king_m.SEQ
 4:01:35	Cell to Host	Miller BUSY 1
 4:01:36	Cell to Host	Miller IDLE 1
 4:01:36	Cell to Host	Robot2 BUSY 1
 4:01:56	Cell to Host	Robot2 IDLE 1
 4:01:57	Cell to Host	Miller BUSY 2
 4:01:58	Cell to Host	Miller IDLE 2
 4:01:58	Cell to Host	Miller BUSY 5 KING_m.FNC
 4:02:00	Cell to Host	Miller IDLE 5 KING_m.FNC
 4:02:00	Cell to Host	Miller BUSY 3
 4:07:17	Cell to Host	Miller IDLE 3
 4:07:17	Cell to Host	Miller BUSY 1
 4:07:19	Cell to Host	Miller IDLE 1
 4:07:19	Cell to Host	Robot2 BUSY 2
 4:07:39	Load / Unload Miller - King	IDLE
 4:07:40	Cell to Host	Robot2 IDLE 2
 4:07:40	Cell to Host	IDLE king_m.SEQ
 4:25:04	DoCommand king_m.SEQ
 4:25:04	Load / Unload Miller - King	Ready
 4:25:04	Load / Unload Miller - King	BUSY
 4:25:05	Cell to Host	Ready king_m.SEQ
 4:25:05	Cell to Host	BUSY king_m.SEQ
 4:25:05	Cell to Host	Miller BUSY 1
 4:25:06	Cell to Host	Miller IDLE 1
 4:25:07	Cell to Host	Robot2 BUSY 1
 4:25:26	Cell to Host	Robot2 IDLE 1
 4:25:27	Cell to Host	Miller BUSY 2
 4:25:28	Cell to Host	Miller IDLE 2
 4:25:29	Cell to Host	Miller BUSY 5 KING_m.FNC
 4:25:30	Cell to Host	Miller IDLE 5 KING_m.FNC
 4:25:31	Cell to Host	Miller BUSY 3
 4:30:47	Cell to Host	Miller IDLE 3
 4:30:47	Cell to Host	Miller BUSY 1
 4:30:49	Cell to Host	Miller IDLE 1
 4:30:49	Cell to Host	Robot2 BUSY 2
 4:31:09	Load / Unload Miller - King	IDLE
 4:31:09	Cell to Host	Robot2 IDLE 2
 4:31:10	Cell to Host	IDLE king_m.SEQ
 4:35:36	Cell to Host	Miller BUSY 5 C:\CIM\CELL2\TEST_M.FNC
 4:35:37	Cell to Host	Miller IDLE 5 C:\CIM\CELL2\TEST_M.FNC
 4:35:41	Cell to Host	Miller BUSY 3
 4:35:55	Cell to Host	Miller IDLE 3
 4:52:21	DoCommand king_m.SEQ
 4:52:21	Load / Unload Miller - King	Ready
 4:52:21	Load / Unload Miller - King	BUSY
 4:52:22	Cell to Host	Ready king_m.SEQ
 4:52:22	Cell to Host	BUSY king_m.SEQ
 4:52:22	Cell to Host	Miller BUSY 1
 4:52:23	Cell to Host	Miller IDLE 1
 4:52:23	Cell to Host	Robot2 BUSY 1
 4:53:19	Cell to Host	Robot2 IDLE 1
 4:53:19	Cell to Host	Miller BUSY 2
 4:53:20	Cell to Host	Miller IDLE 2
 4:53:21	Cell to Host	Miller BUSY 5 KING_m.FNC
 4:53:22	Cell to Host	Miller IDLE 5 KING_m.FNC
 4:53:23	Cell to Host	Miller BUSY 3
13:05:2005
10:18:12	Cell to Host	Miller IDLE 3
10:46:17	DoCommand knight_m.SEQ
10:46:17	Load / Unload Miller - Knight	Ready
10:46:18	Load / Unload Miller - Knight	BUSY
10:46:18	Cell to Host	Ready knight_m.SEQ
10:46:18	Cell to Host	BUSY knight_m.SEQ
10:46:19	Cell to Host	Miller BUSY 1
10:46:19	Cell to Host	Miller IDLE 1
10:46:20	Cell to Host	Robot2 BUSY 1
10:46:41	Cell to Host	Robot2 IDLE 1
10:46:42	Cell to Host	Miller BUSY 2
10:46:43	Cell to Host	Miller IDLE 2
10:46:44	Cell to Host	Miller BUSY 5 KNIGHT_m.FNC
10:46:44	Cell to Host	Miller IDLE 5 KNIGHT_m.FNC
10:46:44	Cell to Host	Miller BUSY 3
10:51:11	Cell to Host	Miller IDLE 3
10:51:12	Cell to Host	Miller BUSY 1
10:51:14	Cell to Host	Miller IDLE 1
10:51:14	Cell to Host	Robot2 BUSY 2
10:51:36	Load / Unload Miller - Knight	IDLE
10:51:36	Cell to Host	Robot2 IDLE 2
10:51:37	Cell to Host	IDLE knight_m.SEQ
10:51:44	DoCommand knight_m.SEQ
10:51:44	Load / Unload Miller - Knight	Ready
10:51:45	Load / Unload Miller - Knight	BUSY
10:51:45	Cell to Host	Ready knight_m.SEQ
10:51:46	Cell to Host	BUSY knight_m.SEQ
10:51:46	Cell to Host	Miller BUSY 1
10:51:47	Cell to Host	Miller IDLE 1
10:51:47	Cell to Host	Robot2 BUSY 1
10:52:07	Cell to Host	Robot2 IDLE 1
10:52:08	Cell to Host	Miller BUSY 2
10:52:09	Cell to Host	Miller IDLE 2
10:52:09	Cell to Host	Miller BUSY 5 KNIGHT_m.FNC
10:52:10	Cell to Host	Miller IDLE 5 KNIGHT_m.FNC
10:52:11	Cell to Host	Miller BUSY 3
10:56:33	Cell to Host	Miller IDLE 3
10:56:33	Cell to Host	Miller BUSY 1
10:56:34	Cell to Host	Miller IDLE 1
10:56:35	Cell to Host	Robot2 BUSY 2
10:56:56	Load / Unload Miller - Knight	IDLE
10:56:56	Cell to Host	Robot2 IDLE 2
10:56:57	Cell to Host	IDLE knight_m.SEQ
17:05:2005
15:16:28	Milling Test	Ready
15:16:31	Milling Test	BUSY
15:17:32	Milling Test	IDLE
15:19:10	Milling Test	Ready
15:19:12	Milling Test	BUSY
15:20:15	Milling Test	IDLE
17:05:2005
17:05:2005
16:42:26	Cell to Host	Robot2 IDLE 1
17:10:46	DoCommand BISHOP_m.SEQ
17:10:46	Load / Unload Miller - Bishop	Ready
17:10:46	Load / Unload Miller - Bishop	BUSY
17:10:47	Cell to Host	Ready BISHOP_m.SEQ
17:10:47	Cell to Host	BUSY BISHOP_m.SEQ
17:10:47	Cell to Host	Miller BUSY 1
17:10:48	Cell to Host	Miller IDLE 1
17:10:49	Cell to Host	Robot2 BUSY 1
17:11:10	Cell to Host	Robot2 IDLE 1
17:11:11	Cell to Host	Miller BUSY 2
17:11:13	Cell to Host	Miller IDLE 2
17:11:13	Cell to Host	Miller BUSY 5 BISHOP_m.FNC
17:11:14	Cell to Host	Miller IDLE 5 BISHOP_m.FNC
17:11:14	Cell to Host	Miller BUSY 3
17:13:02	Cell to Host	Miller IDLE 3
17:13:03	Cell to Host	Miller BUSY 1
17:13:04	Cell to Host	Miller IDLE 1
17:13:05	Cell to Host	Robot2 BUSY 2
17:13:25	Load / Unload Miller - Bishop	IDLE
17:13:26	Cell to Host	Robot2 IDLE 2
17:13:27	Cell to Host	IDLE BISHOP_m.SEQ
17:15:38	DoCommand ROOK_M.SEQ
17:15:38	Load / Unload Miller - Rook	Ready
17:15:38	Load / Unload Miller - Rook	BUSY
17:15:39	Cell to Host	Ready ROOK_M.SEQ
17:15:39	Cell to Host	BUSY ROOK_M.SEQ
17:15:40	Cell to Host	Miller BUSY 1
17:15:40	Cell to Host	Miller IDLE 1
17:15:41	Cell to Host	Robot2 BUSY 1
17:17:36	Load / Unload Miller - Rook	Ready
17:17:53	Load / Unload Miller - Rook	BUSY
17:21:57	Load / Unload Miller - Rook	IDLE
17:25:37	Cell to Host	IDLE C:\CIM\CELL2\ROOK_M.SEQ
17:32:14	DoCommand ROOK_M.SEQ
17:32:14	Load / Unload Miller - Rook	Ready
17:32:14	Load / Unload Miller - Rook	BUSY
17:32:15	Cell to Host	Ready ROOK_M.SEQ
17:32:15	Cell to Host	BUSY ROOK_M.SEQ
17:32:15	Cell to Host	Miller BUSY 1
17:32:16	Cell to Host	Miller IDLE 1
17:32:17	Cell to Host	Robot2 BUSY 1
17:32:38	Cell to Host	Robot2 IDLE 1
17:32:39	Cell to Host	Miller BUSY 2
17:32:40	Cell to Host	Miller IDLE 2
17:32:40	Cell to Host	Miller BUSY 5 ROOK_m.FNC
17:32:41	Cell to Host	Miller IDLE 5 ROOK_m.FNC
17:32:42	Cell to Host	Miller BUSY 3
17:35:57	Cell to Host	Miller IDLE 3
17:35:58	Cell to Host	Miller BUSY 1
17:35:59	Cell to Host	Miller IDLE 1
17:35:59	Cell to Host	Robot2 BUSY 2
17:36:20	Load / Unload Miller - Rook	IDLE
17:36:20	Cell to Host	Robot2 IDLE 2
17:36:21	Cell to Host	IDLE ROOK_M.SEQ
18:05:2005
18:05:2005
14:41:18	Cell to Host	Robot2 IDLE
14:54:56	Disconnect
15:14:33	DoCommand ROOK_M.SEQ
15:14:33	Load / Unload Miller - Rook	Ready
15:14:34	Load / Unload Miller - Rook	BUSY
15:14:34	Cell to Host	Ready ROOK_M.SEQ
15:14:34	Cell to Host	BUSY ROOK_M.SEQ
15:14:35	Cell to Host	Miller BUSY 1
15:14:36	Cell to Host	Miller IDLE 1
15:14:37	Cell to Host	Robot2 BUSY 1
15:14:58	Cell to Host	Robot2 IDLE 1
15:14:59	Cell to Host	Miller BUSY 2
15:15:00	Cell to Host	Miller IDLE 2
15:15:00	Cell to Host	Miller BUSY 5 ROOK_m.FNC
15:15:01	Cell to Host	Miller IDLE 5 ROOK_m.FNC
15:15:02	Cell to Host	Miller BUSY 3
15:18:17	Cell to Host	Miller IDLE 3
15:18:18	Cell to Host	Miller BUSY 1
15:18:19	Cell to Host	Miller IDLE 1
15:18:19	Cell to Host	Robot2 BUSY 2
15:18:41	Load / Unload Miller - Rook	IDLE
15:18:41	Cell to Host	Robot2 IDLE 2
15:18:41	Cell to Host	IDLE ROOK_M.SEQ
15:19:25	DoCommand ROOK_M.SEQ
15:19:25	Load / Unload Miller - Rook	Ready
15:19:26	Load / Unload Miller - Rook	BUSY
15:19:26	Cell to Host	Ready ROOK_M.SEQ
15:19:27	Cell to Host	BUSY ROOK_M.SEQ
15:19:27	Cell to Host	Miller BUSY 1
15:19:28	Cell to Host	Miller IDLE 1
15:19:29	Cell to Host	Robot2 BUSY 1
15:19:49	Cell to Host	Robot2 IDLE 1
15:19:50	Cell to Host	Miller BUSY 2
15:19:51	Cell to Host	Miller IDLE 2
15:19:51	Cell to Host	Miller BUSY 5 ROOK_m.FNC
15:19:52	Cell to Host	Miller IDLE 5 ROOK_m.FNC
15:19:53	Cell to Host	Miller BUSY 3
15:23:07	Cell to Host	Miller IDLE 3
15:23:08	Cell to Host	Miller BUSY 1
15:23:09	Cell to Host	Miller IDLE 1
15:23:10	Cell to Host	Robot2 BUSY 2
15:23:30	Load / Unload Miller - Rook	IDLE
15:23:31	Cell to Host	Robot2 IDLE 2
15:23:31	Cell to Host	IDLE ROOK_M.SEQ
15:39:20	DoCommand ROOK_M.SEQ
15:39:20	Load / Unload Miller - Rook	Ready
15:39:21	Load / Unload Miller - Rook	BUSY
15:39:21	Cell to Host	Ready ROOK_M.SEQ
15:39:22	Cell to Host	BUSY ROOK_M.SEQ
15:39:22	Cell to Host	Miller BUSY 1
15:39:22	Cell to Host	Miller IDLE 1
15:39:23	Cell to Host	Robot2 BUSY 1
15:39:43	Cell to Host	Robot2 IDLE 1
15:39:45	Cell to Host	Miller BUSY 2
15:39:45	Cell to Host	Miller IDLE 2
15:39:45	Cell to Host	Miller BUSY 5 ROOK_m.FNC
15:39:46	Cell to Host	Miller IDLE 5 ROOK_m.FNC
15:39:47	Cell to Host	Miller BUSY 3
15:43:02	Cell to Host	Miller IDLE 3
15:43:03	Cell to Host	Miller BUSY 1
15:43:04	Cell to Host	Miller IDLE 1
15:43:04	Cell to Host	Robot2 BUSY 2
15:43:25	Load / Unload Miller - Rook	IDLE
15:43:25	Cell to Host	Robot2 IDLE 2
15:43:26	Cell to Host	IDLE ROOK_M.SEQ
18:05:2005
16:15:30	Cell to Host	Robot2 IDLE
16:23:32	DoCommand ROOK_M.SEQ
16:23:32	Load / Unload Miller - Rook	Ready
16:23:32	Load / Unload Miller - Rook	BUSY
16:23:32	Cell to Host	Ready ROOK_M.SEQ
16:23:33	Cell to Host	BUSY ROOK_M.SEQ
16:23:33	Cell to Host	Miller BUSY 1
16:23:33	Cell to Host	Miller IDLE 1
16:23:34	Cell to Host	Robot2 BUSY 1
16:23:55	Cell to Host	Robot2 IDLE 1
16:23:56	Cell to Host	Miller BUSY 2
16:23:57	Cell to Host	Miller IDLE 2
16:23:58	Cell to Host	Miller BUSY 5 ROOK_m.FNC
16:23:58	Cell to Host	Miller IDLE 5 ROOK_m.FNC
16:23:59	Cell to Host	Miller BUSY 3
16:27:14	Cell to Host	Miller IDLE 3
16:27:15	Cell to Host	Miller BUSY 1
16:27:16	Cell to Host	Miller IDLE 1
16:27:17	Cell to Host	Robot2 BUSY 2
16:27:38	Load / Unload Miller - Rook	IDLE
16:27:38	Cell to Host	Robot2 IDLE 2
16:27:39	Cell to Host	IDLE ROOK_M.SEQ
16:28:19	DoCommand ROOK_M.SEQ
16:28:19	Load / Unload Miller - Rook	Ready
16:28:20	Load / Unload Miller - Rook	BUSY
16:28:20	Cell to Host	Ready ROOK_M.SEQ
16:28:21	Cell to Host	BUSY ROOK_M.SEQ
16:28:21	Cell to Host	Miller BUSY 1
16:28:22	Cell to Host	Miller IDLE 1
16:28:23	Cell to Host	Robot2 BUSY 1
16:28:43	Cell to Host	Robot2 IDLE 1
16:28:44	Cell to Host	Miller BUSY 2
16:28:44	Cell to Host	Miller IDLE 2
16:28:45	Cell to Host	Miller BUSY 5 ROOK_m.FNC
16:28:46	Cell to Host	Miller IDLE 5 ROOK_m.FNC
16:28:47	Cell to Host	Miller BUSY 3
16:32:02	Cell to Host	Miller IDLE 3
16:32:03	Cell to Host	Miller BUSY 1
16:32:04	Cell to Host	Miller IDLE 1
16:32:05	Cell to Host	Robot2 BUSY 2
16:32:26	Load / Unload Miller - Rook	IDLE
16:32:26	Cell to Host	Robot2 IDLE 2
16:32:27	Cell to Host	IDLE ROOK_M.SEQ
18:05:2005
18:05:2005
18:51:43	Cell to Host	Robot2 IDLE 1
19:08:59	Disconnect
18:05:2005
18:05:2005
22:07:00	Cell to Host	Robot2 IDLE 2
18:05:2005
19:05:2005
19:05:2005
 9:03:44	Cell to Host	Robot2 IDLE 1
11:01:31	Cell to Host	Robot2 NOT CONNECTED
19:05:2005
20:05:2005
10:08:43	Cell to Host	Miller IDLE 3
10:40:02	Cell to Host	Miller IDLE 3
10:56:56	Cell to Host	Miller BUSY 1
10:57:12	Cell to Host	Miller IDLE
10:57:14	Cell to Host	Miller BUSY 2
10:57:15	Cell to Host	Miller IDLE 2
11:00:53	Cell to Host	Miller BUSY 5 C:\CIM\CELL2\TEST_M.FNC
11:00:54	Cell to Host	Miller IDLE 5 C:\CIM\CELL2\TEST_M.FNC
11:00:58	Cell to Host	Miller BUSY 3
11:01:07	Cell to Host	Miller IDLE 3
11:06:30	Cell to Host	Miller BUSY 1
11:06:52	Cell to Host	Miller IDLE
11:06:54	Cell to Host	Miller BUSY 1
11:07:03	Cell to Host	Miller IDLE
13:11:10	Cell to Host	Miller BUSY 2
13:11:11	Cell to Host	Miller IDLE 2
13:11:14	Cell to Host	Miller BUSY 1
13:11:15	Cell to Host	Miller IDLE 1
13:11:19	Cell to Host	Miller BUSY 5 C:\CIM\CELL2\TEST_M.FNC
13:11:20	Cell to Host	Miller IDLE 5 C:\CIM\CELL2\TEST_M.FNC
13:11:30	Cell to Host	Miller BUSY 3
13:11:39	Cell to Host	Miller IDLE 3
13:14:55	Cell to Host	Miller BUSY 2
13:14:57	Cell to Host	Miller IDLE 2
13:15:00	Cell to Host	Miller BUSY 5 C:\CIM\CELL2\TEST_M.FNC
13:15:01	Cell to Host	Miller IDLE 5 C:\CIM\CELL2\TEST_M.FNC
13:15:02	Cell to Host	Miller BUSY 3
13:16:08	Cell to Host	Miller IDLE 3
13:22:56	Cell to Host	Robot2 IDLE 1
13:34:39	Cell to Host	Miller BUSY 3
13:34:49	Cell to Host	Miller IDLE 3
13:40:39	Cell to Host	Miller BUSY 5 C:\CIM\CELL2\TEST_M.FNC
13:40:40	Cell to Host	Miller IDLE 5 C:\CIM\CELL2\TEST_M.FNC
13:40:41	Cell to Host	Miller BUSY 3
13:40:55	Cell to Host	Miller IDLE 3
14:04:48	Disconnect
20:05:2005
15:33:31	Cell to Host	Miller IDLE 3
15:46:11	Milling Test	Ready
15:46:14	Milling Test	BUSY
15:47:16	Milling Test	IDLE
15:48:53	Cell to Host	IDLE C:\CIM\CELL2\TEST_M.SEQ
15:55:41	DoCommand KING_M.SEQ
15:55:41	Load / Unload Miller - King	Ready
15:55:41	Load / Unload Miller - King	BUSY
15:55:41	Cell to Host	Ready KING_M.SEQ
15:55:42	Cell to Host	BUSY KING_M.SEQ
15:55:42	Cell to Host	Miller BUSY 1
15:55:43	Cell to Host	Miller IDLE 1
15:55:43	Cell to Host	Robot2 BUSY 1
15:56:04	Cell to Host	Robot2 IDLE 1
15:56:05	Cell to Host	Miller BUSY 2
15:56:05	Cell to Host	Miller IDLE 2
15:56:06	Cell to Host	Miller BUSY 5 KING_m.FNC
15:56:07	Cell to Host	Miller IDLE 5 KING_m.FNC
15:56:08	Cell to Host	Miller BUSY 3
16:01:30	Load / Unload Miller - King	IDLE
16:03:15	Milling Test	Ready
16:03:18	Milling Test	BUSY
16:04:20	Milling Test	IDLE
16:19:12	Turning Test	Ready
16:19:15	Turning Test	BUSY
16:20:28	Milling Test	Ready
16:20:31	Milling Test	BUSY
16:21:34	Milling Test	IDLE
16:22:58	Cell to Host	IDLE C:\CIM\CELL2\TEST_M.SEQ
16:29:24	DoCommand QUEEN_M.SEQ
16:29:24	Load / Unload Miller - Queen	Ready
16:29:24	Load / Unload Miller - Queen	BUSY
16:29:25	Cell to Host	Ready QUEEN_M.SEQ
16:29:25	Cell to Host	BUSY QUEEN_M.SEQ
16:29:25	Cell to Host	Miller BUSY 1
16:29:26	Cell to Host	Miller IDLE 1
16:29:27	Cell to Host	Robot2 BUSY 1
16:29:47	Cell to Host	Robot2 IDLE 1
16:29:47	Cell to Host	Miller BUSY 2
16:29:49	Cell to Host	Miller IDLE 2
16:29:50	Cell to Host	Miller BUSY 5 QUEEN_m.FNC
16:29:50	Cell to Host	Miller IDLE 5 QUEEN_m.F20:05:2005
NC
16:29:51	Cell to Host	Miller BUSY 3
16:33:10	Cell to Host	Miller IDLE 3
16:33:11	Cell to Host	Miller BUSY 1
16:33:12	Cell to Host	Miller IDLE 1
16:33:13	Cell to Host	Robot2 BUSY 2
16:33:33	Load / Unload Miller - Queen	IDLE
16:33:34	Cell to Host	Robot2 IDLE 2
16:33:35	Cell to Host	IDLE QUEEN_M.SEQ
17:44:49	DoCommand QUEEN_M.SEQ
17:44:49	Load / Unload Miller - Queen	Ready
17:44:50	Load / Unload Miller - Queen	BUSY
17:44:50	Cell to Host	Ready QUEEN_M.SEQ
17:44:51	Cell to Host	BUSY QUEEN_M.SEQ
17:44:51	Cell to Host	Miller BUSY 1
17:44:52	Cell to Host	Miller IDLE 1
17:44:53	Cell to Host	Robot2 BUSY 1
17:45:13	Cell to Host	Robot2 IDLE 1
17:45:14	Cell to Host	Miller BUSY 2
17:45:15	Cell to Host	Miller IDLE 2
17:45:15	Cell to Host	Miller BUSY 5 QUEEN_m.FNC
17:45:16	Cell to Host	Miller IDLE 5 QUEEN_m.FNC
17:45:17	Cell to Host	Miller BUSY 3
17:48:35	Cell to Host	Miller IDLE 3
17:48:36	Cell to Host	Miller BUSY 1
17:48:37	Cell to Host	Miller IDLE 1
17:48:38	Cell to Host	Robot2 BUSY 2
17:48:58	Load / Unload Miller - Queen	IDLE
17:48:59	Cell to Host	Robot2 IDLE 2
17:49:00	Cell to Host	IDLE QUEEN_M.SEQ
17:50:13	DoCommand BISHOP_M.SEQ
17:50:13	Load / Unload Miller - Bishop	Ready
17:50:14	Load / Unload Miller - Bishop	BUSY
17:50:14	Cell to Host	Ready BISHOP_M.SEQ
17:50:15	Cell to Host	BUSY BISHOP_M.SEQ
17:50:15	Cell to Host	Miller BUSY 1
17:50:15	Cell to Host	Miller IDLE 1
17:50:16	Cell to Host	Robot2 BUSY 1
17:50:37	Cell to Host	Robot2 IDLE 1
17:50:38	Cell to Host	Miller BUSY 2
17:50:38	Cell to Host	Miller IDLE 2
17:50:39	Cell to Host	Miller BUSY 5 BISHOP_m.FNC
17:50:39	Cell to Host	Miller IDLE 5 BISHOP_m.FNC
17:50:40	Cell to Host	Miller BUSY 3
17:52:22	Cell to Host	Miller IDLE 3
17:52:23	Cell to Host	Miller BUSY 1
17:52:24	Cell to Host	Miller IDLE 1
17:52:24	Cell to Host	Robot2 BUSY 2
17:52:45	Load / Unload Miller - Bishop	IDLE
17:52:46	Cell to Host	Robot2 IDLE 2
17:52:47	Cell to Host	IDLE BISHOP_M.SEQ
18:14:47	DoCommand KING_M.SEQ
18:14:47	Load / Unload Miller - King	Ready
18:14:47	Load / Unload Miller - King	BUSY
18:14:48	Cell to Host	Ready KING_M.SEQ
18:14:48	Cell to Host	BUSY KING_M.SEQ
18:14:49	Cell to Host	Miller BUSY 1
18:14:49	Cell to Host	Miller IDLE 1
18:14:50	Cell to Host	Robot2 BUSY 1
18:15:10	Cell to Host	Robot2 IDLE 1
18:15:11	Cell to Host	Miller BUSY 2
18:15:11	Cell to Host	Miller IDLE 2
18:15:12	Cell to Host	Miller BUSY 5 KING_m.FNC
18:15:13	Cell to Host	Miller IDLE 5 KING_m.FNC
18:15:13	Cell to Host	Miller BUSY 3
18:20:12	Cell to Host	Miller IDLE 3
18:20:13	Cell to Host	Miller BUSY 1
18:20:13	Cell to Host	Miller IDLE 1
18:20:13	Cell to Host	Robot2 BUSY 2
18:20:34	Load / Unload Miller - King	IDLE
18:20:35	Cell to Host	Robot2 IDLE 2
18:20:36	Cell to Host	IDLE KING_M.SEQ
18:20:39	DoCommand QUEEN_M.SEQ
18:20:39	Load / Unload Miller - Queen	Ready
18:20:39	Load / Unload Miller - Queen	BUSY
18:20:40	Cell to Host	Ready QUEEN_M.SEQ
18:20:40	Cell to Host	BUSY QUEEN_M.SEQ
18:20:41	Cell to Host	Miller BUSY 1
18:20:41	Cell to Host	Miller IDLE 1
18:20:42	Cell to Host	Robot2 BUSY 1
18:21:02	Cell to Host	Robot2 IDLE 1
18:21:03	Cell to Host	Miller BUSY 2
18:21:04	Cell to Host	Miller IDLE 2
18:21:05	Cell to Host	Miller BUSY 5 QUEEN_m.FNC
18:21:05	Cell to Host	Miller IDLE 5 QUEEN_m.FNC
18:21:05	Cell to Host	Miller BUSY 3
18:24:24	Cell to Host	Miller IDLE 3
18:24:24	Cell to Host	Miller BUSY 1
18:24:26	Cell to Host	Miller IDLE 1
18:24:27	Cell to Host	Robot2 BUSY 2
18:24:47	Load / Unload Miller - Queen	IDLE
18:24:48	Cell to Host	Robot2 IDLE 2
18:24:49	Cell to Host	IDLE QUEEN_M.SEQ
18:25:32	DoCommand BISHOP_M.SEQ
18:25:32	Load / Unload Miller - Bishop	Ready
18:25:33	Load / Unload Miller - Bishop	BUSY
18:25:33	Cell to Host	Ready BISHOP_M.SEQ
18:25:33	Cell to Host	BUSY BISHOP_M.SEQ
18:25:34	Cell to Host	Miller BUSY 1
18:25:34	Cell to Host	Miller IDLE 1
18:25:35	Cell to Host	Robot2 BUSY 1
18:25:55	Cell to Host	Robot2 IDLE 1
18:25:55	Cell to Host	Miller BUSY 2
18:25:56	Cell to Host	Miller IDLE 2
18:25:57	Cell to Host	Miller BUSY 5 BISHOP_m.FNC
18:25:58	Cell to Host	Miller IDLE 5 BISHOP_m.FNC
18:25:58	Cell to Host	Miller BUSY 3
18:27:40	Cell to Host	Miller IDLE 3
18:27:41	Cell to Host	Miller BUSY 1
18:27:41	Cell to Host	Miller IDLE 1
18:27:42	Cell to Host	Robot2 BUSY 2
18:28:02	Load / Unload Miller - Bishop	IDLE
18:28:03	Cell to Host	Robot2 IDLE 2
18:28:04	Cell to Host	IDLE BISHOP_M.SEQ
18:30:44	DoCommand KNIGHT_M.SEQ
18:30:44	Load / Unload Miller - Knight	Ready
18:30:45	Load / Unload Miller - Knight	BUSY
18:30:45	Cell to Host	Ready KNIGHT_M.SEQ
18:30:45	Cell to Host	BUSY KNIGHT_M.SEQ
18:30:46	Cell to Host	Miller BUSY 1
18:30:46	Cell to Host	Miller IDLE 1
18:30:47	Cell to Host	Robot2 BUSY 1
18:31:08	Cell to Host	Robot2 IDLE 1
18:31:09	Cell to Host	Miller BUSY 2
18:31:10	Cell to Host	Miller IDLE 2
18:31:11	Cell to Host	Miller BUSY 5 KNIGHT_m.FNC
18:31:11	Cell to Host	Miller IDLE 5 KNIGHT_m.FNC
18:31:12	Cell to Host	Miller BUSY 3
18:35:22	Cell to Host	Miller IDLE 3
18:35:22	Cell to Host	Miller BUSY 1
18:35:24	Cell to Host	Miller IDLE 1
18:35:25	Cell to Host	Robot2 BUSY 2
18:35:45	Load / Unload Miller - Knight	IDLE
18:35:46	Cell to Host	Robot2 IDLE 2
18:35:47	Cell to Host	IDLE KNIGHT_M.SEQ
18:35:50	DoCommand ROOK_M.SEQ
18:35:50	Load / Unload Miller - Rook	Ready
18:35:51	Load / Unload Miller - Rook	BUSY
18:35:51	Cell to Host	Ready ROOK_M.SEQ
18:35:51	Cell to Host	BUSY ROOK_M.SEQ
18:35:52	Cell to Host	Miller BUSY 1
18:35:52	Cell to Host	Miller IDLE 1
18:35:53	Cell to Host	Robot2 BUSY 1
18:36:14	Cell to Host	Robot2 IDLE 1
18:36:14	Cell to Host	Miller BUSY 2
18:36:16	Cell to Host	Miller IDLE 2
18:36:16	Cell to Host	Miller BUSY 5 ROOK_m.FNC
18:36:17	Cell to Host	Miller IDLE 5 ROOK_m.FNC
18:36:18	Cell to Host	Miller BUSY 3
18:39:23	Cell to Host	Miller IDLE 3
18:39:24	Cell to Host	Miller BUSY 1
18:39:25	Cell to Host	Miller IDLE 1
18:39:26	Cell to Host	Robot2 BUSY 2
18:39:46	Load / Unload Miller - Rook	IDLE
18:39:47	Cell to Host	Robot2 IDLE 2
18:39:47	Cell to Host	IDLE ROOK_M.SEQ
19:03:31	DoCommand KING_M.SEQ
19:03:31	Load / Unload Miller - King	Ready
19:03:31	Load / Unload Miller - King	BUSY
19:03:32	Cell to Host	Ready KING_M.SEQ
19:03:32	Cell to Host	BUSY KING