18:10:2004
18:10:2004
18:10:2004
18:10:2004
 8:24:46	BUSY 0
 8:24:46	BUSY 0
18:10:2004
 8:28:42	BUSY 0
 8:28:42	BUSY 0
18:10:2004
18:10:2004
 8:36:49	BUSY 0
 8:36:49	BUSY 0
18:10:2004
18:10:2004
18:10:2004
 8:42:47	BUSY 0
 8:42:47	BUSY 0
21:10:2004
02:11:2004
02:11:2004
02:11:2004
02:11:2004
11:11:22	ERROR Could not obtain interlock 1
11:11:28	IDLE
11:12:00	BUSY 1
11:12:09	IDLE
02:11:2004
11:16:04	BUSY 7
11:16:09	IDLE
11:16:32	BUSY 7
11:16:40	IDLE
11:16:44	BUSY 7
11:16:48	IDLE
11:17:25	BUSY 7
11:17:32	IDLE
02:11:2004
11:15:00	BUSY 7
11:15:26	IDLE
02:11:2004
11:19:59	BUSY 7
11:20:12	IDLE
11:20:17	BUSY 7
11:20:29	IDLE
02:11:2004
11:22:38	BUSY 7
11:22:45	IDLE
11:23:38	BUSY 7
11:24:07	IDLE
11:24:10	BUSY 7
11:24:24	IDLE
11:24:27	BUSY 7
11:25:28	IDLE
02:11:2004
11:56:53	BUSY 7
02:11:2004
12:00:28	BUSY 7
12:00:41	IDLE
12:00:44	BUSY 7
12:00:55	IDLE
12:00:58	BUSY 7
12:01:11	IDLE
12:01:14	BUSY 7
12:01:27	IDLE
02:11:2004
12:18:22	BUSY 7
12:19:21	IDLE
12:19:34	BUSY 7
02:11:2004
12:20:33	BUSY 7
12:20:33	IDLE 7
12:20:36	BUSY 0
12:20:40	IDLE
12:20:53	BUSY 7
12:20:53	IDLE 7
12:20:56	BUSY 0
12:21:00	IDLE
02:11:2004
12:21:34	BUSY 7
12:21:42	IDLE 7
12:22:10	BUSY 7
12:22:18	IDLE 7
12:23:04	BUSY 7
12:23:12	IDLE 7
14:08:56	BUSY 0
14:08:58	IDLE
14:08:59	BUSY 0
14:09:01	IDLE
14:11:59	BUSY 0
14:31:59	IDLE
14:32:00	BUSY 0
02:11:2004
14:34:40	BUSY 0
14:34:40	BUSY 0
14:35:21	IDLE
14:35:29	BUSY 1
02:11:2004
14:35:58	BUSY 1
02:11:2004
14:38:54	BUSY 1
02:11:2004
14:40:37	BUSY 1
14:40:49	IDLE 1
14:40:57	BUSY 7
14:41:08	IDLE 7
14:41:12	BUSY 1
14:41:24	IDLE 1
14:41:30	BUSY 1
14:41:42	IDLE 1
15:28:51	BUSY 1
15:29:02	IDLE 1
15:29:15	BUSY 1
15:29:27	IDLE 1
15:29:42	BUSY 1
15:29:54	IDLE 1
15:30:23	BUSY 3
03:11:2004
 9:49:11	ERROR Could not obtain interlock 1
 9:49:18	IDLE
 9:49:48	BUSY 1
 9:49:59	IDLE 1
03:11:2004
 9:57:11	BUSY 1
 9:57:21	IDLE 1
03:11:2004
 9:59:06	BUSY 2
 9:59:25	IDLE
 9:59:27	BUSY 1
 9:59:38	IDLE 1
 9:59:41	BUSY 2
 9:59:54	IDLE
03:11:2004
10:01:38	BUSY 1
10:01:48	IDLE 1
10:01:53	BUSY 2
03:11:2004
10:03:17	BUSY 1
10:03:23	ERROR RS232 Download aborted
10:03:24	IDLE
10:03:38	BUSY 1
10:03:49	IDLE 1
10:03:53	BUSY 2
10:03:59	IDLE
03:11:2004
10:04:40	BUSY 1
10:04:50	IDLE 1
03:11:2004
10:05:26	BUSY 2
03:11:2004
10:06:08	BUSY 1
10:06:19	IDLE 1
10:06:23	BUSY 2
03:11:2004
10:10:55	BUSY 1
10:11:16	ERROR RS232 Download aborted
10:11:18	IDLE
10:11:49	BUSY 1
10:11:59	IDLE 1
10:12:10	BUSY 2
10:14:11	IDLE
10:14:19	BUSY 2
10:16:31	IDLE
03:11:2004
 9:52:07	BUSY 2
 9:52:55	IDLE
 9:53:02	BUSY 4
 9:53:28	IDLE
 9:53:33	BUSY 1
 9:53:44	IDLE 1
 9:53:56	BUSY 2
 9:54:15	IDLE
 9:54:19	BUSY 1
 9:54:30	IDLE 1
 9:54:47	BUSY 2
 9:55:05	IDLE
 9:55:08	BUSY 3
 9:55:41	IDLE
 9:55:44	BUSY 4
 9:56:07	IDLE
 9:56:10	BUSY 1
 9:56:21	IDLE 1
 9:56:28	BUSY 2
10:16:37	IDLE
10:16:51	BUSY 2
10:17:04	ERROR RS232 Download aborted
10:17:07	IDLE
10:17:25	BUSY 2
10:17:30	ERROR RS232 Download aborted
03:11:2004
10:17:51	BUSY 2
10:18:11	IDLE
10:18:18	BUSY 2
10:20:50	IDLE
10:20:55	BUSY 1
10:21:06	IDLE 1
10:21:22	BUSY 7
10:21:30	IDLE 7
10:22:00	BUSY 7
10:22:02	IDLE 7
10:23:13	BUSY 2
10:23:37	IDLE
10:24:31	BUSY 2
10:24:44	IDLE
10:25:22	BUSY 2
10:26:26	IDLE
10:26:34	BUSY 1
10:26:44	IDLE 1
03:11:2004
10:30:43	BUSY 2
10:30:49	IDLE 2
04:11:2004
 9:28:21	ERROR Could not obtain interlock 1
 9:28:25	IDLE
04:11:2004
11:45:30	BUSY 1
11:45:40	IDLE 1
11:45:47	BUSY 2
11:45:51	IDLE 2
11:45:55	BUSY 3
11:46:02	IDLE 3
11:46:06	BUSY 4
11:46:16	IDLE 4
11:46:23	BUSY 5
11:46:32	IDLE 5
11:46:39	BUSY 6
11:47:22	IDLE
11:47:27	BUSY 6
11:50:10	IDLE
11:50:17	BUSY 2
11:50:21	IDLE 2
11:50:26	BUSY 3
11:50:33	IDLE 3
11:50:42	BUSY 6
11:53:49	IDLE
11:53:52	BUSY 6
11:53:56	IDLE
11:58:49	BUSY 2
11:59:34	IDLE
11:59:41	BUSY 1
11:59:52	IDLE 1
11:59:54	BUSY 2
11:59:58	IDLE 2
12:00:03	BUSY 5
12:00:12	IDLE 5
12:00:21	BUSY 6
12:00:25	IDLE
122:11:2004
22:11:2004
22:11:2004
24:11:2004
24:11:2004
16:01:45	BUSY 1
16:02:25	ERROR RS232 Download aborted
16:02:28	IDLE
16:02:32	BUSY 1
16:02:43	IDLE 1
16:03:10	BUSY 2
16:03:14	IDLE 2
16:03:24	BUSY 3
16:03:29	IDLE 3
16:03:34	BUSY 4
16:03:44	IDLE 4
16:03:49	BUSY 5
16:04:01	IDLE 5
16:04:09	BUSY 2
16:04:13	IDLE 2
16:04:17	BUSY 3
16:04:23	IDLE 3
16:05:12	BUSY 6
16:05:25	IDLE 6
16:06:28	BUSY 1
16:06:39	IDLE 1
16:06:41	BUSY 2
16:06:45	IDLE 2
16:06:57	ERROR Could not obtain interlock 2
16:07:19	IDLE
16:08:12	BUSY 1
16:08:23	IDLE 1
16:08:25	BUSY 2
16:08:29	IDLE 2
16:08:41	ERROR Could not obtain interlock 2
16:09:09	IDLE
16:10:31	BUSY 1
16:10:41	IDLE 1
16:10:43	BUSY 2
16:10:47	IDLE 2
16:11:00	ERROR Could not obtain interlock 2
24:11:2004
16:12:42	BUSY 1
16:12:53	IDLE 1
16:12:55	BUSY 2
16:12:59	IDLE 2
16:13:11	BUSY 3
16:13:16	IDLE 3
16:13:19	BUSY 4
16:13:29	IDLE 4
16:13:30	BUSY 5
16:13:41	IDLE 5
16:13:44	BUSY 2
16:13:48	IDLE 2
16:14:00	BUSY 3
16:14:06	IDLE 3
16:14:08	BUSY 6
16:14:20	IDLE 6
16:17:01	BUSY 1
16:17:11	IDLE 1
16:17:14	BUSY 2
16:17:18	IDLE 2
16:17:30	BUSY 3
16:17:35	IDLE 3
16:17:38	BUSY 4
16:17:48	IDLE 4
16:17:49	BUSY 5
16:18:01	IDLE 5
16:18:03	BUSY 2
16:18:07	IDLE 2
16:18:19	BUSY 3
16:18:25	IDLE 3
16:18:27	BUSY 6
16:18:39	IDLE 6
25:11:2004
 8:31:28	BUSY 1
 8:32:58	IDLE
 8:33:27	BUSY 1
 8:34:59	IDLE
 8:35:38	BUSY 1
 8:36:12	IDLE
 8:40:32	BUSY 1
 8:40:43	IDLE 1
 8:40:50	BUSY 2
 8:40:54	IDLE 2
 8:49:07	BUSY 1
 8:49:18	IDLE 1
 8:49:20	BUSY 2
 8:49:25	IDLE 2
 8:49:37	BUSY 3
 8:49:42	IDLE 3
 8:49:44	BUSY 4
 8:49:55	IDLE 4
 8:49:56	BUSY 5
 8:50:07	IDLE 5
 8:50:09	BUSY 2
 8:50:14	IDLE 2
 8:50:26	BUSY 3
 8:50:31	IDLE 3
 8:50:33	BUSY 6
 8:50:45	IDLE 6
 8:56:08	BUSY 1
 8:56:18	IDLE 1
 8:56:21	BUSY 2
 8:56:25	IDLE 2
 8:56:37	BUSY 3
 8:56:42	IDLE 3
 8:56:45	BUSY 4
 8:56:54	IDLE 4
 8:56:55	BUSY 5
 8:57:07	IDLE 5
 8:57:10	BUSY 2
 8:57:14	IDLE 2
 8:57:26	BUSY 3
 8:57:31	IDLE 3
 8:57:34	BUSY 6
 8:57:45	IDLE 6
 8:58:34	BUSY 1
 8:58:44	IDLE 1
 8:58:47	BUSY 2
 8:58:50	IDLE 2
 8:59:03	BUSY 3
 8:59:08	IDLE 3
 8:59:11	BUSY 4
 8:59:20	IDLE 4
 8:59:21	BUSY 5
 8:59:33	IDLE 5
 8:59:35	BUSY 2
 8:59:39	IDLE 2
 8:59:52	BUSY 3
 8:59:57	IDLE 3
 8:59:59	BUSY 6
 9:00:12	IDLE 6
 9:00:40	BUSY 1
 9:00:51	IDLE 1
 9:00:53	BUSY 2
 9:00:58	IDLE 2
 9:01:10	BUSY 3
 9:01:15	IDLE 3
 9:01:17	BUSY 4
 9:01:27	IDLE 4
 9:01:29	BUSY 5
 9:01:40	IDLE 5
 9:01:42	BUSY 2
 9:01:46	IDLE 2
 9:01:59	BUSY 3
 9:02:04	IDLE 3
 9:02:06	BUSY 6
 9:02:19	IDLE 6
10:07:17	BUSY 1
10:07:28	IDLE 1
10:07:30	BUSY 2
10:07:34	IDLE 2
10:07:45	BUSY 3
10:07:51	IDLE 3
10:07:53	BUSY 4
10:08:03	IDLE 4
10:08:04	BUSY 5
10:08:16	IDLE 5
10:08:18	BUSY 2
10:08:22	IDLE 2
10:08:34	BUSY 3
10:08:40	IDLE 3
10:08:42	BUSY 6
10:08:54	IDLE 6
12:10:01	BUSY 1
12:10:12	IDLE 1
12:10:15	BUSY 2
12:10:19	IDLE 2
12:10:32	BUSY 3
12:10:38	IDLE 3
12:10:41	BUSY 4
12:10:50	IDLE 4
12:10:52	BUSY 5
12:11:03	IDLE 5
12:11:06	BUSY 2
12:11:10	IDLE 2
12:11:22	BUSY 3
12:11:27	IDLE 3
12:11:30	BUSY 6
12:11:42	IDLE 6
13:48:25	BUSY 1
13:48:36	IDLE 1
13:48:39	BUSY 2
13:48:43	IDLE 2
13:48:55	BUSY 3
13:49:00	IDLE 3
13:49:03	BUSY 4
13:49:13	IDLE 4
13:49:14	BUSY 5
13:49:25	IDLE 5
13:49:28	BUSY 2
13:49:32	IDLE 2
13:49:43	BUSY 3
13:49:48	IDLE 3
13:49:51	BUSY 6
13:50:03	IDLE 6
14:26:29	BUSY 1
14:26:40	IDLE 1
14:26:43	BUSY 2
14:26:47	IDLE 2
14:26:59	BUSY 3
14:27:04	IDLE 3
14:27:07	BUSY 4
14:27:17	IDLE 4
14:27:18	BUSY 5
14:27:29	IDLE 5
14:27:32	BUSY 2
14:27:36	IDLE 2
14:27:48	BUSY 3
14:27:53	IDLE 3
14:27:56	BUSY 6
14:28:08	IDLE 6
14:28:14	BUSY 1
14:28:26	IDLE 1
14:28:28	BUSY 2
14:28:32	IDLE 2
14:28:44	BUSY 3
14:28:49	IDLE 3
14:28:52	BUSY 4
14:29:02	IDLE 4
14:29:03	BUSY 5
14:29:15	IDLE 5
14:29:18	BUSY 2
14:29:22	IDLE 2
14:29:34	BUSY 3
14:29:39	IDLE 3
14:29:42	BUSY 6
14:29:54	IDLE 6
14:55:08	BUSY 1
14:55:19	IDLE 1
14:55:22	BUSY 2
14:55:26	IDLE 2
14:55:38	BUSY 3
14:55:43	IDLE 3
14:55:46	BUSY 4
14:55:56	IDLE 4
14:55:57	BUSY 5
14:56:08	IDLE 5
14:56:11	BUSY 2
14:56:15	IDLE 2
14:56:27	BUSY 3
14:56:32	IDLE 3
14:56:35	BUSY 6
14:56:47	IDLE 6
14:56:53	BUSY 1
14:57:05	IDLE 1
14:57:07	BUSY 2
14:57:11	IDLE 2
14:57:23	BUSY 3
14:57:28	IDLE 3
14:57:31	BUSY 4
14:57:41	IDLE 4
14:57:42	BUSY 5
14:57:54	IDLE 5
14:57:57	BUSY 2
14:58:01	IDLE 2
14:58:13	BUSY 3
14:58:18	IDLE 3
14:58:21	BUSY 6
14:58:33	IDLE 6
15:05:37	BUSY 1
15:05:48	IDLE 1
15:05:51	BUSY 2
15:05:55	IDLE 2
15:06:07	BUSY 3
15:06:12	IDLE 3
15:06:15	BUSY 4
15:06:25	IDLE 4
15:06:26	BUSY 5
15:06:37	IDLE 5
15:06:40	BUSY 2
15:06:44	IDLE 2
15:06:56	BUSY 3
15:07:01	IDLE 3
15:07:04	BUSY 6
15:07:16	IDLE 6
15:11:29	BUSY 1
15:11:40	IDLE 1
15:11:43	BUSY 2
15:11:47	IDLE 2
15:11:59	BUSY 3
15:12:04	IDLE 3
15:12:07	BUSY 4
15:12:17	IDLE 4
15:12:18	BUSY 5
15:12:29	IDLE 5
15:12:32	BUSY 2
15:12:36	IDLE 2
15:12:48	BUSY 3
15:12:53	IDLE 3
15:12:56	BUSY 6
15:13:08	IDLE 6
15:13:15	BUSY 1
15:13:27	IDLE 1
15:13:29	BUSY 2
15:13:33	IDLE 2
15:13:45	BUSY 3
15:13:50	IDLE 3
15:13:53	BUSY 4
15:14:03	IDLE 4
15:14:04	BUSY 5
15:14:16	IDLE 5
15:14:19	BUSY 2
15:14:23	IDLE 2
15:14:35	BUSY 3
15:14:40	IDLE 3
15:14:43	BUSY 6
15:14:55	IDLE 6
15:22:29	BUSY 1
15:22:40	IDLE 1
15:22:43	BUSY 2
15:22:47	IDLE 2
15:22:59	BUSY 3
15:23:04	IDLE 3
15:23:07	BUSY 4
15:23:17	IDLE 4
15:23:18	BUSY 5
15:23:29	IDLE 5
15:23:32	BUSY 2
15:23:36	IDLE 2
15:23:48	BUSY 3
15:23:53	IDLE 3
15:23:56	BUSY 6
15:24:08	IDLE 6
15:24:14	BUSY 1
15:24:26	IDLE 1
15:24:28	BUSY 2
15:24:32	IDLE 2
15:24:44	BUSY 3
15:24:49	ID26:11:2004
 6:57:19	BUSY 1
 6:57:30	IDLE 1
 6:57:33	BUSY 2
 6:57:37	IDLE 2
 6:57:48	BUSY 3
 6:57:53	IDLE 3
 6:57:56	BUSY 4
 6:58:06	IDLE 4
 6:58:07	BUSY 5
 6:58:18	IDLE 5
 6:58:21	BUSY 2
 6:58:25	IDLE 2
 6:58:37	BUSY 3
 6:58:42	IDLE 3
 6:58:45	BUSY 6
 6:58:57	IDLE 6
 6:59:28	BUSY 1
 6:59:39	IDLE 1
 6:59:41	BUSY 2
 6:59:45	IDLE 2
 6:59:57	BUSY 3
 7:00:02	IDLE 3
 7:00:05	BUSY 4
 7:00:15	IDLE 4
 7:00:16	BUSY 5
 7:00:27	IDLE 5
 7:00:30	BUSY 2
 7:00:34	IDLE 2
 7:00:46	BUSY 3
 7:00:51	IDLE 3
 7:00:54	BUSY 6
 7:01:06	IDLE 6
 9:00:59	BUSY 1
 9:01:10	IDLE 1
 9:01:13	BUSY 2
 9:01:17	IDLE 2
 9:01:29	BUSY 3
 9:01:34	IDLE 3
 9:01:37	BUSY 4
 9:01:47	IDLE 4
 9:01:48	BUSY 5
 9:01:59	IDLE 5
 9:02:02	BUSY 2
 9:02:06	IDLE 2
 9:02:18	BUSY 3
 9:02:23	IDLE 3
 9:02:26	BUSY 6
 9:02:38	IDLE 6
 9:11:59	BUSY 1
 9:12:10	IDLE 1
 9:12:13	BUSY 2
 9:12:17	IDLE 2
 9:12:29	BUSY 3
 9:12:34	IDLE 3
 9:12:37	BUSY 4
 9:12:47	IDLE 4
 9:12:48	BUSY 5
 9:12:59	IDLE 5
 9:13:02	BUSY 2
 9:13:06	IDLE 2
 9:13:18	BUSY 3
 9:13:23	IDLE 3
 9:13:26	BUSY 6
 9:13:38	IDLE 6
11:33:45	BUSY 1
11:33:56	IDLE 1
11:33:58	BUSY 2
11:34:02	IDLE 2
11:34:14	BUSY 3
11:34:19	IDLE 3
11:34:22	BUSY 4
11:34:32	IDLE 4
11:34:33	BUSY 5
11:34:45	IDLE 5
11:34:47	BUSY 2
11:34:51	IDLE 2
11:35:03	BUSY 3
11:35:08	IDLE 3
11:35:11	BUSY 6
11:35:23	IDLE 6
11:35:40	BUSY 1
11:35:51	IDLE 1
11:35:53	BUSY 2
11:35:57	IDLE 2
11:36:09	BUSY 3
11:36:14	IDLE 3
11:36:17	BUSY 4
11:36:27	IDLE 4
11:36:28	BUSY 5
11:36:40	IDLE 5
11:36:42	BUSY 2
11:36:46	IDLE 2
11:36:58	BUSY 3
11:37:03	IDLE 3
11:37:06	BUSY 6
11:37