16:11:2005
10:38:48	Cell to Host	Robot2 IDLE
10:42:10	DoCommand MTEST.SEQ
10:42:10	Process MTEST	Ready
10:42:10	Process MTEST	BUSY
10:42:11	Cell to Host	Ready MTEST.SEQ
10:42:12	Cell to Host	BUSY MTEST.SEQ
10:42:12	Cell to Host	Miller BUSY 1
10:42:12	Cell to Host	Miller IDLE 1
10:42:13	Cell to Host	Robot2 BUSY 1
10:42:45	Cell to Host	Robot2 IDLE 1
10:42:46	Cell to Host	Miller BUSY 2
10:42:47	Cell to Host	Miller IDLE 2
10:42:47	Cell to Host	Miller BUSY 5 MTEST.tap
10:42:47	Cell to Host	Miller IDLE 5 MTEST.tap
10:42:48	Cell to Host	Miller BUSY 3
10:43:00	Cell to Host	Miller IDLE 3
10:43:00	Cell to Host	Miller BUSY 4
10:43:00	Cell to Host	Miller IDLE 4
10:43:01	Cell to Host	Miller BUSY 1
10:43:02	Cell to Host	Miller IDLE 1
10:43:03	Cell to Host	Robot2 BUSY 2
10:43:36	Process MTEST	IDLE
10:43:36	Cell to Host	Robot2 IDLE 2
10:43:37	Cell to Host	IDLE MTEST.SEQ
10:45:09	Disconnect
10:46:49	DoCommand MTEST.SEQ
10:46:49	Process MTEST	Ready
10:46:49	Process MTEST	BUSY
10:46:50	Cell to Host	Ready MTEST.SEQ
10:46:50	Cell to Host	BUSY MTEST.SEQ
10:46:50	Cell to Host	Miller BUSY 1
10:46:51	Cell to Host	Miller IDLE 1
10:46:51	Cell to Host	Robot2 BUSY 1
10:47:24	Cell to Host	Robot2 IDLE 1
10:47:25	Cell to Host	Miller BUSY 2
10:47:25	Cell to Host	Miller IDLE 2
10:47:26	Cell to Host	Miller BUSY 5 MTEST.tap
10:47:26	Cell to Host	Miller IDLE 5 MTEST.tap
10:47:26	Cell to Host	Miller BUSY 3
10:47:38	Cell to Host	Miller IDLE 3
10:47:39	Cell to Host	Miller BUSY 4
10:47:39	Cell to Host	Miller IDLE 4
10:47:40	Cell to Host	Miller BUSY 1
10:47:40	Cell to Host	Miller IDLE 1
10:47:41	Cell to Host	Robot2 BUSY 2
10:48:14	Process MTEST	IDLE
10:48:15	Cell to Host	Robot2 IDLE 2
10:48:16	Cell to Host	IDLE MTEST.SEQ
10:48:20	DoCommand MTEST.SEQ
10:48:20	Process MTEST	Ready
10:48:20	Process MTEST	BUSY
10:48:21	Cell to Host	Ready MTEST.SEQ
10:48:21	Cell to Host	BUSY MTEST.SEQ
10:48:21	Cell to Host	Miller BUSY 1
10:48:22	Cell to Host	Miller IDLE 1
10:48:22	Cell to Host	Robot2 BUSY 1
10:48:55	Cell to Host	Robot2 IDLE 1
10:48:56	Cell to Host	Miller BUSY 2
10:48:57	Cell to Host	Miller IDLE 2
10:48:57	Cell to Host	Miller BUSY 5 MTEST.tap
10:48:57	Cell to Host	Miller IDLE 5 MTEST.tap
10:48:58	Cell to Host	Miller BUSY 3
10:49:10	Cell to Host	Miller IDLE 3
10:49:10	Cell to Host	Miller BUSY 4
10:49:10	Cell to Host	Miller IDLE 4
10:49:11	Cell to Host	Miller BUSY 1
10:49:12	Cell to Host	Miller IDLE 1
10:49:13	Cell to Host	Robot2 BUSY 2
10:49:45	Process MTEST	IDLE
10:49:46	Cell to Host	Robot2 IDLE 2
10:49:47	Cell to Host	IDLE MTEST.SEQ
10:49:51	DoCommand MTEST.SEQ
10:49:51	Process MTEST	Ready
10:49:51	Process MTEST	BUSY
10:49:52	Cell to Host	Ready MTEST.SEQ
10:49:53	Cell to Host	BUSY MTEST.SEQ
10:49:53	Cell to Host	Miller BUSY 1
10:49:53	Cell to Host	Miller IDLE 1
10:49:54	Cell to Host	Robot2 BUSY 1
10:50:26	Cell to Host	Robot2 IDLE 1
10:50:28	Cell to Host	Miller BUSY 2
10:50:28	Cell to Host	Miller IDLE 2
10:50:28	Cell to Host	Miller BUSY 5 MTEST.tap
10:50:28	Cell to Host	Miller IDLE 5 MTEST.tap
10:50:29	Cell to Host	Miller BUSY 3
10:50:41	Cell to Host	Miller IDLE 3
10:50:41	Cell to Host	Miller BUSY 4
10:50:41	Cell to Host	Miller IDLE 4
10:50:42	Cell to Host	Miller BUSY 1
10:50:42	Cell to Host	Miller IDLE 1
10:50:43	Cell to Host	Robot2 BUSY 2
10:51:16	Process MTEST	IDLE
10:51:17	Cell to Host	Robot2 IDLE 2
10:51:18	Cell to Host	IDLE MTEST.SEQ
10:52:48	Disconnect
10:55:25	DoCommand MPART1.SEQ
10:55:25	Process MPART1	Ready
10:55:26	Process MPART1	BUSY
10:55:26	Cell to Host	Ready MPART1.SEQ
10:55:27	Cell to Host	BUSY MPART1.SEQ
10:55:27	Cell to Host	Miller BUSY 1
10:55:27	Cell to Host	Miller IDLE 1
10:55:28	Cell to Host	Robot2 BUSY 1
10:56:00	Cell to Host	Robot2 IDLE 1
10:56:01	Cell to Host	Miller BUSY 2
10:56:02	Cell to Host	Miller IDLE 2
10:56:02	Cell to Host	Miller BUSY 5 MPART1.tap
10:56:03	Cell to Host	Miller IDLE 5 MPART1.tap
10:56:04	Cell to Host	Miller BUSY 3
10:57:26	Cell to Host	Miller IDLE 3
10:57:27	Cell to Host	Miller BUSY 4
10:57:27	Cell to Host	Miller IDLE 4
10:57:27	Cell to Host	Robot2 BUSY 2
10:58:01	Process MPART1	IDLE
10:58:01	Cell to Host	Robot2 IDLE 2
10:58:02	Cell to Host	IDLE MPART1.SEQ
11:42:02	Disconnect
11:47:45	Cell to Host	Miller IDLE 2
11:48:07	Cell to Host	Miller BUSY 1
11:48:08	Cell to Host	Miller IDLE 1
11:48:39	DoCommand MPART2.SEQ
11:48:39	Process MPART2	Ready
11:48:40	Process MPART2	BUSY
11:48:40	Cell to Host	Ready MPART2.SEQ
11:48:40	Cell to Host	BUSY MPART2.SEQ
11:48:40	Cell to Host	Miller BUSY 1
11:48:41	Cell to Host	Miller IDLE 1
11:48:42	Cell to Host	Robot2 BUSY 1
11:49:09	Cell to Host	Robot2 IDLE 1
11:49:09	Cell to Host	Miller BUSY 2
11:49:11	Cell to Host	Miller IDLE 2
11:49:11	Cell to Host	Miller BUSY 5 MPART2.tap
11:49:11	Cell to Host	Miller IDLE 5 MPART2.tap
11:49:12	Cell to Host	Miller BUSY 3
11:50:29	Cell to Host	Miller IDLE 3
11:50:30	Cell to Host	Miller BUSY 4
11:50:30	Cell to Host	Miller IDLE 4
11:50:31	Cell to Host	Miller BUSY 1
11:50:32	Cell to Host	Miller IDLE 1
11:50:32	Cell to Host	Robot2 BUSY 2
11:50:59	Process MPART2	IDLE
11:50:59	Cell to Host	Robot2 IDLE 2
11:51:00	Cell to Host	IDLE MPART2.SEQ
13:50:22	Disconnect
13:51:21	DoCommand MPART3.SEQ
13:51:21	Process MPART3	Ready
13:51:22	Process MPART3	BUSY
13:51:22	Cell to Host	Ready MPART3.SEQ
13:51:23	Cell to Host	BUSY MPART3.SEQ
13:51:23	Cell to Host	Miller BUSY 1
13:51:23	Cell to Host	Miller IDLE 1
13:51:24	Cell to Host	Robot2 BUSY 1
13:51:51	Cell to Host	Robot2 IDLE 1
13:51:52	Cell to Host	Miller BUSY 2
13:51:53	Cell to Host	Miller IDLE 2
13:51:53	Cell to Host	Miller BUSY 5 MPART3.tap
13:51:53	Cell to Host	Miller IDLE 5 MPART3.tap
13:51:54	Cell to Host	Miller BUSY 3
13:54:09	Cell to Host	Miller IDLE 3
13:54:10	Cell to Host	Miller BUSY 4
13:54:10	Cell to Host	Miller IDLE 4
13:54:11	Cell to Host	Miller BUSY 1
13:54:11	Cell to Host	Miller IDLE 1
13:54:12	Cell to Host	Robot2 BUSY 2
13:54:39	Process MPART3	IDLE
13:54:40	Cell to Host	Robot2 IDLE 2
13:54:41	Cell to Host	IDLE MPART3.SEQ
14:03:10	Disconnect
18:11:2005
12:03:42	Cell to Host	Miller IDLE 3
12:04:31	DoCommand MTEST.SEQ
12:04:31	Process MTEST	Ready
12:04:32	Process MTEST	BUSY
12:04:32	Cell to Host	Ready MTEST.SEQ
12:04:32	Cell to Host	BUSY MTEST.SEQ
12:04:33	Cell to Host	Miller BUSY 1
12:04:34	Cell to Host	Miller IDLE 1
12:04:35	Cell to Host	Robot2 BUSY 1
12:05:02	Cell to Host	Robot2 IDLE 1
12:05:02	Cell to Host	Miller BUSY 2
12:05:03	Cell to Host	Miller IDLE 2
12:05:04	Cell to Host	Miller BUSY 5 MTEST.tap
12:05:04	Cell to Host	Miller IDLE 5 MTEST.21:11:2005
11:04:43	Cell to Host	Miller IDLE 3
11:05:42	DoCommand MPART1.SEQ
11:05:42	Process MPART1	Ready
11:05:43	Process MPART1	BUSY
11:05:43	Cell to Host	Ready MPART1.SEQ
11:05:44	Cell to Host	BUSY MPART1.SEQ
11:05:45	Cell to Host	Miller BUSY 1
11:05:45	Cell to Host	Miller IDLE 1
11:05:45	Cell to Host	Robot2 BUSY 1
11:06:13	Cell to Host	Robot2 IDLE 1
11:06:14	Cell to Host	Miller BUSY 2
11:06:14	Cell to Host	Miller IDLE 2
11:06:15	Cell to Host	Miller BUSY 5 MPART1.tap
11:06:15	Cell to Host	Miller IDLE 5 MPART1.tap
11:06:16	Cell to Host	Miller BUSY 3
11:07:39	Cell to Host	Miller IDLE 3
11:07:39	Cell to Host	Miller BUSY 4
11:07:40	Cell to Host	Miller IDLE 4
11:07:41	Cell to Host	Miller BUSY 1
11:07:41	Cell to Host	Miller IDLE 1
11:07:41	Cell to Host	Robot2 BUSY 2
11:08:09	Process MPART1	IDLE
11:08:09	Cell to Host	Robot2 IDLE 2
11:08:10	Cell to Host	IDLE MPART1.SEQ
11:08:13	DoCommand MPART2.SEQ
11:08:13	Process MPART2	Ready
11:08:14	Process MPART2	BUSY
11:08:14	Cell to Host	Ready MPART2.SEQ
11:08:15	Cell to Host	BUSY MPART2.SEQ
11:08:15	Cell to Host	Miller BUSY 1
11:08:15	Cell to Host	Miller IDLE 1
11:08:16	Cell to Host	Robot2 BUSY 1
11:08:42	Cell to Host	Robot2 IDLE 1
11:08:43	Cell to Host	Miller BUSY 2
11:08:43	Cell to Host	Miller IDLE 2
11:08:44	Cell to Host	Miller BUSY 5 MPART2.tap
11:08:44	Cell to Host	Miller IDLE 5 MPART2.tap
11:08:45	Cell to Host	Miller BUSY 3
11:10:03	Cell to Host	Miller IDLE 3
11:10:03	Cell to Host	Miller BUSY 4
11:10:04	Cell to Host	Miller IDLE 4
11:10:04	Cell to Host	Miller BUSY 1
11:10:04	Cell to Host	Miller IDLE 1
11:10:05	Cell to Host	Robot2 BUSY 2
11:10:32	Process MPART2	IDLE
11:10:32	Cell to Host	Robot2 IDLE 2
11:10:33	Cell to Host	IDLE MPART2.SEQ
11:10:36	DoCommand MPART3.SEQ
11:10:36	Process MPART3	Ready
11:10:37	Process MPART3	BUSY
11:10:37	Cell to Host	Ready MPART3.SEQ
11:10:38	Cell to Host	BUSY MPART3.SEQ
11:10:38	Cell to Host	Miller BUSY 1
11:10:38	Cell to Host	Miller IDLE 1
11:10:39	Cell to Host	Robot2 BUSY 1
11:11:06	Cell to Host	Robot2 IDLE 1
11:11:07	Cell to Host	Miller BUSY 2
11:11:08	Cell to Host	Miller IDLE 2
11:11:08	Cell to Host	Miller BUSY 5 MPART3.tap
11:11:09	Cell to Host	Miller IDLE 5 MPART3.tap
11:11:09	Cell to Host	Miller BUSY 3
11:13:25	Cell to Host	Miller IDLE 3
11:13:25	Cell to Host	Miller BUSY 4
11:13:25	Cell to Host	Miller IDLE 4
11:13:26	Cell to Host	Miller BUSY 1
11:13:26	Cell to Host	Miller IDLE 1
11:13:27	Cell to Host	Robot2 BUSY 2
11:13:54	Process MPART3	IDLE
11:13:55	Cell to Host	Robot2 IDLE 2
11:13:55	Cell to Host	IDLE MPART3.SEQ
11:15:50	Disconnect
11:16:39	DoCommand MPART1.SEQ
11:16:39	Process MPART1	Ready
11:16:39	Process MPART1	BUSY
11:16:40	Cell to Host	Ready MPART1.SEQ
11:16:40	Cell to Host	BUSY MPART1.SEQ
11:16:40	Cell to Host	Miller BUSY 1
11:16:41	Cell to Host	Miller IDLE 1
11:16:42	Cell to Host	Robot2 BUSY 1
11:17:08	Cell to Host	Robot2 IDLE 1
11:17:09	Cell to Host	Miller BUSY 2
11:17:10	Cell to Host	Miller IDLE 2
11:17:10	Cell to Host	Miller BUSY 5 MPART1.tap
11:17:10	Cell to Host	Miller IDLE 5 MPART1.tap
11:17:11	Cell to Host	Miller BUSY 3
11:18:33	Cell to Host	Miller IDLE 3
11:18:34	Cell to Host	Miller BUSY 4
11:18:34	Cell to Host	Miller IDLE 4
11:18:35	Cell to Host	Miller BUSY 1
11:18:35	Cell to Host	Miller IDLE 1
11:18:36	Cell to Host	Robot2 BUSY 2
11:19:03	Process MPART1	IDLE
11:19:03	Cell to Host	Robot2 IDLE 2
11:19:04	Cell to Host	IDLE MPART1.SEQ
11:19:08	DoCommand MPART2.SEQ
11:19:08	Process MPART2	Ready
11:19:08	Process MPART2	BUSY
11:19:09	Cell to Host	Ready MPART2.SEQ
11:19:09	Cell to Host	BUSY MPART2.SEQ
11:19:09	Cell to Host	Miller BUSY 1
11:19:09	Cell to Host	Miller IDLE 1
11:19:10	Cell to Host	Robot2 BUSY 1
11:19:37	Cell to Host	Robot2 IDLE 1
11:19:38	Cell to Host	Miller BUSY 2
11:19:40	Cell to Host	Miller IDLE 2
11:19:40	Cell to Host	Miller BUSY 5 MPART2.tap
11:19:40	Cell to Host	Miller IDLE 5 MPART2.tap
11:19:41	Cell to Host	Miller BUSY 3
11:20:58	Cell to Host	Miller IDLE 3
11:20:59	Cell to Host	Miller BUSY 4
11:20:59	Cell to Host	Miller IDLE 4
11:21:00	Cell to Host	Miller BUSY 1
11:21:00	Cell to Host	Miller IDLE 1
11:21:01	Cell to Host	Robot2 BUSY 2
11:21:28	Process MPART2	IDLE
11:21:28	Cell to Host	Robot2 IDLE 2
11:21:29	Cell to Host	IDLE MPART2.SEQ
11:21:33	DoCommand MPART3.SEQ
11:21:33	Process MPART3	Ready
11:21:33	Process MPART3	BUSY
11:21:34	Cell to Host	Ready MPART3.SEQ
11:21:34	Cell to Host	BUSY MPART3.SEQ
11:21:34	Cell to Host	Miller BUSY 1
11:21:34	Cell to Host	Miller IDLE 1
11:21:35	Cell to Host	Robot2 BUSY 1
11:22:02	Cell to Host	Robot2 IDLE 1
11:22:03	Cell to Host	Miller BUSY 2
11:22:04	Cell to Host	Miller IDLE 2
11:2