01:11:2004
01:11:2004
01:11:2004
01:11:2004
01:11:2004
01:11:2004
01:11:2004
01:11:2004
01:11:2004
01:11:2004
11:11:2004
11:11:2004
11:11:2004
11:11:2004
12:11:2004
12:11:2004
22:11:2004
22:11:2004
22:11:2004
25:11:2004
14:24:27	BUSY 3 gbtest 1 2 101
14:24:28	IDLE 3 gbtest 1 2 101
14:25:15	BUSY 3 gbtest 1 2 102
14:26:10	BUSY 3 gbtest 2 3 101
14:26:13	IDLE 3 gbtest 1 2 102
14:26:25	IDLE 3 gbtest 2 3 101
14:27:26	BUSY 3 gbtest 3 4 101
14:27:41	IDLE 3 gbtest 3 4 101
14:27:56	BUSY 3 gbtest 2 3 102
14:28:11	IDLE 3 gbtest 2 3 102
14:29:13	BUSY 3 gbtest 3 4 102
14:30:03	BUSY 3 gbtest 4 1 101
14:30:23	IDLE 3 gbtest 4 1 101
14:53:06	BUSY 3 gbtest 1 2 101
14:53:07	IDLE 3 gbtest 1 2 101
14:53:47	BUSY 3 gbtest 1 2 102
14:54:49	BUSY 3 gbtest 2 3 101
14:54:52	IDLE 3 gbtest 1 2 102
14:55:04	IDLE 3 gbtest 2 3 101
14:56:05	BUSY 3 gbtest 3 6 101
14:56:35	BUSY 3 gbtest 2 3 102
14:56:48	IDLE 3 gbtest 2 3 102
15:03:35	BUSY 3 gbtest 1 2 101
15:03:36	IDLE 3 gbtest 1 2 101
15:09:27	BUSY 3 gbtest 1 2 101
15:09:27	IDLE 3 gbtest 1 2 101
15:10:12	BUSY 3 gbtest 1 2 102
15:11:10	BUSY 3 gbtest 2 3 101
15:11:13	IDLE 3 gbtest 1 2 102
15:11:25	IDLE 3 gbtest 2 3 101
15:12:28	BUSY 3 gbtest 3 6 101
15:12:57	BUSY 3 gbtest 2 3 102
15:13:03	IDLE 3 gbtest 3 6 101
15:13:09	BUSY 3 gbtest 6 1 101
15:13:12	IDLE 3 gbtest 2 3 102
15:13:18	IDLE 3 gbtest 6 1 101
15:14:14	BUSY 3 gbtest 3 6 102
15:14:49	IDLE 3 gbtest 3 6 102
15:15:09	BUSY 3 gbtest 6 1 102
15:15:18	IDLE 3 gbtest 6 1 102
15:20:24	BUSY 3 gbtest 1 2 101
15:20:27	IDLE 3 gbtest 1 2 101
15:20:48	BUSY 3 gbtest 1 2 102
15:22:09	BUSY 3 gbtest 2 3 101
15:22:12	IDLE 3 gbtest 1 2 102
15:22:24	IDLE 3 gbtest 2 3 101
15:23:26	BUSY 3 gbtest 3 6 101
15:23:56	BUSY 3 gbtest 2 3 102
15:24:01	IDLE 3 gbtest 3 6 101
15:24:26:11:2004
11:31:40	BUSY 3 VISION 1 2 101
11:31:41	IDLE 3 VISION 1 2 101
11:33:23	BUSY 3 VISION 2 3 101
11:33:35	BUSY 3 VISION 1 2 102
11:33:36	IDLE 3 VISION 1 2 102
11:33:38	IDLE 3 VISION 2 3 101
11:34:39	BUSY 3 VISION 3 4 101
11:34:50	IDLE 3 VISION 3 4 101
11:34:53	BUSY 3 VISION 4 6 101
11:35:18	IDLE 3 VISION 4 6 101
11:35:18	BUSY 3 VISION 2 3 102
11:35:33	IDLE 3 VISION 2 3 102
11:35:38	BUSY 3 VISION 6 1 101
11:35:47	IDLE 3 VISION 6 1 101
11:36:35	BUSY 3 VISION 3 4 102
11:36:46	IDLE 3 VISION 3 4 102
11:3624:03:2005
24:03:2005
24:03:2005
30:03:2005
30:03:2005
30:03:2005
30:03:2005
30:03:2005
30:03:2005
30:03:2005
30:03:2005
30:03:2005
30:03:2005
30:03:2005
30:03:2005
30:03:2005
30:03:2005
30:03:2005
30:03:2005
30:03:2005
30:03:2005
30:03:2005
30:03:2005
30:03:2005
31:03:2005
31:03:2005
31:03:2005
31:03:2005
31:03:2005
31:03:2005
31:03:2005
31:03:2005
31:03:2005
31:03:2005
31:03:2005
31:03:2005
31:03:2005
31:03:2005
31:03:2005
31:03:2005
31:03:2005
31:03:2005
31:03:2005
31:03:2005
31:03:2005
31:03:2005
01:04:2005
07:04:2005
19:04:2005
19:04:2005
19:04:2005
20:04:2005
 8:16:08	BUSY 3 TEST 1 2 101
 8:16:08	IDLE 3 TEST 1 2 101
 8:16:47	BUSY 3 TEST 1 2 102
 8:17:29	BUSY 3 TEST 1 2 103
 8:18:00	BUSY 3 TEST 2 3 101
 8:18:01	IDLE 3 TEST 1 2 102
 8:18:08	IDLE 3 TEST 2 3 101
 8:19:21	BUSY 3 TEST 3 5 101
 8:19:46	IDLE 3 TEST 3 5 101
 8:19:54	BUSY 3 TEST 5 1 101
 8:19:55	BUSY 3 TEST 2 3 102
 8:19:56	IDLE 3 TEST 1 2 103
 8:19:59	IDLE 3 TEST 5 1 101
 8:20:03	IDLE 3 TEST 2 3 102
 8:21:16	BUSY 3 TEST 3 5 102
 8:21:41	IDLE 3 TEST 3 5 102
 8:21:51	BUSY 3 TEST 2 3 103
 8:21:58	BUSY 3 TEST 5 1 102
 8:21:59	IDLE 3 TEST 2 3 103
 8:22:03	IDLE 3 TEST 5 1 102
 8:23:11	BUSY 3 TEST 3 5 103
 8:23:36	IDLE 3 TEST 3 5 103
 8:23:53	BUSY 3 TEST 5 1 103
 8:23:58	IDLE 3 TEST 5 1 103
 8:26:39	BUSY 3 TEST 1 2 101
 8:26:41	IDLE 3 TEST 1 2 101
 8:27:18	BUSY 3 TEST 1 2 102
 8:28:00	BUSY 3 TEST 1 2 103
 8:28:34	BUSY 3 TEST 2 3 101
 8:28:35	IDLE 3 TEST 1 2 102
 8:28:42	IDLE 3 TEST 2 3 101
 8:29:56	BUSY 3 TEST 3 5 101
 8:30:21	IDLE 3 TEST 3 5 101
 8:30:29	BUSY 3 TEST 5 1 101
 8:30:30	BUSY 3 TEST 2 3 102
 8:30:31	IDLE 3 TEST 1 2 103
 8:30:34	IDLE 3 TEST 5 1 101
 8:30:38	IDLE 3 TEST 2 3 102
 8:31:52	BUSY 3 TEST 3 5 102
 8:32:17	IDLE 3 TEST 3 5 102
 8:32:25	BUSY 3 TEST 2 3 103
 8:32:32	BUSY 3 TEST 5 1 102
 8:32:33	IDLE 3 TEST 2 3 103
 8:32:37	IDLE 3 TEST 5 1 102
 8:33:46	BUSY 3 TEST 3 5 103
 8:34:11	IDLE 3 TEST 3 5 103
 8:34:28	BUSY 3 TEST 5 1 103
 8:34:33	IDLE 3 TEST 5 1 103
 8:39:05	BUSY 3 TEST 1 2 101
 8:39:08	IDLE 3 TEST 1 2 101
 8:39:44	BUSY 3 TEST 1 2 102
 8:40:26	BUSY 3 TEST 1 2 103
 8:41:01	BUSY 3 TEST 2 3 101
 8:41:02	IDLE 3 TEST 1 2 102
 8:41:09	IDLE 3 TEST 2 3 101
 8:42:23	BUSY 3 TEST 3 5 101
 8:42:48	IDLE 3 TEST 3 5 101
 8:42:56	BUSY 3 TEST 2 3 102
 8:42:57	BUSY 3 TEST 5 1 101
 8:42:58	IDLE 3 TEST 1 2 103
 8:43:02	IDLE 3 TEST 5 1 101
 8:43:04	IDLE 3 TEST 2 3 102
 8:44:17	BUSY 3 TEST 3 5 102
 8:44:42	IDLE 3 TEST 3 5 102
 8:44:51	BUSY 3 TEST 2 3 103
 8:44:57	BUSY 3 TEST 5 1 102
 8:44:59	IDLE 3 TEST 2 3 103
 8:45:02	IDLE 3 TEST 5 1 102
 8:46:13	BUSY 3 TEST 3 5 103
 8:46:38	IDLE 3 TEST 3 5 103
 8:46:5