10:03:2006
02:05:2006
 8:22:11	Cell to Host	Miller IDLE
 8:24:21	Cell to Host	Miller BUSY 1
 8:24:22	Cell to Host	Miller IDLE 1
 8:24:25	Cell to Host	Miller BUSY 2
 8:24:26	Cell to Host	Miller IDLE 2
 8:24:31	Cell to Host	Miller BUSY 5 C:\CIM\CELL2\MTEST.TAP
 8:24:33	Cell to Host	Miller ERROR Error on CNC download
 8:24:37	Cell to Host	Miller IDLE
 8:25:15	Cell to Host	Miller BUSY 5 C:\CIM\CELL2\MTEST.TAP
 8:25:16	Cell to Host	Miller IDLE 5 C:\CIM\CELL2\MTEST.TAP
 8:25:18	Cell to Host	Miller BUSY 3
 8:25:32	Cell to Host	Miller IDLE 3
 8:25:42	Mtest	Ready
 8:25:42	Cell to Host	Ready C:\CIM\CELL2\MTEST.SEQ
 8:25:45	Mtest	BUSY
 8:25:45	Cell to Host	BUSY C:\CIM\CELL2\MTEST.SEQ
 8:25:46	Cell to Host	Miller BUSY 1
 8:25:47	Cell to Host	Miller IDLE 1
 8:25:47	Cell to Host	Robot2 BUSY 1
 8:26:02	Cell to Host	Robot2 IDLE 1
 8:26:03	Cell to Host	Miller BUSY 2
 8:26:04	Cell to Host	Miller IDLE 2
 8:26:04	Cell to Host	Miller BUSY 5 Mtest.tap
 8:26:05	Cell to Host	Miller IDLE 5 Mtest.tap
 8:26:05	Cell to Host	Miller BUSY 3
 8:26:18	02:05:2006
 9:25:39	Cell to Host	Miller IDLE
13:37:55	DoCommand Mtest.SEQ
13:37:55	Mtest	Ready
13:37:55	Mtest	BUSY
13:37:56	Cell to Host	Ready Mtest.SEQ
13:37:57	Cell to Host	BUSY Mtest.SEQ
13:37:57	Cell to Host	Miller BUSY 1
13:37:57	Cell to Host	Miller IDLE 1
13:37:58	Cell to Host	Robot2 BUSY 1
13:38:12	Cell to Host	Robot2 IDLE 1
13:38:13	Cell to Host	Miller BUSY 2
13:38:13	Cell to Host	Miller IDLE 2
13:38:13	Cell to Host	Miller BUSY 5 Mtest.tap
13:38:14	Cell to Host	Miller IDLE 5 Mtest.tap
13:38:14	Cell to Host	Miller BUSY 3
13:38:27	Cell to Host	Miller IDLE 3
13:38:28	Cell to Host	Miller BUSY 4
13:38:28	Cell to Host	Miller IDLE 4
13:38:28	Cell to Host	Miller BUSY 1
13:38:29	Cell to Host	Miller IDLE 1
13:38:29	Cell to Host	Robot2 BUSY 2
13:38:42	Mtest	IDLE
13:38:43	Cell to Host	Robot2 IDLE 2
13:38:43	Cell to Host	IDLE Mtest.SEQ
13:46:48	DoCommand Mtest.SEQ
13:46:48	Mtest	Ready
13:46:48	Mtest	BUSY
13:46:49	Cell to Host	Ready Mtest.SEQ
13:46:49	Cell to Host	BUSY Mtest.SEQ
13:46:49	Cell to Host	Miller BUSY 1
13:46:50	Cell to Host	Miller IDLE 1
13:46:51	Cell to Host	Robot2 BUSY 1
13:47:04	Cell to Host	Robot2 IDLE 1
13:47:05	Cell to Host	Miller BUSY 2
13:47:05	Cell to Host	Miller IDLE 2
13:47:05	Cell to Host	Miller BUSY 5 Mtest.tap
13:47:06	Cell to Host	Miller IDLE 5 Mtest.tap
13:47:06	Cell to Host	Miller BUSY 3
13:47:19	Cell to Host	Miller IDLE 3
13:47:20	Cell to Host	Miller BUSY 4
13:47:20	Cell to Host	Miller IDLE 4
13:47:20	Cell to Host	Miller BUSY 1
13:47:21	Cell to Host	Miller IDLE 1
13:47:22	Cell to Host	Robot2 BUSY 2
13:47:35	Mtest	IDLE
13:47:35	Cell to Host	Robot2 IDLE 2
13:47:35	Cell to Host	IDLE Mtest.SEQ
13:55:01	DoCommand Mtest.SEQ
13:55:01	Mtest	Ready
13:55:01	Mtest	BUSY
13:55:02	Cell to Host	Ready Mtest.SEQ
13:55:02	Cell to Host	BUSY Mtest.SEQ
13:55:03	Cell to Host	Miller BUSY 1
13:55:03	Cell to Host	Miller IDLE 1
13:55:04	Cell to Host	Robot2 BUSY 1
13:55:17	Cell to Host	Robot2 IDLE 1
13:55:18	Cell to Host	Miller BUSY 2
13:55:18	Cell to Host	Miller IDLE 2
13:55:19	Cell to Host	Miller BUSY 5 Mtest.tap
13:55:19	Cell to Host	Miller IDLE 5 Mtest.tap
13:55:20	Cell to Host	Miller BUSY 3
13:55:32	Cell to Host	Miller IDLE 3
13:55:32	Cell to Host	Miller BUSY 4
13:55:33	Cell to Host	Miller IDLE 4
13:55:33	Cell to Host	Miller BUSY 1
13:55:34	Cell to Host	Miller IDLE 1
13:55:34	Cell to Host	Robot2 BUSY 2
13:55:48	Mtest	IDLE
13:55:48	Cell to Host	Robot2 IDLE 2
13:55:49	Cell to Host	IDLE Mtest.SEQ
14:07:05	DoCommand Mtest.SEQ
14:07:05	Mtest	Ready
14:07:06	Mtest	BUSY
14:07:06	Cell to Host	Ready Mtest.SEQ
14:07:07	Cell to Host	BUSY Mtest.SEQ
14:07:07	Cell to Host	Miller BUSY 1
14:07:08	Cell to Host	Miller IDLE 1
14:07:09	Cell to Host	Robot2 BUSY 1
14:07:22	Cell to Host	Robot2 IDLE 1
14:07:23	Cell to Host	Miller BUSY 2
14:07:23	Cell to Host	Miller IDLE 2
14:07:24	Cell to Host	Miller BUSY 5 Mtest.tap
14:07:24	Cell to Host	Miller IDLE 5 Mtest.tap
14:07:25	Cell to Host	Miller BUSY 3
14:07:38	Cell to Host	Miller IDLE 3
14:07:38	Cell to Host	Miller BUSY 4
14:07:38	Cell to Host	Miller IDLE 4
14:07:39	Cell to Host	Miller BUSY 1
03:05:2006
 8:26:20	Cell to Host	Miller IDLE
 8:36:47	DoCommand Mtest.SEQ
 8:36:47	Mtest	Ready
 8:36:47	Mtest	BUSY
 8:36:48	Cell to Host	Ready Mtest.SEQ
 8:36:48	Cell to Host	BUSY Mtest.SEQ
 8:36:48	Cell to Host	Miller BUSY 1
 8:36:49	Cell to Host	Miller IDLE 1
 8:36:49	Cell to Host	Robot2 BUSY 1
 8:37:03	Cell to Host	Robot2 IDLE 1
 8:37:04	Cell to Host	Miller BUSY 2
 8:37:05	Cell to Host	Miller IDLE 2
 8:37:05	Cell to Host	Miller BUSY 5 Mtest.tap
 8:37:06	Cell to Host	Miller IDLE 5 Mtest.tap
 8:37:07	Cell to Host	Miller BUSY 3
 8:37:19	Cell to Host	Miller IDLE 3
 8:37:19	Cell to Host	Miller BUSY 4
 8:37:20	Cell to Host	Miller IDLE 4
 8:37:20	Cell to Host	Miller BUSY 1
 8:37:20	Cell to Host	Miller IDLE 1
 8:37:21	Cell to Host	Robot2 BUSY 2
 8:37:35	Mtest	IDLE
 8:37:35	Cell to Host	Robot2 IDLE 2
 8:37:36	Cell to Host	IDLE Mtest.SEQ
 8:51:01	DoCommand Mtest.SEQ
 8:51:01	Mtest	Ready
 8:51:01	Mtest	BUSY
 8:51:02	Cell to Host	Ready Mtest.SEQ
 8:51:02	Cell to Host	BUSY Mtest.SEQ
 8:51:02	Cell to Host	Miller BUSY 1
 8:51:03	Cell to Host	Miller IDLE 1
 8:51:03	Cell to Host	Robot2 BUSY 1
 8:51:17	Cell to Host	Robot2 IDLE 1
 8:51:18	Cell to Host	Miller BUSY 2
 8:51:18	Cell to Host	Miller IDLE 2
 8:51:19	Cell to Host	Miller BUSY 5 Mtest.tap
 8:51:19	Cell to Host	Miller IDLE 5 Mtest.tap
 8:51:20	Cell to Host	Miller BUSY 3
 8:51:33	Cell to Host	Miller IDLE 3
 8:51:33	Cell to Host	Miller BUSY 4
 8:51:34	Cell to Host	Miller IDLE 4
 8:51:34	Cell to Host	Miller BUSY 1
 8:51:34	Cell to Host	Miller IDLE 1
 8:51:35	Cell to Host	Robot2 BUSY 2
 8:51:48	Mtest	IDLE
 8:51:48	Cell to Host	Robot2 IDLE 2
 8:51:49	Cell to Host	IDLE Mtest.SEQ
 9:22:35	DoCommand Mtest.SEQ
 9:22:35	Mtest	Ready
 9:22:35	Mtest	BUSY
 9:22:36	Cell to Host	Ready Mtest.SEQ
 9:22:37	Cell to Host	BUSY Mtest.SEQ
 9:22:37	Cell to Host	Miller BUSY 1
 9:22:37	Cell to Host	Miller IDLE 1
 9:22:38	Cell to Host	Robot2 BUSY 1
 9:22:51	Cell to Host	Robot2 IDLE 1
 9:22:52	Cell to Host	Miller BUSY 2
 9:22:53	Cell to Host	Miller IDLE 2
 9:22:53	Cell to Host	Miller BUSY 5 Mtest.tap
 9:22:53	Cell to Host	Miller IDLE 5 Mtest.tap
 9:22:54	Cell to Host	Miller BUSY 3
 9:23:07	Cell to Host	Miller IDLE 3
 9:23:08	Cell to Host	Miller BUSY 4
 9:23:08	Cell to Host	Miller IDLE 4
 9:23:08	Cell to Host	Miller BUSY 1
 9:23:09	Cell to Host	Miller IDLE 1
 9:23:10	Cell to Host	Robot2 BUSY 2
 9:23:23	Mtest	IDLE
 9:23:23	Cell to Host	Robot2 IDLE 2
 9:23:24	Cell to Host	IDLE Mtest.SEQ
 9:32:17	DoCommand Mtest.SEQ
 9:32:17	Mtest	Ready
 9:32:18	Mtest	BUSY
 9:32:18	Cell to Host	Ready Mtest.SEQ
 9:32:19	Cell to Host	BUSY Mtest.SEQ
 9:32:19	Cell to Host	Miller BUSY 1
 9:32:19	Cell to Host	Miller IDLE 1
 9:32:20	Cell to Host	Robot2 BUSY 1
 9:32:33	Cell to Host	Robot2 IDLE 1
 9:32:34	Cell to Host	Miller BUSY 2
 9:32:34	Cell to Host	Miller IDLE 2
 9:32:35	Cell to Host	Miller BUSY 5 Mtest.tap
 9:32:35	Cell to Host	Miller IDLE 5 Mtest.tap
 9:32:35	Cell to Host	Miller BUSY 3
 9:32:49	Cell to Host	Miller IDLE 3
 9:32:49	Cell to Host	Miller BUSY 4
 9:32:49	Cell to Host	Miller IDLE 4
 9:32:50	Cell to Host	Miller BUSY 1
 9:32:50	Cell to Host	Miller IDLE 1
 9:32:51	Cell to Host	Robot2 BUSY 2
 9:33:05	Mtest	IDLE
 9:33:06	Cell to Host	Robot2 IDLE 2
 9:33:06	Cell to Host	IDLE Mtest.SEQ
10:18:28	DoCommand Mtest.SEQ
10:18:28	Mtest	Ready
10:18:29	Mtest	BUSY
10:18:29	Cell to Host	Ready Mtest.SEQ
10:18:30	Cell to Host	BUSY Mtest.SEQ
10:18:30	Cell to Host	Miller BUSY 1
10:18:31	Cell to Host	Miller IDLE 1
10:18:32	Cell to Host	Robot2 BUSY 1
10:18:44	Cell to Host	Robot2 IDLE 1
10:18:46	Cell to Host	Miller BUSY 2
10:18:46	Cell to Host	Miller IDLE 2
10:18:46	Cell to Host	Miller BUSY 5 Mtest.tap
10:18:47	Cell to Host	Miller IDLE 5 Mtest.tap
10:18:48	Cell to Host	Miller BUSY 3
10:19:00	Cell to Host	Miller IDLE 3
10:19:00	Cell to Host	Miller BUSY 4
10:19:01	Cell to Host	Miller IDLE 4
10:19:01	Cell to Host	Miller BUSY 1
10:19:02	Cell to Host	Miller IDLE 1
10:19:02	Cell to Host	Robot2 BUSY 2
10:19:16	Mtest	IDLE
10:19:16	Cell to Host	Robot2 IDLE 2
10:19:17	Cell to Host	IDLE Mtest.SEQ
10:29:24	DoCommand Mtest.SEQ
10:29:24	Mtest	Ready
10:29:25	Mtest	BUSY
10:29:25	Cell to Host	Ready Mtest.SEQ
10:29:26	Cell to Host	BUSY Mtest.SEQ
10:29:26	Cell to Host	Miller BUSY 1
10:29:26	Cell to Host	Miller IDLE 1
10:29:27	Cell to Host	Robot2 BUSY 1
10:29:40	Cell to Host	Robot2 IDLE 1
10:29:41	Cell to Host	Miller BUSY 2
10:29:42	Cell to Host	Miller IDLE 2
10:29:42	Cell to Host	Miller BUSY 5 Mtest.tap
10:29:43	Cell to Host	Miller IDLE 5 Mtest.tap
10:29:43	Cell to Host	Miller BUSY 3
10:29:56	Cell to Host	Miller IDLE 3
10:29:56	Cell to Host	Miller BUSY 4
10:29:57	Cell to Host	Miller IDLE 4
10:29:57	Cell to Host	Miller BUSY 1
10:29:58	Cell to Host	Miller IDLE 1
10:29:59	Cell to Host	Robot2 BUSY 2
10:30:12	Mtest	IDLE
10:30:13	Cell to Host	Robot2 IDLE 2
10:30:14	Cell to Host	IDLE Mtest.SEQ
10:31:17	DoCommand Mtest.SEQ
10:31:17	Mtest	Ready
10:31:17	Mtest	BUSY
10:31:18	Cell to Host	Ready Mtest.SEQ
10:31:18	Cell to Host	BUSY Mtest.SEQ
10:31:19	Cell to Host	Miller BUSY 1
10:31:19	Cell to Host	Miller IDLE 1
10:31:20	Cell to Host	Robot2 BUSY 1
10:31:34	Cell to Host	Robot2 IDLE 1
10:31:34	Cell to Host	Miller BUSY 2
10:31:35	Cell to Host	Miller IDLE 2
10:31:35	Cell to Host	Miller BUSY 5 Mtest.tap
10:31:36	Cell to Host	Miller IDLE 5 Mtest.tap
10:31:36	Cell to Host	Miller BUSY 3
10:31:49	Cell to Host	Miller IDLE 3
10:31:50	Cell to Host	Miller BUSY 4
10:31:50	Cell to Host	Miller IDLE 4
10:31:50	Cell to Host	Miller BUSY 1
10:31:51	Cell to Host	Miller IDLE 1
10:31:52	Cell to Host	Robot2 BUSY 2
10:32:04	Mtest	IDLE
10:32:04	Cell to Host	Robot2 IDLE 2
10:32:05	Cell to Host	IDLE Mtest.SEQ
10:45:45	DoCommand Mtest.SEQ
10:45:45	Mtest	Ready
10:45:46	Mtest	BUSY
10:45:46	Cell to Host	Ready Mtest.SEQ
10:45:47	Cell to Host	BUSY Mtest.SEQ
10:45:47	Cell to Host	Miller BUSY 1
10:45:47	Cell to Host	Miller IDLE 1
10:45:48	Cell to Host	Robot2 BUSY 1
10:46:02	Cell to Host	Robot2 IDLE 1
10:46:02	Cell to Host	Miller BUSY 2
10:46:03	Cell to Host	Miller IDLE 2
10:46:03	Cell to Host	Miller BUSY 5 Mtest.tap
10:46:03	Cell to Host	Miller IDLE 5 Mtest.tap
10:46:04	Cell to Host	Miller BUSY 3
10:46:17	Cell to Host	Miller IDLE 3
10:46:17	Cell to Host	Miller BUSY 4
10:46:18	Cell to Host	Miller IDLE 4
10:46:18	Cell to Host	Miller BUSY 1
10:46:19	Cell to Host	Miller IDLE 1
10:46:20	Cell to Host	Robot2 BUSY 2
10:46:33	Mtest	IDLE
10:46:33	Cell to Host	Robot2 IDLE 2
10:46:34	Cell to Host	IDLE Mtest.SEQ
10:47:40	DoCommand Mtest.SEQ
10:47:40	Mtest	Ready
10:47:41	Mtest	BUSY
10:47:41	Cell to Host	Ready Mtest.SEQ
10:47:42	Cell to Host	BUSY Mtest.SEQ
10:47:42	Cell to Host	Miller BUSY 1
10:47:42	Cell to Host	Miller IDLE 1
10:47:43	Cell to Host	Robot2 BUSY 1
10:47:56	Cell to Host	Robot2 IDLE 1
10:47:57	Cell to Host	Miller BUSY 2
10:47:57	Cell to Host	Miller IDLE 2
10:47:58	Cell to Host	Miller BUSY 5 Mtest.tap
10:47:58	Cell to Host	Miller IDLE 5 Mtest.tap
10:47:59	Cell to Host	Miller BUSY 3
10:48:12	Cell to Host	Miller IDLE 3
10:48:13	Cell to Host	Miller BUSY 4
10:48:13	Cell to Host	Miller IDLE 4
10:48:13	Cell to Host	Miller BUSY 1
10:48:14	Cell to Host	Miller IDLE 1
10:48:15	Cell to Host	Robot2 BUSY 2
10:48:28	Mtest	IDLE
10:48:29	Cell to Host	Robot2 IDLE 2
10:48:30	Cell to Host	IDLE Mtest.SEQ
11:04:23	DoCommand Mtest.SEQ
11:04:23	Mtest	Ready
11:04:24	Mtest	BUSY
11:04:24	Cell to Host	Ready Mtest.SEQ
11:04:25	Cell to Host	BUSY Mtest.SEQ
11:04:25	Cell to Host	Miller BUSY 1
11:04:25	Cell to Host	Miller IDLE 1
11:04:26	Cell to Host	Robot2 BUSY 1
11:04:40	Cell to Host	Robot2 IDLE 1
11:04:41	Cell to Host	Miller BUSY 2
11:04:41	Cell to Host	Miller IDLE 2
11:04:41	Cell to Host	Miller BUSY 5 Mtest.tap
11:04:41	Cell to Host	Miller IDLE 5 Mtest.tap
11:04:42	Cell to Host	Miller BUSY 3
11:04:56	Cell to Host	Miller IDLE 3
11:04:56	Cell to Host	Miller BUSY 4
11:04:56	Cell to Host	Miller IDLE 4
11:04:57	Cell to Host	Miller BUSY 1
11:04:57	Cell to Host	Miller IDLE 1
11:04:58	Cell to Host	Robot2 BUSY 2
11:05:11	Mtest	IDLE
11:05:11	Cell to Host	Robot2 IDLE 2
11:05:13	Cell to Host	IDLE Mtest.SEQ
11:06:17	DoCommand Mtest.SEQ
11:06:17	Mtest	Ready
11:06:18	Mtest	BUSY
11:06:18	Cell to Host	Ready Mtest.SEQ
11:06:19	Cell to Host	BUSY Mtest.SEQ
11:06:19	Cell to Host	Miller BUSY 1
11:06:20	Cell to Host	Miller IDLE 1
11:06:21	Cell to Host	Robot2 BUSY 1
11:06:34	Cell to Host	Robot2 IDLE 1
11:06:34	Cell to Host	Miller BUSY 2
11:06:35	Cell to Host	Miller IDLE 2
11:06:35	Cell to Host	Miller BUSY 5 Mtest.tap
11:06:35	Cell to Host	Miller IDLE 5 Mtest.tap
11:06:36	Cell to Host	Miller BUSY 3
11:06:49	Cell to Host	Miller IDLE 3
11:06:50	Cell to Host	Miller BUSY 4
11:06:50	Cell to Host	Miller IDLE 4
11:06:51	Cell to Host	Miller BUSY 1
11:06:51	Cell to Host	Miller IDLE 1
11:06:51	Cell to Host	Robot2 BUSY 2
11:07:04	Mtest	IDLE
11:07:04	Cell to Host	Robot2 IDLE 2
11:07:05	Cell to Host	IDLE Mtest.SEQ
14:57:28	DoCommand Mtest.SEQ
14:57:28	Mtest	Ready
14:57:29	Mtest	BUSY
14:57:29	Cell to Host	Ready Mtest.SEQ
14:57:30	Cell to Host	BUSY Mtest.SEQ
14:57:30	Cell to Host	Miller BUSY 1
14:57:30	Cell to Host	Miller IDLE 1
14:57:31	Cell to Host	Robot2 BUSY 1
14:57:45	Cell to Host	Robot2 IDLE 1
14:57:46	Cell to Host	Miller BUSY 2
14:57:46	Cell to Host	Miller IDLE 2
14:57:47	Cell to Host	Miller BUSY 5 Mtest.tap
14:57:47	Cell to Host	Miller IDLE 5 Mtest.tap
14:57:48	Cell to Host	Miller BUSY 3
14:58:01	Cell to Host	Miller IDLE 3
14:58:01	Cell to Host	Miller BUSY 4
14:58:01	Cell to Host	Miller IDLE 4
14:58:02	Cell to Host	Miller BUSY 1
14:58:02	Cell to Host	Miller IDLE 1
14:58:03	Cell to Host	Robot2 BUSY 2
14:58:17	Mtest	IDLE
14:58:17	Cell to Host	Robot2 IDLE 2
14:58:18	Cell to Host	IDLE Mtest.SEQ
14:59:23	DoCommand Mtest.SEQ
14:59:23	Mtest	Ready
14:59:24	Mtest	BUSY
14:59:24	Cell to Host	Ready Mtest.SEQ
14:59:25	Cell to Host	BUSY Mtest.SEQ
14:59:25	Cell to Host	Miller BUSY 1
14:59:26	Cell to Host	Miller IDLE 1
14:59:26	Cell to Host	Robot2 BUSY 1
14:59:40	Cell to Host	Robot2 IDLE 1
14:59:41	Cell to Host	Miller BUSY 2
14:59:41	Cell to Host	Miller IDLE 2
14:59:42	Cell to Host	Miller BUSY 5 Mtest.tap
14:59:42	Cell to Host	Miller IDLE 5 Mtest.tap
14:59:43	Cell to Host	Miller BUSY 3
14:59:55	Cell to Host	Miller IDLE 3
14:59:56	Cell to Host	Miller BUSY 4
14:59:56	Cell to Host	Miller IDLE 4
14:59:56	Cell to Host	04:05:2006
12:08:28	Mtest	Ready
12:08:31	Mtest	BUSY
12:11:24	Cell to Host	Miller ERROR File not found 'Mtest.tap'
12:12:06	Cell to Host	Miller IDLE
12:12:06	Cell to Host	Miller BUSY 5 Mtest.tap
12:12:07	Cell to Host	Miller ERROR File not found 'Mtest.tap'
12:12:14	Cell to Host	Miller IDLE
12:12:20	Cell to Host	Miller BUSY 1
12:12:21	Cell to Host	Miller IDLE 1
12:12:24	Cell to Host	Miller BUSY 2
12:12:25	Cell to Host	Miller IDLE 2
12:12:34	Cell to Host	Miller BUSY 5 C:\CIM\CELL2\MTEST.TAP
12:12:35	Cell to Host	Miller IDLE 5 C:\CIM\CELL2\MTEST.TAP
12:12:37	Cell to Host	Miller BUSY 3
12:12:51	Cell to Host	Miller IDLE 3
14:22:03	DoCommand Mtest.SEQ
14:22:03	Mtest	Ready
14:22:04	Mtest	BUSY
14:22:04	Cell to Host	Ready Mtest.SEQ
14:22:05	Cell to Host	BUSY Mtest.SEQ
14:22:05	Cell to Host	Miller BUSY 1
14:22:05	Cell to Host	Miller IDLE 1
14:22:06	Cell to Host	Robot2 BUSY 1
14:22:20	Cell to Host	Robot2 IDLE 1
14:22:21	Cell to Host	Miller BUSY 2
14:22:22	Cell to Host	Miller IDLE 2
14:22:22	Cell to Host	Miller BUSY 5 Mtest.tap
14:22:23	Cell to Host	Miller IDLE 5 Mtest.tap
14:22:23	Cell to Host	Miller BUSY 3
14:22:36	Cell to Host	Miller IDLE 3
14:22:36	Cell to Host	Miller BUSY 4
14:22:37	Cell to Host	Miller IDLE 4
14:22:37	Cell to Host	Miller BUSY 1
14:22:37	Cell to Host	Miller IDLE 1
14:22:38	Cell to Host	Robot2 BUSY 2
14:22:52	Mtest	IDLE
14:22:53	Cell to Host	Robot2 IDLE 2
14:22:53	Cell to Host	IDLE Mtest.SEQ
14:41:24	DoCommand Mtest.SEQ
14:41:24	Mtest	Ready
14:41:25	Mtest	BUSY
14:41:25	Cell to Host	Ready Mtest.SEQ
14:41:26	Cell to Host	BUSY Mtest.SEQ
14:41:26	Cell to Host	Miller BUSY 1
14:41:27	Cell to Host	Miller IDLE 1
14:41:27	Cell to Host	Robot2 BUSY 1
14:41:41	Cell to Host	Robot2 IDLE 1
14:41:42	Cell to Host	Miller BUSY 2
14:41:42	Cell to Host	Miller IDLE 2
14:41:43	Cell to Host	Miller BUSY 5 Mtest.tap
14:41:43	Cell to Host	Miller IDLE 5 Mtest.tap
14:41:44	Cell to Host	Miller BUSY 3
14:41:57	Cell to Host	Miller IDLE 3
14:41:58	Cell to Host	Miller BUSY 4
14:41:58	Cell to Host	Miller IDLE 4
14:41:58	Cell to Host	Miller 04:05:2006
15:33:58	Cell to Host	Robot2 IDLE
15:38:16	Cell to Host	Miller IDLE
15:43:40	DoCommand Mtest.SEQ
15:43:40	Mtest	Ready
15:43:41	Mtest	BUSY
15:43:41	Cell to Host	Ready Mtest.SEQ
15:43:42	Cell to Host	BUSY Mtest.SEQ
15:43:42	Cell to Host	Miller BUSY 1
15:43:43	Cell to Host	Miller IDLE 1
15:43:44	Cell to Host	Robot2 BUSY 1
15:43:57	Cell to Host	Robot2 IDLE 1
15:43:58	Cell to Host	Miller BUSY 2
15:43:58	Cell to Host	Miller IDLE 2
15:43:58	Cell to Host	Miller BUSY 5 Mtest.tap
15:43:59	Cell to Host	Miller IDLE 5 Mtest.tap
15:43:59	Cell to Host	Miller BUSY 3
15:44:12	Cell to Host	Miller IDLE 3
15:44:13	Cell to Host	Miller BUSY 4
15:44:13	Cell to Host	Miller IDLE 4
15:44:14	Cell to Host	Miller BUSY 1
15:44:14	Cell to Host	Miller IDLE 1
15:44:15	Cell to Host	Robot2 BUSY 2
15:44:28	Mtest	IDLE
15:44:29	Cell to Host	Robot2 IDLE 2
15:44:29	Cell to Host	IDLE Mtest.SEQ
16:15:48	DoCommand Mtest.SEQ
16:15:48	Mtest	Ready
16:15:49	Mtest	BUSY
16:15:49	Cell to Host	Ready Mtest.SEQ
16:15:50	Cell to Host	BUSY Mtest.SEQ
16:15:50	Cell to Host	Miller BUSY 1
16:15:50	Cell to Host	Miller IDLE 1
16:15:51	Cell to Host	Robot2 BUSY 1
16:16:05	Cell to Host	Robot2 IDLE 1
16:16:06	Cell to Host	Miller BUSY 2
16:16:06	Cell to Host	Miller IDLE 2
16:16:07	Cell to Host	Miller BUSY 5 Mtest.tap
16:16:07	Cell to Host	Miller IDLE 5 Mtest.tap
16:16:08	Cell to Host	Miller BUSY 3
16:16:21	Cell to Host	Miller IDLE 3
16:16:21	Cell to Host	Miller BUSY 4
16:16:21	Cell to Host	Miller IDLE 4
16:16:21	Cell to Host	Miller BUSY 1
16:16:22	Cell to Host	Mill08:05:2006
 7:34:19	Mtest	Ready
 7:34:26	Mtest	BUSY
 7:35:13	Mtest	IDLE
 8:56:09	Cell to Host	IDLE C:\CIM\CELL2\MTEST.SEQ
 8:59:12	DoCommand Mtest.SEQ
 8:59:12	Mtest	Ready
 8:59:12	Mtest	BUSY
 8:59:13	Cell to Host	Ready Mtest.SEQ
 8:59:13	Cell to Host	BUSY Mtest.SEQ
 8:59:14	Cell to Host	Miller BUSY 1
 8:59:14	Cell to Host	Miller IDLE 1
 8:59:15	Cell to Host	Robot2 BUSY 1
 8:59:29	Cell to Host	Robot2 IDLE 1
 8:59:30	Cell to Host	Miller BUSY 2
 8:59:30	Cell to Host	Miller IDLE 2
 8:59:30	Cell to Host	Miller BUSY 5 Mtest.tap
 8:59:30	Cell to Host	Miller IDLE 5 Mtest.tap
 8:59:31	Cell to Host	Miller BUSY 3
 8:59:44	Cell to Host	Miller IDLE 3
 8:59:44	Cell to Host	Miller BUSY 4
 8:59:44	Cell to Host	Miller IDLE 4
 8:59:45	Cell to Host	Miller BUSY 1
 8:59:45	Cell to Host	Miller IDLE 1
 8:59:46	Cell to Host	Robot2 BUSY 2
 8:59:59	Mtest	IDLE
 8:59:59	Cell to Host	Robot2 IDLE 2
 9:00:00	Cell to Host	IDLE Mtest.SEQ
 9:01:09	DoCommand Mtest.SEQ
 9:01:09	Mtest	Ready
 9:01:09	Mtest	BUSY
 9:01:10	Cell to Host	Ready Mtest.SEQ
 9:01:10	Cell to Host	BUSY Mtest.SEQ
 9:01:11	Cell to Host	Miller BUSY 1
 9:01:11	Cell to Host	Miller IDLE 1
 9:01:12	Cell to Host	Robot2 BUSY 1
 9:01:26	Cell to Host	Robot2 IDLE 1
 9:01:27	Cell to Host	Miller BUSY 2
 9:01:27	Cell to Host	Miller IDLE 2
 9:01:27	Cell to Host	Miller BUSY 5 Mtest.tap
 9:01:28	Cell to Host	Miller IDLE 5 Mtest.tap
 9:01:29	Cell to Host	Miller BUSY 3
 9:01:41	Cell to Host	Miller IDLE 3
 9:01:41	Cell to Host	Miller BUSY 4
 9:01:42	Cell to Host	Miller IDLE 4
 9:01:42	Cell to Host	Miller BUSY 1
 9:01:43	Cell to Host	Miller IDLE 1
 9:01:44	Cell to Host	Robot2 BUSY 2
 9:01:56	Mtest	IDLE
 9:01:56	Cell to Host	Robot2 IDLE 2
 9:01:57	Cell to Host	IDLE Mtest.SEQ
 9:04:56	DoCommand Mtest.SEQ
 9:04:56	Mtest	Ready
 9:04:56	Mtest	BUSY
 9:04:57	Cell to Host	Ready Mtest.SEQ
 9:04:58	Cell to Host	BUSY Mtest.SEQ
 9:04:58	Cell to Host	Miller BUSY 1
 9:04:59	Cell to Host	Miller IDLE 1
 9:04:59	Cell to Host	Robot2 BUSY 1
 9:05:12	Cell to Host	Robot2 IDLE 1
 9:05:13	Cell to Host	Miller BUSY 2
 9:05:14	Cell to Host	Miller IDLE 2
 9:05:14	Cell to Host	Miller BUSY 5 Mtest.tap
 9:05:15	Cell to Host	Miller IDLE 5 Mtest.tap
 9:05:16	Cell to Host	Miller BUSY 3
 9:05:27	Cell to Host	Miller IDLE 3
 9:05:28	Cell to Host	Miller BUSY 4
 9:05:28	Cell to Host	Miller IDLE 4
 9:05:29	Cell to Host	Miller BUSY 1
 9:05:29	Cell to Host	Miller IDLE 1
 9:05:29	Cell to Host	Robot2 BUSY 2
 9:05:43	Mtest	IDLE
 9:05:43	Cell to Host	Robot2 IDLE 2
 9:05:44	Cell to Host	IDLE Mtest.SEQ
 9:06:51	DoCommand Mtest.SEQ
 9:06:51	Mtest	Ready
 9:06:51	Mtest	BUSY
 9:06:52	Cell to Host	Ready Mtest.SEQ
 9:06:52	Cell to Host	BUSY Mtest.SEQ
 9:06:53	Cell to Host	Miller BUSY 1
 9:06:53	Cell to Host	Miller IDLE 1
 9:06:54	Cell to Host	Robot2 BUSY 1
 9:07:08	Cell to Host	Robot2 IDLE 1
 9:07:09	Cell to Host	Miller BUSY 2
 9:07:09	Cell to Host	Miller IDLE 2
 9:07:09	Cell to Host	Miller BUSY 5 Mtest.tap
 9:07:10	Cell to Host	Miller IDLE 5 Mtest.tap
 9:07:10	Cell to Host	Miller BUSY 3
 9:07:23	Cell to Host	Miller IDLE 3
 9:07:23	Cell to Host	Miller BUSY 4
 9:07:23	Cell to Host	Miller IDLE 4
 9:07:24	Cell to Host	Miller BUSY 1
 9:07:24	Cell to Host	Miller IDLE 1
 9:07:25	Cell to Host	Robot2 BUSY 2
 9:07:38	Mtest	IDLE
 9:07:39	Cell to Host	Robot2 IDLE 2
 9:07:39	Cell to Host	IDLE Mtest.SEQ
10:19:09	DoCommand Mtest.SEQ
10:19:09	Mtest	Ready
10:19:10	Mtest	BUSY
10:19:10	Cell to Host	Ready Mtest.SEQ
10:19:11	Cell to Host	BUSY Mtest.SEQ
10:19:11	Cell to Host	Miller BUSY 1
10:19:11	Cell to Host	Miller IDLE 1
10:19:12	Cell to Host	Robot2 BUSY 1
10:19:26	Cell to Host	Robot2 IDLE 1
10:19:27	Cell to Host	Miller BUSY 2
10:19:27	Cell to Host	Miller IDLE 2
10:19:28	Cell to Host	Miller BUSY 5 Mtest.tap
10:19:28	Cell to Host	Miller IDLE 5 Mtest.tap
10:19:29	Cell to Host	Miller BUSY 3
10:19:40	Cell to Host	Miller IDLE 3
10:19:42	Cell to Host	Miller BUSY 4
10:19:42	Cell to Host	Miller IDLE 4
10:19:42	Cell to Host	Miller BUSY 1
10:19:42	Cell to Host	Miller IDLE 1
10:19:43	Cell to Host	Robot2 BUSY 2
10:19:56	Mtest	IDLE
10:19:57	Cell to Host	Robot2 IDLE 2
10:19:57	Cell to Host	IDLE Mtest.SEQ
10:21:03	DoCommand Mtest.SEQ
10:21:03	Mtest	Ready
10:21:04	Mtest	BUSY
10:21:04	Cell to Host	Ready Mtest.SEQ
10:21:05	Cell to Host	BUSY Mtest.SEQ
10:21:05	Cell to Host	Miller BUSY 1
10:21:06	Cell to Host	Miller IDLE 1
10:21:07	Cell to Host	Robot2 BUSY 1
10:21:20	Cell to Host	Robot2 IDLE 1
10:21:20	Cell to Host	Miller BUSY 2
10:21:21	Cell to Host	Miller IDLE 2
10:21:21	Cell to Host	Miller BUSY 5 Mtest.tap
10:21:21	Cell to Host	Miller IDLE 5 Mtest.tap
10:21:22	Cell to Host	Miller BUSY 3
10:21:34	Cell to Host	Miller IDLE 3
10:21:35	Cell to Host	Miller BUSY 4
10:21:36	Cell to Host	Miller IDLE 4
10:21:36	Cell to Host	Miller BUSY 1
10:21:36	Cell to Host	Miller IDLE 1
10:21:37	Cell to Host	Robot2 BUSY 2
10:21:50	Mtest	IDLE
10:21:50	Cell to Host	Robot2 IDLE 2
10:21:51	Cell to Host	IDLE Mtest.SEQ
10:24:51	DoCommand Mtest.SEQ
10:24:51	Mtest	Ready
10:24:52	Mtest	BUSY
10:24:52	Cell to Host	Ready Mtest.SEQ
10:24:53	Cell to Host	BUSY Mtest.SEQ
10:24:53	Cell to Host	Miller BUSY 1
10:24:53	Cell to Host	Miller IDLE 1
10:24:54	Cell to Host	Robot2 BUSY 1
10:25:08	Cell to Host	Robot2 IDLE 1
10:25:09	Cell to Host	Miller BUSY 2
10:25:09	Cell to Host	Miller IDLE 2
10:25:09	Cell to Host	Miller BUSY 5 Mtest.tap
10:25:10	Cell to Host	Miller IDLE 5 Mtest.tap
10:25:11	Cell to Host	Miller BUSY 3
10:25:23	Cell to Host	Miller IDLE 3
10:25:23	Cell to Host	Miller BUSY 4
10:25:24	Cell to Host	Miller IDLE 4
10:25:24	Cell to Host	Miller BUSY 1
10:25:24	Cell to Host	Miller IDLE 1
10:25:25	Cell to Host	Robot2 BUSY 2
10:25:38	Mtest	IDLE
10:25:39	Cell to Host	Robot2 IDLE 2
10:25:40	Cell to Host	IDLE Mtest.SEQ
10:26:45	DoCommand Mtest.SEQ
10:26:45	Mtest	Ready
10:26:46	Mtest	BUSY
10:26:46	Cell to Host	Ready Mtest.SEQ
10:26:47	Cell to Host	BUSY Mtest.SEQ
10:26:47	Cell to Host	Miller BUSY 1
10:26:47	Cell to Host	Miller IDLE 1
10:26:48	Cell to Host	Robot2 BUSY 1
10:27:02	Cell to Host	Robot2 IDLE 1
10:27:02	Cell to Host	Miller BUSY 2
10:27:03	Cell to Host	Miller IDLE 2
10:27:03	Cell to Host	Miller BUSY 5 Mtest.tap
10:27:03	Cell to Host	Miller IDLE 5 Mtest.tap
10:27:04	Cell to Host	Miller BUSY 3
10:27:16	Cell to Host	Miller IDLE 3
10:27:17	Cell to Host	Miller BUSY 4
10:27:18	Cell to Host	Miller IDLE 4
10:27:18	Cell to Host	Miller BUSY 1
10:27:18	Cell to Host	Miller IDLE 1
10:27:19	Cell to Host	Robot2 BUSY 2
10:27:32	Mtest	IDLE
10:27:32	Cell to Host	Robot2 IDLE 2
10:27:33	Cell to Host	IDLE Mtest.SEQ
09:05:2006
 8:40:02	Mtest	Ready
 8:40:05	Mtest	BUSY
 8:40:26	Mtest	Ready
 8:40:29	Mtest	BUSY
 8:43:19	Mtest	Ready
 8:43:22	Mtest	BUSY
 8:46:07	Mtest	Ready
 8:46:10	Mtest	BUSY
 8:46:57	Mtest	IDLE
 8:48:50	Cell to Host	IDLE C:\CIM\CELL2\MTEST.SEQ
 8:51:39	DoCommand Mtest.SEQ
 8:51:39	Mtest	Ready
 8:51:40	Mtest	BUSY
 8:51:40	Cell to Host	Ready Mtest.SEQ
 8:51:41	Cell to Host	BUSY Mtest.SEQ
 8:51:41	Cell to Host	Miller BUSY 1
 8:51:42	Cell to Host	Miller IDLE 1
 8:51:43	Cell to Host	Robot2 BUSY 1
 8:51:57	Cell to Host	Robot2 IDLE 1
 8:51:57	Cell to Host	Miller BUSY 2
 8:51:57	Cell to Host	Miller IDLE 2
 8:51:58	Cell to Host	Miller BUSY 5 Mtest.tap
 8:51:58	Cell to Host	Miller IDLE 5 Mtest.tap
 8:51:59	Cell to Host	Miller BUSY 3
 8:52:12	Cell to Host	Miller IDLE 3
 8:52:12	Cell to Host	Miller BUSY 4
 8:52:13	Cell to Host	Miller IDLE 4
 8:52:13	Cell to Host	Miller BUSY 1
 8:52:14	Cell to Host	Miller IDLE 1
 8:52:14	Cell to Host	Robot2 BUSY 2
 8:52:28	Mtest	IDLE
 8:52:28	Cell to Host	Robot2 IDLE 2
 8:52:29	Cell to Host	IDLE Mtest.SEQ
 8:53:34	DoCommand Mtest.SEQ
 8:53:34	Mtest	Ready
 8:53:35	Mtest	BUSY
 8:53:35	Cell to Host	Ready Mtest.SEQ
 8:53:36	Cell to Host	BUSY Mtest.SEQ
 8:53:36	Cell to Host	Miller BUSY 1
 8:53:36	Cell to Host	Miller IDLE 1
 8:53:37	Cell to Host	Robot2 BUSY 1
 8:53:51	Cell to Host	Robot2 IDLE 1
 8:53:52	Cell to Host	Miller BUSY 2
 8:53:52	Cell to Host	Miller IDLE 2
 8:53:53	Cell to Host	Miller BUSY 5 Mtest.tap
 8:53:53	Cell to Host	Miller IDLE 5 Mtest.tap
 8:53:53	Cell to Host	Miller BUSY 3
 8:54:07	Cell to Host	Miller IDLE 3
 8:54:08	Cell to Host	Miller BUSY 4
 8:54:08	Cell to Host	Miller IDLE 4
 8:54:08	Cell to Host	Miller BUSY 1
 8:54:09	Cell to Host	Miller IDLE 1
 8:54:10	Cell to Host	Robot2 BUSY 2
 8:54:23	Mtest	IDLE
 8:54:23	Cell to Host	Robot2 IDLE 2
 8:54:24	Cell to Host	IDLE Mtest.SEQ
 8:57:21	DoCommand Mtest.SEQ
 8:57:21	Mtest	Ready
 8:57:22	Mtest	BUSY
 8:57:22	Cell to Host	Ready Mtest.SEQ
 8:57:23	Cell to Host	BUSY Mtest.SEQ
 8:57:23	Cell to Host	Miller BUSY 1
 8:57:24	Cell to Host	Miller IDLE 1
 8:57:25	Cell to Host	Robot2 BUSY 1
 8:57:38	Cell to Host	Robot2 IDLE 1
 8:57:39	Cell to Host	Miller BUSY 2
 8:57:39	Cell to Host	Miller IDLE 2
 8:57:39	Cell to Host	Miller BUSY 5 Mtest.tap
 8:57:40	Cell to Host	Miller IDLE 5 Mtest.tap
 8:57:41	Cell to Host	Miller BUSY 3
 8:57:54	Cell to Host	Miller IDLE 3
 8:57:54	Cell to Host	Miller BUSY 4
 8:57:55	Cell to Host	Miller IDLE 4
 8:57:55	Cell to Host	Miller BUSY 1
 8:57:56	Cell to Host	Miller IDLE 1
 8:57:56	Cell to Host	Robot2 BUSY 2
 8:58:10	Mtest	IDLE
 8:58:10	Cell to Host	Robot2 IDLE 2
 8:58:11	Cell to Host	IDLE Mtest.SEQ
 8:59:15	DoCommand Mtest.SEQ
 8:59:15	Mtest	Ready
 8:59:16	Mtest	BUSY
 8:59:16	Cell to Host	Ready Mtest.SEQ
 8:59:17	Cell to Host	BUSY Mtest.SEQ
 8:59:17	Cell to Host	Miller BUSY 1
 8:59:18	Cell to Host	Miller IDLE 1
 8:59:18	Cell to Host	Robot2 BUSY 1
 8:59:33	Cell to Host	Robot2 IDLE 1
 8:59:33	Cell to Host	Miller BUSY 2
 8:59:33	Cell to Host	Miller IDLE 2
 8:59:34	Cell to Host	Miller BUSY 5 Mtest.tap
 8:59:34	Cell to Host	Miller IDLE 5 Mtest.tap
 8:59:35	Cell to Host	Miller BUSY 3
 8:59:48	Cell to Host	Miller IDLE 3
 8:59:48	Cell to Host	Miller BUSY 4
 8:59:49	Cell to Host	Miller IDLE 4
 8:59:49	Cell to Host	Miller BUSY 1
 8:59:49	Cell to Host	Miller IDLE 1
 8:59:50	Cell to Host	Robot2 BUSY 2
 9:00:04	Mtest	IDLE
 9:00:04	Cell to Host	Robot2 IDLE 2
 9:00:05	Cell to Host	IDLE Mtest.SEQ
13:35:27	DoCommand Mtest.SEQ
13:35:27	Mtest	Ready
13:35:28	Mtest	BUSY
13:35:28	Cell to Host	Ready Mtest.SEQ
13:35:29	Cell to Host	BUSY Mtest.SEQ
13:35:29	Cell to Host	Miller BUSY 1
13:35:29	Cell to Host	Miller IDLE 1
13:35:30	Cell to Host	Robot2 BUSY 1
13:35:44	Cell to Host	Robot2 IDLE 1
13:35:45	Cell to Host	Miller BUSY 2
13:35:45	Cell to Host	Miller IDLE 2
13:35:45	Cell to Host	Miller BUSY 5 Mtest.tap
13:35:46	Cell to Host	Miller IDLE 5 Mtest.tap
13:35:47	Cell to Host	Miller BUSY 3
13:35:59	Cell to Host	Miller IDLE 3
13:36:00	Cell to Host	Miller BUSY 4
13:36:01	Cell to Host	Miller IDLE 4
13:36:01	Cell to Host	Miller BUSY 1
13:36:01	Cell to Host	Miller IDLE 1
13:36:02	Cell to Host	Robot2 BUSY 2
13:36:15	Mtest	IDLE
13:36:15	Cell to Host	Robot2 IDLE 2
13:36:16	Cell to Host	IDLE Mtest.SEQ
13:37:22	DoCommand Mtest.SEQ
13:37:22	Mtest	Ready
13:37:23	Mtest	BUSY
13:37:23	Cell to Host	Ready Mtest.SEQ
13:37:24	Cell to Host	BUSY Mtest.SEQ
13:37:24	Cell to Host	Miller BUSY 1
13:37:24	Cell to Host	Miller IDLE 1
13:37:25	Cell to Host	Robot2 BUSY 1
13:37:39	Cell to Host	Robot2 IDLE 1
13:37:39	Cell to Host	Miller BUSY 2
13:37:40	Cell to Host	Miller IDLE 2
13:37:40	Cell to Host	Miller BUSY 5 Mtest.tap
13:37:41	Cell to Host	Miller IDLE 5 Mtest.tap
13:37:41	Cell to Host	Miller BUSY 3
13:37:55	Cell to Host	Miller IDLE 3
13:37:55	Cell to Host	Miller BUSY 4
13:37:56	Cell to Host	Miller IDLE 4
13:37:56	Cell to Host	Miller BUSY 1
13:37:56	Cell to Host	Miller IDLE 1
13:37:57	Cell to Host	Robot2 BUSY 2
13:38:10	Mtest	IDLE
13:38:11	Cell to Host	Robot2 IDLE 2
13:38:12	Cell to Host	IDLE Mtest.SEQ
13:41:09	DoCommand Mtest.SEQ
13:41:09	Mtest	Ready
13:41:10	Mtest	BUSY
13:41:10	Cell to Host	Ready Mtest.SEQ
13:41:11	Cell to Host	BUSY Mtest.SEQ
13:41:11	Cell to Host	Miller BUSY 1
13:41:11	Cell to Host	Miller IDLE 1
13:41:12	Cell to Host	Robot2 BUSY 1
13:41:26	Cell to Host	Robot2 IDLE 1
13:41:27	Cell to Host	Miller BUSY 2
13:41:27	Cell to Host	Miller IDLE 2
13:41:27	Cell to Host	Miller BUSY 5 Mtest.tap
13:41:28	Cell to Host	Miller IDLE 5 Mtest.tap
13:41:29	Cell to Host	Miller BUSY 3
13:41:42	Cell to Host	Miller IDLE 3
13:41:42	Cell to Host	Miller BUSY 4
13:41:42	Cell to Host	Miller IDLE 4
13:41:42	Cell to Host	Miller BUSY 1
13:41:43	Cell to Host	Miller IDLE 1
13:41:44	Cell to Host	Robot2 BUSY 2
13:41:57	Mtest	IDLE
13:41:57	Cell to Host	Robot2 IDLE 2
13:41:59	Cell to Host	IDLE Mtest.SEQ
13:43:03	DoCommand Mtest.SEQ
13:43:03	Mtest	Ready
13:43:04	Mtest	BUSY
13:43:04	Cell to Host	Ready Mtest.SEQ
13:43:05	Cell to Host	BUSY Mtest.SEQ
13:43:05	Cell to Host	Miller BUSY 1
13:43:06	Cell to Host	Miller IDLE 1
13:43:06	Cell to Host	Robot2 BUSY 1
13:43:20	Cell to Host	Robot2 IDLE 1
13:43:20	Cell to Host	Mi10:05:2006
 8:13:43	Cell to Host	Robot2 IDLE
11:11:57	DoCommand Mtest.SEQ
11:11:57	Mtest	Ready
11:11:57	Mtest	BUSY
11:11:58	Cell to Host	Ready Mtest.SEQ
11:11:58	Cell to Host	BUSY Mtest.SEQ
11:11:58	Cell to Host	Miller BUSY 1
11:11:59	Cell to Host	Miller IDLE 1
11:12:00	Cell to Host	Robot2 BUSY 1
11:12:14	Cell to Host	Robot2 IDLE 1
11:12:15	Cell to Host	Miller BUSY 2
11:12:15	Cell to Host	Miller IDLE 2
11:12:15	Cell to Host	Miller BUSY 5 Mtest.tap
11:12:16	Cell to Host	Miller IDLE 5 Mtest.tap
11:12:16	Cell to Host	Miller BUSY 3
11:12:30	Cell to Host	Miller IDLE 3
11:12:30	Cell to Host	Miller BUSY 4
11:12:30	Cell to Host	Miller IDLE 4
11:12:31	Cell to Host	Miller BUSY 1
11:12:32	Cell to Host	Miller IDLE 1
11:12:32	Cell to Host	Robot2 BUSY 2
11:12:45	Mtest	IDLE
11:12:45	Cell to Host	Robot2 IDLE 2
11:12:46	Cell to Host	IDLE Mtest.SEQ
11:13:53	DoCommand Mtest.SEQ
11:13:53	Mtest	Ready
11:13:53	Mtest	BUSY
11:13:54	Cell to Host	Ready Mtest.SEQ
11:13:54	Cell to Host	BUSY Mtest.SEQ
11:13:55	Cell to Host	Miller BUSY 1
11:13:55	Cell to Host	Miller IDLE 1
11:13:56	Cell to Host	Robot2 BUSY 1
11:14:09	Cell to Host	Robot2 IDLE 1
11:14:10	Cell to Host	Miller BUSY 2
11:14:10	Cell to Host	Miller IDLE 2
11:14:11	Cell to Host	Miller BUSY 5 Mtest.tap
11:14:11	Cell to Host	Miller IDLE 5 Mtest.tap
11:14:12	Cell to Host	Miller BUSY 3
11:14:25	Cell to Host	Miller IDLE 3
11:14:25	Cell to Host	Miller BUSY 4
11:14:26	Cell to Host	Miller IDLE 4
11:14:26	Cell to Host	Miller BUSY 1
11:14:26	Cell to Host	Miller IDLE 1
11:14:27	Cell to Host	Robot2 BUSY 2
11:14:40	Mtest	IDLE
11:14:41	Cell to Host	Robot2 IDLE 2
11:14:42	Cell to Host	IDLE Mtest.SEQ
11:17:40	DoCommand Mtest.SEQ
11:17:40	Mtest	Ready
11:17:40	Mtest	BUSY
11:17:41	Cell to Host	Ready Mtest.SEQ
11:17:41	Cell to Host	BUSY Mtest.SEQ
11:17:42	Cell to Host	Miller BUSY 1
11:17:42	Cell to Host	Miller IDLE 1
11:17:43	Cell to Host	Robot2 BUSY 1
11:17:56	Cell to Host	Robot2 IDLE 1
11:17:57	Cell to Host	Miller BUSY 2
11:17:57	Cell to Host	Miller IDLE 2
11:17:58	Cell to Host	Miller BUSY 5 Mtest.tap
11:17:58	Cell to Host	Miller IDLE 5 Mtest.tap
11:17:58	Cell to Host	Miller BUSY 3
11:18:12	Cell to Host	Miller IDLE 3
11:18:13	Cell to Host	Miller BUSY 4
11:18:13	Cell to Host	Miller IDLE 4
11:18:14	Cell to Host	Miller BUSY 1
11:18:14	Cell to Host	Miller IDLE 1
11:18:14	Cell to Host	Robot2 BUSY 2
11:18:27	Mtest	IDLE
11:18:27	Cell to Host	Robot2 IDLE 2
11:18:28	Cell to Host	IDLE Mtest.SEQ
11:19:35	DoCommand Mtest.SEQ
11:19:35	Mtest	Ready
11:19:35	Mtest	BUSY
11:19:36	Cell to Host	Ready Mtest.SEQ
11:19:36	Cell to Host	BUSY Mtest.SEQ
11:19:36	Cell to Host	Miller BUSY 1
11:19:37	Cell to Host	Miller IDLE 1
11:19:37	Cell to Host	Robot2 BUSY 1
11:19:52	Cell to Host	Robot2 IDLE 1
11:19:52	Cell to Host	Miller BUSY 2
11:19:53	Cell to Host	Miller IDLE 2
11:19:53	Cell to Host	Miller BUSY 5 Mtest.tap
11:19:54	Cell to Host	Miller IDLE 5 Mtest.tap
11:19:54	Cell to Host	Miller BUSY 3
11:20:08	Cell to Host	Miller IDLE 3
11:20:08	Cell to Host	Miller BUSY 4
11:20:08	Cell to Host	Miller IDLE 4
11:20:09	Cell to Host	Miller BUSY 1
11:05:2006
15:08:39	Mtest	Ready
15:08:43	Mtest	BUSY
15:09:31	Mtest	IDLE
15:14:58	Cell to Host	IDLE C:\CIM\CELL2\MTEST.SEQ
15:18:02	DoCommand Mtest.SEQ
15:18:02	Mtest	Ready
15:18:02	Mtest	BUSY
15:18:03	Cell to Host	Ready Mtest.SEQ
15:18:03	Cell to Host	BUSY Mtest.SEQ
15:18:04	Cell to Host	Miller BUSY 1
15:18:04	Cell to Host	Miller IDLE 1
15:18:05	Cell to Host	Robot2 BUSY 1
15:18:19	Cell to Host	Robot2 IDLE 1
15:18:20	Cell to Host	Miller BUSY 2
15:18:20	Cell to Host	Miller IDLE 2
15:18:20	Cell to Host	Miller BUSY 5 Mtest.tap
15:18:21	Cell to Host	Miller IDLE 5 Mtest.tap
15:18:21	Cell to Host	Miller BUSY 3
15:18:35	Cell to Host	Miller IDLE 3
15:18:35	Cell to Host	Miller BUSY 4
15:18:36	Cell to Host	Miller IDLE 4
15:18:36	Cell to Host	Miller BUSY 1
15:18:36	Cell to Host	Miller IDLE 1
15:18:37	Cell to Host	Robot2 BUSY 2
15:18:50	Mtest	IDLE
15:18:50	Cell to Host	Robot2 IDLE 2
15:18:51	Cell to Host	IDLE Mtest.SEQ
15:20:00	DoCommand Mtest.SEQ
15:20:00	Mtest	Ready
15:20:00	Mtest	BUSY
15:20:01	Cell to Host	Ready Mtest.SEQ
15:20:01	Cell to Host	BUSY Mtest.SEQ
15:20:01	Cell to Host	Miller BUSY 1
15:20:02	Cell to Host	Miller IDLE 1
15:20:03	Cell to Host	Robot2 BUSY 1
15:20:17	Cell to Host	Robot2 IDLE 1
15:20:18	Cell to Host	Miller BUSY 2
15:20:19	Cell to Host	Miller IDLE 2
15:20:19	Cell to Host	Miller BUSY 5 Mtest.tap
15:20:19	Cell to Host	Miller IDLE 5 Mtest.tap
15:20:20	Cell to Host	Miller BUSY 3
15:20:33	Cell to Host	Miller IDLE 3
15:20:34	Cell to Host	Miller BUSY 4
15:20:34	Cell to Host	Miller IDLE 4
15:20:35	Cell to Host	Miller BUSY 1
15:20:35	Cell to Host	Miller IDLE 1
15:20:36	Cell to Host	Robot2 BUSY 2
15:20:49	Mtest	IDLE
15:20:49	Cell to Host	Robot2 IDLE 2
15:20:50	Cell to Host	IDLE Mtest.SEQ
15:23:54	DoCommand Mtest.SEQ
15:23:54	Mtest	Ready
15:23:54	Mtest	BUSY
15:23:55	Cell to Host	Ready Mtest.SEQ
15:23:55	Cell to Host	BUSY Mtest.SEQ
15:23:55	Cell to Host	Miller BUSY 1
15:23:56	Cell to Host	Miller IDLE 1
15:23:57	Cell to Host	Robot2 BUSY 1
15:24:11	Cell to Host	Robot2 IDLE 1
15:24:12	Cell to Host	Miller BUSY 2
15:24:12	Cell to Host	Miller IDLE 2
15:24:12	Cell to Host	Miller BUSY 5 Mtest.tap
15:24:13	Cell to Host	Miller IDLE 5 Mtest.tap
15:24:13	Cell to Host	Miller BUSY 3
15:24:27	Cell to Host	Miller IDLE 3
15:24:28	Cell to Host	Miller BUSY 4
15:24:28	Cell to Host	Miller IDLE 4
15:24:29	Cell to Host	Miller BUSY 1
15:24:29	Cell to Host	Miller IDLE 1
15:24:29	Cell to Host	Robot2 BUSY 2
15:24:42	Mtest	IDLE
15:24:42	Cell to Host	Robot2 IDLE 2
15:24:43	Cell to Host	IDLE Mtest.SEQ
15:25:52	DoCommand Mtest.SEQ
15:25:52	Mtest	Ready
15:25:52	Mtest	BUSY
15:25:53	Cell to Host	Ready Mtest.SEQ
15:25:53	Cell to Host	BUSY Mtest.SEQ
15:25:53	Cell to Host	Miller BUSY 1
15:25:54	Cell to Host	Miller IDLE 1
15:25:55	Cell to Host	Robot2 BUSY 1
15:26:09	Cell to Host	Robot2 IDLE 1
15:26:09	Cell to Host	Miller BUSY 2
15:26:10	Cell to Host	Miller IDLE 2
15:26:10	Cell to Host	Miller BUSY 5 Mtest.tap
15:26:11	Cell to Host	Miller IDLE 5 Mtest.tap
15:26:12	Cell to Host	Miller BUSY 3
15:26:24	Cell to Host	Miller IDLE 3
15:26:25	Cell to Host	Miller BU15:05:2006
 9:37:24	Mtest	Ready
 9:37:28	Mtest	BUSY
 9:38:17	Mtest	IDLE
 9:47:24	Cell to Host	IDLE C:\CIM\CELL2\MTEST.SEQ
 9:50:30	DoCommand Mtest.SEQ
 9:50:30	Mtest	Ready
 9:50:30	Mtest	BUSY
 9:50:31	Cell to Host	Ready Mtest.SEQ
 9:50:31	Cell to Host	BUSY Mtest.SEQ
 9:50:31	Cell to Host	Miller BUSY 1
 9:50:32	Cell to Host	Miller IDLE 1
 9:50:33	Cell to Host	Robot2 BUSY 1
 9:50:46	Cell to Host	Robot2 IDLE 1
 9:50:47	Cell to Host	Miller BUSY 2
 9:50:47	Cell to Host	Miller IDLE 2
 9:50:48	Cell to Host	Miller BUSY 5 Mtest.tap
 9:50:48	Cell to Host	Miller IDLE 5 Mtest.tap
 9:50:48	Cell to Host	Miller BUSY 3
 9:51:02	Cell to Host	Miller IDLE 3
 9:51:02	Cell to Host	Miller BUSY 4
 9:51:03	Cell to Host	Miller IDLE 4
 9:51:03	Cell to Host	Miller BUSY 1
 9:51:04	Cell to Host	Miller IDLE 1
 9:51:05	Cell to Host	Robot2 BUSY 2
 9:51:18	Mtest	IDLE
 9:51:19	Cell to Host	Robot2 IDLE 2
 9:51:19	Cell to Host	IDLE Mtest.SEQ
 9:52:29	DoCommand Mtest.SEQ
 9:52:29	Mtest	Ready
 9:52:29	Mtest	BUSY
 9:52:30	Cell to Host	Ready Mtest.SEQ
 9:52:30	Cell to Host	BUSY Mtest.SEQ
 9:52:31	Cell to Host	Miller BUSY 1
 9:52:31	Cell to Host	Miller IDLE 1
 9:52:32	Cell to Host	Robot2 BUSY 1
 9:52:46	Cell to Host	Robot2 IDLE 1
 9:52:46	Cell to Host	Miller BUSY 2
 9:52:47	Cell to Host	Miller IDLE 2
 9:52:48	Cell to Host	Miller BUSY 5 Mtest.tap
 9:52:48	Cell to Host	Miller IDLE 5 Mtest.tap
 9:52:49	Cell to Host	Miller BUSY 3
 9:53:02	Cell to Host	Miller IDLE 3
 9:53:03	Cell to Host	Miller BUSY 4
 9:53:03	Cell to Host	Miller IDLE 4
 9:53:04	Cell to Host	Miller BUSY 1
 9:53:04	Cell to Host	Miller IDLE 1
 9:53:05	Cell to Host	Robot2 BUSY 2
 9:53:17	Mtest	IDLE
 9:53:17	Cell to Host	Robot2 IDLE 2
 9:53:18	Cell to Host	IDLE Mtest.SEQ
 9:56:26	DoCommand Mtest.SEQ
 9:56:26	Mtest	Ready
 9:56:26	Mtest	BUSY
 9:56:27	Cell to Host	Ready Mtest.SEQ
 9:56:27	Cell to Host	BUSY Mtest.SEQ
 9:56:28	Cell to Host	Miller BUSY 1
 9:56:28	Cell to Host	Miller IDLE 1
 9:56:29	Cell to Host	Robot2 BUSY 1
 9:56:43	Cell to Host	Robot2 IDLE 1
 9:56:44	Cell to Host	Miller BUSY 2
 9:56:44	Cell to Host	Miller IDLE 2
 9:56:44	Cell to Host	Miller BUSY 5 Mtest.tap
 9:56:45	Cell to Host	Miller IDLE 5 Mtest.tap
 9:56:46	Cell to Host	Miller BUSY 3
 9:56:58	Cell to Host	Miller IDLE 3
 9:56:59	Cell to Host	Miller BUSY 4
 9:56:59	Cell to Host	Miller IDLE 4
 9:57:00	Cell to Host	Miller BUSY 1
 9:57:00	Cell to Host	Miller IDLE 1
 9:57:01	Cell to Host	Robot2 BUSY 2
 9:57:14	Mtest	IDLE
 9:57:14	Cell to Host	Robot2 IDLE 2
 9:57:15	Cell to Host	IDLE Mtest.SEQ
 9:58:25	DoCommand Mtest.SEQ
 9:58:25	Mtest	Ready
 9:58:25	Mtest	BUSY
 9:58:26	Cell to Host	Ready Mtest.SEQ
 9:58:27	Cell to Host	BUSY Mtest.SEQ
 9:58:27	Cell to Host	Miller BUSY 1
 9:58:28	Cell to Host	Miller IDLE 1
 9:58:28	Cell to Host	Robot2 BUSY 1
 9:58:41	Cell to Host	Robot2 IDLE 1
 9:58:42	Cell to Host	Miller BUSY 2
 9:58:43	Cell to Host	Miller IDLE 2
 9:58:43	Cell to Host	Miller BUSY 5 Mtest.tap
 9:58:43	Cell to Host	Miller IDLE 5 Mtest.tap
 9:58:44	Cell to Host	Miller BUSY 3
 9:58:57	Cell to Host	Miller IDLE 3
 9:58:58	Cell to Host	Miller BUSY 4
 9:58:58	Cell to Host	Miller IDLE 4
 9:58:58	Cell to Host	Miller BUSY 1
 9:58:59	Cell to Host	Miller IDLE 1
 9:58:59	Cell to Host	Robot2 BUSY 2
 9:59:13	Mtest	IDLE
 9:59:13	Cell to Host	Robot2 IDLE 2
 9:59:14	Cell to Host	IDLE Mtest.SEQ
