18:10:2004
22:11:2004
10:20:36	BUSY
10:20:36	BUSY
22:11:2004
11:48:51	BUSY
11:48:51	BUSY
22:11:2004
11:52:53	BUSY
11:52:53	BUSY
24:11:2004
 8:19:55	BUSY
 8:19:56	BUSY
24:11:2004
15:16:42	BUSY 1
15:16:45	IDLE
15:16:52	BUSY 2
15:16:52	IDLE 2
15:16:56	BUSY 1
15:17:01	IDLE
15:22:39	BUSY 2
15:22:40	IDLE 2
15:22:44	BUSY 1
15:22:45	IDLE 1
15:22:56	BUSY 5 C:\CIM\CELL2\TEST_M.FNC
15:22:56	IDLE 5 C:\CIM\CELL2\TEST_M.FNC
15:23:02	BUSY 3
15:23:10	IDLE
24:11:2004
15:25:44	BUSY 2
15:25:45	IDLE 2
15:25:50	BUSY 1
15:25:51	IDLE 1
15:25:54	BUSY 2
15:25:55	IDLE 2
15:26:03	BUSY 5 C:\CIM\CELL2\TEST_M.FNC
15:26:32	IDLE
15:26:32	ERROR RS232 Download aborted
15:26:34	IDLE
15:30:47	BUSY 5 C:\CIM\CELL2\TEST_M.FNC
15:30:47	IDLE 5 C:\CIM\CELL2\TEST_M.FNC
15:30:48	BUSY
15:31:00	IDLE
15:31:24	BUSY 5 C:\CIM\CELL2\TEST_M.FNC
15:31:24	IDLE 5 C:\CIM\CELL2\TEST_M.FNC
15:31:28	BUSY 3
15:31:42	IDLE 3
25:11:2004
 8:25:53	BUSY 1
 8:25:53	IDLE 1
 8:25:58	BUSY 2
 8:25:59	IDLE 2
 8:26:02	BUSY 5 C:\CIM\CELL2\TEST_M.FNC
 8:26:02	IDLE 5 C:\CIM\CELL2\TEST_M.FNC
 8:26:05	BUSY 3
 8:26:20	IDLE 3
25:11:2004
12:03:47	ERROR Could not obtain interlock 5
12:03:53	IDLE
12:04:13	BUSY 1
12:04:14	IDLE 1
12:04:18	BUSY 2
12:04:19	IDLE 2
12:04:24	BUSY 5 C:\CIM\CELL2\TEST_M.FNC
12:04:24	IDLE 5 C:\CIM\CELL2\TEST_M.FNC
12:04:27	BUSY 3
12:04:40	IDLE 3
12:07:28	BUSY 1
12:07:30	IDLE 1
12:07:51	BUSY 2
12:07:52	IDLE 2
12:07:52	BUSY 5 TEST_m.FNC
12:07:52	IDLE 5 TEST_m.FNC
12:07:53	BUSY 3
12:08:06	IDLE 3
12:08:07	BUSY 1
12:08:08	IDLE 1
12:09:20	BUSY 1
12:09:20	IDLE 1
12:09:41	BUSY 2
12:09:42	IDLE 2
12:09:42	BUSY 5 TEST_m.FNC
12:09:43	IDLE 5 TEST_m.FNC
12:09:43	BUSY 3
12:09:57	IDLE 3
12:09:57	BUSY 1
12:09:58	IDLE 1
12:10:31	BUSY 1
12:10:31	IDLE 1
12:10:53	BUSY 2
12:10:54	IDLE 2
12:10:54	BUSY 5 TEST_m.FNC
12:10:55	IDLE 5 TEST_m.FNC
12:10:55	BUSY 3
12:11:09	IDLE 3
12:11:09	BUSY 1
12:11:11	IDLE 1
13:48:32	BUSY 1
13:48:32	IDLE 1
13:48:53	BUSY 2
13:48:54	IDLE 2
13:48:54	BUSY 5 TEST_m.FNC
13:48:55	IDLE 5 TEST_m.FNC
13:48:56	BUSY 3
13:49:09	IDLE 3
13:49:10	BUSY 1
13:49:11	IDLE 1
14:28:26	BUSY 1
14:28:26	IDLE 1
14:28:47	BUSY 2
14:28:48	IDLE 2
14:28:48	BUSY 5 TEST_m.FNC
14:28:48	IDLE 5 TEST_m.FNC
14:28:49	BUSY 3
14:29:02	IDLE 3
14:29:03	BUSY 1
14:29:04	IDLE 1
14:30:12	BUSY 1
14:30:12	IDLE 1
14:30:32	BUSY 2
14:30:33	IDLE 2
14:30:33	BUSY 5 TEST_m.FNC
14:30:34	IDLE 5 TEST_m.FNC
14:30:34	BUSY 3
14:30:48	IDLE 3
14:30:48	BUSY 1
14:30:49	IDLE 1
14:57:05	BUSY 1
14:57:05	IDLE 1
14:57:26	BUSY 2
14:57:27	IDLE 2
14:57:27	BUSY 5 TEST_m.FNC
14:57:27	IDLE 5 TEST_m.FNC
14:57:28	BUSY 3
14:57:41	IDLE 3
14:57:42	BUSY 1
14:57:43	IDLE 1
14:58:49	BUSY 1
14:58:49	IDLE 1
14:59:10	BUSY 2
14:59:11	IDLE 2
14:59:11	BUSY 5 TEST_m.FNC
14:59:11	IDLE 5 TEST_m.FNC
14:59:12	BUSY 3
14:59:25	IDLE 3
14:59:26	BUSY 1
14:59:27	IDLE 1
15:13:27	BUSY 1
15:13:27	IDLE 1
15:13:48	BUSY 2
15:13:49	IDLE 2
15:13:49	BUSY 5 TEST_m.FNC
15:13:50	IDLE 5 TEST_m.FNC
15:13:50	BUSY 3
15:14:04	IDLE 3
15:14:04	BUSY 1
15:14:05	IDLE 1
15:15:14	BUSY 1
15:15:14	IDLE 1
15:15:35	BUSY 2
15:15:36	IDLE 2
15:15:36	BUSY 5 TEST_m.FNC
15:15:36	IDLE 5 TEST_m.FNC
15:15:37	BUSY 3
15:15:50	IDLE 3
15:15:51	BUSY 126:11:2004
 6:56:35	BUSY 1
 6:56:36	IDLE 1
 6:56:40	BUSY 2
 6:56:40	IDLE 2
 6:56:45	BUSY 5 C:\CIM\CELL2\TEST_M.FNC
 6:56:45	IDLE 5 C:\CIM\CELL2\TEST_M.FNC
 6:56:48	BUSY 3
 6:57:03	IDLE 3
 6:57:23	BUSY 1
 6:57:24	IDLE 1
 6:57:45	BUSY 2
 6:57:46	IDLE 2
 6:57:46	BUSY 5 TEST_m.FNC
 6:57:46	IDLE 5 TEST_m.FNC
 6:57:47	BUSY 3
 6:58:00	IDLE 3
 6:58:01	BUSY 1
 6:58:02	IDLE 1
 6:59:32	BUSY 1
 6:59:32	IDLE 1
 6:59:54	BUSY 2
 6:59:55	IDLE 2
 6:59:55	BUSY 5 TEST_m.FNC
 6:59:56	IDLE 5 TEST_m.FNC
 6:59:56	BUSY 3
 7:00:09	IDLE 3
 7:00:10	BUSY 1
 7:00:11	IDLE 1
 9:01:05	BUSY 1
 9:01:05	IDLE 1
 9:01:26	BUSY 2
 9:01:27	IDLE 2
 9:01:27	BUSY 5 TEST_m.FNC
 9:01:27	IDLE 5 TEST_m.FNC
 9:01:28	BUSY 3
 9:01:41	IDLE 3
 9:01:42	BUSY 1
 9:01:43	IDLE 1
 9:12:05	BUSY 1
 9:12:05	IDLE 1
 9:12:26	BUSY 2
 9:12:27	IDLE 2
 9:12:27	BUSY 5 TEST_m.FNC
 9:12:27	IDLE 5 TEST_m.FNC
 9:12:28	BUSY 3
 9:12:41	IDLE 3
 9:12:42	BUSY 1
 9:12:43	IDLE 1
11:35:42	BUSY 1
11:35:42	IDLE 1
11:36:02	BUSY 2
11:36:03	IDLE 2
11:36:03	BUSY 5 TEST_m.FNC
11:36:03	IDLE 5 TE