12:11:2004
12:11:2004
16:11:2004
22:11:2004
22:11:2004
13:05:2005
13:05:2005
13:05:2005
16:05:2005
 9:48:41	BUSY 
 9:48:49	IDLE 
16:05:2005
16:05:2005
 9:54:26	BUSY 
 9:54:43	IDLE 
17:05:2005
15:39:03	ERROR 
17:05:2005
18:05:2005
11:27:44	BUSY 
11:27:54	IDLE 
11:29:11	BUSY 
11:30:22	IDLE 
11:31:58	BUSY 
11:32:08	IDLE 
11:32:17	BUSY 
11:33:29	IDLE 
11:33:52	BUSY 
11:34:02	IDLE 
12:04:24	BUSY 
12:05:36	IDLE 
15:19:45	BUSY 1 8
18:05:2005
18:05:2005
15:27:52	BUSY 
15:27:53	IDLE 
15:27:55	BUSY 
15:27:55	IDLE 
15:27:57	BUSY 
15:27:58	IDLE 
15:27:58	BUSY 
15:27:58	IDLE 
15:27:58	BUSY 
15:27:59	IDLE 
15:27:59	BUSY 
15:27:59	IDLE 
15:27:59	BUSY 
15:28:00	IDLE 
15:28:03	BUSY 
15:28:16	BUSY 
15:28:26	IDLE 
15:28:30	BUSY 
15:29:44	IDLE 
15:44:29	BUSY 1 8
15:44:39	IDLE 1 8
15:47:56	BUSY 1 7
15:49:10	IDLE 1 7
16:28:42	BUSY 1 8
16:28:53	IDLE 1 8
16:32:16	BUSY 1 7
16:33:31	IDLE 1 7
16:35:18	BUSY 1 8
16:35:28	IDLE 1 8
16:47:46	BUSY 1 8
20:05:2005
18:21:33	BUSY 1 8
18:21:43	IDLE 1 8
18:28:23	BUSY 1 7
18:29:35	IDLE 1 7
18:31:26	BUSY 1 8
18:31:36	IDLE 1 8
18:35:07	BUSY 1 7
18:36:19	IDLE 1 7
18:39:49	BUSY 1 7
18:39:59	IDLE 1 7
18:50:52	BUSY 1 7
18:50:53	IDLE 1 7
18:50:57	BUSY 1 7
18:52:09	IDLE 1 7
19:10:24	BUSY 1 8
19:10:34	IDLE 1 8
30:06:2005
 9:25:12	BUSY 
 9:25:41	BUSY 
 9:25:41	IDLE 
 9:25:47	BUSY 
30:06:2005
 9:39:14	BUSY 
 9:39:31	BUSY 
 9:39:41	BUSY 
 9:44:59	BUSY 
10:04:26	BUSY 
30:06:2005
30:06:2005
30:06:2005
10:44:24	BUSY 
10:44:34	BUSY 
30:06:2005
01:07:2005
 9:29:06	BUSY 1 8
 9:29:23	IDLE 1 8
11:07:28	BUSY 1 8
11:07:45	IDLE 1 8
11:10:44	BUSY 1 7
11:13:05	IDLE 1 7
11:14:57	BUSY 1 8
11:15:14	IDLE 1 8
11:18:12	BUSY 1 7
11:20:31	IDLE 1 7
12:11:40	BUSY 1 8
12:11:58	IDLE 1 8
12:14:55	BUSY 1 7
12:17:15	IDLE 1 7
12:19:08	BUSY 1 8
12:19:26	IDLE 1 8
13:09:53	BUSY 1 8
13:10:06	IDLE 1 8
13:13:04	BUSY 1 7
13:15:17	IDLE 1 7
13:17:07	BUSY 1 8
13:17:23	IDLE 1 8
13:20:19	BUSY 1 7
13:23:00	IDLE 1 7
13:24:51	BUSY 1 8
13:25:07	IDLE 1 8
13:27:25	BUSY 1 7
13:29:28	IDLE 1 7
13:31:13	BUSY 1 8
13:31:29	IDLE 1 8
13:33:46	BUSY 1 7
13:37:32	IDLE 1 7
13:39:16	BUSY 1 8
13:39:37	IDLE 1 8
13:42:25	BUSY 1 7
13:45:27	IDLE 1 7
13:47:12	BUSY 1 8
13:47:35	IDLE 1 8
13:50:36	BUSY 1 7
13:52:54	IDLE 1 7
13:54:40	BUSY 1 8
13:55:02	IDLE 1 8
01:07:2005
17:34:50	BUSY 1 8
17:35:08	IDLE 1 8
17:59:59	BUSY 1 8
18:00:10	IDLE 1 8
18:48:59	BUSY 1 8
18:49:15	IDLE 1 8
18:52:13	BUSY 1 7
18:54:11	IDLE 1 7
02:07:2005
 9:29:56	BUSY 1 8
 9:30:10	IDLE 1 8
 9:32:58	BUSY 1 7
 9:34:40	IDLE 1 7
 9:36:34	BUSY 1 8
 9:36:48	IDLE 1 8
 9:39:36	BUSY 1 7
 9:41:32	IDLE 1 7
 9:43:24	BUSY 1 8
 9:43:34	IDLE 1 8
 9:45:46	BUSY 1 7
 9:47:21	IDLE 1 7
10:29:59	BUSY 1 8
10:30:13	IDLE 1 8
10:52:44	BUSY 1 8
10:52:58	IDLE 1 8
10:55:47	BUSY 1 7
10:57:39	IDLE 1 7
10:59:33	BUSY 1 8
10:59:47	IDLE 1 8
11:36:30	BUSY 1 8
11:36:44	IDLE 1 8
11:39:34	BUSY 1 7
11:41:32	IDLE 1 7
11:43:24	BUSY 1 8
11:43:39	IDLE 1 8
11:46:27	BUSY 1 7
11:48:10	IDLE 1 7
11:50:02	BUSY 1 8
11:50:16	IDLE 1 8
11:52:28	BUSY 1 7
11:54:09	IDLE 1 7
11:55:54	BUSY 1 8
11:56:08	IDLE 1 8
11:58:23	BUSY 1 7
12:00:21	IDLE 1 7
12:02:07	BUSY 1 8
12:02:21	IDLE 1 8
12:05:02	BUSY 1 7
12:06:46	IDLE 1 7
12:08:32	BUSY 1 8
12:08:42	IDLE 1 8
12:11:33	BUSY 1 7
12:13:33	IDLE 1 7
12:15:20	BUSY 1 8
12:15:30	IDLE 1 8
12:18:19	BUSY 1 7
12:19:57	IDLE 1 7
15:11:52	BUSY 1 8
15:16:39	IDLE 1 8
15:16:47	BUSY 1 8
02:07:2005
15:33:05	BUSY 1 8
15:33:20	IDLE 1 8
15:36:09	BUSY 1 7
15:37:56	IDLE 1 7
15:40:05	BUSY 1 8
15:40:19	IDLE 1 8
15:43:07	BUSY 1 7
15:44:52	IDLE 1 7
15:47:03	BUSY 1 8
15:47:17	IDLE 1 8
15:52:05	BUSY 1 7
15:53:59	IDLE 1 7
15:56:03	BUSY 1 8
16:00:21	IDLE 1 8
16:02:35	BUSY 1 7
16:04:29	IDLE 1 7
16:06:29	BUSY 1 8
16:06:44	IDLE 1 8
16:09:40	BUSY 1 7
16:11:22	IDLE 1 7
16:13:24	BUSY 1 8
16:13:39	IDLE 1 8
16:16:32	BUSY 1 7
16:18:02	IDLE 1 7
16:20:07	BUSY 1 8
16:20:22	IDLE 1 8
16:23:14	BUSY 1 7
16:25:19	IDLE 1 7
16:27:23	BUSY 1 8
16:27:37	IDLE 1 8
16:30:35	BUSY 1 7
16:32:38	IDLE 1 7
04:07:2005
14:26:09	BUSY 1 8
14:26:25	IDLE 1 8
14:29:14	BUSY 1 7
14:31:33	IDLE 1 7
14:33:55	BUSY 1 8
14:34:11	IDLE 1 8
14:37:00	BUSY 1 7
14:39:19	IDLE 1 7
14:41:44	BUSY 1 8
14:42:00	IDLE 1 8
14:44:14	BUSY 1 7
14:46:32	IDLE 1 7
14:48:58	BUSY 1 8
14:49:14	IDLE 1 8
14:51:27	BUSY 1 7
14:53:49	IDLE 1 7
14:56:03	BUSY 1 8
14:56:19	IDLE 1 8
14:59:13	BUSY 1 7
15:01:35	IDLE 1 7
15:03:52	BUSY 1 8
15:04:09	IDLE 1 8
15:07:02	BUSY 1 7
15:09:25	IDLE 1 7
05:07:2005
16:08:2005
11:11:06	BUSY 1 8
11:11:22	IDLE 1 8
11:14:18	BUSY 1 7
11:15:40	IDLE 1 7
11:17:41	BUSY 1 8
11:17:57	IDLE 1 8
11:21:33	BUSY 1 7
11:22:55	IDLE 1 7
11:24:58	BUSY 1 8
11:25:13	IDLE 1 8
11:27:31	BUSY 1 7
11:29:05	IDLE 1 7
11:31:01	BUSY 1 8
11:31:16	IDLE 1 8
11:33:34	BUSY 1 7
11:35:27	IDLE 1 7
12:08:13	BUSY 1 8
12:08:28	IDLE 1 8
12:11:21	BUSY 1 7
12:13:30	IDLE 1 7
12:15:22	BUSY 1 8
12:15:37	IDLE 1 8
12:18:40	BUSY 1 7
12:21:28	IDLE 1 7
12:23:22	BUSY 1 8
12:23:38	IDLE 1 8
12:25:56	BUSY 1 7
12:27:19	IDLE 1 7
12:29:08	BUSY 1 8
12:29:23	IDLE 1 8
12:41:18	BUSY 1 8
12:41:33	IDLE 1 8
16:08:2005
12:59:17	BUSY 1 8
12:59:32	IDLE 1 8
13:02:25	BUSY 1 7
13:04:12	IDLE 1 7
13:06:04	BUSY 1 8
13:06:19	IDLE 1 8
13:09:15	BUSY 1 7
13:10:37	IDLE 1 7
13:12:31	BUSY 1 8
13:12:46	IDLE 1 8
13:15:01	BUSY 1 7
13:16:57	IDLE 1 7
13:18:43	BUSY 1 8
13:18:59	IDLE 1 8
13:21:15	BUSY 1 7
13:23:05	IDLE 1 7
13:24:51	BUSY 1 8
13:25:06	IDLE 1 8
13:28:03	BUSY 1 7
13:30:19	IDLE 1 7
13:32:07	BUSY 1 8
13:32:19	IDLE 1 8
16:08:2005
16:29:12	BUSY 1 8
16:29:38	IDLE 1 8
16:32:34	BUSY 1 7
16:34:09	IDLE 1 7
16:36:03	BUSY 1 8
16:36:18	IDLE 1 8
16:39:24	BUSY 1 7
16:41:00	IDLE 1 7
16:42:54	BUSY 1 8
16:43:10	IDLE 1 8
16:46:26	BUSY 1 7
16:48:02	IDLE 1 7
16:49:49	BUSY 1 8
16:50:05	IDLE 1 8
16:52:30	BUSY 1 7
16:54:07	IDLE 1 7
16:55:53	BUSY 1 8
16:56:09	IDLE 1 8
16:58:54	BUSY 1 7
17:00:31	IDLE 1 7
17:02:19	BUSY 1 8
17:02:34	IDLE 1 8
17:05:38	BUSY 1 7
17:07:16	IDLE 1 7
17:09:03	BUSY 1 8
17:09:19	IDLE 1 8
17:12:34	BUSY 1 7
17:14:11	IDLE 1 7
17:16:00	BUSY 1 8
17:16:16	IDLE 1 8
17:19:07	BUSY 1 7
17:20:45	IDLE 1 7
17:08:2005
 9:42:07	BUSY 1 8
 9:42:22	IDLE 1 8
 9:45:12	BUSY 1 7
 9:46:49	IDLE 1 7
 9:48:41	BUSY 1 8
 9:48:58	IDLE 1 8
10:23:57	BUSY 1 8
10:24:13	IDLE 1 8
10:27:06	BUSY 1 7
10:28:42	IDLE 1 7
10:30:34	BUSY 1 8
10:30:49	IDLE 1 8
10:33:50	BUSY 1 7
10:35:25	IDLE 1 7
10:37:19	BUSY 1 8
10:37:35	IDLE 1 8
10:40:00	BUSY 1 7
10:41:35	IDLE 1 7
10:43:21	BUSY 1 8
10:43:37	IDLE 1 8
10:46:40	BUSY 1 7
10:48:15	IDLE 1 7
11:37:26	BUSY 1 8
11:37:41	IDLE 1 8
11:40:32	BUSY 1 7
11:42:09	IDLE 1 7
11:44:06	BUSY 1 8
11:44:22	IDLE 1 8
11:47:12	BUSY 1 7
11:48:50	IDLE 1 7
11:50:47	BUSY 1 8
11:51:02	IDLE 1 8
11:53:20	BUSY 1 7
11:54:57	IDLE 1 7
11:56:46	BUSY 1 8
11:57:02	IDLE 1 8
11:59:41	BUSY 1 7
12:01:17	IDLE 1 7
12:03:06	BUSY 1 8
12:03:22	IDLE 1 8
12:06:27	BUSY 1 7
12:08:04	IDLE 1 7
12:09:55	BUSY 1 8
12:10:11	IDLE 1 8
12:13:09	BUSY 1 7
12:14:45	IDLE 1 7
12:16:35	BUSY 1 8
12:16:51	IDLE 1 8
12:19:37	BUSY 1 7
12:21:29	IDLE 1 7
12:23:21	BUSY 1 8
12:23:37	IDLE 1 8
12:26:21	BUSY 1 7
12:28:02	IDLE 1 7
12:36:39	BUSY 1 8
12:36:55	IDLE 1 8
12:39:46	BUSY 1 7
12:41:24	IDLE 1 7
13:36:20	BUSY 1 8
13:36:36	IDLE 1 8
13:39:27	BUSY 1 7
13:41:04	IDLE 1 7
13:42:55	BUSY 1 8
13:43:11	IDLE 1 8
13:46:02	BUSY 1 7
13:47:39	IDLE 1 7
13:49:40	BUSY 1 8
13:49:56	IDLE 1 8
13:52:42	BUSY 1 7
13:54:20	IDLE 1 7
13:56:06	BUSY 1 8
13:56:22	IDLE 1 8
13:58:40	BUSY 1 7
14:00:17	IDLE 1 7
14:02:04	BUSY 1 8
14:02:20	IDLE 1 8
14:05:21	BUSY 1 7
14:06:58	IDLE 1 7
14:08:46	BUSY 1 8
14:09:01	IDLE 1 8
14:11:57	BUSY 1 7
14:13:35	IDLE 1 7
14:15:23	BUSY 1 8
14:15:39	IDLE 1 8
14:18:34	BUSY 1 7
14:20:12	IDLE 1 7
14:22:02	BUSY 1 8
14:22:18	IDLE 1 8
14:25:00	BUSY 1 7
14:26:43	IDLE 1 7
14:36:06	BUSY 1 8
14:36:22	IDLE 1 8
14:39:15	BUSY 1 7
14:40:54	IDLE 1 7
14:42:47	BUSY 1 8
14:43:04	IDLE 1 8
14:46:11	BUSY 1 7
14:47:50	IDLE 1 7
14:49:44	BUSY 1 8
14:50:00	IDLE 1 8
14:52:17	BUSY 1 7
14:53:56	IDLE 1 7
14:55:43	BUSY 1 8
14:55:59	IDLE 1 8
14:58:57	BUSY 1 7
15:00:34	IDLE 1 7
15:02:21	BUSY 1 8
15:02:36	IDLE 1 8
15:05:32	BUSY 1 7
15:07:10	IDLE 1 7
15:09:08	BUSY 1 8
15:09:24	IDLE 1 8
15:26:40	BUSY 1 8
15:26:55	IDLE 1 8
15:29:46	BUSY 1 7
15:31:24	IDLE 1 7
15:33:17	BUSY 1 8
15:33:33	IDLE 1 8
15:36:34	BUSY 1 7
15:38:13	IDLE 1 7
15:40:06	BUSY 1 8
15:40:21	IDLE 1 8
15:42:52	BUSY 1 7
15:44:32	IDLE 1 7
15:46:18	BUSY 1 8
15:46:34	IDLE 1 8
15:48:55	BUSY 1 7
15:50:35	IDLE 1 7
15:52:20	BUSY 1 8
15:52:36	IDLE 1 8
15:55:34	BUSY 1 7
15:57:12	IDLE 1 7
18:08:2005
 9:41:39	BUSY 1 8
 9:41:57	IDLE 1 8
 9:44:50	BUSY 1 7
 9:46:42	IDLE 1 7
 9:48:33	BUSY 1 8
 9:48:51	IDLE 1 8
 9:51:41	BUSY 1 7
 9:53:34	IDLE 1 7
 9:55:25	BUSY 1 8
 9:55:43	IDLE 1 8
 9:57:59	BUSY 1 7
 9:59:53	IDLE 1 7
10:01:37	BUSY 1 8
10:01:55	IDLE 1 8
10:04:12	BUSY 1 7
10:06:06	IDLE 1 7
10:07:51	BUSY 1 8
10:08:10	IDLE 1 8
10:11:13	BUSY 1 7
10:13:07	IDLE 1 7
10:14:55	BUSY 1 8
10:15:13	IDLE 1 8
10:18:18	BUSY 1 7
10:20:14	IDLE 1 7
10:22:02	BUSY 1 8
10:22:21	IDLE 1 8
10:25:27	BUSY 1 7
10:27:25	IDLE 1 7
10:29:14	BUSY 1 8
10:29:33	IDLE 1 8
10:32:47	BUSY 1 7
10:34:47	IDLE 1 7
10:43:52	BUSY 1 8
10:44:12	IDLE 1 8
10:47:03	BUSY 1 7
10:49:09	IDLE 1 7
11:08:41	BUSY 1 8
11:09:02	IDLE 1 8
11:11:54	BUSY 1 7
11:14:05	IDLE 1 7
11:15:55	BUSY 1 8
11:16:17	IDLE 1 8
11:19:09	BUSY 1 7
11:22:42	IDLE 1 7
11:24:35	BUSY 1 8
11:24:58	IDLE 1 8
11:27:31	BUSY 1 7
11:31:16	IDLE 1 7
11:33:00	BUSY 1 8
11:33:23	IDLE 1 8
11:35:50	BUSY 1 7
11:42:18	IDLE 1 7
11:44:02	BUSY 1 8
11:47:15	IDLE 1 8
11:49:59	BUSY 1 7
11:54:57	IDLE 1 7
11:56:42	BUSY 1 8
11:57:09	IDLE 1 8
11:59:55	BUSY 1 7
12:01:14	IDLE 1 7
12:03:01	BUSY 1 8
12:03:21	IDLE 1 8
12:06:26	BUSY 1 7
12:08:47	IDLE 1 7
12:10:35	BUSY 1 8
12:10:56	IDLE 1 8
12:13:57	BUSY 1 7
12:16:16	IDLE 1 7
12:41:53	BUSY 1 8
12:42:14	IDLE 1 8
12:45:04	BUSY 1 7
12:48:26	IDLE 1 7
12:50:20	BUSY 1 8
12:50:48	IDLE 1 8
12:53:39	BUSY 1 7
12:55:48	IDLE 1 7
12:57:42	BUSY 1 8
12:58:02	IDLE 1 8
13:00:18	BUSY 1 7
13:02:24	IDLE 1 7
13:04:11	BUSY 1 8
13:04:35	IDLE 1 8
13:06:52	BUSY 1 7
13:08:57	IDLE 1 7
13:10:42	BUSY18:08:2005
16:27:19	BUSY 1 8
16:27:37	IDLE 1 8
16:30:25	BUSY 1 7
16:32:20	IDLE 1 7
16:34:14	BUSY 1 8
16:34:32	IDLE 1 8
16:37:20	BUSY 1 7
16:39:15	IDLE 1 7
16:41:09	BUSY 1 8
16:41:28	IDLE 1 8
16:43:42	BUSY 1 7
16:45:37	IDLE 1 7
16:47:24	BUSY 1 8
16:47:42	IDLE 1 8
16:49:55	BUSY 1 7
16:51:50	IDLE 1 7
16:53:37	BUSY 1 8
16:53:55	IDLE 1 8
16:56:48	BUSY 1 7
16:58:43	IDLE 1 7
17:00:32	BUSY 1 8
17:00:49	IDLE 1 8
17:03:32	BUSY 1 7
17:05:09	IDLE 1 7
17:06:57	BUSY 1 8
17:07:15	IDLE 1 8
17:09:59	BUSY 1 7
17:11:54	IDLE 1 7
17:13:43	BUSY 1 8
17:14:02	IDLE 1 8
17:17:00	BUSY 1 7
17:18:37	IDLE 1 7
17:33:19	BUSY 1 8
17:33:37	IDLE 1 8
17:35:54	BUSY 1 7
17:38:16	IDLE 1 7
19:08:2005
10:00:53	BUSY 1 8
10:01:09	IDLE 1 8
10:03:54	BUSY 1 7
10:05:17	IDLE 1 7
10:08:11	BUSY 1 8
10:08:27	IDLE 1 8
10:11:18	BUSY 1 7
10:12:42	IDLE 1 7
10:34:44	BUSY 1 8
10:34:59	IDLE 1 8
10:37:48	BUSY 1 7
10:39:12	IDLE 1 7
10:40:58	BUSY 1 8
10:41:13	IDLE 1 8
10:44:03	BUSY 1 7
10:45:27	IDLE 1 7
10:47:23	BUSY 1 8
10:47:38	IDLE 1 8
10:49:52	BUSY 1 7
10:51:17	IDLE 1 7
10:53:04	BUSY 1 8
10:53:20	IDLE 1 8
10:55:33	BUSY 1 7
10:56:58	IDLE 1 7
10:58:54	BUSY 1 8
10:59:09	IDLE 1 8
11:01:50	BUSY 1 7
11:03:14	IDLE 1 7
11:05:08	BUSY 1 8
11:05:24	IDLE 1 8
11:08:16	BUSY 1 7
11:09:40	IDLE 1 7
11:11:28	BUSY 1 8
11:11:43	IDLE 1 8
11:14:36	BUSY 1 7
11:16:01	IDLE 1 7
11:17:50	BUSY 1 8
11:18:06	IDLE 1 8
11:26:02	BUSY 1 7
11:27:51	IDLE 1 7
12:06:46	BUSY 1 8
12:07:01	IDLE 1 8
12:10:14	BUSY 1 7
12:11:38	IDLE 1 7
12:13:27	BUSY 1 8
12:13:42	IDLE 1 8
12:16:17	BUSY 1 7
12:17:42	IDLE 1 7
12:42:36	BUSY 1 8
12:42:52	IDLE 1 8
14:52:15	BUSY 1 8
14:52:31	IDLE 1 8
14:55:22	BUSY 1 7
14:56:49	IDLE 1 7
14:58:43	BUSY 1 8
14:59:00	IDLE 1 8
15:0119:08:2005
16:46:22	BUSY 1 8
16:46:39	IDLE 1 8
16:48:52	BUSY 1 7
16:50:21	IDLE 1 7
16:52:08	BUSY 1 8
16:52:25	IDLE 1 8
16:55:07	BUSY 1 7
16:56:36	IDLE 1 7
22:08:2005
10:16:39	BUSY 1 8
10:16:54	IDLE 1 8
10:19:42	BUSY 1 7
10:21:18	IDLE 1 7
10:23:11	BUSY 1 8
10:23:27	IDLE 1 8
10:26:13	BUSY 1 7
10:27:35	IDLE 1 7
10:29:29	BUSY 1 8
10:29:45	IDLE 1 8
11:17:04	BUSY 1 8
11:17:20	IDLE 1 8
11:29:27	BUSY 1 8
11:29:43	IDLE 1 8
11:32:31	BUSY 1 7
11:34:08	IDLE 1 7
11:36:01	BUSY 1 8
11:36:17	IDLE 1 8
11:39:05	BUSY 1 7
11:40:29	IDLE 1 7
11:42:24	BUSY 1 8
11:42:40	IDLE 1 8
11:44:54	BUSY 1 7
11:46:32	IDLE 1 7
11:48:21	BUSY 1 8
11:48:37	IDLE 1 8
11:50:54	BUSY 1 7
11:52:17	IDLE 1 7
11:54:04	BUSY 1 8
11:54:19	IDLE 1 8
11:57:43	BUSY 1 7
11:59:07	IDLE 1 7
12:00:55	BUSY 1 8
12:01:11	IDLE 1 8
12:04:06	BUSY 1 7
12:06:22	IDLE 1 7
12:08:10	BUSY 1 8
12:08:26	IDLE 1 8
12:11:17	BUSY 1 7
12:12:40	IDLE 1 7
12:14:31	BUSY 1 8
12:14:46	IDLE 1 8
12:17:39	BUSY 1 7
12:19:02	IDLE 1 7
12:45:32	BUSY 1 8
12:45:47	IDLE 1 8
12:48:27	BUSY 1 7
12:49:52	IDLE 1 7
12:51:39	BUSY 1 8
12:51:55	IDLE 1 8
12:54:10	BUSY 1 7
12:55:36	IDLE 1 7
14:57:28	BUSY 1 8
14:57:43	IDLE 1 8
15:00:30	BUSY 1 7
15:02:07	IDLE 1 7
15:04:01	BUSY 1 8
15:04:17	IDLE 1 8
15:07:05	BUSY 1 7
15:08:31	IDLE 1 7
15:10:26	BUSY 1 8
15:10:42	IDLE 1 8
15:12:58	BUSY 1 7
15:14:24	IDLE 1 7
15:16:10	BUSY 1 8
15:16:26	IDLE 1 8
15:18:41	BUSY 1 7
15:20:21	IDLE 1 7
15:22:06	BUSY 1 8
15:22:22	IDLE 1 8
15:25:17	BUSY 1 7
15:26:42	IDLE 1 7
15:28:32	BUSY 1 8
15:28:48	IDLE 1 8
15:31:42	BUSY 1 7
15:33:06	IDLE 1 7
15:34:57	BUSY 1 8
15:35:13	IDLE 1 8
15:38:13	BUSY 1 7
15:39:51	IDLE 1 7
15:41:41	BUSY 1 8
15:41:56	IDLE 1 8
15:47:36	BUSY 1 7
15:49:02	IDLE 1 7
23:08:2005
10:48:18	BUSY 1 8
10:48:34	IDLE 1 8
10:54:13	ERROR 1 8
10:55:36	IDLE 1 8
23:08:2005
12:21:23	BUSY 1 8
12:21:39	IDLE 1 8
12:24:28	BUSY 1 7
12:25:53	IDLE 1 7
12:27:47	BUSY 1 8
12:28:03	IDLE 1 8
12:30:53	BUSY 1 7
12:32:18	IDLE 1 7
12:34:13	BUSY 1 8
12:34:29	IDLE 1 8
12:36:44	BUSY 1 7
12:38:23	IDLE 1 7
12:40:11	BUSY 1 8
12:40:27	IDLE 1 8
12:42:40	BUSY 1 7
12:44:05	IDLE 1 7
12:45:52	BUSY 1 8
12:46:08	IDLE 1 8
12:49:03	BUSY 1 7
12:50:43	IDLE 1 7
12:52:31	BUSY 1 8
12:52:47	IDLE 1 8
12:55:27	BUSY 1 7
12:57:06	IDLE 1 7
12:58:54	BUSY 1 8
12:59:10	IDLE 1 8
13:01:53	BUSY 1 7
13:03:19	IDLE 1 7
13:05:09	BUSY 1 8
13:05:25	IDLE 1 8
13:08:21	BUSY 1 7
13:09:47	IDLE 1 7
23:08:2005
16:51:08	BUSY 1 8
16:51:24	IDLE 1 8
16:54:13	BUSY 1 7
16:55:42	IDLE 1 7
16:57:34	BUSY 1 8
16:57:50	IDLE 1 8
17:00:39	BUSY 1 7
17:02:08	IDLE 1 7
24:08:2005
12:59:34	BUSY 1 8
12:59:49	IDLE 1 8
13:02:01	BUSY 1 7
13:03:24	IDLE 1 7
13:05:08	BUSY 1 8
13:05:24	IDLE 1 8
13:08:15	BUSY 1 7
13:09:39	IDLE 1 7
16:52:40	BUSY 1 8
16:52:56	IDLE 1 8
16:55:12	BUSY 1 7
16:56:36	IDLE 1 7
16:58:53	BUSY 1 8
16:59:09	IDLE 1 8
17:01:49	BUSY 1 7
17:03:13	IDLE 1 7
25:08:2005
10:46:43	BUSY 1 8
10:46:58	IDLE 1 8
10:49:12	BUSY 1 7
10:50:34	IDLE 1 7
10:54:17	BUSY 1 8
10:54:32	IDLE 1 8
10:56:45	BUSY 1 7
10:58:07	IDLE 1 7
11:07:17	BUSY 1 8
11:07:32	IDLE 1 8
11:10:19	BUSY 1 7
11:11:40	IDLE 1 7
11:13:35	BUSY 1 8
11:13:50	IDLE 1 8
11:16:37	BUSY 1 7
11:18:00	IDLE 1 7
11:21:13	BUSY 1 8
11:21:28	IDLE 1 8
11:24:22	BUSY 1 7
11:25:45	IDLE 1 7
11:28:50	BUSY 1 8
11:29:06	IDLE 1 8
11:31:58	BUSY 1 7
11:33:21	IDLE 1 7
11:35:08	BUSY 1 8
11:35:24	IDLE 1 8
11:38:25	BUSY 1 7
11:39:47	IDLE 1