10:03:2006
24:04:2006
24:04:2006
12:16:29	BUSY 1
12:16:30	IDLE 1
12:16:37	BUSY 2
12:16:37	IDLE 2
24:04:2006
12:17:34	BUSY 5 C:\CIM\CELL2\MTEST.TAP
12:18:16	ERROR Communications time out
12:18:18	IDLE
12:18:34	BUSY 5 C:\CIM\CELL2\MTEST.TAP
12:18:57	ERROR Communications time out
12:19:04	IDLE
12:19:08	BUSY 5 C:\CIM\CELL2\MTEST.TAP
12:19:53	ERROR Communications time out
24:04:2006
12:21:54	BUSY 5 C:\CIM\CELL2\MTEST.TAP
12:22:17	ERROR Communications time out
12:22:46	IDLE
24:04:2006
12:23:57	BUSY 5 C:\CIM\CELL2\MTEST.TAP
12:24:06	IDLE 5 C:\CIM\CELL2\MTEST.TAP
24:04:2006
12:26:05	BUSY 5 C:\CIM\CELL2\MTEST.TAP
12:26:19	ERROR RS232 Download aborted
12:26:21	IDLE
24:04:2006
12:28:36	BUSY 3
12:28:43	IDLE
12:28:47	BUSY 3
13:50:08	IDLE
13:50:18	BUSY 3
13:50:23	IDLE
24:04:2006
13:52:10	BUSY 5 C:\CIM\CELL2\MTEST.TAP
13:52:30	ERROR RS232 Download aborted
13:52:34	IDLE
13:52:40	BUSY 3
13:53:42	IDLE
13:53:49	BUSY 5 C:\CIM\CELL2\MTEST.TAP
13:53:49	IDLE 5 C:\CIM\CELL2\MTEST.TAP
13:54:42	BUSY 5 C:\CIM\CELL2\MTEST.TAP
13:54:42	IDLE 5 C:\CIM\CELL2\MTEST.TAP
13:55:01	BUSY 5 C:\CIM\CELL2\MTEST.TAP
13:55:01	IDLE 5 C:\CIM\CELL2\MTEST.TAP
13:55:09	BUSY 3
13:55:28	IDLE 3
24:04:2006
13:57:26	BUSY 5 C:\CIM\CELL2\MTEST.TAP
13:57:26	IDLE 5 C:\CIM\CELL2\MTEST.TAP
13:57:30	BUSY 3
13:58:03	IDLE 3
13:58:26	BUSY 5 C:\CIM\CELL2\MTEST.TAP
13:58:26	IDLE 5 C:\CIM\CELL2\MTEST.TAP
13:58:36	BUSY 3
13:58:48	IDLE
13:58:52	BUSY
13:59:05	IDLE
24:04:2006
14:05:17	BUSY
14:05:21	IDLE
14:06:08	BUSY 5 C:\CIM\CELL2\MTEST.TAP
14:06:08	IDLE 5 C:\CIM\CELL2\MTEST.TAP
14:06:09	BUSY
14:06:22	IDLE
14:06:31	BUSY 5 C:\CIM\CELL2\MTEST.TAP
14:06:31	IDLE 5 C:\CIM\CELL2\MTEST.TAP
14:06:31	BUSY
14:06:44	IDLE
14:06:49	BUSY 3
14:06:59	IDLE
14:07:09	BUSY 3
14:07:14	IDLE
14:07:22	BUSY 5 C:\CIM\CELL2\MTEST.TAP
14:07:22	IDLE 5 C:\CIM\CELL2\MTEST.TAP
14:07:31	BUSY 3
14:07:39	IDLE
14:08:00	BUSY
14:08:13	IDLE
24:04:2006
14:08:36	BUSY 3
14:08:40	IDLE
14:08:44	BUSY 5 C:\CIM\CELL2\MTEST.TAP
14:08:45	IDLE 5 C:\CIM\CELL2\MTEST.TAP
14:08:54	BUSY 5 C:\CIM\CELL2\MTEST.TAP
14:08:55	ERROR Error on CNC download
14:09:00	IDLE
24:04:2006
14:09:20	BUSY 5 C:\CIM\CELL2\MTEST.TAP
14:09:22	ERROR Error on CNC download
14:09:51	IDLE
14:09:58	BUSY 5 C:\CIM\CELL2\MTEST.TAP
14:09:58	IDLE 5 C:\CIM\CELL2\MTEST.TAP
14:10:07	BUSY 3
14:10:25	IDLE 3
14:16:21	BUSY
14:16:27	IDLE
24:04:2006
14:17:49	BUSY 5 C:\CIM\CELL2\MTEST.TAP
14:17:49	IDLE 5 C:\CIM\CELL2\MTEST.TAP
14:17:52	BUSY 3
14:18:04	IDLE
24:04:2006
14:18:33	BUSY 3
14:18:40	IDLE
14:18:44	BUSY
14:18:58	IDLE
14:19:10	BUSY 3
14:19:14	IDLE
14:19:21	BUSY 5 C:\CIM\CELL2\MTEST.TAP
14:19:21	IDLE 5 C:\CIM\CELL2\MTEST.TAP
14:19:27	BUSY 3
14:19:44	IDLE
24:04:2006
24:04:2006
15:04:45	BUSY 5 C:\CIM\CELL2\MTEST.TAP
15:04:47	ERROR Error on CNC download
15:06:40	IDLE
24:04:2006
15:06:53	BUSY 5 C:\CIM\CELL2\MTEST.TAP
15:06:53	IDLE 5 C:\CIM\CELL2\MTEST.TAP
15:06:59	BUSY 3
15:07:09	IDLE
15:07:14	BUSY
15:07:27	IDLE
15:07:39	BUSY 5 C:\CIM\CELL2\MTEST.TAP
15:07:39	IDLE 5 C:\CIM\CELL2\MTEST.TAP
15:11:00	BUSY
15:11:14	IDLE
15:11:21	BUSY 5 C:\CIM\CELL2\MTEST.TAP
15:11:21	IDLE 5 C:\CIM\CELL2\MTEST.TAP
15:11:22	BUSY
15:11:35	IDLE
15:11:42	BUSY 1
15:11:42	IDLE 1
15:11:47	BUSY 2
15:11:47	IDLE 2
15:11:51	BUSY 1
15:11:52	IDLE 1
15:11:57	BUSY 2
15:11:58	IDLE 2
15:15:49	BUSY 5 C:\CIM\CELL2\MTEST.TAP
15:15:49	IDLE 5 C:\CIM\CELL2\MTEST.TAP
15:15:49	BUSY
15:16:02	IDLE
15:16:21	BUSY 5 C:\CIM\CELL2\MTEST.TAP
15:16:21	IDLE 5 C:\CIM\CELL2\MTEST.TAP
15:16:26	BUSY 3
15:16:38	IDLE
24:04:2006
15:32:06	BUSY
15:32:07	BUSY
24:04:2006
15:32:39	BUSY
15:32:40	BUSY
24:04:2006
24:04:2006
15:34:44	BUSY
15:34:44	BUSY
24:04:2006
15:36:16	BUSY
15:36:17	BUSY
24:04:2006
24:04:2006
24:04:2006
24:04:2006
15:39:00	IDLE
15:39:25	BUSY 5 C:\CIM\CELL2\MTEST.TAP
15:39:25	IDLE 5 C:\CIM\CELL2\MTEST.TAP
15:39:39	BUSY
15:40:43	IDLE
24:04:2006
15:40:58	BUSY 5 C:\CIM\CELL2\MTEST.TAP
15:40:58	IDLE 5 C:\CIM\CELL2\MTEST.TAP
15:40:59	BUSY
15:41:12	IDLE
15:41:16	BUSY 5 C:\CIM\CELL2\MTEST.TAP
15:41:17	IDLE 5 C:\CIM\CELL2\MTEST.TAP
15:41:17	BUSY
15:41:30	IDLE
15:41:34	BUSY 5 C:\CIM\CELL2\MTEST.TAP
15:41:35	IDLE 5 C:\CIM\CELL2\MTEST.TAP
15:41:35	BUSY
15:41:48	IDLE
24:04:2006
15:42:46	BUSY
15:42:46	BUSY
15:43:40	IDLE
15:43:55	BUSY 5 C:\CIM\CELL2\MTEST.TAP
15:43:55	IDLE 5 C:\CIM\CELL2\MTEST.TAP
15:44:02	BUSY 3
15:44:16	IDLE 3
15:44:45	BUSY 5 C:\CIM\CELL2\MTEST.TAP
15:44:45	IDLE 5 C:\CIM\CELL2\MTEST.TAP
15:44:49	BUSY 3
15:45:03	IDLE 3
24:04:2006
15:45:28	BUSY 5 C:\CIM\CELL2\MTEST.TAP
15:45:28	IDLE 5 C:\CIM\CELL2\MTEST.TAP
15:45:30	BUSY 3
15:45:44	IDLE 3
24:04:2006
15:46:08	BUSY 5 C:\CIM\CELL2\MTEST.TAP
15:46:08	IDLE 5 C:\CIM\CELL2\MTEST.TAP
15:46:08	BUSY
15:46:22	IDLE
15:46:28	BUSY 5 C:\CIM\CELL2\MTEST.TAP
15:46:28	IDLE 5 C:\CIM\CELL2\MTEST.TAP
15:46:34	BUSY 3
15:46:48	IDLE 3
15:49:36	BUSY 5 C:\CIM\CELL2\MTEST.TAP
15:49:36	IDLE 5 C:\CIM\CELL2\MTEST.TAP
15:49:38	BUSY 3
15:49:52	IDLE 3
24:04:2006
15:53:31	BUSY 5 C:\CIM\CELL2\MTEST.TAP
15:53:33	ERROR Error on CNC download
15:53:39	IDLE
15:53:47	BUSY 5 C:\CIM\CELL2\MTEST.TAP
15:54:13	ERROR Communications time out
24:04:2006
15:54:59	BUSY 5 C:\CIM\CELL2\MTEST.TAP
15:55:00	IDLE 5 C:\CIM\CELL2\MTEST.TAP
15:55:02	BUSY 3
15:55:16	IDLE 3
24:04:2006
15:57:15	BUSY 5 C:\CIM\CELL2\MTEST.TAP
15:57:16	IDLE 5 C:\CIM\CELL2\MTEST.TAP
15:57:16	BUSY
15:57:29	IDLE
15:57:57	BUSY 5 C:\CIM\CELL2\MTEST.TAP
15:57:57	IDLE 5 C:\CIM\CELL2\MTEST.TAP
15:58:02	BUSY 3
15:58:16	IDLE 3
25:04:2006
25:04:2006
10:31:36	BUSY 1
10:31:36	IDLE 1
10:31:41	BUSY 2
10:31:41	IDLE 2
10:31:51	BUSY 5 C:\CIM\CELL2\MTEST.TAP
10:31:51	IDLE 5 C:\CIM\CELL2\MTEST.TAP
10:31:54	BUSY 3
10:32:40	IDLE
10:33:00	BUSY
10:33:13	IDLE
10:33:31	BUSY 5 C:\CIM\CELL2\MTEST.TAP
10:33:31	IDLE 5 C:\CIM\CELL2\MTEST.TAP
10:33:35	BUSY 3
10:33:49	IDLE 3
15:16:42	BUSY 1
15:16:42	IDLE 1
15:16:57	BUSY 2
15:16:58	IDLE 2
15:16:58	BUSY 5 Mtest.tap
15:16:59	IDLE 5 Mtest.tap
15:16:59	BUSY 3
15:17:13	IDLE 3
15:17:13	BUSY 4
15:17:13	IDLE 4
15:17:13	BUSY 1
15:17:14	IDLE 1
15:22:39	BUSY 1
15:22:39	IDLE 1
15:22:54	BUSY 5 Mtest.tap
15:22:55	IDLE 5 Mtest.tap
15:22:55	BUSY 3
15:23:09	IDLE 3
15:23:09	BUSY 4
15:23:09	IDLE 4
15:23:09	BUSY 1
15:23:09	IDLE 1
15:24:22	BUSY 1
15:24:22	IDLE 1
15:24:38	BUSY 2
15:24:38	IDLE 2
15:24:38	BUSY 2
15:24:38	IDLE 2
15:24:39	BUSY 2
15:24:39	IDLE 2
15:24:39	BUSY 2
15:24:39	IDLE 2
15:27:13	BUSY 1
15:27:14	IDLE 1
15:27:29	BUSY 2
15:27:29	IDLE 2
15:27:30	BUSY 5 Mtest.tap
15:27:30	IDLE 5 Mtest.tap
15:27:31	BUSY 3
15:27:44	IDLE 3
15:27:04:2006
15:41:44	BUSY 1
15:41:44	IDLE 1
15:41:48	BUSY 2
15:41:49	IDLE 2
15:41:54	BUSY 5 C:\CIM\CELL2\MTEST.TAP
15:41:56	ERROR Error on CNC download
15:42:00	IDLE
27:04:2006
15:43:05	BUSY 5 C:\CIM\CELL2\MTEST.TAP
15:43:06	IDLE 5 C:\CIM\CELL2\MTEST.TAP
15:43:06	BUSY
15:43:19	IDLE
15:43:34	BUSY 1
15:43:35	IDLE 1
15:43:51	BUSY 2
15:43:51	IDLE 2
15:43:51	BUSY 5 Mtest.tap
15:43:52	IDLE 5 Mtest.tap
15:43:52	BUSY 3
15:44:06	IDLE 3
15:44:06	BUSY 4
15:44:06	IDLE 4
15:44:07	BUSY 1
15:44:07	IDLE 1
16:10:51	BUSY 1
16:10:51	IDLE 1
16:11:07	BUSY 2
16:11:07	IDLE 2
16:11:08	BUSY 5 Mtest.tap
16:11:08	IDLE 5 Mtest.tap
16:11:08	BUSY 3
16:11:22	IDLE 3
16:11:22	BUSY 4
16:11:22	IDLE 4
16:02:05:2006
 8:18:55	BUSY
 8:18:55	BUSY
 8:19:31	IDLE
 8:24:21	BUSY 1
 8:24:21	IDLE 1
 8:24:25	BUSY 2
 8:24:25	IDLE 2
 8:24:31	BUSY 5 C:\CIM\CELL2\MTEST.TAP
 8:24:33	ERROR Error on CNC download
 8:24:37	IDLE
 8:25:15	BUSY 5 C:\CIM\CELL2\MTEST.TAP
 8:25:15	IDLE 5 C:\CIM\CELL2\MTEST.TAP
 8:25:18	BUSY 3
 8:25:32	IDLE 3
 8:25:45	BUSY 1
 8:25:46	IDLE 1
 8:26:02	BUSY 2
 8:26:03	IDLE 2
 8:26:03	BUSY 5 Mtest.tap
 8:26:03	IDLE 5 Mtest.tap
 8:26:04	BUSY 3
 8:26:17	IDLE 3
 8:26:18	BUSY 4
 8:26:18	IDLE 4
 8:26:18	BUSY 102:05:2006
 9:24:10	BUSY 1
 9:24:10	IDLE 1
 9:24:12	BUSY 2
 9:24:13	IDLE 2
 9:24:17	BUSY 5 C:\CIM\CELL2\MTEST.TAP
 9:24:17	IDLE 5 C:\CIM\CELL2\MTEST.TAP
 9:24:17	BUSY
 9:24:30	IDLE
13:37:56	BUSY 1
13:37:56	IDLE 1
13:38:12	BUSY 2
13:38:12	IDLE 2
13:38:13	BUSY 5 Mtest.tap
13:38:13	IDLE 5 Mtest.tap
13:38:13	BUSY 3
13:38:26	IDLE 3
13:38:27	BUSY 4
13:38:27	IDLE 4
13:38:27	BUSY 1
13:38:28	IDLE 1
13:46:49	BUSY 1
13:46:49	IDLE 1
13:47:04	BUSY 2
13:47:04	IDLE 2
13:47:05	BUSY 5 Mtest.tap
13:47:05	IDLE 5 Mtest.tap
13:47:05	BUSY 3
13:47:18	IDLE 3
13:47:19	BUSY 4
13:47:19	IDLE 4
13:47:19	BUSY 1
13:47:20	IDLE 1
13:55:02	BUSY 1
13:55:02	IDLE 1
13:55:17	BUSY 2
13:55:17	IDLE 2
13:55:18	BUSY 5 Mtest.tap
13:55:18	IDLE 5 Mtest.tap
13:55:18	BUSY 3
13:55:32	IDLE 3
13:55:32	BUSY 4
13:55:32	IDLE 4
13:55:32	BUSY 1
13:55:33	IDLE 1
14:07:06	BUSY 1
14:07:06	IDLE 1
14:07:22	BUSY 2
14:07:22	IDLE 2
14:07:23	BUSY 5 Mtest.tap
14:07:23	IDLE 5 Mtest.tap
14:07:23	BUSY 3
14:07:37	IDLE 3
14:07:37	BUSY 4
14:07:37	IDLE 4
14:07:38	BUSY 1
14:07:38	ID03:05:2006
 8:15:53	BUSY 1
 8:15:53	IDLE 1
 8:15:57	BUSY 2
 8:15:58	IDLE 2
 8:16:03	BUSY 5 C:\CIM\CELL2\MTEST.TAP
 8:16:03	IDLE 5 C:\CIM\CELL2\MTEST.TAP
 8:16:03	BUSY
 8:16:16	IDLE
 8:36:48	BUSY 1
 8:36:48	IDLE 1
 8:37:03	BUSY 2
 8:37:03	IDLE 2
 8:37:04	BUSY 5 Mtest.tap
 8:37:04	IDLE 5 Mtest.tap
 8:37:04	BUSY 3
 8:37:18	IDLE 3
 8:37:18	BUSY 4
 8:37:18	IDLE 4
 8:37:19	BUSY 1
 8:37:19	IDLE 1
 8:51:02	BUSY 1
 8:51:02	IDLE 1
 8:51:17	BUSY 2
 8:51:17	IDLE 2
 8:51:18	BUSY 5 Mtest.tap
 8:51:18	IDLE 5 Mtest.tap
 8:51:18	BUSY 3
 8:51:32	IDLE 3
 8:51:32	BUSY 4
 8:51:32	IDLE 4
 8:51:33	BUSY 1
 8:51:33	IDLE 1
 9:22:36	BUSY 1
 9:22:36	IDLE 1
 9:22:51	BUSY 2
 9:22:52	IDLE 2
 9:22:52	BUSY 5 Mtest.tap
 9:22:52	IDLE 5 Mtest.tap
 9:22:53	BUSY 3
 9:23:06	IDLE 3
 9:23:07	BUSY 4
 9:23:07	IDLE 4
 9:23:07	BUSY 1
 9:23:07	IDLE 1
 9:32:18	BUSY 1
 9:32:18	IDLE 1
 9:32:33	BUSY 2
 9:32:34	IDLE 2
 9:32:34	BUSY 5 Mtest.tap
 9:32:34	IDLE 5 Mtest.tap
 9:32:35	BUSY 3
 9:32:48	IDLE 3
 9:32:49	BUSY 4
 9:32:49	IDLE 4
 9:32:49	BUSY 1
 9:32:49	IDLE 1
10:18:29	BUSY 1
10:18:29	IDLE 1
10:18:44	BUSY 2
10:18:45	IDLE 2
10:18:45	BUSY 5 Mtest.tap
10:18:45	IDLE 5 Mtest.tap
10:18:46	BUSY 3
10:18:59	IDLE 3
10:19:00	BUSY 4
10:19:00	IDLE 4
10:19:00	BUSY 1
10:19:01	IDLE 1
10:29:25	BUSY 1
10:29:25	IDLE 1
10:29:40	BUSY 2
10:29:41	IDLE 2
10:29:41	BUSY 5 Mtest.tap
10:29:41	IDLE 5 Mtest.tap
10:29:42	BUSY 3
10:29:55	IDLE 3
10:29:56	BUSY 4
10:29:56	IDLE 4
10:29:56	BUSY 1
10:29:57	IDLE 1
10:31:18	BUSY 1
10:31:18	IDLE 1
10:31:33	BUSY 2
10:31:34	IDLE 2
10:31:34	BUSY 5 Mtest.tap
10:31:34	IDLE 5 Mtest.tap
10:31:35	BUSY 3
10:31:48	IDLE 3
10:31:49	BUSY 4
10:31:49	IDLE 4
10:31:49	BUSY 1
10:31:49	IDLE 1
10:45:46	BUSY 1
10:45:46	IDLE 1
10:46:01	BUSY 2
10:46:02	IDLE 2
10:46:02	BUSY 5 Mtest.tap
10:46:02	IDLE 5 Mtest.tap
10:46:03	BUSY 3
10:46:16	IDLE 3
10:46:17	BUSY 4
10:46:17	IDLE 4
10:46:17	BUSY 1
10:46:18	IDLE 1
10:47:41	BUSY 1
10:47:41	IDLE 1
10:47:56	BUSY 2
10:47:57	IDLE 2
10:47:57	BUSY 5 Mtest.tap
10:47:57	IDLE 5 Mtest.tap
10:47:58	BUSY 3
10:48:11	IDLE 3
10:48:12	BUSY 4
10:48:12	IDLE 4
10:48:12	BUSY 1
10:48:12	IDLE 1
11:04:24	BUSY 1
11:04:24	IDLE 1
11:04:40	BUSY 2
11:04:40	IDLE 2
11:04:41	BUSY 5 Mtest.tap
11:04:41	IDLE 5 Mtest.tap
11:04:41	BUSY 3
11:04:55	IDLE 3
11:04:56	BUSY 4
11:04:56	IDLE 4
11:04:56	BUSY 1
11:04:56	IDLE 1
11:06:18	BUSY 1
11:06:18	IDLE 1
11:06:34	BUSY 2
11:06:34	IDLE 2
11:06:34	BUSY 5 Mtest.tap
11:06:35	IDLE 5 Mtest.tap
11:06:35	BUSY 3
11:06:49	IDLE 3
11:06:49	BUSY 4
11:06:49	IDLE 4
11:06:49	BUSY 1
11:06:50	IDLE 1
14:57:29	BUSY 1
14:57:29	IDLE 1
14:57:45	BUSY 204:05:2006
12:07:59	BUSY 1
12:07:59	IDLE 1
12:08:02	BUSY 2
12:08:03	IDLE 2
12:08:06	BUSY 5 C:\CIM\CELL2\MTEST.TAP
12:08:06	IDLE 5 C:\CIM\CELL2\MTEST.TAP
12:08:07	BUSY
12:08:20	IDLE
12:08:31	BUSY 1
12:08:32	IDLE 1
12:08:47	BUSY 2
12:08:47	IDLE 2
12:08:48	BUSY 5 Mtest.tap
12:08:48	ERROR File not found 'Mtest.tap'
12:11:18	IDLE
12:11:18	BUSY 5 Mtest.tap
12:11:18	ERROR File not found 'Mtest.tap'
12:11:22	IDLE
12:11:23	BUSY 5 Mtest.tap
12:11:23	ERROR File not found 'Mtest.tap'
12:12:05	IDLE
12:12:06	BUSY 5 Mtest.tap
12:12:06	ERROR File not found 'Mtest.tap'
12:12:14	IDLE
12:12:20	BUSY 1
12:12:20	IDLE 1
12:12:24	BUSY 2
12:12:24	IDLE 2
12:12:34	BUSY 5 C:\CIM\CELL2\MTEST.TAP
12:12:34	IDLE 5 C:\CIM\CELL2\MTEST.TAP
12:12:37	BUSY 3
12:12:50	IDLE 3
14:22:04	BUSY 1
14:22:04	IDLE 1
14:22:20	BUSY 2
14:22:21	IDLE 2
14:22:21	BUSY 5 Mtest.tap
14:22:21	IDLE 5 Mtest.tap
14:22:22	BUSY 3
14:22:35	IDLE 3
14:22:36	BUSY 4
14:22:36	IDLE 4
14:22:36	BUSY 1
14:22:37	IDLE 1
14:41:25	BUSY 1
14:41:25	IDLE 1
14:41:41	BUSY 2
14:41:42	IDLE 2
104:05:2006
15:36:41	BUSY 5 C:\CIM\CELL2\MTEST.TAP
15:36:45	ERROR Error on CNC download
15:36:46	IDLE
15:37:26	BUSY 5 C:\CIM\CELL2\MTEST.TAP
15:37:26	IDLE 5 C:\CIM\CELL2\MTEST.TAP
15:37:26	BUSY
15:37:40	IDLE
15:43:41	BUSY 1
15:43:42	IDLE 1
15:43:57	BUSY 2
15:43:57	IDLE 2
15:43:58	BUSY 5 Mtest.tap
15:43:58	IDLE 5 Mtest.tap
15:43:58	BUSY 3
15:44:12	IDLE 3
15:44:12	BUSY 4
15:44:12	IDLE 4
15:44:13	BUSY 1
15:44:13	IDLE 1
16:15:49	BUSY 1
16:15:49	IDLE 1
16:16:05	BUSY 2
16:16:05	IDLE 2
16:16:06	BUSY 5 Mtest.tap
16:05:05:2006
 7:25:15	BUSY 1
 7:25:15	IDLE 1
 7:25:19	BUSY 2
 7:25:19	IDLE 2
 7:25:24	BUSY 5 C:\CIM\CELL2\MTEST.TAP
 7:25:25	IDLE 5 C:\CIM\CELL2\MTEST.TAP
 7:25:25	BUSY
 7:25:38	IDLE
 7:25:50	BUSY 1
 7:25:50	IDLE 1
 7:26:05	BUSY 2
 7:26:06	IDLE 2
 7:26:06	BUSY 5 Mtest.tap
 7:26:06	IDLE 5 Mtest.tap
 7:26:07	BUSY 3
 7:26:20	IDLE 3
 7:26:21	BUSY 4
 7:26:21	IDLE 4
 7:26:21	BUSY 1
 7:26:22	IDLE 1
 8:48:22	BUSY 2
 8:48:23	IDLE 2
 8:48:45	BUSY 1
 8:48:46	IDLE 1
 8:49:11	BUSY 2
 8:49:11	IDLE 2
 8:49:14	BUSY 1
 8:49:108:05:2006
 7:33:25	BUSY 1
 7:33:26	IDLE 1
 7:33:29	BUSY 2
 7:33:29	IDLE 2
 7:33:35	BUSY 1
 7:33:35	IDLE 1
 7:33:40	BUSY 2
 7:33:40	IDLE 2
 7:33:44	BUSY 1
 7:33:44	IDLE 1
 7:33:48	BUSY 2
 7:33:48	IDLE 2
 7:33:52	BUSY 5 C:\CIM\CELL2\MTEST.TAP
 7:33:52	IDLE 5 C:\CIM\CELL2\MTEST.TAP
 7:33:52	BUSY
 7:34:05	IDLE
 7:34:26	BUSY 1
 7:34:26	IDLE 1
 7:34:41	BUSY 2
 7:34:42	IDLE 2
 7:34:42	BUSY 5 Mtest.tap
 7:34:43	IDLE 5 Mtest.tap
 7:34:43	BUSY 3
 7:34:56	IDLE 3
 7:34:57	BUSY 4
 7:34:57	IDLE 4
 7:34:57	BUSY 1
 7:34:57	IDLE 1
 8:59:13	BUSY 1
 8:59:13	IDLE 1
 8:59:29	BUSY 2
 8:59:29	IDLE 2
 8:59:30	BUSY 5 Mtest.tap
 8:59:30	IDLE 5 Mtest.tap
 8:59:30	BUSY 3
 8:59:43	IDLE 3
 8:59:44	BUSY 4
 8:59:44	IDLE 4
 8:59:44	BUSY 1
 8:59:44	IDLE 1
 9:01:10	BUSY 1
 9:01:10	IDLE 1
 9:01:25	BUSY 2
 9:01:26	IDLE 2
 9:01:26	BUSY 5 Mtest.tap
 9:01:26	IDLE 5 Mtest.tap
 9:01:27	BUSY 3
 9:01:40	IDLE 3
 9:01:40	BUSY 4
 9:01:40	IDLE 4
 9:01:41	BUSY 1
 9:01:41	IDLE 1
 9:04:57	BUSY 1
 9:04:57	IDLE 1
 9:05:12	BUSY 2
 9:05:13	IDLE 2
 9:05:13	BUSY 5 Mtest.tap
 9:05:13	IDLE 5 Mtest.tap
 9:05:14	BUSY 3
 9:05:27	IDLE 3
 9:05:27	BUSY 4
 9:05:27	IDLE 4
 9:05:28	BUSY 1
 9:05:28	IDLE 1
 9:06:52	BUSY 1
 9:06:52	IDLE 1
 9:07:08	BUSY 2
 9:07:08	IDLE 2
 9:07:08	BUSY 5 Mtest.tap
 9:07:08	IDLE 5 Mtest.tap
 9:07:09	BUSY 3
 9:07:22	IDLE 3
 9:07:22	BUSY 4
 9:07:22	IDLE 4
 9:07:23	BUSY 1
 9:07:23	IDLE 1
10:19:10	BUSY 1
10:19:10	IDLE 1
10:19:26	BUSY 2
10:19:26	IDLE 2
10:19:26	BUSY 5 Mtest.tap
10:19:27	IDLE 5 Mtest.tap
10:19:27	BUSY 3
10:19:40	IDLE 3
10:19:40	BUSY 4
10:19:40	IDLE 4
10:19:41	BUSY 1
10:19:41	IDLE 1
10:21:04	BUSY 1
10:21:04	IDLE 1
10:21:20	BUSY 2
10:21:20	IDLE 2
10:21:20	BUSY 5 Mtest.tap
10:21:20	IDLE 5 Mtest.tap
10:21:21	BUSY 3
10:21:34	IDLE 3
10:21:34	BUSY 4
10:21:34	IDLE 4
10:21:35	BUSY 1
10:21:35	IDLE 1
10:24:52	BUSY 1
10:24:52	IDLE 1
10:25:08	BUSY 2
10:25:08	IDLE 2
10:25:08	BUSY 5 Mtest.tap
10:25:08	IDLE 5 Mtest.tap
10:25:09	BUSY 3
10:25:22	IDLE 3
10:25:22	BUSY 4
10:25:22	IDLE 4
10:25:23	BUSY 1
10:25:23	IDLE 1
10:26:46	BUSY 1
10:26:46	IDLE 1
10:27:02	BUSY 2
10:27:02	IDLE 2
10:27:02	BUSY 5 Mtest.tap
10:27:02	IDLE 5 Mtest.tap
10:27:03	BUSY 3
10:27:16	IDLE 3
10:27:16	BUSY 4
10:27:16	IDLE 4
10:27:17	BUSY 1
10:27:17	IDLE 1
09:05:2006
 8:40:29	BUSY 1
 8:40:29	IDLE 1
 8:40:45	BUSY 2
 8:40:45	IDLE 2
 8:40:46	BUSY 5 Mtest.tap
 8:42:01	ERROR Error on CNC download
 8:42:24	IDLE
 8:42:25	BUSY 5 Mtest.tap
 8:42:25	IDLE 5 Mtest.tap
 8:42:25	BUSY 3
 8:42:39	IDLE 3
 8:42:53	BUSY 5 C:\CIM\CELL2\MTEST.TAP
 8:42:53	IDLE 5 C:\CIM\CELL2\MTEST.TAP
 8:42:56	BUSY 3
 8:43:10	IDLE 3
 8:43:23	BUSY 1
 8:43:23	IDLE 1
 8:43:38	BUSY 2
 8:43:39	IDLE 2
 8:43:39	BUSY 5 Mtest.tap
 8:43:40	IDLE 5 Mtest.tap
 8:43:40	BUSY 3
 8:45:39	IDLE
 8:45:45	BUSY 5 C:\CIM\CELL2\MTEST.TAP
 8:45:45	IDLE 5 C:\CIM\CELL2\MTEST.TAP
 8:45:45	BUSY
 8:45:59	IDLE
 8:46:10	BUSY 1
 8:46:11	IDLE 1
 8:46:26	BUSY 2
 8:46:26	IDLE 2
 8:46:27	BUSY 5 Mtest.tap
 8:46:27	IDLE 5 Mtest.tap
 8:46:27	BUSY 3
 8:46:41	IDLE 3
 8:46:41	BUSY 4
 8:46:41	IDLE 4
 8:46:42	BUSY 1
 8:46:42	IDLE 1
 8:51:40	BUSY 1
 8:51:40	IDLE 1
 8:51:56	BUSY 2
 8:51:56	IDLE 2
 8:51:57	BUSY 5 Mtest.tap
 8:51:57	IDLE 5 Mtest.tap
 8:51:57	BUSY 3
 8:52:11	IDLE 3
 8:52:12	BUSY 4
 8:52:12	IDLE 4
 8:52:12	BUSY 1
 8:52:12	IDLE 1
 8:53:35	BUSY 1
 8:53:35	IDLE 1
 8:53:51	BUSY 2
 8:53:51	IDLE 2
 8:53:52	BUSY 5 Mtest.tap
 8:53:52	IDLE 5 Mtest.tap
 8:53:52	BUSY 3
 8:54:06	IDLE 3
 8:54:06	BUSY 4
 8:54:06	IDLE 4
 8:54:07	BUSY 1
 8:54:07	IDLE 1
 8:57:22	BUSY 1
 8:57:22	IDLE 1
 8:57:38	BUSY 2
 8:57:38	IDLE 2
 8:57:39	BUSY 5 Mtest.tap
 8:57:39	IDLE 5 Mtest.tap
 8:57:39	BUSY 3
 8:57:53	IDLE 3
 8:57:54	BUSY 4
 8:57:54	IDLE 4
 8:57:54	BUSY 1
 8:57:54	IDLE 1
 8:59:16	BUSY 1
 8:59:16	IDLE 1
 8:59:32	BUSY 2
 8:59:32	IDLE 2
 8:59:33	BUSY 5 Mtest.tap
 8:59:33	IDLE 5 Mtest.tap
 8:59:33	BUSY 3
 8:59:47	IDLE 3
 8:59:48	BUSY 4
 8:59:48	IDLE 4
 8:59:48	BUSY 1
 8:59:49	IDLE 1
13:35:28	BUSY 1
13:35:28	IDLE 1
13:35:44	BUSY 2
13:35:44	IDLE 2
13:35:45	BUSY 5 Mtest.tap
13:35:45	IDLE 5 Mtest.tap
13:35:45	BUSY 3
13:35:59	IDLE 3
13:35:59	BUSY 4
13:35:59	IDLE 4
13:36:00	BUSY 1
13:36:00	IDLE 1
13:37:23	BUSY 1
13:37:23	IDLE 1
13:37:39	BUSY 2
13:37:39	IDLE 2
13:37:39	BUSY 5 Mtest.tap
13:37:40	IDLE 5 Mtest.tap
13:37:40	BUSY 3
13:37:54	IDLE 3
13:37:54	BUSY 4
13:37:54	IDLE 10:05:2006
11:11:58	BUSY 1
11:11:58	IDLE 1
11:12:14	BUSY 2
11:12:14	IDLE 2
11:12:15	BUSY 5 Mtest.tap
11:12:15	IDLE 5 Mtest.tap
11:12:15	BUSY 3
11:12:29	IDLE 3
11:12:29	BUSY 4
11:12:29	IDLE 4
11:12:30	BUSY 1
11:12:30	IDLE 1
11:13:54	BUSY 1
11:13:54	IDLE 1
11:14:09	BUSY 2
11:14:09	IDLE 2
11:14:10	BUSY 5 Mtest.tap
11:14:10	IDLE 5 Mtest.tap
11:14:10	BUSY 3
11:14:24	IDLE 3
11:14:25	BUSY 4
11:14:25	IDLE 4
11:14:25	BUSY 1
11:14:25	IDLE 1
11:17:41	BUSY 1
11:17:41	IDLE 1
11:17:56	BUSY 2
11:17:56	IDLE 2
11:17:57	BUSY11:05:2006
14:40:29	BUSY
14:41:05	IDLE
14:44:22	BUSY 1
14:44:23	IDLE 1
14:44:26	BUSY 2
14:44:26	IDLE 2
14:44:31	BUSY 5 C:\CIM\CELL2\MTEST.TAP
14:44:32	IDLE 5 C:\CIM\CELL2\MTEST.TAP
14:44:36	BUSY 3
14:44:53	IDLE 3
14:45:20	BUSY 5 C:\CIM\CELL2\MTEST.TAP
14:45:20	IDLE 5 C:\CIM\CELL2\MTEST.TAP
14:45:23	BUSY 3
14:45:37	IDLE 3
15:08:43	BUSY 1
15:08:43	IDLE 1
15:08:59	BUSY 2
15:08:59	IDLE 2
15:09:00	BUSY 5 Mtest.tap
15:09:00	IDLE 5 Mtest.tap
15:09:01	BUSY 3
15:09:14	IDLE 3
15:09:15	BUSY 4
15:09:15	IDLE 4
15:09:16	BUSY 1
15:09:16	IDLE 1
15:18:03	BUSY 1
15:18:03	IDLE 1
15:18:18	BUSY 2
15:18:19	IDLE 2
15:18:19	BUSY 5 Mtest.tap
15:18:20	IDLE 5 Mtest.tap
15:18:20	BUSY 3
15:18:34	IDLE 3
15:18:35	BUSY 4
15:18:35	IDLE 4
15:18:35	BUSY 1
15:18:35	IDLE 1
15:20:01	BUSY 1
15:20:01	IDLE 1
15:20:16	BUSY 2
15:20:18	IDLE 2
15:20:18	BUSY 5 Mtest.tap
15:20:18	IDLE 5 Mtest.tap
15:20:19	BUSY 3
15:20:32	IDLE 3
15:20:33	BUSY 4
15:20:33	IDLE 4
15:20:33	BUSY 1
15:20:34	IDLE 1
15:23:55	BUSY 1
15:23:55	IDLE 1
15:24:10	BUSY 2
15:24:11	IDLE 2
115:05:2006
 9:36:13	BUSY 1
 9:36:14	IDLE 1
 9:36:19	BUSY 2
 9:36:19	IDLE 2
 9:36:24	BUSY 5 C:\CIM\CELL2\MTEST.TAP
 9:36:27	ERROR Error on CNC download
 9:36:29	IDLE
 9:37:07	BUSY 5 C:\CIM\CELL2\MTEST.TAP
 9:37:07	IDLE 5 C:\CIM\CELL2\MTEST.TAP
 9:37:08	BUSY
 9:37:17	IDLE
 9:37:29	BUSY 1
 9:37:29	IDLE 1
 9:37:44	BUSY 2
 9:37:45	IDLE 2
 9:37:45	BUSY 5 Mtest.tap
 9:37:45	IDLE 5 Mtest.tap
 9:37:46	BUSY 3
 9:37:59	IDLE 3
 9:38:00	BUSY 4
 9:38:00	IDLE 4
 9:38:01	BUSY 1
 9:38:01	IDLE 1
 9:50:31	BUSY 1
 9:50:31	IDLE 1
 9:50:46	BUSY 2
 9:50:46	IDLE 2
 9:50:47	BUSY 5 Mtest.tap
 9:50:47	IDLE 5 Mtest.tap
 9:50:48	BUSY 3
 9:51:02	IDLE 3
 9:51:02	BUSY 4
 9:51:02	IDLE 4
 9:51:02	BUSY 1
 9:51:03	IDLE 1
 9:52:30	BUSY 1
 9:52:30	IDLE 1
 9:52:46	BUSY 2
 9:52:46	IDLE 2
 9:52:47	BUSY 5 Mtest.tap
 9:52:47	IDLE 5 Mtest.tap
 9:52:47	BUSY 3
 9:53:01	IDLE 3
 9:53:02	BUSY 4
 9:53:02	IDLE 4
 9:53:02	BUSY 1
 9:53:02	IDLE 1
 9:56:27	BUSY 1
 9:56:27	IDLE 1
 9:56:43	BUSY 2
 9:56:43	IDLE 2
 9:56:44	BUSY 5 Mtest.tap
 9:56:44	IDLE 5 Mtest.tap
 9:56:44	BUSY 3
 9:56:58	IDLE 3
 9:56:58	BUSY 4
 9:56:58	IDLE 4
 9:56:59	BUSY 1
 9:56:59	IDLE 1
 9:58:26	BUSY 1
 9:58:26	IDLE 1
 9:58:41	BUSY 2
 9:58:42	IDLE 2
 9:58:42	BUSY 5 Mtest.tap
 9:58:42	IDLE 5 Mtest.tap
 9:58:43	BUSY 3
 9:58:56	IDLE 3
 9:58:57	BUSY 4
 9:58:57	IDLE 4
 9:58:57	BUSY 1
 9:58:58	IDLE 1
