12:11:2004
12:11:2004
16:11:2004
22:11:2004
22:11:2004
13:05:2005
13:05:2005
13:05:2005
16:05:2005
 9:48:41	BUSY 
 9:48:49	IDLE 
16:05:2005
16:05:2005
 9:54:26	BUSY 
 9:54:43	IDLE 
17:05:2005
15:39:03	ERROR 
17:05:2005
18:05:2005
11:27:44	BUSY 
11:27:54	IDLE 
11:29:11	BUSY 
11:30:22	IDLE 
11:31:58	BUSY 
11:32:08	IDLE 
11:32:17	BUSY 
11:33:29	IDLE 
11:33:52	BUSY 
11:34:02	IDLE 
12:04:24	BUSY 
12:05:36	IDLE 
15:19:45	BUSY 1 8
18:05:2005
18:05:2005
15:27:52	BUSY 
15:27:53	IDLE 
15:27:55	BUSY 
15:27:55	IDLE 
15:27:57	BUSY 
15:27:58	IDLE 
15:27:58	BUSY 
15:27:58	IDLE 
15:27:58	BUSY 
15:27:59	IDLE 
15:27:59	BUSY 
15:27:59	IDLE 
15:27:59	BUSY 
15:28:00	IDLE 
15:28:03	BUSY 
15:28:16	BUSY 
15:28:26	IDLE 
15:28:30	BUSY 
15:29:44	IDLE 
15:44:29	BUSY 1 8
15:44:39	IDLE 1 8
15:47:56	BUSY 1 7
15:49:10	IDLE 1 7
16:28:42	BUSY 1 8
16:28:53	IDLE 1 8
16:32:16	BUSY 1 7
16:33:31	IDLE 1 7
16:35:18	BUSY 1 8
16:35:28	IDLE 1 8
16:47:46	BUSY 1 8
20:05:2005
18:21:33	BUSY 1 8
18:21:43	IDLE 1 8
18:28:23	BUSY 1 7
18:29:35	IDLE 1 7
18:31:26	BUSY 1 8
18:31:36	IDLE 1 8
18:35:07	BUSY 1 7
18:36:19	IDLE 1 7
18:39:49	BUSY 1 7
18:39:59	IDLE 1 7
18:50:52	BUSY 1 7
18:50:53	IDLE 1 7
18:50:57	BUSY 1 7
18:52:09	IDLE 1 7
19:10:24	BUSY 1 8
19:10:34	IDLE 1 8
