01:11:2004
01:11:2004
01:11:2004
01:11:2004
01:11:2004
01:11:2004
01:11:2004
01:11:2004
01:11:2004
01:11:2004
11:11:2004
11:11:2004
11:11:2004
11:11:2004
12:11:2004
12:11:2004
22:11:2004
22:11:2004
22:11:2004
25:11:2004
14:24:27	BUSY 3 gbtest 1 2 101
14:24:28	IDLE 3 gbtest 1 2 101
14:25:15	BUSY 3 gbtest 1 2 102
14:26:10	BUSY 3 gbtest 2 3 101
14:26:13	IDLE 3 gbtest 1 2 102
14:26:25	IDLE 3 gbtest 2 3 101
14:27:26	BUSY 3 gbtest 3 4 101
14:27:41	IDLE 3 gbtest 3 4 101
14:27:56	BUSY 3 gbtest 2 3 102
14:28:11	IDLE 3 gbtest 2 3 102
14:29:13	BUSY 3 gbtest 3 4 102
14:30:03	BUSY 3 gbtest 4 1 101
14:30:23	IDLE 3 gbtest 4 1 101
14:53:06	BUSY 3 gbtest 1 2 101
14:53:07	IDLE 3 gbtest 1 2 101
14:53:47	BUSY 3 gbtest 1 2 102
14:54:49	BUSY 3 gbtest 2 3 101
14:54:52	IDLE 3 gbtest 1 2 102
14:55:04	IDLE 3 gbtest 2 3 101
14:56:05	BUSY 3 gbtest 3 6 101
14:56:35	BUSY 3 gbtest 2 3 102
14:56:48	IDLE 3 gbtest 2 3 102
15:03:35	BUSY 3 gbtest 1 2 101
15:03:36	IDLE 3 gbtest 1 2 101
15:09:27	BUSY 3 gbtest 1 2 101
15:09:27	IDLE 3 gbtest 1 2 101
15:10:12	BUSY 3 gbtest 1 2 102
15:11:10	BUSY 3 gbtest 2 3 101
15:11:13	IDLE 3 gbtest 1 2 102
15:11:25	IDLE 3 gbtest 2 3 101
15:12:28	BUSY 3 gbtest 3 6 101
15:12:57	BUSY 3 gbtest 2 3 102
15:13:03	IDLE 3 gbtest 3 6 101
15:13:09	BUSY 3 gbtest 6 1 101
15:13:12	IDLE 3 gbtest 2 3 102
15:13:18	IDLE 3 gbtest 6 1 101
15:14:14	BUSY 3 gbtest 3 6 102
15:14:49	IDLE 3 gbtest 3 6 102
15:15:09	BUSY 3 gbtest 6 1 102
15:15:18	IDLE 3 gbtest 6 1 102
15:20:24	BUSY 3 gbtest 1 2 101
15:20:27	IDLE 3 gbtest 1 2 101
15:20:48	BUSY 3 gbtest 1 2 102
15:22:09	BUSY 3 gbtest 2 3 101
15:22:12	IDLE 3 gbtest 1 2 102
15:22:24	IDLE 3 gbtest 2 3 101
15:23:26	BUSY 3 gbtest 3 6 101
15:23:56	BUSY 3 gbtest 2 3 102
15:24:01	IDLE 3 gbtest 3 6 101
15:24:26:11:2004
11:31:40	BUSY 3 VISION 1 2 101
11:31:41	IDLE 3 VISION 1 2 101
11:33:23	BUSY 3 VISION 2 3 101
11:33:35	BUSY 3 VISION 1 2 102
11:33:36	IDLE 3 VISION 1 2 102
11:33:38	IDLE 3 VISION 2 3 101
11:34:39	BUSY 3 VISION 3 4 101
11:34:50	IDLE 3 VISION 3 4 101
11:34:53	BUSY 3 VISION 4 6 101
11:35:18	IDLE 3 VISION 4 6 101
11:35:18	BUSY 3 VISION 2 3 102
11:35:33	IDLE 3 VISION 2 3 102
11:35:38	BUSY 3 VISION 6 1 101
11:35:47	IDLE 3 VISION 6 1 101
11:36:35	BUSY 3 VISION 3 4 102
11:36:46	IDLE 3 VISION 3 4 102
11:3609:05:2005
11:05:2005
10:42:26	BUSY 3 spptd 1 2 101
10:42:30	IDLE 3 spptd 1 2 101
10:49:25	BUSY 3 spptd 1 2 101
10:49:32	IDLE 3 spptd 1 2 101
10:55:34	BUSY 3 spptd 1 2 101
10:55:41	IDLE 3 spptd 1 2 101
11:09:49	BUSY 3 spptd 1 2 101
11:09:53	IDLE 3 spptd 1 2 101
11:14:32	BUSY 3 spptd 1 2 101
11:14:35	IDLE 3 spptd 1 2 101
11:20:17	BUSY 3 spptd 2 3 101
11:20:30	IDLE 3 spptd 2 3 101
12:05:2005
 2:30:04	BUSY 3 spptd 1 2 101
 2:30:09	IDLE 3 spptd 1 2 101
 2:35:57	BUSY 3 spptd 2 3 101
 2:36:10	IDLE 3 spptd 2 3 101
 2:48:45	BUSY 3 spptd 1 2 101
 2:48:50	IDLE 3 spptd 1 2 101
 2:59:56	BUSY 3 spptd 1 2 101
 3:00:01	IDLE 3 spptd 1 2 101
 3:04:21	BUSY 3 spptd 1 2 101
 3:04:26	IDLE 3 spptd 1 2 101
 3:13:28	BUSY 3 spptd 1 2 101
 3:13:35	IDLE 3 spptd 1 2 101
 3:19:29	BUSY 3 spptd 2 3 101
 3:19:43	IDLE 3 spptd 2 3 101
 3:27:48	BUSY 3 spptd 1 2 101
 3:27:53	IDLE 3 spptd 1 2 101
 3:33:40	BUSY 3 spptd 2 3 101
 3:33:54	IDLE 3 spptd 2 3 101
 3:39:57	BUSY 3 spptd 3 6 101
 3:40:33	IDLE 3 spptd 3 6 101
 3:40:38	BUSY 3 spptd 6 1 101
 3:40:47	IDLE 3 spptd 6 1 101
 3:45:46	BUSY 3 spptd 1 2 101
 3:45:51	IDLE 3 spptd 1 2 101
 3:53:19	BUSY 3 spptd 2 3 101
 3:53:33	IDLE 3 spptd 2 3 101
 3:59:40	BUSY 3 spptd 3 6 101
 4:00:16	IDLE 3 spptd 3 6 101
 4:00:21	BUSY 3 spptd 6 1 101
 4:00:30	IDLE 3 spptd 6 1 101
 4:07:43	BUSY 3 SPPTD1 1 2 101
 4:07:47	IDLE 3 SPPTD1 1 2 101
 4:10:57	BUSY 3 spptd 1 2 101
 4:11:02	IDLE 3 spptd 1 2 101
 4:16:49	BUSY 3 spptd 2 3 101
 4:17:03	IDLE 3 spptd 2 3 101
 4:23:10	BUSY 3 spptd 3 6 101
 4:23:46	IDLE 3 spptd 3 6 101
 4:23:51	BUSY 3 spptd 6 1 101
 4:24:00	IDLE 3 spptd 6 1 101
 4:37:56	BUSY 3 spptd 1 2 101
 4:38:01	IDLE 3 spptd 1 2 101
 4:44:05	BUSY 3 spptd 2 3 101
 4:44:19	IDLE 3 spptd 2 3 101
13:05:2005
10:31:05	BUSY 3 KUDA 1 2 101
10:31:09	IDLE 3 KUDA 1 2 101
10:40:23	BUSY 3 KUDA 1 2 101
10:40:28	IDLE 3 KUDA 1 2 101
10:40:57	BUSY 3 KUDA 1 2 102
10:45:53	BUSY 3 KUDA 2 3 101
10:45:56	IDLE 3 KUDA 1 2 102
10:46:07	IDLE 3 KUDA 2 3 101
10:51:20	BUSY 3 KUDA 2 3 102
10:51:27	BUSY 3 KUDA 3 6 101
10:51:34	IDLE 3 KUDA 2 3 102
10:52:03	IDLE 3 KUDA 3 6 101
10:52:08	BUSY 3 KUDA 6 1 101
10:52:17	IDLE 3 KUDA 6 1 101
10:56:47	BUSY 3 KUDA 3 6 102
10:57:24	IDLE 3 KUDA 3 6 102
10:57:42	BUSY 3 KUDA 6 1 102
10:57:51	IDLE 3 KUDA 6 1 102
17:05:2005
16:45:33	BUSY 3 BISHOP1 1 2 101
16:45:37	IDLE 3 BISHOP1 1 2 101
16:52:16	BUSY 3 BISHOP1 1 2 101
16:52:19	IDLE 3 BISHOP1 1 2 101
16:59:52	BUSY 3 ROOK1 1 2 101
16:59:56	IDLE 3 ROOK1 1 2 101
17:04:46	BUSY 3 BISHOP1 1 2 101
17:04:50	IDLE 3 BISHOP1 1 2 101
17:05:23	BUSY 3 ROOK1 1 2 102
17:10:11	BUSY 3 BISHOP1 2 3 101
17:10:13	IDLE 3 ROOK1 1 2 102
17:10:24	IDLE 3 BISHOP1 2 3 101
17:13:06	BUSY 3 BISHOP1 3 6 101
17:13:41	IDLE 3 BISHOP1 3 6 101
17:13:47	BUSY 3 BISHOP1 6 1 101
17:13:55	IDLE 3 BISHOP1 6 1 101
17:15:03	BUSY 3 ROOK1 2 3 102
17:15:16	IDLE 3 ROOK1 2 3 102
17:26:46	BUSY 3 ROOK1 1 2 101
17:26:49	IDLE 3 ROOK1 1 2 101
17:31:39	BUSY 3 ROOK1 2 3 101
17:31:52	IDLE 3 ROOK1 2 3 101
17:36:01	BUSY 3 ROOK1 3 6 101
17:36:36	IDLE 3 ROOK1 3 6 101
17:36:42	BUSY 3 ROOK1 6 1 101
17:36:50	IDLE 3 ROOK1 6 1 101
17:05:2005
18:05:2005
18:05:2005
14:59:20	BUSY 3 ROOK 1 2 101
14:59:25	IDLE 3 ROOK 1 2 101
14:59:58	BUSY 3 ROOK 1 2 102
15:09:01	BUSY 3 ROOK 1 2 101
15:09:06	IDLE 3 ROOK 1 2 101
15:09:39	BUSY 3 ROOK 1 2 102
15:13:56	BUSY 3 ROOK 2 3 101
15:13:59	IDLE 3 ROOK 1 2 102
15:14:10	IDLE 3 ROOK 2 3 101
15:18:19	BUSY 3 ROOK 3 6 101
15:18:48	BUSY 3 ROOK 2 3 102
15:18:55	IDLE 3 ROOK 3 6 101
15:19:00	BUSY 3 ROOK 6 1 101
15:19:02	IDLE 3 ROOK 2 3 102
15:19:09	IDLE 3 ROOK 6 1 101
15:23:09	BUSY 3 ROOK 3 6 102
15:23:46	IDLE 3 ROOK 3 6 102
15:31:58	BUSY 3 ROOK 1 2 101
15:32:05	IDLE 3 ROOK 1 2 101
15:33:04	BUSY 3 ROOK 1 2 102
15:38:43	BUSY 3 ROOK 2 3 101
15:38:45	IDLE 3 ROOK 1 2 102
15:38:56	IDLE 3 ROOK 2 3 101
15:43:03	BUSY 3 ROOK 3 6 101
15:43:38	IDLE 3 ROOK 3 6 101
15:43:44	BUSY 3 ROOK 6 1 101
15:43:52	IDLE 3 ROOK 6 1 101
16:18:06	BUSY 3 ROOK 1 2 101
16:18:09	IDLE 3 ROOK 1 2 101
16:18:42	BUSY 3 ROOK 1 2 102
16:22:54	BUSY 3 ROOK 2 3 101
16:22:57	IDLE 3 ROOK 1 2 102
16:23:08	IDLE 3 ROOK 2 3 101
16:27:16	BUSY 3 ROOK 3 6 101
16:27:42	BUSY 3 ROOK 2 3 102
16:27:52	IDLE 3 ROOK 3 6 101
16:27:56	IDLE 3 ROOK 2 3 102
16:27:58	BUSY 3 ROOK 6 1 101
16:28:07	IDLE 3 ROOK 6 1 101
16:32:04	BUSY 3 ROOK 3 6 102
16:32:40	IDLE 3 ROOK 3 6 102
16:34:34	BUSY 3 ROOK 6 1 102
16:34:43	IDLE 3 ROOK 6 1 102
18:05:2005
18:56:39	BUSY 3 ROOK 1 2 101
18:56:45	BUSY 3 ROOK 1 2 102
19:02:00	BUSY 3 ROOK 1 2 101
19:02:06	IDLE 3 ROOK 1 2 101
19:02:38	BUSY 3 ROOK 1 2 102
18:05:2005
22:18:20	BUSY 3 ROOK 1 2 101
22:18:24	IDLE 3 ROOK 1 2 101
19:05:2005
20:05:2005
10:10:21	BUSY 3 KING 1 2 101
10:10:27	IDLE 3 KING 1 2 101
10:16:29	BUSY 3 KING 1 2 101
10:16:38	IDLE 3 KING 1 2 101
10:17:22	BUSY 3 QUEEN 1 2 102
10:17:57	BUSY 3 BISHOP 1 2 103
10:41:36	BUSY 3 KING 1 2 101
10:41:42	IDLE 3 KING 1 2 101
13:23:47	BUSY 3 KING 1 2 101
13:24:05	IDLE 3 KING 1 2 101
13:41:38	BUSY 3 KING 1 2 101
13:41:38	IDLE 3 KING 1 2 101
15:21:15	BUSY 3 KING 1 2 101
15:21:23	IDLE 3 KING 1 2 101
20:05:2005
15:33:38	BUSY 3 KING 1 2 101
15:33:46	IDLE 3 KING 1 2 101
15:49:33	BUSY 3 KING 1 2 101
15:49:34	IDLE 3 KING 1 2 101
15:50:03	BUSY 3 QUEEN 1 2 102
15:50:35	BUSY 3 BISHOP 1 2 103
15:55:04	BUSY 3 KING 2 3 101
15:55:07	IDLE 3 QUEEN 1 2 102
15:55:12	IDLE 3 KING 2 3 101
15:55:42	BUSY 3 KNIGHT 1 2 104
16:23:20	BUSY 3 QUEEN 1 2 101
16:23:24	IDLE 3 QUEEN 1 2 101
16:23:55	BUSY 3 KNIGHT 1 2 102
16:24:30	BUSY 3 KNIGHT 1 2 103
16:28:42	BUSY 3 QUEEN 2 3 101
16:28:44	IDLE 3 KNIGHT 1 2 102
16:28:55	IDLE 3 QUEEN 2 3 101
16:33:07	BUSY 3 QUEEN 3 6 101
16:33:42	IDLE 3 QUEEN 3 6 101
17:09:25	BUSY 3 QUEEN 1 2 101
17:09:29	IDLE 3 QUEEN 1 2 101
17:09:57	BUSY 3 BISHOP 1 2 102
17:38:46	BUSY 3 QUEEN 1 2 101
17:38:50	IDLE 3 QUEEN 1 2 101
17:39:17	BUSY 3 BISHOP 1 2 102
17:44:07	BUSY 3 QUEEN 2 3 101
17:44:10	IDLE 3 BISHOP 1 2 102
17:44:21	IDLE 3 QUEEN 2 3 101
17:48:32	BUSY 3 QUEEN 3 6 101
17:49:08	IDLE 3 QUEEN 3 6 101
17:49:13	BUSY 3 QUEEN 6 1 101
17:49:22	IDLE 3 QUEEN 6 1 101
17:49:31	BUSY 3 BISHOP 2 3 102
17:49:45	IDLE 3 BISHOP 2 3 102
17:52:19	BUSY 3 BISHOP 3 6 102
17:52:55	IDLE 3 BISHOP 3 6 102
17:53:10	BUSY 3 BISHOP 6 1 102
17:53:19	IDLE 3 BISHOP 6 1 102
18:08:29	BUSY 3 KING 1 2 101
18:08:33	IDLE 3 KING 1 2 101
18:08:59	BUSY 3 QUEEN 1 2 102
18:09:32	BUSY 3 BISHOP 1 2 103
18:14:05	BUSY 3 KING 2 3 101
18:14:07	IDLE 3 QUEEN 1 2 102
18:14:18	IDLE 3 KING 2 3 101
18:14:41	BUSY 3 KNIGHT 1 2 104
18:19:25	BUSY 3 QUEEN 2 3 102
18:19:27	IDLE 3 BISHOP 1 2 103
18:20:08	BUSY 3 KING 3 6 101
18:20:10	IDLE 3 QUEEN 2 3 102
18:20:43	IDLE 3 KING 3 6 101
18:20:49	BUSY 3 KING 6 1 101
18:20:57	IDLE 3 KING 6 1 101
18:22:09	BUSY 3 ROOK 1 2 105
18:24:21	BUSY 3 QUEEN 3 6 102
18:24:50	BUSY 3 BISHOP 2 3 103
18:24:52	IDLE 3 KNIGHT 1 2 104
18:24:56	IDLE 3 QUEEN 3 6 102
18:25:03	IDLE 3 BISHOP 2 3 103
18:27:36	BUSY 3 BISHOP 3 6 103
18:30:02	BUSY 3 KNIGHT 2 3 104
18:30:04	IDLE 3 ROOK 1 2 105
18:30:15	IDLE 3 KNIGHT 2 3 104
18:30:42	BUSY 3 QUEEN 6 1 102
18:30:44	IDLE 3 BISHOP 3 6 103
18:30:50	IDLE 3 QUEEN 6 1 102
18:34:50	BUSY 3 ROOK 2 3 105
18:35:19	BUSY 3 KNIGHT 3 6 104
18:35:21	IDLE 3 ROOK 2 3 105
18:37:18	BUSY 3 BISHOP 6 1 103
18:37:20	IDLE 3 KNIGHT 3 6 104
18:37:26	IDLE 3 BISHOP 6 1 103
18:57:13	BUSY 3 KING 1 2 101
18:57:16	IDLE 3 KING 1 2 101
18:57:43	BUSY 3 QUEEN 1 2 102
18:58:14	BUSY 3 BISHOP 1 2 103
19:02:47	BUSY 3 KING 2 3 101
19:02:50	IDLE 3 QUEEN 1 2 102
19:03:01	IDLE 3 KING 2 3 101
19:03:26	BUSY 3 KNIGHT 1 2 104
19:08:12	BUSY 3 QUEEN 2 3 102
19:08:15	IDLE 3 BISHOP 1 2 103
19:08:54	BUSY 3 ROOK 1 2 105
19:08:57	BUSY 3 KING 3 6 101
19:09:00	IDLE 3 QUEEN 2 3 102
19:09:33	IDLE 3 KING 3 6 101
19:09:39	BUSY 3 KING 6 1 101
19:09:48	IDLE 3 KING 6 1 101
19:13:13	BUSY 3 QUEEN 3 6 102
19:13:49	IDLE 3 QUEEN 3 6 102
