15:11:2005
11:22:37	BUSY 2
11:22:40	IDLE
11:23:27	BUSY 2
11:23:29	IDLE
11:23:33	BUSY 5 C:\CIM\CELL2\MTEST.TAP
11:23:40	ERROR RS232 Download aborted
11:23:44	IDLE
11:25:33	BUSY
11:54:59	IDLE
11:55:43	BUSY
11:55:51	IDLE
11:56:06	BUSY
11:56:17	IDLE
11:56:39	BUSY 5 C:\CIM\CELL2\MTEST.TAP
11:56:43	ERROR RS232 Download aborted
11:56:45	IDLE
15:11:2005
15:11:2005
11:57:40	BUSY 1
11:57:41	IDLE 1
11:57:43	BUSY 2
11:57:44	IDLE 2
11:57:47	BUSY 5 C:\CIM\CELL2\MTEST.TAP
11:57:56	IDLE 5 C:\CIM\CELL2\MTEST.TAP
15:11:2005
12:01:03	BUSY 1
12:01:04	IDLE 1
12:01:06	BUSY 2
12:01:07	IDLE 2
12:01:11	BUSY 5 C:\CIM\CELL2\MTEST.TAP
12:01:20	ERROR RS232 Download aborted
12:01:23	IDLE
15:11:2005
12:03:02	BUSY 5 C:\CIM\CELL2\MTEST.TAP
12:03:03	IDLE 5 C:\CIM\CELL2\MTEST.TAP
12:03:08	BUSY 3
12:03:17	IDLE
12:03:22	BUSY 5 C:\CIM\CELL2\MTEST.TAP
12:03:24	ERROR Error on CNC download
12:03:27	IDLE
12:03:34	BUSY
12:03:45	IDLE
12:04:32	BUSY 5 C:\CIM\CELL2\MTEST.TAP
12:04:32	IDLE 5 C:\CIM\CELL2\MTEST.TAP
12:04:37	BUSY 3
12:04:56	IDLE 3
12:05:53	BUSY 5 C:\CIM\CELL2\MTEST.TAP
12:05:53	IDLE 5 C:\CIM\CELL2\MTEST.TAP
12:05:57	BUSY 3
12:06:03	IDLE
12:06:11	BUSY
12:06:22	IDLE
12:07:55	BUSY 3
12:08:08	IDLE
12:08:21	BUSY 5 C:\CIM\CELL2\MTEST.TAP
12:08:21	IDLE 5 C:\CIM\CELL2\MTEST.TAP
12:08:25	BUSY 3
12:08:35	IDLE
12:08:46	BUSY
12:08:57	IDLE
12:09:22	BUSY 5 C:\CIM\CELL2\MTEST.TAP
12:09:22	IDLE 5 C:\CIM\CELL2\MTEST.TAP
12:09:23	BUSY
12:09:34	IDLE
12:10:01	BUSY 3
12:10:05	IDLE
15:11:2005
14:28:43	BUSY 1
14:28:44	IDLE 1
14:28:46	BUSY 2
14:28:47	IDLE 2
14:28:51	BUSY 5 C:\CIM\CELL2\MTEST.TAP
14:28:59	ERROR RS232 Download aborted
14:29:01	IDLE
15:11:2005
14:29:47	BUSY 5 C:\CIM\CELL2\MTEST.TAP
14:29:47	IDLE 5 C:\CIM\CELL2\MTEST.TAP
14:29:51	BUSY 3
15:11:2005
14:33:28	BUSY 1
14:33:29	IDLE 1
14:33:34	BUSY 2
14:33:34	IDLE 2
14:33:40	BUSY 3
14:33:48	IDLE
14:33:58	BUSY 1
14:33:59	IDLE 1
14:34:02	BUSY 2
14:34:03	IDLE 2
14:34:23	BUSY 5 C:\CIM\CELL2\MTEST.TAP
14:34:25	ERROR Error on CNC download
14:35:01	IDLE
14:35:04	BUSY 5 C:\CIM\CELL2\MTEST.TAP
14:35:05	IDLE 5 C:\CIM\CELL2\MTEST.TAP
14:35:11	BUSY 3
14:35:37	IDLE 3
15:11:2005
14:39:13	BUSY 1
14:39:13	IDLE 1
14:39:16	BUSY 2
14:39:17	IDLE 2
14:39:26	BUSY 5 C:\CIM\CELL2\MTEST.TAP
14:39:26	IDLE 5 C:\CIM\CELL2\MTEST.TAP
14:39:30	BUSY 3
14:40:11	IDLE 3
15:11:2005
14:40:39	BUSY
14:40:40	BUSY
15:11:2005
14:41:24	BUSY
14:41:24	BUSY
15:11:2005
14:43:04	BUSY
14:43:05	BUSY
15:11:2005
14:43:46	BUSY 5 C:\CIM\CELL2\MTEST.TAP
14:43:46	IDLE 5 C:\CIM\CELL2\MTEST.TAP
14:43:50	BUSY 3
14:43:56	IDLE
14:45:07	BUSY
15:11:2005
14:45:30	BUSY 5 C:\CIM\CELL2\MTEST.TAP
14:45:30	IDLE 5 C:\CIM\CELL2\MTEST.TAP
14:45:34	BUSY 3
14:45:40	IDLE
15:11:2005
14:47:00	BUSY
14:47:01	BUSY
15:11:2005
15:11:2005
15:11:2005
14:52:22	BUSY 1
14:52:23	IDLE 1
14:52:26	BUSY 2
14:52:27	IDLE 2
14:52:32	BUSY 5 C:\CIM\CELL2\MTEST.TAP
14:52:32	IDLE 5 C:\CIM\CELL2\MTEST.TAP
14:52:35	BUSY 3
15:11:2005
14:53:17	BUSY
14:53:18	BUSY
15:11:2005
14:53:48	BUSY 1
14:53:52	IDLE
14:53:56	BUSY 5 C:\CIM\CELL2\MTEST.TAP
14:53:58	ERROR Error on CNC download
14:54:00	IDLE
14:54:02	BUSY 3
14:54:12	IDLE
14:56:25	BUSY 3
14:56:42	IDLE
14:56:46	BUSY 3
14:56:51	IDLE
15:06:12	BUSY 5 C:\CIM\CELL2\MTEST.TAP
15:06:12	IDLE 5 C:\CIM\CELL2\MTEST.TAP
15:06:33	BUSY 5 C:\CIM\CELL2\MTEST.TAP
15:06:33	IDLE 5 C:\CIM\CELL2\MTEST.TAP
15:06:37	BUSY 3
15:06:42	IDLE
15:11:2005
15:11:2005
15:07:48	BUSY 3
15:11:2005
15:08:50	BUSY 3
15:11:2005
15:09:18	BUSY 5 C:\CIM\CELL2\MTEST.TAP
15:09:18	IDLE 5 C:\CIM\CELL2\MTEST.TAP
15:09:21	BUSY 3
15:11:2005
15:33:09	BUSY
15:33:40	IDLE
15:35:55	BUSY
15:11:2005
15:37:00	BUSY
15:37:21	IDLE
15:11:2005
15:38:42	BUSY
15:38:42	BUSY
15:38:49	IDLE
15:38:59	BUSY
15:40:55	IDLE
15:41:29	BUSY
15:41:38	IDLE
15:41:46	BUSY
15:41:58	IDLE
15:42:25	BUSY 5 C:\CIM\CELL2\MTEST.TAP
15:42:25	IDLE 5 C:\CIM\CELL2\MTEST.TAP
15:42:25	BUSY
15:42:36	IDLE
15:43:39	BUSY 1
15:43:40	IDLE 1
15:43:42	BUSY 2
15:43:43	IDLE 2
15:43:46	BUSY 5 C:\CIM\CELL2\MTEST.TAP
15:43:46	IDLE 5 C:\CIM\CELL2\MTEST.TAP
15:43:52	BUSY 3
15:44:18	IDLE
15:45:14	BUSY
15:45:26	IDLE
15:47:01	BUSY 1
15:47:02	IDLE 1
15:47:06	BUSY 2
15:47:07	IDLE 2
15:47:19	BUSY 5 C:\CIM\CELL2\MTEST.TAP
15:47:19	IDLE 5 C:\CIM\CELL2\MTEST.TAP
15:47:20	BUSY
15:47:31	IDLE
15:48:53	BUSY 5 C:\CIM\CELL2\MTEST.TAP
15:48:54	IDLE 5 C:\CIM\CELL2\MTEST.TAP
15:48:54	BUSY
15:49:05	IDLE
15:51:18	BUSY 5 C:\CIM\CELL2\MTEST.TAP
15:51:18	IDLE 5 C:\CIM\CELL2\MTEST.TAP
15:51:19	BUSY
15:51:30	IDLE
15:11:2005
15:53:16	BUSY
15:53:17	BUSY
15:11:2005
15:53:36	BUSY 3
15:11:2005
15:54:24	BUSY 5 C:\CIM\CELL2\MTEST.TAP
15:54:24	IDLE 5 C:\CIM\CELL2\MTEST.TAP
15:54:31	BUSY 3
15:54:44	IDLE 3
15:54:53	BUSY 5 C:\CIM\CELL2\MTEST.TAP
15:54:53	IDLE 5 C:\CIM\CELL2\MTEST.TAP
15:54:56	BUSY 3
15:55:09	IDLE 3
15:55:50	BUSY 5 C:\CIM\CELL2\MTEST.TAP
15:55:51	IDLE 5 C:\CIM\CELL2\MTEST.TAP
15:55:55	BUSY 3
15:56:07	IDLE 3
15:56:45	BUSY 1
15:56:46	IDLE 1
15:56:49	BUSY 2
15:56:50	IDLE 2
15:56:54	BUSY 5 C:\CIM\CELL2\MTEST.TAP
15:56:54	IDLE 5 C:\CIM\CELL2\MTEST.TAP
15:57:00	BUSY 3
15:57:12	IDLE 3
15:57:54	BUSY 5 C:\CIM\CELL2\MTEST.TAP
15:57:54	IDLE 5 C:\CIM\CELL2\MTEST.TAP
15:57:57	BUSY 3
15:58:10	IDLE 3
15:59:37	BUSY 5 C:\CIM\CELL2\MTEST.TAP
15:59:37	IDLE 5 C:\CIM\CELL2\MTEST.TAP
15:59:47	BUSY 3
15:59:52	IDLE 3
16:01:42	BUSY 3
16:01:47	IDLE
16:01:50	BUSY 5 C:\CIM\CELL2\MTEST.TAP
16:01:51	IDLE 5 C:\CIM\CELL2\MTEST.TAP
16:01:51	BUSY
16:02:02	IDLE
16:02:13	BUSY 5 C:\CIM\CELL2\MTEST.TAP
16:02:13	IDLE 5 C:\CIM\CELL2\MTEST.TAP
16:02:15	BUSY 3
16:02:27	IDLE 3
16:16:58	BUSY 5 C:\CIM\CELL2\MTEST.TAP
16:16:59	IDLE 5 C:\CIM\CELL2\MTEST.TAP
16:17:03	BUSY 3
16:17:15	IDLE 3
15:11:2005
16:33:23	BUSY 1
16:33:25	IDLE 1
16:33:26	BUSY 2
16:33:27	IDLE 2
16:33:31	BUSY 5 C:\CIM\CELL2\MTEST.TAP
16:33:31	IDLE 5 C:\CIM\CELL2\MTEST.TAP
16:33:32	BUSY
16:33:40	IDLE
16:33:45	BUSY 3
16:33:47	IDLE
16:33:51	BUSY 5 C:\CIM\CELL2\MTEST.TAP
16:33:51	IDLE 5 C:\CIM\CELL2\MTEST.TAP
16:33:52	BUSY
16:34:03	IDLE
16:34:08	BUSY 5 C:\CIM\CELL2\MTEST.TAP
16:34:08	IDLE 5 C:\CIM\CELL2\MTEST.TAP
16:34:11	BUSY 3
16:34:23	IDLE 3
16:11:2005
 7:19:31	BUSY 1
 7:19:32	IDLE 1
 7:19:34	BUSY 2
 7:19:35	IDLE 2
 7:19:41	BUSY 5 C:\CIM\CELL2\MTEST.TAP
 7:19:42	IDLE 5 C:\CIM\CELL2\MTEST.TAP
 7:19:55	BUSY
 7:20:13	IDLE
 7:25:08	BUSY 1
 7:25:08	IDLE 1
 8:22:18	BUSY 2
 8:22:20	IDLE 2
 8:22:23	BUSY 1
 8:22:24	IDLE 1
 8:24:03	BUSY 5 C:\CIM\CELL2\MPART1.TAP
 8:24:14	IDLE 5 C:\CIM\CELL2\MPART1.TAP
 8:24:31	BUSY 3
 8:25:53	IDLE 3
 9:56:43	BUSY 1
 9:56:43	IDLE 1
 9:57:17	BUSY 2
 9:57:18	IDLE 2
 9:57:18	BUSY 5 MTEST.tap
 9:57:18	IDLE 5 MTEST.tap
 9:57:19	BUSY 3
 9:57:31	IDLE 3
 9:57:32	BUSY 4
 9:57:32	IDLE 4
10:08:09	BUSY 1
10:08:10	IDLE 1
10:08:45	BUSY 2
10:08:46	IDLE 2
10:08:46	BUSY 5 MTEST.tap
10:08:46	IDLE 5 MTEST.tap
10:08:47	BUSY 3
10:08:59	IDLE 3
10:09:00	BUSY 4
10:09:00	IDLE 4
16:11:2005
10:13:35	BUSY 1
10:13:35	IDLE 1
10:14:10	BUSY 2
10:14:11	IDLE 2
10:14:12	BUSY 5 MTEST.tap
10:14:12	IDLE 5 MTEST.tap
10:14:12	BUSY 3
10:14:25	IDLE 3
10:14:25	BUSY 4
10:14:25	IDLE 4
10:15:20	BUSY 1
10:15:21	IDLE 1
10:15:56	BUSY 2
10:15:57	IDLE 2
10:15:58	BUSY 5 MTEST.tap
10:15:58	IDLE 5 MTEST.tap
10:15:58	BUSY 3
10:16:11	IDLE 3
10:16:11	BUSY 4
10:16:11	IDLE 4
10:17:19	BUSY 1
10:17:19	IDLE 1
10:17:54	BUSY 2
10:17:55	IDLE 2
10:17:55	BUSY 5 MTEST.tap
10:17:55	IDLE 5 MTEST.tap
10:17:56	BUSY 3
10:18:08	IDLE 3
10:18:09	BUSY 4
10:18:09	IDLE 4
10:18:09	BUSY 1
10:18:10	IDLE 1
10:42:11	BUSY 1
10:42:11	IDLE 1
10:42:45	BUSY 2
10:42:46	IDLE 2
10:42:46	BUSY 5 MTEST.tap
10:42:47	IDLE 5 MTEST.tap
10:42:47	BUSY 3
10:42:59	IDLE 3
10:43:00	BUSY 4
10:43:00	IDLE 4
10:43:00	BUSY 1
10:43:01	IDLE 1
10:46:50	BUSY 1
10:46:50	IDLE 1
10:47:24	BUSY 2
10:47:25	IDLE 2
10:47:25	BUSY 5 MTEST.tap
10:47:25	IDLE 5 MTEST.tap
10:47:26	BUSY 3
10:47:38	IDLE 3
10:47:38	BUSY 4
10:47:39	IDLE 4
10:47:39	BUSY 1
10:47:40	IDLE 1
10:48:21	BUSY 1
10:48:21	IDLE 1
10:48:55	BUSY 2
10:48:56	IDLE 2
10:48:56	BUSY 5 MTEST.tap
10:48:56	IDLE 5 MTEST.tap
10:48:57	BUSY 3
10:49:09	IDLE 3
10:49:10	BUSY 4
10:49:10	IDLE 4
10:49:10	BUSY 1
10:49:11	IDLE 1
10:49:52	BUSY 1
10:49:52	IDLE 1
10:50:26	BUSY 2
10:50:27	IDLE 2
10:50:27	BUSY 5 MTEST.tap
10:50:28	IDLE 5 MTEST.tap
10:50:28	BUSY 3
10:50:40	IDLE 3
10:50:41	BUSY 4
10:50:41	IDLE 4
10:50:41	BUSY 1
10:50:42	IDLE 1
10:55:26	BUSY 1
10:55:26	IDLE 1
10:56:00	BUSY 2
10:56:01	IDLE 2
10:56:02	BUSY 5 MPART1.tap
10:56:02	IDLE 5 MPART1.tap
10:56:02	BUSY 3
10:57:25	IDLE 3
10:57:26	BUSY 4
10:57:26	IDLE 4
11:42:07	BUSY 1
11:42:08	IDLE 1
11:44:12	BUSY 2
11:44:13	IDLE 2
11:48:07	BUSY 1
11:48:07	IDLE 1
11:48:40	BUSY 1
11:48:40	IDLE 1
11:49:09	BUSY 2
11:49:10	IDLE 2
11:49:10	BUSY 5 MPART2.tap
11:49:10	IDLE 5 MPART2.tap
11:49:11	BUSY 3
11:50:29	IDLE 3
11:50:29	BUSY 4
11:50:29	IDLE 4
11:50:30	BUSY 1
11:50:31	IDLE 1
13:51:22	BUSY 1
13:51:22	IDLE 1
13:51:51	BUSY 2
13:51:52	IDLE 2
13:51:52	BUSY 5 MPART3.tap
13:51:52	IDLE 5 MPART3.tap
13:51:53	BUSY 3
13:54:09	IDLE 3
13:54:09	BUSY 4
13:54:09	IDLE 4
13:54:10	BUSY 1
13:54:11	IDLE 1
17:11:2005
15:36:33	BUSY 1
15:36:34	IDLE 1
15:36:35	BUSY 2
15:36:36	IDLE 2
15:36:40	BUSY 5 C:\CIM\CELL2\MTEST.TAP
15:36:45	ERROR Error on CNC download
15:37:28	IDLE
15:37:32	BUSY 5 C:\CIM\CELL2\MTEST.TAP
15:37:32	IDLE 5 C:\CIM\CELL2\MTEST.TAP
15:37:36	BUSY 3
15:37:42	IDLE
15:37:47	BUSY 3
15:37:50	IDLE
15:39:08	BUSY 5 C:\CIM\CELL2\MTEST.TAP
15:39:08	IDLE 5 C:\CIM\CELL2\MTEST.TAP
15:39:11	BUSY 3
15:39:17	IDLE
15:39:48	BUSY 5 C:\CIM\CELL2\MTEST.TAP
15:39:49	IDLE 5 C:\CIM\CELL2\MTEST.TAP
15:40:13	BUSY 5 C:\CIM\CELL2\MTEST.TAP
15:40:14	IDLE 5 C:\CIM\CELL2\MTEST.TAP
15:40:36	BUSY 4
15:40:36	IDLE 4
15:40:57	BUSY 5 C:\CIM\CELL2\MTEST.TAP
15:40:57	IDLE 5 C:\CIM\CELL2\MTEST.TAP
15:42:02	BUSY 5 C:\CIM\CELL2\MTEST.TAP
15:42:02	IDLE 5 C:\CIM\CELL2\MTEST.TAP
15:43:38	BUSY 5 C:\CIM\CELL2\MTEST.TAP
15:43:38	IDLE 5 C:\CIM\CELL2\MTEST.TAP
15:43:42	BUSY 3
17:11:2005
15:49:41	BUSY 1
15:49:42	IDLE 1
15:49:44	BUSY 2
15:49:45	IDLE 2
15:49:48	BUSY 5 C:\CIM\CELL2\MTEST.TAP
15:49:49	IDLE 5 C:\CIM\CELL2\MTEST.TAP
15:49:52	BUSY 3
15:49:56	IDLE
15:51:43	BUSY 1
15:51:44	IDLE 1
15:51:46	BUSY 2
15:51:47	IDLE 2
15:51:53	BUSY 5 C:\CIM\CELL2\MTEST.TAP
15:51:53	IDLE 5 C:\CIM\CELL2\MTEST.TAP
15:51:58	BUSY 3
15:52:04	IDLE
15:52:08	BUSY 5 C:\CIM\CELL2\MTEST.TAP
15:52:08	IDLE 5 C:\CIM\CELL2\MTEST.TAP
15:52:12	BUSY 3
15:52:43	IDLE
15:52:52	BUSY 3
15:53:31	IDLE
17:11:2005
17:11:2005
15:54:54	BUSY 1
15:54:55	IDLE 1
15:54:58	BUSY 2
15:54:58	IDLE 2
15:55:05	BUSY 3
15:55:10	IDLE
15:56:16	BUSY
15:58:34	IDLE
15:58:55	BUSY 5 C:\CIM\CELL2\MTEST.TAP
15:58:55	IDLE 5 C:\CIM\CELL2\MTEST.TAP
15:58:59	BUSY 3
16:02:15	IDLE
16:10:06	BUSY
16:11:18	IDLE
16:12:24	BUSY
17:11:2005
16:13:16	BUSY 1
16:13:17	IDLE 1
16:13:20	BUSY 2
16:13:21	IDLE 2
16:13:25	BUSY 5 C:\CIM\CELL2\MTEST.TAP
16:13:25	IDLE 5 C:\CIM\CELL2\MTEST.TAP
16:13:29	BUSY 3
16:13:36	IDLE
16:14:05	BUSY 5 C:\CIM\CELL2\MTEST.TAP
16:14:05	IDLE 5 C:\CIM\CELL2\MTEST.TAP
16:14:09	BUSY 3
16:14:14	IDLE
18:11:2005
 7:13:08	BUSY 1
 7:13:09	IDLE 1
 7:13:44	BUSY 2
 7:13:44	IDLE 2
 7:13:52	BUSY 5 C:\CIM\CELL2\MTEST.TAP
 7:13:52	IDLE 5 C:\CIM\CELL2\MTEST.TAP
 7:13:59	BUSY 3
 7:14:20	IDLE
 7:19:20	BUSY
 7:19:25	IDLE
 7:21:56	BUSY 3
 7:22:05	IDLE 3
 7:22:18	BUSY 5 C:\CIM\CELL2\MTEST.TAP
 7:22:18	IDLE 5 C:\CIM\CELL2\MTEST.TAP
 7:22:23	BUSY 3
 7:22:26	IDLE
 7:22:32	BUSY 5 C:\CIM\CELL2\MTEST.TAP
 7:22:32	IDLE 5 C:\CIM\CELL2\MTEST.TAP
 7:22:38	BUSY 3
 7:22:44	IDLE
 7:22:58	BUSY
 7:23:09	IDLE
 7:23:34	BUSY 5 C:\CIM\CELL2\MTEST.TAP
 7:23:34	IDLE 5 C:\CIM\CELL2\MTEST.TAP
 7:23:39	BUSY 3
 7:23:44	IDLE
 7:24:05	BUSY
 7:24:16	IDLE
 7:24:36	BUSY 5 C:\CIM\CELL2\MTEST.TAP
 7:24:37	IDLE 5 C:\CIM\CELL2\MTEST.TAP
 7:24:42	BUSY 3
 7:24:47	IDLE
 7:25:01	BUSY
 7:25:12	IDLE
 7:30:16	BUSY 5 C:\CIM\CELL2\MTEST.TAP
 7:30:16	IDLE 5 C:\CIM\CELL2\MTEST.TAP
 7:30:23	BUSY 3
 7:30:25	IDLE
 7:30:44	BUSY
 7:30:52	IDLE
 7:31:30	BUSY 5 C:\CIM\CELL2\MTEST.TAP
 7:31:30	IDLE 5 C:\CIM\CELL2\MTEST.TAP
 7:31:36	BUSY 3
 7:31:44	IDLE
 7:32:01	BUSY
 7:32:12	IDLE
 7:32:34	BUSY 3
 7:32:46	IDLE 3
 7:32:53	BUSY 5 C:\CIM\CELL2\MTEST.TAP
 7:32:53	IDLE 5 C:\CIM\CELL2\MTEST.TAP
 7:32:57	BUSY 3
 7:33:29	IDLE 3
 7:33:49	BUSY 3
 7:34:01	IDLE 3
 7:34:17	BUSY 5 C:\CIM\CELL2\MPART1.TAP
 7:34:17	IDLE 5 C:\CIM\CELL2\MPART1.TAP
 7:34:21	BUSY 3
 7:35:58	IDLE 3
 7:36:21	BUSY 5 C:\CIM\CELL2\MTEST.TAP
 7:36:21	IDLE 5 C:\CIM\CELL2\MTEST.TAP
 7:36:51	BUSY 3
 7:37:03	IDLE 3
 7:38:08	BUSY 5 C:\CIM\CELL2\MTEST.TAP
 7:38:09	IDLE 5 C:\CIM\CELL2\MTEST.TAP
 7:38:18	BUSY 3
 7:38:46	IDLE 3
 7:39:08	BUSY 5 C:\CIM\CELL2\MTEST.TAP
 7:39:08	IDLE 5 C:\CIM\CELL2\MTEST.TAP
 7:39:56	BUSY 3
 7:40:08	IDLE 3
 7:40:19	BUSY 5 C:\CIM\CELL2\MPART1.TAP
 7:40:19	IDLE 5 C:\CIM\CELL2\MPART1.TAP
 7:40:55	BUSY 3
 7:42:17	IDLE 3
 7:47:24	BUSY 5 C:\CIM\CELL2\MTEST.TAP
 7:47:24	IDLE 5 C:\CIM\CELL2\MTEST.TAP
 7:47:52	BUSY 3
 7:48:16	IDLE 3
 7:49:39	BUSY 5 C:\CIM\CELL2\MTEST.TAP
 7:49:40	IDLE 5 C:\CIM\CELL2\MTEST.TAP
 7:50:48	BUSY 3
 7:51:01	IDLE 3
 7:51:16	BUSY 5 C:\CIM\CELL2\MTEST.TAP
 7:51:16	IDLE 5 C:\CIM\CELL2\MTEST.TAP
 8:55:17	BUSY 5 C:\CIM\CELL2\MTEST.TAP
 8:55:17	IDLE 5 C:\CIM\CELL2\MTEST.TAP
 8:56:32	BUSY 3
 8:56:37	IDLE 3
 8:57:56	BUSY 3
 8:58:12	IDLE
 8:58:16	BUSY 5 C:\CIM\CELL2\MTEST.TAP
 8:58:16	IDLE 5 C:\CIM\CELL2\MTEST.TAP
 8:58:43	BUSY 5 C:\CIM\CELL2\MTEST.TAP
 8:58:43	IDLE 5 C:\CIM\CELL2\MTEST.TAP
 8:58:44	BUSY
 8:58:55	IDLE
 8:59:25	BUSY 5 C:\CIM\CELL2\MTEST.TAP
 8:59:26	IDLE 5 C:\CIM\CELL2\MTEST.TAP
 8:59:28	BUSY 3
 8:59:41	IDLE 3
 9:05:57	BUSY 5 C:\CIM\CELL2\MTEST.TAP
 9:05:57	IDLE 5 C:\CIM\CELL2\M21:11:2005
11:01:54	BUSY 1
11:01:55	IDLE 1
11:01:57	BUSY 2
11:01:59	IDLE 2
11:02:02	BUSY 5 C:\CIM\CELL2\MTEST.TAP
11:02:03	IDLE 5 C:\CIM\CELL2\MTEST.TAP
11:02:03	BUSY
11:02:19	IDLE
11:02:24	BUSY 5 C:\CIM\CELL2\MTEST.TAP
11:02:25	IDLE 5 C:\CIM\CELL2\MTEST.TAP
11:02:28	BUSY 3
11:02:39	IDLE 3
11:05:43	BUSY 1
11:05:44	IDLE 1
11:06:13	BUSY 2
11:06:14	IDLE 2
11:06:14	BUSY 5 MPART1.tap
11:06:15	IDLE 5 MPART1.tap
11:06:15	BUSY 3
11:07:38	IDLE 3
11:07:39	BUSY 4
11:07:39	IDLE 4
11:07:39	BUSY 1
11:07:40	IDLE 1
11:08:14	BUSY 1
11:08:14	IDLE 1
11:08:42	BUSY 2
11:08:43	IDLE 2
11:08:43	BUSY 5 MPART2.tap
11:08:43	IDLE 5 MPART2.tap
11:08:44	BUSY 3
11:10:02	IDLE 3
11:10:02	BUSY 4
11:10:02	IDLE 4
11:10:03	BUSY 1
11:10:04	IDLE 1
11:10:37	BUSY 1
11:10:37	IDLE 1
11:11:06	BUSY 2
11:11:07	IDLE 2
11:11:08	BUSY 5 MPART3.tap
11:11:08	IDLE 5 MPART3.tap
11:11:08	BUSY 3
11:13:24	IDLE 3
11:13:24	BUSY 4
11:13:24	IDLE 4
11:13:25	BUSY 1
11:13:26	IDLE 1
11:16:40	BUSY 1
11:16:40	IDLE 1
11:17:08	BUSY 2
11:17:09	IDLE 2
11:17:10	BUSY 5 MPART1.tap
11:17:10	IDLE 5 MPART1.tap
11:17:10	BUSY 3
11:18:33	IDLE 3
11:18:33	BUSY 4
11:18:33	IDLE 4
11:18:34	BUSY 1
11:18:35	IDLE 1
11:19:09	BUSY 1
11:19:09	IDLE 1
11:19:37	BUSY 2
11:19:38	IDLE 2
11:19:39	BUSY 5 MPART2.tap
11:19:39	IDLE 5 MPART2.tap
11:19:40	BUSY 3
11:20:58	IDLE 3
11:20:58	BUSY 4
11:20:58	IDLE 4
11:20:59	BUSY 1
11:21:00	IDLE 1
11:21:34	BUSY 1
11:21:34	IDLE 1
11:22:02	BUSY 2
11:22:03	IDLE 2
11:22:04	BUSY 5 MPART3.tap
11:22:04	IDLE 5 MPART3.tap
11:22:05	BUSY 3
11:24:20	IDLE 3
11:24:20	BUSY 4
11:24:21	