22:11:2004
10:56:23	Cell to Host	Robot2 IDLE
22:11:2004
22:11:2004
11:53:33	Cell to Host	Robot2 IDLE
24:11:2004
25:11:2004
12:07:25	Milling Test	Ready
12:07:28	Milling Test	BUSY
12:08:28	Milling Test	IDLE
12:09:17	Milling Test	Ready
12:09:20	Milling Test	BUSY
12:10:18	Milling Test	IDLE
12:10:28	Milling Test	Ready
12:10:31	Milling Test	BUSY
12:11:31	Milling Test	IDLE
13:48:29	Milling Test	Ready
13:48:32	Milling Test	BUSY
13:49:31	Milling Test	IDLE
13:51:07	Cell to Host	IDLE C:\CIM\CELL2\TEST_M.SEQ
14:28:25	DoCommand test_m.SEQ
14:28:25	Milling Test	Ready
14:28:25	Milling Test	BUSY
14:28:26	Cell to Host	Ready test_m.SEQ
14:28:26	Cell to Host	BUSY test_m.SEQ
14:28:26	Cell to Host	Miller BUSY 1
14:28:27	Cell to Host	Miller IDLE 1
14:28:28	Cell to Host	Robot2 BUSY 1
14:28:47	Cell to Host	Robot2 IDLE 1
14:28:48	Cell to Host	Miller BUSY 2
14:28:49	Cell to Host	Miller IDLE 2
14:28:49	Cell to Host	Miller BUSY 5 TEST_m.FNC
14:28:49	Cell to Host	Miller IDLE 5 TEST_m.FNC
14:28:50	Cell to Host	Miller BUSY 3
14:29:03	Cell to Host	Miller IDLE 3
14:29:03	Cell to Host	Miller BUSY 1
14:29:04	Cell to Host	Miller IDLE 1
14:29:05	Cell to Host	Robot2 BUSY 2
14:29:24	Milling Test	IDLE
14:29:25	Cell to Host	Robot2 IDLE 2
14:29:25	Cell to Host	IDLE test_m.SEQ
14:30:11	DoCommand test_m.SEQ
14:30:11	Milling Test	Ready
14:30:11	Milling Test	BUSY
14:30:12	Cell to Host	Ready test_m.SEQ
14:30:12	Cell to Host	BUSY test_m.SEQ
14:30:12	Cell to Host	Miller BUSY 1
14:30:13	Cell to Host	Miller IDLE 1
14:30:13	Cell to Host	Robot2 BUSY 1
14:30:32	Cell to Host	Robot2 IDLE 1
14:30:33	Cell to Host	Miller BUSY 2
14:30:34	Cell to Host	Miller IDLE 2
14:30:34	Cell to Host	Miller BUSY 5 TEST_m.FNC
14:30:35	Cell to Host	Miller IDLE 5 TEST_m.FNC
14:30:35	Cell to Host	Miller BUSY 3
14:30:48	Cell to Host	Miller IDLE 3
14:30:49	Cell to Host	Miller BUSY 1
14:30:50	Cell to Host	Miller IDLE 1
14:30:51	Cell to Host	Robot2 BUSY 2
14:31:10	Milling Test	IDLE
14:31:11	Cell to Host	Robot2 IDLE 2
14:31:12	Cell to Host	IDLE test_m.SEQ
14:57:04	DoCommand test_m.SEQ
14:57:04	Milling Test	Ready
14:57:04	Milling Test	BUSY
14:57:05	Cell to Host	Ready test_m.SEQ
14:57:06	Cell to Host	BUSY test_m.SEQ
14:57:06	Cell to Host	Miller BUSY 1
14:57:06	Cell to Host	Miller IDLE 1
14:57:07	Cell to Host	Robot2 BUSY 1
14:57:26	Cell to Host	Robot2 IDLE 1
14:57:26	Cell to Host	Miller BUSY 2
14:57:28	Cell to Host	Miller IDLE 2
14:57:28	Cell to Host	Miller BUSY 5 TEST_m.FNC
14:57:28	Cell to Host	Miller IDLE 5 TEST_m.FNC
14:57:29	Cell to Host	Miller BUSY 3
14:57:42	Cell to Host	Miller IDLE 3
14:57:43	Cell to Host	Miller BUSY 1
14:57:44	Cell to Host	Miller IDLE 1
14:57:44	Cell to Host	Robot2 BUSY 2
14:58:03	Milling Test	IDLE
14:58:04	Cell to Host	Robot2 IDLE 2
14:58:05	Cell to Host	IDLE test_m.SEQ
14:58:48	DoCommand test_m.SEQ
14:58:48	Milling Test	Ready
14:58:48	Milling Test	BUSY
14:58:49	Cell to Host	Ready test_m.SEQ
14:58:49	Cell to Host	BUSY test_m.SEQ
14:58:50	Cell to Host	Miller BUSY 1
14:58:50	Cell to Host	Miller IDLE 1
14:58:51	Cell to Host	Robot2 BUSY 1
14:59:10	Cell to Host	Robot2 IDLE 1
14:59:10	Cell to Host	Miller BUSY 2
14:59:11	Cell to Host	Miller IDLE 2
14:59:12	Cell to Host	Miller BUSY 5 TEST_m.FNC
14:59:12	Cell to Host	Miller IDLE 5 TEST_m.FNC
14:59:13	Cell to Host	Miller BUSY 3
14:59:26	Cell to Host	Miller IDLE 3
14:59:27	Cell to Host	Miller BUSY 1
14:59:28	Cell to Host	Miller IDLE 1
14:59:28	Cell to Host	Robot2 BUSY 2
14:59:47	Milling Test	IDLE
14:59:48	Cell to Host	Robot2 IDLE 2
14:59:49	Cell to Host	IDLE test_m.SEQ
15:13:26	DoCommand test_m.SEQ
15:13:26	Milling Test	Ready
15:13:26	Milling Test	BUSY
15:13:27	Cell to Host	Ready test_m.SEQ
15:13:28	Cell to Host	BUSY test_m.SEQ
15:13:28	Cell to Host	Miller BUSY 1
15:13:29	Cell to Host	Miller IDLE 1
15:13:29	Cell to Host	Robot2 BUSY 1
15:13:48	Cell to Host	Robot2 IDLE 1
15:13:49	Cell to Host	Miller BUSY 2
15:13:50	Cell to Host	Miller IDLE 2
15:13:50	Cell to Host	Miller BUSY 5 TEST_m.FNC
15:13:51	Cell to Host	Miller IDLE 5 TEST_m.FNC
15:13:51	Cell to Host	Miller BUSY 3
15:14:04	Cell to Host	Miller IDLE 3
15:14:05	Cell to Host	Miller BUSY 1
15:14:06	Cell to Host	Miller IDLE 1
15:14:07	Cell to Host	Robot2 BUSY 2
15:14:25	Milling Test	IDLE
15:14:26	Cell to Host	Robot2 IDLE 2
15:14:27	Cell to Host	IDLE test_m.SEQ
15:15:13	DoCommand test_m.SEQ
15:15:13	Milling Test	Ready
15:15:13	Milling Test	BUSY
15:15:14	Cell to Host	Ready test_m.SEQ
15:15:14	Cell to Host	BUSY test_m.SEQ
15:15:14	Cell to Host	Miller BUSY 1
15:15:15	Cell to Host	Miller IDLE 1
15:15:16	Cell to Host	Robot2 BUSY 1
15:15:35	Cell to Host	Robot2 IDLE 1
15:15:36	Cell to Host	Miller BUSY 2
15:15:37	Cell to Host	Miller IDLE 2
15:15:37	Cell to Host	Miller BUSY 5 TEST_m.FNC
15:15:37	Cell to Host	Miller IDLE 5 TEST_m.FNC
15:15:38	Cell to Host	Miller BUSY 3
15:15:51	Cell to Host	Miller IDLE 3
15:15:51	Cell to Host	Miller BUSY 1
15:15:53	Cell to Host	Miller IDLE 1
15:15:53	Cell to Host	Robot2 BUSY 2
15:16:12	Milling Test	IDLE
15:16:13	Cell to Host	Robot2 IDLE 2
15:16:13	Cell to Host	IDLE test_m.SEQ
15:24:25	DoCommand test_m.SEQ
15:24:25	Milling Test	Ready
15:24:25	Milling Test	BUSY
15:24:26	Cell to Host	Ready test_m.SEQ
15:24:27	Cell to Host	BUSY test_m.SEQ
15:24:27	Cell to Host	Miller BUSY 1
15:24:28	Cell to Host	Miller IDLE 1
15:24:28	Cell to Host	Robot2 BUSY 1
15:24:47	Cell to Host	Robot2 IDLE 1
15:24:48	Cell to Host	Miller BUSY 2
15:24:49	Cell to Host	Miller IDLE 2
15:24:49	Cell to Host	Miller BUSY 5 TEST_m.FNC
15:24:50	Cell to Host	Miller IDLE 5 TEST_m.FNC
15:24:50	Cell to Host	Miller BUSY 3
15:25:03	Cell to Host	Miller IDLE 3
15:25:04	Cell to Host	Miller BUSY 1
15:25:04	Cell to Host	Miller IDLE 1
15:25:05	Cell to Host	Robot2 BUSY 2
15:25:23	Milling Test	IDLE
15:25:24	Cell to Host	Robot2 IDLE 2
15:25:25	Cell to Host	IDLE test_m.SEQ
15:26:12	DoCommand test_m.SEQ
15:26:12	Milling Test	Ready
15:26:12	Milling Test	BUSY
15:26:13	Cell to Host	Ready test_m.SEQ
15:26:13	Cell to Host	BUSY test_m.SEQ
15:26:13	Cell to Host	Miller BUSY 1
15:26:14	Cell to Host	Miller IDLE 1
15:26:15	Cell to Host	Robot2 BUSY 1
15:26:34	Cell to Host	Robot2 IDLE 1
15:26:35	Cell to Host	Miller BUSY 2
15:26:36	Cell to Host	Miller IDLE 2
15:26:36	Cell to Host	Miller BUSY 5 TEST_m.FNC
15:26:37	Cell to Host	Miller IDLE 5 TEST_m.FNC
15:26:37	Ce26:11:2004
 6:57:20	Milling Test	Ready
 6:57:23	Milling Test	BUSY
 6:58:22	Milling Test	IDLE
 6:59:30	Milling Test	Ready
 6:59:32	Milling Test	BUSY
 7:00:32	Milling Test	IDLE
 9:01:02	Milling Test	Ready
 9:01:05	Milling Test	BUSY
 9:02:03	Milling Test	IDLE
 9:12:02	Milling Test	Ready
 9:12:05	Milling Test	BUSY
 9:13:03	Milling Test	IDLE
11:09:56	Cell to Host	IDLE C:\CIM\CELL2\TEST_M.SEQ
11:35:41	DoCommand test_m.SEQ
11:35:41	Milling Test	Ready
11:35:41	Milling Test	BUSY
11:35:42	Cell to Host	Ready test_m.SEQ
11:35:42	Cell to Host	BUSY test_m.SEQ
11:35:42	Cell to Host	Miller BUSY 1
11:35:43	Cell to Host	Miller IDLE 1
11:35:43	Cell to Host	Robot2 BUSY 1
11:36:02	Cell to Host	Robot2 IDLE 1
11:36:03	Cell to Host	Miller BUSY 2
11:36:04	Cell to Host	Miller IDLE 2
11:36:04	Cell to Host	Miller BUSY 5 TEST_m.FNC
11:36:05	Cell to Host	Miller IDLE 5 TEST_m.FNC
11:36:05	Cell to Host	Miller BUSY 3
11:36:18	Cell to Host	Miller IDLE 3
11:36:18	Cell to Host	Miller BUSY 1
11:36:19	Cell to Host	Miller IDLE 1
11:36:20	Cell to Host	Robot2 BUSY 2
11:36:39	Milling Test	IDLE
11:36:39	Cell to Host	Robot2 IDLE 2
11:36:40	Cell to Host	IDLE test_m.SEQ
11:37:36	DoCommand test_m.SEQ
11:37:36	Milling Test	Ready
11:37:36	Milling Test	BUSY
11:37:36	Cell to Host	Ready test_m.SEQ
11:37:37	Cell to Host	BUSY test_m.SEQ
11:37:37	Cell to Host	Miller BUSY 1
11:37:37	Cell to Host	Miller IDLE 1
11:37:38	Cell to Host	Robot2 BUSY 1
11:37:57	Cell to Host	Robot2 IDLE 1
11:37:57	Cell to Host	Miller BUSY 2
11:37:58	Cell to Host	Miller IDLE 2
11:37:59	Cell t11:05:2005
11:05:2005
 5:47:42	Milling Test	Ready
 5:47:51	Milling Test	BUSY
 5:48:52	Milling Test	IDLE
 5:50:58	Milling Test	Ready
 5:55:01	Milling Test	BUSY
 5:56:01	Milling Test	IDLE
 5:58:08	Milling Test	Ready
 5:58:12	Milling Test	BUSY
 5:59:13	Milling Test	IDLE
11:05:2005
11:05:2005
 9:22:36	Milling Test	Ready
 9:23:03	Milling Test	Stopped
 9:23:11	Milling Test	Ready
 9:23:18	Milling Test	Stopped
 9:40:46	Cell to Host	Miller IDLE 3
11:28:29	DoCommand king_m.SEQ
11:28:29	Load / Unload Miller - King	Ready
11:28:30	Load / Unload Miller - King	BUSY
11:28:30	Cell to Host	Ready king_m.SEQ
11:28:30	Cell to Host	BUSY king_m.SEQ
11:28:31	Cell to Host	Miller BUSY 1
11:28:31	Cell to Host	Miller IDLE 1
11:28:32	Cell to Host	Robot2 BUSY 2
11:28:53	Cell to Host	Robot2 IDLE 2
11:28:53	Cell to Host	Miller BUSY 2
11:28:54	Cell to Host	Miller IDLE 2
11:28:55	Cell to Host	Miller BUSY 5 KING_m.FNC
11:28:56	Cell to Host	Miller IDLE 5 KING_m.FNC
11:28:57	Cell to Host	Miller BUSY 3
11:32:02	Cell to Host	Robot2 NOT CONNECTED
11:32:17	Cell to Host	Robot2 IDLE
11:36:16	Cell to Host	Miller IDLE 3
11:36:16	Cell to Host	Miller BUSY 1
11:36:17	Cell to Host	Miller IDLE 1
12:05:2005
 2:36:25	Cell to Host	Robot2 IDLE 1
 2:44:10	DoCommand king_m.SEQ
 2:44:10	Load / Unload Miller - King	Ready
 2:44:11	Load / Unload Miller - King	BUSY
 2:44:11	Cell to Host	Ready king_m.SEQ
 2:44:12	Cell to Host	BUSY king_m.SEQ
 2:44:13	Cell to Host	Miller BUSY 1
 2:44:13	Cell to Host	Miller IDLE 1
 2:44:14	Cell to Host	Robot2 BUSY 1
 2:44:34	Cell to Host	Robot2 IDLE 1
 2:44:35	Cell to Host	Miller BUSY 2
 2:44:35	Cell to Host	Miller IDLE 2
 2:44:36	Cell to Host	Miller BUSY 5 KING_m.FNC
 2:44:37	Cell to Host	Miller IDLE 5 KING_m.FNC
 2:44:38	Cell to Host	Miller BUSY 3
 2:53:20	Cell to Host	Miller IDLE 3
 3:27:44	DoCommand king_m.SEQ
 3:27:44	Load / Unload Miller - King	Ready
 3:27:45	Load / Unload Miller - King	BUSY
 3:27:45	Cell to Host	Ready king_m.SEQ
 3:27:46	Cell to Host	BUSY king_m.SEQ
 3:27:47	Cell to Host	Miller BUSY 1
 3:27:47	Cell to Host	Miller IDLE 1
 3:27:48	Cell to Host	Robot2 BUSY 1
 3:28:36	Cell to Host	Robot2 IDLE 1
 3:28:36	Cell to Host	Miller BUSY 2
 3:28:37	Cell to Host	Miller IDLE 2
 3:28:38	Cell to Host	Miller BUSY 5 KING_m.FNC
 3:28:39	Cell to Host	Miller IDLE 5 KING_m.FNC
 3:28:40	Cell to Host	Miller BUSY 3
 3:31:07	Cell to Host	Miller IDLE 3
 3:32:02	Cell to Host	Miller BUSY 5 C:\CIM\CELL2\TEST_M.FNC
 3:32:03	Cell to Host	Miller IDLE 5 C:\CIM\CELL2\TEST_M.FNC
 3:32:05	Cell to Host	Miller BUSY 3
 3:32:20	Cell to Host	Miller IDLE 3
 3:41:55	DoCommand king_m.SEQ
 3:41:55	Load / Unload Miller - King	Ready
 3:41:55	Load / Unload Miller - King	BUSY
 3:41:55	Cell to Host	Ready king_m.SEQ
 3:41:56	Cell to Host	BUSY king_m.SEQ
 3:41:56	Cell to Host	Miller BUSY 1
 3:41:57	Cell to Host	Miller IDLE 1
 3:41:58	Cell to Host	Robot2 BUSY 1
 3:42:19	Cell to Host	Robot2 IDLE 1
 3:42:20	Cell to Host	Miller BUSY 2
 3:42:20	Cell to Host	Miller IDLE 2
 3:42:20	Cell to Host	Miller BUSY 5 KING_m.FNC
 3:42:22	Cell to Host	Miller IDLE 5 KING_m.FNC
 3:42:23	Cell to Host	Miller BUSY 3
 3:47:33	Cell to Host	Miller IDLE 3
 3:47:34	Cell to Host	Miller BUSY 1
 3:47:35	Cell to Host	Miller IDLE 1
 3:47:36	Cell to Host	Robot2 BUSY 2
 3:47:56	Load / Unload Miller - King	IDLE
 3:47:57	Cell to Host	Robot2 IDLE 2
 3:47:57	Cell to Host	IDLE king_m.SEQ
 4:01:34	DoCommand king_m.SEQ
 4:01:34	Load / Unload Miller - King	Ready
 4:01:34	Load / Unload Miller - King	BUSY
 4:01:35	Cell to Host	Ready king_m.SEQ
 4:01:35	Cell to Host	BUSY king_m.SEQ
 4:01:35	Cell to Host	Miller BUSY 1
 4:01:36	Cell to Host	Miller IDLE 1
 4:01:36	Cell to Host	Robot2 BUSY 1
 4:01:56	Cell to Host	Robot2 IDLE 1
 4:01:57	Cell to Host	Miller BUSY 2
 4:01:58	Cell to Host	Miller IDLE 2
 4:01:58	Cell to Host	Miller BUSY 5 KING_m.FNC
 4:02:00	Cell to Host	Miller IDLE 5 KING_m.FNC
 4:02:00	Cell to Host	Miller BUSY 3
 4:07:17	Cell to Host	Miller IDLE 3
 4:07:17	Cell to Host	Miller BUSY 1
 4:07:19	Cell to Host	Miller IDLE 1
 4:07:19	Cell to Host	Robot2 BUSY 2
 4:07:39	Load / Unload Miller - King	IDLE
 4:07:40	Cell to Host	Robot2 IDLE 2
 4:07:40	Cell to Host	IDLE king_m.SEQ
 4:25:04	DoCommand king_m.SEQ
 4:25:04	Load / Unload Miller - King	Ready
 4:25:04	Load / Unload Miller - King	BUSY
 4:25:05	Cell to Host	Ready king_m.SEQ
 4:25:05	Cell to Host	BUSY king_m.SEQ
 4:25:05	Cell to Host	Miller BUSY 1
 4:25:06	Cell to Host	Miller IDLE 1
 4:25:07	Cell to Host	Robot2 BUSY 1
 4:25:26	Cell to Host	Robot2 IDLE 1
 4:25:27	Cell to Host	Miller BUSY 2
 4:25:28	Cell to Host	Miller IDLE 2
 4:25:29	Cell to Host	Miller BUSY 5 KING_m.FNC
 4:25:30	Cell to Host	Miller IDLE 5 KING_m.FNC
 4:25:31	Cell to Host	Miller BUSY 3
 4:30:47	Cell to Host	Miller IDLE 3
 4:30:47	Cell to Host	Miller BUSY 1
 4:30:49	Cell to Host	Miller IDLE 1
 4:30:49	Cell to Host	Robot2 BUSY 2
 4:31:09	Load / Unload Miller - King	IDLE
 4:31:09	Cell to Host	Robot2 IDLE 2
 4:31:10	Cell to Host	IDLE king_m.SEQ
 4:35:36	Cell to Host	Miller BUSY 5 C:\CIM\CELL2\TEST_M.FNC
 4:35:37	Cell to Host	Miller IDLE 5 C:\CIM\CELL2\TEST_M.FNC
 4:35:41	Cell to Host	Miller BUSY 3
 4:35:55	Cell to Host	Miller IDLE 3
 4:52:21	DoCommand king_m.SEQ
 4:52:21	Load / Unload Miller - King	Ready
 4:52:21	Load / Unload Miller - King	BUSY
 4:52:22	Cell to Host	Ready king_m.SEQ
 4:52:22	Cell to Host	BUSY king_m.SEQ
 4:52:22	Cell to Host	Miller BUSY 1
 4:52:23	Cell to Host	Miller IDLE 1
 4:52:23	Cell to Host	Robot2 BUSY 1
 4:53:19	Cell to Host	Robot2 IDLE 1
 4:53:19	Cell to Host	Miller BUSY 2
 4:53:20	Cell to Host	Miller IDLE 2
 4:53:21	Cell to Host	Miller BUSY 5 KING_m.FNC
 4:53:22	Cell to Host	Miller IDLE 5 KING_m.FNC
 4:53:23	Cell to Host	Miller BUSY 3
13:05:2005
10:18:12	Cell to Host	Miller IDLE 3
10:46:17	DoCommand knight_m.SEQ
10:46:17	Load / Unload Miller - Knight	Ready
10:46:18	Load / Unload Miller - Knight	BUSY
10:46:18	Cell to Host	Ready knight_m.SEQ
10:46:18	Cell to Host	BUSY knight_m.SEQ
10:46:19	Cell to Host	Miller BUSY 1
10:46:19	Cell to Host	Miller IDLE 1
10:46:20	Cell to Host	Robot2 BUSY 1
10:46:41	Cell to Host	Robot2 IDLE 1
10:46:42	Cell to Host	Miller BUSY 2
10:46:43	Cell to Host	Miller IDLE 2
10:46:44	Cell to Host	Miller BUSY 5 KNIGHT_m.FNC
10:46:44	Cell to Host	Miller IDLE 5 KNIGHT_m.FNC
10:46:44	Cell to Host	Miller BUSY 3
10:51:11	Cell to Host	Miller IDLE 3
10:51:12	Cell to Host	Miller BUSY 1
10:51:14	Cell to Host	Miller IDLE 1
10:51:14	Cell to Host	Robot2 BUSY 2
10:51:36	Load / Unload Miller - Knight	IDLE
10:51:36	Cell to Host	Robot2 IDLE 2
10:51:37	Cell to Host	IDLE knight_m.SEQ
10:51:44	DoCommand knight_m.SEQ
10:51:44	Load / Unload Miller - Knight	Ready
10:51:45	Load / Unload Miller - Knight	BUSY
10:51:45	Cell to Host	Ready knight_m.SEQ
10:51:46	Cell to Host	BUSY knight_m.SEQ
10:51:46	Cell to Host	Miller BUSY 1
10:51:47	Cell to Host	Miller IDLE 1
10:51:47	Cell to Host	Robot2 BUSY 1
10:52:07	Cell to Host	Robot2 IDLE 1
10:52:08	Cell to Host	Miller BUSY 2
10:52:09	Cell to Host	Miller IDLE 2
10:52:09	Cell to Host	Miller BUSY 5 KNIGHT_m.FNC
10:52:10	Cell to Host	Miller IDLE 5 KNIGHT_m.FNC
10:52:11	Cell to Host	Miller BUSY 3
10:56:33	Cell to Host	Miller IDLE 3
10:56:33	Cell to Host	Miller BUSY 1
10:56:34	Cell to Host	Miller IDLE 1
10:56:35	Cell to Host	Robot2 BUSY 2
10:56:56	Load / Unload Miller - Knight	IDLE
10:56:56	Cell to Host	Robot2 IDLE 2
10:56:57	Cell to Host	IDLE knight_m.SEQ
17:05:2005
15:16:28	Milling Test	Ready
15:16:31	Milling Test	BUSY
15:17:32	Milling Test	IDLE
15:19:10	Milling Test	Ready
15:19:12	Milling Test	BUSY
15:20:15	Milling Test	IDLE
17:05:2005
17:05:2005
16:42:26	Cell to Host	Robot2 IDLE 1
17:10:46	DoCommand BISHOP_m.SEQ
17:10:46	Load / Unload Miller - Bishop	Ready
17:10:46	Load / Unload Miller - Bishop	BUSY
17:10:47	Cell to Host	Ready BISHOP_m.SEQ
17:10:47	Cell to Host	BUSY BISHOP_m.SEQ
17:10:47	Cell to Host	Miller BUSY 1
17:10:48	Cell to Host	Miller IDLE 1
17:10:49	Cell to Host	Robot2 BUSY 1
17:11:10	Cell to Host	Robot2 IDLE 1
17:11:11	Cell to Host	Miller BUSY 2
17:11:13	Cell to Host	Miller IDLE 2
17:11:13	Cell to Host	Miller BUSY 5 BISHOP_m.FNC
17:11:14	Cell to Host	Miller IDLE 5 BISHOP_m.FNC
17:11:14	Cell to Host	Miller BUSY 3
17:13:02	Cell to Host	Miller IDLE 3
17:13:03	Cell to Host	Miller BUSY 1
17:13:04	Cell to Host	Miller IDLE 1
17:13:05	Cell to Host	Robot2 BUSY 2
17:13:25	Load / Unload Miller - Bishop	IDLE
17:13:26	Cell to Host	Robot2 IDLE 2
17:13:27	Cell to Host	IDLE BISHOP_m.SEQ
17:15:38	DoCommand ROOK_M.SEQ
17:15:38	Load / Unload Miller - Rook	Ready
17:15:38	Load / Unload Miller - Rook	BUSY
17:15:39	Cell to Host	Ready ROOK_M.SEQ
17:15:39	Cell to Host	BUSY ROOK_M.SEQ
17:15:40	Cell to Host	Miller BUSY 1
17:15:40	Cell to Host	Miller IDLE 1
17:15:41	Cell to Host	Robot2 BUSY 1
17:17:36	Load / Unload Miller - Rook	Ready
17:17:53	Load / Unload Miller - Rook	BUSY
17:21:57	Load / Unload Miller - Rook	IDLE
17:25:37	Cell to Host	IDLE C:\CIM\CELL2\ROOK_M.SEQ
17:32:14	DoCommand ROOK_M.SEQ
17:32:14	Load / Unload Miller - Rook	Ready
17:32:14	Load / Unload Miller - Rook	BUSY
17:32:15	Cell to Host	Ready ROOK_M.SEQ
17:32:15	Cell to Host	BUSY ROOK_M.SEQ
17:32:15	Cell to Host	Miller BUSY 1
17:32:16	Cell to Host	Miller IDLE 1
17:32:17	Cell to Host	Robot2 BUSY 1
17:32:38	Cell to Host	Robot2 IDLE 1
17:32:39	Cell to Host	Miller BUSY 2
17:32:40	Cell to Host	Miller IDLE 2
17:32:40	Cell to Host	Miller BUSY 5 ROOK_m.FNC
17:32:41	Cell to Host	Miller IDLE 5 ROOK_m.FNC
17:32:42	Cell to Host	Miller BUSY 3
17:35:57	Cell to Host	Miller IDLE 3
17:35:58	Cell to Host	Miller BUSY 1
17:35:59	Cell to Host	Miller IDLE 1
17:35:59	Cell to Host	Robot2 BUSY 2
17:36:20	Load / Unload Miller - Rook	IDLE
17:36:20	Cell to Host	Robot2 IDLE 2
17:36:21	Cell to Host	IDLE ROOK_M.SEQ
18:05:2005
18:05:2005
14:41:18	Cell to Host	Robot2 IDLE
14:54:56	Disconnect
15:14:33	DoCommand ROOK_M.SEQ
15:14:33	Load / Unload Miller - Rook	Ready
15:14:34	Load / Unload Miller - Rook	BUSY
15:14:34	Cell to Host	Ready ROOK_M.SEQ
15:14:34	Cell to Host	BUSY ROOK_M.SEQ
15:14:35	Cell to Host	Miller BUSY 1
15:14:36	Cell to Host	Miller IDLE 1
15:14:37	Cell to Host	Robot2 BUSY 1
15:14:58	Cell to Host	Robot2 IDLE 1
15:14:59	Cell to Host	Miller BUSY 2
15:15:00	Cell to Host	Miller IDLE 2
15:15:00	Cell to Host	Miller BUSY 5 ROOK_m.FNC
15:15:01	Cell to Host	Miller IDLE 5 ROOK_m.FNC
15:15:02	Cell to Host	Miller BUSY 3
15:18:17	Cell to Host	Miller IDLE 3
15:18:18	Cell to Host	Miller BUSY 1
15:18:19	Cell to Host	Miller IDLE 1
15:18:19	Cell to Host	Robot2 BUSY 2
15:18:41	Load / Unload Miller - Rook	IDLE
15:18:41	Cell to Host	Robot2 IDLE 2
15:18:41	Cell to Host	IDLE ROOK_M.SEQ
15:19:25	DoCommand ROOK_M.SEQ
15:19:25	Load / Unload Miller - Rook	Ready
15:19:26	Load / Unload Miller - Rook	BUSY
15:19:26	Cell to Host	Ready ROOK_M.SEQ
15:19:27	Cell to Host	BUSY ROOK_M.SEQ
15:19:27	Cell to Host	Miller BUSY 1
15:19:28	Cell to Host	Miller IDLE 1
15:19:29	Cell to Host	Robot2 BUSY 1
15:19:49	Cell to Host	Robot2 IDLE 1
15:19:50	Cell to Host	Miller BUSY 2
15:19:51	Cell to Host	Miller IDLE 2
15:19:51	Cell to Host	Miller BUSY 5 ROOK_m.FNC
15:19:52	Cell to Host	Miller IDLE 5 ROOK_m.FNC
15:19:53	Cell to Host	Miller BUSY 3
15:23:07	Cell to Host	Miller IDLE 3
15:23:08	Cell to Host	Miller BUSY 1
15:23:09	Cell to Host	Miller IDLE 1
15:23:10	Cell to Host	Robot2 BUSY 2
15:23:30	Load / Unload Miller - Rook	IDLE
15:23:31	Cell to Host	Robot2 IDLE 2
15:23:31	Cell to Host	IDLE ROOK_M.SEQ
15:39:20	DoCommand ROOK_M.SEQ
15:39:20	Load / Unload Miller - Rook	Ready
15:39:21	Load / Unload Miller - Rook	BUSY
15:39:21	Cell to Host	Ready ROOK_M.SEQ
15:39:22	Cell to Host	BUSY ROOK_M.SEQ
15:39:22	Cell to Host	Miller BUSY 1
15:39:22	Cell to Host	Miller IDLE 1
15:39:23	Cell to Host	Robot2 BUSY 1
15:39:43	Cell to Host	Robot2 IDLE 1
15:39:45	Cell to Host	Miller BUSY 2
15:39:45	Cell to Host	Miller IDLE 2
15:39:45	Cell to Host	Miller BUSY 5 ROOK_m.FNC
15:39:46	Cell to Host	Miller IDLE 5 ROOK_m.FNC
15:39:47	Cell to Host	Miller BUSY 3
15:43:02	Cell to Host	Miller IDLE 3
15:43:03	Cell to Host	Miller BUSY 1
15:43:04	Cell to Host	Miller IDLE 1
15:43:04	Cell to Host	Robot2 BUSY 2
15:43:25	Load / Unload Miller - Rook	IDLE
15:43:25	Cell to Host	Robot2 IDLE 2
15:43:26	Cell to Host	IDLE ROOK_M.SEQ
18:05:2005
16:15:30	Cell to Host	Robot2 IDLE
16:23:32	DoCommand ROOK_M.SEQ
16:23:32	Load / Unload Miller - Rook	Ready
16:23:32	Load / Unload Miller - Rook	BUSY
16:23:32	Cell to Host	Ready ROOK_M.SEQ
16:23:33	Cell to Host	BUSY ROOK_M.SEQ
16:23:33	Cell to Host	Miller BUSY 1
16:23:33	Cell to Host	Miller IDLE 1
16:23:34	Cell to Host	Robot2 BUSY 1
16:23:55	Cell to Host	Robot2 IDLE 1
16:23:56	Cell to Host	Miller BUSY 2
16:23:57	Cell to Host	Miller IDLE 2
16:23:58	Cell to Host	Miller BUSY 5 ROOK_m.FNC
16:23:58	Cell to Host	Miller IDLE 5 ROOK_m.FNC
16:23:59	Cell to Host	Miller BUSY 3
16:27:14	Cell to Host	Miller IDLE 3
16:27:15	Cell to Host	Miller BUSY 1
16:27:16	Cell to Host	Miller IDLE 1
16:27:17	Cell to Host	Robot2 BUSY 2
16:27:38	Load / Unload Miller - Rook	IDLE
16:27:38	Cell to Host	Robot2 IDLE 2
16:27:39	Cell to Host	IDLE ROOK_M.SEQ
16:28:19	DoCommand ROOK_M.SEQ
16:28:19	Load / Unload Miller - Rook	Ready
16:28:20	Load / Unload Miller - Rook	BUSY
16:28:20	Cell to Host	Ready ROOK_M.SEQ
16:28:21	Cell to Host	BUSY ROOK_M.SEQ
16:28:21	Cell to Host	Miller BUSY 1
16:28:22	Cell to Host	Miller IDLE 1
16:28:23	Cell to Host	Robot2 BUSY 1
16:28:43	Cell to Host	Robot2 IDLE 1
16:28:44	Cell to Host	Miller BUSY 2
16:28:44	Cell to Host	Miller IDLE 2
16:28:45	Cell to Host	Miller BUSY 5 ROOK_m.FNC
16:28:46	Cell to Host	Miller IDLE 5 ROOK_m.FNC
16:28:47	Cell to Host	Miller BUSY 3
16:32:02	Cell to Host	Miller IDLE 3
16:32:03	Cell to Host	Miller BUSY 1
16:32:04	Cell to Host	Miller IDLE 1
16:32:05	Cell to Host	Robot2 BUSY 2
16:32:26	Load / Unload Miller - Rook	IDLE
16:32:26	Cell to Host	Robot2 IDLE 2
16:32:27	Cell to Host	IDLE ROOK_M.SEQ
18:05:2005
18:05:2005
18:51:43	Cell to Host	Robot2 IDLE 1
19:08:59	Disconnect
18:05:2005
18:05:2005
22:07:00	Cell to Host	Robot2 IDLE 2
18:05:2005
19:05:2005
19:05:2005
 9:03:44	Cell to Host	Robot2 IDLE 1
11:01:31	Cell to Host	Robot2 NOT CONNECTED
19:05:2005
20:05:2005
10:08:43	Cell to Host	Miller IDLE 3
10:40:02	Cell to Host	Miller IDLE 3
10:56:56	Cell to Host	Miller BUSY 1
10:57:12	Cell to Host	Miller IDLE
10:57:14	Cell to Host	Miller BUSY 2
10:57:15	Cell to Host	Miller IDLE 2
11:00:53	Cell to Host	Miller BUSY 5 C:\CIM\CELL2\TEST_M.FNC
11:00:54	Cell to Host	Miller IDLE 5 C:\CIM\CELL2\TEST_M.FNC
11:00:58	Cell to Host	Miller BUSY 3
11:01:07	Cell to Host	Miller IDLE 3
11:06:30	Cell to Host	Miller BUSY 1
11:06:52	Cell to Host	Miller IDLE
11:06:54	Cell to Host	Miller BUSY 1
11:07:03	Cell to Host	Miller IDLE
13:11:10	Cell to Host	Miller BUSY 2
13:11:11	Cell to Host	Miller IDLE 2
13:11:14	Cell to Host	Miller BUSY 1
13:11:15	Cell to Host	Miller IDLE 1
13:11:19	Cell to Host	Miller BUSY 5 C:\CIM\CELL2\TEST_M.FNC
13:11:20	Cell to Host	Miller IDLE 5 C:\CIM\CELL2\TEST_M.FNC
13:11:30	Cell to Host	Miller BUSY 3
13:11:39	Cell to Host	Miller IDLE 3
13:14:55	Cell to Host	Miller BUSY 2
13:14:57	Cell to Host	Miller IDLE 2
13:15:00	Cell to Host	Miller BUSY 5 C:\CIM\CELL2\TEST_M.FNC
13:15:01	Cell to Host	Miller IDLE 5 C:\CIM\CELL2\TEST_M.FNC
13:15:02	Cell to Host	Miller BUSY 3
13:16:08	Cell to Host	Miller IDLE 3
13:22:56	Cell to Host	Robot2 IDLE 1
13:34:39	Cell to Host	Miller BUSY 3
13:34:49	Cell to Host	Miller IDLE 3
13:40:39	Cell to Host	Miller BUSY 5 C:\CIM\CELL2\TEST_M.FNC
13:40:40	Cell to Host	Miller IDLE 5 C:\CIM\CELL2\TEST_M.FNC
13:40:41	Cell to Host	Miller BUSY 3
13:40:55	Cell to Host	Miller IDLE 3
14:04:48	Disconnect
20:05:2005
15:33:31	Cell to Host	Miller IDLE 3
15:46:11	Milling Test	Ready
15:46:14	Milling Test	BUSY
15:47:16	Milling Test	IDLE
15:48:53	Cell to Host	IDLE C:\CIM\CELL2\TEST_M.SEQ
15:55:41	DoCommand KING_M.SEQ
15:55:41	Load / Unload Miller - King	Ready
15:55:41	Load / Unload Miller - King	BUSY
15:55:41	Cell to Host	Ready KING_M.SEQ
15:55:42	Cell to Host	BUSY KING_M.SEQ
15:55:42	Cell to Host	Miller BUSY 1
15:55:43	Cell to Host	Miller IDLE 1
15:55:43	Cell to Host	Robot2 BUSY 1
15:56:04	Cell to Host	Robot2 IDLE 1
15:56:05	Cell to Host	Miller BUSY 2
15:56:05	Cell to Host	Miller IDLE 2
15:56:06	Cell to Host	Miller BUSY 5 KING_m.FNC
15:56:07	Cell to Host	Miller IDLE 5 KING_m.FNC
15:56:08	Cell to Host	Miller BUSY 3
16:01:30	Load / Unload Miller - King	IDLE
16:03:15	Milling Test	Ready
16:03:18	Milling Test	BUSY
16:04:20	Milling Test	IDLE
16:19:12	Turning Test	Ready
16:19:15	Turning Test	BUSY
16:20:28	Milling Test	Ready
16:20:31	Milling Test	BUSY
16:21:34	Milling Test	IDLE
16:22:58	Cell to Host	IDLE C:\CIM\CELL2\TEST_M.SEQ
16:29:24	DoCommand QUEEN_M.SEQ
16:29:24	Load / Unload Miller - Queen	Ready
16:29:24	Load / Unload Miller - Queen	BUSY
16:29:25	Cell to Host	Ready QUEEN_M.SEQ
16:29:25	Cell to Host	BUSY QUEEN_M.SEQ
16:29:25	Cell to Host	Miller BUSY 1
16:29:26	Cell to Host	Miller IDLE 1
16:29:27	Cell to Host	Robot2 BUSY 1
16:29:47	Cell to Host	Robot2 IDLE 1
16:29:47	Cell to Host	Miller BUSY 2
16:29:49	Cell to Host	Miller IDLE 2
16:29:50	Cell to Host	Miller BUSY 5 QUEEN_m.FNC
16:29:50	Cell to Host	Miller IDLE 5 QUEEN_m.F20:05:2005
NC
16:29:51	Cell to Host	Miller BUSY 3
16:33:10	Cell to Host	Miller IDLE 3
16:33:11	Cell to Host	Miller BUSY 1
16:33:12	Cell to Host	Miller IDLE 1
16:33:13	Cell to Host	Robot2 BUSY 2
16:33:33	Load / Unload Miller - Queen	IDLE
16:33:34	Cell to Host	Robot2 IDLE 2
16:33:35	Cell to Host	IDLE QUEEN_M.SEQ
17:44:49	DoCommand QUEEN_M.SEQ
17:44:49	Load / Unload Miller - Queen	Ready
17:44:50	Load / Unload Miller - Queen	BUSY
17:44:50	Cell to Host	Ready QUEEN_M.SEQ
17:44:51	Cell to Host	BUSY QUEEN_M.SEQ
17:44:51	Cell to Host	Miller BUSY 1
17:44:52	Cell to Host	Miller IDLE 1
17:44:53	Cell to Host	Robot2 BUSY 1
17:45:13	Cell to Host	Robot2 IDLE 1
17:45:14	Cell to Host	Miller BUSY 2
17:45:15	Cell to Host	Miller IDLE 2
17:45:15	Cell to Host	Miller BUSY 5 QUEEN_m.FNC
17:45:16	Cell to Host	Miller IDLE 5 QUEEN_m.FNC
17:45:17	Cell to Host	Miller BUSY 3
17:48:35	Cell to Host	Miller IDLE 3
17:48:36	Cell to Host	Miller BUSY 1
17:48:37	Cell to Host	Miller IDLE 1
17:48:38	Cell to Host	Robot2 BUSY 2
17:48:58	Load / Unload Miller - Queen	IDLE
17:48:59	Cell to Host	Robot2 IDLE 2
17:49:00	Cell to Host	IDLE QUEEN_M.SEQ
17:50:13	DoCommand BISHOP_M.SEQ
17:50:13	Load / Unload Miller - Bishop	Ready
17:50:14	Load / Unload Miller - Bishop	BUSY
17:50:14	Cell to Host	Ready BISHOP_M.SEQ
17:50:15	Cell to Host	BUSY BISHOP_M.SEQ
17:50:15	Cell to Host	Miller BUSY 1
17:50:15	Cell to Host	Miller IDLE 1
17:50:16	Cell to Host	Robot2 BUSY 1
17:50:37	Cell to Host	Robot2 IDLE 1
17:50:38	Cell to Host	Miller BUSY 2
17:50:38	Cell to Host	Miller IDLE 2
17:50:39	Cell to Host	Miller BUSY 5 BISHOP_m.FNC
17:50:39	Cell to Host	Miller IDLE 5 BISHOP_m.FNC
17:50:40	Cell to Host	Miller BUSY 3
17:52:22	Cell to Host	Miller IDLE 3
17:52:23	Cell to Host	Miller BUSY 1
17:52:24	Cell to Host	Miller IDLE 1
17:52:24	Cell to Host	Robot2 BUSY 2
17:52:45	Load / Unload Miller - Bishop	IDLE
17:52:46	Cell to Host	Robot2 IDLE 2
17:52:47	Cell to Host	IDLE BISHOP_M.SEQ
18:14:47	DoCommand KING_M.SEQ
18:14:47	Load / Unload Miller - King	Ready
18:14:47	Load / Unload Miller - King	BUSY
18:14:48	Cell to Host	Ready KING_M.SEQ
18:14:48	Cell to Host	BUSY KING_M.SEQ
18:14:49	Cell to Host	Miller BUSY 1
18:14:49	Cell to Host	Miller IDLE 1
18:14:50	Cell to Host	Robot2 BUSY 1
18:15:10	Cell to Host	Robot2 IDLE 1
18:15:11	Cell to Host	Miller BUSY 2
18:15:11	Cell to Host	Miller IDLE 2
18:15:12	Cell to Host	Miller BUSY 5 KING_m.FNC
18:15:13	Cell to Host	Miller IDLE 5 KING_m.FNC
18:15:13	Cell to Host	Miller BUSY 3
18:20:12	Cell to Host	Miller IDLE 3
18:20:13	Cell to Host	Miller BUSY 1
18:20:13	Cell to Host	Miller IDLE 1
18:20:13	Cell to Host	Robot2 BUSY 2
18:20:34	Load / Unload Miller - King	IDLE
18:20:35	Cell to Host	Robot2 IDLE 2
18:20:36	Cell to Host	IDLE KING_M.SEQ
18:20:39	DoCommand QUEEN_M.SEQ
18:20:39	Load / Unload Miller - Queen	Ready
18:20:39	Load / Unload Miller - Queen	BUSY
18:20:40	Cell to Host	Ready QUEEN_M.SEQ
18:20:40	Cell to Host	BUSY QUEEN_M.SEQ
18:20:41	Cell to Host	Miller BUSY 1
18:20:41	Cell to Host	Miller IDLE 1
18:20:42	Cell to Host	Robot2 BUSY 1
18:21:02	Cell to Host	Robot2 IDLE 1
18:21:03	Cell to Host	Miller BUSY 2
18:21:04	Cell to Host	Miller IDLE 2
18:21:05	Cell to Host	Miller BUSY 5 QUEEN_m.FNC
18:21:05	Cell to Host	Miller IDLE 5 QUEEN_m.FNC
18:21:05	Cell to Host	Miller BUSY 3
18:24:24	Cell to Host	Miller IDLE 3
18:24:24	Cell to Host	Miller BUSY 1
18:24:26	Cell to Host	Miller IDLE 1
18:24:27	Cell to Host	Robot2 BUSY 2
18:24:47	Load / Unload Miller - Queen	IDLE
18:24:48	Cell to Host	Robot2 IDLE 2
18:24:49	Cell to Host	IDLE QUEEN_M.SEQ
18:25:32	DoCommand BISHOP_M.SEQ
18:25:32	Load / Unload Miller - Bishop	Ready
18:25:33	Load / Unload Miller - Bishop	BUSY
18:25:33	Cell to Host	Ready BISHOP_M.SEQ
18:25:33	Cell to Host	BUSY BISHOP_M.SEQ
18:25:34	Cell to Host	Miller BUSY 1
18:25:34	Cell to Host	Miller IDLE 1
18:25:35	Cell to Host	Robot2 BUSY 1
18:25:55	Cell to Host	Robot2 IDLE 1
18:25:55	Cell to Host	Miller BUSY 2
18:25:56	Cell to Host	Miller IDLE 2
18:25:57	Cell to Host	Miller BUSY 5 BISHOP_m.FNC
18:25:58	Cell to Host	Miller IDLE 5 BISHOP_m.FNC
18:25:58	Cell to Host	Miller BUSY 3
18:27:40	Cell to Host	Miller IDLE 3
18:27:41	Cell to Host	Miller BUSY 1
18:27:41	Cell to Host	Miller IDLE 1
18:27:42	Cell to Host	Robot2 BUSY 2
18:28:02	Load / Unload Miller - Bishop	IDLE
18:28:03	Cell to Host	Robot2 IDLE 2
18:28:04	Cell to Host	IDLE BISHOP_M.SEQ
18:30:44	DoCommand KNIGHT_M.SEQ
18:30:44	Load / Unload Miller - Knight	Ready
18:30:45	Load / Unload Miller - Knight	BUSY
18:30:45	Cell to Host	Ready KNIGHT_M.SEQ
18:30:45	Cell to Host	BUSY KNIGHT_M.SEQ
18:30:46	Cell to Host	Miller BUSY 1
18:30:46	Cell to Host	Miller IDLE 1
18:30:47	Cell to Host	Robot2 BUSY 1
18:31:08	Cell to Host	Robot2 IDLE 1
18:31:09	Cell to Host	Miller BUSY 2
18:31:10	Cell to Host	Miller IDLE 2
18:31:11	Cell to Host	Miller BUSY 5 KNIGHT_m.FNC
18:31:11	Cell to Host	Miller IDLE 5 KNIGHT_m.FNC
18:31:12	Cell to Host	Miller BUSY 3
18:35:22	Cell to Host	Miller IDLE 3
18:35:22	Cell to Host	Miller BUSY 1
18:35:24	Cell to Host	Miller IDLE 1
18:35:25	Cell to Host	Robot2 BUSY 2
18:35:45	Load / Unload Miller - Knight	IDLE
18:35:46	Cell to Host	Robot2 IDLE 2
18:35:47	Cell to Host	IDLE KNIGHT_M.SEQ
18:35:50	DoCommand ROOK_M.SEQ
18:35:50	Load / Unload Miller - Rook	Ready
18:35:51	Load / Unload Miller - Rook	BUSY
18:35:51	Cell to Host	Ready ROOK_M.SEQ
18:35:51	Cell to Host	BUSY ROOK_M.SEQ
18:35:52	Cell to Host	Miller BUSY 1
18:35:52	Cell to Host	Miller IDLE 1
18:35:53	Cell to Host	Robot2 BUSY 1
18:36:14	Cell to Host	Robot2 IDLE 1
18:36:14	Cell to Host	Miller BUSY 2
18:36:16	Cell to Host	Miller IDLE 2
18:36:16	Cell to Host	Miller BUSY 5 ROOK_m.FNC
18:36:17	Cell to Host	Miller IDLE 5 ROOK_m.FNC
18:36:18	Cell to Host	Miller BUSY 3
18:39:23	Cell to Host	Miller IDLE 3
18:39:24	Cell to Host	Miller BUSY 1
18:39:25	Cell to Host	Miller IDLE 1
18:39:26	Cell to Host	Robot2 BUSY 2
18:39:46	Load / Unload Miller - Rook	IDLE
18:39:47	Cell to Host	Robot2 IDLE 2
18:39:47	Cell to Host	IDLE ROOK_M.SEQ
19:03:31	DoCommand KING_M.SEQ
19:03:31	Load / Unload Miller - King	Ready
19:03:31	Load / Unload Miller - King	BUSY
19:03:32	Cell to Host	Ready KING_M.SEQ
19:03:32	Cell to Host	BUSY KING_M.SEQ
19:03:33	Cell to Host	Miller BUSY 1
19:03:33	Cell to Host	Miller IDLE 1
19:03:34	Cell to Host	Robot2 BUSY 1
19:03:54	Cell to Host	Robot2 IDLE 1
19:03:54	Cell to Host	Miller BUSY 2
19:03:55	Cell to Host	Miller IDLE 2
19:03:56	Cell to Host	Miller BUSY 5 KING_m.FNC
19:03:58	Cell to Host	Miller IDLE 5 KING_m.FNC
19:03:58	Cell to Host	Miller BUSY 3
19:09:00	Cell to Host	Miller IDLE 3
19:09:02	Cell to Host	Miller BUSY 1
19:09:02	Cell to Host	Miller IDLE 1
19:09:02	Cell to Host	Robot2 BUSY 2
19:09:24	Load / Unload Miller - King	IDLE
19:09:24	Cell to Host	Robot2 IDLE 2
19:09:25	Cell to Host	IDLE KING_M.SEQ
19:09:30	DoCommand QUEEN_M.SEQ
19:09:30	Load / Unload Miller - Queen	Ready
19:09:30	Load / Unload Miller - Queen	BUSY
19:09:31	Cell to Host	Ready QUEEN_M.SEQ
19:09:32	Cell to Host	BUSY QUEEN_M.SEQ
19:09:32	Cell to Host	Miller BUSY 1
19:09:32	Cell to Host	Miller IDLE 1
19:09:33	Cell to Host	Robot2 BUSY 1
19:09:53	Cell to Host	Robot2 IDLE 1
19:09:54	Cell to Host	Miller BUSY 2
19:09:54	Cell to Host	Miller IDLE 2
19:09:55	Cell to Host	Miller BUSY 5 QUEEN_m.FNC
19:09:56	Cell to Host	Miller IDLE 5 QUEEN_m.FNC
19:09:57	Cell to Host	Miller BUSY 3
19:13:16	Cell to Host	Miller IDLE 3
19:13:17	Cell to Host	Miller BUSY 1
19:13:18	Cell to Host	Miller IDLE 1
19:13:18	Cell to Host	Robot2 BUSY 2
19:13:40	Load / Unload Miller - Queen	IDLE
19:13:40	Cell to Host	Robot2 IDLE 2
19:13:41	Cell to Host	IDLE QUEEN_M.SEQ
06:06:2005
08:06:2005
11:30:27	Cell to Host	Robot2 IDLE 1
11:53:21	Disconnect
11:57:31	Disconnect
10:06:2005
27:06:2005
27:06:2005
30:06:2005
 9:09:23	Milling Test	Ready
 9:09:26	Milling Test	BUSY
 9:10:27	Milling Test	IDLE
 9:11:35	Milling Test	Ready
 9:11:38	Milling Test	BUSY
 9:12:40	Milling Test	IDLE
14:08:45	Milling Test	Ready
14:08:49	Milling Test	BUSY
14:09:51	Milling Test	IDLE
14:25:02	Milling Test	Ready
14:25:05	Milling Test	BUSY
14:26:07	Milling Test	IDLE
16:13:04	Milling Test	Ready
16:13:07	Milling Test	BUSY
16:14:09	Milling Test	IDLE
16:15:11	Milling Test	Ready
16:15:13	Milling Test	BUSY
16:16:16	Milling Test	IDLE
17:30:01	Milling Test	Ready
17:30:03	Milling Test	BUSY
17:31:05	Milling Test	IDLE
17:47:34	Milling Test	Ready
17:47:36	Milling Test	BUSY
17:48:39	Milling Test	IDLE
17:49:54	Turning Test	Ready
17:49:56	Turning Test	BUSY
17:52:42	Turning Test	Ready
17:52:44	Turning Test	BUSY
17:53:15	Milling Test	Ready
17:53:19	Milling Test	BUSY
17:54:20	Milling Test	IDLE
18:00:47	Milling Test	Ready
18:00:50	Milling Test	BUSY
18:01:53	Milling Test	IDLE
01:07:2005
 8:55:41	Milling Test	Ready
 8:55:45	Milling Test	BUSY
 9:13:17	Cell to Host	Miller IDLE 3
 9:22:14	DoCommand KING_M.SEQ
 9:22:14	Load / Unload Miller - King	Ready
 9:22:14	Load / Unload Miller - King	BUSY
 9:22:15	Cell to Host	Ready KING_M.SEQ
 9:22:15	Cell to Host	BUSY KING_M.SEQ
 9:22:15	Cell to Host	Miller BUSY 1
 9:22:16	Cell to Host	Miller IDLE 1
 9:22:17	Cell to Host	Robot2 BUSY 1
 9:22:38	Cell to Host	Robot2 IDLE 1
 9:22:38	Cell to Host	Miller BUSY 2
 9:22:39	Cell to Host	Miller IDLE 2
 9:22:40	Cell to Host	Miller BUSY 5 KING_m.FNC
 9:22:41	Cell to Host	Miller IDLE 5 KING_m.FNC
 9:22:41	Cell to Host	Miller BUSY 3
 9:29:22	Cell to Host	Miller IDLE 3
 9:29:23	Cell to Host	Miller BUSY 1
 9:29:23	Cell to Host	Miller IDLE 1
 9:29:24	Cell to Host	Robot2 BUSY 2
 9:29:45	Load / Unload Miller - King	IDLE
 9:29:45	Cell to Host	Robot2 IDLE 2
 9:29:46	Cell to Host	IDLE KING_M.SEQ
 9:29:50	DoCommand QUEEN_M.SEQ
 9:29:50	Load / Unload Miller - Queen	Ready
 9:29:50	Load / Unload Miller - Queen	BUSY
 9:29:51	Cell to Host	Ready QUEEN_M.SEQ
 9:29:51	Cell to Host	BUSY QUEEN_M.SEQ
 9:29:51	Cell to Host	Miller BUSY 1
 9:29:52	Cell to Host	Miller IDLE 1
 9:29:53	Cell to Host	Robot2 BUSY 1
 9:30:13	Cell to Host	Robot2 IDLE 1
 9:30:13	Cell to Host	Miller BUSY 2
 9:30:14	Cell to Host	Miller IDLE 2
 9:30:15	Cell to Host	Miller BUSY 5 QUEEN_m.FNC
 9:30:16	Cell to Host	Miller IDLE 5 QUEEN_m.FNC
 9:30:16	Cell to Host	Miller BUSY 3
 9:34:58	Load / Unload Miller - Queen	IDLE
10:00:12	Cell to Host	IDLE QUEEN_M.SEQ
10:12:45	Disconnect
10:24:23	DoCommand KING_M.SEQ
10:24:23	Load / Unload Miller - King	Ready
10:24:23	Load / Unload Miller - King	BUSY
10:24:23	Cell to Host	Ready KING_M.SEQ
10:24:24	Cell to Host	BUSY KING_M.SEQ
10:24:24	Cell to Host	Miller BUSY 1
10:24:25	Cell to Host	Miller IDLE 1
10:24:26	Cell to Host	Robot2 BUSY 1
10:24:46	Cell to Host	Robot2 IDLE 1
10:24:46	Cell to Host	Miller BUSY 2
10:24:47	Cell to Host	Miller IDLE 2
10:24:48	Cell to Host	Miller BUSY 5 KING_m.FNC
10:24:49	Cell to Host	Miller IDLE 5 KING_m.FNC
10:24:50	Cell to Host	Miller BUSY 3
10:31:27	Cell to Host	Miller IDLE 3
10:31:27	Cell to Host	Miller BUSY 1
10:31:28	Cell to Host	Miller IDLE 1
10:31:29	Cell to Host	Robot2 BUSY 2
10:31:50	Load / Unload Miller - King	IDLE
10:31:50	Cell to Host	Robot2 IDLE 2
10:31:51	Cell to Host	IDLE KING_M.SEQ
10:31:56	DoCommand QUEEN_M.SEQ
10:31:56	Load / Unload Miller - Queen	Ready
10:31:56	Load / Unload Miller - Queen	BUSY
10:31:57	Cell to Host	Ready QUEEN_M.SEQ
10:31:57	Cell to Host	BUSY QUEEN_M.SEQ
10:31:58	Cell to Host	Miller BUSY 1
10:31:58	Cell to Host	Miller IDLE 1
10:31:59	Cell to Host	Robot2 BUSY 1
10:32:20	Cell to Host	Robot2 IDLE 1
10:32:20	Cell to Host	Miller BUSY 2
10:32:21	Cell to Host	Miller IDLE 2
10:32:22	Cell to Host	Miller BUSY 5 QUEEN_m.FNC
10:32:23	Cell to Host	Miller IDLE 5 QUEEN_m.FNC
10:32:23	Cell to Host	Miller BUSY 3
10:37:06	Load / Unload Miller - Queen	IDLE
10:54:29	Cell to Host	IDLE QUEEN_M.SEQ
11:00:42	DoCommand KING_M.SEQ
11:00:42	Load / Unload Miller - King	Ready
11:00:42	Load / Unload Miller - King	BUSY
11:00:43	Cell to Host	Ready KING_M.SEQ
11:00:44	Cell to Host	BUSY KING_M.SEQ
11:00:44	Cell to Host	Miller BUSY 1
11:00:44	Cell to Host	Miller IDLE 1
11:00:45	Cell to Host	Robot2 BUSY 1
11:01:06	Cell to Host	Robot2 IDLE 1
11:01:06	Cell to Host	Miller BUSY 2
11:01:07	Cell to Host	Miller IDLE 2
11:01:08	Cell to Host	Miller BUSY 5 KING_m.FNC
11:01:09	Cell to Host	Miller IDLE 5 KING_m.FNC
11:01:09	Cell to Host	Miller BUSY 3
11:07:46	Cell to Host	Miller IDLE 3
11:07:47	Cell to Host	Miller BUSY 1
11:07:48	Cell to Host	Miller IDLE 1
11:07:48	Cell to Host	Robot2 BUSY 2
11:08:10	Load / Unload Miller - King	IDLE
11:08:10	Cell to Host	Robot2 IDLE 2
11:08:11	Cell to Host	IDLE KING_M.SEQ
11:08:15	DoCommand QUEEN_M.SEQ
11:08:15	Load / Unload Miller - Queen	Ready
11:08:15	Load / Unload Miller - Queen	BUSY
11:08:16	Cell to Host	Ready QUEEN_M.SEQ
11:08:16	Cell to Host	BUSY QUEEN_M.SEQ
11:08:17	Cell to Host	Miller BUSY 1
11:08:17	Cell to Host	Miller IDLE 1
11:08:18	Cell to Host	Robot2 BUSY 1
11:08:39	Cell to Host	Robot2 IDLE 1
11:08:40	Cell to Host	Miller BUSY 2
11:08:40	Cell to Host	Miller IDLE 2
11:08:40	Cell to Host	Miller BUSY 5 QUEEN_m.FNC
11:08:41	Cell to Host	Miller IDLE 5 QUEEN_m.FNC
11:08:42	Cell to Host	Miller BUSY 3
11:13:02	Cell to Host	Miller IDLE 3
11:13:03	Cell to Host	Miller BUSY 1
11:13:04	Cell to Host	Miller IDLE 1
11:13:05	Cell to Host	Robot2 BUSY 2
11:13:25	Load / Unload Miller - Queen	IDLE
11:13:26	Cell to Host	Robot2 IDLE 2
11:13:26	Cell to Host	IDLE QUEEN_M.SEQ
11:22:13	DoCommand KNIGHT_M.SEQ
11:22:13	Load / Unload Miller - Knight	Ready
11:22:14	Load / Unload Miller - Knight	BUSY
11:22:14	Cell to Host	Ready KNIGHT_M.SEQ
11:22:15	Cell to Host	BUSY KNIGHT_M.SEQ
11:22:15	Cell to Host	Miller BUSY 1
11:22:15	Cell to Host	Miller IDLE 1
11:22:16	Cell to Host	Robot2 BUSY 1
11:22:37	Cell to Host	Robot2 IDLE 1
11:22:37	Cell to Host	Miller BUSY 2
11:22:38	Cell to Host	Miller IDLE 2
11:22:39	Cell to Host	Miller BUSY 5 KNIGHT_m.FNC
11:22:40	Cell to Host	Miller IDLE 5 KNIGHT_m.FNC
11:22:41	Cell to Host	Miller BUSY 3
11:22:54	Disconnect
11:55:27	Milling Test	Ready
11:55:30	Milling Test	BUSY
11:56:31	Milling Test	IDLE
11:58:49	Cell to Host	IDLE C:\CIM\CELL2\TEST_M.SEQ
12:04:55	DoCommand KING_M.SEQ
12:04:55	Load / Unload Miller - King	Ready
12:04:55	Load / Unload Miller - King	BUSY
12:04:56	Cell to Host	Ready KING_M.SEQ
12:04:56	Cell to Host	BUSY KING_M.SEQ
12:04:56	Cell to Host	Miller BUSY 1
12:04:57	Cell to Host	Miller IDLE 1
12:04:57	Cell to Host	Robot2 BUSY 1
12:05:18	Cell to Host	Robot2 IDLE 1
12:05:19	Cell to Host	Miller BUSY 2
12:05:19	Cell to Host	Miller IDLE 2
12:05:20	Cell to Host	Miller BUSY 5 KING_m.FNC
12:05:21	Cell to Host	Miller IDLE 5 KING_m.FNC
12:05:22	Cell to Host	Miller BUSY 3
12:11:58	Cell to Host	Miller IDLE 3
12:11:59	Cell to Host	Miller BUSY 1
12:11:59	Cell to Host	Miller IDLE 1
12:12:00	Cell to Host	Robot2 BUSY 2
12:12:21	Load / Unload Miller - King	IDLE
12:12:22	Cell to Host	Robot2 IDLE 2
12:12:23	Cell to Host	IDLE KING_M.SEQ
12:12:26	DoCommand QUEEN_M.SEQ
12:12:26	Load / Unload Miller - Queen	Ready
12:12:26	Load / Unload Miller - Queen	BUSY
12:12:27	Cell to Host	Ready QUEEN_M.SEQ
12:12:27	Cell to Host	BUSY QUEEN_M.SEQ
12:12:27	Cell to Host	Miller BUSY 1
12:12:28	Cell to Host	Miller IDLE 1
12:12:28	Cell to Host	Robot2 BUSY 1
12:12:49	Cell to Host	Robot2 IDLE 1
12:12:49	Cell to Host	Miller BUSY 2
12:12:50	Cell to Host	Miller IDLE 2
12:12:51	Cell to Host	Miller BUSY 5 QUEEN_m.FNC
12:12:52	Cell to Host	Miller IDLE 5 QUEEN_m.FNC
12:12:53	Cell to Host	Miller BUSY 3
12:17:13	Cell to Host	Miller IDLE 3
12:17:14	Cell to Host	Miller BUSY 1
12:17:14	Cell to Host	Miller IDLE 1
12:17:15	Cell to Host	Robot2 BUSY 2
12:17:36	Load / Unload Miller - Queen	IDLE
12:17:36	Cell to Host	Robot2 IDLE 2
12:17:37	Cell to Host	IDLE QUEEN_M.SEQ
12:17:41	DoCommand BISHOP_M.SEQ
12:17:41	Load / Unload Miller - Bishop	Ready
12:17:42	Load / Unload Miller - Bishop	BUSY
12:17:42	Cell to Host	Ready BISHOP_M.SEQ
12:17:43	Cell to Host	BUSY BISHOP_M.SEQ
12:17:43	Cell to Host	Miller BUSY 1
12:17:44	Cell to Host	Miller IDLE 1
12:17:44	Cell to Host	Robot2 BUSY 1
12:18:05	Cell to Host	Robot2 IDLE 1
12:18:06	Cell to Host	Miller BUSY 2
12:18:06	Cell to Host	Miller IDLE 2
12:18:07	Cell to Host	Miller BUSY 5 BISHOP_m.FNC
12:18:07	Cell to Host	Miller IDLE 5 BISHOP_m.FNC
12:18:08	Cell to Host	Miller BUSY 3
12:20:22	Cell to Host	Miller IDLE 3
12:20:23	Cell to Host	Miller BUSY 1
12:20:24	Cell to Host	Miller IDLE 1
12:20:25	Cell to Host	Robot2 BUSY 2
12:20:45	Load / Unload Miller - Bishop	IDLE
12:20:46	Cell to Host	Robot2 IDLE 2
12:20:46	Cell to Host	IDLE BISHOP_M.SEQ
12:20:51	DoCommand BISHOP_M.SEQ
12:20:51	Load / Unload Miller - Bishop	Ready
12:20:52	Load / Unload Miller - Bishop	BUSY
12:20:52	Cell to Host	Ready BISHOP_M.SEQ
12:20:53	Cell to Host	BUSY BISHOP_M.SEQ
12:20:53	Cell to Host	Miller BUSY 1
12:20:54	Cell to Host	Miller IDLE 1
12:20:55	Cell to Host	Robot2 BUSY 1
12:21:16	Cell to Host	Robot2 IDLE 1
12:21:17	Cell to Host	Miller BUSY 2
12:21:17	Cell to Host	Miller IDLE 2
12:21:18	Cell to Host	Miller BUSY 5 BISHOP_m.FNC
12:21:19	Cell to Host	Miller IDLE 5 BISHOP_m.FNC
12:21:19	Cell to Host	Miller BUSY 3
12:23:27	Cell to Host	Miller IDLE 3
12:23:28	Cell to Host	Miller BUSY 1
12:23:29	Cell to Host	Miller IDLE 1
12:23:30	Cell to Host	Robot2 BUSY 2
12:23:50	Load / Unload Miller - Bishop	IDLE
12:23:51	Cell to Host	Robot2 IDLE 2
12:23:52	Cell to Host	IDLE BISHOP_M.SEQ
12:23:57	DoCommand KNIGHT_M.SEQ
12:23:57	Load / Unload Miller - Knight	Ready
12:23:57	Load / Unload Miller - Knight	BUSY
12:23:58	Cell to Host	Ready KNIGHT_M.SEQ
12:23:58	Cell to Host	BUSY KNIGHT_M.SEQ
12:23:58	Cell to Host	Miller BUSY 1
12:23:59	Cell to Host	Miller IDLE 1
12:24:00	Cell to Host	Robot2 BUSY 1
12:24:20	Cell to Host	Robot2 IDLE 1
12:24:20	Cell to Host	Miller BUSY 2
12:24:22	Cell to Host	Miller IDLE 2
12:24:23	Cell to Host	Miller BUSY 5 KNIGHT_m.FNC
12:24:23	Cell to Host	Miller IDLE 5 KNIGHT_m.FNC
12:24:23	Cell to Host	Miller BUSY 3
12:29:53	Cell to Host	Miller IDLE 3
12:29:53	Cell to Host	Miller BUSY 1
12:29:55	Cell to Host	Miller IDLE 1
12:29:55	Cell to Host	Robot2 BUSY 2
12:30:16	Load / Unload Miller - Knight	IDLE
12:30:17	Cell to Host	Robot2 IDLE 2
12:30:18	Cell to Host	IDLE KNIGHT_M.SEQ
12:30:23	DoCommand KNIGHT_M.SEQ
12:30:23	Load / Unload Miller - Knight	Ready
12:30:23	Load / Unload Miller - Knight	BUSY
12:30:24	Cell to Host	Ready KNIGHT_M.SEQ
12:30:24	Cell to Host	BUSY KNIGHT_M.SEQ
12:30:25	Cell to Host	Miller BUSY 1
12:30:25	Cell to Host	Miller IDLE 1
12:30:26	Cell to Host	Robot2 BUSY 1
12:30:46	Cell to Host	Robot2 IDLE 1
12:30:46	Cell to Host	Miller BUSY 2
12:30:47	Cell to Host	Miller IDLE 2
12:30:48	Cell to Host	Miller BUSY 5 KNIGHT_m.FNC
12:30:49	Cell to Host	Miller IDLE 5 KNIGHT_m.FNC
12:30:50	Cell to Host	Miller BUSY 3
12:36:16	Cell to Host	Miller IDLE 3
12:36:17	Cell to Host	Miller BUSY 1
12:36:18	Cell to Host	Miller IDLE 1
12:36:19	Cell to Host	Robot2 BUSY 2
12:36:39	Load / Unload Miller - Knight	IDLE
12:36:40	Cell to Host	Robot2 IDLE 2
12:36:41	Cell to Host	IDLE KNIGHT_M.SEQ
12:36:45	DoCommand ROOK_M.SEQ
12:36:45	Load / Unload Miller - Rook	Ready
12:36:46	Load / Unload Miller - Rook	BUSY
12:36:46	Cell to Host	Ready ROOK_M.SEQ
12:36:47	Cell to Host	BUSY ROOK_M.SEQ
12:36:47	Cell to Host	Miller BUSY 1
12:36:47	Cell to Host	Miller IDLE 1
12:36:48	Cell to Host	Robot2 BUSY 1
12:37:09	Cell to Host	Robot2 IDLE 1
12:37:10	Cell to Host	Miller BUSY 2
12:37:11	Cell to Host	Miller IDLE 2
12:37:11	Cell to Host	Miller BUSY 5 ROOK_m.FNC
12:37:12	Cell to Host	Miller IDLE 5 ROOK_m.FNC
12:37:13	Cell to Host	Miller BUSY 3
12:41:11	Cell to Host	Miller IDLE 3
12:41:11	Cell to Host	Miller BUSY 1
12:41:13	Cell to Host	Miller IDLE 1
12:41:14	Cell to Host	Robot2 BUSY 2
12:41:34	Load / Unload Miller - Rook	IDLE
12:41:35	Cell to Host	Robot2 IDLE 2
12:41:35	Cell to Host	IDLE ROOK_M.SEQ
12:41:40	DoCommand ROOK_M.SEQ
12:41:40	Load / Unload Miller - Rook	Ready
12:41:40	Load / Unload Miller - Rook	BUSY
12:41:41	Cell to Host	Ready ROOK_M.SEQ
12:41:41	Cell to Host	BUSY ROOK_M.SEQ
12:41:42	Cell to Host	Miller BUSY 1
12:41:42	Cell to Host	Miller IDLE 1
12:41:43	Cell to Host	Robot2 BUSY 1
12:42:04	Cell to Host	Robot2 IDLE 1
12:42:05	Cell to Host	Miller BUSY 2
12:42:06	Cell to Host	Miller IDLE 2
12:42:06	Cell to Host	Miller BUSY 5 ROOK_m.FNC
12:42:07	Cell to Host	Miller IDLE 5 ROOK_m.FNC
12:42:08	Cell to Host	Miller BUSY 3
12:46:06	Cell to Host	Miller IDLE 3
12:46:06	Cell to Host	Miller BUSY 1
12:46:08	Cell to Host	Miller IDLE 1
12:46:10	Cell to Host	Robot2 BUSY 2
12:46:33	Load / Unload Miller - Rook	IDLE
12:46:34	Cell to Host	Robot2 IDLE 2
12:46:35	Cell to Host	IDLE ROOK_M.SEQ
13:03:00	DoCommand KING_M.SEQ
13:03:00	Load / Unload Miller - King	Ready
13:03:00	Load / Unload Miller - King	BUSY
13:03:01	Cell to Host	Ready KING_M.SEQ
13:03:02	Cell to Host	BUSY KING_M.SEQ
13:03:02	Cell to Host	Miller BUSY 1
13:03:02	Cell to Host	Miller IDLE 1
13:03:03	Cell to Host	Robot2 BUSY 1
13:03:24	Cell to Host	Robot2 IDLE 1
13:03:25	Cell to Host	Miller BUSY 2
13:03:25	Cell to Host	Miller IDLE 2
13:03:26	Cell to Host	Miller BUSY 5 KING_m.FNC
13:03:27	Cell to Host	Miller IDLE 5 KING_m.FNC
13:03:27	Cell to Host	Miller BUSY 3
13:10:10	Cell to Host	Miller IDLE 3
13:10:10	Cell to Host	Miller BUSY 1
13:10:12	Cell to Host	Miller IDLE 1
13:10:13	Cell to Host	Robot2 BUSY 2
13:10:34	Load / Unload Miller - King	IDLE
13:10:34	Cell to Host	Robot2 IDLE 2
13:10:35	Cell to Host	IDLE KING_M.SEQ
13:10:39	DoCommand QUEEN_M.SEQ
13:10:39	Load / Unload Miller - Queen	Ready
13:10:39	Load / Unload Miller - Queen	BUSY
13:10:40	Cell to Host	Ready QUEEN_M.SEQ
13:10:41	Cell to Host	BUSY QUEEN_M.SEQ
13:10:41	Cell to Host	Miller BUSY 1
13:10:41	Cell to Host	Miller IDLE 1
13:10:42	Cell to Host	Robot2 BUSY 1
13:11:03	Cell to Host	Robot2 IDLE 1
13:11:04	Cell to Host	Miller BUSY 2
13:11:05	Cell to Host	Miller IDLE 2
13:11:06	Cell to Host	Miller BUSY 5 QUEEN_m.FNC
13:11:06	Cell to Host	Miller IDLE 5 QUEEN_m.FNC
13:11:07	Cell to Host	Miller BUSY 3
13:15:28	Cell to Host	Miller IDLE 3
13:15:29	Cell to Host	Miller BUSY 1
13:15:30	Cell to Host	Miller IDLE 1
13:15:30	Cell to Host	Robot2 BUSY 2
13:15:52	Load / Unload Miller - Queen	IDLE
13:15:52	Cell to Host	Robot2 IDLE 2
13:15:52	Cell to Host	IDLE QUEEN_M.SEQ
13:15:57	DoCommand BISHOP_M.SEQ
13:15:57	Load / Unload Miller - Bishop	Ready
13:15:57	Load / Unload Miller - Bishop	BUSY
13:15:58	Cell to Host	Ready BISHOP_M.SEQ
13:15:58	Cell to Host	BUSY BISHOP_M.SEQ
13:15:58	Cell to Host	Miller BUSY 1
13:15:59	Cell to Host	Miller IDLE 1
13:16:00	Cell to Host	Robot2 BUSY 1
13:16:20	Cell to Host	Robot2 IDLE 1
13:16:21	Cell to Host	Miller BUSY 2
13:16:22	Cell to Host	Miller IDLE 2
13:16:22	Cell to Host	Miller BUSY 5 BISHOP_m.FNC
13:16:23	Cell to Host	Miller IDLE 5 BISHOP_m.FNC
13:16:23	Cell to Host	Miller BUSY 3
13:18:38	Cell to Host	Miller IDLE 3
13:18:39	Cell to Host	Miller BUSY 1
13:18:40	Cell to Host	Miller IDLE 1
13:18:41	Cell to Host	Robot2 BUSY 2
13:19:02	Load / Unload Miller - Bishop	IDLE
13:19:02	Cell to Host	Robot2 IDLE 2
13:19:03	Cell to Host	IDLE BISHOP_M.SEQ
13:19:07	DoCommand BISHOP_M.SEQ
13:19:07	Load / Unload Miller - Bishop	Ready
13:19:08	Load / Unload Miller - Bishop	BUSY
13:19:08	Cell to Host	Ready BISHOP_M.SEQ
13:19:09	Cell to Host	BUSY BISHOP_M.SEQ
13:19:09	Cell to Host	Miller BUSY 1
13:19:09	Cell to Host	Miller IDLE 1
13:19:10	Cell to Host	Robot2 BUSY 1
13:19:31	Cell to Host	Robot2 IDLE 1
13:19:32	Cell to Host	Miller BUSY 2
13:19:33	Cell to Host	Miller IDLE 2
13:19:33	Cell to Host	Miller BUSY 5 BISHOP_m.FNC
13:19:34	Cell to Host	Miller IDLE 5 BISHOP_m.FNC
13:19:34	Cell to Host	Miller BUSY 3
13:21:42	Cell to Host	Miller IDLE 3
13:21:43	Cell to Host	Miller BUSY 1
13:21:44	Cell to Host	Miller IDLE 1
13:21:45	Cell to Host	Robot2 BUSY 2
13:22:06	Load / Unload Miller - Bishop	IDLE
13:22:06	Cell to Host	Robot2 IDLE 2
13:22:07	Cell to Host	IDLE BISHOP_M.SEQ
13:22:11	DoCommand KNIGHT_M.SEQ
13:22:11	Load / Unload Miller - Knight	Ready
13:22:12	Load / Unload Miller - Knight	BUSY
13:22:12	Cell to Host	Ready KNIGHT_M.SEQ
13:22:13	Cell to Host	BUSY KNIGHT_M.SEQ
13:22:14	Cell to Host	Miller BUSY 1
13:22:14	Cell to Host	Miller IDLE 1
13:22:14	Cell to Host	Robot2 BUSY 1
13:22:35	Cell to Host	Robot2 IDLE 1
13:22:35	Cell to Host	Miller BUSY 2
13:22:36	Cell to Host	Miller IDLE 2
13:22:37	Cell to Host	Miller BUSY 5 KNIGHT_m.FNC
13:22:38	Cell to Host	Miller IDLE 5 KNIGHT_m.FNC
13:22:39	Cell to Host	Miller BUSY 3
13:28:09	Cell to Host	Miller IDLE 3
13:28:10	Cell to Host	Miller BUSY 1
13:28:10	Cell to Host	Miller IDLE 1
13:28:11	Cell to Host	Robot2 BUSY 2
13:28:32	Load / Unload Miller - Knight	IDLE
13:28:32	Cell to Host	Robot2 IDLE 2
13:28:33	Cell to Host	IDLE KNIGHT_M.SEQ
13:28:38	DoCommand KNIGHT_M.SEQ
13:28:38	Load / Unload Miller - Knight	Ready
13:28:39	Load / Unload Miller - Knight	BUSY
13:28:40	Cell to Host	Ready KNIGHT_M.SEQ
13:28:40	Cell to Host	BUSY KNIGHT_M.SEQ
13:28:40	Cell to Host	Miller BUSY 1
13:28:41	Cell to Host	Miller IDLE 1
13:28:42	Cell to Host	Robot2 BUSY 1
13:29:02	Cell to Host	Robot2 IDLE 1
13:29:03	Cell to Host	Miller BUSY 2
13:29:03	Cell to Host	Miller IDLE 2
13:29:05	Cell to Host	Miller BUSY 5 KNIGHT_m.FNC
13:29:06	Cell to Host	Miller IDLE 5 KNIGHT_m.FNC
13:29:06	Cell to Host	Miller BUSY 3
13:34:33	Cell to Host	Miller IDLE 3
13:34:34	Cell to Host	Miller BUSY 1
13:34:37	Cell to Host	Miller IDLE 1
13:34:38	Cell to Host	Robot2 BUSY 2
13:34:57	Load / Unload Miller - Knight	IDLE
13:34:57	Cell to Host	Robot2 IDLE 2
13:34:58	Cell to Host	IDLE KNIGHT_M.SEQ
13:35:02	DoCommand ROOK_M.SEQ
13:35:02	Load / Unload Miller - Rook	Ready
13:35:03	Load / Unload Miller - Rook	BUSY
13:35:03	Cell to Host	Ready ROOK_M.SEQ
13:35:04	Cell to Host	BUSY ROOK_M.SEQ
13:35:04	Cell to Host	Miller BUSY 1
13:35:05	Cell to Host	Miller IDLE 1
13:35:05	Cell to Host	Robot2 BUSY 1
13:35:25	Cell to Host	Robot2 IDLE 1
13:35:26	Cell to Host	Miller BUSY 2
13:35:27	Cell to Host	Miller IDLE 2
13:35:27	Cell to Host	Miller BUSY 5 ROOK_m.FNC
13:35:28	Cell to Host	Miller IDLE 5 ROOK_m.FNC
13:35:29	Cell to Host	Miller BUSY 3
13:39:27	Cell to Host	Miller IDLE 3
13:39:28	Cell to Host	Miller BUSY 1
13:39:29	Cell to Host	Miller IDLE 1
13:39:30	Cell to Host	Robot2 BUSY 2
13:39:51	Load / Unload Miller - Rook	IDLE
13:39:51	Cell to Host	Robot2 IDLE 2
13:39:52	Cell to Host	IDLE ROOK_M.SEQ
13:39:56	DoCommand ROOK_M.SEQ
13:39:56	Load / Unload Miller - Rook	Ready
13:39:57	Load / Unload Miller - Rook	BUSY
13:39:57	Cell to Host	Ready ROOK_M.SEQ
13:39:58	Cell to Host	BUSY ROOK_M.SEQ
13:39:58	Cell to Host	Miller BUSY 1
13:39:59	Cell to Host	Miller IDLE 1
13:40:00	Cell to Host	Robot2 BUSY 1
13:40:20	Cell to Host	Robot2 IDLE 1
13:40:21	Cell to Host	Miller BUSY 2
13:40:22	Cell to Host	Miller IDLE 2
13:40:22	Cell to Host	Miller BUSY 5 ROOK_m.FNC
13:40:23	Cell to Host	Miller IDLE 5 ROOK_m.FNC
13:40:24	Cell to Host	Miller BUSY 3
13:44:22	Cell to Host	Miller IDLE 3
13:44:23	Cell to Host	Miller BUSY 1
13:44:24	Cell to Host	Miller IDLE 1
13:44:25	Cell to Host	Robot2 BUSY 2
13:44:46	Load / Unload Miller - Rook	IDLE
13:44:46	Cell to Host	Robot2 IDLE 2
13:44:47	Cell to Host	IDLE ROOK_M.SEQ
16:25:59	Disconnect
16:45:39	Milling Test	Ready
16:45:42	Milling Test	BUSY
16:46:50	Milling Test	IDLE
01:07:2005
17:17:25	Milling Test	Ready
17:17:28	Milling Test	BUSY
17:18:31	Milling Test	IDLE
17:20:50	Cell to Host	IDLE C:\CIM\CELL2\TEST_M.SEQ
17:27:59	DoCommand KING_M.SEQ
17:27:59	Load / Unload Miller - King	Ready
17:27:59	Load / Unload Miller - King	BUSY
17:28:00	Cell to Host	Ready KING_M.SEQ
17:28:00	Cell to Host	BUSY KING_M.SEQ
17:28:00	Cell to Host	Miller BUSY 1
17:28:01	Cell to Host	Miller IDLE 1
17:28:02	Cell to Host	Robot2 BUSY 1
17:28:22	Cell to Host	Robot2 IDLE 1
17:28:23	Cell to Host	Miller BUSY 2
17:28:24	Cell to Host	Miller IDLE 2
17:28:24	Cell to Host	Miller BUSY 5 KING_m.FNC
17:28:25	Cell to Host	Miller IDLE 5 KING_m.FNC
17:28:26	Cell to Host	Miller BUSY 3
17:35:08	Cell to Host	Miller IDLE 3
17:35:09	Cell to Host	Miller BUSY 1
17:35:10	Cell to Host	Miller IDLE 1
17:35:11	Cell to Host	Robot2 BUSY 2
17:35:32	Load / Unload Miller - King	IDLE
17:35:32	Cell to Host	Robot2 IDLE 2
17:35:33	Cell to Host	IDLE KING_M.SEQ
17:35:36	DoCommand QUEEN_M.SEQ
17:35:36	Load / Unload Miller - Queen	Ready
17:35:36	Load / Unload Miller - Queen	BUSY
17:35:37	Cell to Host	Ready QUEEN_M.SEQ
17:35:37	Cell to Host	BUSY QUEEN_M.SEQ
17:35:37	Cell to Host	Miller BUSY 1
17:35:38	Cell to Host	Miller IDLE 1
17:35:38	Cell to Host	Robot2 BUSY 1
17:35:59	Cell to Host	Robot2 IDLE 1
17:35:59	Cell to Host	Miller BUSY 2
17:36:01	Cell to Host	Miller IDLE 2
17:36:01	Cell to Host	Miller BUSY 5 QUEEN_m.FNC
17:36:02	Cell to Host	Miller IDLE 5 QUEEN_m.FNC
17:36:03	Cell to Host	Miller BUSY 3
17:40:23	Cell to Host	Miller IDLE 3
17:40:24	Cell to Host	Miller BUSY 1
17:40:25	Cell to Host	Miller IDLE 1
17:40:26	Cell to Host	Robot2 BUSY 2
17:40:47	Load / Unload Miller - Queen	IDLE
17:40:47	Cell to Host	Robot2 IDLE 2
17:40:48	Cell to Host	IDLE QUEEN_M.SEQ
17:53:07	DoCommand KING_M.SEQ
17:53:07	Load / Unload Miller - King	Ready
17:53:08	Load / Unload Miller - King	BUSY
17:53:08	Cell to Host	Ready KING_M.SEQ
17:53:09	Cell to Host	BUSY KING_M.SEQ
17:53:09	Cell to Host	Miller BUSY 1
17:53:10	Cell to Host	Miller IDLE 1
17:53:11	Cell to Host	Robot2 BUSY 1
17:53:31	Cell to Host	Robot2 IDLE 1
17:53:32	Cell to Host	Miller BUSY 2
17:53:33	Cell to Host	Miller IDLE 2
17:53:33	Cell to Host	Miller BUSY 5 KING_m.FNC
17:53:35	Cell to Host	Miller IDLE 5 KING_m.FNC
17:53:35	Cell to Host	Miller BUSY 3
18:00:15	Cell to Host	Miller IDLE 3
18:00:15	Cell to Host	Miller BUSY 1
18:00:16	Cell to Host	Miller IDLE 1
18:00:17	Cell to Host	Robot2 BUSY 2
18:00:38	Load / Unload Miller - King	IDLE
18:00:38	Cell to Host	Robot2 IDLE 2
18:00:39	Cell to Host	IDLE KING_M.SEQ
18:00:43	DoCommand QUEEN_M.SEQ
18:00:43	Load / Unload Miller - Queen	Ready
18:00:44	Load / Unload Miller - Queen	BUSY
18:00:44	Cell to Host	Ready QUEEN_M.SEQ
18:00:45	Cell to Host	BUSY QUEEN_M.SEQ
18:00:45	Cell to Host	Miller BUSY 1
18:00:46	Cell to Host	Miller IDLE 1
18:00:46	Cell to Host	Robot2 BUSY 1
18:01:07	Cell to Host	Robot2 IDLE 1
18:01:09	Cell to Host	Miller BUSY 2
18:01:09	Cell to Host	Miller IDLE 2
18:01:09	Cell to Host	Miller BUSY 5 QUEEN_m.FNC
18:01:10	Cell to Host	Miller IDLE 5 QUEEN_m.FNC
18:01:11	Cell to Host	Miller BUSY 3
18:05:32	Cell to Host	Miller IDLE 3
18:05:32	Cell to Host	Miller BUSY 1
18:05:34	Cell to Host	Miller IDLE 1
18:05:35	Cell to Host	Robot2 BUSY 2
18:05:56	Load / Unload Miller - Queen	IDLE
18:05:56	Cell to Host	Robot2 IDLE 2
18:05:57	Cell to Host	IDLE QUEEN_M.SEQ
18:42:06	DoCommand KING_M.SEQ
18:42:06	Load / Unload Miller - King	Ready
18:42:06	Load / Unload Miller - King	BUSY
18:42:07	Cell to Host	Ready KING_M.SEQ
18:42:07	Cell to Host	BUSY KING_M.SEQ
18:42:07	Cell to Host	Miller BUSY 1
18:42:08	Cell to Host	Miller IDLE 1
18:42:09	Cell to Host	Robot2 BUSY 1
18:42:29	Cell to Host	Robot2 IDLE 1
18:42:30	Cell to Host	Miller BUSY 2
18:42:31	Cell to Host	Miller IDLE 2
18:42:31	Cell to Host	Miller BUSY 5 KING_m.FNC
18:42:32	Cell to Host	Miller IDLE 5 KING_m.FNC
18:42:33	Cell to Host	Miller BUSY 3
18:49:12	Cell to Host	Miller IDLE 3
18:49:13	Cell to Host	Miller BUSY 1
18:49:14	Cell to Host	Miller IDLE 1
18:49:14	Cell to Host	Robot2 BUSY 2
18:49:35	Load / Unload Miller - King	IDLE
18:49:35	Cell to Host	Robot2 IDLE 2
18:49:36	Cell to Host	IDLE KING_M.SEQ
18:49:41	DoCommand QUEEN_M.SEQ
18:49:41	Load / Unload Miller - Queen	Ready
18:49:41	Load / Unload Miller - Queen	BUSY
18:49:42	Cell to Host	Ready QUEEN_M.SEQ
18:49:42	Cell to Host	BUSY QUEEN_M.SEQ
18:49:42	Cell to Host	Miller BUSY 1
18:49:43	Cell to Host	Miller IDLE 1
18:49:44	Cell to Host	Robot2 BUSY 1
18:50:04	Cell to Host	Robot2 IDLE 1
18:50:05	Cell to Host	Miller BUSY 2
18:50:06	Cell to Host	Miller IDLE 2
18:50:06	Cell to Host	Miller BUSY 5 QUEEN_m.FNC
18:50:07	Cell to Host	Miller IDLE 5 QUEEN_m.FNC
18:50:08	Cell to Host	Miller BUSY 3
18:54:29	Cell to Host	Miller IDLE 3
18:54:30	Cell to Host	Miller BUSY 1
18:54:31	Cell to Host	Miller IDLE 1
18:54:32	Cell to Host	Robot2 BUSY 2
18:54:53	Load / Unload Miller - Queen	IDLE
18:54:53	Cell to Host	Robot2 IDLE 2
18:54:54	Cell to Host	IDLE QUEEN_M.SEQ
18:54:59	DoCommand BISHOP_M.SEQ
18:54:59	Load / Unload Miller - Bishop	Ready
18:54:59	Load / Unload Miller - Bishop	BUSY
18:55:00	Cell to Host	Ready BISHOP_M.SEQ
18:55:00	Cell to Host	BUSY BISHOP_M.SEQ
18:55:00	Cell to Host	Miller BUSY 1
18:55:01	Cell to Host	Miller IDLE 1
18:55:01	Cell to Host	Robot2 BUSY 1
18:55:22	Cell to Host	Robot2 IDLE 1
18:55:23	Cell to Host	Miller BUSY 2
18:55:24	Cell to Host	Miller IDLE 2
18:55:25	Cell to Host	Miller BUSY 5 BISHOP_m.FNC
18:55:25	Cell to Host	Miller IDLE 5 BISHOP_m.FNC
18:55:26	Cell to Host	Miller BUSY 3
18:57:41	Cell to Host	Miller IDLE 3
18:57:41	Cell to Host	Miller BUSY 1
18:57:42	Cell to Host	Miller IDLE 1
18:57:43	Cell to Host	Robot2 BUSY 2
18:58:04	Load / Unload Miller - Bishop	IDLE
18:58:04	Cell to Host	Robot2 IDLE 2
18:58:05	Cell to Host	IDLE BISHOP_M.SEQ
18:58:10	DoCommand BISHOP_M.SEQ
18:58:10	Load / Unload Miller - Bishop	Ready
18:58:10	Load / Unload Miller - Bishop	BUSY
18:58:11	Cell to Host	Ready BISHOP_M.SEQ
18:58:11	Cell to Host	BUSY BISHOP_M.SEQ
18:58:11	Cell to Host	Miller BUSY 1
18:58:11	Cell to Host	Miller IDLE 1
18:58:12	Cell to Host	Robot2 BUSY 1
18:58:33	Cell to Host	Robot2 IDLE 1
18:58:34	Cell to Host	M02:07:2005
 9:09:54	Milling Test	Ready
 9:09:57	Milling Test	BUSY
 9:11:00	Milling Test	IDLE
 9:17:11	Cell to Host	IDLE C:\CIM\CELL2\TEST_M.SEQ
 9:24:04	DoCommand KING_M.SEQ
 9:24:04	Load / Unload Miller - King	Ready
 9:24:05	Load / Unload Miller - King	BUSY
 9:24:05	Cell to Host	Ready KING_M.SEQ
 9:24:06	Cell to Host	BUSY KING_M.SEQ
 9:24:06	Cell to Host	Miller BUSY 1
 9:24:07	Cell to Host	Miller IDLE 1
 9:24:07	Cell to Host	Robot2 BUSY 1
 9:24:28	Cell to Host	Robot2 IDLE 1
 9:24:29	Cell to Host	Miller BUSY 2
 9:24:29	Cell to Host	Miller IDLE 2
 9:24:29	Cell to Host	Miller BUSY 5 KING_m.FNC
 9:24:30	Cell to Host	Miller IDLE 5 KING_m.FNC
 9:24:31	Cell to Host	Miller BUSY 3
 9:30:12	Cell to Host	Miller IDLE 3
 9:30:12	Cell to Host	Miller BUSY 1
 9:30:14	Cell to Host	Miller IDLE 1
 9:30:14	Cell to Host	Robot2 BUSY 2
 9:30:35	Load / Unload Miller - King	IDLE
 9:30:35	Cell to Host	Robot2 IDLE 2
 9:30:36	Cell to Host	IDLE KING_M.SEQ
 9:30:40	DoCommand QUEEN_M.SEQ
 9:30:40	Load / Unload Miller - Queen	Ready
 9:30:41	Load / Unload Miller - Queen	BUSY
 9:30:41	Cell to Host	Ready QUEEN_M.SEQ
 9:30:42	Cell to Host	BUSY QUEEN_M.SEQ
 9:30:42	Cell to Host	Miller BUSY 1
 9:30:42	Cell to Host	Miller IDLE 1
 9:30:43	Cell to Host	Robot2 BUSY 1
 9:31:03	Cell to Host	Robot2 IDLE 1
 9:31:05	Cell to Host	Miller BUSY 2
 9:31:05	Cell to Host	Miller IDLE 2
 9:31:06	Cell to Host	Miller BUSY 5 QUEEN_m.FNC
 9:31:07	Cell to Host	Miller IDLE 5 QUEEN_m.FNC
 9:31:08	Cell to Host	Miller BUSY 3
 9:34:52	Cell to Host	Miller IDLE 3
 9:34:53	Cell to Host	Miller BUSY 1
 9:34:54	Cell to Host	Miller IDLE 1
 9:34:54	Cell to Host	Robot2 BUSY 2
 9:35:16	Load / Unload Miller - Queen	IDLE
 9:35:16	Cell to Host	Robot2 IDLE 2
 9:35:17	Cell to Host	IDLE QUEEN_M.SEQ
 9:35:22	DoCommand BISHOP_M.SEQ
 9:35:22	Load / Unload Miller - Bishop	Ready
 9:35:22	Load / Unload Miller - Bishop	BUSY
 9:35:23	Cell to Host	Ready BISHOP_M.SEQ
 9:35:23	Cell to Host	BUSY BISHOP_M.SEQ
 9:35:24	Cell to Host	Miller BUSY 1
 9:35:24	Cell to Host	Miller IDLE 1
 9:35:25	Cell to Host	Robot2 BUSY 1
 9:35:45	Cell to Host	Robot2 IDLE 1
 9:35:46	Cell to Host	Miller BUSY 2
 9:35:48	Cell to Host	Miller IDLE 2
 9:35:48	Cell to Host	Miller BUSY 5 BISHOP_m.FNC
 9:35:49	Cell to Host	Miller IDLE 5 BISHOP_m.FNC
 9:35:49	Cell to Host	Miller BUSY 3
 9:37:45	Cell to Host	Miller IDLE 3
 9:37:46	Cell to Host	Miller BUSY 1
 9:37:47	Cell to Host	Miller IDLE 1
 9:37:47	Cell to Host	Robot2 BUSY 2
 9:38:09	Load / Unload Miller - Bishop	IDLE
 9:38:09	Cell to Host	Robot2 IDLE 2
 9:38:10	Cell to Host	IDLE BISHOP_M.SEQ
 9:38:14	DoCommand BISHOP_M.SEQ
 9:38:14	Load / Unload Miller - Bishop	Ready
 9:38:15	Load / Unload Miller - Bishop	BUSY
 9:38:15	Cell to Host	Ready BISHOP_M.SEQ
 9:38:16	Cell to Host	BUSY BISHOP_M.SEQ
 9:38:16	Cell to Host	Miller BUSY 1
 9:38:16	Cell to Host	Miller IDLE 1
 9:38:17	Cell to Host	Robot2 BUSY 1
 9:38:38	Cell to Host	Robot2 IDLE 1
 9:38:39	Cell to Host	Miller BUSY 2
 9:38:39	Cell to Host	Miller IDLE 2
 9:38:40	Cell to Host	Miller BUSY 5 BISHOP_m.FNC
 9:38:40	Cell to Host	Miller IDLE 5 BISHOP_m.FNC
 9:38:40	Cell to Host	Miller BUSY 3
 9:40:29	Cell to Host	Miller IDLE 3
 9:40:30	Cell to Host	Miller BUSY 1
 9:40:30	Cell to Host	Miller IDLE 1
 9:40:31	Cell to Host	Robot2 BUSY 2
 9:40:52	Load / Unload Miller - Bishop	IDLE
 9:40:53	Cell to Host	Robot2 IDLE 2
 9:40:53	Cell to Host	IDLE BISHOP_M.SEQ
 9:43:13	DoCommand KNIGHT_M.SEQ
 9:43:13	Load / Unload Miller - Knight	Ready
 9:43:13	Load / Unload Miller - Knight	BUSY
 9:43:14	Cell to Host	Ready KNIGHT_M.SEQ
 9:43:15	Cell to Host	BUSY KNIGHT_M.SEQ
 9:43:15	Cell to Host	Miller BUSY 1
 9:43:16	Cell to Host	Miller IDLE 1
 9:43:17	Cell to Host	Robot2 BUSY 1
 9:43:46	Cell to Host	Robot2 IDLE 1
 9:43:46	Cell to Host	Miller BUSY 2
 9:43:47	Cell to Host	Miller IDLE 2
 9:43:48	Cell to Host	Miller BUSY 5 KNIGHT_m.FNC
 9:43:49	Cell to Host	Miller IDLE 5 KNIGHT_m.FNC
 9:43:49	Cell to Host	Miller BUSY 3
 9:48:33	Cell to Host	Miller IDLE 3
 9:48:33	Cell to Host	Miller BUSY 1
 9:48:35	Cell to Host	Miller IDLE 1
 9:48:35	Cell to Host	Robot2 BUSY 2
 9:48:56	Load / Unload Miller - Knight	IDLE
 9:48:57	Cell to Host	Robot2 IDLE 2
 9:48:57	Cell to Host	IDLE KNIGHT_M.SEQ
 9:49:02	DoCommand KNIGHT_M.SEQ
 9:49:02	Load / Unload Miller - Knight	Ready
 9:49:02	Load / Unload Miller - Knight	BUSY
 9:49:03	Cell to Host	Ready KNIGHT_M.SEQ
 9:49:03	Cell to Host	BUSY KNIGHT_M.SEQ
 9:49:03	Cell to Host	Miller BUSY 1
 9:49:04	Cell to Host	Miller IDLE 1
 9:49:05	Cell to Host	Robot2 BUSY 1
 9:49:25	Cell to Host	Robot2 IDLE 1
 9:49:26	Cell to Host	Miller BUSY 2
 9:49:26	Cell to Host	Miller IDLE 2
 9:49:27	Cell to Host	Miller BUSY 5 KNIGHT_m.FNC
 9:49:28	Cell to Host	Miller IDLE 5 KNIGHT_m.FNC
 9:49:29	Cell to Host	Miller BUSY 3
 9:54:33	Load / Unload Miller - Knight	IDLE
10:17:51	Cell to Host	IDLE KNIGHT_M.SEQ
10:29:41	DoCommand test_M.SEQ
10:29:41	Milling Test	Ready
10:29:41	Milling Test	BUSY
10:29:42	Cell to Host	Ready test_M.SEQ
10:29:42	Cell to Host	BUSY test_M.SEQ
10:29:42	Cell to Host	Miller BUSY 1
10:29:43	Cell to Host	Miller IDLE 1
10:29:43	Cell to Host	Robot2 BUSY 1
10:30:04	Cell to Host	Robot2 IDLE 1
10:30:05	Cell to Host	Miller BUSY 2
10:30:06	Cell to Host	Miller IDLE 2
10:30:06	Cell to Host	Miller BUSY 5 TEST_m.FNC
10:30:07	Cell to Host	Miller IDLE 5 TEST_m.FNC
10:30:08	Cell to Host	Miller BUSY 3
10:30:20	Cell to Host	Miller IDLE 3
10:30:21	Cell to Host	Miller BUSY 1
10:30:22	Cell to Host	Miller IDLE 1
10:30:23	Cell to Host	Robot2 BUSY 2
10:30:44	Milling Test	IDLE
10:30:44	Cell to Host	Robot2 IDLE 2
10:30:45	Cell to Host	IDLE test_M.SEQ
10:31:27	DoCommand test_M.SEQ
10:31:27	Milling Test	Ready
10:31:27	Milling Test	BUSY
10:31:28	Cell to Host	Ready test_M.SEQ
10:31:28	Cell to Host	BUSY test_M.SEQ
10:31:29	Cell to Host	Miller BUSY 1
10:31:29	Cell to Host	Miller IDLE 1
10:31:30	Cell to Host	Robot2 BUSY 1
10:31:50	Cell to Host	Robot2 IDLE 1
10:31:51	Cell to Host	Miller BUSY 2
10:31:52	Cell to Host	Miller IDLE 2
10:31:52	Cell to Host	Miller BUSY 5 TEST_m.FNC
10:31:53	Cell to Host	Miller IDLE 5 TEST_m.FNC
10:31:54	Cell to Host	Miller BUSY 3
10:32:06	Cell to Host	Miller IDLE 3
10:32:07	Cell to Host	Miller BUSY 1
10:32:08	Cell to Host	Miller IDLE 1
10:32:09	Cell to Host	Robot2 BUSY 2
10:32:30	Milling Test	IDLE
10:32:30	Cell to Host	Robot2 IDLE 2
10:32:31	Cell to Host	IDLE test_M.SEQ
10:33:15	DoCommand test_M.SEQ
10:33:15	Milling Test	Ready
10:33:15	Milling Test	BUSY
10:33:16	Cell to Host	Ready test_M.SEQ
10:33:16	Cell to Host	BUSY test_M.SEQ
10:33:16	Cell to Host	Miller BUSY 1
10:33:17	Cell to Host	Miller IDLE 1
10:33:18	Cell to Host	Robot2 BUSY 1
10:33:38	Cell to Host	Robot2 IDLE 1
10:33:39	Cell to Host	Miller BUSY 2
10:33:40	Cell to Host	Miller IDLE 2
10:33:40	Cell to Host	Miller BUSY 5 TEST_m.FNC
10:33:41	Cell to Host	Miller IDLE 5 TEST_m.FNC
10:33:41	Cell to Host	Miller BUSY 3
10:33:54	Cell to Host	Miller IDLE 3
10:33:54	Cell to Host	Miller BUSY 1
10:33:55	Cell to Host	Miller IDLE 1
10:33:56	Cell to Host	Robot2 BUSY 2
10:34:17	Milling Test	IDLE
10:34:17	Cell to Host	Robot2 IDLE 2
10:34:18	Cell to Host	IDLE test_M.SEQ
10:52:21	DoCommand test_M.SEQ
10:52:21	Milling Test	Ready
10:52:22	Milling Test	BUSY
10:52:22	Cell to Host	Ready test_M.SEQ
10:52:23	Cell to Host	BUSY test_M.SEQ
10:52:23	Cell to Host	Miller BUSY 1
10:52:23	Cell to Host	Miller IDLE 1
10:52:24	Cell to Host	Robot2 BUSY 1
10:52:45	Cell to Host	Robot2 IDLE 1
10:52:46	Cell to Host	Miller BUSY 2
10:52:46	Cell to Host	Miller IDLE 2
10:52:46	Cell to Host	Miller BUSY 5 TEST_m.FNC
10:52:47	Cell to Host	Miller IDLE 5 TEST_m.FNC
10:52:48	Cell to Host	Miller BUSY 3
10:53:00	Cell to Host	Miller IDLE 3
10:53:01	Cell to Host	Miller BUSY 1
10:53:02	Cell to Host	Miller IDLE 1
10:53:03	Cell to Host	Robot2 BUSY 2
10:53:24	Milling Test	IDLE
10:53:24	Cell to Host	Robot2 IDLE 2
10:53:25	Cell to Host	IDLE test_M.SEQ
10:54:08	DoCommand test_M.SEQ
10:54:08	Milling Test	Ready
10:54:09	Milling Test	BUSY
10:54:09	Cell to Host	Ready test_M.SEQ
10:54:10	Cell to Host	BUSY test_M.SEQ
10:54:10	Cell to Host	Miller BUSY 1
10:54:11	Cell to Host	Miller IDLE 1
10:54:11	Cell to Host	Robot2 BUSY 1
10:54:33	Cell to Host	Robot2 IDLE 1
10:54:33	Cell to Host	Miller BUSY 2
10:54:34	Cell to Host	Miller IDLE 2
10:54:35	Cell to Host	Miller BUSY 5 TEST_m.FNC
10:54:35	Cell to Host	Miller IDLE 5 TEST_m.FNC
10:54:35	Cell to Host	Miller BUSY 3
10:54:49	Cell to Host	Miller IDLE 3
10:54:49	Cell to Host	Miller BUSY 1
10:54:50	Cell to Host	Miller IDLE 1
10:54:50	Cell to Host	Robot2 BUSY 2
10:55:11	Milling Test	IDLE
10:55:12	Cell to Host	Robot2 IDLE 2
10:55:12	Cell to Host	IDLE test_M.SEQ
10:55:54	DoCommand test_M.SEQ
10:55:54	Milling Test	Ready
10:55:54	Milling Test	BUSY
10:55:54	Cell to Host	Ready test_M.SEQ
10:55:55	Cell to Host	BUSY test_M.SEQ
10:55:55	Cell to Host	Miller BUSY 1
10:55:55	Cell to Host	Miller IDLE 1
10:55:56	Cell to Host	Robot2 BUSY 1
10:56:17	Cell to Host	Robot2 IDLE 1
10:56:18	Cell to Host	Miller BUSY 2
10:56:19	Cell to Host	Miller IDLE 2
10:56:20	Cell to Host	Miller BUSY 5 TEST_m.FNC
10:56:20	Cell to Host	Miller IDLE 5 TEST_m.FNC
10:56:21	Cell to Host	Miller BUSY 3
10:56:33	Cell to Host	Miller IDLE 3
10:56:34	Cell to Host	Miller BUSY 1
10:56:35	Cell to Host	Miller IDLE 1
10:56:36	Cell to Host	Robot2 BUSY 2
10:56:57	Milling Test	IDLE
10:56:57	Cell to Host	Robot2 IDLE 2
10:56:58	Cell to Host	IDLE test_M.SEQ
10:57:40	DoCommand test_M.SEQ
10:57:40	Milling Test	Ready
10:57:40	Milling Test	BUSY
10:57:41	Cell to Host	Ready test_M.SEQ
10:57:41	Cell to Host	BUSY test_M.SEQ
10:57:41	Cell to Host	Miller BUSY 1
10:57:42	Cell to Host	Miller IDLE 1
10:57:43	Cell to Host	Robot2 BUSY 1
10:58:03	Cell to Host	Robot2 IDLE 1
10:58:04	Cell to Host	Miller BUSY 2
10:58:05	Cell to Host	Miller IDLE 2
10:58:05	Cell to Host	Miller BUSY 5 TEST_m.FNC
10:58:06	Cell to Host	Miller IDLE 5 TEST_m.FNC
10:58:06	Cell to Host	Miller BUSY 3
10:58:19	Cell to Host	Miller IDLE 3
10:58:20	Cell to Host	Miller BUSY 1
10:58:21	Cell to Host	Miller IDLE 1
10:58:22	Cell to Host	Robot2 BUSY 2
10:58:43	Milling Test	IDLE
10:58:43	Cell to Host	Robot2 IDLE 2
10:58:44	Cell to Host	IDLE test_M.SEQ
10:59:27	DoCommand test_M.SEQ
10:59:27	Milling Test	Ready
10:59:27	Milling Test	BUSY
10:59:28	Cell to Host	Ready test_M.SEQ
10:59:28	Cell to Host	BUSY test_M.SEQ
10:59:29	Cell to Host	Miller BUSY 1
10:59:29	Cell to Host	Miller IDLE 1
10:59:30	Cell to Host	Robot2 BUSY 1
10:59:50	Cell to Host	Robot2 IDLE 1
10:59:51	Cell to Host	Miller BUSY 2
10:59:52	Cell to Host	Miller IDLE 2
10:59:53	Cell to Host	Miller BUSY 5 TEST_m.FNC
10:59:53	Cell to Host	Miller IDLE 5 TEST_m.FNC
10:59:54	Cell to Host	Miller BUSY 3
11:00:07	Cell to Host	Miller IDLE 3
11:00:07	Cell to Host	Miller BUSY 1
11:00:08	Cell to Host	Miller IDLE 1
11:00:08	Cell to Host	Robot2 BUSY 2
11:00:29	Milling Test	IDLE
11:00:29	Cell to Host	Robot2 IDLE 2
11:00:30	Cell to Host	IDLE test_M.SEQ
11:01:13	DoCommand test_M.SEQ
11:01:13	Milling Test	Ready
11:01:13	Milling Test	BUSY
11:01:14	Cell to Host	Ready test_M.SEQ
11:01:14	Cell to Host	BUSY test_M.SEQ
11:01:14	Cell to Host	Miller BUSY 1
11:01:15	Cell to Host	Miller IDLE 1
11:01:16	Cell to Host	Robot2 BUSY 1
11:01:36	Cell to Host	Robot2 IDLE 1
11:01:37	Cell to Host	Miller BUSY 2
11:01:38	Cell to Host	Miller IDLE 2
11:01:38	Cell to Host	Miller BUSY 5 TEST_m.FNC
11:01:38	Cell to Host	Miller IDLE 5 TEST_m.FNC
11:01:39	Cell to Host	Miller BUSY 3
11:01:52	Cell to Host	Miller IDLE 3
11:01:52	Cell to Host	Miller BUSY 1
11:01:54	Cell to Host	Miller IDLE 1
11:01:55	Cell to Host	Robot2 BUSY 2
11:02:15	Milling Test	IDLE
11:02:15	Cell to Host	Robot2 IDLE 2
11:02:16	Cell to Host	IDLE test_M.SEQ
11:16:30	DoCommand test_M.SEQ
11:16:30	Milling Test	Ready
11:16:31	Milling Test	BUSY
11:16:31	Cell to Host	Ready test_M.SEQ
11:16:32	Cell to Host	BUSY test_M.SEQ
11:16:32	Cell to Host	Miller BUSY 1
11:16:32	Cell to Host	Miller IDLE 1
11:16:33	Cell to Host	Robot2 BUSY 1
11:16:54	Cell to Host	Robot2 IDLE 1
11:16:55	Cell to Host	Miller BUSY 2
11:16:56	Cell to Host	Miller IDLE 2
11:16:57	Cell to Host	Miller BUSY 5 TEST_m.FNC
11:16:57	Cell to Host	Miller IDLE 5 TEST_m.FNC
11:16:57	Cell to Host	Miller BUSY 3
11:17:10	Cell to Host	Miller IDLE 3
11:17:11	Cell to Host	Miller BUSY 1
11:17:12	Cell to Host	Miller IDLE 1
11:17:13	Cell to Host	Robot2 BUSY 2
11:17:34	Milling Test	IDLE
11:17:34	Cell to Host	Robot2 IDLE 2
11:17:35	Cell to Host	IDLE test_M.SEQ
11:25:30	DoCommand test_M.SEQ
11:25:30	Milling Test	Ready
11:25:31	Milling Test	BUSY
11:25:31	Cell to Host	Ready test_M.SEQ
11:25:32	Cell to Host	BUSY test_M.SEQ
11:25:32	Cell to Host	Miller BUSY 1
11:25:33	Cell to Host	Miller IDLE 1
11:25:33	Cell to Host	Robot2 BUSY 1
11:25:54	Cell to Host	Robot2 IDLE 1
11:25:55	Cell to Host	Miller BUSY 2
11:25:55	Cell to Host	Miller IDLE 2
11:25:56	Cell to Host	Miller BUSY 5 TEST_m.FNC
11:25:56	Cell to Host	Miller IDLE 5 TEST_m.FNC
11:25:57	Cell to Host	Miller BUSY 3
11:26:09	Cell to Host	Miller IDLE 3
11:26:10	Cell to Host	Miller BUSY 1
11:26:11	Cell to Host	Miller IDLE 1
11:26:12	Cell to Host	Robot2 BUSY 2
11:26:33	Milling Test	IDLE
11:26:34	Cell to Host	Robot2 IDLE 2
11:26:34	Cell to Host	IDLE test_M.SEQ
11:36:09	DoCommand test_M.SEQ
11:36:09	Milling Test	Ready
11:36:10	Milling Test	BUSY
11:36:10	Cell to Host	Ready test_M.SEQ
11:36:11	Cell to Host	BUSY test_M.SEQ
11:36:11	Cell to Host	Miller BUSY 1
11:36:11	Cell to Host	Miller IDLE 1
11:36:12	Cell to Host	Robot2 BUSY 1
11:36:33	Cell to Host	Robot2 IDLE 1
11:36:33	Cell to Host	Miller BUSY 2
11:36:34	Cell to Host	Miller IDLE 2
11:36:35	Cell to Host	Miller BUSY 5 TEST_m.FNC
11:36:35	Cell to Host	Miller IDLE 5 TEST_m.FNC
11:36:36	Cell to Host	Miller BUSY 3
11:36:48	Cell to Host	Miller IDLE 3
11:36:49	Cell to Host	Miller BUSY 1
11:36:50	Cell to Host	Miller IDLE 1
11:36:51	Cell to Host	Robot2 BUSY 2
11:37:12	Milling Test	IDLE
11:37:12	Cell to Host	Robot2 IDLE 2
11:37:13	Cell to Host	IDLE test_M.SEQ
11:37:56	DoCommand test_M.SEQ
11:37:56	Milling Test	Ready
11:37:57	Milling Test	BUSY
11:37:57	Cell to Host	Ready test_M.SEQ
11:37:58	Cell to Host	BUSY test_M.SEQ
11:37:58	Cell to Host	Miller BUSY 1
11:37:58	Cell to Host	Miller IDLE 1
11:37:59	Cell to Host	Robot2 BUSY 1
11:38:20	Cell to Host	Robot2 IDLE 1
11:38:21	Cell to Host	Miller BUSY 2
11:38:21	Cell to Host	Miller IDLE 2
11:38:21	Cell to Host	Miller BUSY 5 TEST_m.FNC
11:38:22	Cell to Host	Miller IDLE 5 TEST_m.FNC
11:38:23	Cell to Host	Miller BUSY 3
11:38:35	Cell to Host	Miller IDLE 3
11:38:36	Cell to Host	Miller BUSY 1
11:38:37	Cell to Host	Miller IDLE 1
11:38:37	Cell to Host	Robot2 BUSY 2
11:38:58	Milling Test	IDLE
11:38:59	Cell to Host	Robot2 IDLE 2
11:38:59	Cell to Host	IDLE test_M.SEQ
11:39:42	DoCommand test_M.SEQ
11:39:42	Milling Test	Ready
11:39:43	Milling Test	BUSY
11:39:43	Cell to Host	Ready test_M.SEQ
11:39:44	Cell to Host	BUSY test_M.SEQ
11:39:44	Cell to Host	Miller BUSY 1
11:39:45	Cell to Host	Miller IDLE 1
11:39:46	Cell to Host	Robot2 BUSY 1
11:40:06	Cell to Host	Robot2 IDLE 1
11:40:06	Cell to Host	Miller BUSY 2
11:40:07	Cell to Host	Miller IDLE 2
11:40:08	Cell to Host	Miller BUSY 5 TEST_m.FNC
11:40:08	Cell to Host	Miller IDLE 5 TEST_m.FNC
11:40:09	Cell to Host	Miller BUSY 3
11:40:21	Cell to Host	Miller IDLE 3
11:40:22	Cell to Host	Miller BUSY 1
11:40:23	Cell to Host	Miller IDLE 1
11:40:24	Cell to Host	Robot2 BUSY 2
11:40:45	Milling Test	IDLE
11:40:45	Cell to Host	Robot2 IDLE 2
11:40:46	Cell to Host	IDLE test_M.SEQ
11:41:30	DoCommand test_M.SEQ
11:41:30	Milling Test	Ready
11:41:30	Milling Test	BUSY
11:41:31	Cell to Host	Ready test_M.SEQ
11:41:31	Cell to Host	BUSY test_M.SEQ
11:41:31	Cell to Host	Miller BUSY 1
11:41:32	Cell to Host	Miller IDLE 1
11:41:32	Cell to Host	Robot2 BUSY 1
11:41:53	Cell to Host	Robot2 IDLE 1
11:41:53	Cell to Host	Miller BUSY 2
11:41:55	Cell to Host	Miller IDLE 2
11:41:55	Cell to Host	Miller BUSY 5 TEST_m.FNC
11:41:55	Cell to Host	Miller IDLE 5 TEST_m.FNC
11:41:56	Cell to Host	Miller BUSY 3
11:42:08	Cell to Host	Miller IDLE 3
11:42:09	Cell to Host	Miller BUSY 1
11:42:11	Cell to Host	Miller IDLE 1
11:42:11	Cell to Host	Robot2 BUSY 2
11:42:32	Milling Test	IDLE
11:42:32	Cell to Host	Robot2 IDLE 2
11:42:33	Cell to Host	IDLE test_M.SEQ
11:43:17	DoCommand test_M.SEQ
11:43:17	Milling Test	Ready
11:43:17	Milling Test	BUSY
11:43:18	Cell to Host	Ready test_M.SEQ
11:43:18	Cell to Host	BUSY test_M.SEQ
11:43:18	Cell to Host	Miller BUSY 1
11:43:19	Cell to Host	Miller IDLE 1
11:43:19	Cell to Host	Robot2 BUSY 1
11:43:41	Cell to Host	Robot2 IDLE 1
11:43:41	Cell to Host	Miller BUSY 2
11:43:42	Cell to Host	Miller IDLE 2
11:43:43	Cell to Host	Miller BUSY 5 TEST_m.FNC
11:43:43	Cell to Host	Miller IDLE 5 TEST_m.FNC
11:43:44	Cell to Host	Miller BUSY 3
11:43:57	Cell to Host	Miller IDLE 3
11:43:57	Cell to Host	Miller BUSY 1
11:43:58	Cell to Host	Miller IDLE 1
11:43:58	Cell to Host	Robot2 BUSY 2
11:44:19	Milling Test	IDLE
11:44:20	Cell to Host	Robot2 IDLE 2
11:44:20	Cell to Host	IDLE test_M.SEQ
11:45:04	DoCommand test_M.SEQ
11:45:04	Milling Test	Ready
11:45:04	Milling Test	BUSY
11:45:05	Cell to Host	Ready test_M.SEQ
11:45:05	Cell to Host	BUSY test_M.SEQ
11:45:05	Cell to Host	Miller BUSY 1
11:45:06	Cell to Host	Miller IDLE 1
11:45:07	Cell to Host	Robot2 BUSY 1
11:45:28	Cell to Host	Robot2 IDLE 1
11:45:29	Cell to Host	Miller BUSY 2
11:45:30	Cell to Host	Miller IDLE 2
11:45:30	Cell to Host	Miller BUSY 5 TEST_m.FNC
11:45:31	Cell to Host	Miller IDLE 5 TEST_m.FNC
11:45:32	Cell to Host	Miller BUSY 3
11:45:44	Cell to Host	Miller IDLE 3
11:45:45	Cell to Host	Miller BUSY 1
11:45:45	Cell to Host	Miller IDLE 1
11:45:46	Cell to Host	Robot2 BUSY 2
11:46:06	Milling Test	IDLE
11:46:07	Cell to Host	Robot2 IDLE 2
11:46:08	Cell to Host	IDLE test_M.SEQ
11:46:50	DoCommand test_M.SEQ
11:46:50	Milling Test	Ready
11:46:50	Milling Test	BUSY
11:46:51	Cell to Host	Ready test_M.SEQ
11:46:51	Cell to Host	BUSY test_M.SEQ
11:46:52	Cell to Host	Miller BUSY 1
11:46:52	Cell to Host	Miller IDLE 1
11:46:53	Cell to Host	Robot2 BUSY 1
11:47:14	Cell to Host	Robot2 IDLE 1
11:47:14	Cell to Host	Miller BUSY 2
11:47:15	Cell to Host	Miller IDLE 2
11:47:16	Cell to Host	Miller BUSY 5 TEST_m.FNC
11:47:16	Cell to Host	Miller IDLE 5 TEST_m.FNC
11:47:17	Cell to Host	Miller BUSY 3
11:47:30	Cell to Host	Miller IDLE 3
11:47:31	Cell to Host	Miller BUSY 1
11:47:31	Cell to Host	Miller IDLE 1
11:47:32	Cell to Host	Robot2 BUSY 2
11:47:53	Milling Test	IDLE
11:47:53	Cell to Host	Robot2 IDLE 2
11:47:54	Cell to Host	IDLE test_M.SEQ
11:48:36	DoCommand test_M.SEQ
11:48:36	Milling Test	Ready
11:48:36	Milling Test	BUSY
11:48:37	Cell to Host	Ready test_M.SEQ
11:48:37	Cell to Host	BUSY test_M.SEQ
11:48:37	Cell to Host	Miller BUSY 1
11:48:38	Cell to Host	Miller IDLE 1
11:48:39	Cell to Host	Robot2 BUSY 1
11:49:00	Cell to Host	Robot2 IDLE 1
11:49:00	Cell to Host	Miller BUSY 2
11:49:02	Cell to Host	Miller IDLE 2
11:49:02	Cell to Host	Miller BUSY 5 TEST_m.FNC
11:49:02	Cell to Host	Miller IDLE 5 TEST_m.FNC
11:49:03	Cell to Host	Miller BUSY 3
11:49:15	Cell to Host	Miller IDLE 3
11:49:16	Cell to Host	Miller BUSY 1
11:49:17	Cell to Host	Miller IDLE 1
11:49:18	Cell to Host	Robot2 BUSY 2
11:49:39	Milling Test	IDLE
11:49:40	Cell to Host	Robot2 IDLE 2
11:49:40	Cell to Host	IDLE test_M.SEQ
15:02:35	DoCommand test_M.SEQ
15:02:35	Milling Test	Ready
15:02:35	Milling Test	BUSY
15:02:36	Cell to Host	Ready test_M.SEQ
15:02:36	Cell to Host	BUSY test_M.SEQ
15:02:37	Cell to Host	Miller BUSY 1
15:02:37	Cell to Host	Miller IDLE 1
15:02:38	Cell to Host	Robot2 BUSY 1
15:02:59	Cell to Host	Robot2 IDLE 1
15:03:00	Cell to Host	Miller BUSY 2
15:03:01	Cell to Host	Miller IDLE 2
15:03:01	Cell to Host	Miller BUSY 5 TEST_m.FNC
15:03:02	Cell to Host	Miller IDLE 5 TEST_m.FNC
15:03:02	Cell to Host	Miller BUSY 3
15:03:15	Cell to Host	Miller IDLE 3
15:03:15	Cell to Host	Miller BUSY 1
15:03:16	Cell to Host	Miller IDLE 1
15:03:17	Cell to Host	Robot2 BUSY 2
15:03:38	Milling Test	IDLE
15:03:39	Cell to Host	Robot2 IDLE 2
15:03:40	Cell to Host	IDLE test_M.SEQ
15:11:28	DoCommand test_M.SEQ
15:11:28	Milling Test	Ready
15:11:28	Milling Test	BUSY
15:11:29	Cell to Host	Ready test_M.SEQ
15:11:29	Cell to Host	BUSY test_M.SEQ
15:11:30	Cell to Host	Miller BUSY 1
15:11:30	Cell to Host	Miller IDLE 1
15:11:31	Cell to Host	Robot2 BUSY 1
15:11:52	Cell to Host	Robot2 IDLE 1
15:11:53	Cell to Host	Miller BUSY 2
15:11:54	Cell to Host	Miller IDLE 2
15:11:54	Cell to Host	Miller BUSY 5 TEST_m.FNC
15:11:55	Cell to Host	Miller IDLE 5 TEST_m.FNC
15:11:55	Cell to Host	Miller BUSY 3
15:12:07	Cell to Host	Miller IDLE 3
15:12:08	Cell to Host	Miller BUSY 1
15:12:09	Cell to Host	Miller IDLE 1
15:12:10	Cell to Host	Robot2 BUSY 2
15:12:31	Milling Test	IDLE
15:12:32	Cell to Host	Robot2 IDLE 2
15:12:33	Cell to Host	IDLE test_M.SEQ
15:13:14	DoCommand test_M.SEQ
15:13:14	Milling Test	Ready
15:13:15	Milling Test	BUSY
15:13:15	Cell to Host	Ready test_M.SEQ
15:13:16	Cell to Host	BUSY test_M.SEQ
15:13:16	Cell to Host	Miller BUSY 1
15:13:16	Cell to Host	Miller IDLE 1
15:13:17	Cell to Host	Robot2 BUSY 1
15:13:38	Cell to Host	Robot2 IDLE 1
15:13:38	Cell to Host	Miller BUSY 2
15:13:40	Cell to Host	Miller IDLE 2
15:13:40	Cell to Host	Miller BUSY 5 TEST_m.FNC
15:13:41	Cell to Host	Miller IDLE 5 TEST_m.FNC
15:13:41	Cell to Host	Miller BUSY 3
15:13:53	Cell to Host	Miller IDLE 3
15:13:54	Cell to Host	Miller BUSY 1
15:13:55	Cell to Host	Miller IDLE 1
15:13:56	Cell to Host	Robot2 BUSY 2
15:14:16	Milling Test	IDLE
15:14:17	Cell to Host	Robot2 IDLE 2
15:14:17	Cell to Host	IDLE test_M.SEQ
15:14:59	DoCommand test_M.SEQ
15:14:59	Milling Test	Ready
15:14:59	Milling Test	BUSY
15:15:00	Cell to Host	Ready test_M.SEQ
15:15:00	Cell to Host	BUSY test_M.SEQ
15:15:00	Cell to Host	Miller BUSY 1
15:15:01	Cell to Host	Miller IDLE 1
15:15:01	Cell to Host	Robot2 BUSY 1
15:15:22	Cell to Host	Robot2 IDLE 1
15:15:23	Cell to Host	Miller BUSY 2
15:15:23	Cell to Host	Miller IDLE 2
15:15:24	Cell to Host	Miller BUSY 5 TEST_m.FNC
15:15:24	Cell to Host	Miller IDLE 5 TEST_m.FNC
15:15:25	Cell to Host	Miller BUSY 3
15:15:37	Cell to Host	Miller IDLE 3
15:15:38	Cell to Host	Miller BUSY 1
15:15:39	Cell to Host	Miller IDLE 1
15:15:40	Cell to Host	Robot2 BUSY 2
15:16:00	Milling Test	IDLE
15:16:01	Cell to Host	Robot2 IDLE 2
15:16:02	Cell to Host	IDLE test_M.SEQ
15:16:47	DoCommand test_M.SEQ
15:16:47	Milling Test	Ready
15:16:47	Milling Test	BUSY
15:16:48	Cell to Host	Ready test_M.SEQ
15:16:48	Cell to Host	BUSY test_M.SEQ
15:16:48	Cell to Host	Miller BUSY 1
15:16:49	Cell to Host	Miller IDLE 1
15:16:49	Cell to Host	Robot2 BUSY 1
15:17:10	Cell to Host	Robot2 IDLE 1
15:17:11	Cell to Host	Miller BUSY 2
15:17:12	Cell to Host	Miller IDLE 2
15:17:12	Cell to Host	Miller BUSY 5 TEST_m.FNC
15:17:12	Cell to Host	Miller IDLE 5 TEST_m.FNC
15:17:13	Cell to Host	Miller BUSY 3
15:17:25	Cell to Host	Miller IDLE 3
15:17:26	Cell to Host	Miller BUSY 1
15:17:28	Cell to Host	Miller IDLE 1
15:17:28	Cell to Host	Robot2 BUSY 2
15:17:49	Milling Test	IDLE
15:17:50	Cell to Host	Robot2 IDLE 2
15:17:50	Cell to Host	IDLE test_M.SEQ
15:32:38	DoCommand test_M.SEQ
15:32:38	Milling Test	Ready
15:32:39	Milling Test	BUSY
15:32:39	Cell to Host	Ready test_M.SEQ
15:32:40	Cell to Host	BUSY test_M.SEQ
15:32:40	Cell to Host	Miller BUSY 1
15:32:40	Cell to Host	Miller IDLE 1
15:32:41	Cell to Host	Robot2 BUSY 1
15:33:02	Cell to Host	Robot2 IDLE 1
15:33:03	Cell to Host	Miller BUSY 2
15:33:04	Cell to Host	Miller IDLE 2
15:33:04	Cell to Host	Miller BUSY 5 TEST_m.FNC
15:33:04	Cell to Host	Miller IDLE 5 TEST_m.FNC
15:33:06	Cell to Host	Miller BUSY 3
15:33:17	Cell to Host	Miller IDLE 3
15:33:17	Cell to Host	Miller BUSY 1
15:33:20	Cell to Host	Miller IDLE 1
15:33:21	Cell to Host	Robot2 BUSY 2
15:33:41	Milling Test	IDLE
15:33:42	Cell to Host	Robot2 IDLE 2
15:33:43	Cell to Host	IDLE test_M.SEQ
15:34:26	DoCommand test_M.SEQ
15:34:26	Milling Test	Ready
15:34:27	Milling Test	BUSY
15:34:27	Cell to Host	Ready test_M.SEQ
15:34:28	Cell to Host	BUSY test_M.SEQ
15:34:28	Cell to Host	Miller BUSY 1
15:34:29	Cell to Host	Miller IDLE 1
15:34:30	Cell to Host	Robot2 BUSY 1
15:34:50	Cell to Host	Robot2 IDLE 1
15:34:51	Cell to Host	Miller BUSY 2
15:34:51	Cell to Host	Miller IDLE 2
15:34:52	Cell to Host	Miller BUSY 5 TEST_m.FNC
15:34:52	Cell to Host	Miller IDLE 5 TEST_m.FNC
15:34:53	Cell to Host	Miller BUSY 3
15:35:05	Cell to Host	Miller IDLE 3
15:35:06	Cell to Host	Miller BUSY 1
15:35:07	Cell to Host	Miller IDLE 1
15:35:07	Cell to Host	Robot2 BUSY 2
15:35:28	Milling Test	IDLE
15:35:29	Cell to Host	Robot2 IDLE 2
15:35:30	Cell to Host	IDLE test_M.SEQ
15:36:12	DoCommand test_M.SEQ
15:36:12	Milling Test	Ready
15:36:12	Milling Test	BUSY
15:36:13	Cell to Host	Ready test_M.SEQ
15:36:13	Cell to Host	BUSY test_M.SEQ
15:36:13	Cell to Host	Miller BUSY 1
15:36:14	Cell to Host	Miller IDLE 1
15:36:15	Cell to Host	Robot2 BUSY 1
15:36:35	Cell to Host	Robot2 IDLE 1
15:36:36	Cell to Host	Miller BUSY 2
15:36:37	Cell to Host	Miller IDLE 2
15:36:38	Cell to Host	Miller BUSY 5 TEST_m.FNC
15:36:38	Cell to Host	Miller IDLE 5 TEST_m.FNC
15:36:39	Cell to Host	Miller BUSY 3
15:36:50	Cell to Host	Miller IDLE 3
15:36:51	Cell to Host	Miller BUSY 1
15:36:52	Cell to Host	Miller IDLE 1
15:36:53	Cell to Host	Robot2 BUSY 2
15:37:14	Milling Test	IDLE
15:37:15	Cell to Host	Robot2 IDLE 2
15:37:16	Cell to Host	IDLE test_M.SEQ
15:38:00	DoCommand test_M.SEQ
15:38:00	Milling Test	Ready
15:38:00	Milling Test	BUSY
15:38:01	Cell to Host	Ready test_M.SEQ
15:38:01	Cell to Host	BUSY test_M.SEQ
15:38:01	Cell to Host	Miller BUSY 1
15:38:02	Cell to Host	Miller IDLE 1
15:38:03	Cell to Host	Robot2 BUSY 1
15:38:23	Cell to Host	Robot2 IDLE 1
15:38:24	Cell to Host	Miller BUSY 2
15:38:25	Cell to Host	Miller IDLE 2
15:38:25	Cell to Host	Miller BUSY 5 TEST_m.FNC
15:38:25	Cell to Host	Miller IDLE 5 TEST_m.FNC
15:38:26	Cell to Host	Miller BUSY 3
15:38:38	Cell to Host	Miller IDLE 3
15:38:39	Cell to Host	Miller BUSY 1
15:38:40	Cell to Host	Miller IDLE 1
15:38:41	Cell to Host	Robot2 BUSY 2
15:39:02	Milling Test	IDLE
15:39:03	Cell to Host	Robot2 IDLE 2
15:39:04	Cell to Host	IDLE test_M.SEQ
15:39:47	DoCommand test_M.SEQ
15:39:47	Milling Test	Ready
15:39:47	Milling Test	BUSY
15:39:48	Cell to Host	Ready test_M.SEQ
15:39:48	Cell to Host	BUSY test_M.SEQ
15:39:48	Cell to Host	Miller BUSY 1
15:39:49	Cell to Host	Miller IDLE 1
15:39:50	Cell to Host	Robot2 BUSY 1
15:40:10	Cell to Host	Robot2 IDLE 1
15:40:10	Cell to Host	Miller BUSY 2
15:40:11	Cell to Host	Miller IDLE 2
15:40:12	Cell to Host	Miller BUSY 5 TEST_m.FNC
15:40:12	Cell to Host	Miller IDLE 5 TEST_m.FNC
15:40:13	Cell to Host	Miller BUSY 3
15:40:26	Cell to Host	Miller IDLE 3
15:40:27	Cell to Host	Miller BUSY 1
15:40:27	Cell to Host	Miller IDLE 1
15:40:28	Cell to Host	Robot2 BUSY 2
15:40:49	Milling Test	IDLE
15:40:50	Cell to Host	Robot2 IDLE 2
15:40:51	Cell to Host	IDLE test_M.SEQ
15:41:33	DoCommand test_M.SEQ
15:41:33	Milling Test	Ready
15:41:33	Milling Test	BUSY
15:41:34	Cell to Host	Ready test_M.SEQ
15:41:34	Cell to Host	BUSY test_M.SEQ
15:41:34	Cell to Host	Miller BUSY 1
15:41:35	Cell to Host	Miller IDLE 1
15:41:36	Cell to Host	Robot2 BUSY 1
15:41:56	Cell to Host	Robot2 IDLE 1
15:41:57	Cell to Host	Miller BUSY 2
15:41:58	Cell to Host	Miller IDLE 2
15:41:58	Cell to Host	Miller BUSY 5 TEST_m.FNC
15:41:58	Cell to Host	Miller IDLE 5 TEST_m.FNC
15:41:59	Cell to Host	Miller BUSY 3
15:42:12	Cell to Host	Miller IDLE 3
15:42:12	Cell to Host	Miller BUSY 1
15:42:13	Cell to Host	Miller IDLE 1
15:42:14	Cell to Host	Robot2 BUSY 2
15:42:35	Milling Test	IDLE
15:42:36	Cell to Host	Robot2 IDLE 2
15:42:37	Cell to Host	IDLE test_M.SEQ
15:43:19	DoCommand test_M.SEQ
15:43:19	Milling Test	Ready
15:43:19	Milling Test	BUSY
15:43:20	Cell to Host	Ready test_M.SEQ
15:43:20	Cell to Host	BUSY test_M.SEQ
15:43:21	Cell to Host	Miller BUSY 1
15:43:21	Cell to Host	Miller IDLE 1
15:43:22	Cell to Host	Robot2 BUSY 1
15:43:43	Cell to Host	Robot2 IDLE 1
15:43:44	Cell to Host	Miller BUSY 2
15:43:45	Cell to Host	Miller IDLE 2
15:43:45	Cell to Host	Miller BUSY 5 TEST_m.FNC
15:43:45	Cell to Host	Miller IDLE 5 TEST_m.FNC
15:43:46	Cell to Host	Miller BUSY 3
15:43:59	Cell to Host	Miller IDLE 3
15:43:59	Cell to Host	Miller BUSY 1
15:44:00	Cell to Host	Miller IDLE 1
15:44:01	Cell to Host	Robot2 BUSY 2
15:44:21	Milling Test	IDLE
15:44:22	Cell to Host	Robot2 IDLE 2
15:44:23	Cell to Host	IDLE test_M.SEQ
15:45:05	DoCommand test_M.SEQ
15:45:05	Milling Test	Ready
15:45:05	Milling Test	BUSY
15:45:06	Cell to Host	Ready test_M.SEQ
15:45:06	Cell to Host	BUSY test_M.SEQ
15:45:07	Cell to Host	Miller BUSY 1
15:45:07	Cell to Host	Miller IDLE 1
15:45:08	Cell to Host	Robot2 BUSY 1
15:45:29	Cell to Host	Robot2 IDLE 1
15:45:30	Cell to Host	Miller BUSY 2
15:45:31	Cell to Host	Miller IDLE 2
15:45:31	Cell to Host	Miller BUSY 5 TEST_m.FNC
15:45:31	Cell to Host	Miller IDLE 5 TEST_m.FNC
15:45:32	Cell to Host	Mi