18:10:2004
22:11:2004
10:20:36	BUSY
10:20:36	BUSY
22:11:2004
11:48:51	BUSY
11:48:51	BUSY
22:11:2004
11:52:53	BUSY
11:52:53	BUSY
24:11:2004
 8:19:55	BUSY
 8:19:56	BUSY
24:11:2004
15:16:42	BUSY 1
15:16:45	IDLE
15:16:52	BUSY 2
15:16:52	IDLE 2
15:16:56	BUSY 1
15:17:01	IDLE
15:22:39	BUSY 2
15:22:40	IDLE 2
15:22:44	BUSY 1
15:22:45	IDLE 1
15:22:56	BUSY 5 C:\CIM\CELL2\TEST_M.FNC
15:22:56	IDLE 5 C:\CIM\CELL2\TEST_M.FNC
15:23:02	BUSY 3
15:23:10	IDLE
24:11:2004
15:25:44	BUSY 2
15:25:45	IDLE 2
15:25:50	BUSY 1
15:25:51	IDLE 1
15:25:54	BUSY 2
15:25:55	IDLE 2
15:26:03	BUSY 5 C:\CIM\CELL2\TEST_M.FNC
15:26:32	IDLE
15:26:32	ERROR RS232 Download aborted
15:26:34	IDLE
15:30:47	BUSY 5 C:\CIM\CELL2\TEST_M.FNC
15:30:47	IDLE 5 C:\CIM\CELL2\TEST_M.FNC
15:30:48	BUSY
15:31:00	IDLE
15:31:24	BUSY 5 C:\CIM\CELL2\TEST_M.FNC
15:31:24	IDLE 5 C:\CIM\CELL2\TEST_M.FNC
15:31:28	BUSY 3
15:31:42	IDLE 3
25:11:2004
 8:25:53	BUSY 1
 8:25:53	IDLE 1
 8:25:58	BUSY 2
 8:25:59	IDLE 2
 8:26:02	BUSY 5 C:\CIM\CELL2\TEST_M.FNC
 8:26:02	IDLE 5 C:\CIM\CELL2\TEST_M.FNC
 8:26:05	BUSY 3
 8:26:20	IDLE 3
25:11:2004
12:03:47	ERROR Could not obtain interlock 5
12:03:53	IDLE
12:04:13	BUSY 1
12:04:14	IDLE 1
12:04:18	BUSY 2
12:04:19	IDLE 2
12:04:24	BUSY 5 C:\CIM\CELL2\TEST_M.FNC
12:04:24	IDLE 5 C:\CIM\CELL2\TEST_M.FNC
12:04:27	BUSY 3
12:04:40	IDLE 3
12:07:28	BUSY 1
12:07:30	IDLE 1
12:07:51	BUSY 2
12:07:52	IDLE 2
12:07:52	BUSY 5 TEST_m.FNC
12:07:52	IDLE 5 TEST_m.FNC
12:07:53	BUSY 3
12:08:06	IDLE 3
12:08:07	BUSY 1
12:08:08	IDLE 1
12:09:20	BUSY 1
12:09:20	IDLE 1
12:09:41	BUSY 2
12:09:42	IDLE 2
12:09:42	BUSY 5 TEST_m.FNC
12:09:43	IDLE 5 TEST_m.FNC
12:09:43	BUSY 3
12:09:57	IDLE 3
12:09:57	BUSY 1
12:09:58	IDLE 1
12:10:31	BUSY 1
12:10:31	IDLE 1
12:10:53	BUSY 2
12:10:54	IDLE 2
12:10:54	BUSY 5 TEST_m.FNC
12:10:55	IDLE 5 TEST_m.FNC
12:10:55	BUSY 3
12:11:09	IDLE 3
12:11:09	BUSY 1
12:11:11	IDLE 1
13:48:32	BUSY 1
13:48:32	IDLE 1
13:48:53	BUSY 2
13:48:54	IDLE 2
13:48:54	BUSY 5 TEST_m.FNC
13:48:55	IDLE 5 TEST_m.FNC
13:48:56	BUSY 3
13:49:09	IDLE 3
13:49:10	BUSY 1
13:49:11	IDLE 1
14:28:26	BUSY 1
14:28:26	IDLE 1
14:28:47	BUSY 2
14:28:48	IDLE 2
14:28:48	BUSY 5 TEST_m.FNC
14:28:48	IDLE 5 TEST_m.FNC
14:28:49	BUSY 3
14:29:02	IDLE 3
14:29:03	BUSY 1
14:29:04	IDLE 1
14:30:12	BUSY 1
14:30:12	IDLE 1
14:30:32	BUSY 2
14:30:33	IDLE 2
14:30:33	BUSY 5 TEST_m.FNC
14:30:34	IDLE 5 TEST_m.FNC
14:30:34	BUSY 3
14:30:48	IDLE 3
14:30:48	BUSY 1
14:30:49	IDLE 1
14:57:05	BUSY 1
14:57:05	IDLE 1
14:57:26	BUSY 2
14:57:27	IDLE 2
14:57:27	BUSY 5 TEST_m.FNC
14:57:27	IDLE 5 TEST_m.FNC
14:57:28	BUSY 3
14:57:41	IDLE 3
14:57:42	BUSY 1
14:57:43	IDLE 1
14:58:49	BUSY 1
14:58:49	IDLE 1
14:59:10	BUSY 2
14:59:11	IDLE 2
14:59:11	BUSY 5 TEST_m.FNC
14:59:11	IDLE 5 TEST_m.FNC
14:59:12	BUSY 3
14:59:25	IDLE 3
14:59:26	BUSY 1
14:59:27	IDLE 1
15:13:27	BUSY 1
15:13:27	IDLE 1
15:13:48	BUSY 2
15:13:49	IDLE 2
15:13:49	BUSY 5 TEST_m.FNC
15:13:50	IDLE 5 TEST_m.FNC
15:13:50	BUSY 3
15:14:04	IDLE 3
15:14:04	BUSY 1
15:14:05	IDLE 1
15:15:14	BUSY 1
15:15:14	IDLE 1
15:15:35	BUSY 2
15:15:36	IDLE 2
15:15:36	BUSY 5 TEST_m.FNC
15:15:36	IDLE 5 TEST_m.FNC
15:15:37	BUSY 3
15:15:50	IDLE 3
15:15:51	BUSY 126:11:2004
 6:56:35	BUSY 1
 6:56:36	IDLE 1
 6:56:40	BUSY 2
 6:56:40	IDLE 2
 6:56:45	BUSY 5 C:\CIM\CELL2\TEST_M.FNC
 6:56:45	IDLE 5 C:\CIM\CELL2\TEST_M.FNC
 6:56:48	BUSY 3
 6:57:03	IDLE 3
 6:57:23	BUSY 1
 6:57:24	IDLE 1
 6:57:45	BUSY 2
 6:57:46	IDLE 2
 6:57:46	BUSY 5 TEST_m.FNC
 6:57:46	IDLE 5 TEST_m.FNC
 6:57:47	BUSY 3
 6:58:00	IDLE 3
 6:58:01	BUSY 1
 6:58:02	IDLE 1
 6:59:32	BUSY 1
 6:59:32	IDLE 1
 6:59:54	BUSY 2
 6:59:55	IDLE 2
 6:59:55	BUSY 5 TEST_m.FNC
 6:59:56	IDLE 5 TEST_m.FNC
 6:59:56	BUSY 3
 7:00:09	IDLE 3
 7:00:10	BUSY 1
 7:00:11	IDLE 1
 9:01:05	BUSY 1
 9:01:05	IDLE 1
 9:01:26	BUSY 2
 9:01:27	IDLE 2
 9:01:27	BUSY 5 TEST_m.FNC
 9:01:27	IDLE 5 TEST_m.FNC
 9:01:28	BUSY 3
 9:01:41	IDLE 3
 9:01:42	BUSY 1
 9:01:43	IDLE 1
 9:12:05	BUSY 1
 9:12:05	IDLE 1
 9:12:26	BUSY 2
 9:12:27	IDLE 2
 9:12:27	BUSY 5 TEST_m.FNC
 9:12:27	IDLE 5 TEST_m.FNC
 9:12:28	BUSY 3
 9:12:41	IDLE 3
 9:12:42	BUSY 1
 9:12:43	IDLE 1
11:35:42	BUSY 1
11:35:42	IDLE 1
11:36:02	BUSY 2
11:36:03	IDLE 2
11:36:03	BUSY 5 TEST_m.FNC
11:36:03	IDLE 5 TE30:11:2004
11:07:09	BUSY 5 C:\CIM\CELL2\QUEEN_M.FNC
11:07:10	IDLE 5 C:\CIM\CELL2\QUEEN_M.FNC
11:07:18	BUSY 5 C:\CIM\CELL2\KNIGHT_M.FNC
11:07:19	IDLE 5 C:\CIM\CELL2\KNIGHT_M.FNC
13:31:23	BUSY 1
13:31:24	IDLE 1
13:31:27	BUSY 2
13:31:28	IDLE 2
13:31:41	BUSY 1
13:31:42	IDLE 1
13:31:45	BUSY 2
13:31:46	IDLE 2
13:32:15	BUSY 1
13:32:16	IDLE 1
13:44:42	BUSY 2
13:44:44	IDLE 2
13:44:48	BUSY 5 C:\CIM\CELL2\TEST_M.FNC
13:44:48	IDLE 5 C:\CIM\CELL2\TEST_M.FNC
13:44:54	BUSY 3
13:45:08	IDLE 3
13:45:32	BUSY 1
13:45:33	IDLE 1
13:56:50	BUSY 2
13:56:51	IDLE 2
13:56:55	BUSY 5 C:\CIM\CELL2\KING_M.FNC
13:56:57	IDLE 5 C:\CIM\CELL2\KING_M.FNC
13:56:59	BUSY 3
14:03:40	IDLE 3
14:13:21	BUSY 1
14:13:22	IDLE 1
14:13:37	BUSY 2
14:13:38	IDLE 2
14:13:44	BUSY 5 C:\CIM\CELL2\KING_M.FNC
14:13:45	IDLE 5 C:\CIM\CELL2\KING_M.FNC
14:13:47	BUSY 3
14:20:25	IDLE 3
14:29:47	BUSY 1
14:29:48	IDLE 1
14:30:21	BUSY 2
14:30:22	IDLE 2
14:30:25	BUSY 5 C:\CIM\CELL2\QUEEN_M.FNC
14:30:26	IDLE 5 C:\CIM\CELL2\QUEEN_M.FNC
14:30:29	BUSY 3
14:34:48	IDLE 3
14:35:25	BUSY 1
14:35:25	IDLE 1
14:35:51	BUSY 2
14:35:51	IDLE 2
14:35:56	BUSY 5 C:\CIM\CELL2\KNIGHT_M.FNC
14:35:57	IDLE 5 C:\CIM\CELL2\KNIGHT_M.FNC
14:35:59	BUSY 3
14:41:29	IDLE 3
14:42:03	BUSY 1
14:42:04	IDLE 1
14:42:20	BUSY 2
14:42:21	IDLE 2
14:42:27	BUSY 5 C:\CIM\CELL2\BISHOP_M.FNC
14:42:27	IDLE 5 C:\CIM\CELL2\BISHOP_M.FNC
14:42:30	BUSY 3
14:44:45	IDLE 3
14:44:47	BUSY 1
14:44:48	IDLE 1
14:44:56	BUSY 2
14:44:57	IDLE 2
14:45:07	BUSY 5 C:\CIM\CELL2\ROOK_M.FNC
14:45:08	IDLE 5 C:\CIM\CELL2\ROOK_M.FNC
14:45:11	BUSY 3
14:49:06	IDLE 3
14:55:02	BUSY 1
14:55:03	IDLE 1
15:00:04	BUSY 2
15:00:05	IDLE 2
15:00:09	BUSY 5 C:\CIM\CELL2\BISHOP_M.FNC
15:00:10	IDLE 5 C:\CIM\CELL2\BISHOP_M.FNC
15:00:13	BUSY 3
15:02:27	IDLE 3
15:02:32	BUSY 1
15:02:34	IDLE 1
15:12:28	BUSY 2
15:12:28	IDLE 2
15:12:33	BUSY 5 C:\CIM\CELL2\KNIGHT_M.FNC
15:12:34	IDLE 5 C:\CIM\CELL2\KNIGHT_M.FNC
15:12:37	BUSY 3
15:18:05	IDLE 3
15:18:12	BUSY 1
15:18:13	IDLE 1
11:05:2005
 4:36:48	BUSY 1
 4:36:48	IDLE 1
 4:37:00	BUSY 2
 4:37:01	IDLE 2
 4:37:03	BUSY 1
 4:37:04	IDLE 1
 4:37:10	BUSY 5 C:\CIM\CELL2\TEST_M.FNC
 4:37:10	IDLE 5 C:\CIM\CELL2\TEST_M.FNC
 4:37:13	BUSY 3
 4:37:22	IDLE 3
 4:37:45	BUSY 5 C:\CIM\CELL2\TEST_M.FNC
 4:37:45	IDLE 5 C:\CIM\CELL2\TEST_M.FNC
 4:37:48	BUSY 3
 4:38:01	IDLE 3
11:05:2005
 5:36:46	BUSY 2
 5:36:47	IDLE 2
 5:36:53	BUSY 1
 5:36:54	IDLE 1
 5:37:14	BUSY 5 C:\CIM\CELL2\TEST_M.FNC
 5:37:14	IDLE 5 C:\CIM\CELL2\TEST_M.FNC
 5:37:54	BUSY 3
 5:38:03	IDLE 3
 5:47:51	BUSY 1
 5:47:51	IDLE 1
 5:48:13	BUSY 2
 5:48:14	IDLE 2
 5:48:15	BUSY 5 TEST_m.FNC
 5:48:15	IDLE 5 TEST_m.FNC
 5:48:15	BUSY 3
 5:48:28	IDLE 3
 5:48:29	BUSY 1
 5:48:30	IDLE 1
 5:55:02	BUSY 1
 5:55:02	IDLE 1
 5:55:23	BUSY 2
 5:55:24	IDLE 2
 5:55:24	BUSY 5 TEST_m.FNC
 5:55:24	IDLE 5 TEST_m.FNC
 5:55:25	BUSY 3
 5:55:38	IDLE 3
 5:55:38	BUSY 1
 5:55:40	IDLE 1
 5:58:13	BUSY 1
 5:58:13	IDLE 1
 5:58:34	BUSY 2
 5:58:35	IDLE 2
 5:58:36	BUSY 5 TEST_m.FNC
 5:58:36	IDLE 5 TEST_m.FNC
 5:58:36	BUSY 3
 5:58:49	IDLE 3
 5:58:50	BUSY 1
 5:58:51	IDLE 1
11:05:2005
 9:26:15	BUSY 1
 9:26:16	IDLE 1
 9:26:19	BUSY 2
 9:26:21	IDLE 2
 9:26:29	BUSY 5 C:\CIM\CELL2\TEST_M.FNC
 9:26:29	IDLE 5 C:\CIM\CELL2\TEST_M.FNC
 9:26:40	BUSY 3
 9:26:49	IDLE 3
11:28:30	BUSY 1
11:28:31	IDLE 1
11:28:53	BUSY 2
11:28:53	IDLE 2
11:28:54	BUSY 5 KING_m.FNC
11:28:55	IDLE 5 KING_m.FNC
11:28:56	BUSY 3
11:36:15	IDLE 3
11:36:16	BUSY 1
11:36:17	IDLE 1
12:05:2005
 2:28:31	BUSY 1
 2:28:32	IDLE 1
 2:28:39	BUSY 2
 2:28:40	IDLE 2
 2:28:54	BUSY 5 C:\CIM\CELL2\TEST_M.FNC
 2:28:54	IDLE 5 C:\CIM\CELL2\TEST_M.FNC
 2:28:59	BUSY 3
 2:29:09	IDLE 3
 2:44:11	BUSY 1
 2:44:12	IDLE 1
 2:44:34	BUSY 2
 2:44:35	IDLE 2
 2:44:35	BUSY 5 KING_m.FNC
 2:44:37	IDLE 5 KING_m.FNC
 2:44:37	BUSY 3
 2:52:04	IDLE 3
 3:27:45	BUSY 1
 3:27:46	IDLE 1
 3:28:36	BUSY 2
 3:28:37	IDLE 2
 3:28:37	BUSY 5 KING_m.FNC
 3:28:39	IDLE 5 KING_m.FNC
 3:28:39	BUSY 3
 3:31:07	IDLE 3
 3:32:02	BUSY 5 C:\CIM\CELL2\TEST_M.FNC
 3:32:02	IDLE 5 C:\CIM\CELL2\TEST_M.FNC
 3:32:05	BUSY 3
 3:32:19	IDLE 3
 3:41:55	BUSY 1
 3:41:56	IDLE 1
 3:42:18	BUSY 2
 3:42:19	IDLE 2
 3:42:20	BUSY 5 KING_m.FNC
 3:42:21	IDLE 5 KING_m.FNC
 3:42:22	BUSY 3
 3:47:33	IDLE 3
 3:47:33	BUSY 1
 3:47:34	IDLE 1
 4:01:35	BUSY 1
 4:01:35	IDLE 1
 4:01:56	BUSY 2
 4:01:57	IDLE 2
 4:01:58	BUSY 5 KING_m.FNC
 4:01:59	IDLE 5 KING_m.FNC
 4:02:00	BUSY 3
 4:07:16	IDLE 3
 4:07:17	BUSY 1
 4:07:18	IDLE 1
 4:25:05	BUSY 1
 4:25:05	IDLE 1
 4:25:26	BUSY 2
 4:25:28	IDLE 2
 4:25:28	BUSY 5 KING_m.FNC
 4:25:29	IDLE 5 KING_m.FNC
 4:25:30	BUSY 3
 4:30:46	IDLE 3
 4:30:47	BUSY 1
 4:30:48	IDLE 1
 4:35:36	BUSY 5 C:\CIM\CELL2\TEST_M.FNC
 4:35:36	IDLE 5 C:\CIM\CELL2\TEST_M.FNC
 4:35:41	BUSY 3
 4:35:54	IDLE 3
 4:52:22	BUSY 1
 4:52:22	IDLE 1
 4:53:19	BUSY 2
 4:53:20	IDLE 2
 4:53:20	BUSY 5 KING_m.FNC
 4:53:22	IDLE 5 KING_m.FNC
 4:53:22	BUSY 3
 4:59:28	IDLE 3
13:05:2005
 9:35:39	BUSY 5 C:\CIM\CELL2\TEST_M.FNC
 9:35:39	IDLE 5 C:\CIM\CELL2\TEST_M.FNC
 9:35:42	BUSY 1
 9:35:43	IDLE 1
 9:35:47	BUSY 2
 9:35:48	IDLE 2
 9:35:52	BUSY 3
 9:36:01	IDLE 3
10:46:18	BUSY 1
10:46:19	IDLE 1
10:46:41	BUSY 2
10:46:42	IDLE 2
10:46:42	BUSY 5 KNIGHT_m.FNC
10:46:43	IDLE 5 KNIGHT_m.FNC
10:46:44	BUSY 3
10:51:11	IDLE 3
10:51:11	BUSY 1
10:51:13	IDLE 1
10:51:45	BUSY 1
10:51:45	IDLE 1
10:52:07	BUSY 2
10:52:08	IDLE 2
10:52:08	BUSY 5 KNIGHT_m.FNC
10:52:09	IDLE 5 KNIGHT_m.FNC
10:52:10	BUSY 3
10:56:32	IDLE 3
10:56:32	BUSY 1
10:56:34	IDLE 1
17:05:2005
11:40:29	BUSY 1
11:40:30	IDLE 1
11:40:34	BUSY 2
11:40:35	IDLE 2
11:40:39	BUSY 1
11:40:40	IDLE 1
11:40:44	BUSY 5 C:\CIM\CELL2\TEST_M.FNC
11:40:44	IDLE 5 C:\CIM\CELL2\TEST_M.FNC
11:40:52	BUSY 3
11:41:01	IDLE 3
15:16:31	BUSY 1
15:16:31	IDLE 1
15:16:54	BUSY 2
15:16:54	IDLE 2
15:16:55	BUSY 5 TEST_m.FNC
15:16:55	IDLE 5 TEST_m.FNC
15:16:55	BUSY 3
15:17:09	IDLE 3
15:17:10	BUSY 1
15:17:10	IDLE 1
15:19:12	BUSY 1
15:19:12	IDLE 1
15:19:35	BUSY 2
15:19:36	IDLE 2
15:19:36	BUSY 5 TEST_m.FNC
15:19:36	IDLE 5 TEST_m.FNC
15:19:37	BUSY 3
15:19:50	IDLE 3
15:19:50	BUSY 1
15:19:52	IDLE 1
17:05:2005
17:05:2005
16:16:41	BUSY 1
16:16:42	IDLE 1
16:16:52	BUSY 2
16:16:53	IDLE 2
16:17:33	BUSY 5 C:\CIM\CELL2\TEST_M.FNC
16:17:33	IDLE 5 C:\CIM\CELL2\TEST_M.FNC
16:17:39	BUSY 3
16:17:48	IDLE 3
17:10:47	BUSY 1
17:10:48	IDLE 1
17:11:10	BUSY 2
17:11:12	IDLE 2
17:11:12	BUSY 5 BISHOP_m.FNC
17:11:13	IDLE 5 BISHOP_m.FNC
17:11:13	BUSY 3
17:13:01	IDLE 3
17:13:02	BUSY 1
17:13:03	IDLE 1
17:15:39	BUSY 1
17:15:39	IDLE 1
17:17:53	BUSY 1
17:17:53	IDLE 1
17:18:17	BUSY 2
17:18:18	IDLE 2
17:18:18	BUSY 5 ROOK_m.FNC
17:18:19	IDLE 5 18:05:2005
 8:20:22	BUSY 5 C:\CIM\CELL2\TEST_M.FNC
 8:20:22	IDLE 5 C:\CIM\CELL2\TEST_M.FNC
 8:20:25	BUSY 1
 8:20:26	IDLE 1
 8:20:29	BUSY 2
 8:20:30	IDLE 2
 8:20:32	BUSY 3
 8:20:41	IDLE 3
 8:33:46	BUSY 5 C:\CIM\CELL2\TEST_M.FNC
 8:33:46	IDLE 5 C:\CIM\CELL2\TEST_M.FNC
 8:33:53	BUSY 3
 8:34:06	IDLE 3
18:05:2005
10:01:16	BUSY 5 C:\CIM\CELL2\TEST_M.FNC
10:01:17	IDLE 5 C:\CIM\CELL2\TEST_M.FNC
10:01:19	BUSY 1
10:01:19	IDLE 1
10:01:25	BUSY 2
10:01:26	IDLE 2
10:01:36	BUSY 3
10:01:45	IDLE 3
13:09:45	BUSY 5 C:\CIM\CELL2\TEST_M.FNC
13:09:45	IDLE 5 C:\CIM\CELL2\TEST_M.FNC
13:09:48	BUSY 1
13:09:49	IDLE 1
13:09:51	BUSY 2
13:09:52	IDLE 2
13:09:55	BUSY 3
13:10:08	IDLE 3
15:14:34	BUSY 1
15:14:35	IDLE 1
15:14:58	BUSY 2
15:14:59	IDLE 2
15:15:00	BUSY 5 ROOK_m.FNC
15:15:01	IDLE 5 ROOK_m.FNC
15:15:01	BUSY 3
15:18:17	IDLE 3
15:18:17	BUSY 1
15:18:18	IDLE 1
15:19:26	BUSY 1
15:19:26	IDLE 1
15:19:49	BUSY 2
15:19:50	IDLE 2
15:19:50	BUSY 5 ROOK_m.FNC
15:19:51	IDLE 5 ROOK_m.FNC
15:19:52	BUSY 3
15:23:07	IDLE 3
15:23:07	BUSY 1
15:23:09	IDLE 1
15:39:21	BUSY 1
15:39:21	IDLE 1
15:39:43	BUSY 2
15:39:44	IDLE 2
15:39:45	BUSY 5 ROOK_m.FNC
15:39:46	IDLE 5 ROOK_m.FNC
15:39:46	BUSY 3
15:43:01	IDLE 3
15:43:02	BUSY 1
15:43:03	IDLE 1
16:03:13	BUSY 1
16:03:13	IDLE 1
16:03:17	BUSY 2
16:03:18	IDLE 2
16:03:21	BUSY 1
16:03:22	IDLE 1
18:05:2005
16:23:32	BUSY 1
16:23:32	IDLE 1
16:23:55	BUSY 2
16:23:56	IDLE 2
16:23:57	BUSY 5 ROOK_m.FNC
16:23:58	IDLE 5 ROOK_m.FNC
16:23:58	BUSY 3
16:27:14	IDLE 3
16:27:14	BUSY 1
16:27:15	IDLE 1
16:28:20	BUSY 1
16:28:20	IDLE 1
16:28:43	BUSY 2
16:28:44	IDLE 2
16:28:44	BUSY 5 ROOK_m.FNC
16:28:45	IDLE 5 ROOK_m.FNC
16:28:46	BUSY 3
16:32:02	IDLE 3
16:32:02	BUSY 1
16:32:04	IDLE 1
18:05:2005
18:45:03	BUSY 5 C:\CIM\CELL2\TEST_M.FNC
18:45:03	IDLE 5 C:\CIM\CELL2\TEST_M.FNC
18:45:05	BUSY 1
18:45:06	IDLE 1
18:45:08	BUSY 2
18:45:09	IDLE 2
18:45:11	BUSY 3
18:45:24	IDLE 3
18:05:2005
21:59:08	BUSY 1
21:59:09	IDLE 1
21:59:12	BUSY 2
21:59:13	IDLE 2
21:59:18	BUSY 5 C:\CIM\CELL2\TEST_M.FNC
21:59:18	IDLE 5 C:\CIM\CELL2\TEST_M.FNC
21:59:22	BUSY 3
21:59:35	IDLE 3
22:28:07	BUSY 1
22:28:08	IDLE 1
19:05:2005
 8:57:10	BUSY 5 C:\CIM\CELL2\TEST_M.FNC
 8:57:10	IDLE 5 C:\CIM\CELL2\TEST_M.FNC
 8:57:15	BUSY 1
 8:57:16	IDLE 1
 8:57:19	BUSY 2
 8:57:20	IDLE 2
 8:57:22	BUSY 3
 8:57:31	IDLE 3
19:05:2005
11:13:04	BUSY 1
11:13:05	IDLE 1
11:13:09	BUSY 2
11:13:10	IDLE 2
11:13:14	BUSY 5 C:\CIM\CELL2\TEST_M.FNC
11:13:14	IDLE 5 C:\CIM\CELL2\TEST_M.FNC
11:13:19	BUSY 3
11:13:29	IDLE 3
11:15:18	BUSY 1
11:15:19	IDLE 1
14:17:40	BUSY 2
14:17:41	IDLE 2
14:17:45	BUSY 1
14:17:46	IDLE 1
14:21:51	BUSY 2
14:21:52	IDLE 2
14:21:56	BUSY 5 C:\CIM\CELL2\TEST_M.FNC
14:21:56	IDLE 5 C:\CIM\CELL2\TEST_M.FNC
14:21:58	BUSY 3
14:22:05	IDLE
14:22:11	BUSY 5 C:\CIM\CELL2\TEST_M.FNC
14:22:13	ERROR RS232 Download aborted
14:22:16	20:05:2005
10:02:39	BUSY 5 C:\CIM\CELL2\TEST_M.FNC
10:02:40	IDLE 5 C:\CIM\CELL2\TEST_M.FNC
10:02:43	BUSY 1
10:02:44	IDLE 1
10:02:47	BUSY 2
10:02:48	IDLE 2
10:02:55	BUSY 3
10:03:04	IDLE 3
10:36:24	BUSY 1
10:36:25	IDLE 1
10:36:27	BUSY 2
10:36:29	IDLE 2
10:36:37	BUSY 5 C:\CIM\CELL2\TEST_M.FNC
10:36:37	IDLE 5 C:\CIM\CELL2\TEST_M.FNC
10:36:42	BUSY 3
10:36:55	IDLE 3
10:56:56	BUSY 1
10:57:11	IDLE
10:57:14	BUSY 2
10:57:14	IDLE 2
11:00:53	BUSY 5 C:\CIM\CELL2\TEST_M.FNC
11:00:53	IDLE 5 C:\CIM\CELL2\TEST_M.FNC
11:00:57	BUSY 3
11:01:06	IDLE 3
11:06:30	BUSY 1
11:06:51	IDLE
11:06:54	BUSY 1
11:07:03	IDLE
13:11:10	BUSY 2
13:11:11	IDLE 2
13:11:14	BUSY 1
13:11:14	IDLE 1
13:11:19	BUSY 5 C:\CIM\CELL2\TEST_M.FNC
13:11:19	IDLE 5 C:\CIM\CELL2\TEST_M.FNC
13:11:30	BUSY 3
13:11:39	IDLE 3
13:14:55	BUSY 2
13:14:56	IDLE 2
13:15:00	BUSY 5 C:\CIM\CELL2\TEST_M.FNC
13:15:00	IDLE 5 C:\CIM\CELL2\TEST_M.FNC
13:15:02	BUSY 3
13:15:16	IDLE 3
13:34:25	BUSY 1
13:34:26	IDLE 1
13:34:27	BUSY 2
13:34:28	IDLE 2
13:34:33	BUSY 5 C:\CIM\CELL2\TEST_M.FNC
13:34:33	IDLE 5 C:\CIM\CELL2\TEST_M.FNC
13:34:35	BUSY 3
13:34:48	IDLE 3
13:40:39	BUSY 5 C:\CIM\CELL2\TEST_M.FNC
13:40:39	IDLE 5 C:\CIM\CELL2\TEST_M.FNC
13:40:41	BUSY 3
13:40:55	IDLE 3
15:17:21	BUSY 1
15:17:22	IDLE 1
15:17:24	BUSY 2
15:17:25	IDLE 2
15:19:28	BUSY 5 C:\CIM\CELL2\TEST_M.FNC
15:19:29	IDLE 5 C:\CIM\CELL2\TEST_M.FNC
15:19:30	BUSY 3
15:19:43	IDLE 3
20:05:2005
15:29:40	BUSY 1
15:29:40	IDLE 1
15:29:43	BUSY 2
15:29:43	IDLE 2
15:29:47	BUSY 5 C:\CIM\CELL2\TEST_M.FNC
15:29:47	IDLE 5 C:\CIM\CELL2\TEST_M.FNC
15:29:50	BUSY 3
15:29:59	IDLE 3
15:45:34	BUSY 1
15:45:35	IDLE 1
15:45:38	BUSY 2
15:45:39	IDLE 2
15:45:44	BUSY 5 C:\CIM\CELL2\TEST_M.FNC
15:45:44	IDLE 5 C:\CIM\CELL2\TEST_M.FNC
15:45:46	BUSY 3
15:46:00	IDLE 3
15:46:15	BUSY 1
15:46:15	IDLE 1
15:46:38	BUSY 2
15:46:39	IDLE 2
15:46:39	BUSY 5 TEST_m.FNC
15:46:39	IDLE 5 TEST_m.FNC
15:46:40	BUSY 3
15:46:53	IDLE 3
15:46:53	BUSY 1
15:46:54	IDLE 1
15:55:41	BUSY 1
15:55:41	IDLE 1
15:56:04	BUSY 2
15:56:05	IDLE 2
15:56:05	BUSY 5 KING_m.FNC
15:56:07	IDLE 5 KING_m.FNC
15:56:07	BUSY 3
16:01:06	IDLE 3
16:01:07	BUSY 1
16:01:08	IDLE 1
16:02:45	BUSY 1
16:02:45	IDLE 1
16:02:47	BUSY 2
16:02:48	IDLE 2
16:02:50	BUSY 1
16:02:51	IDLE 1
16:02:55	BUSY 5 C:\CIM\CELL2\TEST_M.FNC
16:02:55	IDLE 5 C:\CIM\CELL2\TEST_M.FNC
16:02:57	BUSY 3
16:03:11	IDLE 3
16:03:18	BUSY 1
16:03:18	IDLE 1
16:03:41	BUSY 2
16:03:42	IDLE 2
16:03:42	BUSY 5 TEST_m.FNC
16:03:42	IDLE 5 TEST_m.FNC
16:03:43	BUSY 3
16:03:56	IDLE 3
16:03:57	BUSY 1
16:03:58	IDLE 1
16:19:48	BUSY 2
16:19:49	IDLE 2
16:19:54	BUSY 5 C:\CIM\CELL2\TEST_M.FNC
16:19:54	IDLE 5 C:\CIM\CELL2\TEST_M.FNC
16:19:56	BUSY 3
16:20:09	IDLE 3
16:20:31	BUSY 1
16:20:32	IDLE 1
16:20:55	BUSY 2
16:20:56	IDLE 2
16:20:56	BUSY 5 TEST_m.FNC
16:20:57	IDLE 5 TEST_m.FNC
16:20:57	BUSY 3
16:21:10	IDLE 3
16:21:11	BUSY 1
16:21:12	IDLE 1
16:29:25	BUSY 1
16:29:25	IDLE 1
16:29:47	BUSY 2
16:29:48	IDLE 2
16:29:48	BUSY 5 QUEEN_m.FNC
16:29:50	IDLE 5 QUEEN_m.FNC
16:29:50	BUSY 3
16:33:10	IDLE 3
16:33:10	BUSY 1
16:33:12	IDLE 1
17:44:50	BUSY 1
17:44:50	IDLE 1
17:45:13	BUSY 2
17:45:14	IDLE 2
17:45:15	BUSY 5 QUEEN_m.FNC
17:45:16	IDLE 5 QUEEN_m.FNC
17:45:16	BUSY 3
17:48:35	IDLE 3
17:48:35	BUSY 1
17:48:36	IDLE 1
17:50:14	BUSY 1
17:50:14	IDLE 1
17:50:37	BUSY 2
17:50:38	IDLE 2
17:50:38	BUSY 5 BISHOP_m.FNC
17:50:39	IDLE 5 BISHOP_m.FNC
17:50:39	BUSY 3
17:52:21	IDLE 3
17:52:22	BUSY 1
17:52:23	IDLE 1
18:14:48	BUSY 1
18:14:48	IDLE 1
18:15:10	BUSY 2
18:15:11	IDLE 2
18:15:11	BUSY 5 KING_m.FNC
18:15:12	IDLE 5 KING_m.FNC
18:15:13	BUSY 3
18:20:11	IDLE 3
18:20:12	BUSY 1
18:20:12	IDLE 1
18:20:40	BUSY 1
18:20:40	IDLE 1
18:21:02	BUSY 2
18:21:03	IDLE 2
18:21:03	BUSY 5 QUEEN_m.FNC
18:21:04	IDLE 5 QUEEN_m.FNC
18:21:05	BUSY 3
18:24:23	IDLE 3
18:24:24	BUSY 1
18:24:25	IDLE 1
18:25:33	BUSY 1
18:25:33	IDLE 1
18:25:55	BUSY 2
18:25:56	IDLE 2
18:25:56	BUSY 5 BISHOP_m.FNC
18:25:57	IDLE 5 BISHOP_m.FNC
18:25:57	BUSY 3
18:27:40	IDLE 3
18:27:40	BUSY 1
18:27:41	IDLE 1
18:30:45	BUSY 1
18:30:45	IDLE 1
18:31:08	BUSY 2
18:31:09	IDLE 2
18:31:10	BUSY 5 KNIGHT_m.FNC
18:31:11	IDLE 5 KNIGHT_m.FNC
18:31:11	BUSY 3
18:35:21	IDLE 3
18:35:22	BUSY 1
18:35:23	IDLE 1
18:35:51	BUSY 1
18:35:51	IDLE 1
18:36:14	BUSY 2
18:36:15	IDLE 2
18:36:16	BUSY 5 ROOK_m.FNC
18:36:17	IDLE 5 ROOK_m.FNC
18:36:17	BUSY 3
18:39:23	IDLE 3
18:39:23	BUSY 1
18:39:25	IDLE 1
19:03:32	BUSY 1
19:03:32	IDLE 1
19:03:54	BUSY 2
19:03:55	IDLE 2
19:03:55	BUSY 5 KING_m.FNC
19:03:57	IDLE 5 KING_m.FNC
19:03:57	BUSY 3
19:08:59	IDLE 3
19:09:00	BUSY 1
19:09:00	IDLE 1
19:09:31	BUSY 1
19:09:31	IDLE 1
19:09:53	BUSY 2
19:09:54	IDLE 2
19:09:54	BUSY 5 QUEEN_m.FNC
19:09:56	IDLE 5 QUEEN_m.FNC
19:09:56	BUSY 3
19:13:16	IDLE 3
19:13:16	BUSY 1
19:13:17	IDLE 1
06:06:2005
06:06:2005
14:47:04	BUSY 5 C:\CIM\CELL2\KING_M.FNC
14:47:05	IDLE 5 C:\CIM\CELL2\KING_M.FNC
08:06:2005
11:14:33	BUSY 1
11:14:39	IDLE
11:15:52	BUSY 5 C:\CIM\CELL2\TEST_M.FNC
11:15:52	IDLE 5 C:\CIM\CELL2\TEST_M.FNC
11:15:57	BUSY 1
11:15:57	IDLE 1
11:16:02	BUSY 2
11:16:03	IDLE 2
11:16:06	BUSY 3
11:16:15	IDLE 3
09:06:2005
11:33:10	BUSY 5 C:\CIM\CELL2\STANDA~1\KINGM_~1.FNC
11:33:11	IDLE 5 C:\CIM\CELL2\STANDA~1\KINGM_~1.FNC
11:41:55	BUSY 5 C:\CIM\CELL2\STANDA~1\ROOKM_~1.FNC
11:41:56	IDLE 5 C:\CIM\CELL2\STANDA~1\ROOKM_~1.FNC
11:42:33	BUSY 5 C:\CIM\CELL2\STANDA~1\ROOKM_~1.FNC
11:42:35	IDLE 5 C:\CIM\CELL2\STANDA~1\ROOKM_~1.FNC
11:42:54	BUSY 5 C:\CIM\CELL2\STANDA~1\ROOKM_~1.FNC
11:42:56	IDLE 5 C:\CIM\CELL2\STANDA~1\ROOKM_~1.FNC
11:44:04	BUSY 5 C:\CIM\CELL2\STANDA~1\ROOKM_~1.FNC
11:44:05	IDLE 5 C:\CIM\CELL2\STANDA~1\ROOKM_~1.FNC
11:52:15	BUSY 5 C:\CIM\CELL2\STANDA~1\QUEENM~1.FNC
11:53:20	ERROR RS232 Download aborted
11:54:19	IDLE
11:54:27	BUSY 5 C:\CIM\CELL2\STANDA~1\QUEENM~1.FNC
11:54:28	IDLE 5 C:\CIM\CELL2\STANDA~1\QUEENM~1.FNC
12:04:50	BUSY 5 C:\CIM\CELL2\STANDA~1\KINGM_~1.FNC
12:04:51	IDLE 5 C:\CIM\CELL2\STANDA~1\KINGM_~1.FNC
12:17:44	BUSY 5 C:\CIM\CELL2\STANDA~1\BISHOP~1.FNC
12:17:44	IDLE 5 C:\CIM\CELL2\STANDA~1\BISHOP~1.FNC
12:23:09	BUSY 5 C:\CIM\CELL2\STANDA~1\QUEENM~1.FNC
12:23:10	IDLE 5 C:\CIM\CELL2\STANDA~1\QUEEN10:06:2005
 9:24:10	BUSY 5 C:\CIM\CELL2\STANDA~1\QUEENM~1.FNC
 9:24:11	IDLE 5 C:\CIM\CELL2\STANDA~1\QUEENM~1.FNC
11:03:41	BUSY 5 C:\CIM\CELL2\STANDA~1\KINGM_~1.FNC
11:03:42	IDLE 5 C:\CIM\CELL2\STANDA~1\KINGM_~1.FNC
11:13:49	BUSY 5 C:\CIM\CELL1\STANDA~1\QUEEN_~1.FNC
11:13:50	IDLE 5 C:\CIM\CELL1\STANDA~1\QUEEN_~1.FNC
11:15:23	BUSY 5 C:\CIM\CELL1\STANDA~1\QUEEN_~1.FNC
11:15:24	IDLE 5 C:\CIM\CELL1\STANDA~1\QUEEN_~1.FNC
11:20:49	BUSY 5 C:\CIM\CELL1\STANDA~1\QUEEN_~1.FNC
11:20:50	IDLE 5 C:\CIM\CELL1\STANDA~1\QUEEN_~1.FNC
11:23:08	BUSY 5 C:\CIM\CELL1\STANDA~1\QUEEN_~1.FNC
11:23:09	IDLE 5 C:\CIM\CELL1\STANDA~1\QUEEN_~1.FNC
11:23:58	BUSY 5 C:\CIM\CELL2\STANDA~1\QUEENM~1.FNC
11:24:00	IDLE 5 C:\CIM\CELL2\STANDA~1\QUEENM~1.FNC
27:06:2005
 9:53:17	BUSY 5 C:\CIM\CELL2\STANDA~1\QUEENM~1.FNC
 9:54:44	IDLE 5 C:\CIM\CELL2\STANDA~1\QUEENM~1.FNC
 9:55:26	BUSY 5 C:\CIM\CELL2\STANDA~1\QUEENM~1.FNC
 9:55:27	IDLE 5 C:\CIM\CELL2\STANDA~1\QUEENM~1.FNC
 9:59:44	BUSY 5 C:\CIM\CELL2\STANDA~1\QUEENM~1.FNC
 9:59:45	IDLE 5 C:\CIM\CELL2\STANDA~1\QUEENM~1.FNC
10:02:48	BUSY 5 C:\CIM\CELL2\STANDA~1\QUEENM~1.FNC
10:02:49	IDLE 5 C:\CIM\CELL2\STANDA~1\QUEENM~1.FNC
10:10:17	BUSY 5 C:\CIM\CELL2\STANDA~1\QUEENM~1.FNC
10:10:18	IDLE 5 C:\CIM\CELL2\STANDA~1\QUEENM~1.FNC
10:12:44	BUSY 5 C:\CIM\CELL2\STANDA~1\QUEENM~1.FNC
10:12:45	IDLE 5 C:\CIM\CELL2\STANDA~1\QUEENM~1.FNC
28:06:2005
 9:21:01	BUSY 1
 9:21:02	IDLE 1
10:47:50	BUSY 2
10:47:51	IDLE 2
10:47:56	BUSY 5 C:\CIM\CELL2\TEST_M.FNC
11:01:45	IDLE
11:01:56	BUSY
11:02:27	IDLE
11:06:08	BUSY 5 C:\CIM\CELL2\TEST_M.FNC
11:15:52	IDLE 5 C:\CIM\CELL2\TEST_M.FNC
11:17:50	BUSY 1
11:17:51	IDLE 1
11:17:54	BUSY 2
11:17:54	IDLE 2
11:17:58	BUSY 5 C:\CIM\CELL2\TEST_M.FNC
11:17:58	IDLE 5 C:\CIM\CELL2\TEST_M.FNC
11:17:59	BUSY
11:18:52	IDLE
11:22:40	BUSY 5 C:\CIM\CELL2\TEST_M.FNC
11:22:47	ERROR RS232 Download aborted
11:22:52	IDLE
11:39:15	BUSY 5 C:\CIM\CELL2\TEST_M.FNC
11:39:15	IDLE 5 C:\CIM\CELL2\TEST_M.FNC
11:39:19	BUSY 3
11:42:40	IDLE
11:42:54	BUSY 1
11:42:58	IDLE
11:43:00	BUSY 2
11:43:00	IDLE 2
11:43:04	BUSY 1
11:43:07	IDLE
11:46:39	BUSY 2
11:46:40	IDLE 2
11:46:42	BUSY 1
11:46:43	IDLE 1
11:46:45	BUSY 2
11:46:46	IDLE 2
11:46:51	BUSY 5 C:\CIM\CELL2\TEST_M.FNC
11:46:51	IDLE 5 C:\CIM\CELL2\TEST_M.FNC
11:46:51	BUSY
11:47:39	IDLE
11:51:56	BUSY 5 C:\CIM\CELL2\TEST_M.FNC
11:51:56	IDLE 5 C:\CIM\CELL2\TEST_M.FNC
11:51:57	BUSY
11:52:35	IDLE
11:58:24	BUSY
12:00:12	IDLE
12:00:35	BUSY 1
12:00:36	IDLE 1
12:00:40	BUSY 2
12:00:41	IDLE 2
12:02:52	BUSY
12:06:46	IDLE
12:11:01	BUSY 1
12:11:02	IDLE 1
12:11:05	BUSY 2
12:11:05	IDLE 2
12:11:10	BUSY 5 C:\CIM\CELL1\TEST_L.FNC
12:11:10	IDLE 5 C:\CIM\CELL1\TEST_L.FNC
12:11:10	BUSY
12:13:12	IDLE
12:13:29	BUSY
12:13:53	IDLE
12:16:19	BUSY
12:17:04	IDLE
12:17:37	BUSY
12:19:05	IDLE
12:21:48	BUSY 1
12:21:49	IDLE 1
12:21:52	BUSY 2
12:21:53	IDLE 2
12:21:57	BUSY 5 C:\CIM\CELL1\TEST_L.FNC
12:21:57	IDLE 5 C:\CIM\CELL1\TEST_L.FNC
12:21:57	BUSY
12:22:57	IDLE
12:26:44	BUSY 5 C:\CIM\CELL1\TEST_L.FNC
12:26:44	IDLE 5 C:\CIM\CELL1\TEST_L.FNC
12:26:44	BUSY
12:27:26	IDLE
12:27:48	BUSY
12:29:48	IDLE
12:30:45	BUSY 5 C:\CIM\CELL1\TEST_L.FNC
12:30:45	IDLE 5 C:\CIM\CELL1\TEST_L.FNC
12:30:45	BUSY
14:44:43	IDLE
14:44:57	BUSY
14:45:03	IDLE
14:45:20	BUSY
14:46:25	IDLE
14:46:56	BUSY
14:47:59	IDLE
15:00:17	BUSY
15:01:14	IDLE
15:05:05	BUSY
15:05:30	IDLE
15:56:13	BUSY 1
15:56:16	IDLE
15:56:19	BUSY 2
15:56:19	IDLE 2
15:56:23	BUSY 1
15:56:27	IDLE
15:56:34	BUSY 1
15:56:36	IDLE
15:56:38	BUSY 2
15:56:38	IDLE 2
15:56:44	BUSY 5 C:\CIM\CELL1\TEST_L.FNC
15:56:47	ERROR RS232 Download aborted
15:57:27	IDLE
15:57:30	BUSY 1
15:57:31	IDLE 1
15:57:34	BUSY 2
15:57:34	IDLE 2
15:57:41	BUSY 5 C:\CIM\CELL1\TEST_L.FNC
15:57:41	IDLE 5 C:\CIM\CELL1\TEST_L.FNC
15:57:44	BUSY 3
15:57:53	IDLE 3
16:13:25	BUSY 1
16:13:26	IDLE 1
16:13:28	BUSY 2
16:13:29	IDLE 2
16:13:55	BUSY 5 C:\CIM\CELL1\TEST_L.FNC
16:14:01	ERROR RS232 Download aborted
16:14:02	IDLE
16:15:00	BUSY 1
16:15:01	IDLE 1
16:15:04	BUSY 2
16:15:06	IDLE 2
16:15:09	BUSY 5 C:\CIM\CELL1\TEST_L.FNC
16:15:09	IDLE 5 C:\CIM\CELL1\TEST_L.FNC
16:15:13	BUSY 3
16:15:25	IDLE 3
16:20:46	BUSY 1
16:20:47	IDLE 1
16:20:51	BUSY 2
16:20:52	IDLE 2
16:20:56	BUSY 5 C:\CIM\CELL1\TEST_L.FNC
16:20:56	IDLE 5 C:\CIM\CELL1\TEST_L.FNC
16:20:59	BUSY 3
16:21:11	IDLE 3
16:21:22	BUSY 1
16:21:23	IDLE 1
16:21:46	BUSY 2
16:21:47	IDLE 2
16:21:47	BUSY 5 TEST_m.FNC
16:21:47	ERROR File not found 'TEST_m.FNC'
16:23:16	IDLE
16:23:17	BUSY 5 TEST_m.FNC
16:23:17	ERROR File not found 'TEST_m.FNC'
16:23:29	IDLE
16:23:29	BUSY 5 TEST_m.FNC
16:23:29	ERROR File not found 'TEST_m.FNC'
16:23:32	IDLE
16:23:33	BUSY 5 TEST_m.FNC
16:23:33	ERROR File not found 'TEST_m.FNC'
16:23:35	IDLE
16:23:35	BUSY 5 TEST_m.FNC
16:23:35	ERROR File not found 'TEST_m.FNC'
29:06:2005
10:13:02	BUSY 1
10:13:03	IDLE 1
10:13:06	BUSY 2
10:13:07	IDLE 2
10:13:11	BUSY 5 C:\CIM\CELL2\TEST_M.FNC
10:13:11	IDLE 5 C:\CIM\CELL2\TEST_M.FNC
10:13:14	BUSY 3
10:13:24	IDLE 3
10:14:08	BUSY 1
10:14:10	IDLE 1
10:14:32	BUSY 2
10:14:33	IDLE 2
10:14:33	BUSY 5 TEST_m.FNC
10:14:33	IDLE 5 TEST_m.FNC
10:14:34	BUSY 3
10:14:47	IDLE 3
10:14:47	BUSY 1
10:14:48	IDLE 1
10:17:06	BUSY 1
10:17:06	IDLE 1
10:17:29	BUSY 2
10:17:30	IDLE 2
10:17:30	BUSY 5 TEST_m.FNC
10:17:31	IDLE 5 TEST_m.FNC
10:17:31	BUSY 3
10:17:44	IDLE 3
10:17:45	BUSY 1
10:17:46	IDLE 1
11:45:17	BUSY 1
11:45:17	IDLE 1
11:45:19	BUSY 2
11:45:19	IDLE 2
11:45:23	BUSY 5 C:\CIM\CELL2\TEST_M.FNC
11:45:23	IDLE 5 C:\CIM\CELL2\TEST_M.FNC
11:45:25	BUSY 3
11:45:38	IDLE 3
11:52:32	BUSY 1
11:52:33	IDLE 1
11:52:55	BUSY 2
11:52:57	IDLE 2
11:52:57	BUSY 5 ROOK_m.FNC
11:52:58	IDLE 5 ROOK_m.FNC
11:52:59	BUSY 3
11:54:40	IDLE
12:16:59	BUSY 1
12:17:00	IDLE 1
12:17:58	BUSY 1
12:17:58	IDLE 1
12:18:20	BUSY 2
12:18:21	IDLE 2
12:18:22	BUSY 5 ROOK_m.FNC
12:18:23	IDLE 5 ROOK_m.FNC30:06:2005
 9:08:04	BUSY 1
 9:08:04	IDLE 1
 9:08:07	BUSY 2
 9:08:08	IDLE 2
 9:08:14	BUSY 5 C:\CIM\CELL2\TEST_M.FNC
 9:08:14	IDLE 5 C:\CIM\CELL2\TEST_M.FNC
 9:08:18	BUSY 3
 9:08:26	IDLE 3
 9:08:47	BUSY 5 C:\CIM\CELL2\TEST_M.FNC
 9:08:47	IDLE 5 C:\CIM\CELL2\TEST_M.FNC
 9:08:50	BUSY 3
 9:09:02	IDLE 3
 9:09:26	BUSY 1
 9:09:27	IDLE 1
 9:09:49	BUSY 2
 9:09:50	IDLE 2
 9:09:51	BUSY 5 TEST_m.FNC
 9:09:51	IDLE 5 TEST_m.FNC
 9:09:51	BUSY 3
 9:10:04	IDLE 3
 9:10:04	BUSY 1
 9:10:05	IDLE 1
 9:11:39	BUSY 1
 9:11:39	IDLE 1
 9:12:01	BUSY 2
 9:12:02	IDLE 2
 9:12:02	BUSY 5 TEST_m.FNC
 9:12:03	IDLE 5 TEST_m.FNC
 9:12:03	BUSY 3
 9:12:16	IDLE 3
 9:12:17	BUSY 1
 9:12:18	IDLE 1
14:08:49	BUSY 1
14:08:49	IDLE 1
14:09:12	BUSY 2
14:09:13	IDLE 2
14:09:14	BUSY 5 TEST_m.FNC
14:09:14	IDLE 5 TEST_m.FNC
14:09:14	BUSY 3
14:09:27	IDLE 3
14:09:28	BUSY 1
14:09:29	IDLE 1
14:25:05	BUSY 1
14:25:05	IDLE 1
14:25:28	BUSY 2
14:25:29	IDLE 2
14:25:30	BUSY 5 TEST_m.FNC
14:25:30	IDLE 5 TEST_m.FNC
14:25:30	BUSY 3
14:25:44	IDLE 3
14:25:44	BUSY 1
14:25:45	IDLE 1
16:13:08	BUSY 1
16:13:08	IDLE 1
16:13:30	BUSY 2
16:13:31	IDLE 2
16:13:31	BUSY 5 TEST_m.FNC
16:13:31	IDLE 5 TEST_m.FNC
16:13:32	BUSY 3
16:13:44	IDLE 3
16:13:45	BUSY 1
16:13:46	IDLE 1
16:15:14	BUSY 1
16:15:14	IDLE 1
16:15:36	BUSY 2
16:15:37	IDLE 2
16:15:38	BUSY 5 TEST_m.FNC
16:15:38	IDLE 5 TEST_m.FNC
16:15:38	BUSY 3
16:15:52	IDLE 3
16:15:52	BUSY 1
16:15:53	IDLE 1
17:30:04	BUSY 1
17:30:04	IDLE 1
17:30:26	BUSY 2
17:30:27	IDLE 2
17:30:27	BUSY 5 TEST_m.FNC
17:30:27	IDLE 5 TEST_m.FNC
17:30:28	BUSY 3
17:30:41	IDLE 3
17:30:41	BUSY 1
17:30:43	IDLE 1
17:47:37	BUSY 1
17:47:37	IDLE 1
17:48:00	BUSY 2
17:48:01	IDLE 2
17:48:01	BUSY 5 TEST_m.FNC
17:48:02	IDLE 5 TEST_m.FNC
17:48:02	BUSY 3
17:48:15	IDLE 3
17:48:16	BUSY 1
17:48:17	IDLE 1
17:53:19	BUSY 1
17:53:19	IDLE 1
17:53:41	BUSY 2
17:53:42	IDLE 2
17:53:43	BUSY 5 TEST_m.FNC
17:53:43	IDLE 5 TEST_m.FNC
17:53:43	BUSY 3
17:53:56	IDLE 3
17:53:57	BUSY 1
17:53:57	IDLE 1
18:00:50	BUSY 1
18:00:50	IDLE 1
18:01:13	BUSY 2
18:01:14	IDLE 2
18:01:14	BUSY 5 TEST_m.FNC
18:01:14	IDLE 5 TEST_m.FNC
18:01:15	BUSY 3
18:01:28	IDLE 3
18:01:28	BUSY 1
18:01:30	IDLE 1
01:07:2005
 8:51:08	BUSY 5 C:\CIM\CELL2\TEST_M.FNC
 8:51:08	IDLE 5 C:\CIM\CELL2\TEST_M.FNC
 8:51:12	BUSY 1
 8:51:13	IDLE 1
 8:51:16	BUSY 2
 8:51:16	IDLE 2
 8:51:26	BUSY 5 C:\CIM\CELL1\TEST_L.FNC
 8:51:35	ERROR RS232 Download aborted
 8:51:43	IDLE
 8:51:56	BUSY 5 C:\CIM\CELL1\TEST_L.FNC
 8:52:04	ERROR RS232 Download aborted
 8:52:42	IDLE
 8:53:15	BUSY 5 C:\CIM\CELL1\TEST_L.FNC
 8:53:26	ERROR RS232 Download aborted
 8:53:59	IDLE
 8:54:10	BUSY 5 C:\CIM\CELL1\TEST_L.FNC
 8:54:10	IDLE 5 C:\CIM\CELL1\TEST_L.FNC
 8:54:15	BUSY 3
 8:54:24	IDLE 3
 8:55:46	BUSY 1
 8:55:46	IDLE 1
 8:56:08	BUSY 2
 8:56:10	IDLE 2
 8:56:10	BUSY 5 TEST_m.FNC
 8:56:10	ERROR File not found 'TEST_m.FNC'
 9:10:39	IDLE
 9:10:52	BUSY 5 C:\CIM\CELL2\TEST_M.FNC
 9:10:52	IDLE 5 C:\CIM\CELL2\TEST_M.FNC
 9:10:54	BUSY 3
 9:11:07	IDLE 3
 9:22:15	BUSY 1
 9:22:15	IDLE 1
 9:22:38	BUSY 2
 9:22:39	IDLE 2
 9:22:39	BUSY 5 KING_m.FNC
 9:22:40	IDLE 5 KING_m.FNC
 9:22:41	BUSY 3
 9:29:21	IDLE 3
 9:29:22	BUSY 1
 9:29:22	IDLE 1
 9:29:51	BUSY 1
 9:29:51	IDLE 1
 9:30:13	BUSY 2
 9:30:14	IDLE 2
 9:30:14	BUSY 5 QUEEN_m.FNC
 9:30:15	IDLE 5 QUEEN_m.FNC
 9:30:16	BUSY 3
 9:34:35	IDLE 3
 9:34:35	BUSY 1
 9:34:36	IDLE 1
10:24:23	BUSY 1
10:24:23	IDLE 1
10:24:46	BUSY 2
10:24:47	IDLE 2
10:24:47	BUSY 5 KING_m.FNC
10:24:49	IDLE 5 KING_m.FNC
10:24:49	BUSY 3
10:31:26	IDLE 3
10:31:27	BUSY 1
10:31:28	IDLE 1
10:31:57	BUSY 1
10:31:57	IDLE 1
10:32:20	BUSY 2
10:32:21	IDLE 2
10:32:21	BUSY 5 QUEEN_m.FNC
10:32:22	IDLE 5 QUEEN_m.FNC
10:32:23	BUSY 3
10:36:42	IDLE 3
10:36:43	BUSY 1
10:36:44	IDLE 1
11:00:43	BUSY 1
11:00:43	IDLE 1
11:01:06	BUSY 2
11:01:06	IDLE 2
11:01:07	BUSY 5 KING_m.FNC
11:01:08	IDLE 5 KING_m.FNC
11:01:09	BUSY 3
11:07:46	IDLE 3
11:07:46	BUSY 1
11:07:47	IDLE 1
11:08:16	BUSY 1
11:08:16	IDLE 1
11:08:39	BUSY 2
11:08:39	IDLE 2
11:08:40	BUSY 5 QUEEN_m.FNC
11:08:41	IDLE 5 QUEEN_m.FNC
11:08:41	BUSY 3
11:13:01	IDLE 3
11:13:02	BUSY 1
11:13:03	IDLE 1
11:22:14	BUSY 1
11:22:14	IDLE 1
11:22:37	BUSY 2
11:22:38	IDLE 2
11:22:38	BUSY 5 KNIGHT_m.FNC
11:22:39	IDLE 5 KNIGHT_m.FNC
11:22:40	BUSY 3
11:24:06	IDLE 3
11:24:06	BUSY 1
11:26:32	IDLE 1
11:55:30	BUSY 1
11:55:30	IDLE 1
11:55:53	BUSY 2
11:55:53	IDLE 2
11:55:54	BUSY 5 TEST_m.FNC
11:55:54	IDLE 5 TEST_m.FNC
11:55:55	BUSY 3
11:56:07	IDLE 3
11:56:08	BUSY 1
11:56:09	IDLE 1
12:04:56	BUSY 1
12:04:56	IDLE 1
12:05:18	BUSY 2
12:05:19	IDLE 2
12:05:19	BUSY 5 KING_m.FNC
12:05:21	IDLE 5 KING_m.FNC
12:05:21	BUSY 3
12:11:57	IDLE 3
12:11:58	BUSY 1
12:11:59	IDLE 1
12:12:27	BUSY 1
12:12:27	IDLE 1
12:12:49	BUSY 2
12:12:50	IDLE 2
12:12:50	BUSY 5 QUEEN_m.FNC
12:12:52	IDLE 5 QUEEN_m.FNC
12:12:52	BUSY 3
12:17:12	IDLE 3
12:17:13	BUSY 1
12:17:14	IDLE 1
12:17:42	BUSY 1
12:17:42	IDLE 1
12:18:05	BUSY 2
12:18:06	IDLE 2
12:18:06	BUSY 5 BISHOP_m.FNC
12:18:07	IDLE 5 BISHOP_m.FNC
12:18:07	BUSY 3
12:20:21	IDLE 3
12:20:22	BUSY 1
12:20:23	IDLE 1
12:20:52	BUSY 1
12:20:52	IDLE 1
12:21:16	BUSY 2
12:21:17	IDLE 2
12:21:17	BUSY 5 BISHOP_m.FNC
12:21:18	IDLE 5 BISHOP_m.FNC
12:21:18	BUSY 3
12:23:26	IDLE 3
12:23:27	BUSY 1
12:23:28	IDLE 1
12:23:58	BUSY 1
12:23:58	IDLE 1
12:24:20	BUSY 2
12:24:21	IDLE 2
12:24:21	BUSY 5 KNIGHT_m.FNC
12:24:22	IDLE 5 KNIGHT_m.FNC
12:24:23	BUSY 3
12:29:52	IDLE 3
12:29:52	BUSY 1
12:29:54	IDLE 1
12:30:24	BUSY 1
12:30:24	IDLE 1
12:30:46	BUSY 2
12:30:47	IDLE 2
12:30:47	BUSY 5 KNIGHT_m.FNC
12:30:48	IDLE 5 KNIGHT_m.FNC
12:30:49	BUSY 3
12:36:16	IDLE 3
12:36:16	BUSY 1
12:36:18	IDLE 1
12:36:46	BUSY 1
12:36:46	IDLE 1
12:37:09	BUSY 2
12:37:10	IDLE 2
12:37:10	BUSY 5 ROOK_m.FNC
12:37:12	IDLE 5 ROOK_m.FNC
12:37:12	BUSY 3
12:41:10	IDLE 3
12:41:11	BUSY 1
12:41:12	IDLE 1
12:41:41	BUSY 1
12:41:41	IDLE 1
12:42:04	BUSY 2
12:42:05	IDLE 2
12:42:05	BUSY 5 ROOK_m.FNC
12:42:07	IDLE 5 ROOK_m.FNC
12:42:07	BUSY 3
12:46:05	IDLE 3
12:46:06	BUSY 1
12:46:07	IDLE 1
13:03:01	BUSY 1
13:03:01	IDLE 1
13:03:24	BUSY 2
13:03:25	IDLE 2
13:03:25	BUSY 5 KING_m.FNC
13:03:27	IDLE 5 KING_m.FNC
13:03:27	BUSY 3
13:10:09	IDLE 3
13:10:10	BUSY 1
13:10:11	IDLE 1
13:10:40	BUSY 1
13:10:40	IDLE 1
13:11:03	BUSY 2
13:11:04	IDLE 2
13:11:05	BUSY 5 QUEEN_m.FNC
13:11:06	IDLE 5 QUEEN_m.FNC
13:11:06	BUSY 3
13:15:27	IDLE 3
13:15:28	BUSY 1
13:15:29	IDLE 1
13:15:58	BUSY 1
13:15:58	IDLE 1
13:16:20	BUSY 2
13:16:21	IDLE 2
13:16:22	BUSY 5 BISHOP_m.FNC
13:16:22	IDLE 5 BISHOP_m.FNC
13:16:22	BUSY 3
13:18:38	IDLE 3
13:18:38	BUSY 1
13:18:39	IDLE 1
13:19:08	BUSY 1
13:19:08	IDLE 1
13:19:31	BUSY 2
13:19:32	IDLE 2
13:19:32	BUSY 5 BISHOP_m.FNC
13:19:33	IDLE 5 BISHOP_m.FNC
13:19:33	BUSY 3
13:21:42	IDLE 3
13:21:42	BUSY 1
13:21:43	IDLE 1
13:22:12	BUSY 1
13:22:12	IDLE 1
13:22:35	BUSY 2
13:22:36	IDLE 2
13:22:36	BUSY 5 KNIGHT_m.FNC
13:22:37	IDLE 5 KNIGHT_m.FNC
13:22:38	BUSY 3
13:28:08	IDLE 3
13:28:08	BUSY 1
13:28:10	IDLE 1
13:28:40	BUSY 1
13:28:40	IDLE 1
13:29:02	BUSY 2
13:29:03	IDLE 2
13:29:03	BUSY 5 KNIGHT_m.FNC
13:29:04	IDLE 5 KNIGHT_m.FNC
13:29:05	BUSY 3
13:34:32	IDLE 3
13:34:33	BUSY 1
13:34:34	IDLE 1
13:35:03	BUSY 1
13:35:03	IDLE 1
13:35:25	BUSY 2
13:35:26	IDLE 2
13:35:27	BUSY 5 ROOK_m.FNC
13:35:28	IDLE 5 ROOK_m.FNC
13:35:28	BUSY 3
13:39:27	IDLE 3
13:39:27	BUSY 1
13:39:29	IDLE 1
13:39:57	BUSY 1
13:39:57	IDLE 1
13:40:20	BUSY 2
13:40:21	IDLE 2
13:40:22	BUSY 5 ROOK_m.FNC
13:40:23	IDLE 5 ROOK_m.FNC
13:40:23	BUSY 3
13:44:22	IDLE 3
13:44:22	BUSY 1
13:44:24	IDLE 1
16:45:42	BUSY 1
16:45:42	IDLE 1
16:46:05	BUSY 2
16:46:06	IDLE 2
16:46:07	BUSY 5 TEST_m.FNC
16:46:07	IDLE 5 TEST_m.FNC
16:46:07	BUSY 3
16:46:17	IDLE 3
16:46:18	BUSY 1
16:46:19	IDLE 1
01:07:2005
17:17:29	BUSY 1
17:17:29	IDLE 1
17:17:52	BUSY 2
17:17:53	IDLE 2
17:17:53	BUSY 5 TEST_m.FNC
17:17:53	IDLE 5 TEST_m.FNC
17:17:54	BUSY 3
17:18:07	IDLE 3
17:18:07	BUSY 1
17:18:09	IDLE 1
17:28:00	BUSY 1
17:28:00	IDLE 1
17:28:22	BUSY 2
17:28:23	IDLE 2
17:28:23	BUSY 5 KING_m.FNC
17:28:25	IDLE 5 KING_m.FNC
17:28:25	BUSY 3
17:35:07	IDLE 3
17:35:08	BUSY 1
17:35:09	IDLE 1
17:35:37	BUSY 1
17:35:37	IDLE 1
17:35:59	BUSY 2
17:36:00	IDLE 2
17:36:00	BUSY 5 QUEEN_m.FNC
17:36:02	IDLE 5 QUEEN_m.FNC
17:36:02	BUSY 3
17:40:22	IDLE 3
17:40:23	BUSY 1
17:40:24	IDLE 1
17:53:08	BUSY 1
17:53:08	IDLE 1
17:53:31	BUSY 2
17:53:32	IDLE 2
17:53:33	BUSY 5 KING_m.FNC
17:53:34	IDLE 5 KING_m.FNC
17:53:35	BUSY 3
18:00:14	IDLE 3
18:00:14	BUSY 1
18:00:16	IDLE 1
18:00:44	BUSY 1
18:00:44	IDLE 1
18:01:07	BUSY 2
18:01:08	IDLE 2
18:01:09	BUSY 5 QUEEN_m.FNC
18:01:10	IDLE 5 QUEEN_m.FNC
18:01:10	BUSY 3
18:05:31	IDLE 3
18:05:32	BUSY 1
18:05:33	IDLE 1
18:42:07	BUSY 1
18:42:07	IDLE 1
18:42:29	BUSY 2
18:42:30	IDLE 2
18:42:31	BUSY 5 KING_m.FNC
18:42:32	IDLE 5 KING_m.FNC
18:42:32	BUSY 3
18:49:11	IDLE 3
18:49:12	BUSY 1
18:49:13	IDLE 1
18:49:42	BUSY 1
18:49:42	IDLE 1
18:50:04	BUSY 2
18:50:05	IDLE 2
18:50:06	BUSY 5 QUEEN_m.FNC
18:50:07	IDLE 5 QUEEN_m.FNC
18:50:07	BUSY 3
18:54:29	IDLE 3
18:54:29	BUSY 1
18:54:30	IDLE 1
18:55:00	BUSY 1
18:55:00	IDLE 1
18:55:22	BUSY 2
18:55:23	IDLE 2
18:55:24	BUSY 5 BISHOP_m.FNC
18:55:24	IDLE 5 BISHOP_m.FNC
18:55:25	BUSY 3
18:57:40	IDLE 3
18:57:40	BUSY 1
18:57:42	IDLE 1
18:58:11	BUSY 1
18:58:11	IDLE 1
18:58:33	BUSY 2
18:58:34	ID02:07:2005
 9:09:18	BUSY 1
 9:09:20	IDLE 1
 9:09:22	BUSY 2
 9:09:23	IDLE 2
 9:09:28	BUSY 5 C:\CIM\CELL2\TEST_M.FNC
 9:09:28	IDLE 5 C:\CIM\CELL2\TEST_M.FNC
 9:09:34	BUSY 3
 9:09:42	IDLE 3
 9:09:57	BUSY 1
 9:09:59	IDLE 1
 9:10:22	BUSY 2
 9:10:23	IDLE 2
 9:10:23	BUSY 5 TEST_m.FNC
 9:10:23	IDLE 5 TEST_m.FNC
 9:10:24	BUSY 3
 9:10:37	IDLE 3
 9:10:37	BUSY 1
 9:10:38	IDLE 1
 9:24:05	BUSY 1
 9:24:05	IDLE 1
 9:24:27	BUSY 2
 9:24:28	IDLE 2
 9:24:29	BUSY 5 KING_m.FNC
 9:24:30	IDLE 5 KING_m.FNC
 9:24:30	BUSY 3
 9:30:11	IDLE 3
 9:30:12	BUSY 1
 9:30:13	IDLE 1
 9:30:41	BUSY 1
 9:30:41	IDLE 1
 9:31:03	BUSY 2
 9:31:04	IDLE 2
 9:31:05	BUSY 5 QUEEN_m.FNC
 9:31:06	IDLE 5 QUEEN_m.FNC
 9:31:07	BUSY 3
 9:34:52	IDLE 3
 9:34:52	BUSY 1
 9:34:53	IDLE 1
 9:35:23	BUSY 1
 9:35:23	IDLE 1
 9:35:45	BUSY 2
 9:35:47	IDLE 2
 9:35:47	BUSY 5 BISHOP_m.FNC
 9:35:48	IDLE 5 BISHOP_m.FNC
 9:35:49	BUSY 3
 9:37:45	IDLE 3
 9:37:45	BUSY 1
 9:37:46	IDLE 1
 9:38:15	BUSY 1
 9:38:15	IDLE 1
 9:38:37	BUSY 2
 9:38:38	IDLE 2
 9:38:39	BUSY 5 BISHOP_m.FNC
 9:38:39	IDLE 5 BISHOP_m.FNC
 9:38:40	BUSY 3
 9:40:28	IDLE 3
 9:40:29	BUSY 1
 9:40:30	IDLE 1
 9:43:14	BUSY 1
 9:43:14	IDLE 1
 9:43:46	BUSY 2
 9:43:47	IDLE 2
 9:43:47	BUSY 5 KNIGHT_m.FNC
 9:43:48	IDLE 5 KNIGHT_m.FNC
 9:43:49	BUSY 3
 9:48:32	IDLE 3
 9:48:33	BUSY 1
 9:48:34	IDLE 1
 9:49:03	BUSY 1
 9:49:03	IDLE 1
 9:49:25	BUSY 2
 9:49:26	IDLE 2
 9:49:26	BUSY 5 KNIGHT_m.FNC
 9:49:27	IDLE 5 KNIGHT_m.FNC
 9:49:28	BUSY 3
 9:54:10	IDLE 3
 9:54:10	BUSY 1
 9:54:11	IDLE 1
10:29:42	BUSY 1
10:29:42	IDLE 1
10:30:04	BUSY 2
10:30:05	IDLE 2
10:30:05	BUSY 5 TEST_m.FNC
10:30:06	IDLE 5 TEST_m.FNC
10:30:06	BUSY 3
10:30:19	IDLE 3
10:30:20	BUSY 1
10:30:21	IDLE 1
10:31:28	BUSY 1
10:31:28	IDLE 1
10:31:50	BUSY 2
10:31:51	IDLE 2
10:31:51	BUSY 5 TEST_m.FNC
10:31:52	IDLE 5 TEST_m.FNC
10:31:52	BUSY 3
10:32:05	IDLE 3
10:32:06	BUSY 1
10:32:07	IDLE 1
10:33:16	BUSY 1
10:33:16	IDLE 1
10:33:38	BUSY 2
10:33:39	IDLE 2
10:33:39	BUSY 5 TEST_m.FNC
10:33:40	IDLE 5 TEST_m.FNC
10:33:40	BUSY 3
10:33:53	IDLE 3
10:33:53	BUSY 1
10:33:55	IDLE 1
10:52:22	BUSY 1
10:52:22	IDLE 1
10:52:44	BUSY 2
10:52:45	IDLE 2
10:52:46	BUSY 5 TEST_m.FNC
10:52:46	IDLE 5 TEST_m.FNC
10:52:46	BUSY 3
10:52:59	IDLE 3
10:53:00	BUSY 1
10:53:01	IDLE 1
10:54:09	BUSY 1
10:54:09	IDLE 1
10:54:32	BUSY 2
10:54:33	IDLE 2
10:54:33	BUSY 5 TEST_m.FNC
10:54:34	IDLE 5 TEST_m.FNC
10:54:34	BUSY 3
10:54:47	IDLE 3
10:54:48	BUSY 1
10:54:49	IDLE 1
10:55:54	BUSY 1
10:55:54	IDLE 1
10:56:17	BUSY 2
10:56:18	IDLE 2
10:56:19	BUSY 5 TEST_m.FNC
10:56:19	IDLE 5 TEST_m.FNC
10:56:19	BUSY 3
10:56:32	IDLE 3
10:56:33	BUSY 1
10:56:35	IDLE 1
10:57:41	BUSY 1
10:57:41	IDLE 1
10:58:03	BUSY 2
10:58:05	IDLE 2
10:58:05	BUSY 5 TEST_m.FNC
10:58:05	IDLE 5 TEST_m.FNC
10:58:05	BUSY 3
10:58:19	IDLE 3
10:58:19	BUSY 1
10:58:21	IDLE 1
10:59:28	BUSY 1
10:59:28	IDLE 1
10:59:50	BUSY 2
10:59:51	IDLE 2
10:59:52	BUSY 5 TEST_m.FNC
10:59:52	IDLE 5 TEST_m.FNC
10:59:52	BUSY 3
11:00:06	IDLE 3
11:00:06	BUSY 1
11:00:07	IDLE 1
11:01:14	BUSY 1
11:01:14	IDLE 1
11:01:36	BUSY 2
11:01:37	IDLE 2
11:01:38	BUSY 5 TEST_m.FNC
11:01:38	IDLE 5 TEST_m.FNC
11:01:38	BUSY 3
11:01:51	IDLE 3
11:01:52	BUSY 1
11:01:53	IDLE 1
11:16:31	BUSY 1
11:16:31	IDLE 1
11:16:54	BUSY 2
11:16:55	IDLE 2
11:16:56	BUSY 5 TEST_m.FNC
11:16:56	IDLE 5 TEST_m.FNC
11:16:57	BUSY 3
11:17:10	IDLE 3
11:17:10	BUSY 1
11:17:12	IDLE 1
11:25:31	BUSY 1
11:25:31	IDLE 1
11:25:53	BUSY 2
11:25:54	IDLE 2
11:25:55	BUSY 5 TEST_m.FNC
11:25:55	IDLE 5 TEST_m.FNC
11:25:55	BUSY 3
11:26:08	IDLE 3
11:26:09	BUSY 1
11:26:10	IDLE 1
11:36:10	BUSY 1
11:36:10	IDLE 1
11:36:32	BUSY 2
11:36:34	IDLE 2
11:36:34	BUSY 5 TEST_m.FNC
11:36:34	IDLE 5 TEST_m.FNC
11:36:35	BUSY 3
11:36:48	IDLE 3
11:36:48	BUSY 1
11:36:50	IDLE 1
11:37:57	BUSY 1
11:37:57	IDLE 1
11:38:19	BUSY 2
11:38:20	IDLE 2
11:38:21	BUSY 5 TEST_m.FNC
11:38:21	IDLE 5 TEST_m.FNC
11:38:21	BUSY 3
11:38:34	IDLE 3
11:38:35	BUSY 1
11:38:36	IDLE 1
11:39:43	BUSY 1
11:39:43	IDLE 1
11:40:05	BUSY 2
11:40:06	IDLE 2
11:40:07	BUSY 5 TEST_m.FNC
11:40:07	IDLE 5 TEST_m.FNC
11:40:07	BUSY 3
11:40:20	IDLE 3
11:40:21	BUSY 1
11:40:23	IDLE 1
11:41:31	BUSY 1
11:41:31	IDLE 1
11:41:53	BUSY 2
11:41:54	IDLE 2
11:41:54	BUSY 5 TEST_m.FNC
11:41:54	IDLE 5 TEST_m.FNC
11:41:55	BUSY 3
11:42:08	IDLE 3
11:42:08	BUSY 1
11:42:10	IDLE 1
11:43:18	BUSY 1
11:43:18	IDLE 1
11:43:41	BUSY 2
11:43:41	IDLE 2
11:43:42	BUSY 5 TEST_m.FNC
11:43:42	IDLE 5 TEST_m.FNC
11:43:42	BUSY 3
11:43:55	IDLE 3
11:43:56	BUSY 1
11:43:57	IDLE 1
11:45:05	BUSY 1
11:45:05	IDLE 1
11:45:28	BUSY 2
11:45:29	IDLE 2
11:45:29	BUSY 5 TEST_m.FNC
11:45:29	IDLE 5 TEST_m.FNC
11:45:30	BUSY 3
11:45:43	IDLE 3
11:45:44	BUSY 1
11:45:44	IDLE 1
11:46:51	BUSY 1
11:46:51	IDLE 1
11:47:14	BUSY 2
11:47:15	IDLE 2
11:47:15	BUSY 5 TEST_m.FNC
11:47:15	IDLE 5 TEST_m.FNC
11:47:16	BUSY 3
11:47:29	IDLE 3
11:47:30	BUSY 1
11:47:31	IDLE 1
11:48:37	BUSY 1
11:48:37	IDLE 1
11:49:00	BUSY 2
11:49:01	IDLE 2
11:49:01	BUSY 5 TEST_m.FNC
11:49:01	IDLE 5 TEST_m.FNC
11:49:02	BUSY 3
11:49:15	IDLE 3
11:49:15	BUSY 1
11:49:17	IDLE 1
15:02:36	BUSY 1
15:02:36	IDLE 1
15:02:59	BUSY 2
15:03:00	IDLE 2
15:03:00	BUSY 5 TEST_m.FNC
15:03:01	IDLE 5 TEST_m.FNC
15:03:01	BUSY 3
15:03:14	IDLE 3
15:03:15	BUSY 1
15:03:16	IDLE 1
15:11:29	BUSY 1
15:11:29	IDLE 1
15:11:52	BUSY 2
15:11:53	IDLE 2
15:11:53	BUSY 5 TEST_m.FNC
15:11:53	IDLE 5 TEST_m.FNC
15:11:54	BUSY 3
15:12:07	IDLE 3
15:12:07	BUSY 1
15:12:09	IDLE 1
15:13:15	BUSY 1
15:13:15	IDLE 1
15:13:38	BUSY 2
15:13:39	IDLE 2
15:13:39	BUSY 5 TEST_m.FNC
15:13:39	IDLE 5 TEST_m.FNC
15:13:40	BUSY 3
15:13:53	IDLE 3
15:13:53	BUSY 1
15:13:54	IDLE 1
15:15:00	BUSY 1
15:15:00	IDLE 1
15:15:22	BUSY 2
15:15:23	IDLE 2
15:15:23	BUSY 5 TEST_m.FNC
15:15:23	IDLE 5 TEST_m.FNC
15:15:24	BUSY 3
15:15:37	IDLE 3
15:15:37	BUSY 1
15:15:39	IDLE 1
15:16:48	BUSY 1
15:16:48	IDLE 1
15:17:10	BUSY 2
15:17:11	IDLE 2
15:17:11	BUSY 5 TEST_m.FNC
15:17:11	IDLE 5 TEST_m.FNC
15:17:12	BUSY 3
15:17:25	IDLE 3
15:17:25	BUSY 1
15:17:27	IDLE 1
15:32:39	BUSY 1
15:32:39	IDLE 1
15:33:02	BUSY 2
15:33:03	IDLE 2
15:33:03	BUSY 5 TEST_m.FNC
15:33:03	IDLE 5 TEST_m.FNC
15:33:04	BUSY 3
15:33:17	IDLE 3
15:33:17	BUSY 1
15:33:19	IDLE 1
15:34:27	BUSY 1
15:34:27	IDLE 1
15:34:50	BUSY 2
15:34:50	IDLE 2
15:34:51	BUSY 5 TEST_m.FNC
15:34:51	IDLE 5 TEST_m.FNC
15:34:51	BUSY 3
15:35:04	IDLE 3
15:35:05	BUSY 1
15:35:06	IDLE 1
15:36:13	BUSY 1
15:36:13	IDLE 1
15:36:35	BUSY 2
15:36:36	IDLE 2
15:36:36	BUSY 5 TEST_m.FNC
15:36:36	IDLE 5 TEST_m.FNC
15:36:37	BUSY 3
15:36:50	IDLE 3
15:36:50	BUSY 1
15:36:52	IDLE 1
15:38:01	BUSY 1
15:38:01	IDLE 1
15:38:23	BUSY 2
15:38:24	IDLE 2
15:38:24	BUSY 5 TEST_m.FNC
15:38:24	IDLE 5 TEST_m.FNC
15:38:25	BUSY 3
15:38:38	IDLE 3
15:38:38	BUSY 1
15:38:40	IDLE 1
15:39:48	BUSY 1
15:39:48	IDLE 1
15:40:10	BUSY 2
15:40:11	IDLE 2
15:40:11	BUSY 5 TEST_m.FNC
15:40:12	IDLE 5 TEST_m.FNC
15:40:12	BUSY 3
15:40:25	IDLE 3
15:40:26	BUSY 1
15:40:27	IDLE 1
15:41:34	BUSY 1
15:41:34	IDLE 1
15:41:56	BUSY 2
15:41:57	IDLE 2
15:41:58	BUSY 5 TEST_m.FNC
15:41:58	IDLE 5 TEST_m.FNC
15:41:58	BUSY 3
15:42:11	IDLE 3
15:42:12	BUSY 1
15:42:13	IDLE 1
15:43:20	BUSY 1
15:43:20	IDLE 1
15:43:43	BUSY 2
15:43:44	IDLE 2
15:43:44	BUSY 5 TEST_m.FNC
15:43:44	IDLE 5 TEST_m.FNC
15:43:45	BUSY 3
15:43:58	IDLE 3
15:43:59	BUSY 1
15:43:59	IDLE 1
15:45:06	BUSY 1
15:45:06	IDLE 1
15:45:29	BUSY 2