
29/09/2004	Open Log
29/09/2004	Close Log

29/09/2004	Open Log
29/09/2004	Close Log

29/09/2004	Open Log
29/09/2004	Close Log

29/09/2004	Open Log
29/09/2004	Close Log

29/09/2004	Open Log
29/09/2004	Close Log

29/09/2004	Open Log
29/09/2004	Close Log

29/09/2004	Open Log
29/09/2004	Close Log

29/09/2004	Open Log
29/09/2004	Close Log

29/09/2004	Open Log
29/09/2004	Close Log

29/09/2004	Open Log
29/09/2004	Close Log

29/09/2004	Open Log
29/09/2004	Close Log

29/09/2004	Open Log
29/09/2004	Close Log

29/09/2004	Open Log
29/09/2004	Close Log

29/09/2004	Open Log
29/09/2004	Close Log

29/09/2004	Open Log
29/09/2004	Close Log

29/09/2004	Open Log
29/09/2004	Close Log

29/09/2004	Open Log
29/09/2004	Close Log

29/09/2004	Open Log
29/09/2004	Close Log

29/09/2004	Open Log
29/09/2004	Close Log

29/09/2004	Open Log
29/09/2004	Close Log

29/09/2004	Open Log
29/09/2004	Close Log

30/09/2004	Open Log
30/09/2004	Close Log

30/09/2004	Open Log
30/09/2004	Close Log

18/10/2004	Open Log
18/10/2004	Close Log

18/11/2004	Open Log
18/11/2004	Close Log

19/11/2004	Open Log
19/11/2004	Close Log

19/11/2004	Open Log
13:43:56	Disconnected from CONVEYOR
13:43:56	Disconnected from ASRS
13:43:56	Disconnected from CELL1
13:43:56	Disconnected from CodeTag
13:43:56	Disconnected from CELL2
13:43:56	Disconnected from Delay
13:43:56	Disconnected from AGV
13:44:00	Disconnected from CELL3
13:46:23	Disconnected from CELL3
13:46:43	Disconnected from CELL3
19/11/2004	Close Log

19/11/2004	Open Log
19/11/2004	Close Log

19/11/2004	Open Log
13:52:08	Disconnected from CONVEYOR
13:52:08	Disconnected from ASRS
13:52:08	Disconnected from CELL1
13:52:09	Disconnected from CodeTag
13:52:09	Disconnected from CELL2
13:52:09	Disconnected from Delay
13:52:09	Disconnected from AGV
13:52:13	Disconnected from CELL3
13:52:38	Disconnected from CELL3
19/11/2004	Close Log

19/11/2004	Open Log
19/11/2004	Close Log

19/11/2004	Open Log
13:58:40	Disconnected from CONVEYOR
13:58:40	Disconnected from ASRS
13:58:40	Disconnected from CELL1
13:58:40	Disconnected from CodeTag
13:58:40	Disconnected from CELL2
13:58:40	Disconnected from Delay
13:58:40	Disconnected from AGV
13:58:45	Disconnected from CELL3
19/11/2004	Close Log

19/11/2004	Open Log
19/11/2004	Close Log

19/11/2004	Open Log
14:03:00	Disconnected from CONVEYOR
14:03:00	Disconnected from ASRS
14:03:00	Disconnected from CELL1
14:03:00	Disconnected from CodeTag
14:03:00	Disconnected from CELL2
14:03:00	Disconnected from Delay
14:03:00	Disconnected from AGV
14:03:00	Disconnected from CELL3
14:03:23	Disconnected from CELL3
19/11/2004	Close Log

19/11/2004	Open Log
19/11/2004	Close Log

19/11/2004	Open Log
14:06:25	Disconnected from CONVEYOR
14:06:25	Disconnected from ASRS
14:06:25	Disconnected from CELL1
14:06:25	Disconnected from CodeTag
14:06:25	Disconnected from CELL2
14:06:25	Disconnected from Delay
14:06:25	Disconnected from AGV
14:06:29	Disconnected from CELL3
14:06:59	Disconnected from CELL3
14:07:45	Disconnected from CELL3
14:08:41	Disconnected from CELL3
19/11/2004	Close Log

19/11/2004	Open Log
19/11/2004	Close Log

19/11/2004	Open Log
14:17:33	Disconnected from CONVEYOR
14:17:33	Disconnected from ASRS
14:17:33	Disconnected from CELL1
14:17:33	Disconnected from CodeTag
14:17:33	Disconnected from CELL2
14:17:33	Disconnected from Delay
14:17:33	Disconnected from AGV
14:17:38	Disconnected from CELL3
14:18:06	Disconnected from CELL3
14:18:50	in	CELL1	Robot1 NOT CONNECTED
19/11/2004	Close Log

19/11/2004	Open Log
19/11/2004	Close Log

19/11/2004	Open Log
14:22:25	in	CELL1	Robot1 IDLE
14:22:25	Disconnected from CELL2
14:22:25	in	CELL1	Lathe BUSY
19/11/2004	Close Log

19/11/2004	Open Log
19/11/2004	Close Log

19/11/2004	Open Log
14:45:15	Disconnected from CELL2
19/11/2004	Close Log

19/11/2004	Open Log
19/11/2004	Close Log

19/11/2004	Open Log
14:50:36	Disconnected from CELL2
19/11/2004	Close Log

19/11/2004	Open Log
19/11/2004	Close Log

19/11/2004	Open Log
14:58:38	Disconnected from CELL2
19/11/2004	Close Log

19/11/2004	Open Log
19/11/2004	Close Log

19/11/2004	Open Log
15:03:48	in	CELL1	Lathe BUSY
15:03:49	Disconnected from CELL2
19/11/2004	Close Log

19/11/2004	Open Log
19/11/2004	Close Log

19/11/2004	Open Log
15:13:34	Disconnected from CELL2
15:15:28	Disconnected from CELL1
19/11/2004	Close Log

19/11/2004	Open Log
19/11/2004	Close Log

19/11/2004	Open Log
15:23:14	Disconnected from CONVEYOR
15:23:14	Disconnected from ASRS
15:23:14	Disconnected from CELL1
15:23:14	Disconnected from CodeTag
15:23:14	Disconnected from CELL2
15:23:14	Disconnected from Delay
15:23:14	Disconnected from AGV
15:23:19	Disconnected from CELL3
15:23:38	Disconnected from CELL3
15:24:17	Disconnected from AGV
15:28:00	Disconnected from Delay
15:28:15	in	CELL1	Robot1 IDLE
15:28:35	Disconnected from AGV
15:29:32	Disconnected from VisionSystem
15:30:06	Disconnected from CELL3
15:32:11	Disconnected from CELL3
19/11/2004	Close Log

19/11/2004	Open Log
19/11/2004	Close Log

19/11/2004	Open Log
15:37:01	Disconnected from CONVEYOR
15:37:01	Disconnected from ASRS
15:37:01	Disconnected from CodeTag
15:37:01	Disconnected from CELL2
15:37:01	Disconnected from Delay
15:37:01	Disconnected from AGV
15:37:09	Disconnected from CELL3
15:38:41	Disconnected from CELL3
19/11/2004	Close Log

19/11/2004	Open Log
19/11/2004	Close Log

19/11/2004	Open Log
15:40:31	Disconnected from CONVEYOR
15:40:31	Disconnected from ASRS
15:40:31	Disconnected from CodeTag
15:40:31	Disconnected from CELL2
15:40:31	Disconnected from Delay
15:40:31	Disconnected from AGV
15:40:32	in	CELL3	Robot3 NOT CONNECTED
15:42:17	in	CELL2	Robot2 NOT CONNECTED
15:43:25	Disconnected from CONVEYOR
15:43:39	Disconnected from CONVEYOR
15:43:56	Disconnected from ASRS
15:44:29	Disconnected from ASRS
15:44:48	Disconnected from CodeTag
15:45:02	Disconnected from AGV
15:53:45	Disconnected from CodeTag
19/11/2004	Close Log

19/11/2004	Open Log
19/11/2004	Close Log

22/11/2004	Open Log
22/11/2004	Close Log

22/11/2004	Open Log
 9:46:30	Disconnected from CONVEYOR
 9:46:30	Disconnected from ASRS
 9:46:30	Disconnected from CELL1
 9:46:30	Disconnected from CodeTag
 9:46:30	Disconnected from CELL2
 9:46:30	Disconnected from Delay
 9:46:30	Disconnected from AGV
 9:46:31	Disconnected from CELL3
 9:47:15	Disconnected from CONVEYOR
 9:48:22	Disconnected from CONVEYOR
22/11/2004	Close Log

22/11/2004	Open Log
22/11/2004	Close Log

22/11/2004	Open Log
10:03:41	Disconnected from CONVEYOR
10:03:41	Disconnected from ASRS
10:03:42	Disconnected from CELL1
10:03:43	Disconnected from CodeTag
10:03:43	Disconnected from CELL2
10:03:43	Disconnected from Delay
10:03:43	Disconnected from AGV
10:03:46	in	CELL3	Robot3 IDLE
10:05:41	Disconnected from CONVEYOR
10:06:23	Disconnected from CONVEYOR
10:09:01	Disconnected from CONVEYOR
10:10:43	Disconnected from ASRS
10:14:34	Disconnected from CELL1
10:15:47	Disconnected from CELL1
10:17:03	Disconnected from CELL1
10:18:23	Disconnected from CELL1
10:19:26	Disconnected from CELL1
10:19:54	Disconnected from CodeTag
22/11/2004	Close Log

22/11/2004	Open Log
22/11/2004	Close Log

22/11/2004	Open Log
10:22:18	Disconnected from CELL1
10:22:18	Disconnected from CELL2
10:22:18	Disconnected from Delay
10:22:18	Disconnected from AGV
10:31:51	Disconnected from 
10:31:51	Disconnected from CELL1
10:43:43	in	CELL1	Robot1 IDLE
10:45:11	Disconnected from CELL2
10:45:26	Disconnected from CELL2
10:45:41	Disconnected from AGV
10:46:17	Disconnected from CELL2
10:46:48	Disconnected from CELL2
10:47:13	Disconnected from CELL2
10:47:34	Disconnected from CELL2
10:49:27	Disconnected from AGV
10:49:39	Disconnected from AGV
22/11/2004	Close Log

22/11/2004	Open Log
22/11/2004	Close Log

22/11/2004	Open Log
10:50:10	Disconnected from CELL2
10:50:10	Disconnected from Delay
10:50:10	Disconnected from AGV
10:50:48	Disconnected from CELL2
10:52:25	Disconnected from CELL2
10:52:51	Disconnected from CELL2
10:54:32	in	CELL2	Robot2 IDLE
10:55:43	Disconnected from 
10:55:43	Disconnected from AGV
22/11/2004	Close Log

22/11/2004	Open Log
22/11/2004	Close Log

22/11/2004	Open Log
22/11/2004	Close Log

22/11/2004	Open Log
11:48:07	Disconnected from CELL1
11:48:07	Disconnected from CELL2
11:48:07	Disconnected from Delay
11:48:08	in	CELL3	Robot3 IDLE
11:51:29	in	CELL1	Robot1 IDLE
11:51:42	in	CELL2	Robot2 IDLE
12:00:59	Disconnected from CELL2
12:00:59	Disconnected from CELL1
12:04:47	Disconnected from CELL1
12:05:11	Disconnected from CELL2
22/11/2004	Close Log

22/11/2004	Open Log
22/11/2004	Close Log

22/11/2004	Open Log
22/11/2004	Close Log

22/11/2004	Open Log
13:33:18	in	CELL1	Robot1 IDLE
13:33:18	in	CELL2	Robot2 IDLE
13:33:18	Disconnected from Delay
13:33:20	in	CELL3	Robot3 IDLE
13:54:57	Disconnected from CONVEYOR
13:54:57	Disconnected from ASRS
13:54:57	Disconnected from CELL1
13:54:57	Disconnected from CodeTag
13:54:57	Disconnected from CELL2
13:54:57	Disconnected from AGV
13:54:57	Disconnected from CELL3
22/11/2004	Close Log

22/11/2004	Open Log
22/11/2004	Close Log

23/11/2004	Open Log
23/11/2004	Close Log

23/11/2004	Open Log
 7:35:45	Disconnected from Delay
 7:35:45	in	CELL3	Robot3 IDLE
23/11/2004	Close Log

23/11/2004	Open Log
23/11/2004	Close Log

23/11/2004	Open Log
23/11/2004	Close Log

23/11/2004	Open Log
 7:51:03	Disconnected from Delay
 7:51:04	in	CELL3	IDLE C:\CIM\CELL3\BISHOP_C.SEQ
 9:08:23	START
 9:08:23	out	ASRS	DoCommand 1 PICK BISHOP PLACE CONVEYOR PICK CONVEYOR
 9:08:24	in	ASRS	BUSY 1 PICK BISHOP PLACE CONVEYOR PICK CONVEYOR
23/11/2004	Close Log

23/11/2004	Open Log
23/11/2004	Close Log

23/11/2004	Open Log
 9:56:18	Disconnected from Delay
 9:56:45	START
 9:56:45	out	ASRS	DoCommand 1 PICK BISHOP PLACE CONVEYOR PICK CONVEYOR
 9:58:08	in		Ready C:\CIM\CELL3\BISHOP_C.SEQ
 9:58:09	STOP
 9:58:15	in		Robot3 BUSY 2
 9:58:42	in		Robot3 IDLE 2
 9:58:42	in		CMM BUSY 1 BISHOP
 9:59:28	in		CMM IDLE 1 BISHOP
 9:59:29	in		Robot3 BUSY 3
 9:59:55	in		Robot3 IDLE 3
 9:59:56	in		IDLE C:\CIM\CELL3\BISHOP_C.SEQ
23/11/2004	Close Log

23/11/2004	Open Log
10:52:38	Disconnected from CONVEYOR
10:52:38	Disconnected from ASRS
10:52:38	Disconnected from CELL1
10:52:38	Disconnected from CodeTag
10:52:38	Disconnected from CELL2
10:52:38	Disconnected from Delay
10:52:38	Disconnected from AGV
10:52:39	Disconnected from CELL3
10:55:21	Disconnected from CONVEYOR
23/11/2004	Close Log

23/11/2004	Open Log
23/11/2004	Close Log

23/11/2004	Open Log
10:57:30	Disconnected from Delay
10:58:04	START
10:58:05	out	ASRS	DoCommand 1 PICK BISHOP PLACE CONVEYOR PICK CONVEYOR
10:58:28	STOP
23/11/2004	Close Log

23/11/2004	Open Log
11:00:18	Disconnected from Delay
11:00:43	in	ASRS	IDLE
11:01:03	in	ASRS	ERROR Unrecognised command
11:01:21	in	ASRS	IDLE
11:01:42	START
11:01:42	out	ASRS	DoCommand 1 PICK BISHOP PLACE CONVEYOR PICK CONVEYOR
11:01:43	in	ASRS	BUSY 1 PICK BISHOP PLACE CONVEYOR PICK CONVEYOR
23/11/2004	Close Log

25/11/2004	Open Log
25/11/2004	Close Log

25/11/2004	Open Log
13:49:17	in	CELL1	IDLE C:\CIM\CELL1\TEST_L.SEQ
13:49:17	in	CELL2	IDLE C:\CIM\CELL2\TEST_M.SEQ
13:49:17	Disconnected from Delay
25/11/2004	Close Log

25/11/2004	Open Log
25/11/2004	Close Log

25/11/2004	Open Log
25/11/2004	Close Log

25/11/2004	Open Log
13:58:07	Disconnected from Delay
13:58:25	START
13:58:25	out	ASRS	DoCommand 1 PICK  PLACE CONVEYOR PICK CONVEYOR
13:58:36	STOP
25/11/2004	Close Log

25/11/2004	Open Log
14:14:19	Disconnected from Delay
14:14:31	START
14:14:31	out	ASRS	DoCommand 1 PICK GBTEST PLACE CONVEYOR PICK CONVEYOR
14:14:32	in	ASRS	ERROR Unrecognised command
14:14:32	STOP
25/11/2004	Close Log

25/11/2004	Open Log
25/11/2004	Close Log

25/11/2004	Open Log
14:22:01	in	ASRS	IDLE
14:22:01	Disconnected from Delay
14:22:01	in	ASRS	IDLE
14:22:17	in	ASRS	LOCAL CONTROL ONLY
14:22:49	in	ASRS	IDLE
14:22:54	in	ASRS	LOCAL CONTROL ONLY
14:23:11	in	ASRS	IDLE
14:23:27	START
14:23:27	out	ASRS	DoCommand 1 PICK GBTEST PLACE CONVEYOR PICK CONVEYOR
14:23:28	in	ASRS	BUSY 1 PICK GBTEST PLACE CONVEYOR PICK CONVEYOR
14:24:27	in	ASRS	IDLE 1 PICK GBTEST PLACE CONVEYOR PICK CONVEYOR
14:24:27	out	CONVEYOR	DoCommand 3 gbtest 1 2 101
14:24:27	out	ASRS	DoCommand 1 PICK GBTEST PLACE CONVEYOR PICK CONVEYOR
14:24:28	in	CONVEYOR	BUSY 3 gbtest 1 2 101
14:24:28	in	ASRS	BUSY 1 PICK GBTEST PLACE CONVEYOR PICK CONVEYOR
14:24:28	in	CONVEYOR	IDLE 3 gbtest 1 2 101
14:24:28	out	CELL1	DoCommand test_l.SEQ
14:24:29	in	CELL1	Ready test_l.SEQ
14:24:30	in	CELL1	BUSY test_l.SEQ
14:24:30	in	CELL1	Lathe BUSY 1
14:24:31	in	CELL1	Lathe IDLE 1
14:24:31	in	CELL1	Robot1 BUSY 1
14:24:41	in	CELL1	Robot1 IDLE 1
14:24:42	in	CELL1	Lathe BUSY 2
14:24:44	in	CELL1	Lathe IDLE 2
14:24:44	in	CELL1	Robot1 BUSY 2
14:24:48	in	CELL1	Robot1 IDLE 2
14:24:48	in	CELL1	Lathe BUSY 5 TEST_l.FNC
14:24:49	in	CELL1	Lathe IDLE 5 TEST_l.FNC
14:24:49	in	CELL1	Lathe BUSY 3
14:25:00	in	CELL1	Lathe IDLE 3
14:25:01	in	CELL1	Robot1 BUSY 3
14:25:05	in	CELL1	Robot1 IDLE 3
14:25:06	in	CELL1	Lathe BUSY 1
14:25:07	in	CELL1	Lathe IDLE 1
14:25:08	in	CELL1	Robot1 BUSY 4
14:25:15	in	ASRS	IDLE 1 PICK GBTEST PLACE CONVEYOR PICK CONVEYOR
14:25:15	out	CONVEYOR	DoCommand 3 gbtest 1 2 102
14:25:15	in	CONVEYOR	BUSY 3 gbtest 1 2 102
14:25:18	in	CELL1	Robot1 IDLE 4
14:25:18	in	CELL1	Lathe BUSY 1
14:25:19	in	CELL1	Lathe IDLE 1
14:25:19	in	CELL1	Robot1 BUSY 5
14:25:31	in	CELL1	Robot1 IDLE 5
14:25:31	in	CELL1	Lathe BUSY 2
14:25:32	in	CELL1	Lathe IDLE 2
14:25:33	in	CELL1	Robot1 BUSY 2
14:25:37	in	CELL1	Robot1 IDLE 2
14:25:38	in	CELL1	Lathe BUSY 5 TEST_l.FNC
14:25:38	in	CELL1	Lathe IDLE 5 TEST_l.FNC
14:25:39	in	CELL1	Lathe BUSY 3
14:25:49	in	CELL1	Lathe IDLE 3
14:25:49	in	CELL1	Robot1 BUSY 3
14:25:54	in	CELL1	Robot1 IDLE 3
14:25:55	in	CELL1	Lathe BUSY 1
14:25:57	in	CELL1	Lathe IDLE 1
14:25:57	in	CELL1	Robot1 BUSY 6
14:26:09	in	CELL1	Robot1 IDLE 6
14:26:10	in	CELL1	IDLE test_l.SEQ
14:26:10	out	CONVEYOR	DoCommand 3 gbtest 2 3 101
14:26:10	in	CONVEYOR	BUSY 3 gbtest 2 3 101
14:26:13	in	CONVEYOR	IDLE 3 gbtest 1 2 102
14:26:13	out	CELL1	DoCommand test_l.SEQ
14:26:14	in	CELL1	Ready test_l.SEQ
14:26:15	in	CELL1	BUSY test_l.SEQ
14:26:15	in	CELL1	Lathe BUSY 1
14:26:15	in	CELL1	Lathe IDLE 1
14:26:16	in	CELL1	Robot1 BUSY 1
14:26:25	in	CONVEYOR	IDLE 3 gbtest 2 3 101
14:26:25	out	CELL2	DoCommand test_m.SEQ
14:26:26	in	CELL2	Ready test_m.SEQ
14:26:27	in	CELL2	BUSY test_m.SEQ
14:26:27	in	CELL1	Robot1 IDLE 1
14:26:27	in	CELL2	Miller BUSY 1
14:26:28	in	CELL1	Lathe BUSY 2
14:26:28	in	CELL2	Miller IDLE 1
14:26:28	in	CELL2	Robot2 BUSY 1
14:26:28	in	CELL1	Lathe IDLE 2
14:26:29	in	CELL1	Robot1 BUSY 2
14:26:34	in	CELL1	Robot1 IDLE 2
14:26:34	in	CELL1	Lathe BUSY 5 TEST_l.FNC
14:26:34	in	CELL1	Lathe IDLE 5 TEST_l.FNC
14:26:35	in	CELL1	Lathe BUSY 3
14:26:45	in	CELL1	Lathe IDLE 3
14:26:45	in	CELL1	Robot1 BUSY 3
14:26:48	in	CELL2	Robot2 IDLE 1
14:26:49	in	CELL2	Miller BUSY 2
14:26:49	in	CELL2	Miller IDLE 2
14:26:50	in	CELL2	Miller BUSY 5 TEST_m.FNC
14:26:50	in	CELL2	Miller IDLE 5 TEST_m.FNC
14:26:50	in	CELL2	Miller BUSY 3
14:26:50	in	CELL1	Robot1 IDLE 3
14:26:51	in	CELL1	Lathe BUSY 1
14:26:53	in	CELL1	Lathe IDLE 1
14:26:54	in	CELL1	Robot1 BUSY 4
14:27:03	in	CELL1	Robot1 IDLE 4
14:27:03	in	CELL1	Lathe BUSY 1
14:27:03	in	CELL2	Miller IDLE 3
14:27:04	in	CELL1	Lathe IDLE 1
14:27:04	in	CELL2	Miller BUSY 1
14:27:05	in	CELL1	Robot1 BUSY 5
14:27:05	in	CELL2	Miller IDLE 1
14:27:06	in	CELL2	Robot2 BUSY 2
14:27:16	in	CELL1	Robot1 IDLE 5
14:27:17	in	CELL1	Lathe BUSY 2
14:27:19	in	CELL1	Lathe IDLE 2
14:27:20	in	CELL1	Robot1 BUSY 2
14:27:23	in	CELL1	Robot1 IDLE 2
14:27:24	in	CELL1	Lathe BUSY 5 TEST_l.FNC
14:27:24	in	CELL1	Lathe IDLE 5 TEST_l.FNC
14:27:24	in	CELL1	Lathe BUSY 3
14:27:25	in	CELL2	Robot2 IDLE 2
14:27:26	in	CELL2	IDLE test_m.SEQ
14:27:26	out	CONVEYOR	DoCommand 3 gbtest 3 4 101
14:27:26	in	CONVEYOR	BUSY 3 gbtest 3 4 101
14:27:35	in	CELL1	Lathe IDLE 3
14:27:35	in	CELL1	Robot1 BUSY 3
14:27:41	in	CONVEYOR	IDLE 3 gbtest 3 4 101
14:27:41	in	CELL1	Robot1 IDLE 3
14:27:41	out	ASRS	DoCommand 1 PLACE Conveyor
14:27:42	in	CELL1	Lathe BUSY 1
14:27:42	in	ASRS	BUSY 1 PLACE Conveyor
14:27:42	in	CELL1	Lathe IDLE 1
14:27:43	in	CELL1	Robot1 BUSY 6
14:27:55	in	CELL1	Robot1 IDLE 6
14:27:56	in	CELL1	IDLE test_l.SEQ
14:27:56	out	CONVEYOR	DoCommand 3 gbtest 2 3 102
14:27:56	in	CONVEYOR	BUSY 3 gbtest 2 3 102
14:28:11	in	CONVEYOR	IDLE 3 gbtest 2 3 102
14:28:11	out	CELL2	DoCommand test_m.SEQ
14:28:12	in	CELL2	Ready test_m.SEQ
14:28:13	in	CELL2	BUSY test_m.SEQ
14:28:13	in	CELL2	Miller BUSY 1
14:28:13	in	CELL2	Miller IDLE 1
14:28:14	in	CELL2	Robot2 BUSY 1
14:28:33	in	CELL2	Robot2 IDLE 1
14:28:33	in	CELL2	Miller BUSY 2
14:28:35	in	CELL2	Miller IDLE 2
14:28:35	in	CELL2	Miller BUSY 5 TEST_m.FNC
14:28:35	in	CELL2	Miller IDLE 5 TEST_m.FNC
14:28:36	in	CELL2	Miller BUSY 3
14:28:49	in	CELL2	Miller IDLE 3
14:28:50	in	CELL2	Miller BUSY 1
14:28:51	in	CELL2	Miller IDLE 1
14:28:51	in	CELL2	Robot2 BUSY 2
14:29:12	in	CELL2	Robot2 IDLE 2
14:29:12	in	CELL2	IDLE test_m.SEQ
14:29:13	out	CONVEYOR	DoCommand 3 gbtest 3 4 102
14:29:13	in	CONVEYOR	BUSY 3 gbtest 3 4 102
14:30:03	in	ASRS	IDLE 1 PLACE Conveyor
14:30:03	out	CONVEYOR	DoCommand 3 gbtest 4 1 101
14:30:03	in	CONVEYOR	BUSY 3 gbtest 4 1 101
14:30:23	in	CONVEYOR	IDLE 3 gbtest 4 1 101
14:30:23	out	ASRS	DoCommand 1 PICK Conveyor PLACE GBTEST
14:30:24	in	ASRS	BUSY 1 PICK Conveyor PLACE GBTEST
14:30:50	in	ASRS	IDLE 1 PICK Conveyor PLACE GBTEST
25/11/2004	Close Log

25/11/2004	Open Log
25/11/2004	Close Log

25/11/2004	Open Log
25/11/2004	Close Log

25/11/2004	Open Log
25/11/2004	Close Log

25/11/2004	Open Log
14:50:45	Disconnected from Delay
14:52:24	START
14:52:24	out	ASRS	DoCommand 1 PICK GBTEST PLACE CONVEYOR PICK CONVEYOR
14:52:25	in	ASRS	BUSY 1 PICK GBTEST PLACE CONVEYOR PICK CONVEYOR
14:53:06	in	ASRS	IDLE 1 PICK GBTEST PLACE CONVEYOR PICK CONVEYOR
14:53:06	out	CONVEYOR	DoCommand 3 gbtest 1 2 101
14:53:06	out	ASRS	DoCommand 1 PICK GBTEST PLACE CONVEYOR PICK CONVEYOR
14:53:07	in	CONVEYOR	BUSY 3 gbtest 1 2 101
14:53:07	in	ASRS	BUSY 1 PICK GBTEST PLACE CONVEYOR PICK CONVEYOR
14:53:07	in	CONVEYOR	IDLE 3 gbtest 1 2 101
14:53:07	out	CELL1	DoCommand test_l.SEQ
14:53:08	in	CELL1	Ready test_l.SEQ
14:53:09	in	CELL1	BUSY test_l.SEQ
14:53:09	in	CELL1	Lathe BUSY 1
14:53:09	in	CELL1	Lathe IDLE 1
14:53:10	in	CELL1	Robot1 BUSY 1
14:53:20	in	CELL1	Robot1 IDLE 1
14:53:20	in	CELL1	Lathe BUSY 2
14:53:23	in	CELL1	Lathe IDLE 2
14:53:24	in	CELL1	Robot1 BUSY 2
14:53:27	in	CELL1	Robot1 IDLE 2
14:53:28	in	CELL1	Lathe BUSY 5 TEST_l.FNC
14:53:28	in	CELL1	Lathe IDLE 5 TEST_l.FNC
14:53:28	in	CELL1	Lathe BUSY 3
14:53:39	in	CELL1	Lathe IDLE 3
14:53:39	in	CELL1	Robot1 BUSY 3
14:53:45	in	CELL1	Robot1 IDLE 3
14:53:46	in	CELL1	Lathe BUSY 1
14:53:46	in	CELL1	Lathe IDLE 1
14:53:47	in	ASRS	IDLE 1 PICK GBTEST PLACE CONVEYOR PICK CONVEYOR
14:53:47	in	CELL1	Robot1 BUSY 4
14:53:47	out	CONVEYOR	DoCommand 3 gbtest 1 2 102
14:53:47	in	CONVEYOR	BUSY 3 gbtest 1 2 102
14:53:57	in	CELL1	Robot1 IDLE 4
14:53:58	in	CELL1	Lathe BUSY 1
14:53:58	in	CELL1	Lathe IDLE 1
14:53:58	in	CELL1	Robot1 BUSY 5
14:54:10	in	CELL1	Robot1 IDLE 5
14:54:11	in	CELL1	Lathe BUSY 2
14:54:11	in	CELL1	Lathe IDLE 2
14:54:12	in	CELL1	Robot1 BUSY 2
14:54:16	in	CELL1	Robot1 IDLE 2
14:54:16	in	CELL1	Lathe BUSY 5 TEST_l.FNC
14:54:17	in	CELL1	Lathe IDLE 5 TEST_l.FNC
14:54:17	in	CELL1	Lathe BUSY 3
14:54:28	in	CELL1	Lathe IDLE 3
14:54:29	in	CELL1	Robot1 BUSY 3
14:54:33	in	CELL1	Robot1 IDLE 3
14:54:34	in	CELL1	Lathe BUSY 1
14:54:35	in	CELL1	Lathe IDLE 1
14:54:36	in	CELL1	Robot1 BUSY 6
14:54:48	in	CELL1	Robot1 IDLE 6
14:54:49	in	CELL1	IDLE test_l.SEQ
14:54:49	out	CONVEYOR	DoCommand 3 gbtest 2 3 101
14:54:49	in	CONVEYOR	BUSY 3 gbtest 2 3 101
14:54:52	in	CONVEYOR	IDLE 3 gbtest 1 2 102
14:54:52	out	CELL1	DoCommand test_l.SEQ
14:54:53	in	CELL1	Ready test_l.SEQ
14:54:54	in	CELL1	BUSY test_l.SEQ
14:54:54	in	CELL1	Lathe BUSY 1
14:54:55	in	CELL1	Lathe IDLE 1
14:54:55	in	CELL1	Robot1 BUSY 1
14:55:04	in	CONVEYOR	IDLE 3 gbtest 2 3 101
14:55:04	out	CELL2	DoCommand test_m.SEQ
14:55:05	in	CELL2	Ready test_m.SEQ
14:55:06	in	CELL2	BUSY test_m.SEQ
14:55:06	in	CELL1	Robot1 IDLE 1
14:55:07	in	CELL2	Miller BUSY 1
14:55:07	in	CELL1	Lathe BUSY 2
14:55:07	in	CELL2	Miller IDLE 1
14:55:08	in	CELL2	Robot2 BUSY 1
14:55:08	in	CELL1	Lathe IDLE 2
14:55:08	in	CELL1	Robot1 BUSY 2
14:55:12	in	CELL1	Robot1 IDLE 2
14:55:12	in	CELL1	Lathe BUSY 5 TEST_l.FNC
14:55:13	in	CELL1	Lathe IDLE 5 TEST_l.FNC
14:55:13	in	CELL1	Lathe BUSY 3
14:55:24	in	CELL1	Lathe IDLE 3
14:55:24	in	CELL1	Robot1 BUSY 3
14:55:27	in	CELL2	Robot2 IDLE 1
14:55:27	in	CELL2	Miller BUSY 2
14:55:28	in	CELL2	Miller IDLE 2
14:55:29	in	CELL2	Miller BUSY 5 TEST_m.FNC
14:55:29	in	CELL2	Miller IDLE 5 TEST_m.FNC
14:55:29	in	CELL2	Miller BUSY 3
14:55:29	in	CELL1	Robot1 IDLE 3
14:55:30	in	CELL1	Lathe BUSY 1
14:55:31	in	CELL1	Lathe IDLE 1
14:55:32	in	CELL1	Robot1 BUSY 4
14:55:42	in	CELL1	Robot1 IDLE 4
14:55:43	in	CELL1	Lathe BUSY 1
14:55:43	in	CELL2	Miller IDLE 3
14:55:43	in	CELL2	Miller BUSY 1
14:55:43	in	CELL1	Lathe IDLE 1
14:55:44	in	CELL1	Robot1 BUSY 5
14:55:44	in	CELL2	Miller IDLE 1
14:55:45	in	CELL2	Robot2 BUSY 2
14:55:56	in	CELL1	Robot1 IDLE 5
14:55:56	in	CELL1	Lathe BUSY 2
14:55:57	in	CELL1	Lathe IDLE 2
14:55:58	in	CELL1	Robot1 BUSY 2
14:56:02	in	CELL1	Robot1 IDLE 2
14:56:03	in	CELL1	Lathe BUSY 5 TEST_l.FNC
14:56:03	in	CELL1	Lathe IDLE 5 TEST_l.FNC
14:56:04	in	CELL1	Lathe BUSY 3
14:56:04	in	CELL2	Robot2 IDLE 2
14:56:05	in	CELL2	IDLE test_m.SEQ
14:56:05	out	CONVEYOR	DoCommand 3 gbtest 3 6 101
14:56:05	in	CONVEYOR	BUSY 3 gbtest 3 6 101
14:56:14	in	CELL1	Lathe IDLE 3
14:56:14	in	CELL1	Robot1 BUSY 3
14:56:19	in	CELL1	Robot1 IDLE 3
14:56:20	in	CELL1	Lathe BUSY 1
14:56:21	in	CELL1	Lathe IDLE 1
14:56:22	in	CELL1	Robot1 BUSY 6
14:56:34	in	CELL1	Robot1 IDLE 6
14:56:35	in	CELL1	IDLE test_l.SEQ
14:56:35	out	CONVEYOR	DoCommand 3 gbtest 2 3 102
14:56:35	in	CONVEYOR	BUSY 3 gbtest 2 3 102
14:56:48	in	CONVEYOR	IDLE 3 gbtest 2 3 102
14:56:48	out	CELL2	DoCommand test_m.SEQ
14:56:49	in	CELL2	Ready test_m.SEQ
14:56:50	in	CELL2	BUSY test_m.SEQ
14:56:50	in	CELL2	Miller BUSY 1
14:56:51	in	CELL2	Miller IDLE 1
14:56:51	in	CELL2	Robot2 BUSY 1
14:57:11	in	CELL2	Robot2 IDLE 1
14:57:11	in	CELL2	Miller BUSY 2
14:57:12	in	CELL2	Miller IDLE 2
14:57:13	in	CELL2	Miller BUSY 5 TEST_m.FNC
14:57:13	in	CELL2	Miller IDLE 5 TEST_m.FNC
14:57:13	in	CELL2	Miller BUSY 3
14:57:27	in	CELL2	Miller IDLE 3
14:57:27	in	CELL2	Miller BUSY 1
14:57:29	in	CELL2	Miller IDLE 1
14:57:29	in	CELL2	Robot2 BUSY 2
14:57:37	STOP
14:57:48	in	CELL2	Robot2 IDLE 2
14:57:49	in	CELL2	IDLE test_m.SEQ
25/11/2004	Close Log

25/11/2004	Open Log
25/11/2004	Close Log

25/11/2004	Open Log
15:02:28	Disconnected from Delay
15:02:50	START
15:02:50	out	ASRS	DoCommand 1 PICK GBTEST PLACE CONVEYOR PICK CONVEYOR
15:02:50	in	ASRS	BUSY 1 PICK GBTEST PLACE CONVEYOR PICK CONVEYOR
15:03:35	in	ASRS	IDLE 1 PICK GBTEST PLACE CONVEYOR PICK CONVEYOR
15:03:35	out	CONVEYOR	DoCommand 3 gbtest 1 2 101
15:03:35	out	ASRS	DoCommand 1 PICK GBTEST PLACE CONVEYOR PICK CONVEYOR
15:03:36	in	CONVEYOR	BUSY 3 gbtest 1 2 101
15:03:36	in	ASRS	BUSY 1 PICK GBTEST PLACE CONVEYOR PICK CONVEYOR
15:03:36	in	CONVEYOR	IDLE 3 gbtest 1 2 101
15:03:36	out	CELL1	DoCommand test_l.SEQ
15:03:37	in	CELL1	Ready test_l.SEQ
15:03:38	in	CELL1	BUSY test_l.SEQ
15:03:38	in	CELL1	Lathe BUSY 1
15:03:39	in	CELL1	Lathe IDLE 1
15:03:39	in	CELL1	Robot1 BUSY 1
15:03:49	in	CELL1	Robot1 IDLE 1
15:03:50	in	CELL1	Lathe BUSY 2
15:03:52	in	CELL1	Lathe IDLE 2
15:03:52	in	CELL1	Robot1 BUSY 2
15:03:56	in	CELL1	Robot1 IDLE 2
15:03:57	in	CELL1	Lathe BUSY 5 TEST_l.FNC
15:03:57	in	CELL1	Lathe IDLE 5 TEST_l.FNC
15:03:57	in	CELL1	Lathe BUSY 3
15:04:07	in	CELL1	Lathe IDLE 3
15:04:08	in	CELL1	Robot1 BUSY 3
15:04:14	in	CELL1	Robot1 IDLE 3
15:04:14	in	CELL1	Lathe BUSY 1
15:04:15	in	CELL1	Lathe IDLE 1
15:04:16	in	CELL1	Robot1 BUSY 4
15:04:17	in	ASRS	ERROR received from device
15:04:17	STOP
15:04:26	in	CELL1	Robot1 IDLE 4
15:04:27	in	CELL1	Lathe BUSY 1
15:04:27	in	CELL1	Lathe IDLE 1
15:04:27	in	CELL1	Robot1 BUSY 5
15:04:39	in	CELL1	Robot1 IDLE 5
15:04:40	in	CELL1	Lathe BUSY 2
15:04:40	in	CELL1	Lathe IDLE 2
15:04:41	in	CELL1	Robot1 BUSY 2
15:04:45	in	CELL1	Robot1 IDLE 2
15:04:45	in	CELL1	Lathe BUSY 5 TEST_l.FNC
15:04:46	in	CELL1	Lathe IDLE 5 TEST_l.FNC
15:04:46	in	CELL1	Lathe BUSY 3
15:04:57	in	CELL1	Lathe IDLE 3
15:04:57	in	CELL1	Robot1 BUSY 3
15:05:02	in	CELL1	Robot1 IDLE 3
15:05:03	in	CELL1	Lathe BUSY 1
15:05:05	in	CELL1	Lathe IDLE 1
15:05:06	in	CELL1	Robot1 BUSY 6
15:05:17	in	CELL1	Robot1 IDLE 6
15:05:18	in	CELL1	IDLE test_l.SEQ
15:05:54	in	ASRS	IDLE
25/11/2004	Close Log

25/11/2004	Open Log
25/11/2004	Close Log

25/11/2004	Open Log
15:07:47	Disconnected from Delay
15:08:39	START
15:08:39	out	ASRS	DoCommand 1 PICK GBTEST PLACE CONVEYOR PICK CONVEYOR
15:08:40	in	ASRS	BUSY 1 PICK GBTEST PLACE CONVEYOR PICK CONVEYOR
15:09:26	in	ASRS	IDLE 1 PICK GBTEST PLACE CONVEYOR PICK CONVEYOR
15:09:26	out	CONVEYOR	DoCommand 3 gbtest 1 2 101
15:09:26	out	ASRS	DoCommand 1 PICK GBTEST PLACE CONVEYOR PICK CONVEYOR
15:09:27	in	ASRS	BUSY 1 PICK GBTEST PLACE CONVEYOR PICK CONVEYOR
15:09:27	in	CONVEYOR	BUSY 3 gbtest 1 2 101
15:09:27	in	CONVEYOR	IDLE 3 gbtest 1 2 101
15:09:28	out	CELL1	DoCommand test_l.SEQ
15:09:29	in	CELL1	Ready test_l.SEQ
15:09:30	in	CELL1	BUSY test_l.SEQ
15:09:30	in	CELL1	Lathe BUSY 1
15:09:30	in	CELL1	Lathe IDLE 1
15:09:31	in	CELL1	Robot1 BUSY 1
15:09:41	in	CELL1	Robot1 IDLE 1
15:09:42	in	CELL1	Lathe BUSY 2
15:09:43	in	CELL1	Lathe IDLE 2
15:09:44	in	CELL1	Robot1 BUSY 2
15:09:48	in	CELL1	Robot1 IDLE 2
15:09:48	in	CELL1	Lathe BUSY 5 TEST_l.FNC
15:09:49	in	CELL1	Lathe IDLE 5 TEST_l.FNC
15:09:49	in	CELL1	Lathe BUSY 3
15:10:00	in	CELL1	Lathe IDLE 3
15:10:00	in	CELL1	Robot1 BUSY 3
15:10:05	in	CELL1	Robot1 IDLE 3
15:10:06	in	CELL1	Lathe BUSY 1
15:10:07	in	CELL1	Lathe IDLE 1
15:10:08	in	CELL1	Robot1 BUSY 4
15:10:12	in	ASRS	IDLE 1 PICK GBTEST PLACE CONVEYOR PICK CONVEYOR
15:10:12	out	CONVEYOR	DoCommand 3 gbtest 1 2 102
15:10:12	in	CONVEYOR	BUSY 3 gbtest 1 2 102
15:10:18	in	CELL1	Robot1 IDLE 4
15:10:18	in	CELL1	Lathe BUSY 1
15:10:19	in	CELL1	Lathe IDLE 1
15:10:19	in	CELL1	Robot1 BUSY 5
15:10:31	in	CELL1	Robot1 IDLE 5
15:10:31	in	CELL1	Lathe BUSY 2
15:10:32	in	CELL1	Lathe IDLE 2
15:10:33	in	CELL1	Robot1 BUSY 2
15:10:37	in	CELL1	Robot1 IDLE 2
15:10:38	in	CELL1	Lathe BUSY 5 TEST_l.FNC
15:10:38	in	CELL1	Lathe IDLE 5 TEST_l.FNC
15:10:39	in	CELL1	Lathe BUSY 3
15:10:48	in	CELL1	Lathe IDLE 3
15:10:49	in	CELL1	Robot1 BUSY 3
15:10:54	in	CELL1	Robot1 IDLE 3
15:10:55	in	CELL1	Lathe BUSY 1
15:10:57	in	CELL1	Lathe IDLE 1
15:10:57	in	CELL1	Robot1 BUSY 6
15:11:09	in	CELL1	Robot1 IDLE 6
15:11:10	in	CELL1	IDLE test_l.SEQ
15:11:10	out	CONVEYOR	DoCommand 3 gbtest 2 3 101
15:11:10	in	CONVEYOR	BUSY 3 gbtest 2 3 101
15:11:13	in	CONVEYOR	IDLE 3 gbtest 1 2 102
15:11:14	out	CELL1	DoCommand test_l.SEQ
15:11:15	in	CELL1	Ready test_l.SEQ
15:11:16	in	CELL1	BUSY test_l.SEQ
15:11:16	in	CELL1	Lathe BUSY 1
15:11:17	in	CELL1	Lathe IDLE 1
15:11:18	in	CELL1	Robot1 BUSY 1
15:11:25	in	CONVEYOR	IDLE 3 gbtest 2 3 101
15:11:26	out	CELL2	DoCommand test_m.SEQ
15:11:27	in	CELL2	Ready test_m.SEQ
15:11:28	in	CELL2	BUSY test_m.SEQ
15:11:28	in	CELL1	Robot1 IDLE 1
15:11:28	in	CELL2	Miller BUSY 1
15:11:28	in	CELL1	Lathe BUSY 2
15:11:29	in	CELL2	Miller IDLE 1
15:11:29	in	CELL1	Lathe IDLE 2
15:11:30	in	CELL2	Robot2 BUSY 1
15:11:30	in	CELL1	Robot1 BUSY 2
15:11:34	in	CELL1	Robot1 IDLE 2
15:11:35	in	CELL1	Lathe BUSY 5 TEST_l.FNC
15:11:35	in	CELL1	Lathe IDLE 5 TEST_l.FNC
15:11:36	in	CELL1	Lathe BUSY 3
15:11:46	in	CELL1	Lathe IDLE 3
15:11:46	in	CELL1	Robot1 BUSY 3
15:11:49	in	CELL2	Robot2 IDLE 1
15:11:49	in	CELL2	Miller BUSY 2
15:11:51	in	CELL2	Miller IDLE 2
15:11:51	in	CELL2	Miller BUSY 5 TEST_m.FNC
15:11:51	in	CELL2	Miller IDLE 5 TEST_m.FNC
15:11:51	in	CELL1	Robot1 IDLE 3
15:11:52	in	CELL2	Miller BUSY 3
15:11:52	in	CELL1	Lathe BUSY 1
15:11:53	in	CELL1	Lathe IDLE 1
15:11:54	in	CELL1	Robot1 BUSY 4
15:12:05	in	CELL1	Robot1 IDLE 4
15:12:05	in	CELL1	Lathe BUSY 1
15:12:05	in	CELL2	Miller IDLE 3
15:12:05	in	CELL1	Lathe IDLE 1
15:12:06	in	CELL2	Miller BUSY 1
15:12:06	in	CELL1	Robot1 BUSY 5
15:12:06	in	CELL2	Miller IDLE 1
15:12:07	in	CELL2	Robot2 BUSY 2
15:12:17	in	CELL1	Robot1 IDLE 5
15:12:18	in	CELL1	Lathe BUSY 2
15:12:19	in	CELL1	Lathe IDLE 2
15:12:20	in	CELL1	Robot1 BUSY 2
15:12:24	in	CELL1	Robot1 IDLE 2
15:12:24	in	CELL1	Lathe BUSY 5 TEST_l.FNC
15:12:25	in	CELL1	Lathe IDLE 5 TEST_l.FNC
15:12:25	in	CELL1	Lathe BUSY 3
15:12:27	in	CELL2	Robot2 IDLE 2
15:12:28	in	CELL2	IDLE test_m.SEQ
15:12:28	out	CONVEYOR	DoCommand 3 gbtest 3 6 101
15:12:28	in	CONVEYOR	BUSY 3 gbtest 3 6 101
15:12:36	in	CELL1	Lathe IDLE 3
15:12:36	in	CELL1	Robot1 BUSY 3
15:12:41	in	CELL1	Robot1 IDLE 3
15:12:42	in	CELL1	Lathe BUSY 1
15:12:43	in	CELL1	Lathe IDLE 1
15:12:44	in	CELL1	Robot1 BUSY 6
15:12:56	in	CELL1	Robot1 IDLE 6
15:12:57	in	CELL1	IDLE test_l.SEQ
15:12:57	out	CONVEYOR	DoCommand 3 gbtest 2 3 102
15:12:57	in	CONVEYOR	BUSY 3 gbtest 2 3 102
15:13:03	in	CONVEYOR	IDLE 3 gbtest 3 6 101
15:13:04	out	ASRS	DoCommand 1 PLACE Conveyor
15:13:05	in	ASRS	BUSY 1 PLACE Conveyor
15:13:09	in	ASRS	IDLE 1 PLACE Conveyor
15:13:09	out	CONVEYOR	DoCommand 3 gbtest 6 1 101
15:13:09	in	CONVEYOR	BUSY 3 gbtest 6 1 101
15:13:12	in	CONVEYOR	IDLE 3 gbtest 2 3 102
15:13:13	out	CELL2	DoCommand test_m.SEQ
15:13:14	in	CELL2	Ready test_m.SEQ
15:13:15	in	CELL2	BUSY test_m.SEQ
15:13:15	in	CELL2	Miller BUSY 1
15:13:15	in	CELL2	Miller IDLE 1
15:13:16	in	CELL2	Robot2 BUSY 1
15:13:18	in	CONVEYOR	IDLE 3 gbtest 6 1 101
15:13:19	out	ASRS	DoCommand 1 PICK Conveyor PLACE GBTEST
15:13:20	in	ASRS	BUSY 1 PICK Conveyor PLACE GBTEST
15:13:36	in	CELL2	Robot2 IDLE 1
15:13:37	in	CELL2	Miller BUSY 2
15:13:37	in	CELL2	Miller IDLE 2
15:13:37	in	CELL2	Miller BUSY 5 TEST_m.FNC
15:13:38	in	CELL2	Miller IDLE 5 TEST_m.FNC
15:13:38	in	CELL2	Miller BUSY 3
15:13:45	in	ASRS	IDLE 1 PICK Conveyor PLACE GBTEST
15:13:51	in	CELL2	Miller IDLE 3
15:13:52	in	CELL2	Miller BUSY 1
15:13:53	in	CELL2	Miller IDLE 1
15:13:54	in	CELL2	Robot2 BUSY 2
15:14:13	in	CELL2	Robot2 IDLE 2
15:14:14	in	CELL2	IDLE test_m.SEQ
15:14:14	out	CONVEYOR	DoCommand 3 gbtest 3 6 102
15:14:14	in	CONVEYOR	BUSY 3 gbtest 3 6 102
15:14:49	in	CONVEYOR	IDLE 3 gbtest 3 6 102
15:14:50	out	ASRS	DoCommand 1 PLACE Conveyor
15:14:51	in	ASRS	BUSY 1 PLACE Conveyor
15:15:09	in	ASRS	IDLE 1 PLACE Conveyor
15:15:09	out	CONVEYOR	DoCommand 3 gbtest 6 1 102
15:15:09	in	CONVEYOR	BUSY 3 gbtest 6 1 102
15:15:18	in	CONVEYOR	IDLE 3 gbtest 6 1 102
15:15:19	out	ASRS	DoCommand 1 PICK Conveyor PLACE GBTEST
15:15:20	in	ASRS	BUSY 1 PICK Conveyor PLACE GBTEST
15:15:43	in	ASRS	IDLE 1 PICK Conveyor PLACE GBTEST
15:15:43	STOP
15:15:55	in	ASRS	LOCAL CONTROL ONLY
25/11/2004	Close Log

25/11/2004	Open Log
15:19:32	in	ASRS	IDLE
15:19:32	Disconnected from Delay
15:20:01	START
15:20:01	out	ASRS	DoCommand 1 PICK GBTEST PLACE CONVEYOR PICK CONVEYOR
15:20:01	in	ASRS	BUSY 1 PICK GBTEST PLACE CONVEYOR PICK CONVEYOR
15:20:24	in	ASRS	IDLE 1 PICK GBTEST PLACE CONVEYOR PICK CONVEYOR
15:20:24	out	CONVEYOR	DoCommand 3 gbtest 1 2 101
15:20:24	out	ASRS	DoCommand 1 PICK GBTEST PLACE CONVEYOR PICK CONVEYOR
15:20:25	in	CONVEYOR	BUSY 3 gbtest 1 2 101
15:20:25	in	ASRS	BUSY 1 PICK GBTEST PLACE CONVEYOR PICK CONVEYOR
15:20:27	in	CONVEYOR	IDLE 3 gbtest 1 2 101
15:20:28	out	CELL1	DoCommand test_l.SEQ
15:20:29	in	CELL1	Ready test_l.SEQ
15:20:30	in	CELL1	BUSY test_l.SEQ
15:20:30	in	CELL1	Lathe BUSY 1
15:20:30	in	CELL1	Lathe IDLE 1
15:20:31	in	CELL1	Robot1 BUSY 1
15:20:41	in	CELL1	Robot1 IDLE 1
15:20:42	in	CELL1	Lathe BUSY 2
15:20:43	in	CELL1	Lathe IDLE 2
15:20:44	in	CELL1	Robot1 BUSY 2
15:20:47	in	ASRS	IDLE 1 PICK GBTEST PLACE CONVEYOR PICK CONVEYOR
15:20:48	out	CONVEYOR	DoCommand 3 gbtest 1 2 102
15:20:48	in	CONVEYOR	BUSY 3 gbtest 1 2 102
15:20:48	in	CELL1	Robot1 IDLE 2
15:20:49	in	CELL1	Lathe BUSY 5 TEST_l.FNC
15:20:49	in	CELL1	Lathe IDLE 5 TEST_l.FNC
15:20:50	in	CELL1	Lathe BUSY 3
15:20:59	in	CELL1	Lathe IDLE 3
15:21:00	in	CELL1	Robot1 BUSY 3
15:21:05	in	CELL1	Robot1 IDLE 3
15:21:06	in	CELL1	Lathe BUSY 1
15:21:08	in	CELL1	Lathe IDLE 1
15:21:08	in	CELL1	Robot1 BUSY 4
15:21:18	in	CELL1	Robot1 IDLE 4
15:21:18	in	CELL1	Lathe BUSY 1
15:21:19	in	CELL1	Lathe IDLE 1
15:21:19	in	CELL1	Robot1 BUSY 5
15:21:30	in	CELL1	Robot1 IDLE 5
15:21:31	in	CELL1	Lathe BUSY 2
15:21:33	in	CELL1	Lathe IDLE 2
15:21:33	in	CELL1	Robot1 BUSY 2
15:21:37	in	CELL1	Robot1 IDLE 2
15:21:38	in	CELL1	Lathe BUSY 5 TEST_l.FNC
15:21:38	in	CELL1	Lathe IDLE 5 TEST_l.FNC
15:21:38	in	CELL1	Lathe BUSY 3
15:21:48	in	CELL1	Lathe IDLE 3
15:21:49	in	CELL1	Robot1 BUSY 3
15:21:55	in	CELL1	Robot1 IDLE 3
15:21:55	in	CELL1	Lathe BUSY 1
15:21:56	in	CELL1	Lathe IDLE 1
15:21:57	in	CELL1	Robot1 BUSY 6
15:22:08	in	CELL1	Robot1 IDLE 6
15:22:09	in	CELL1	IDLE test_l.SEQ
15:22:09	out	CONVEYOR	DoCommand 3 gbtest 2 3 101
15:22:09	in	CONVEYOR	BUSY 3 gbtest 2 3 101
15:22:12	in	CONVEYOR	IDLE 3 gbtest 1 2 102
15:22:13	out	CELL1	DoCommand test_l.SEQ
15:22:14	in	CELL1	Ready test_l.SEQ
15:22:15	in	CELL1	BUSY test_l.SEQ
15:22:15	in	CELL1	Lathe BUSY 1
15:22:16	in	CELL1	Lathe IDLE 1
15:22:17	in	CELL1	Robot1 BUSY 1
15:22:24	in	CONVEYOR	IDLE 3 gbtest 2 3 101
15:22:25	out	CELL2	DoCommand test_m.SEQ
15:22:26	in	CELL2	Ready test_m.SEQ
15:22:27	in	CELL2	BUSY test_m.SEQ
15:22:27	in	CELL1	Robot1 IDLE 1
15:22:27	in	CELL2	Miller BUSY 1
15:22:28	in	CELL2	Miller IDLE 1
15:22:28	in	CELL1	Lathe BUSY 2
15:22:29	in	CELL1	Lathe IDLE 2
15:22:29	in	CELL2	Robot2 BUSY 1
15:22:29	in	CELL1	Robot1 BUSY 2
15:22:33	in	CELL1	Robot1 IDLE 2
15:22:34	in	CELL1	Lathe BUSY 5 TEST_l.FNC
15:22:34	in	CELL1	Lathe IDLE 5 TEST_l.FNC
15:22:34	in	CELL1	Lathe BUSY 3
15:22:44	in	CELL1	Lathe IDLE 3
15:22:45	in	CELL1	Robot1 BUSY 3
15:22:47	in	CELL2	Robot2 IDLE 1
15:22:48	in	CELL2	Miller BUSY 2
15:22:49	in	CELL2	Miller IDLE 2
15:22:50	in	CELL2	Miller BUSY 5 TEST_m.FNC
15:22:50	in	CELL2	Miller IDLE 5 TEST_m.FNC
15:22:50	in	CELL1	Robot1 IDLE 3
15:22:51	in	CELL2	Miller BUSY 3
15:22:51	in	CELL1	Lathe BUSY 1
15:22:52	in	CELL1	Lathe IDLE 1
15:22:53	in	CELL1	Robot1 BUSY 4
15:23:03	in	CELL1	Robot1 IDLE 4
15:23:04	in	CELL1	Lathe BUSY 1
15:23:04	in	CELL2	Miller IDLE 3
15:23:04	in	CELL1	Lathe IDLE 1
15:23:05	in	CELL1	Robot1 BUSY 5
15:23:05	in	CELL2	Miller BUSY 1
15:23:05	in	CELL2	Miller IDLE 1
15:23:05	in	CELL2	Robot2 BUSY 2
15:23:16	in	CELL1	Robot1 IDLE 5
15:23:17	in	CELL1	Lathe BUSY 2
15:23:18	in	CELL1	Lathe IDLE 2
15:23:19	in	CELL1	Robot1 BUSY 2
15:23:23	in	CELL1	Robot1 IDLE 2
15:23:23	in	CELL1	Lathe BUSY 5 TEST_l.FNC
15:23:24	in	CELL1	Lathe IDLE 5 TEST_l.FNC
15:23:24	in	CELL1	Lathe BUSY 3
15:23:25	in	CELL2	Robot2 IDLE 2
15:23:26	in	CELL2	IDLE test_m.SEQ
15:23:26	out	CONVEYOR	DoCommand 3 gbtest 3 6 101
15:23:26	in	CONVEYOR	BUSY 3 gbtest 3 6 101
15:23:35	in	CELL1	Lathe IDLE 3
15:23:35	in	CELL1	Robot1 BUSY 3
15:23:40	in	CELL1	Robot1 IDLE 3
15:23:41	in	CELL1	Lathe BUSY 1
15:23:43	in	CELL1	Lathe IDLE 1
15:23:43	in	CELL1	Robot1 BUSY 6
15:23:55	in	CELL1	Robot1 IDLE 6
15:23:56	in	CELL1	IDLE test_l.SEQ
15:23:56	out	CONVEYOR	DoCommand 3 gbtest 2 3 102
15:23:56	in	CONVEYOR	BUSY 3 gbtest 2 3 102
15:24:01	in	CONVEYOR	IDLE 3 gbtest 3 6 101
15:24:02	out	ASRS	DoCommand 1 PLACE Conveyor
15:24:03	in	ASRS	BUSY 1 PLACE Conveyor
15:24:06	in	ASRS	IDLE 1 PLACE Conveyor
15:24:06	out	CONVEYOR	DoCommand 3 gbtest 6 1 101
15:24:06	in	CONVEYOR	BUSY 3 gbtest 6 1 101
15:24:11	in	CONVEYOR	IDLE 3 gbtest 2 3 102
15:24:12	out	CELL2	DoCommand test_m.SEQ
15:24:13	in	CELL2	Ready test_m.SEQ
15:24:14	in	CELL2	BUSY test_m.SEQ
15:24:14	in	CELL2	Miller BUSY 1
15:24:14	in	CELL2	Miller IDLE 1
15:24:15	in	CELL2	Robot2 BUSY 1
15:24:15	in	CONVEYOR	IDLE 3 gbtest 6 1 101
15:24:16	out	ASRS	DoCommand 1 PICK Conveyor PLACE GBTEST
15:24:17	in	ASRS	BUSY 1 PICK Conveyor PLACE GBTEST
15:24:32	in	ASRS	IDLE 1 PICK Conveyor PLACE GBTEST
15:24:35	in	CELL2	Robot2 IDLE 1
15:24:36	in	CELL2	Miller BUSY 2
15:24:37	in	CELL2	Miller IDLE 2
15:24:37	in	CELL2	Miller BUSY 5 TEST_m.FNC
15:24:37	in	CELL2	Miller IDLE 5 TEST_m.FNC
15:24:38	in	CELL2	Miller BUSY 3
15:24:51	in	CELL2	Miller IDLE 3
15:24:52	in	CELL2	Miller BUSY 1
15:24:53	in	CELL2	Miller IDLE 1
15:24:53	in	CELL2	Robot2 BUSY 2
15:25:12	in	CELL2	Robot2 IDLE 2
15:25:13	in	CELL2	IDLE test_m.SEQ
15:25:13	out	CONVEYOR	DoCommand 3 gbtest 3 6 102
15:25:13	in	CONVEYOR	BUSY 3 gbtest 3 6 102
15:25:48	in	CONVEYOR	IDLE 3 gbtest 3 6 102
15:25:49	out	ASRS	DoCommand 1 PLACE Conveyor
15:25:50	in	ASRS	BUSY 1 PLACE Conveyor
15:25:57	in	ASRS	IDLE 1 PLACE Conveyor
15:25:57	out	CONVEYOR	DoCommand 3 gbtest 6 1 102
15:25:57	in	CONVEYOR	BUSY 3 gbtest 6 1 102
15:26:06	in	CONVEYOR	IDLE 3 gbtest 6 1 102
15:26:07	out	ASRS	DoCommand 1 PICK Conveyor PLACE GBTEST
15:26:08	in	ASRS	BUSY 1 PICK Conveyor PLACE GBTEST
15:26:23	in	ASRS	IDLE 1 PICK Conveyor PLACE GBTEST
15:26:23	STOP
15:26:37	in	ASRS	LOCAL CONTROL ONLY
15:28:20	in	ASRS	IDLE
15:28:50	in	ASRS	LOCAL CONTROL ONLY
15:32:47	in	ASRS	IDLE
15:32:53	in	ASRS	LOCAL CONTROL ONLY
16:21:43	Disconnected from CELL1
16:21:43	Disconnected from CELL2
25/11/2004	Close Log

26/11/2004	Open Log
26/11/2004	Close Log

26/11/2004	Open Log
26/11/2004	Close Log

26/11/2004	Open Log
26/11/2004	Close Log

26/11/2004	Open Log
11:07:25	Disconnected from CONVEYOR
11:07:25	Disconnected from ASRS
11:07:25	in	CELL1	IDLE C:\CIM\CELL1\TEST_L.SEQ
11:07:25	in	CELL2	IDLE C:\CIM\CELL2\TEST_M.SEQ
11:07:25	Disconnected from Delay
11:11:59	in	VisionSystem	IDLE 1
11:12:01	in	VisionSystem	IDLE 1
11:12:03	in	VisionSystem	IDLE 1
11:12:05	in	VisionSystem	IDLE 1
11:12:07	in	VisionSystem	IDLE 1
11:12:09	in	VisionSystem	IDLE 1
11:12:11	in	VisionSystem	IDLE 1
11:12:13	in	VisionSystem	IDLE 1
11:12:15	in	VisionSystem	IDLE 1
11:12:18	in	VisionSystem	IDLE 1
11:12:20	in	VisionSystem	IDLE 1
11:12:22	in	VisionSystem	IDLE 1
11:12:24	in	VisionSystem	IDLE 1
11:12:26	in	VisionSystem	IDLE 1
11:12:29	in	VisionSystem	IDLE 1
11:12:29	Disconnected from VisionSystem
11:19:41	in	VisionSystem	IDLE 1
11:19:43	in	VisionSystem	IDLE 1
11:19:45	in	VisionSystem	IDLE 1
11:19:47	in	VisionSystem	IDLE 1
11:19:49	in	VisionSystem	IDLE 1
11:19:52	in	VisionSystem	IDLE 1
11:19:54	in	VisionSystem	IDLE 1
11:19:56	in	VisionSystem	IDLE 1
11:19:58	in	VisionSystem	IDLE 1
11:20:01	in	VisionSystem	IDLE 1
11:20:03	in	VisionSystem	IDLE 1
11:20:05	in	VisionSystem	IDLE 1
11:20:07	in	VisionSystem	IDLE 1
11:20:09	in	VisionSystem	IDLE 1
11:20:12	in	VisionSystem	IDLE 1
11:20:14	in	VisionSystem	IDLE 1
11:20:16	in	VisionSystem	IDLE 1
11:20:18	in	VisionSystem	IDLE 1
11:20:20	in	VisionSystem	IDLE 1
11:20:22	in	VisionSystem	IDLE 1
11:20:25	in	VisionSystem	IDLE 1
11:20:27	in	VisionSystem	IDLE 1
11:20:29	in	VisionSystem	IDLE 1
11:20:30	Disconnected from VisionSystem
11:29:48	Disconnected from Delay
11:29:53	START
11:29:53	out	ASRS	DoCommand 1 PICK VISION PLACE CONVEYOR PICK CONVEYOR
11:29:54	in	ASRS	BUSY 1 PICK VISION PLACE CONVEYOR PICK CONVEYOR
11:31:39	in	ASRS	IDLE 1 PICK VISION PLACE CONVEYOR PICK CONVEYOR
11:31:40	out	CONVEYOR	DoCommand 3 VISION 1 2 101
11:31:40	out	ASRS	DoCommand 1 PICK VISION PLACE CONVEYOR PICK CONVEYOR
11:31:40	in	CONVEYOR	BUSY 3 VISION 1 2 101
11:31:40	in	ASRS	BUSY 1 PICK VISION PLACE CONVEYOR PICK CONVEYOR
11:31:41	in	CONVEYOR	IDLE 3 VISION 1 2 101
11:31:42	out	CELL1	DoCommand test_l.SEQ
11:31:43	in	CELL1	Ready test_l.SEQ
11:31:43	in	CELL1	BUSY test_l.SEQ
11:31:44	in	CELL1	Lathe BUSY 1
11:31:44	in	CELL1	Lathe IDLE 1
11:31:44	in	CELL1	Robot1 BUSY 1
11:31:54	in	CELL1	Robot1 IDLE 1
11:31:55	in	CELL1	Lathe BUSY 2
11:31:56	in	CELL1	Lathe IDLE 2
11:31:57	in	CELL1	Robot1 BUSY 2
11:32:01	in	CELL1	Robot1 IDLE 2
11:32:01	in	CELL1	Lathe BUSY 5 TEST_l.FNC
11:32:02	in	CELL1	Lathe IDLE 5 TEST_l.FNC
11:32:02	in	CELL1	Lathe BUSY 3
11:32:12	in	CELL1	Lathe IDLE 3
11:32:13	in	CELL1	Robot1 BUSY 3
11:32:18	in	CELL1	Robot1 IDLE 3
11:32:18	in	CELL1	Lathe BUSY 1
11:32:20	in	CELL1	Lathe IDLE 1
11:32:21	in	CELL1	Robot1 BUSY 4
11:32:31	in	CELL1	Robot1 IDLE 4
11:32:31	in	CELL1	Lathe BUSY 1
11:32:32	in	CELL1	Lathe IDLE 1
11:32:32	in	CELL1	Robot1 BUSY 5
11:32:43	in	CELL1	Robot1 IDLE 5
11:32:44	in	CELL1	Lathe BUSY 2
11:32:45	in	CELL1	Lathe IDLE 2
11:32:46	in	CELL1	Robot1 BUSY 2
11:32:50	in	CELL1	Robot1 IDLE 2
11:32:50	in	CELL1	Lathe BUSY 5 TEST_l.FNC
11:32:50	in	CELL1	Lathe IDLE 5 TEST_l.FNC
11:32:51	in	CELL1	Lathe BUSY 3
11:33:01	in	CELL1	Lathe IDLE 3
11:33:02	in	CELL1	Robot1 BUSY 3
11:33:07	in	CELL1	Robot1 IDLE 3
11:33:08	in	CELL1	Lathe BUSY 1
11:33:09	in	CELL1	Lathe IDLE 1
11:33:10	in	CELL1	Robot1 BUSY 6
11:33:22	in	CELL1	Robot1 IDLE 6
11:33:23	in	CELL1	IDLE test_l.SEQ
11:33:23	out	CONVEYOR	DoCommand 3 VISION 2 3 101
11:33:23	in	CONVEYOR	BUSY 3 VISION 2 3 101
11:33:34	in	ASRS	IDLE 1 PICK VISION PLACE CONVEYOR PICK CONVEYOR
11:33:35	out	CONVEYOR	DoCommand 3 VISION 1 2 102
11:33:35	in	CONVEYOR	BUSY 3 VISION 1 2 102
11:33:36	in	CONVEYOR	IDLE 3 VISION 1 2 102
11:33:37	out	CELL1	DoCommand test_l.SEQ
11:33:38	in	CELL1	Ready test_l.SEQ
11:33:38	in	CONVEYOR	IDLE 3 VISION 2 3 101
11:33:38	in	CELL1	BUSY test_l.SEQ
11:33:38	in	CELL1	Lathe BUSY 1
11:33:39	out	CELL2	DoCommand test_m.SEQ
11:33:40	in	CELL2	Ready test_m.SEQ
11:33:40	in	CELL1	Lathe IDLE 1
11:33:40	in	CELL1	Robot1 BUSY 1
11:33:40	in	CELL2	BUSY test_m.SEQ
11:33:41	in	CELL2	Miller BUSY 1
11:33:41	in	CELL2	Miller IDLE 1
11:33:42	in	CELL2	Robot2 BUSY 1
11:33:50	in	CELL1	Robot1 IDLE 1
11:33:50	in	CELL1	Lathe BUSY 2
11:33:51	in	CELL1	Lathe IDLE 2
11:33:52	in	CELL1	Robot1 BUSY 2
11:33:56	in	CELL1	Robot1 IDLE 2
11:33:56	in	CELL1	Lathe BUSY 5 TEST_l.FNC
11:33:56	in	CELL1	Lathe IDLE 5 TEST_l.FNC
11:33:57	in	CELL1	Lathe BUSY 3
11:34:00	in	CELL2	Robot2 IDLE 1
11:34:01	in	CELL2	Miller BUSY 2
11:34:02	in	CELL2	Miller IDLE 2
11:34:02	in	CELL2	Miller BUSY 5 TEST_m.FNC
11:34:03	in	CELL2	Miller IDLE 5 TEST_m.FNC
11:34:04	in	CELL2	Miller BUSY 3
11:34:07	in	CELL1	Lathe IDLE 3
11:34:08	in	CELL1	Robot1 BUSY 3
11:34:13	in	CELL1	Robot1 IDLE 3
11:34:14	in	CELL1	Lathe BUSY 1
11:34:15	in	CELL1	Lathe IDLE 1
11:34:15	in	CELL1	Robot1 BUSY 4
11:34:16	in	CELL2	Miller IDLE 3
11:34:17	in	CELL2	Miller BUSY 1
11:34:17	in	CELL2	Miller IDLE 1
11:34:18	in	CELL2	Robot2 BUSY 2
11:34:26	in	CELL1	Robot1 IDLE 4
11:34:26	in	CELL1	Lathe BUSY 1
11:34:26	in	CELL1	Lathe IDLE 1
11:34:27	in	CELL1	Robot1 BUSY 5
11:34:38	in	CELL2	Robot2 IDLE 2
11:34:38	in	CELL1	Robot1 IDLE 5
11:34:39	in	CELL2	IDLE test_m.SEQ
11:34:39	out	CONVEYOR	DoCommand 3 VISION 3 4 101
11:34:39	in	CONVEYOR	BUSY 3 VISION 3 4 101
11:34:39	in	CELL1	Lathe BUSY 2
11:34:40	in	CELL1	Lathe IDLE 2
11:34:41	in	CELL1	Robot1 BUSY 2
11:34:45	in	CELL1	Robot1 IDLE 2
11:34:45	in	CELL1	Lathe BUSY 5 TEST_l.FNC
11:34:46	in	CELL1	Lathe IDLE 5 TEST_l.FNC
11:34:46	in	CELL1	Lathe BUSY 3
11:34:50	in	CONVEYOR	IDLE 3 VISION 3 4 101
11:34:51	out	VisionSystem	DoCommand 1
11:34:51	in	VisionSystem	BUSY 1
11:34:53	in	VisionSystem	IDLE 1
11:34:53	out	CONVEYOR	DoCommand 3 VISION 4 6 101
11:34:53	in	CONVEYOR	BUSY 3 VISION 4 6 101
11:34:56	in	CELL1	Lathe IDLE 3
11:34:57	in	CELL1	Robot1 BUSY 3
11:35:02	in	CELL1	Robot1 IDLE 3
11:35:03	in	CELL1	Lathe BUSY 1
11:35:04	in	CELL1	Lathe IDLE 1
11:35:05	in	CELL1	Robot1 BUSY 6
11:35:16	in	CELL1	Robot1 IDLE 6
11:35:17	in	CELL1	IDLE test_l.SEQ
11:35:18	out	CONVEYOR	DoCommand 3 VISION 2 3 102
11:35:18	in	CONVEYOR	IDLE 3 VISION 4 6 101
11:35:18	in	CONVEYOR	BUSY 3 VISION 2 3 102
11:35:19	out	ASRS	DoCommand 1 PLACE Conveyor
11:35:19	in	ASRS	BUSY 1 PLACE Conveyor
11:35:33	in	CONVEYOR	IDLE 3 VISION 2 3 102
11:35:34	out	CELL2	DoCommand test_m.SEQ
11:35:35	in	CELL2	Ready test_m.SEQ
11:35:35	in	CELL2	BUSY test_m.SEQ
11:35:36	in	CELL2	Miller BUSY 1
11:35:36	in	CELL2	Miller IDLE 1
11:35:36	in	CELL2	Robot2 BUSY 1
11:35:37	in	ASRS	IDLE 1 PLACE Conveyor
11:35:38	out	CONVEYOR	DoCommand 3 VISION 6 1 101
11:35:38	in	CONVEYOR	BUSY 3 VISION 6 1 101
11:35:47	in	CONVEYOR	IDLE 3 VISION 6 1 101
11:35:48	out	ASRS	DoCommand 1 PICK Conveyor PLACE VISION
11:35:48	in	ASRS	BUSY 1 PICK Conveyor PLACE VISION
11:35:55	in	CELL2	Robot2 IDLE 1
11:35:56	in	CELL2	Miller BUSY 2
11:35:57	in	CELL2	Miller IDLE 2
11:35:57	in	CELL2	Miller BUSY 5 TEST_m.FNC
11:35:58	in	CELL2	Miller IDLE 5 TEST_m.FNC
11:35:58	in	CELL2	Miller BUSY 3
11:36:11	in	CELL2	Miller IDLE 3
11:36:12	in	CELL2	Miller BUSY 1
11:36:13	in	CELL2	Miller IDLE 1
11:36:14	in	CELL2	Robot2 BUSY 2
11:36:33	in	CELL2	Robot2 IDLE 2
11:36:34	in	CELL2	IDLE test_m.SEQ
11:36:35	out	CONVEYOR	DoCommand 3 VISION 3 4 102
11:36:35	in	CONVEYOR	BUSY 3 VISION 3 4 102
11:36:46	in	CONVEYOR	IDLE 3 VISION 3 4 102
11:36:47	out	VisionSystem	DoCommand 1
11:36:47	in	VisionSystem	BUSY 1
11:36:47	in	VisionSystem	IDLE 1
11:36:48	out	CONVEYOR	DoCommand 3 VISION 4 6 102
11:36:48	in	CONVEYOR	BUSY 3 VISION 4 6 102
11:36:50	in	ASRS	IDLE 1 PICK Conveyor PLACE VISION
11:37:13	in	CONVEYOR	IDLE 3 VISION 4 6 102
11:37:14	out	ASRS	DoCommand 1 PLACE Conveyor
11:37:14	in	ASRS	BUSY 1 PLACE Conveyor
11:37:59	in	ASRS	IDLE 1 PLACE Conveyor
11:38:00	out	CONVEYOR	DoCommand 3 VISION 6 1 102
11:38:00	in	CONVEYOR	BUSY 3 VISION 6 1 102
11:38:09	in	CONVEYOR	IDLE 3 VISION 6 1 102
11:38:10	out	ASRS	DoCommand 1 PICK Conveyor PLACE VISION
11:38:10	in	ASRS	BUSY 1 PICK Conveyor PLACE VISION
11:39:10	in	ASRS	IDLE 1 PICK Conveyor PLACE VISION
11:39:10	STOP
11:42:33	Disconnected from VisionSystem
12:38:39	Disconnected from CELL1
12:38:39	Disconnected from CELL2
26/11/2004	Close Log

29/11/2004	Open Log
29/11/2004	Close Log

29/11/2004	Open Log
 8:07:21	in	CELL1	Robot1 IDLE
 8:07:21	in	CELL2	Robot2 IDLE
 8:07:21	Disconnected from Delay
29/11/2004	Close Log

29/11/2004	Open Log
29/11/2004	Close Log

29/11/2004	Open Log
 8:15:37	Disconnected from Delay
29/11/2004	Close Log

29/11/2004	Open Log
29/11/2004	Close Log

29/11/2004	Open Log
14:11:48	in	CELL1	Lathe BUSY 5 C:\CIM\CELL1\PAWN_L.FNC
14:11:48	Disconnected from VisionSystem
14:11:48	Disconnected from Delay
29/11/2004	Close Log

29/11/2004	Open Log
29/11/2004	Close Log

29/11/2004	Open Log
14:15:59	Disconnected from VisionSystem
14:15:59	Disconnected from Delay
29/11/2004	Close Log

29/11/2004	Open Log
29/11/2004	Close Log

29/11/2004	Open Log
14:17:57	Disconnected from VisionSystem
14:17:57	Disconnected from Delay
29/11/2004	Close Log

02/03/2005	Open Log
02/03/2005	Close Log

02/03/2005	Open Log
02/03/2005	Close Log

02/03/2005	Open Log
02/03/2005	Close Log

02/03/2005	Open Log
02/03/2005	Close Log

03/03/2005	Open Log
03/03/2005	Close Log

03/03/2005	Open Log
 9:00:00	Disconnected from CELL1
 9:00:00	Disconnected from CELL2
 9:00:00	Disconnected from Delay
 9:00:20	Disconnected from CELL1
 9:00:33	Disconnected from CELL1
03/03/2005	Close Log

21/03/2005	Open Log
21/03/2005	Close Log

21/03/2005	Open Log
 8:02:48	in	CELL1	Robot1 IDLE
 8:02:48	in	CELL2	Robot2 IDLE
 8:02:53	Disconnected from Delay
21/03/2005	Close Log

21/03/2005	Open Log
21/03/2005	Close Log

21/03/2005	Open Log
 8:17:03	Disconnected from Delay
21/03/2005	Close Log

21/03/2005	Open Log
21/03/2005	Close Log

21/03/2005	Open Log
21/03/2005	Close Log

21/03/2005	Open Log
21/03/2005	Close Log

21/03/2005	Open Log
21/03/2005	Close Log

21/03/2005	Open Log
10:48:00	Disconnected from Delay
21/03/2005	Close Log

21/03/2005	Open Log
21/03/2005	Close Log

21/03/2005	Open Log
10:52:38	Disconnected from Delay
10:52:55	START
10:52:56	out	ASRS	DoCommand 1 PICK TEST PLACE CONVEYOR PICK CONVEYOR
10:52:56	Disconnected from ASRS
10:52:56	STOP
21/03/2005	Close Log

21/03/2005	Open Log
21/03/2005	Close Log

21/03/2005	Open Log
21/03/2005	Close Log

21/03/2005	Open Log
21/03/2005	Close Log

21/03/2005	Open Log
13:31:29	Disconnected from CONVEYOR
13:31:29	Disconnected from ASRS
13:31:29	Disconnected from CELL1
13:31:46	Disconnected from CELL2
13:32:12	Disconnected from Delay
21/03/2005	Close Log

21/03/2005	Open Log
21/03/2005	Close Log

21/03/2005	Open Log
13:37:05	Disconnected from CONVEYOR
21/03/2005	Close Log

21/03/2005	Open Log
21/03/2005	Close Log

21/03/2005	Open Log
21/03/2005	Close Log

21/03/2005	Open Log
21/03/2005	Close Log

21/03/2005	Open Log
21/03/2005	Close Log

21/03/2005	Open Log
21/03/2005	Close Log

21/03/2005	Open Log
21/03/2005	Close Log

21/03/2005	Open Log
21/03/2005	Close Log

21/03/2005	Open Log
21/03/2005	Close Log

21/03/2005	Open Log
13:43:04	Disconnected from CONVEYOR
13:43:04	Disconnected from ASRS
13:43:04	Disconnected from CELL1
13:43:04	Disconnected from CELL2
13:43:11	Disconnected from Delay
22/03/2005	Close Log

22/03/2005	Open Log
22/03/2005	Close Log

19/04/2005	Open Log
19/04/2005	Close Log

19/04/2005	Open Log
11:54:24	Disconnected from CONVEYOR
11:54:24	Disconnected from ASRS
11:54:24	in	CELL1	IDLE C:\CIM\CELL1\TEST_L.SEQ
11:54:24	Disconnected from CELL2
11:54:32	Disconnected from Delay
13:58:48	in	CELL1	Lathe BUSY 5 C:\CIM\CELL1\TEST_L.FNC
13:58:48	in	CELL1	Lathe IDLE 5 C:\CIM\CELL1\TEST_L.FNC
13:58:53	in	CELL1	Lathe BUSY 3
14:01:37	in	CELL1	Lathe IDLE
14:06:10	in	CELL1	Lathe BUSY 2
14:06:20	in	CELL1	Lathe IDLE
14:06:23	in	CELL1	Lathe BUSY 1
14:06:24	in	CELL1	Lathe IDLE 1
14:06:52	in	CELL1	Lathe BUSY 2
14:06:54	in	CELL1	Lathe IDLE 2
14:06:56	in	CELL1	Lathe BUSY 1
14:06:58	in	CELL1	Lathe IDLE 1
14:07:01	in	CELL1	Lathe BUSY 5 C:\CIM\CELL1\TEST_L.FNC
14:07:02	in	CELL1	Lathe IDLE 5 C:\CIM\CELL1\TEST_L.FNC
14:07:07	in	CELL1	Lathe BUSY 3
14:07:16	in	CELL1	Lathe IDLE 3
14:09:35	in	CELL1	Lathe BUSY 3
14:09:39	in	CELL1	Lathe IDLE
14:15:21	in	CELL1	Lathe BUSY 5 C:\CIM\CELL1\TEST_L.FNC
14:15:22	in	CELL1	Lathe IDLE 5 C:\CIM\CELL1\TEST_L.FNC
14:15:23	in	CELL1	Lathe BUSY
14:15:31	in	CELL1	Lathe IDLE
14:17:06	in	CELL1	Lathe BUSY 5 C:\CIM\CELL1\TEST_L.FNC
14:17:06	in	CELL1	Lathe IDLE 5 C:\CIM\CELL1\TEST_L.FNC
14:17:09	in	CELL1	Lathe BUSY 3
14:17:21	in	CELL1	Lathe IDLE 3
19/04/2005	Close Log

19/04/2005	Open Log
19/04/2005	Close Log

19/04/2005	Open Log
19/04/2005	Close Log

19/04/2005	Open Log
19/04/2005	Close Log

19/04/2005	Open Log
19/04/2005	Close Log

19/04/2005	Open Log
19/04/2005	Close Log

19/04/2005	Open Log
19/04/2005	Close Log

19/04/2005	Open Log
15:01:09	Disconnected from CONVEYOR
15:01:09	Disconnected from ASRS
15:01:17	Disconnected from Delay
19/04/2005	Close Log

19/04/2005	Open Log
19/04/2005	Close Log

19/04/2005	Open Log
15:03:03	Disconnected from CONVEYOR
15:03:03	Disconnected from ASRS
15:03:11	Disconnected from Delay
19/04/2005	Close Log

19/04/2005	Open Log
19/04/2005	Close Log

19/04/2005	Open Log
15:05:38	Disconnected from Delay
15:05:56	START
15:05:56	out	ASRS	DoCommand 1 PICK TEST PLACE CONVEYOR PICK CONVEYOR
15:05:56	Disconnected from ASRS
15:05:56	STOP
19/04/2005	Close Log

19/04/2005	Open Log
19/04/2005	Close Log

19/04/2005	Open Log
15:12:28	Disconnected from Delay
15:12:59	Disconnected from ASRS
15:13:13	Disconnected from ASRS
15:13:26	Disconnected from ASRS
15:15:20	Disconnected from ASRS
15:15:32	Disconnected from ASRS
15:15:49	Disconnected from ASRS
15:16:37	Disconnected from ASRS
15:16:51	Disconnected from ASRS
19/04/2005	Close Log

19/04/2005	Open Log
19/04/2005	Close Log

19/04/2005	Open Log
19/04/2005	Close Log

19/04/2005	Open Log
15:24:10	Disconnected from CONVEYOR
15:24:10	Disconnected from ASRS
15:24:15	Disconnected from Delay
15:24:37	Disconnected from Delay
19/04/2005	Close Log

19/04/2005	Open Log
19/04/2005	Close Log

19/04/2005	Open Log
19/04/2005	Close Log

19/04/2005	Open Log
15:46:57	Disconnected from CONVEYOR
15:46:57	Disconnected from ASRS
15:47:02	Disconnected from Delay
15:47:46	Disconnected from 
15:48:01	Disconnected from CONVEYOR
15:48:13	Disconnected from ASRS
15:48:26	Disconnected from CONVEYOR
15:48:30	Disconnected from ASRS
19/04/2005	Close Log

19/04/2005	Open Log
19/04/2005	Close Log

19/04/2005	Open Log
15:49:50	Disconnected from CONVEYOR
15:49:50	Disconnected from ASRS
15:49:55	Disconnected from Delay
15:50:15	Disconnected from ASRS
15:50:33	Disconnected from CONVEYOR
19/04/2005	Close Log

19/04/2005	Open Log
15:51:40	Disconnected from Delay
15:51:50	START
15:51:50	out	ASRS	DoCommand 1 PICK TEST PLACE CONVEYOR PICK CONVEYOR
15:51:50	Disconnected from ASRS
15:51:50	STOP
19/04/2005	Close Log

19/04/2005	Open Log
19/04/2005	Close Log

19/04/2005	Open Log
16:08:37	Disconnected from ASRS
16:08:37	Disconnected from CELL1
16:08:41	Disconnected from Delay
16:09:25	Disconnected from CELL1
16:09:51	Disconnected from CELL1
16:11:48	Disconnected from CELL1
19/04/2005	Close Log

19/04/2005	Open Log
19/04/2005	Close Log

19/04/2005	Open Log
16:13:57	Disconnected from CELL1
16:14:05	Disconnected from Delay
16:14:37	Disconnected from CELL1
16:15:31	Disconnected from CELL1
16:15:53	Disconnected from CELL2
16:16:20	Disconnected from CELL1
16:16:43	Disconnected from CELL2
19/04/2005	Close Log

19/04/2005	Open Log
19/04/2005	Close Log

19/04/2005	Open Log
16:18:12	Disconnected from CELL1
16:18:12	in	CELL2	Robot2 IDLE
16:18:17	Disconnected from Delay
19/04/2005	Close Log

19/04/2005	Open Log
19/04/2005	Close Log

19/04/2005	Open Log
19/04/2005	Close Log

19/04/2005	Open Log
16:20:36	Disconnected from CELL1
16:20:36	in	CELL2	Robot2 IDLE
16:20:41	Disconnected from Delay
16:23:36	Disconnected from CELL1
16:25:52	in	CELL1	Robot1 IDLE
16:26:29	START
16:26:29	out	ASRS	DoCommand 1 PICK TEST PLACE CONVEYOR PICK CONVEYOR
16:26:29	Disconnected from ASRS
16:26:29	STOP
16:27:47	START
16:28:08	STOP
19/04/2005	Close Log

19/04/2005	Open Log
16:29:07	Disconnected from Delay
16:29:16	START
16:29:16	out	ASRS	DoCommand 1 PICK TEST PLACE CONVEYOR PICK CONVEYOR
16:29:29	STOP
19/04/2005	Close Log

19/04/2005	Open Log
16:31:03	Disconnected from Delay
16:31:16	START
16:31:16	out	ASRS	DoCommand 1 PICK TEST PLACE CONVEYOR PICK CONVEYOR
16:31:16	in	ASRS	BUSY 1 PICK TEST PLACE CONVEYOR PICK CONVEYOR
16:31:55	in	ASRS	IDLE 1 PICK TEST PLACE CONVEYOR PICK CONVEYOR
16:31:56	out	CONVEYOR	DoCommand 3 TEST 1 2 101
16:31:56	out	ASRS	DoCommand 1 PICK TEST PLACE CONVEYOR PICK CONVEYOR
16:31:56	in	CONVEYOR	BUSY 3 TEST 1 2 101
16:31:56	in	ASRS	BUSY 1 PICK TEST PLACE CONVEYOR PICK CONVEYOR
16:31:56	in	CONVEYOR	IDLE 3 TEST 1 2 101
16:31:57	out	CELL1	DoCommand TEST_L.SEQ
16:31:58	in	CELL1	Ready TEST_L.SEQ
16:31:58	in	CELL1	BUSY TEST_L.SEQ
16:31:58	in	CELL1	Lathe BUSY 1
16:32:00	in	CELL1	Lathe IDLE 1
16:32:01	in	CELL1	Robot1 BUSY 1
16:32:33	in	ASRS	IDLE 1 PICK TEST PLACE CONVEYOR PICK CONVEYOR
16:32:34	out	CONVEYOR	DoCommand 3 TEST 1 2 102
16:32:34	out	ASRS	DoCommand 1 PICK TEST PLACE CONVEYOR PICK CONVEYOR
16:32:34	in	CONVEYOR	BUSY 3 TEST 1 2 102
16:32:34	in	ASRS	BUSY 1 PICK TEST PLACE CONVEYOR PICK CONVEYOR
16:33:13	in	A
20/04/2005	Open Log
20/04/2005	Close Log

20/04/2005	Open Log
 8:13:13	in	CELL1	IDLE C:\CIM\CELL1\TEST_L.SEQ
 8:13:13	in	CELL2	IDLE C:\CIM\CELL2\TEST_M.SEQ
 8:13:21	Disconnected from Delay
 8:15:27	START
 8:15:27	out	ASRS	DoCommand 1 PICK TEST PLACE CONVEYOR PICK CONVEYOR
 8:15:27	in	ASRS	BUSY 1 PICK TEST PLACE CONVEYOR PICK CONVEYOR
 8:16:07	in	ASRS	IDLE 1 PICK TEST PLACE CONVEYOR PICK CONVEYOR
 8:16:08	out	CONVEYOR	DoCommand 3 TEST 1 2 101
 8:16:08	out	ASRS	DoCommand 1 PICK TEST PLACE CONVEYOR PICK CONVEYOR
 8:16:08	in	CONVEYOR	BUSY 3 TEST 1 2 101
 8:16:08	in	ASRS	BUSY 1 PICK TEST PLACE CONVEYOR PICK CONVEYOR
 8:16:08	in	CONVEYOR	IDLE 3 TEST 1 2 101
 8:16:09	out	CELL1	DoCommand TEST_L.SEQ
 8:16:10	in	CELL1	Ready TEST_L.SEQ
 8:16:10	in	CELL1	BUSY TEST_L.SEQ
 8:16:11	in	CELL1	Lathe BUSY 1
 8:16:11	in	CELL1	Lathe IDLE 1
 8:16:12	in	CELL1	Robot1 BUSY 1
 8:16:24	in	CELL1	Robot1 IDLE 1
 8:16:24	in	CELL1	Lathe BUSY 2
 8:16:25	in	CELL1	Lathe IDLE 2
 8:16:26	in	CELL1	Robot1 BUSY 2
 8:16:32	in	CELL1	Robot1 IDLE 2
 8:16:32	in	CELL1	Lathe BUSY 5 TEST_l.FNC
 8:16:32	in	CELL1	Lathe IDLE 5 TEST_l.FNC
 8:16:33	in	CELL1	Lathe BUSY 3
 8:16:42	in	CELL1	Lathe IDLE 3
 8:16:43	in	CELL1	Robot1 BUSY 3
 8:16:46	in	ASRS	IDLE 1 PICK TEST PLACE CONVEYOR PICK CONVEYOR
 8:16:47	out	CONVEYOR	DoCommand 3 TEST 1 2 102
 8:16:47	out	ASRS	DoCommand 1 PICK TEST PLACE CONVEYOR PICK CONVEYOR
 8:16:47	in	ASRS	BUSY 1 PICK TEST PLACE CONVEYOR PICK CONVEYOR
 8:16:47	in	CONVEYOR	BUSY 3 TEST 1 2 102
 8:16:50	in	CELL1	Robot1 IDLE 3
 8:16:50	in	CELL1	Lathe BUSY 1
 8:16:51	in	CELL1	Lathe IDLE 1
 8:16:52	in	CELL1	Robot1 BUSY 4
 8:17:04	in	CELL1	Robot1 IDLE 4
 8:17:05	in	CELL1	Lathe BUSY 1
 8:17:05	in	CELL1	Lathe IDLE 1
 8:17:06	in	CELL1	Robot1 BUSY 5
 8:17:17	in	CELL1	Robot1 IDLE 5
 8:17:18	in	CELL1	Lathe BUSY 2
 8:17:19	in	CELL1	Lathe IDLE 2
 8:17:20	in	CELL1	Robot1 BUSY 2
 8:17:25	in	CELL1	Robot1 IDLE 2
 8:17:26	in	CELL1	Lathe BUSY 5 TEST_l.FNC
 8:17:26	in	CELL1	Lathe IDLE 5 TEST_l.FNC
 8:17:27	in	CELL1	Lathe BUSY 3
 8:17:28	in	ASRS	IDLE 1 PICK TEST PLACE CONVEYOR PICK CONVEYOR
 8:17:29	out	CONVEYOR	DoCommand 3 TEST 1 2 103
 8:17:29	in	CONVEYOR	BUSY 3 TEST 1 2 103
 8:17:37	in	CELL1	Lathe IDLE 3
 8:17:37	in	CELL1	Robot1 BUSY 3
 8:17:44	in	CELL1	Robot1 IDLE 3
 8:17:45	in	CELL1	Lathe BUSY 1
 8:17:45	in	CELL1	Lathe IDLE 1
 8:17:46	in	CELL1	Robot1 BUSY 6
 8:17:59	in	CELL1	Robot1 IDLE 6
 8:17:59	in	CELL1	IDLE TEST_L.SEQ
 8:18:00	out	CONVEYOR	DoCommand 3 TEST 2 3 101
 8:18:00	in	CONVEYOR	BUSY 3 TEST 2 3 101
 8:18:01	in	CONVEYOR	IDLE 3 TEST 1 2 102
 8:18:02	out	CELL1	DoCommand TEST_L.SEQ
 8:18:03	in	CELL1	Ready TEST_L.SEQ
 8:18:03	in	CELL1	BUSY TEST_L.SEQ
 8:18:04	in	CELL1	Lathe BUSY 1
 8:18:04	in	CELL1	Lathe IDLE 1
 8:18:05	in	CELL1	Robot1 BUSY 1
 8:18:08	in	CONVEYOR	IDLE 3 TEST 2 3 101
 8:18:09	out	CELL2	DoCommand TEST_M.SEQ
 8:18:10	in	CELL2	Ready TEST_M.SEQ
 8:18:10	in	CELL2	BUSY TEST_M.SEQ
 8:18:11	in	CELL2	Miller BUSY 1
 8:18:11	in	CELL2	Miller IDLE 1
 8:18:12	in	CELL2	Robot2 BUSY 1
 8:18:16	in	CELL1	Robot1 IDLE 1
 8:18:17	in	CELL1	Lathe BUSY 2
 8:18:18	in	CELL1	Lathe IDLE 2
 8:18:19	in	CELL1	Robot1 BUSY 2
 8:18:25	in	CELL1	Robot1 IDLE 2
 8:18:25	in	CELL1	Lathe BUSY 5 TEST_l.FNC
 8:18:25	in	CELL1	Lathe IDLE 5 TEST_l.FNC
 8:18:26	in	CELL1	Lathe BUSY 3
 8:18:36	in	CELL2	Robot2 IDLE 1
 8:18:36	in	CELL1	Lathe IDLE 3
 8:18:37	in	CELL1	Robot1 BUSY 3
 8:18:37	in	CELL2	Miller BUSY 2
 8:18:37	in	CELL2	Miller IDLE 2
 8:18:37	in	CELL2	Miller BUSY 5 TEST_m.FNC
 8:18:38	in	CELL2	Miller IDLE 5 TEST_m.FNC
 8:18:38	in	CELL2	Miller BUSY 3
 8:18:43	in	CELL1	Robot1 IDLE 3
 8:18:44	in	CELL1	Lathe BUSY 1
 8:18:46	in	CELL1	Lathe IDLE 1
 8:18:46	in	CELL1	Robot1 BUSY 4
 8:18:53	in	CELL2	Miller IDLE 3
 8:18:54	in	CELL2	Miller BUSY 1
 8:18:55	in	CELL2	Miller IDLE 1
 8:18:55	in	CELL2	Robot2 BUSY 2
 8:18:58	in	CELL1	Robot1 IDLE 4
 8:18:59	in	CELL1	Lathe BUSY 1
 8:18:59	in	CELL1	Lathe IDLE 1
 8:18:59	in	CELL1	Robot1 BUSY 5
 8:19:11	in	CELL1	Robot1 IDLE 5
 8:19:12	in	CELL1	Lathe BUSY 2
 8:19:13	in	CELL1	Lathe IDLE 2
 8:19:14	in	CELL1	Robot1 BUSY 2
 8:19:19	in	CELL1	Robot1 IDLE 2
 8:19:20	in	CELL2	Robot2 IDLE 2
 8:19:20	in	CELL1	Lathe BUSY 5 TEST_l.FNC
 8:19:20	in	CELL1	Lathe IDLE 5 TEST_l.FNC
 8:19:20	in	CELL2	IDLE TEST_M.SEQ
 8:19:21	in	CELL1	Lathe BUSY 3
 8:19:21	out	CONVEYOR	DoCommand 3 TEST 3 5 101
 8:19:21	in	CONVEYOR	BUSY 3 TEST 3 5 101
 8:19:30	in	CELL1	Lathe IDLE 3
 8:19:31	in	CELL1	Robot1 BUSY 3
 8:19:38	in	CELL1	Robot1 IDLE 3
 8:19:38	in	CELL1	Lathe BUSY 1
 8:19:39	in	CELL1	Lathe IDLE 1
 8:19:40	in	CELL1	Robot1 BUSY 6
 8:19:46	in	CONVEYOR	IDLE 3 TEST 3 5 101
 8:19:46	out	ASRS	DoCommand 1 PLACE Conveyor
 8:19:46	in	ASRS	BUSY 1 PLACE Conveyor
 8:19:53	in	ASRS	IDLE 1 PLACE Conveyor
 8:19:53	in	CELL1	Robot1 IDLE 6
 8:19:54	out	CONVEYOR	DoCommand 3 TEST 5 1 101
 8:19:54	in	CONVEYOR	BUSY 3 TEST 5 1 101
 8:19:54	in	CELL1	IDLE TEST_L.SEQ
 8:19:55	out	CONVEYOR	DoCommand 3 TEST 2 3 102
 8:19:55	in	CONVEYOR	BUSY 3 TEST 2 3 102
 8:19:56	in	CONVEYOR	IDLE 3 TEST 1 2 103
 8:19:57	out	CELL1	DoCommand TEST_L.SEQ
 8:19:58	in	CELL1	Ready TEST_L.SEQ
 8:19:58	in	CELL1	BUSY TEST_L.SEQ
 8:19:59	in	CELL1	Lathe BUSY 1
 8:19:59	in	CONVEYOR	IDLE 3 TEST 5 1 101
 8:19:59	in	CELL1	Lathe IDLE 1
 8:19:59	in	CELL1	Robot1 BUSY 1
 8:20:00	out	ASRS	DoCommand 1 PICK Conveyor PLACE TEST
 8:20:00	in	ASRS	BUSY 1 PICK Conveyor PLACE TEST
 8:20:03	in	CONVEYOR	IDLE 3 TEST 2 3 102
 8:20:04	out	CELL2	DoCommand TEST_M.SEQ
 8:20:05	in	CELL2	Ready TEST_M.SEQ
 8:20:05	in	CELL2	BUSY TEST_M.SEQ
 8:20:06	in	CELL2	Miller BUSY 1
 8:20:06	in	CELL2	Miller IDLE 1
 8:20:07	in	CELL2	Robot2 BUSY 1
 8:20:12	in	CELL1	Robot1 IDLE 1
 8:20:12	in	CELL1	Lathe BUSY 2
 8:20:13	in	CELL1	Lathe IDLE 2
 8:20:14	in	CELL1	Robot1 BUSY 2
 8:20:19	in	CELL1	Robot1 IDLE 2
 8:20:20	in	ASRS	IDLE 1 PICK Conveyor PLACE TEST
 8:20:20	in	CELL1	Lathe BUSY 5 TEST_l.FNC
 8:20:20	in	CELL1	Lathe IDLE 5 TEST_l.FNC
 8:20:21	in	CELL1	Lathe BUSY 3
 8:20:31	in	CELL2	Robot2 IDLE 1
 8:20:31	in	CELL1	Lathe IDLE 3
 8:20:31	in	CELL1	Robot1 BUSY 3
 8:20:31	in	CELL2	Miller BUSY 2
 8:20:32	in	CELL2	Miller IDLE 2
 8:20:32	in	CELL2	Miller BUSY 5 TEST_m.FNC
 8:20:32	in	CELL2	Miller IDLE 5 TEST_m.FNC
 8:20:33	in	CELL2	Miller BUSY 3
 8:20:38	in	CELL1	Robot1 IDLE 3
 8:20:38	in	CELL1	Lathe BUSY 1
 8:20:40	in	CELL1	Lathe IDLE 1
 8:20:41	in	CELL1	Robot1 BUSY 4
 8:20:48	in	CELL2	Miller IDLE 3
 8:20:49	in	CELL2	Miller BUSY 1
 8:20:49	in	CELL2	Miller IDLE 1
 8:20:50	in	CELL2	Robot2 BUSY 2
 8:20:54	in	CELL1	Robot1 IDLE 4
 8:20:54	in	CELL1	Lathe BUSY 1
 8:20:54	in	CELL1	Lathe IDLE 1
 8:20:55	in	CELL1	Robot1 BUSY 5
 8:21:06	in	CELL1	Robot1 IDLE 5
 8:21:07	in	CELL1	Lathe BUSY 2
 8:21:09	in	CELL1	Lathe IDLE 2
 8:21:09	in	CELL1	Robot1 BUSY 2
 8:21:14	in	CELL1	Robot1 IDLE 2
 8:21:15	in	CELL2	Robot2 IDLE 2
 8:21:15	in	CELL1	Lathe BUSY 5 TEST_l.FNC
 8:21:15	in	CELL1	Lathe IDLE 5 TEST_l.FNC
 8:21:16	in	CELL2	IDLE TEST_M.SEQ
 8:21:16	out	CONVEYOR	DoCommand 3 TEST 3 5 102
 8:21:16	in	CONVEYOR	BUSY 3 TEST 3 5 102
 8:21:16	in	CELL1	Lathe BUSY 3
 8:21:26	in	CELL1	Lathe IDLE 3
 8:21:27	in	CELL1	Robot1 BUSY 3
 8:21:34	in	CELL1	Robot1 IDLE 3
 8:21:35	in	CELL1	Lathe BUSY 1
 8:21:35	in	CELL1	Lathe IDLE 1
 8:21:36	in	CELL1	Robot1 BUSY 6
 8:21:41	in	CONVEYOR	IDLE 3 TEST 3 5 102
 8:21:42	out	ASRS	DoCommand 1 PLACE Conveyor
 8:21:42	in	ASRS	BUSY 1 PLACE Conveyor
 8:21:49	in	CELL1	Robot1 IDLE 6
 8:21:50	in	CELL1	IDLE TEST_L.SEQ
 8:21:51	out	CONVEYOR	DoCommand 3 TEST 2 3 103
 8:21:51	in	CONVEYOR	BUSY 3 TEST 2 3 103
 8:21:57	in	ASRS	IDLE 1 PLACE Conveyor
 8:21:58	out	CONVEYOR	DoCommand 3 TEST 5 1 102
 8:21:58	in	CONVEYOR	BUSY 3 TEST 5 1 102
 8:21:59	in	CONVEYOR	IDLE 3 TEST 2 3 103
 8:21:59	out	CELL2	DoCommand TEST_M.SEQ
 8:22:00	in	CELL2	Ready TEST_M.SEQ
 8:22:00	in	CELL2	BUSY TEST_M.SEQ
 8:22:01	in	CELL2	Miller BUSY 1
 8:22:01	in	CELL2	Miller IDLE 1
 8:22:02	in	CELL2	Robot2 BUSY 1
 8:22:03	in	CONVEYOR	IDLE 3 TEST 5 1 102
 8:22:04	out	ASRS	DoCommand 1 PICK Conveyor PLACE TEST
 8:22:04	in	ASRS	BUSY 1 PICK Conveyor PLACE TEST
 8:22:25	in	ASRS	IDLE 1 PICK Conveyor PLACE TEST
 8:22:26	in	CELL2	Robot2 IDLE 1
 8:22:27	in	CELL2	Miller BUSY 2
 8:22:27	in	CELL2	Miller IDLE 2
 8:22:28	in	CELL2	Miller BUSY 5 TEST_m.FNC
 8:22:28	in	CELL2	Miller IDLE 5 TEST_m.FNC
 8:22:29	in	CELL2	Miller BUSY 3
 8:22:43	in	CELL2	Miller IDLE 3
 8:22:43	in	CELL2	Miller BUSY 1
 8:22:44	in	CELL2	Miller IDLE 1
 8:22:45	in	CELL2	Robot2 BUSY 2
 8:23:09	in	CELL2	Robot2 IDLE 2
 8:23:10	in	CELL2	IDLE TEST_M.SEQ
 8:23:11	out	CONVEYOR	DoCommand 3 TEST 3 5 103
 8:23:11	in	CONVEYOR	BUSY 3 TEST 3 5 103
 8:23:36	in	CONVEYOR	IDLE 3 TEST 3 5 103
 8:23:36	out	ASRS	DoCommand 1 PLACE Conveyor
 8:23:36	in	ASRS	BUSY 1 PLACE Conveyor
 8:23:52	in	ASRS	IDLE 1 PLACE Conveyor
 8:23:53	out	CONVEYOR	DoCommand 3 TEST 5 1 103
 8:23:53	in	CONVEYOR	BUSY 3 TEST 5 1 103
 8:23:58	in	CONVEYOR	IDLE 3 TEST 5 1 103
 8:23:59	out	ASRS	DoCommand 1 PICK Conveyor PLACE TEST
 8:23:59	in	ASRS	BUSY 1 PICK Conveyor PLACE TEST
 8:24:21	in	ASRS	IDLE 1 PICK Conveyor PLACE TEST
 8:24:21	STOP
20/04/2005	Close Log

20/04/2005	Open Log
 8:25:18	Disconnected from Delay
 8:26:05	START
 8:26:05	out	ASRS	DoCommand 1 PICK TEST PLACE CONVEYOR PICK CONVEYOR
 8:26:05	in	ASRS	BUSY 1 PICK TEST PLACE CONVEYOR PICK CONVEYOR
 8:26:38	in	ASRS	IDLE 1 PICK TEST PLACE CONVEYOR PICK CONVEYOR
 8:26:39	out	CONVEYOR	DoCommand 3 TEST 1 2 101
 8:26:39	out	ASRS	DoCommand 1 PICK TEST PLACE CONVEYOR PICK CONVEYOR
 8:26:39	in	ASRS	BUSY 1 PICK TEST PLACE CONVEYOR PICK CONVEYOR
 8:26:39	in	CONVEYOR	BUSY 3 TEST 1 2 101
 8:26:41	in	CONVEYOR	IDLE 3 TEST 1 2 101
 8:26:42	out	CELL1	DoCommand TEST_L.SEQ
 8:26:43	in	CELL1	Ready TEST_L.SEQ
 8:26:43	in	CELL1	BUSY TEST_L.SEQ
 8:26:44	in	CELL1	Lathe BUSY 1
 8:26:44	in	CELL1	Lathe IDLE 1
 8:26:45	in	CELL1	Robot1 BUSY 1
 8:26:57	in	CELL1	Robot1 IDLE 1
 8:26:57	in	CELL1	Lathe BUSY 2
 8:26:59	in	CELL1	Lathe IDLE 2
 8:27:00	in	CELL1	Robot1 BUSY 2
 8:27:05	in	CELL1	Robot1 IDLE 2
 8:27:05	in	CELL1	Lathe BUSY 5 TEST_l.FNC
 8:27:06	in	CELL1	Lathe IDLE 5 TEST_l.FNC
 8:27:06	in	CELL1	Lathe BUSY 3
 8:27:16	in	CELL1	Lathe IDLE 3
 8:27:17	in	CELL1	Robot1 BUSY 3
 8:27:17	in	ASRS	IDLE 1 PICK TEST PLACE CONVEYOR PICK CONVEYOR
 8:27:18	out	CONVEYOR	DoCommand 3 TEST 1 2 102
 8:27:18	out	ASRS	DoCommand 1 PICK TEST PLACE CONVEYOR PICK CONVEYOR
 8:27:18	in	ASRS	BUSY 1 PICK TEST PLACE CONVEYOR PICK CONVEYOR
 8:27:18	in	CONVEYOR	BUSY 3 TEST 1 2 102
 8:27:23	in	CELL1	Robot1 IDLE 3
 8:27:24	in	CELL1	Lathe BUSY 1
 8:27:25	in	CELL1	Lathe IDLE 1
 8:27:26	in	CELL1	Robot1 BUSY 4
 8:27:37	in	CELL1	Robot1 IDLE 4
 8:27:38	in	CELL1	Lathe BUSY 1
 8:27:38	in	CELL1	Lathe IDLE 1
 8:27:39	in	CELL1	Robot1 BUSY 5
 8:27:50	in	CELL1	Robot1 IDLE 5
 8:27:51	in	CELL1	Lathe BUSY 2
 8:27:53	in	CELL1	Lathe IDLE 2
 8:27:53	in	CELL1	Robot1 BUSY 2
 8:27:58	in	CELL1	Robot1 IDLE 2
 8:27:59	in	CELL1	Lathe BUSY 5 TEST_l.FNC
 8:27:59	in	ASRS	IDLE 1 PICK TEST PLACE CONVEYOR PICK CONVEYOR
 8:27:59	in	CELL1	Lathe IDLE 5 TEST_l.FNC
 8:28:00	out	CONVEYOR	DoCommand 3 TEST 1 2 103
 8:28:00	in	CONVEYOR	BUSY 3 TEST 1 2 103
 8:28:00	in	CELL1	Lathe BUSY 3
 8:28:10	in	CELL1	Lathe IDLE 3
 8:28:10	in	CELL1	Robot1 BUSY 3
 8:28:17	in	CELL1	Robot1 IDLE 3
 8:28:18	in	CELL1	Lathe BUSY 1
 8:28:19	in	CELL1	Lathe IDLE 1
 8:28:19	in	CELL1	Robot1 BUSY 6
 8:28:32	in	CELL1	Robot1 IDLE 6
 8:28:33	in	CELL1	IDLE TEST_L.SEQ
 8:28:34	out	CONVEYOR	DoCommand 3 TEST 2 3 101
 8:28:34	in	CONVEYOR	BUSY 3 TEST 2 3 101
 8:28:35	in	CONVEYOR	IDLE 3 TEST 1 2 102
 8:28:36	out	CELL1	DoCommand TEST_L.SEQ
 8:28:37	in	CELL1	Ready TEST_L.SEQ
 8:28:37	in	CELL1	BUSY TEST_L.SEQ
 8:28:38	in	CELL1	Lathe BUSY 1
 8:28:38	in	CELL1	Lathe IDLE 1
 8:28:39	in	CELL1	Robot1 BUSY 1
 8:28:42	in	CONVEYOR	IDLE 3 TEST 2 3 101
 8:28:43	out	CELL2	DoCommand TEST_M.SEQ
 8:28:44	in	CELL2	Ready TEST_M.SEQ
 8:28:44	in	CELL2	BUSY TEST_M.SEQ
 8:28:45	in	CELL2	Miller BUSY 1
 8:28:45	in	CELL2	Miller IDLE 1
 8:28:46	in	CELL2	Robot2 BUSY 1
 8:28:51	in	CELL1	Robot1 IDLE 1
 8:28:51	in	CELL1	Lathe BUSY 2
 8:28:53	in	CELL1	Lathe IDLE 2
 8:28:53	in	CELL1	Robot1 BUSY 2
 8:28:58	in	CELL1	Robot1 IDLE 2
 8:28:59	in	CELL1	Lathe BUSY 5 TEST_l.FNC
 8:28:59	in	CELL1	Lathe IDLE 5 TEST_l.FNC
 8:29:00	in	CELL1	Lathe BUSY 3
 8:29:10	in	CELL2	Robot2 IDLE 1
 8:29:10	in	CELL2	Miller BUSY 2
 8:29:10	in	CELL1	Lathe IDLE 3
 8:29:11	in	CELL2	Miller IDLE 2
 8:29:11	in	CELL1	Robot1 BUSY 3
 8:29:12	in	CELL2	Miller BUSY 5 TEST_m.FNC
 8:29:12	in	CELL2	Miller IDLE 5 TEST_m.FNC
 8:29:13	in	CELL2	Miller BUSY 3
 8:29:18	in	CELL1	Robot1 IDLE 3
 8:29:19	in	CELL1	Lathe BUSY 1
 8:29:20	in	CELL1	Lathe IDLE 1
 8:29:20	in	CELL1	Robot1 BUSY 4
 8:29:28	in	CELL2	Miller IDLE 3
 8:29:28	in	CELL2	Miller BUSY 1
 8:29:29	in	CELL2	Miller IDLE 1
 8:29:30	in	CELL2	Robot2 BUSY 2
 8:29:33	in	CELL1	Robot1 IDLE 4
 8:29:33	in	CELL1	Lathe BUSY 1
 8:29:33	in	CELL1	Lathe IDLE 1
 8:29:34	in	CELL1	Robot1 BUSY 5
 8:29:45	in	CELL1	Robot1 IDLE 5
 8:29:46	in	CELL1	Lathe BUSY 2
 8:29:48	in	CELL1	Lathe IDLE 2
 8:29:49	in	CELL1	Robot1 BUSY 2
 8:29:54	in	CELL1	Robot1 IDLE 2
 8:29:54	in	CELL2	Robot2 IDLE 2
 8:29:54	in	CELL1	Lathe BUSY 5 TEST_l.FNC
 8:29:55	in	CELL1	Lathe IDLE 5 TEST_l.FNC
 8:29:55	in	CELL2	IDLE TEST_M.SEQ
 8:29:55	in	CELL1	Lathe BUSY 3
 8:29:56	out	CONVEYOR	DoCommand 3 TEST 3 5 101
 8:29:56	in	CONVEYOR	BUSY 3 TEST 3 5 101
 8:30:06	in	CELL1	Lathe IDLE 3
 8:30:07	in	CELL1	Robot1 BUSY 3
 8:30:13	in	CELL1	Robot1 IDLE 3
 8:30:14	in	CELL1	Lathe BUSY 1
 8:30:15	in	CELL1	Lathe IDLE 1
 8:30:15	in	CELL1	Robot1 BUSY 6
 8:30:21	in	CONVEYOR	IDLE 3 TEST 3 5 101
 8:30:21	out	ASRS	DoCommand 1 PLACE Conveyor
 8:30:21	in	ASRS	BUSY 1 PLACE Conveyor
 8:30:28	in	ASRS	IDLE 1 PLACE Conveyor
 8:30:28	in	CELL1	Robot1 IDLE 6
 8:30:29	out	CONVEYOR	DoCommand 3 TEST 5 1 101
 8:30:29	in	CONVEYOR	BUSY 3 TEST 5 1 101
 8:30:29	in	CELL1	IDLE TEST_L.SEQ
 8:30:30	out	CONVEYOR	DoCommand 3 TEST 2 3 102
 8:30:30	in	CONVEYOR	BUSY 3 TEST 2 3 102
 8:30:31	in	CONVEYOR	IDLE 3 TEST 1 2 103
 8:30:32	out	CELL1	DoCommand TEST_L.SEQ
 8:30:33	in	CELL1	Ready TEST_L.SEQ
 8:30:33	in	CELL1	BUSY TEST_L.SEQ
 8:30:34	in	CELL1	Lathe BUSY 1
 8:30:34	in	CONVEYOR	IDLE 3 TEST 5 1 101
 8:30:34	in	CELL1	Lathe IDLE 1
 8:30:35	out	ASRS	DoCommand 1 PICK Conveyor PLACE TEST
 8:30:35	in	CELL1	Robot1 BUSY 1
 8:30:35	in	ASRS	BUSY 1 PICK Conveyor PLACE TEST
 8:30:38	in	CONVEYOR	IDLE 3 TEST 2 3 102
 8:30:39	out	CELL2	DoCommand TEST_M.SEQ
 8:30:40	in	CELL2	Ready TEST_M.SEQ
 8:30:40	in	CELL2	BUSY TEST_M.SEQ
 8:30:41	in	CELL2	Miller BUSY 1
 8:30:41	in	CELL2	Miller IDLE 1
 8:30:42	in	CELL2	Robot2 BUSY 1
 8:30:47	in	CELL1	Robot1 IDLE 1
 8:30:47	in	CELL1	Lathe BUSY 2
 8:30:49	in	CELL1	Lathe IDLE 2
 8:30:50	in	CELL1	Robot1 BUSY 2
 8:30:54	in	CELL1	Robot1 IDLE 2
 8:30:55	in	ASRS	IDLE 1 PICK Conveyor PLACE TEST
 8:30:55	in	CELL1	Lathe BUSY 5 TEST_l.FNC
 8:30:56	in	CELL1	Lathe IDLE 5 TEST_l.FNC
 8:30:56	in	CELL1	Lathe BUSY 3
 8:31:06	in	CELL2	Robot2 IDLE 1
 8:31:06	in	CELL1	Lathe IDLE 3
 8:31:06	in	CELL2	Miller BUSY 2
 8:31:07	in	CELL1	Robot1 BUSY 3
 8:31:08	in	CELL2	Miller IDLE 2
 8:31:08	in	CELL2	Miller BUSY 5 TEST_m.FNC
 8:31:08	in	CELL2	Miller IDLE 5 TEST_m.FNC
 8:31:09	in	CELL2	Miller BUSY 3
 8:31:14	in	CELL1	Robot1 IDLE 3
 8:31:14	in	CELL1	Lathe BUSY 1
 8:31:16	in	CELL1	Lathe IDLE 1
 8:31:16	in	CELL1	Robot1 BUSY 4
 8:31:23	in	CELL2	Miller IDLE 3
 8:31:25	in	CELL2	Miller BUSY 1
 8:31:25	in	CELL2	Miller IDLE 1
 8:31:25	in	CELL2	Robot2 BUSY 2
 8:31:29	in	CELL1	Robot1 IDLE 4
 8:31:29	in	CELL1	Lathe BUSY 1
 8:31:30	in	CELL1	Lathe IDLE 1
 8:31:30	in	CELL1	Robot1 BUSY 5
 8:31:42	in	CELL1	Robot1 IDLE 5
 8:31:42	in	CELL1	Lathe BUSY 2
 8:31:44	in	CELL1	Lathe IDLE 2
 8:31:44	in	CELL1	Robot1 BUSY 2
 8:31:50	in	CELL1	Robot1 IDLE 2
 8:31:50	in	CELL2	Robot2 IDLE 2
 8:31:50	in	CELL1	Lathe BUSY 5 TEST_l.FNC
 8:31:51	in	CELL1	Lathe IDLE 5 TEST_l.FNC
 8:31:51	in	CELL2	IDLE TEST_M.SEQ
 8:31:51	in	CELL1	Lathe BUSY 3
 8:31:52	out	CONVEYOR	DoCommand 3 TEST 3 5 102
 8:31:52	in	CONVEYOR	BUSY 3 TEST 3 5 102
 8:32:02	in	CELL1	Lathe IDLE 3
 8:32:03	in	CELL1	Robot1 BUSY 3
 8:32:09	in	CELL1	Robot1 IDLE 3
 8:32:10	in	CELL1	Lathe BUSY 1
 8:32:11	in	CELL1	Lathe IDLE 1
 8:32:12	in	CELL1	Robot1 BUSY 6
 8:32:17	in	CONVEYOR	IDLE 3 TEST 3 5 102
 8:32:17	out	ASRS	DoCommand 1 PLACE Conveyor
 8:32:17	in	ASRS	BUSY 1 PLACE Conveyor
 8:32:24	in	CELL1	Robot1 IDLE 6
 8:32:25	in	CELL1	IDLE TEST_L.SEQ
 8:32:25	out	CONVEYOR	DoCommand 3 TEST 2 3 103
 8:32:25	in	CONVEYOR	BUSY 3 TEST 2 3 103
 8:32:31	in	ASRS	IDLE 1 PLACE Conveyor
 8:32:32	out	CONVEYOR	DoCommand 3 TEST 5 1 102
 8:32:32	in	CONVEYOR	BUSY 3 TEST 5 1 102
 8:32:33	in	CONVEYOR	IDLE 3 TEST 2 3 103
 8:32:34	out	CELL2	DoCommand TEST_M.SEQ
 8:32:35	in	CELL2	Ready TEST_M.SEQ
 8:32:35	in	CELL2	BUSY TEST_M.SEQ
 8:32:36	in	CELL2	Miller BUSY 1
 8:32:36	in	CELL2	Miller IDLE 1
 8:32:37	in	CELL2	Robot2 BUSY 1
 8:32:37	in	CONVEYOR	IDLE 3 TEST 5 1 102
 8:32:38	out	ASRS	DoCommand 1 PICK Conveyor PLACE TEST
 8:32:38	in	ASRS	BUSY 1 PICK Conveyor PLACE TEST
 8:32:59	in	ASRS	IDLE 1 PICK Conveyor PLACE TEST
 8:33:01	in	CELL2	Robot2 IDLE 1
 8:33:02	in	CELL2	Miller BUSY 2
 8:33:03	in	CELL2	Miller IDLE 2
 8:33:03	in	CELL2	Miller BUSY 5 TEST_m.FNC
 8:33:03	in	CELL2	Miller IDLE 5 TEST_m.FNC
 8:33:04	in	CELL2	Miller BUSY 3
 8:33:19	in	CELL2	Miller IDLE 3
 8:33:20	in	CELL2	Miller BUSY 1
 8:33:20	in	CELL2	Miller IDLE 1
 8:33:21	in	CELL2	Robot2 BUSY 2
 8:33:45	in	CELL2	Robot2 IDLE 2
 8:33:46	in	CELL2	IDLE TEST_M.SEQ
 8:33:46	out	CONVEYOR	DoCommand 3 TEST 3 5 103
 8:33:46	in	CONVEYOR	BUSY 3 TEST 3 5 103
 8:34:11	in	CONVEYOR	IDLE 3 TEST 3 5 103
 8:34:11	out	ASRS	DoCommand 1 PLACE Conveyor
 8:34:11	in	ASRS	BUSY 1 PLACE Conveyor
 8:34:27	in	ASRS	IDLE 1 PLACE Conveyor
 8:34:28	out	CONVEYOR	DoCommand 3 TEST 5 1 103
 8:34:28	in	CONVEYOR	BUSY 3 TEST 5 1 103
 8:34:33	in	CONVEYOR	IDLE 3 TEST 5 1 103
 8:34:34	out	ASRS	DoCommand 1 PICK Conveyor PLACE TEST
 8:34:34	in	ASRS	BUSY 1 PICK Conveyor PLACE TEST
 8:34:56	in	ASRS	IDLE 1 PICK Conveyor PLACE TEST
 8:34:56	STOP
20/04/2005	Close Log

20/04/2005	Open Log
 8:35:50	Disconnected from Delay
 8:38:31	START
 8:38:31	out	ASRS	DoCommand 1 PICK TEST PLACE CONVEYOR PICK CONVEYOR
 8:38:31	in	ASRS	BUSY 1 PICK TEST PLACE CONVEYOR PICK CONVEYOR
 8:39:04	in	ASRS	IDLE 1 PICK TEST PLACE CONVEYOR PICK CONVEYOR
 8:39:05	out	CONVEYOR	DoCommand 3 TEST 1 2 101
 8:39:05	out	ASRS	DoCommand 1 PICK TEST PLACE CONVEYOR PICK CONVEYOR
 8:39:05	in	ASRS	BUSY 1 PICK TEST PLACE CONVEYOR PICK CONVEYOR
 8:39:05	in	CONVEYOR	BUSY 3 TEST 1 2 101
 8:39:08	in	CONVEYOR	IDLE 3 TEST 1 2 101
 8:39:09	out	CELL1	DoCommand TEST_L.SEQ
 8:39:10	in	CELL1	Ready TEST_L.SEQ
 8:39:10	in	CELL1	BUSY TEST_L.SEQ
 8:39:11	in	CELL1	Lathe BUSY 1
 8:39:11	in	CELL1	Lathe IDLE 1
 8:39:12	in	CELL1	Robot1 BUSY 1
 8:39:24	in	CELL1	Robot1 IDLE 1
 8:39:25	in	CELL1	Lathe BUSY 2
 8:39:26	in	CELL1	Lathe IDLE 2
 8:39:26	in	CELL1	Robot1 BUSY 2
 8:39:31	in	CELL1	Robot1 IDLE 2
 8:39:32	in	CELL1	Lathe BUSY 5 TEST_l.FNC
 8:39:32	in	CELL1	Lathe IDLE 5 TEST_l.FNC
 8:39:33	in	CELL1	Lathe BUSY 3
 8:39:43	in	CELL1	Lathe IDLE 3
 8:39:43	in	ASRS	IDLE 1 PICK TEST PLACE CONVEYOR PICK CONVEYOR
 8:39:43	in	CELL1	Robot1 BUSY 3
 8:39:44	out	CONVEYOR	DoCommand 3 TEST 1 2 102
 8:39:44	out	ASRS	DoCommand 1 PICK TEST PLACE CONVEYOR PICK CONVEYOR
 8:39:44	in	ASRS	BUSY 1 PICK TEST PLACE CONVEYOR PICK CONVEYOR
 8:39:44	in	CONVEYOR	BUSY 3 TEST 1 2 102
 8:39:50	in	CELL1	Robot1 IDLE 3
 8:39:51	in	CELL1	Lathe BUSY 1
 8:39:52	in	CELL1	Lathe IDLE 1
 8:39:52	in	CELL1	Robot1 BUSY 4
 8:40:05	in	CELL1	Robot1 IDLE 4
 8:40:05	in	CELL1	Lathe BUSY 1
 8:40:05	in	CELL1	Lathe IDLE 1
 8:40:06	in	CELL1	Robot1 BUSY 5
 8:40:18	in	CELL1	Robot1 IDLE 5
 8:40:18	in	CELL1	Lathe BUSY 2
 8:40:20	in	CELL1	Lathe IDLE 2
 8:40:21	in	CELL1	Robot1 BUSY 2
 8:40:25	in	ASRS	IDLE 1 PICK TEST PLACE CONVEYOR PICK CONVEYOR
 8:40:26	out	CONVEYOR	DoCommand 3 TEST 1 2 103
 8:40:26	in	CONVEYOR	BUSY 3 TEST 1 2 103
 8:40:26	in	CELL1	Robot1 IDLE 2
 8:40:26	in	CELL1	Lathe BUSY 5 TEST_l.FNC
 8:40:27	in	CELL1	Lathe IDLE 5 TEST_l.FNC
 8:40:27	in	CELL1	Lathe BUSY 3
 8:40:37	in	CELL1	Lathe IDLE 3
 8:40:37	in	CELL1	Robot1 BUSY 3
 8:40:44	in	CELL1	Robot1 IDLE 3
 8:40:45	in	CELL1	Lathe BUSY 1
 8:40:46	in	CELL1	Lathe IDLE 1
 8:40:47	in	CELL1	Robot1 BUSY 6
 8:40:59	in	CELL1	Robot1 IDLE 6
 8:41:00	in	CELL1	IDLE TEST_L.SEQ
 8:41:01	out	CONVEYOR	DoCommand 3 TEST 2 3 101
 8:41:01	in	CONVEYOR	BUSY 3 TEST 2 3 101
 8:41:02	in	CONVEYOR	IDLE 3 TEST 1 2 102
 8:41:03	out	CELL1	DoCommand TEST_L.SEQ
 8:41:04	in	CELL1	Ready TEST_L.SEQ
 8:41:04	in	CELL1	BUSY TEST_L.SEQ
 8:41:05	in	CELL1	Lathe BUSY 1
 8:41:05	in	CELL1	Lathe IDLE 1
 8:41:05	in	CELL1	Robot1 BUSY 1
 8:41:09	in	CONVEYOR	IDLE 3 TEST 2 3 101
 8:41:10	out	CELL2	DoCommand TEST_M.SEQ
 8:41:11	in	CELL2	Ready TEST_M.SEQ
 8:41:11	in	CELL2	BUSY TEST_M.SEQ
 8:41:12	in	CELL2	Miller BUSY 1
 8:41:12	in	CELL2	Miller IDLE 1
 8:41:13	in	CELL2	Robot2 BUSY 1
 8:41:18	in	CELL1	Robot1 IDLE 1
 8:41:18	in	CELL1	Lathe BUSY 2
 8:41:20	in	CELL1	Lathe IDLE 2
 8:41:20	in	CELL1	Robot1 BUSY 2
 8:41:26	in	CELL1	Robot1 IDLE 2
 8:41:26	in	CELL1	Lathe BUSY 5 TEST_l.FNC
 8:41:27	in	CELL1	Lathe IDLE 5 TEST_l.FNC
 8:41:27	in	CELL1	Lathe BUSY 3
 8:41:37	in	CELL2	Robot2 IDLE 1
 8:41:37	in	CELL1	Lathe IDLE 3
 8:41:38	in	CELL2	Miller BUSY 2
 8:41:38	in	CELL1	Robot1 BUSY 3
 8:41:39	in	CELL2	Miller IDLE 2
 8:41:39	in	CELL2	Miller BUSY 5 TEST_m.FNC
 8:41:40	in	CELL2	Miller IDLE 5 TEST_m.FNC
 8:41:40	in	CELL2	Miller BUSY 3
 8:41:45	in	CELL1	Robot1 IDLE 3
 8:41:45	in	CELL1	Lathe BUSY 1
 8:41:47	in	CELL1	Lathe IDLE 1
 8:41:48	in	CELL1	Robot1 BUSY 4
 8:41:55	in	CELL2	Miller IDLE 3
 8:41:56	in	CELL2	Miller BUSY 1
 8:41:56	in	CELL2	Miller IDLE 1
 8:41:57	in	CELL2	Robot2 BUSY 2
 8:41:59	in	CELL1	Robot1 IDLE 4
 8:42:00	in	CELL1	Lathe BUSY 1
 8:42:00	in	CELL1	Lathe IDLE 1
 8:42:01	in	CELL1	Robot1 BUSY 5
 8:42:12	in	CELL1	Robot1 IDLE 5
 8:42:13	in	CELL1	Lathe BUSY 2
 8:42:15	in	CELL1	Lathe IDLE 2
 8:42:15	in	CELL1	Robot1 BUSY 2
 8:42:21	in	CELL1	Robot1 IDLE 2
 8:42:21	in	CELL2	Robot2 IDLE 2
 8:42:21	in	CELL1	Lathe BUSY 5 TEST_l.FNC
 8:42:21	in	CELL1	Lathe IDLE 5 TEST_l.FNC
 8:42:22	in	CELL2	IDLE TEST_M.SEQ
 8:42:22	in	CELL1	Lathe BUSY 3
 8:42:23	out	CONVEYOR	DoCommand 3 TEST 3 5 101
 8:42:23	in	CONVEYOR	BUSY 3 TEST 3 5 101
 8:42:32	in	CELL1	Lathe IDLE 3
 8:42:32	in	CELL1	Robot1 BUSY 3
 8:42:39	in	CELL1	Robot1 IDLE 3
 8:42:40	in	CELL1	Lathe BUSY 1
 8:42:41	in	CELL1	Lathe IDLE 1
 8:42:41	in	CELL1	Robot1 BUSY 6
 8:42:48	in	CONVEYOR	IDLE 3 TEST 3 5 101
 8:42:49	out	ASRS	DoCommand 1 PLACE Conveyor
 8:42:49	in	ASRS	BUSY 1 PLACE Conveyor
 8:42:54	in	CELL1	Robot1 IDLE 6
 8:42:55	in	CELL1	IDLE TEST_L.SEQ
 8:42:56	out	CONVEYOR	DoCommand 3 TEST 2 3 102
 8:42:56	in	CONVEYOR	BUSY 3 TEST 2 3 102
 8:42:56	in	ASRS	IDLE 1 PLACE Conveyor
 8:42:57	out	CONVEYOR	DoCommand 3 TEST 5 1 101
 8:42:57	in	CONVEYOR	BUSY 3 TEST 5 1 101
 8:42:58	in	CONVEYOR	IDLE 3 TEST 1 2 103
 8:42:58	out	CELL1	DoCommand TEST_L.SEQ
 8:42:59	in	CELL1	Ready TEST_L.SEQ
 8:42:59	in	CELL1	BUSY TEST_L.SEQ
 8:43:00	in	CELL1	Lathe BUSY 1
 8:43:00	in	CELL1	Lathe IDLE 1
 8:43:01	in	CELL1	Robot1 BUSY 1
 8:43:02	in	CONVEYOR	IDLE 3 TEST 5 1 101
 8:43:03	out	ASRS	DoCommand 1 PICK Conveyor PLACE TEST
 8:43:03	in	ASRS	BUSY 1 PICK Conveyor PLACE TEST
 8:43:04	in	CONVEYOR	IDLE 3 TEST 2 3 102
 8:43:05	out	CELL2	DoCommand TEST_M.SEQ
 8:43:06	in	CELL2	Ready TEST_M.SEQ
 8:43:06	in	CELL2	BUSY TEST_M.SEQ
 8:43:07	in	CELL2	Miller BUSY 1
 8:43:07	in	CELL2	Miller IDLE 1
 8:43:08	in	CELL2	Robot2 BUSY 1
 8:43:13	in	CELL1	Robot1 IDLE 1
 8:43:13	in	CELL1	Lathe BUSY 2
 8:43:15	in	CELL1	Lathe IDLE 2
 8:43:15	in	CELL1	Robot1 BUSY 2
 8:43:20	in	CELL1	Robot1 IDLE 2
 8:43:21	in	CELL1	Lathe BUSY 5 TEST_l.FNC
 8:43:22	in	CELL1	Lathe IDLE 5 TEST_l.FNC
 8:43:22	in	CELL1	Lathe BUSY 3
 8:43:23	in	ASRS	IDLE 1 PICK Conveyor PLACE TEST
 8:43:32	in	CELL2	Robot2 IDLE 1
 8:43:32	in	CELL1	Lathe IDLE 3
 8:43:32	in	CELL2	Miller BUSY 2
 8:43:33	in	CELL1	Robot1 BUSY 3
 8:43:34	in	CELL2	Miller IDLE 2
 8:43:34	in	CELL2	Miller BUSY 5 TEST_m.FNC
 8:43:34	in	CELL2	Miller IDLE 5 TEST_m.FNC
 8:43:35	in	CELL2	Miller BUSY 3
 8:43:40	in	CELL1	Robot1 IDLE 3
 8:43:41	in	CELL1	Lathe BUSY 1
 8:43:42	in	CELL1	Lathe IDLE 1
 8:43:42	in	CELL1	Robot1 BUSY 4
 8:43:49	in	CELL2	Miller IDLE 3
 8:43:50	in	CELL2	Miller BUSY 1
 8:43:50	in	CELL2	Miller IDLE 1
 8:43:51	in	CELL2	Robot2 BUSY 2
 8:43:55	in	CELL1	Robot1 IDLE 4
 8:43:56	in	CELL1	Lathe BUSY 1
 8:43:56	in	CELL1	Lathe IDLE 1
 8:43:56	in	CELL1	Robot1 BUSY 5
 8:44:08	in	CELL1	Robot1 IDLE 5
 8:44:09	in	CELL1	Lathe BUSY 2
 8:44:10	in	CELL1	Lathe IDLE 2
 8:44:11	in	CELL1	Robot1 BUSY 2
 8:44:15	in	CELL2	Robot2 IDLE 2
 8:44:16	in	CELL1	Robot1 IDLE 2
 8:44:16	in	CELL2	IDLE TEST_M.SEQ
 8:44:16	in	CELL1	Lathe BUSY 5 TEST_l.FNC
 8:44:17	in	CELL1	Lathe IDLE 5 TEST_l.FNC
 8:44:17	out	CONVEYOR	DoCommand 3 TEST 3 5 102
 8:44:17	in	CONVEYOR	BUSY 3 TEST 3 5 102
 8:44:17	in	CELL1	Lathe BUSY 3
 8:44:28	in	CELL1	Lathe IDLE 3
 8:44:29	in	CELL1	Robot1 BUSY 3
 8:44:35	in	CELL1	Robot1 IDLE 3
 8:44:36	in	CELL1	Lathe BUSY 1
 8:44:37	in	CELL1	Lathe IDLE 1
 8:44:38	in	CELL1	Robot1 BUSY 6
 8:44:42	in	CONVEYOR	IDLE 3 TEST 3 5 102
 8:44:42	out	ASRS	DoCommand 1 PLACE Conveyor
 8:44:42	in	ASRS	BUSY 1 PLACE Conveyor
 8:44:50	in	CELL1	Robot1 IDLE 6
 8:44:51	in	CELL1	IDLE TEST_L.SEQ
 8:44:51	out	CONVEYOR	DoCommand 3 TEST 2 3 103
 8:44:51	in	CONVEYOR	BUSY 3 TEST 2 3 103
 8:44:56	in	ASRS	IDLE 1 PLACE Conveyor
 8:44:57	out	CONVEYOR	DoCommand 3 TEST 5 1 102
 8:44:57	in	CONVEYOR	BUSY 3 TEST 5 1 102
 8:44:59	in	CONVEYOR	IDLE 3 TEST 2 3 103
 8:45:00	out	CELL2	DoCommand TEST_M.SEQ
 8:45:01	in	CELL2	Ready TEST_M.SEQ
 8:45:01	in	CELL2	BUSY TEST_M.SEQ
 8:45:02	in	CELL2	Miller BUSY 1
 8:45:02	in	CELL2	Miller IDLE 1
 8:45:02	in	CONVEYOR	IDLE 3 TEST 5 1 102
 8:45:03	in	CELL2	Robot2 BUSY 1
 8:45:03	out	ASRS	DoCommand 1 PICK Conveyor PLACE TEST
 8:45:03	in	ASRS	BUSY 1 PICK Conveyor PLACE TEST
 8:45:24	in	ASRS	IDLE 1 PICK Conveyor PLACE TEST
 8:45:27	in	CELL2	Robot2 IDLE 1
 8:45:28	in	CELL2	Miller BUSY 2
 8:45:29	in	CELL2	Miller IDLE 2
 8:45:29	in	CELL2	Miller BUSY 5 TEST_m.FNC
 8:45:29	in	CELL2	Miller IDLE 5 TEST_m.FNC
 8:45:30	in	CELL2	Miller BUSY 3
 8:45:45	in	CELL2	Miller IDLE 3
 8:45:45	in	CELL2	Miller BUSY 1
 8:45:46	in	CELL2	Miller IDLE 1
 8:45:47	in	CELL2	Robot2 BUSY 2
 8:46:11	in	CELL2	Robot2 IDLE 2
 8:46:12	in	CELL2	IDLE TEST_M.SEQ
 8:46:13	out	CONVEYOR	DoCommand 3 TEST 3 5 103
 8:46:13	in	CONVEYOR	BUSY 3 TEST 3 5 103
 8:46:38	in	CONVEYOR	IDLE 3 TEST 3 5 103
 8:46:38	out	ASRS	DoCommand 1 PLACE Conveyor
 8:46:38	in	ASRS	BUSY 1 PLACE Conveyor
 8:46:54	in	ASRS	IDLE 1 PLACE Conveyor
 8:46:55	out	CONVEYOR	DoCommand 3 TEST 5 1 103
 8:46:55	in	CONVEYOR	BUSY 3 TEST 5 1 103
 8:47:00	in	CONVEYOR	IDLE 3 TEST 5 1 103
 8:47:01	out	ASRS	DoCommand 1 PICK Conveyor PLACE TEST
 8:47:01	in	ASRS	BUSY 1 PICK Conveyor PLACE TEST
 8:47:23	in	ASRS	IDLE 1 PICK Conveyor PLACE TEST
 8:47:23	STOP
20/04/2005	Close Log

20/04/2005	Open Log
 8:49:05	Disconnected from Delay
 8:52:36	START
 8:52:36	out	ASRS	DoCommand 1 PICK TEST PLACE CONVEYOR PICK CONVEYOR
 8:52:37	in	ASRS	BUSY 1 PICK TEST PLACE CONVEYOR PICK CONVEYOR
 8:53:12	in	ASRS	IDLE 1 PICK TEST PLACE CONVEYOR PICK CONVEYOR
 8:53:12	out	CONVEYOR	DoCommand 3 TEST 1 2 101
 8:53:12	out	ASRS	DoCommand 1 PICK TEST PLACE CONVEYOR PICK CONVEYOR
 8:53:12	in	ASRS	BUSY 1 PICK TEST PLACE CONVEYOR PICK CONVEYOR
 8:53:12	in	CONVEYOR	BUSY 3 TEST 1 2 101
 8:53:12	in	CONVEYOR	IDLE 3 TEST 1 2 101
 8:53:13	out	CELL1	DoCommand TEST_L.SEQ
 8:53:15	in	CELL1	Ready TEST_L.SEQ
 8:53:16	in	CELL1	BUSY TEST_L.SEQ
 8:53:16	in	CELL1	Lathe BUSY 1
 8:53:17	in	CELL1	Lathe IDLE 1
 8:53:18	in	CELL1	Robot1 BUSY 1
 8:53:30	in	CELL1	Robot1 IDLE 1
 8:53:30	in	CELL1	Lathe BUSY 2
 8:53:32	in	CELL1	Lathe IDLE 2
 8:53:32	in	CELL1	Robot1 BUSY 2
 8:53:38	in	CELL1	Robot1 IDLE 2
 8:53:39	in	CELL1	Lathe BUSY 5 TEST_l.FNC
 8:53:40	in	CELL1	Lathe IDLE 5 TEST_l.FNC
 8:53:40	in	CELL1	Lathe BUSY 3
 8:53:50	in	ASRS	IDLE 1 PICK TEST PLACE CONVEYOR PICK CONVEYOR
 8:53:51	in	CELL1	Lathe IDLE 3
 8:53:51	out	CONVEYOR	DoCommand 3 TEST 1 2 102
 8:53:51	out	ASRS	DoCommand 1 PICK TEST PLACE CONVEYOR PICK CONVEYOR
 8:53:51	in	CELL1	Robot1 BUSY 3
 8:53:51	in	ASRS	BUSY 1 PICK TEST PLACE CONVEYOR PICK CONVEYOR
 8:53:51	in	CONVEYOR	BUSY 3 TEST 1 2 102
 8:53:58	in	CELL1	Robot1 IDLE 3
 8:53:59	in	CELL1	Lathe BUSY 1
 8:54:01	in	CELL1	Lathe IDLE 1
 8:54:01	in	CELL1	Robot1 BUSY 4
 8:54:14	in	CELL1	Robot1 IDLE 4
 8:54:15	in	CELL1	Lathe BUSY 1
 8:54:15	in	CELL1	Lathe IDLE 1
 8:54:16	in	CELL1	Robot1 BUSY 5
 8:54:28	in	CELL1	Robot1 IDLE 5
 8:54:28	in	CELL1	Lathe BUSY 2
 8:54:30	in	CELL1	Lathe IDLE 2
 8:54:31	in	CELL1	Robot1 BUSY 2
 8:54:33	in	ASRS	IDLE 1 PICK TEST PLACE CONVEYOR PICK CONVEYOR
 8:54:33	out	CONVEYOR	DoCommand 3 TEST 1 2 103
 8:54:33	in	CONVEYOR	BUSY 3 TEST 1 2 103
 8:54:36	in	CELL1	Robot1 IDLE 2
 8:54:36	in	CELL1	Lathe BUSY 5 TEST_l.FNC
 8:54:37	in	CELL1	Lathe IDLE 5 TEST_l.FNC
 8:54:37	in	CELL1	Lathe BUSY 3
 8:54:47	in	CELL1	Lathe IDLE 3
 8:54:48	in	CELL1	Robot1 BUSY 3
 8:54:54	in	CELL1	Robot1 IDLE 3
 8:54:55	in	CELL1	Lathe BUSY 1
 8:54:56	in	CELL1	Lathe IDLE 1
 8:54:57	in	CELL1	Robot1 BUSY 6
 8:55:09	in	CELL1	Robot1 IDLE 6
 8:55:10	in	CELL1	IDLE TEST_L.SEQ
 8:55:10	out	CONVEYOR	DoCommand 3 TEST 2 3 101
 8:55:10	in	CONVEYOR	BUSY 3 TEST 2 3 101
 8:55:11	in	CONVEYOR	IDLE 3 TEST 1 2 102
 8:55:12	out	CELL1	DoCommand TEST_L.SEQ
 8:55:13	in	CELL1	Ready TEST_L.SEQ
 8:55:13	in	CELL1	BUSY TEST_L.SEQ
 8:55:14	in	CELL1	Lathe BUSY 1
 8:55:14	in	CELL1	Lathe IDLE 1
 8:55:15	in	CELL1	Robot1 BUSY 1
 8:55:18	in	CONVEYOR	IDLE 3 TEST 2 3 101
 8:55:19	out	CELL2	DoCommand TEST_M.SEQ
 8:55:20	in	CELL2	Ready TEST_M.SEQ
 8:55:20	in	CELL2	BUSY TEST_M.SEQ
 8:55:21	in	CELL2	Miller BUSY 1
 8:55:21	in	CELL2	Miller IDLE 1
 8:55:22	in	CELL2	Robot2 BUSY 1
 8:55:27	in	CELL1	Robot1 IDLE 1
 8:55:28	in	CELL1	Lathe BUSY 2
 8:55:29	in	CELL1	Lathe IDLE 2
 8:55:30	in	CELL1	Robot1 BUSY 2
 8:55:35	in	CELL1	Robot1 IDLE 2
 8:55:36	in	CELL1	Lathe BUSY 5 TEST_l.FNC
 8:55:36	in	CELL1	Lathe IDLE 5 TEST_l.FNC
 8:55:37	in	CELL1	Lathe BUSY 3
 8:55:46	in	CELL2	Robot2 IDLE 1
 8:55:46	in	CELL1	Lathe IDLE 3
 8:55:47	in	CELL1	Robot1 BUSY 3
 8:55:47	in	CELL2	Miller BUSY 2
 8:55:48	in	CELL2	Miller IDLE 2
 8:55:48	in	CELL2	Miller BUSY 5 TEST_m.FNC
 8:55:49	in	CELL2	Miller IDLE 5 TEST_m.FNC
 8:55:50	in	CELL2	Miller BUSY 3
 8:55:54	in	CELL1	Robot1 IDLE 3
 8:55:54	in	CELL1	Lathe BUSY 1
 8:55:56	in	CELL1	Lathe IDLE 1
 8:55:57	in	CELL1	Robot1 BUSY 4
 8:56:04	in	CELL2	Miller IDLE 3
 8:56:04	in	CELL2	Miller BUSY 1
 8:56:05	in	CELL2	Miller IDLE 1
 8:56:06	in	CELL2	Robot2 BUSY 2
 8:56:09	in	CELL1	Robot1 IDLE 4
 8:56:09	in	CELL1	Lathe BUSY 1
 8:56:09	in	CELL1	Lathe IDLE 1
 8:56:10	in	CELL1	Robot1 BUSY 5
 8:56:22	in	CELL1	Robot1 IDLE 5
 8:56:23	in	CELL1	Lathe BUSY 2
 8:56:24	in	CELL1	Lathe IDLE 2
 8:56:25	in	CELL1	Robot1 BUSY 2
 8:56:30	in	CELL1	Robot1 IDLE 2
 8:56:30	in	CELL2	Robot2 IDLE 2
 8:56:30	in	CELL1	Lathe BUSY 5 TEST_l.FNC
 8:56:31	in	CELL1	Lathe IDLE 5 TEST_l.FNC
 8:56:31	in	CELL2	IDLE TEST_M.SEQ
 8:56:31	in	CELL1	Lathe BUSY 3
 8:56:32	out	CONVEYOR	DoCommand 3 TEST 3 5 101
 8:56:32	in	CONVEYOR	BUSY 3 TEST 3 5 101
 8:56:41	in	CELL1	Lathe IDLE 3
 8:56:42	in	CELL1	Robot1 BUSY 3
 8:56:48	in	CELL1	Robot1 IDLE 3
 8:56:49	in	CELL1	Lathe BUSY 1
 8:56:50	in	CELL1	Lathe IDLE 1
 8:56:51	in	CELL1	Robot1 BUSY 6
 8:56:57	in	CONVEYOR	IDLE 3 TEST 3 5 101
 8:56:57	out	ASRS	DoCommand 1 PLACE Conveyor
 8:56:57	in	ASRS	BUSY 1 PLACE Conveyor
 8:57:04	in	CELL1	Robot1 IDLE 6
 8:57:04	in	ASRS	IDLE 1 PLACE Conveyor
 8:57:04	in	CELL1	IDLE TEST_L.SEQ
 8:57:05	out	CONVEYOR	DoCommand 3 TEST 5 1 101
 8:57:05	out	CONVEYOR	DoCommand 3 TEST 2 3 102
 8:57:05	in	CONVEYOR	BUSY 3 TEST 5 1 101
 8:57:05	in	CONVEYOR	BUSY 3 TEST 2 3 102
 8:57:06	in	CONVEYOR	IDLE 3 TEST 1 2 103
 8:57:07	out	CELL1	DoCommand TEST_L.SEQ
 8:57:08	in	CELL1	Ready TEST_L.SEQ
 8:57:08	in	CELL1	BUSY TEST_L.SEQ
 8:57:09	in	CELL1	Lathe BUSY 1
 8:57:09	in	CELL1	Lathe IDLE 1
 8:57:10	in	CONVEYOR	IDLE 3 TEST 5 1 101
 8:57:10	in	CELL1	Robot1 BUSY 1
 8:57:11	out	ASRS	DoCommand 1 PICK Conveyor PLACE TEST
 8:57:11	in	ASRS	BUSY 1 PICK Conveyor PLACE TEST
 8:57:13	in	CONVEYOR	IDLE 3 TEST 2 3 102
 8:57:14	out	CELL2	DoCommand TEST_M.SEQ
 8:57:15	in	CELL2	Ready TEST_M.SEQ
 8:57:15	in	CELL2	BUSY TEST_M.SEQ
 8:57:16	in	CELL2	Miller BUSY 1
 8:57:16	in	CELL2	Miller IDLE 1
 8:57:16	in	CELL2	Robot2 BUSY 1
 8:57:22	in	CELL1	Robot1 IDLE 1
 8:57:22	in	CELL1	Lathe BUSY 2
 8:57:24	in	CELL1	Lathe IDLE 2
 8:57:25	in	CELL1	Robot1 BUSY 2
 8:57:30	in	CELL1	Robot1 IDLE 2
 8:57:30	in	CELL1	Lathe BUSY 5 TEST_l.FNC
 8:57:31	in	CELL1	Lathe IDLE 5 TEST_l.FNC
 8:57:31	in	CELL1	Lathe BUSY 3
 8:57:31	in	ASRS	IDLE 1 PICK Conveyor PLACE TEST
 8:57:41	in	CELL2	Robot2 IDLE 1
 8:57:42	in	CELL2	Miller BUSY 2
 8:57:42	in	CELL1	Lathe IDLE 3
 8:57:42	in	CELL2	Miller IDLE 2
 8:57:43	in	CELL1	Robot1 BUSY 3
 8:57:43	in	CELL2	Miller BUSY 5 TEST_m.FNC
 8:57:44	in	CELL2	Miller IDLE 5 TEST_m.FNC
 8:57:44	in	CELL2	Miller BUSY 3
 8:57:49	in	CELL1	Robot1 IDLE 3
 8:57:50	in	CELL1	Lathe BUSY 1
 8:57:51	in	CELL1	Lathe IDLE 1
 8:57:51