12:11:2004
 8:19:09	BUSY 2
 8:20:28	ERROR RS232 Download aborted
 8:20:34	IDLE
 8:20:38	BUSY 2
 8:20:45	ERROR RS232 Download aborted
 8:20:48	IDLE
19:11:2004
 9:10:31	BUSY 1
 9:10:42	IDLE 1
 9:11:05	BUSY 2
 9:11:58	ERROR RS232 Download aborted
 9:12:03	IDLE
 9:12:09	BUSY 2
 9:12:38	IDLE 2
 9:14:01	BUSY 2
 9:14:29	IDLE 2
 9:17:35	BUSY 2
 9:18:04	IDLE 2
19:11:2004
 9:28:29	BUSY 2
 9:28:57	IDLE 2
 9:31:22	BUSY 2
 9:31:50	IDLE 2
19:11:2004
 9:33:40	BUSY 2
 9:34:08	IDLE 2
 9:38:24	BUSY 2
 9:38:52	IDLE 2
 9:39:31	BUSY 2
 9:39:59	IDLE 2
 9:45:55	BUSY 2
 9:46:23	IDLE 2
 9:48:15	BUSY 2
 9:48:42	IDLE 2
 9:51:45	BUSY 2
 9:52:13	IDLE 2
19:11:2004
12:19:13	BUSY 2
12:19:35	ERROR RS232 Download aborted
12:19:39	IDLE
12:20:21	BUSY 2
12:20:27	ERROR RS232 Download aborted
12:20:30	IDLE
19:11:2004
12:21:38	BUSY 1
12:21:51	ERROR RS232 Download aborted
12:21:54	IDLE
12:23:11	BUSY 1
12:23:19	ERROR RS232 Download aborted
12:23:22	IDLE
19:11:2004
12:25:03	BUSY 1
12:25:10	ERROR RS232 Download aborted
12:25:11	IDLE
22:11:2004
 8:49:58	BUSY 2
22:11:2004
22:11:2004
16:05:2005
16:05:2005
18:05:2005
18:05:2005
12:00:32	BUSY 2
12:01:01	IDLE 2
12:01:07	BUSY 3
12:01:34	IDLE 3
12:01:37	BUSY 2
12:02:07	IDLE 2
12:02:10	BUSY 3
12:02:37	IDLE 3
15:44:41	BUSY 2
15:45:10	IDLE 2
15:47:28	BUSY 3
15:47:55	IDLE 3
16:28:54	BUSY 2
16:29:23	IDLE 2
16:31:48	BUSY 3
16:32:15	IDLE 3
16:35:30	BUSY 2
16:35:59	IDLE 2
16:41:36	BUSY 2
16:42:05	IDLE 2
16:43:54	BUSY 3
16:44:21	IDLE 3
16:44:33	BUSY 2
16:45:02	IDLE 2
16:46:51	BUSY 3
16:47:18	IDLE 3
20:05:2005
18:03:11	BUSY 1
18:03:31	IDLE
18:03:39	BUSY 1
18:04:50	IDLE 1
18:21:44	BUSY 2
18:22:14	IDLE 2
18:27:54	BUSY 3
18:28:21	IDLE 3
18:31:37	BUSY 2
18:32:06	IDLE 2
18:34:38	BUSY 3
18:35:05	IDLE 3
18:44:55	BUSY 2
18:45:24	IDLE 2
18:46:37	BUSY 3
18:47:03	IDLE 3
18:48:41	BUSY 2
18:49:10	IDLE 2
18:50:24	BUSY 3
18:50:50	IDLE 3
20:05:2005
19:10:36	BUSY 2
19:11:05	IDLE 2
19:17:38	BUSY 2
19:18:07	IDLE 2
19:21:28	BUSY 2
19:21:57	IDLE 2
19:23:47	BUSY 3
19:24:13	IDLE 3
19:25:02	BUSY 2
19:25:31	IDLE 2
19:27:21	BUSY 3
19:27:47	IDLE 3
30:06:2005
14:12:21	BUSY 1
14:13:01	IDLE 1
14:13:47	BUSY 2
14:14:16	IDLE 2
30:06:2005
14:16:57	BUSY 2
14:17:27	IDLE 2
14:19:38	BUSY 2
14:20:08	IDLE 2
30:06:2005
14:24:36	BUSY 2
14:25:05	IDLE 2
30:06:2005
14:27:50	BUSY 2
14:28:22	IDLE 2
14:34:56	BUSY 1
14:35:36	IDLE 1
14:36:38	BUSY 2
14:37:08	IDLE 2
30:06:2005
14:39:18	BUSY 2
14:39:47	IDLE 2
14:41:40	BUSY 2
14:42:08	IDLE 2
14:43:10	BUSY 2
14:43:39	IDLE 2
14:53:07	BUSY 2
14:53:36	IDLE 2
30:06:2005
14:58:32	BUSY 2
14:59:01	IDLE 2
30:06:2005
15:09:37	BUSY 2
15:10:05	IDLE 2
15:23:26	BUSY 2
15:23:55	IDLE 2
16:18:29	BUSY 2
16:18:58	IDLE 2
30:06:2005
30:06:2005
30:06:2005
17:10:24	BUSY 2
17:10:54	IDLE 2
17:12:37	BUSY 2
17:13:06	IDLE 2
30:06:2005
17:19:55	BUSY 2
17:20:25	IDLE 2
17:21:41	BUSY 3
17:22:07	IDLE 3
17:22:33	BUSY 2
17:23:02	IDLE 2
17:24:54	BUSY 3
17:25:20	IDLE 3
17:26:03	BUSY 2
17:26:32	IDLE 2
17:36:27	BUSY 2
17:36:56	IDLE 2
17:38:45	BUSY 3
17:39:12	IDLE 3
17:39:33	BUSY 2
17:40:04	IDLE 2
17:41:53	BUSY 3
17:42:20	IDLE 3
17:43:53	BUSY 2
17:44:22	IDLE 2
17:45:35	BUSY 3
17:46:01	IDLE 3
17:46:16	BUSY 2
17:46:45	IDLE 2
17:47:59	BUSY 3
17:48:26	IDLE 3
17:49:29	BUSY 2
17:49:58	IDLE 2
17:51:46	BUSY 3
17:52:13	IDLE 3
17:53:20	BUSY 2
17:53:49	IDLE 2
17:55:37	BUSY 3
17:56:04	IDLE 3
17:56:34	BUSY 2
17:57:04	IDLE 2
17:58:44	BUSY 3
17:59:10	IDLE 3
17:59:41	BUSY 2
18:00:10	IDLE 2
18:01:52	BUSY 3
18:02:18	IDLE 3
18:02:42	BUSY 2
18:03:12	IDLE 2
18:05:02	BUSY 3
18:05:28	IDLE 3
01:07:2005
 8:55:32	BUSY 2
01:07:2005
 8:57:59	BUSY 0
 8:57:59	BUSY 0
 8:58:43	IDLE
 8:59:07	BUSY 1
 8:59:19	IDLE 1
 8:59:36	BUSY 2
 9:00:05	IDLE 2
 9:02:02	BUSY 3
 9:02:29	IDLE 3
11:07:47	BUSY 2
11:08:16	IDLE 2
11:10:14	BUSY 3
11:10:41	IDLE 3
11:15:16	BUSY 2
11:15:44	IDLE 2
11:17:42	BUSY 3
11:18:09	IDLE 3
12:11:59	BUSY 2
12:12:28	IDLE 2
12:14:26	BUSY 3
12:14:52	IDLE 3
12:19:27	BUSY 2
12:19:56	IDLE 2
13:10:07	BUSY 2
13:10:37	IDLE 2
13:12:35	BUSY 3
13:13:00	IDLE 3
13:17:24	BUSY 2
13:17:52	IDLE 2
13:19:49	BUSY 3
13:20:15	IDLE 3
13:25:09	BUSY 2
13:25:38	IDLE 2
13:26:55	BUSY 3
13:27:22	IDLE 3
13:31:30	BUSY 2
13:31:59	IDLE 2
13:33:16	BUSY 3
13:33:43	IDLE 3
13:39:39	BUSY 2
13:40:08	IDLE 2
13:41:56	BUSY 3
13:42:22	IDLE 3
13:47:36	BUSY 2
13:48:04	IDLE 2
13:50:06	BUSY 3
13:50:33	IDLE 3
13:55:03	BUSY 2
13:55:32	IDLE 2
01:07:2005
01:07:2005
17:35:09	BUSY 2
17:40:41	IDLE
18:00:11	BUSY 2
18:00:41	IDLE 2
18:31:29	BUSY 1
18:32:10	IDLE 1
01:07:2005
18:49:16	BUSY 2
18:49:45	IDLE 2
18:51:42	BUSY 3
18:52:10	IDLE 3
02:07:2005
 9:09:01	BUSY 2
 9:09:38	IDLE 2
 9:11:29	BUSY 3
 9:11:56	IDLE 3
 9:30:11	BUSY 2
 9:30:40	IDLE 2
 9:32:29	BUSY 3
 9:32:55	IDLE 3
 9:36:49	BUSY 2
 9:37:18	IDLE 2
 9:39:05	BUSY 3
 9:39:33	IDLE 3
 9:43:36	BUSY 2
 9:44:05	IDLE 2
 9:45:16	BUSY 3
 9:45:43	IDLE 3
10:30:15	BUSY 2
10:30:43	IDLE 2
10:32:32	BUSY 3
10:32:59	IDLE 3
10:52:59	BUSY 2
10:53:29	IDLE 2
10:55:17	BUSY 3
10:55:44	IDLE 3
02:07:2005
11:36:46	BUSY 2
11:37:14	IDLE 2
11:39:03	BUSY 3
11:39:31	IDLE 3
11:43:40	BUSY 2
11:44:09	IDLE 2
11:45:57	BUSY 3
11:46:24	IDLE 3
11:50:17	BUSY 2
11:50:46	IDLE 2
11:51:58	BUSY 3
11:52:25	IDLE 3
11:56:09	BUSY 2
11:56:39	IDLE 2
11:57:52	BUSY 3
11:58:20	IDLE 3
12:02:22	BUSY 2
12:02:52	IDLE 2
12:04:32	BUSY 3
12:04:59	IDLE 3
12:08:44	BUSY 2
12:09:13	IDLE 2
12:11:04	BUSY 3
12:11:30	IDLE 3
12:15:32	BUSY 2
12:16:03	IDLE 2
12:17:50	BUSY 3
12:18:16	IDLE 3
15:33:21	BUSY 2
15:33:52	IDLE 2
15:35:40	BUSY 3
15:36:06	IDLE 3
15:40:21	BUSY 2
15:40:50	IDLE 2
15:42:37	BUSY 3
15:43:04	IDLE 3
15:47:19	BUSY 2
15:47:49	IDLE 2
15:51:36	BUSY 3
15:52:02	IDLE 3
16:00:22	BUSY 2
16:00:52	IDLE 2
16:02:05	BUSY 3
16:02:32	IDLE 3
16:06:45	BUSY 2
16:07:15	IDLE 2
16:09:07	BUSY 3
16:09:37	IDLE 3
16:13:41	BUSY 2
16:14:09	IDLE 2
16:16:03	BUSY 3
16:16:29	IDLE 3
16:20:24	BUSY 2
16:20:53	IDLE 2
16:22:44	BUSY 3
16:23:11	IDLE 3
16:27:39	BUSY 2
16:28:08	IDLE 2
16:30:05	BUSY 3
16:30:32	IDLE 3
04:07:2005
10:10:12	BUSY 2
10:10:50	IDLE 2
10:11:04	BUSY 2
10:11:33	IDLE 2
10:11:44	BUSY 3
10:12:11	IDLE 3
14:26:26	BUSY 2
14:26:55	IDLE 2
14:28:45	BUSY 3
14:29:11	IDLE 3
14:34:12	BUSY 2
14:34:41	IDLE 2
14:36:30	BUSY 3
14:36:57	IDLE 3
14:42:01	BUSY 2
14:42:31	IDLE 2
14:43:45	BUSY 3
14:44:11	IDLE 3
14:49:16	BUSY 2
14:49:45	IDLE 2
14:50:58	BUSY 3
14:51:24	IDLE 3
14:56:21	BUSY 2
14:56:50	IDLE 2
14:58:43	BUSY 3
14:59:10	IDLE 3
15:04:10	BUSY 2
15:04:40	IDLE 2
15:06:32	BUSY 3
15:06:59	IDLE 3
04:07:2005
15:40:41	BUSY 2
15:41:11	ERROR RS232 Download aborted
15:41:14	IDLE
15:42:01	BUSY 2
15:42:21	IDLE
15:44:03	BUSY 2
15:44:40	IDLE 2
15:45:15	BUSY 3
15:45:41	IDLE 3
15:45:45	BUSY 1
15:46:26	IDLE 1
16:40:48	BUSY 2
16:41:17	IDLE 2
16:49:48	BUSY 3
16:50:15	IDLE 3
17:49:46	BUSY 2
17:50:17	IDLE 2
17:53:48	BUSY 2
17:54:17	IDLE 2
17:57:16	BUSY 2
17:57:45	IDLE 2
18:24:57	BUSY 2
18:25:26	IDLE 2
18:28:30	BUSY 3
18:28:56	IDLE 3
20:02:30	BUSY 2
20:02:59	IDLE 2
20:04:49	BUSY 3
20:05:15	IDLE 3
20:12:59	BUSY 2
20:05:07:2005
10:06:42	BUSY 1
10:06:59	ERROR RS232 Download aborted
10:07:01	IDLE
08:08:2005
09:08:2005
16:08:2005
10:03:36	BUSY 1
10:03:46	IDLE 1
10:14:57	BUSY 2
10:15:26	IDLE 2
10:16:52	BUSY 3
10:17:18	IDLE 3
10:17:47	BUSY 2
10:18:16	IDLE 2
10:20:08	BUSY 3
10:20:35	IDLE 3
11:11:23	BUSY 2
11:11:52	IDLE 2
11:13:48	BUSY 3
11:14:15	IDLE 3
11:17:58	BUSY 2
11:18:28	IDLE 2
11:21:03	BUSY 3
11:21:29	IDLE 3
11:25:15	BUSY 2
11:25:45	IDLE 2
11:27:01	BUSY 3
11:27:28	IDLE 3
11:31:18	BUSY 2
11:31:47	IDLE 2
11:33:04	BUSY 3
11:33:31	IDLE 3
12:08:30	BUSY 2
12:09:00	IDLE 2
12:10:52	BUSY 3
12:11:18	IDLE 3
12:15:39	BUSY 2
12:16:08	IDLE 2
12:18:08	BUSY 3
12:18:37	IDLE 3
12:23:40	BUSY 2
12:24:09	IDLE 2
12:25:27	BUSY 3
12:25:53	IDLE 3
12:29:25	BUSY 2
12:29:56	IDLE 2
12:41:35	BUSY 2
12:42:04	IDLE 2
16:08:2005
12:48:02	BUSY 1
12:48:43	IDLE 1
12:59:33	BUSY 2
13:00:02	IDLE 2
13:01:55	BUSY 3
13:02:22	IDLE 3
13:06:20	BUSY 2
13:06:50	IDLE 2
13:08:45	BUSY 3
13:09:12	IDLE 3
13:12:48	BUSY 2
13:13:17	IDLE 2
13:14:32	BUSY 3
13:14:58	IDLE 3
13:19:00	BUSY 2
13:19:29	IDLE 2
13:20:45	BUSY 3
13:21:12	IDLE 3
13:25:08	BUSY 2
13:25:37	IDLE 2
13:27:34	BUSY 3
13:28:00	IDLE 3
13:32:21	BUSY 2
13:32:50	IDLE 2
16:08:2005
16:15:32	BUSY 1
16:16:13	IDLE 1
16:16:28	BUSY 2
16:17:04	IDLE 2
16:19:02	BUSY 3
16:19:38	IDLE 3
16:19:45	BUSY 2
16:20:15	IDLE 2
16:21:36	BUSY 3
16:22:02	IDLE 3
16:29:40	BUSY 2
16:30:11	IDLE 2
16:32:05	BUSY 3
16:32:32	IDLE 3
16:36:20	BUSY 2
16:36:49	IDLE 2
16:38:55	BUSY 3
16:39:21	IDLE 3
16:43:11	BUSY 2
16:43:41	IDLE 2
16:45:56	BUSY 3
16:46:23	IDLE 3
16:50:06	BUSY 2
16:50:36	IDLE 2
16:52:01	BUSY 3
16:52:27	IDLE 3
16:56:10	BUSY 2
16:56:40	IDLE 2
16:58:25	BUSY 3
16:58:51	IDLE 3
17:02:36	BUSY 2
17:03:05	IDLE 2
17:05:08	BUSY 3
17:05:35	IDLE 3
17:09:20	BUSY 2
17:09:50	IDLE 2
17:12:05	BUSY 3
17:12:31	IDLE 3
17:16:18	BUSY 2
17:16:47	IDLE 2
17:18:37	BUSY 3
17:19:04	IDLE 3
17:08:2005
 9:29:50	BUSY 1
 9:30:31	IDLE 1
 9:32:01	BUSY 2
 9:32:31	IDLE 2
 9:34:21	BUSY 3
 9:34:48	IDLE 3
 9:42:24	BUSY 2
 9:42:54	IDLE 2
 9:44:44	BUSY 3
 9:45:11	IDLE 3
 9:48:59	BUSY 2
 9:50:00	ERROR RS232 Download aborted
 9:50:02	IDLE
 9:50:03	BUSY 2
 9:50:09	ERROR RS232 Download aborted
 9:50:14	IDLE
 9:50:15	BUSY 2
 9:50:45	ERROR RS232 Download aborted
 9:50:47	IDLE
 9:50:48	BUSY 2
 9:51:12	ERROR RS232 Download aborted
 9:51:15	IDLE
 9:51:16	BUSY 2
 9:51:24	ERROR RS232 Download aborted
 9:51:26	IDLE
 9:51:27	BUSY 2
 9:53:06	ERROR RS232 Download aborted
 9:53:09	IDLE
 9:53:10	BUSY 2
 9:53:39	IDLE 2
10:24:14	BUSY 2
10:24:46	IDLE 2
10:26:36	BUSY 3
10:27:03	IDLE 3
10:30:51	BUSY 2
10:31:20	IDLE 2
10:33:20	BUSY 3
10:33:47	IDLE 3
10:37:36	BUSY 2
10:38:05	IDLE 2
10:39:30	BUSY 3
10:39:57	IDLE 3
10:43:38	BUSY 2
10:44:07	IDLE 2
10:46:11	BUSY 3
10:46:37	IDLE 3
11:37:43	BUSY 2
11:38:11	IDLE 2
11:40:03	BUSY 3
11:40:29	IDLE 3
11:44:23	BUSY 2
11:44:53	IDLE 2
11:46:42	BUSY 3
11:47:09	IDLE 3
11:51:04	BUSY 2
11:51:34	IDLE 2
11:52:50	BUSY 3
11:53:17	IDLE 3
11:57:03	BUSY 2
11:57:33	IDLE 2
11:59:11	BUSY 3
11:59:38	IDLE 3
12:03:23	BUSY 2
12:04:00	IDLE 2
12:05:53	BUSY 3
12:06:24	IDLE 3
12:10:13	BUSY 2
12:10:42	IDLE 2
12:12:39	BUSY 3
12:13:06	IDLE 3
12:16:52	BUSY 2
12:17:22	IDLE 2
12:18:50	BUSY 3
12:19:26	IDLE 3
12:23:38	BUSY 2
12:24:07	IDLE 2
12:25:47	BUSY 3
12:26:18	IDLE 3
12:36:56	BUSY 2
12:37:26	IDLE 2
12:39:16	BUSY 3
12:39:43	IDLE 3
13:27:18	BUSY 0
13:27:19	IDLE
13:28:09	BUSY 1
13:28:50	IDLE 1
13:36:38	BUSY 2
13:37:07	IDLE 2
13:38:57	BUSY 3
13:39:24	IDLE 3
13:43:13	BUSY 2
13:43:42	IDLE 2
13:45:32	BUSY 3
13:45:59	IDLE 3
13:49:58	BUSY 2
13:50:27	IDLE 2
13:52:12	BUSY 3
13:52:39	IDLE 3
13:56:24	BUSY 2
13:56:53	IDLE 2
13:58:11	BUSY 3
13:58:37	IDLE 3
14:02:22	BUSY 2
14:02:52	IDLE 2
14:04:50	BUSY 3
14:05:18	IDLE 3
14:09:03	BUSY 2
14:09:33	IDLE 2
14:11:27	BUSY 3
14:11:54	IDLE 3
14:15:40	BUSY 2
14:16:10	IDLE 2
14:18:04	BUSY 3
14:18:31	IDLE 3
14:22:20	BUSY 2
14:22:49	IDLE 2
14:24:26	BUSY 3
14:24:57	IDLE 3
14:36:23	BUSY 2
14:36:52	IDLE 2
14:38:46	BUSY 3
14:39:12	IDLE 3
14:43:05	BUSY 2
14:43:34	IDLE 2
14:45:40	BUSY 3
14:46:08	IDLE 3
14:50:01	BUSY 2
14:50:31	IDLE 2
14:51:47	BUSY 3
14:52:14	IDLE 3
14:56:00	BUSY 2
14:56:30	IDLE 2
14:58:27	BUSY 3
14:58:54	IDLE 3
15:02:38	BUSY 2
15:03:08	IDLE 2
15:05:02	BUSY 3
15:05:29	IDLE 3
15:09:26	BUSY 2
15:09:55	IDLE 2
15:17:22	BUSY 3
15:17:48	IDLE 3
15:26:57	BUSY 2
15:27:26	IDLE 2
15:29:16	BUSY 3
15:29:43	IDLE 3
15:33:34	BUSY 2
15:34:15	IDLE 2
15:36:05	BUSY 3
15:36:31	IDLE 3
15:40:23	BUSY 2
15:40:52	IDLE 2
15:42:22	BUSY 3
15:42:49	IDLE 3
15:46:36	BUSY 2
15:47:05	IDLE 2
15:48:25	BUSY 3
15:48:52	IDLE 3
15:52:38	BUSY 2
15:53:07	IDLE 2
15:55:04	BUSY 3
15:55:31	IDLE 3
18:08:2005
 9:21:32	BUSY 1
 9:21:36	ERROR RS232 Download aborted
 9:21:41	IDLE
 9:22:11	BUSY 1
 9:22:57	IDLE 1
 9:29:44	BUSY 2
 9:30:14	IDLE 2
 9:31:30	BUSY 3
 9:31:57	IDLE 3
 9:41:58	BUSY 2
 9:42:28	IDLE 2
 9:44:22	BUSY 3
 9:44:49	IDLE 3
 9:48:52	BUSY 2
 9:49:21	IDLE 2
 9:51:13	BUSY 3
 9:51:40	IDLE 3
 9:55:45	BUSY 2
 9:56:14	IDLE 2
 9:57:30	BUSY 3
 9:57:56	IDLE 3
10:01:57	BUSY 2
10:02:27	IDLE 2
10:03:43	BUSY 3
10:04:09	IDLE 3
10:08:11	BUSY 2
10:08:40	IDLE 2
10:10:43	BUSY 3
10:11:10	IDLE 3
10:15:14	BUSY 2
10:15:44	IDLE 2
10:17:48	BUSY 3
10:18:15	IDLE 3
10:22:23	BUSY 2
10:22:52	IDLE 2
10:24:52	BUSY 3
10:25:24	IDLE 3
10:29:34	BUSY 2
10:30:07	IDLE 2
10:32:17	BUSY 3
10:32:44	IDLE 3
10:44:14	BUSY 2
10:44:43	IDLE 2
10:46:33	BUSY 3
10:47:00	IDLE 3
11:09:03	BUSY 2
11:09:32	IDLE 2
11:11:25	BUSY 3
11:11:52	IDLE 3
11:16:18	BUSY 2
11:16:47	IDLE 2
11:18:40	BUSY 3
11:19:06	IDLE 3
11:24:59	BUSY 2
11:25:29	IDLE 2
11:27:02	BUSY 3
11:27:28	IDLE 3
11:33:25	BUSY 2
11:33:54	IDLE 2
11:35:20	BUSY 3
11:35:47	IDLE 3
11:47:16	BUSY 2
11:47:46	IDLE 2
11:49:29	BUSY 3
11:49:56	IDLE 3
11:57:10	BUSY 2
11:57:39	IDLE 2
11:59:25	BUSY 3
11:59:51	IDLE 3
12:03:22	BUSY 2
12:03:52	IDLE 2
12:05:56	BUSY 3
12:06:23	IDLE 3
12:10:57	BUSY 2
12:11:27	IDLE 2
12:13:27	BUSY 3
12:13:54	IDLE 3
12:42:15	BUSY 2
12:42:44	IDLE 2
12:44:34	BUSY 3
12:45:01	IDLE 3
12:50:50	BUSY 2
12:51:20	IDLE 2
12:53:09	BUSY 3
12:53:36	IDLE 3
12:58:03	BUSY 2
12:58:33	IDLE 2
12:59:48	BUSY 3
13:00:15	IDLE 3
13:04:36	BUSY 2
13:05:06	IDLE 2
13:06:22	BUSY 3
13:06:49	IDLE 3
13:11:04	BUSY 2
118:08:2005
16:15:53	BUSY 2
16:16:19	IDLE
16:16:32	BUSY 1
16:17:13	IDLE 1
16:17:15	BUSY 2
16:17:45	IDLE 2
16:19:02	BUSY 3
16:19:29	IDLE 3
16:27:38	BUSY 2
16:28:06	IDLE 2
16:29:55	BUSY 3
16:30:22	IDLE 3
16:34:33	BUSY 2
16:35:02	IDLE 2
16:36:50	BUSY 3
16:37:17	IDLE 3
16:41:30	BUSY 2
16:41:59	IDLE 2
16:43:13	BUSY 3
16:43:39	IDLE 3
16:47:44	BUSY 2
16:48:13	IDLE 2
16:49:25	BUSY 3
16:49:52	IDLE 3
16:53:57	BUSY 2
16:54:27	IDLE 2
16:56:18	BUSY 3
16:56:45	IDLE 3
17:00:51	BUSY 2
17:01:21	IDLE 2
17:03:02	BUSY 3
17:03:29	IDLE 3
17:07:17	BUSY 2
17:07:47	IDLE 2
17:09:30	BUSY 3
17:09:56	IDLE 3
17:14:03	BUSY 2
17:14:32	IDLE 2
17:16:31	BUSY 3
17:16:57	IDLE 3
17:33:38	BUSY 2
17:34:08	IDLE 2
17:35:24	BUSY 3
17:35:51	IDLE 3
19:08:2005
 9:27:58	BUSY 2
 9:28:28	IDLE 2
 9:29:42	BUSY 3
 9:30:09	IDLE 3
10:01:10	BUSY 2
10:01:40	IDLE 2
10:03:25	BUSY 3
10:03:51	IDLE 3
10:08:28	BUSY 2
10:08:57	IDLE 2
10:10:48	BUSY 3
10:11:15	IDLE 3
10:35:01	BUSY 2
10:35:30	IDLE 2
10:37:19	BUSY 3
10:37:45	IDLE 3
10:41:15	BUSY 2
10:41:44	IDLE 2
10:43:33	BUSY 3
10:44:00	IDLE 3
10:47:40	BUSY 2
10:48:09	IDLE 2
10:49:22	BUSY 3
10:49:49	IDLE 3
10:53:22	BUSY 2
10:53:51	IDLE 2
10:55:04	BUSY 3
10:55:30	IDLE 3
10:59:11	BUSY 2
10:59:41	IDLE 2
11:01:20	BUSY 3
11:01:47	IDLE 3
11:05:25	BUSY 2
11:05:55	IDLE 2
11:07:46	BUSY 3
11:08:13	IDLE 3
11:11:45	BUSY 2
11:12:15	IDLE 2
11:14:07	BUSY 3
11:14:33	IDLE 3
11:18:08	BUSY 2
11:18:37	IDLE 2
11:25:33	BUSY 3
11:25:59	IDLE 3
11:30:09	BUSY 2
11:30:39	IDLE 2
11:34:04	BUSY 3
11:34:30	IDLE 3
12:07:03	BUSY 2
12:07:33	IDLE 2
12:09:43	BUSY 3
12:10:11	IDLE 3
12:13:44	BUSY 2
12:14:14	IDLE 2
12:15:47	BUSY 3
12:16:14	IDLE 3
12:42:53	BUSY 2
12:43:23	IDLE 2
14:34:21	BUSY 2
14:34:51	IDLE 2
14:36:47	BUSY 3
14:37:14	IDLE 3
14:41:23	BUSY 2
14:4119:08:2005
15:41:30	BUSY 2
15:41:59	IDLE 2
15:43:16	BUSY 3
15:43:43	IDLE 3
16:35:11	BUSY 2
16:35:40	IDLE 2
16:37:01	BUSY 3
16:37:27	IDLE 3
16:46:40	BUSY 2
16:47:09	IDLE 2
16:48:22	BUSY 3
16:48:49	IDLE 3
16:52:27	BUSY 2
16:52:56	IDLE 2
16:54:37	BUSY 3
16:55:04	IDLE 3
22:08:2005
 9:57:40	BUSY 2
 9:57:53	IDLE 2
 9:58:10	BUSY 3
 9:58:19	IDLE 3
 9:58:34	BUSY 1
 9:59:10	IDLE 1
10:05:09	BUSY 2
10:05:38	IDLE 2
10:06:52	BUSY 3
10:07:19	IDLE 3
10:16:56	BUSY 2
10:17:26	IDLE 2
10:19:13	BUSY 3
10:19:39	IDLE 3
10:23:28	BUSY 2
10:23:57	IDLE 2
10:25:44	BUSY 3
10:26:10	IDLE 3
10:29:47	BUSY 2
10:30:16	IDLE 2
11:17:21	BUSY 2
11:17:50	IDLE 2
11:19:39	BUSY 3
11:20:06	IDLE 3
11:29:44	BUSY 2
11:30:14	IDLE 2
11:32:00	BUSY 3
11:32:28	IDLE 3
11:36:19	BUSY 2
11:36:48	IDLE 2
11:38:35	BUSY 3
11:39:02	IDLE 3
11:42:42	BUSY 2
11:43:11	IDLE 2
11:44:24	BUSY 3
11:44:51	IDLE 3
11:48:39	BUSY 2
11:49:10	IDLE 2
11:50:24	BUSY 3
11:50:51	IDLE 3
11:54:21	BUSY 2
11:54:50	IDLE 2
11:57:13	BUSY 3
11:57:40	IDLE 3
12:01:12	BUSY 2
12:01:42	IDLE 2
12:03:36	BUSY 3
12:04:03	IDLE 3
12:08:28	BUSY 2
12:08:57	IDLE 2
12:10:47	BUSY 3
12:11:14	IDLE 3
12:14:48	BUSY 2
12:15:18	IDLE 2
12:17:08	BUSY 3
12:17:36	IDLE 3
12:45:49	BUSY 2
12:46:18	IDLE 2
12:47:57	BUSY 3
12:48:24	IDLE 3
12:51:57	BUSY 2
12:52:27	IDLE 2
12:53:41	BUSY 3
12:54:08	IDLE 3
14:57:45	BUSY 2
14:58:15	IDLE 2
15:00:01	BUSY 3
15:00:27	IDLE 3
15:04:19	BUSY 2
15:04:48	IDLE 2
15:06:36	BUSY 3
15:07:02	IDLE 3
15:10:44	BUSY 2
15:11:15	IDLE 2
15:12:29	BUSY 3
15:12:55	IDLE 3
15:16:28	BUSY 2
15:16:57	IDLE 2
15:18:11	BUSY 3
15:18:38	IDLE 3
15:22:24	BUSY 2
15:22:53	IDLE 2
15:24:47	BUSY 3
15:25:14	IDLE 3
15:28:49	BUSY 2
15:29:19	IDLE 2
15:31:13	BUSY 3
15:31:39	IDLE 3
15:35:14	BUSY 2
15:35:44	IDLE 2
15:37:43	BUSY 3
15:38:10	IDLE 3
15:41:58	BUSY 2
15:44:05	ERROR RS232 Download aborted
15:44:09	IDLE
15:44:09	BUSY 2
15:44:39	IDLE 2
15:47:07	BUSY 3
15:47:33	IDLE 3
23:08:2005
11:57:34	BUSY 1
11:58:14	IDLE 1
12:00:11	BUSY 2
12:00:40	IDLE 2
12:01:55	BUSY 3
12:02:22	IDLE 3
12:09:06	BUSY 1
12:09:47	IDLE 1
12:10:09	BUSY 2
12:10:37	IDLE 2
12:11:52	BUSY 3
12:12:18	IDLE 3
12:21:41	BUSY 2
12:22:10	IDLE 2
12:23:57	BUSY 3
12:24:25	IDLE 3
12:28:05	BUSY 2
12:28:35	IDLE 2
12:30:23	BUSY 3
12:30:50	IDLE 3
12:34:30	BUSY 2
12:35:00	IDLE 2
12:36:14	BUSY 3
12:36:41	IDLE 3
12:40:28	BUSY 2
12:40:58	IDLE 2
12:42:10	BUSY 3
12:42:37	IDLE 3
12:46:10	BUSY 2
12:46:39	IDLE 2
12:48:33	BUSY 3
12:49:00	IDLE 3
12:52:49	BUSY 2
12:53:18	IDLE 2
12:54:57	BUSY 3
12:55:24	IDLE 3
12:59:12	BUSY 2
12:59:41	IDLE 2
13:01:24	BUSY 3
13:01:50	IDLE 3
13:05:27	BUSY 2
13:05:56	IDLE 2
13:07:51	BUSY 3
13:08:18	IDLE 3
15:48:49	BUSY 0
15:48:50	IDLE
23:08:2005
16:20:13	BUSY 1
16:20:35	ERROR RS232 Download aborted
16:20:41	IDLE
16:20:47	BUSY 2
16:21:18	ERROR RS232 Download aborted
16:21:20	IDLE
16:30:28	BUSY 1
16:31:09	IDLE 1
16:31:41	BUSY 2
16:32:10	IDLE 2
16:33:26	BUSY 3
16:33:52	IDLE 3
16:51:26	BUSY 2
16:51:56	IDLE 2
16:53:42	BUSY 3
16:54:10	IDLE 3
16:57:52	BUSY 2
16:58:22	IDLE 2
17:00:09	BUSY 3
17:00:36	IDLE 3
24:08:2005
10:24:01	BUSY 1
10:24:12	IDLE 1
10:25:31	BUSY 2
10:26:00	IDLE 2
10:27:15	BUSY 3
10:27:42	IDLE 3
12:59:51	BUSY 2
13:00:20	IDLE 2
13:01:32	BUSY 3
13:01:59	IDLE 3
13:05:26	BUSY 2
13:05:55	IDLE 2
13:07:46	BUSY 3
13:08:13	IDLE 3
16:52:58	BUSY 2
16:53:28	IDLE 2
16:54:42	BUSY 3
16:55:09	IDLE 3
16:59:10	BUSY 2
16:59:40	IDLE 2
17:01:19	BUSY 3
17:01:46	IDLE 3
25:08:2005
10:47:00	BUSY 2
10:47:29	IDLE 2
10:48:43	BUSY 3
10:49:10	IDLE 3
10:54:34	BUSY 2
10:55:03	IDLE 2
10:56:17	BUSY 3
10:56:43	IDLE 3
11:07:34	BUSY 2
11:08:03	IDLE 2
11:09:51	BUSY 3
11:10:17	IDLE 3
11:13:51	BUSY 2
11:14:20	IDLE 2
11:16:08	BUSY 3
11:16:35	IDLE 3
11:21:30	BUSY 2
11:21:59	IDLE 2
11:23:53	BUSY 3
11:24:20	IDLE 3
11:29:07	BUSY 2
11:29:36	IDLE 2
11:31:28	BUSY 3
11:31:55	IDLE 3
11:35:25	BUSY 2
11:35:54	IDLE 2
11:37:56	BUSY 3
11:38:22	IDLE 3
11:41:54	BUSY 2
11:42:23	IDLE 2
11:52:27	BUSY 2
11:52