12:11:2004
12:11:2004
16:11:2004
22:11:2004
22:11:2004
13:05:2005
13:05:2005
13:05:2005
16:05:2005
 9:48:41	BUSY 
 9:48:49	IDLE 
16:05:2005
16:05:2005
 9:54:26	BUSY 
 9:54:43	IDLE 
17:05:2005
15:39:03	ERROR 
17:05:2005
18:05:2005
11:27:44	BUSY 
11:27:54	IDLE 
11:29:11	BUSY 
11:30:22	IDLE 
11:31:58	BUSY 
11:32:08	IDLE 
11:32:17	BUSY 
11:33:29	IDLE 
11:33:52	BUSY 
11:34:02	IDLE 
12:04:24	BUSY 
12:05:36	IDLE 
15:19:45	BUSY 1 8
18:05:2005
18:05:2005
15:27:52	BUSY 
15:27:53	IDLE 
15:27:55	BUSY 
15:27:55	IDLE 
15:27:57	BUSY 
15:27:58	IDLE 
15:27:58	BUSY 
15:27:58	IDLE 
15:27:58	BUSY 
15:27:59	IDLE 
15:27:59	BUSY 
15:27:59	IDLE 
15:27:59	BUSY 
15:28:00	IDLE 
15:28:03	BUSY 
15:28:16	BUSY 
15:28:26	IDLE 
15:28:30	BUSY 
15:29:44	IDLE 
15:44:29	BUSY 1 8
15:44:39	IDLE 1 8
15:47:56	BUSY 1 7
15:49:10	IDLE 1 7
16:28:42	BUSY 1 8
16:28:53	IDLE 1 8
16:32:16	BUSY 1 7
16:33:31	IDLE 1 7
16:35:18	BUSY 1 8
16:35:28	IDLE 1 8
16:47:46	BUSY 1 8
20:05:2005
18:21:33	BUSY 1 8
18:21:43	IDLE 1 8
18:28:23	BUSY 1 7
18:29:35	IDLE 1 7
18:31:26	BUSY 1 8
18:31:36	IDLE 1 8
18:35:07	BUSY 1 7
18:36:19	IDLE 1 7
18:39:49	BUSY 1 7
18:39:59	IDLE 1 7
18:50:52	BUSY 1 7
18:50:53	IDLE 1 7
18:50:57	BUSY 1 7
18:52:09	IDLE 1 7
19:10:24	BUSY 1 8
19:10:34	IDLE 1 8
30:06:2005
 9:25:12	BUSY 
 9:25:41	BUSY 
 9:25:41	IDLE 
 9:25:47	BUSY 
30:06:2005
 9:39:14	BUSY 
 9:39:31	BUSY 
 9:39:41	BUSY 
 9:44:59	BUSY 
10:04:26	BUSY 
30:06:2005
30:06:2005
30:06:2005
10:44:24	BUSY 
10:44:34	BUSY 
30:06:2005
01:07:2005
 9:29:06	BUSY 1 8
 9:29:23	IDLE 1 8
11:07:28	BUSY 1 8
11:07:45	IDLE 1 8
11:10:44	BUSY 1 7
11:13:05	IDLE 1 7
11:14:57	BUSY 1 8
11:15:14	IDLE 1 8
11:18:12	BUSY 1 7
11:20:31	IDLE 1 7
12:11:40	BUSY 1 8
12:11:58	IDLE 1 8
12:14:55	BUSY 1 7
12:17:15	IDLE 1 7
12:19:08	BUSY 1 8
12:19:26	IDLE 1 8
13:09:53	BUSY 1 8
13:10:06	IDLE 1 8
13:13:04	BUSY 1 7
13:15:17	IDLE 1 7
13:17:07	BUSY 1 8
13:17:23	IDLE 1 8
13:20:19	BUSY 1 7
13:23:00	IDLE 1 7
13:24:51	BUSY 1 8
13:25:07	IDLE 1 8
13:27:25	BUSY 1 7
13:29:28	IDLE 1 7
13:31:13	BUSY 1 8
13:31:29	IDLE 1 8
13:33:46	BUSY 1 7
13:37:32	IDLE 1 7
13:39:16	BUSY 1 8
13:39:37	IDLE 1 8
13:42:25	BUSY 1 7
13:45:27	IDLE 1 7
13:47:12	BUSY 1 8
13:47:35	IDLE 1 8
13:50:36	BUSY 1 7
13:52:54	IDLE 1 7
13:54:40	BUSY 1 8
13:55:02	IDLE 1 8
01:07:2005
17:34:50	BUSY 1 8
17:35:08	IDLE 1 8
17:59:59	BUSY 1 8
18:00:10	IDLE 1 8
18:48:59	BUSY 1 8
18:49:15	IDLE 1 8
18:52:13	BUSY 1 7
18:54:11	IDLE 1 7
02:07:2005
 9:29:56	BUSY 1 8
 9:30:10	IDLE 1 8
 9:32:58	BUSY 1 7
 9:34:40	IDLE 1 7
 9:36:34	BUSY 1 8
 9:36:48	IDLE 1 8
 9:39:36	BUSY 1 7
 9:41:32	IDLE 1 7
 9:43:24	BUSY 1 8
 9:43:34	IDLE 1 8
 9:45:46	BUSY 1 7
 9:47:21	IDLE 1 7
10:29:59	BUSY 1 8
10:30:13	IDLE 1 8
10:52:44	BUSY 1 8
10:52:58	IDLE 1 8
10:55:47	BUSY 1 7
10:57:39	IDLE 1 7
10:59:33	BUSY 1 8
10:59:47	IDLE 1 8
11:36:30	BUSY 1 8
11:36:44	IDLE 1 8
11:39:34	BUSY 1 7
11:41:32	IDLE 1 7
11:43:24	BUSY 1 8
11:43:39	IDLE 1 8
11:46:27	BUSY 1 7
11:48:10	IDLE 1 7
11:50:02	BUSY 1 8
11:50:16	IDLE 1 8
11:52:28	BUSY 1 7
11:54:09	IDLE 1 7
11:55:54	BUSY 1 8
11:56:08	IDLE 1 8
11:58:23	BUSY 1 7
12:00:21	IDLE 1 7
12:02:07	BUSY 1 8
12:02:21	IDLE 1 8
12:05:02	BUSY 1 7
12:06:46	IDLE 1 7
12:08:32	BUSY 1 8
12:08:42	IDLE 1 8
12:11:33	BUSY 1 7
12:13:33	IDLE 1 7
12:15:20	BUSY 1 8
12:15:30	IDLE 1 8
12:18:19	BUSY 1 7
12:19:57	IDLE 1 7
15:11:52	BUSY 1 8
15:16:39	IDLE 1 8
15:16:47	BUSY 1 8
02:07:2005
15:33:05	BUSY 1 8
15:33:20	IDLE 1 8
15:36:09	BUSY 1 7
15:37:56	IDLE 1 7
15:40:05	BUSY 1 8
15:40:19	IDLE 1 8
15:43:07	BUSY 1 7
15:44:52	IDLE 1 7
15:47:03	BUSY 1 8
15:47:17	IDLE 1 8
15:52:05	BUSY 1 7
15:53:59	IDLE 1 7
15:56:03	BUSY 1 8
16:00:21	IDLE 1 8
16:02:35	BUSY 1 7
16:04:29	IDLE 1 7
16:06:29	BUSY 1 8
16:06:44	IDLE 1 8
16:09:40	BUSY 1 7
16:11:22	IDLE 1 7
16:13:24	BUSY 1 8
16:13:39	IDLE 1 8
16:16:32	BUSY 1 7
16:18:02	IDLE 1 7
16:20:07	BUSY 1 8
16:20:22	IDLE 1 8
16:23:14	BUSY 1 7
16:25:19	IDLE 1