22:11:2004
10:56:23	Cell to Host	Robot2 IDLE
22:11:2004
22:11:2004
11:53:33	Cell to Host	Robot2 IDLE
24:11:2004
25:11:2004
12:07:25	Milling Test	Ready
12:07:28	Milling Test	BUSY
12:08:28	Milling Test	IDLE
12:09:17	Milling Test	Ready
12:09:20	Milling Test	BUSY
12:10:18	Milling Test	IDLE
12:10:28	Milling Test	Ready
12:10:31	Milling Test	BUSY
12:11:31	Milling Test	IDLE
13:48:29	Milling Test	Ready
13:48:32	Milling Test	BUSY
13:49:31	Milling Test	IDLE
13:51:07	Cell to Host	IDLE C:\CIM\CELL2\TEST_M.SEQ
14:28:25	DoCommand test_m.SEQ
14:28:25	Milling Test	Ready
14:28:25	Milling Test	BUSY
14:28:26	Cell to Host	Ready test_m.SEQ
14:28:26	Cell to Host	BUSY test_m.SEQ
14:28:26	Cell to Host	Miller BUSY 1
14:28:27	Cell to Host	Miller IDLE 1
14:28:28	Cell to Host	Robot2 BUSY 1
14:28:47	Cell to Host	Robot2 IDLE 1
14:28:48	Cell to Host	Miller BUSY 2
14:28:49	Cell to Host	Miller IDLE 2
14:28:49	Cell to Host	Miller BUSY 5 TEST_m.FNC
14:28:49	Cell to Host	Miller IDLE 5 TEST_m.FNC
14:28:50	Cell to Host	Miller BUSY 3
14:29:03	Cell to Host	Miller IDLE 3
14:29:03	Cell to Host	Miller BUSY 1
14:29:04	Cell to Host	Miller IDLE 1
14:29:05	Cell to Host	Robot2 BUSY 2
14:29:24	Milling Test	IDLE
14:29:25	Cell to Host	Robot2 IDLE 2
14:29:25	Cell to Host	IDLE test_m.SEQ
14:30:11	DoCommand test_m.SEQ
14:30:11	Milling Test	Ready
14:30:11	Milling Test	BUSY
14:30:12	Cell to Host	Ready test_m.SEQ
14:30:12	Cell to Host	BUSY test_m.SEQ
14:30:12	Cell to Host	Miller BUSY 1
14:30:13	Cell to Host	Miller IDLE 1
14:30:13	Cell to Host	Robot2 BUSY 1
14:30:32	Cell to Host	Robot2 IDLE 1
14:30:33	Cell to Host	Miller BUSY 2
14:30:34	Cell to Host	Miller IDLE 2
14:30:34	Cell to Host	Miller BUSY 5 TEST_m.FNC
14:30:35	Cell to Host	Miller IDLE 5 TEST_m.FNC
14:30:35	Cell to Host	Miller BUSY 3
14:30:48	Cell to Host	Miller IDLE 3
14:30:49	Cell to Host	Miller BUSY 1
14:30:50	Cell to Host	Miller IDLE 1
14:30:51	Cell to Host	Robot2 BUSY 2
14:31:10	Milling Test	IDLE
14:31:11	Cell to Host	Robot2 IDLE 2
14:31:12	Cell to Host	IDLE test_m.SEQ
14:57:04	DoCommand test_m.SEQ
14:57:04	Milling Test	Ready
14:57:04	Milling Test	BUSY
14:57:05	Cell to Host	Ready test_m.SEQ
14:57:06	Cell to Host	BUSY test_m.SEQ
14:57:06	Cell to Host	Miller BUSY 1
14:57:06	Cell to Host	Miller IDLE 1
14:57:07	Cell to Host	Robot2 BUSY 1
14:57:26	Cell to Host	Robot2 IDLE 1
14:57:26	Cell to Host	Miller BUSY 2
14:57:28	Cell to Host	Miller IDLE 2
14:57:28	Cell to Host	Miller BUSY 5 TEST_m.FNC
14:57:28	Cell to Host	Miller IDLE 5 TEST_m.FNC
14:57:29	Cell to Host	Miller BUSY 3
14:57:42	Cell to Host	Miller IDLE 3
14:57:43	Cell to Host	Miller BUSY 1
14:57:44	Cell to Host	Miller IDLE 1
14:57:44	Cell to Host	Robot2 BUSY 2
14:58:03	Milling Test	IDLE
14:58:04	Cell to Host	Robot2 IDLE 2
14:58:05	Cell to Host	IDLE test_m.SEQ
14:58:48	DoCommand test_m.SEQ
14:58:48	Milling Test	Ready
14:58:48	Milling Test	BUSY
14:58:49	Cell to Host	Ready test_m.SEQ
14:58:49	Cell to Host	BUSY test_m.SEQ
14:58:50	Cell to Host	Miller BUSY 1
14:58:50	Cell to Host	Miller IDLE 1
14:58:51	Cell to Host	Robot2 BUSY 1
14:59:10	Cell to Host	Robot2 IDLE 1
14:59:10	Cell to Host	Miller BUSY 2
14:59:11	Cell to Host	Miller IDLE 2
14:59:12	Cell to Host	Miller BUSY 5 TEST_m.FNC
14:59:12	Cell to Host	Miller IDLE 5 TEST_m.FNC
14:59:13	Cell to Host	Miller BUSY 3
14:59:26	Cell to Host	Miller IDLE 3
14:59:27	Cell to Host	Miller BUSY 1
14:59:28	Cell to Host	Miller IDLE 1
14:59:28	Cell to Host	Robot2 BUSY 2
14:59:47	Milling Test	IDLE
14:59:48	Cell to Host	Robot2 IDLE 2
14:59:49	Cell to Host	IDLE test_m.SEQ
15:13:26	DoCommand test_m.SEQ
15:13:26	Milling Test	Ready
15:13:26	Milling Test	BUSY
15:13:27	Cell to Host	Ready test_m.SEQ
15:13:28	Cell to Host	BUSY test_m.SEQ
15:13:28	Cell to Host	Miller BUSY 1
15:13:29	Cell to Host	Miller IDLE 1
15:13:29	Cell to Host	Robot2 BUSY 1
15:13:48	Cell to Host	Robot2 IDLE 1
15:13:49	Cell to Host	Miller BUSY 2
15:13:50	Cell to Host	Miller IDLE 2
15:13:50	Cell to Host	Miller BUSY 5 TEST_m.FNC
15:13:51	Cell to Host	Miller IDLE 5 TEST_m.FNC
15:13:51	Cell to Host	Miller BUSY 3
15:14:04	Cell to Host	Miller IDLE 3
15:14:05	Cell to Host	Miller BUSY 1
15:14:06	Cell to Host	Miller IDLE 1
15:14:07	Cell to Host	Robot2 BUSY 2
15:14:25	Milling Test	IDLE
15:14:26	Cell to Host	Robot2 IDLE 2
15:14:27	Cell to Host	IDLE test_m.SEQ
15:15:13	DoCommand test_m.SEQ
15:15:13	Milling Test	Ready
15:15:13	Milling Test	BUSY
15:15:14	Cell to Host	Ready test_m.SEQ
15:15:14	Cell to Host	BUSY test_m.SEQ
15:15:14	Cell to Host	Miller BUSY 1
15:15:15	Cell to Host	Miller IDLE 1
15:15:16	Cell to Host	Robot2 BUSY 1
15:15:35	Cell to Host	Robot2 IDLE 1
15:15:36	Cell to Host	Miller BUSY 2
15:15:37	Cell to Host	Miller IDLE 2
15:15:37	Cell to Host	Miller BUSY 5 TEST_m.FNC
15:15:37	Cell to Host	Miller IDLE 5 TEST_m.FNC
15:15:38	Cell to Host	Miller BUSY 3
15:15:51	Cell to Host	Miller IDLE 3
15:15:51	Cell to Host	Miller BUSY 1
15:15:53	Cell to Host	Miller IDLE 1
15:15:53	Cell to Host	Robot2 BUSY 2
15:16:12	Milling Test	IDLE
15:16:13	Cell to Host	Robot2 IDLE 2
15:16:13	Cell to Host	IDLE test_m.SEQ
15:24:25	DoCommand test_m.SEQ
15:24:25	Milling Test	Ready
15:24:25	Milling Test	BUSY
15:24:26	Cell to Host	Ready test_m.SEQ
15:24:27	Cell to Host	BUSY test_m.SEQ
15:24:27	Cell to Host	Miller BUSY 1
15:24:28	Cell to Host	Miller IDLE 1
15:24:28	Cell to Host	Robot2 BUSY 1
15:24:47	Cell to Host	Robot2 IDLE 1
15:24:48	Cell to Host	Miller BUSY 2
15:24:49	Cell to Host	Miller IDLE 2
15:24:49	Cell to Host	Miller BUSY 5 TEST_m.FNC
15:24:50	Cell to Host	Miller IDLE 5 TEST_m.FNC
15:24:50	Cell to Host	Miller BUSY 3
15:25:03	Cell to Host	Miller IDLE 3
15:25:04	Cell to Host	Miller BUSY 1
15:25:04	Cell to Host	Miller IDLE 1
15:25:05	Cell to Host	Robot2 BUSY 2
15:25:23	Milling Test	IDLE
15:25:24	Cell to Host	Robot2 IDLE 2
15:25:25	Cell to Host	IDLE test_m.SEQ
15:26:12	DoCommand test_m.SEQ
15:26:12	Milling Test	Ready
15:26:12	Milling Test	BUSY
15:26:13	Cell to Host	Ready test_m.SEQ
15:26:13	Cell to Host	BUSY test_m.SEQ
15:26:13	Cell to Host	Miller BUSY 1
15:26:14	Cell to Host	Miller IDLE 1
15:26:15	Cell to Host	Robot2 BUSY 1
15:26:34	Cell to Host	Robot2 IDLE 1
15:26:35	Cell to Host	Miller BUSY 2
15:26:36	Cell to Host	Miller IDLE 2
15:26:36	Cell to Host	Miller BUSY 5 TEST_m.FNC
15:26:37	Cell to Host	Miller IDLE 5 TEST_m.FNC
15:26:37	Ce26:11:2004
 6:57:20	Milling Test	Ready
 6:57:23	Milling Test	BUSY
 6:58:22	Milling Test	IDLE
 6:59:30	Milling Test	Ready
 6:59:32	Milling Test	BUSY
 7:00:32	Milling Test	IDLE
 9:01:02	Milling Test	Ready
 9:01:05	Milling Test	BUSY
 9:02:03	Milling Test	IDLE
 9:12:02	Milling Test	Ready
 9:12:05	Milling Test	BUSY
 9:13:03	Milling Test	IDLE
11:09:56	Cell to Host	IDLE C:\CIM\CELL2\TEST_M.SEQ
11:35:41	DoCommand test_m.SEQ
11:35:41	Milling Test	Ready
11:35:41	Milling Test	BUSY
11:35:42	Cell to Host	Ready test_m.SEQ
11:35:42	Cell to Host	BUSY test_m.SEQ
11:35:42	Cell to Host	Miller BUSY 1
11:35:43	Cell to Host	Miller IDLE 1
11:35:43	Cell to Host	Robot2 BUSY 1
11:36:02	Cell to Host	Robot2 IDLE 1
11:36:03	Cell to Host	Miller BUSY 2
11:36:04	Cell to Host	Miller IDLE 2
11:36:04	Cell to Host	Miller BUSY 5 TEST_m.FNC
11:36:05	Cell to Host	Miller IDLE 5 TEST_m.FNC
11:36:05	Cell to Host	Miller BUSY 3
11:36:18	Cell to Host	Miller IDLE 3
11:36:18	Cell to Host	Miller BUSY 1
11:36:19	Cell to Host	Miller IDLE 1
11:36:20	Cell to Host	Robot2 BUSY 2
11:36:39	Milling Test	IDLE
11:36:39	Cell to Host	Robot2 IDLE 2
11:36:40	Cell to Host	IDLE test_m.SEQ
11:37:36	DoCommand test_m.SEQ
11:37:36	Milling Test	Ready
11:37:36	Milling Test	BUSY
11:37:36	Cell to Host	Ready test_m.SEQ
11:37:37	Cell to Host	BUSY test_m.SEQ
11:37:37	Cell to Host	Miller BUSY 1
11:37:37	Cell to Host	Miller IDLE 1
11:37:38	Cell to Host	Robot2 BUSY 1
11:37:57	Cell to Host	Robot2 IDLE 1
11:37:57	Cell to Host	Miller BUSY 2
11:37:58	Cell to Host	Miller IDLE 2
11:37:59	Cell t