30:06:2005
17:36:22	Load / Unload CMM - King	Ready
17:36:26	Load / Unload CMM - King	BUSY
17:39:12	Load / Unload CMM - King	IDLE
17:39:28	Load / Unload CMM - King	Ready
17:39:32	Load / Unload CMM - King	BUSY
17:42:20	Load / Unload CMM - King	IDLE
17:43:48	Load / Unload CMM - Bishop	Ready
17:43:52	Load / Unload CMM - Bishop	BUSY
17:46:01	Load / Unload CMM - Bishop	IDLE
17:46:11	Load / Unload CMM - Bishop	Ready
17:46:15	Load / Unload CMM - Bishop	BUSY
17:48:26	Load / Unload CMM - Bishop	IDLE
17:49:24	Load / Unload CMM - Queen	Ready
17:49:29	Load / Unload CMM - Queen	BUSY
17:52:13	Load / Unload CMM - Queen	IDLE
17:53:09	Load / Unload CMM - Queen	Ready
17:53:19	Load / Unload CMM - Queen	BUSY
17:56:04	Load / Unload CMM - Queen	IDLE
17:56:26	Load / Unload CMM - Knight	Ready
17:56:34	Load / Unload CMM - Knight	BUSY
17:59:10	Load / Unload CMM - Knight	IDLE
17:59:36	Load / Unload CMM - Knight	Ready
17:59:41	Load / Unload CMM - Knight	BUSY
18:02:18	Load / Unload CMM - Knight	IDLE
18:02:38	Load / Unload CMM - Queen	Ready
18:02:42	Load / Unload CMM - Queen	BUSY
18:05:28	Load / Unload CMM - Queen	IDLE
01:07:2005
 8:55:27	Load / Unload CMM - Queen	Ready
 8:55:31	Load / Unload CMM - Queen	BUSY
01:07:2005
 8:59:32	Load / Unload CMM - Queen	Ready
 8:59:36	Load / Unload CMM - Queen	BUSY
 9:02:29	Load / Unload CMM - Queen	IDLE
 9:11:00	Cell to Host	IDLE C:\CIM\CELL3\QUEEN_C.SEQ
 9:29:23	DoCommand K.SEQ
 9:30:06	Cell to Host	ERROR Failed to load K.SEQ
 9:30:07	Cell to Host	ERROR Failed to load K.SEQ
 9:31:13	Disconnect
10:10:32	Disconnect
10:30:56	Disconnect
11:07:46	DoCommand KING_C.SEQ
11:07:46	Load / Unload CMM - King	Ready
11:07:46	Load / Unload CMM - King	BUSY
11:07:47	Cell to Host	Ready KING_C.SEQ
11:07:47	Cell to Host	BUSY KING_C.SEQ
11:07:48	Cell to Host	Robot3 BUSY 2
11:08:17	Cell to Host	Robot3 IDLE 2
11:08:18	Cell to Host	CMM BUSY 1 K
11:10:15	Cell to Host	CMM IDLE 1 K
11:10:16	Cell to Host	Robot3 BUSY 3
11:10:41	Load / Unload CMM - King	IDLE
11:10:42	Cell to Host	Robot3 IDLE 3
11:10:43	Cell to Host	IDLE KING_C.SEQ
11:15:14	DoCommand QUEEN_C.SEQ
11:15:14	Load / Unload CMM - Queen	Ready
11:15:15	Load / Unload CMM - Queen	BUSY
11:15:16	Cell to Host	Ready QUEEN_C.SEQ
11:15:16	Cell to Host	BUSY QUEEN_C.SEQ
11:15:16	Cell to Host	Robot3 BUSY 2
11:15:45	Cell to Host	Robot3 IDLE 2
11:15:46	Cell to Host	CMM BUSY 1 Q
11:17:42	Cell to Host	CMM IDLE 1 Q
11:17:43	Cell to Host	Robot3 BUSY 3
11:18:09	Load / Unload CMM - Queen	IDLE
11:18:10	Cell to Host	Robot3 IDLE 3
11:18:11	Cell to Host	IDLE QUEEN_C.SEQ
11:20:40	Disconnect
12:11:58	DoCommand KING_C.SEQ
12:11:58	Load / Unload CMM - King	Ready
12:11:59	Load / Unload CMM - King	BUSY
12:11:59	Cell to Host	Ready KING_C.SEQ
12:12:00	Cell to Host	BUSY KING_C.SEQ
12:12:01	Cell to Host	Robot3 BUSY 2
12:12:29	Cell to Host	Robot3 IDLE 2
12:12:30	Cell to Host	CMM BUSY 1 K
12:14:26	Cell to Host	CMM IDLE 1 K
12:14:27	Cell to Host	Robot3 BUSY 3
12:14:52	Load / Unload CMM - King	IDLE
12:14:53	Cell to Host	Robot3 IDLE 3
12:14:54	Cell to Host	IDLE KING_C.SEQ
12:19:26	DoCommand QUEEN_C.SEQ
12:19:26	Load / Unload CMM - Queen	Ready
12:19:27	Load / Unload CMM - Queen	BUSY
12:19:27	Cell to Host	Ready QUEEN_C.SEQ
12:19:27	Cell to Host	BUSY QUEEN_C.SEQ
12:19:28	Cell to Host	Robot3 BUSY 2
12:19:57	Cell to Host	Robot3 IDLE 2
12:19:58	Cell to Host	CMM BUSY 1 Q
01:07:2005
12:55:02	Cell to Host	Robot3 IDLE
13:10:06	DoCommand KING_C.SEQ
13:10:06	Load / Unload CMM - King	Ready
13:10:07	Load / Unload CMM - King	BUSY
13:10:07	Cell to Host	Ready KING_C.SEQ
13:10:08	Cell to Host	BUSY KING_C.SEQ
13:10:09	Cell to Host	Robot3 BUSY 2
13:10:38	Cell to Host	Robot3 IDLE 2
13:10:39	Cell to Host	CMM BUSY 1 K
13:12:35	Cell to Host	CMM IDLE 1 K
13:12:36	Cell to Host	Robot3 BUSY 3
13:13:00	Load / Unload CMM - King	IDLE
13:13:02	Cell to Host	Robot3 IDLE 3
13:13:03	Cell to Host	IDLE KING_C.SEQ
13:17:23	DoCommand QUEEN_C.SEQ
13:17:23	Load / Unload CMM - Queen	Ready
13:17:23	Load / Unload CMM - Queen	BUSY
13:17:24	Cell to Host	Ready QUEEN_C.SEQ
13:17:24	Cell to Host	BUSY QUEEN_C.SEQ
13:17:25	Cell to Host	Robot3 BUSY 2
13:17:54	Cell to Host	Robot3 IDLE 2
13:17:55	Cell to Host	CMM BUSY 1 Q
13:19:50	Cell to Host	CMM IDLE 1 Q
13:19:51	Cell to Host	Robot3 BUSY 3
13:20:15	Load / Unload CMM - Queen	IDLE
13:20:17	Cell to Host	Robot3 IDLE 3
13:20:18	Cell to Host	IDLE QUEEN_C.SEQ
13:25:08	DoCommand BISHOP_C.SEQ
13:25:08	Load / Unload CMM - Bishop	Ready
13:25:09	Load / Unload CMM - Bishop	BUSY
13:25:09	Cell to Host	Ready BISHOP_C.SEQ
13:25:09	Cell to Host	BUSY BISHOP_C.SEQ
13:25:10	Cell to Host	Robot3 BUSY 2
13:25:39	Cell to Host	Robot3 IDLE 2
13:25:40	Cell to Host	CMM BUSY 1 B
13:26:56	Cell to Host	CMM IDLE 1 B
13:26:57	Cell to Host	Robot3 BUSY 3
13:27:22	Load / Unload CMM - Bishop	IDLE
13:27:23	Cell to Host	Robot3 IDLE 3
13:27:24	Cell to Host	IDLE BISHOP_C.SEQ
13:31:29	DoCommand BISHOP_C.SEQ
13:31:29	Load / Unload CMM - Bishop	Ready
13:31:30	Load / Unload CMM - Bishop	BUSY
13:31:30	Cell to Host	Ready BISHOP_C.SEQ
13:31:30	Cell to Host	BUSY BISHOP_C.SEQ
13:31:31	Cell to Host	Robot3 BUSY 2
13:32:00	Cell to Host	Robot3 IDLE 2
13:32:01	Cell to Host	CMM BUSY 1 B
13:33:17	Cell to Host	CMM IDLE 1 B
13:33:18	Cell to Host	Robot3 BUSY 3
13:33:43	Load / Unload CMM - Bishop	IDLE
13:33:44	Cell to Host	Robot3 IDLE 3
13:33:45	Cell to Host	IDLE BISHOP_C.SEQ
13:39:38	DoCommand KNIGHT_C.SEQ
13:39:38	Load / Unload CMM - Knight	Ready
13:39:38	Load / Unload CMM - Knight	BUSY
13:39:39	Cell to Host	Ready KNIGHT_C.SEQ
13:39:39	Cell to Host	BUSY KNIGHT_C.SEQ
13:39:41	Cell to Host	Robot3 BUSY 2
13:40:09	Cell to Host	Robot3 IDLE 2
13:40:10	Cell to Host	CMM BUSY 1 N
13:41:56	Cell to Host	CMM IDLE 1 N
13:41:57	Cell to Host	Robot3 BUSY 3
13:42:22	Load / Unload CMM - Knight	IDLE
13:42:23	Cell to Host	Robot3 IDLE 3
13:42:24	Cell to Host	IDLE KNIGHT_C.SEQ
13:47:35	DoCommand KNIGHT_C.SEQ
13:47:35	Load / Unload CMM - Knight	Ready
13:47:35	Load / Unload CMM - Knight	BUSY
13:47:36	Cell to Host	Ready KNIGHT_C.SEQ
13:47:36	Cell to Host	BUSY KNIGHT_C.SEQ
13:47:36	Cell to Host	Robot3 BUSY 2
13:48:05	Cell to Host	Robot3 IDLE 2
13:48:07	Cell to Host	CMM BUSY 1 N
13:50:06	Cell to Host	CMM IDLE 1 N
13:50:07	Cell to Host	Robot3 BUSY 3
13:50:33	Load / Unload CMM - Knight	IDLE
13:50:34	Cell to Host	Robot3 IDLE 3
13:50:35	Cell to Host	IDLE KNIGHT_C.SEQ
13:55:02	DoCommand ROOK_C.SEQ
13:55:02	Load / Unload CMM - Rook	Ready
13:55:03	Load / Unload CMM - Rook	BUSY
13:55:03	Cell to Host	Ready ROOK_C.SEQ
13:55:03	Cell to Host	BUSY ROOK_C.SEQ
13:55:04	Cell to Host	Robot3 BUSY 2
13:55:33	Cell to Host	Robot3 IDLE 2
13:55:34	Cell to Host	CMM BUSY 1 R
14:24:22	Cell to Host	CMM IDLE
14:24:23	Cell to Host	CMM NOT CONNECTED
14:24:25	Cell to Host	CMM IDLE
14:24:51	Cell to Host	CMM IDLE
14:24:52	Cell to Host	CMM NOT CONNECTED
14:24:55	Cell to Host	CMM IDLE
01:07:2005
01:07:2005
16:21:50	Cell to Host	Robot3 IDLE
16:23:45	Disconnect
16:33:48	Disconnect
16:41:22	Disconnect
16:52:46	Disconnect
01:07:2005
01:07:2005
17:01:06	Cell to Host	Robot3 IDLE
17:06:19	Disconnect
01:07:2005
17:18:53	Cell to Host	Robot3 IDLE
17:35:08	DoCommand KING_C.SEQ
17:35:08	Load / Unload CMM - King	Ready
17:35:08	Load / Unload CMM - King	BUSY
17:35:09	Cell to Host	Ready KING_C.SEQ
17:35:09	Cell to Host	BUSY KING_C.SEQ
17:35:10	Cell to Host	Robot3 BUSY 2
17:40:42	Cell to Host	Robot3 IDLE
17:40:49	Disconnect
17:43:26	Disconnect
18:00:10	DoCommand KING_C.SEQ
18:00:10	Load / Unload CMM - King	Ready
18:00:11	Load / Unload CMM - King	BUSY
18:00:11	Cell to Host	Ready KING_C.SEQ
18:00:11	Cell to Host	BUSY KING_C.SEQ
18:00:12	Cell to Host	Robot3 BUSY 2
18:00:42	Cell to Host	Robot3 IDLE 2
18:00:43	Cell to Host	CMM BUSY 1 K
18:21:36	Disconnect
01:07:2005
18:29:53	Cell to Host	Robot3 IDLE
18:31:29	Cell to Host	Robot3 BUSY 1
01:07:2005
18:33:18	Cell to Host	Robot3 IDLE
18:49:15	DoCommand KING_C.SEQ
18:49:15	Load / Unload CMM - King	Ready
18:49:16	Load / Unload CMM - King	BUSY
18:49:16	Cell to Host	Ready KING_C.SEQ
18:49:16	Cell to Host	BUSY KING_C.SEQ
18:49:17	Cell to Host	Robot3 BUSY 2
18:49:46	Cell to Host	Robot3 IDLE 2
18:49:47	Cell to Host	CMM BUSY 1 K
18:51:42	Cell to Host	CMM IDLE 1 K
18:51:43	Cell to Host	Robot3 BUSY 3
18:52:10	Load / Unload CMM - King	IDLE
18:52:11	Cell to Host	Robot3 IDLE 3
18:52:12	Cell to Host	IDLE KING_C.SEQ
18:58:01	Disconnect
02:07:2005
 9:08:52	Load / Unload CMM - King	Ready
 9:09:01	Load / Unload CMM - King	BUSY
 9:11:56	Load / Unload CMM - King	IDLE
 9:14:16	Cell to Host	IDLE C:\CIM\CELL3\KING_C.SEQ
 9:30:10	DoCommand KING_C.SEQ
 9:30:10	Load / Unload CMM - King	Ready
 9:30:11	Load / Unload CMM - King	BUSY
 9:30:11	Cell to Host	Ready KING_C.SEQ
 9:30:11	Cell to Host	BUSY KING_C.SEQ
 9:30:12	Cell to Host	Robot3 BUSY 2
 9:30:41	Cell to Host	Robot3 IDLE 2
 9:30:42	Cell to Host	CMM BUSY 1 K
 9:32:29	Cell to Host	CMM IDLE 1 K
 9:32:29	Cell to Host	Robot3 BUSY 3
 9:32:55	Load / Unload CMM - King	IDLE
 9:32:56	Cell to Host	Robot3 IDLE 3
 9:32:57	Cell to Host	IDLE KING_C.SEQ
 9:36:48	DoCommand QUEEN_C.SEQ
 9:36:48	Load / Unload CMM - Queen	Ready
 9:36:48	Load / Unload CMM - Queen	BUSY
 9:36:49	Cell to Host	Ready QUEEN_C.SEQ
 9:36:49	Cell to Host	BUSY QUEEN_C.SEQ
 9:36:50	Cell to Host	Robot3 BUSY 2
 9:37:19	Cell to Host	Robot3 IDLE 2
 9:37:20	Cell to Host	CMM BUSY 1 Q
 9:39:05	Cell to Host	CMM IDLE 1 Q
 9:39:06	Cell to Host	Robot3 BUSY 3
 9:39:33	Load / Unload CMM - Queen	IDLE
 9:39:33	Cell to Host	Robot3 IDLE 3
 9:39:35	Cell to Host	IDLE QUEEN_C.SEQ
 9:43:35	DoCommand BISHOP_C.SEQ
 9:43:35	Load / Unload CMM - Bishop	Ready
 9:43:35	Load / Unload CMM - Bishop	BUSY
 9:43:36	Cell to Host	Ready BISHOP_C.SEQ
 9:43:36	Cell to Host	BUSY BISHOP_C.SEQ
 9:43:37	Cell to Host	Robot3 BUSY 2
 9:44:06	Cell to Host	Robot3 IDLE 2
 9:44:07	Cell to Host	CMM BUSY 1 B
 9:45:16	Cell to Host	CMM IDLE 1 B
 9:45:17	Cell to Host	Robot3 BUSY 3
 9:45:43	Load / Unload CMM - Bishop	IDLE
 9:45:44	Cell to Host	Robot3 IDLE 3
 9:45:45	Cell to Host	IDLE BISHOP_C.SEQ
 9:49:19	Disconnect
10:18:03	Disconnect
10:30:14	DoCommand KING_C.SEQ
10:30:14	Load / Unload CMM - King	Ready
10:30:14	Load / Unload CMM - King	BUSY
10:30:15	Cell to Host	Ready KING_C.SEQ
10:30:15	Cell to Host	BUSY KING_C.SEQ
10:30:15	Cell to Host	Robot3 BUSY 2
10:30:44	Cell to Host	Robot3 IDLE 2
10:30:46	Cell to Host	CMM BUSY 1 K
10:32:32	Cell to Host	CMM IDLE 1 K
10:32:33	Cell to Host	Robot3 BUSY 3
10:32:59	Load / Unload CMM - King	IDLE
10:33:00	Cell to Host	Robot3 IDLE 3
10:33:01	Cell to Host	IDLE KING_C.SEQ
10:35:51	Disconnect
10:44:02	Disconnect
10:52:58	DoCommand KING_C.SEQ
10:52:58	Load / Unload CMM - King	Ready
10:52:59	Load / Unload CMM - King	BUSY
10:52:59	Cell to Host	Ready KING_C.SEQ
10:53:01	Cell to Host	BUSY KING_C.SEQ
10:53:02	Cell to Host	Robot3 BUSY 2
10:53:30	Cell to Host	Robot3 IDLE 2
10:53:31	Cell to Host	CMM BUSY 1 K
10:55:17	Cell to Host	CMM IDLE 1 K
10:55:18	Cell to Host	Robot3 BUSY 3
10:55:402:07:2005
02:07:2005
11:11:38	Cell to Host	Robot3 IDLE
11:16:34	Disconnect
11:25:26	Disconnect
11:36:45	DoCommand KING_C.SEQ
11:36:45	Load / Unload CMM - King	Ready
11:36:45	Load / Unload CMM - King	BUSY
11:36:46	Cell to Host	Ready KING_C.SEQ
11:36:46	Cell to Host	BUSY KING_C.SEQ
11:36:46	Cell to Host	Robot3 BUSY 2
11:37:15	Cell to Host	Robot3 IDLE 2
11:37:16	Cell to Host	CMM BUSY 1 K
11:39:03	Cell to Host	CMM IDLE 1 K
11:39:05	Cell to Host	Robot3 BUSY 3
11:39:31	Load / Unload CMM - King	IDLE
11:39:32	Cell to Host	Robot3 IDLE 3
11:39:33	Cell to Host	IDLE KING_C.SEQ
11:43:39	DoCommand QUEEN_C.SEQ
11:43:39	Load / Unload CMM - Queen	Ready
11:43:40	Load / Unload CMM - Queen	BUSY
11:43:40	Cell to Host	Ready QUEEN_C.SEQ
11:43:40	Cell to Host	BUSY QUEEN_C.SEQ
11:43:41	Cell to Host	Robot3 BUSY 2
11:44:10	Cell to Host	Robot3 IDLE 2
11:44:11	Cell to Host	CMM BUSY 1 Q
11:45:57	Cell to Host	CMM IDLE 1 Q
11:45:57	Cell to Host	Robot3 BUSY 3
11:46:24	Load / Unload CMM - Queen	IDLE
11:46:25	Cell to Host	Robot3 IDLE 3
11:46:26	Cell to Host	IDLE QUEEN_C.SEQ
11:50:16	DoCommand BISHOP_C.SEQ
11:50:16	Load / Unload CMM - Bishop	Ready
11:50:16	Load / Unload CMM - Bishop	BUSY
11:50:17	Cell to Host	Ready BISHOP_C.SEQ
11:50:17	Cell to Host	BUSY BISHOP_C.SEQ
11:50:18	Cell to Host	Robot3 BUSY 2
11:50:47	Cell to Host	Robot3 IDLE 2
11:50:48	Cell to Host	CMM BUSY 1 B
11:51:58	Cell to Host	CMM IDLE 1 B
11:51:59	Cell to Host	Robot3 BUSY 3
11:52:25	Load / Unload CMM - Bishop	IDLE
11:52:26	Cell to Host	Robot3 IDLE 3
11:52:27	Cell to Host	IDLE BISHOP_C.SEQ
11:56:08	DoCommand BISHOP_C.SEQ
11:56:08	Load / Unload CMM - Bishop	Ready
11:56:09	Load / Unload CMM - Bishop	BUSY
11:56:09	Cell to Host	Ready BISHOP_C.SEQ
11:56:10	Cell to Host	BUSY BISHOP_C.SEQ
11:56:11	Cell to Host	Robot3 BUSY 2
11:56:40	Cell to Host	Robot3 IDLE 2
11:56:40	Cell to Host	CMM BUSY 1 B
11:57:52	Cell to Host	CMM IDLE 1 B
11:57:53	Cell to Host	Robot3 BUSY 3
11:58:20	Load / Unload CMM - Bishop	IDLE
11:58:21	Cell to Host	Robot3 IDLE 3
11:58:22	Cell to Host	IDLE BISHOP_C.SEQ
12:02:21	DoCommand KNIGHT_C.SEQ
12:02:21	Load / Unload CMM - Knight	Ready
12:02:22	Load / Unload CMM - Knight	BUSY
12:02:22	Cell to Host	Ready KNIGHT_C.SEQ
12:02:23	Cell to Host	BUSY KNIGHT_C.SEQ
12:02:24	Cell to Host	Robot3 BUSY 2
12:02:53	Cell to Host	Robot3 IDLE 2
12:02:54	Cell to Host	CMM BUSY 1 N
12:04:32	Cell to Host	CMM IDLE 1 N
12:04:33	Cell to Host	Robot3 BUSY 3
12:04:59	Load / Unload CMM - Knight	IDLE
12:05:00	Cell to Host	Robot3 IDLE 3
12:05:01	Cell to Host	IDLE KNIGHT_C.SEQ
12:08:42	DoCommand KNIGHT_C.SEQ
12:08:42	Load / Unload CMM - Knight	Ready
12:08:43	Load / Unload CMM - Knight	BUSY
12:08:44	Cell to Host	Ready KNIGHT_C.SEQ
12:08:44	Cell to Host	BUSY KNIGHT_C.SEQ
12:08:45	Cell to Host	Robot3 BUSY 2
12:09:14	Cell to Host	Robot3 IDLE 2
12:09:15	Cell to Host	CMM BUSY 1 N
12:11:04	Cell to Host	CMM IDLE 1 N
12:11:04	Cell to Host	Robot3 BUSY 3
12:11:30	Load / Unload CMM - Knight	IDLE
12:11:31	Cell to Host	Robot3 IDLE 3
12:11:32	Cell to Host	IDLE KNIGHT_C.SEQ
12:15:31	DoCommand ROOK_C.SEQ
12:15:31	Load / Unload CMM - Rook	Ready
12:15:31	Load / Unload CMM - Rook	BUSY
12:15:32	Cell to Host	Ready ROOK_C.SEQ
12:15:32	Cell to Host	BUSY ROOK_C.SEQ
12:15:33	Cell to Host	Robot3 BUSY 2
12:16:04	Cell to Host	Robot3 IDLE 2
12:16:05	Cell to Host	CMM BUSY 1 R
12:17:50	Cell to Host	CMM IDLE 1 R
12:17:51	Cell to Host	Robot3 BUSY 3
12:18:16	Load / Unload CMM - Rook	IDLE
12:18:17	Cell to Host	Robot3 IDLE 3
12:18:19	Cell to Host	IDLE ROOK_C.SEQ
14:36:06	Disconnect
15:01:36	Disconnect
15:26:11	Disconnect
15:33:20	DoCommand KING_C.SEQ
15:33:20	Load / Unload CMM - King	Ready
15:33:21	Load / Unload CMM - King	BUSY
15:33:21	Cell to Host	Ready KING_C.SEQ
15:33:21	Cell to Host	BUSY KING_C.SEQ
15:33:22	Cell to Host	Robot3 BUSY 2
15:33:53	Cell to Host	Robot3 IDLE 2
15:33:54	Cell to Host	CMM BUSY 1 K
15:35:40	Cell to Host	CMM IDLE 1 K
15:35:40	Cell to Host	Robot3 BUSY 3
15:36:06	Load / Unload CMM - King	IDLE
15:36:07	Cell to Host	Robot3 IDLE 3
15:36:08	Cell to Host	IDLE KING_C.SEQ
15:40:19	DoCommand QUEEN_C.SEQ
15:40:19	Load / Unload CMM - Queen	Ready
15:40:20	Load / Unload CMM - Queen	BUSY
15:40:21	Cell to Host	Ready QUEEN_C.SEQ
15:40:22	Cell to Host	BUSY QUEEN_C.SEQ
15:40:23	Cell to Host	Robot3 BUSY 2
15:40:51	Cell to Host	Robot3 IDLE 2
15:40:52	Cell to Host	CMM BUSY 1 Q
15:42:37	Cell to Host	CMM IDLE 1 Q
15:42:38	Cell to Host	Robot3 BUSY 3
15:43:04	Load / Unload CMM - Queen	IDLE
15:43:05	Cell to Host	Robot3 IDLE 3
15:43:06	Cell to Host	IDLE QUEEN_C.SEQ
15:47:18	DoCommand BISHOP_C.SEQ
15:47:18	Load / Unload CMM - Bishop	Ready
15:47:18	Load / Unload CMM - Bishop	BUSY
15:47:19	Cell to Host	Ready BISHOP_C.SEQ
15:47:19	Cell to Host	BUSY BISHOP_C.SEQ
15:47:20	Cell to Host	Robot3 BUSY 2
15:47:50	Cell to Host	Robot3 IDLE 2
15:47:51	Cell to Host	CMM BUSY 1 B
15:50:20	Cell to Host	CMM IDLE
15:50:21	Cell to Host	CMM NOT CONNECTED
15:50:23	Cell to Host	CMM IDLE
15:50:24	Cell to Host	CMM BUSY 1 B
15:51:36	Cell to Host	CMM IDLE 1 B
15:51:37	Cell to Host	Robot3 BUSY 3
15:52:02	Load / Unload CMM - Bishop	IDLE
15:52:03	Cell to Host	Robot3 IDLE 3
15:52:04	Cell to Host	IDLE BISHOP_C.SEQ
16:00:21	DoCommand BISHOP_C.SEQ
16:00:21	Load / Unload CMM - Bishop	Ready
16:00:22	Load / Unload CMM - Bishop	BUSY
16:00:22	Cell to Host	Ready BISHOP_C.SEQ
16:00:22	Cell to Host	BUSY BISHOP_C.SEQ
16:00:23	Cell to Host	Robot3 BUSY 2
16:00:53	Cell to Host	Robot3 IDLE 2
16:00:53	Cell to Host	CMM BUSY 1 B
16:02:05	Cell to Host	CMM IDLE 1 B
16:02:06	Cell to Host	Robot3 BUSY 3
16:02:32	Load / Unload CMM - Bishop	IDLE
16:02:33	Cell to Host	Robot3 IDLE 3
16:02:34	Cell to Host	IDLE BISHOP_C.SEQ
16:06:44	DoCommand KNIGHT_C.SEQ
16:06:44	Load / Unload CMM - Knight	Ready
16:06:45	Load / Unload CMM - Knight	BUSY
16:06:45	Cell to Host	Ready KNIGHT_C.SEQ
16:06:45	Cell to Host	BUSY KNIGHT_C.SEQ
16:06:46	Cell to Host	Robot3 BUSY 2
16:07:16	Cell to Host	Robot3 IDLE 2
16:07:17	Cell to Host	CMM BUSY 1 N
16:09:07	Cell to Host	CMM IDLE 1 N
16:09:08	Cell to Host	Robot3 BUSY 3
16:09:37	Load / Unload CMM - Knight	IDLE
16:09:38	Cell to Host	Robot3 IDLE 3
16:09:39	Cell to Host	IDLE KNIGHT_C.SEQ
16:13:40	DoCommand KNIGHT_C.SEQ
16:13:40	Load / Unload CMM - Knight	Ready
16:13:40	Load / Unload CMM - Knight	BUSY
16:13:41	Cell to Host	Ready KNIGHT_C.SEQ
16:13:41	Cell to Host	BUSY KNIGHT_C.SEQ
16:13:41	Cell to Host	Robot3 BUSY 2
16:14:10	Cell to Host	Robot3 IDLE 2
16:14:11	Cell to Host	CMM BUSY 1 N
16:16:03	Cell to Host	CMM IDLE 1 N
16:16:03	Cell to Host	Robot3 BUSY 3
16:16:29	Load / Unload CMM - Knight	IDLE
16:16:30	Cell to Host	Robot3 IDLE 3
16:16:31	Cell to Host	IDLE KNIGHT_C.SEQ
16:20:22	DoCommand ROOK_C.SEQ
16:20:22	Load / Unload CMM - Rook	Ready
16:20:23	Load / Unload CMM - Rook	BUSY
16:20:24	Cell to Host	Ready ROOK_C.SEQ
16:20:24	Cell to Host	BUSY ROOK_C.SEQ
16:20:24	Cell to Host	Robot3 BUSY 2
16:20:54	Cell to Host	Robot3 IDLE 2
16:20:55	Cell to Host	CMM BUSY 1 R
16:22:44	Cell to Host	CMM IDLE 1 R
16:22:45	Cell to Host	Robot3 BUSY 3
16:23:11	Load / Unload CMM - Rook	IDLE
16:23:12	Cell to Host	Robot3 IDLE 3
16:23:13	Cell to Host	IDLE ROOK_C.SEQ
16:27:38	DoCommand ROOK_C.SEQ
16:27:38	Load / Unload CMM - Rook	Ready
16:27:38	Load / Unload CMM - Rook	BUSY
16:27:39	Cell to Host	Ready ROOK_C.SEQ
16:27:39	Cell to Host	BUSY ROOK_C.SEQ
16:27:40	Cell to Host	Robot3 BUSY 2
16:28:09	Cell to Host	Robot3 IDLE 2
16:28:10	Cell to Host	CMM BUSY 1 R
16:30:05	Cell to Host	CMM IDLE 1 R
16:30:06	Cell to Host	Robot3 BUSY 3
16:30:32	Load / Unload CMM - Rook	IDLE
16:30:33	Cell to Host	Robot3 IDLE 3
16:30:34	Cell to Host	IDLE ROOK_C.SEQ
17:54:15	Cell to Host	CMM NOT CONNECTED
