30:06:2005
17:36:57	BUSY 1 K
17:40:05	BUSY 1 K
17:44:22	BUSY 1 B
17:46:45	BUSY 1 B
17:49:59	BUSY 1 Q
17:53:49	BUSY 1 Q
17:57:04	BUSY 1 N
18:00:11	BUSY 1 N
18:03:12	BUSY 1 Q
01:07:2005
13:10:38	BUSY 1 K
13:17:53	BUSY 1 Q
13:25:38	BUSY 1 B
13:32:00	BUSY 1 B
13:40:09	BUSY 1 N
13:48:05	BUSY 1 N
13:55:33	BUSY 1 R
01:07:2005
01:07:2005
01:07:2005
18:00:42	BUSY 1 K
01:07:2005
01:07:2005
18:49:46	BUSY 1 K
02:07:2005
 9:09:39	BUSY 1 K
 9:30:41	BUSY 1 K
 9:37:18	BUSY 1 Q
 9:44:05	BUSY 1 B
10:30:44	BUSY 1 K
10:53:29	BUSY 1 K
02:07:2005
11:37:15	BUSY 1 K
11:44:10	BUSY 1 Q
11:50:46	BUSY 1 B
11:56:39	BUSY 1 B
12:02:52	BUSY 1 N
12:09:13	BUSY 1 N
12:16:03	BUSY 1 R
15:33:53	BUSY 1 K
15:40:50	BUSY 1 Q
15:47:49	BUSY 1 B
15:50:23	BUSY 1 B
16:00:52	BUSY 1 B
16:07:15	BUSY 1 N
16:14:10	BUSY 1 N
16:20:53	BUSY 1 R
16:28:09	BUSY 1 R
