12:11:2004
 8:19:09	BUSY 2
 8:20:28	ERROR RS232 Download aborted
 8:20:34	IDLE
 8:20:38	BUSY 2
 8:20:45	ERROR RS232 Download aborted
 8:20:48	IDLE
19:11:2004
 9:10:31	BUSY 1
 9:10:42	IDLE 1
 9:11:05	BUSY 2
 9:11:58	ERROR RS232 Download aborted
 9:12:03	IDLE
 9:12:09	BUSY 2
 9:12:38	IDLE 2
 9:14:01	BUSY 2
 9:14:29	IDLE 2
 9:17:35	BUSY 2
 9:18:04	IDLE 2
19:11:2004
 9:28:29	BUSY 2
 9:28:57	IDLE 2
 9:31:22	BUSY 2
 9:31:50	IDLE 2
19:11:2004
 9:33:40	BUSY 2
 9:34:08	IDLE 2
 9:38:24	BUSY 2
 9:38:52	IDLE 2
 9:39:31	BUSY 2
 9:39:59	IDLE 2
 9:45:55	BUSY 2
 9:46:23	IDLE 2
 9:48:15	BUSY 2
 9:48:42	IDLE 2
 9:51:45	BUSY 2
 9:52:13	IDLE 2
19:11:2004
12:19:13	BUSY 2
12:19:35	ERROR RS232 Download aborted
12:19:39	IDLE
12:20:21	BUSY 2
12:20:27	ERROR RS232 Download aborted
12:20:30	IDLE
19:11:2004
12:21:38	BUSY 1
12:21:51	ERROR RS232 Download aborted
12:21:54	IDLE
12:23:11	BUSY 1
12:23:19	ERROR RS232 Download aborted
12:23:22	IDLE
19:11:2004
12:25:03	BUSY 1
12:25:10	ERROR RS232 Download aborted
12:25:11	IDLE
22:11:2004
 8:49:58	BUSY 2
22:11:2004
22:11:2004
16:05:2005
16:05:2005
18:05:2005
18:05:2005
12:00:32	BUSY 2
12:01:01	IDLE 2
12:01:07	BUSY 3
12:01:34	IDLE 3
12:01:37	BUSY 2
12:02:07	IDLE 2
12:02:10	BUSY 3
12:02:37	IDLE 3
15:44:41	BUSY 2
15:45:10	IDLE 2
15:47:28	BUSY 3
15:47:55	IDLE 3
16:28:54	BUSY 2
16:29:23	IDLE 2
16:31:48	BUSY 3
16:32:15	IDLE 3
16:35:30	BUSY 2
16:35:59	IDLE 2
16:41:36	BUSY 2
16:42:05	IDLE 2
16:43:54	BUSY 3
16:44:21	IDLE 3
16:44:33	BUSY 2
16:45:02	IDLE 2
16:46:51	BUSY 3
16:47:18	IDLE 3
20:05:2005
18:03:11	BUSY 1
18:03:31	IDLE
18:03:39	BUSY 1
18:04:50	IDLE 1
18:21:44	BUSY 2
18:22:14	IDLE 2
18:27:54	BUSY 3
18:28:21	IDLE 3
18:31:37	BUSY 2
18:32:06	IDLE 2
18:34:38	BUSY 3
18:35:05	IDLE 3
18:44:55	BUSY 2
18:45:24	IDLE 2
18:46:37	BUSY 3
18:47:03	IDLE 3
18:48:41	BUSY 2
18:49:10	IDLE 2
18:50:24	BUSY 3
18:50:50	IDLE 3
20:05:2005
19:10:36	BUSY 2
19:11:05	IDLE 2
19:17:38	BUSY 2
19:18:07	IDLE 2
19:21:28	BUSY 2
19:21:57	IDLE 2
19:23:47	BUSY 3
19:24:13	IDLE 3
19:25:02	BUSY 2
19:25:31	IDLE 2
19:27:21	BUSY 3
19:27:47	IDLE 3
30:06:2005
14:12:21	BUSY 1
14:13:01	IDLE 1
14:13:47	BUSY 2
14:14:16	IDLE 2
30:06:2005
14:16:57	BUSY 2
14:17:27	IDLE 2
14:19:38	BUSY 2
14:20:08	IDLE 2
30:06:2005
14:24:36	BUSY 2
14:25:05	IDLE 2
30:06:2005
14:27:50	BUSY 2
14:28:22	IDLE 2
14:34:56	BUSY 1
14:35:36	IDLE 1
14:36:38	BUSY 2
14:37:08	IDLE 2
30:06:2005
14:39:18	BUSY 2
14:39:47	IDLE 2
14:41:40	BUSY 2
14:42:08	IDLE 2
14:43:10	BUSY 2
14:43:39	IDLE 2
14:53:07	BUSY 2
14:53:36	IDLE 2
30:06:2005
14:58:32	BUSY 2
14:59:01	IDLE 2
30:06:2005
15:09:37	BUSY 2
15:10:05	IDLE 2
15:23:26	BUSY 2
15:23:55	IDLE 2
16:18:29	BUSY 2
16:18:58	IDLE 2
30:06:2005
30:06:2005
30:06:2005
17:10:24	BUSY 2
17:10:54	IDLE 2
17:12:37	BUSY 2
17:13:06	IDLE 2
30:06:2005
17:19:55	BUSY 2
17:20:25	IDLE 2
17:21:41	BUSY 3
17:22:07	IDLE 3
17:22:33	BUSY 2
17:23:02	IDLE 2
17:24:54	BUSY 3
17:25:20	IDLE 3
17:26:03	BUSY 2
17:26:32	IDLE 2
17:36:27	BUSY 2
17:36:56	IDLE 2
17:38:45	BUSY 3
17:39:12	IDLE 3
17:39:33	BUSY 2
17:40:04	IDLE 2
17:41:53	BUSY 3
17:42:20	IDLE 3
17:43:53	BUSY 2
17:44:22	IDLE 2
17:45:35	BUSY 3
17:46:01	IDLE 3
17:46:16	BUSY 2
17:46:45	IDLE 2
17:47:59	BUSY 3
17:48:26	IDLE 3
17:49:29	BUSY 2
17:49:58	IDLE 2
17:51:46	BUSY 3
17:52:13	IDLE 3
17:53:20	BUSY 2
17:53:49	IDLE 2
17:55:37	BUSY 3
17:56:04	IDLE 3
17:56:34	BUSY 2
17:57:04	IDLE 2
17:58:44	BUSY 3
17:59:10	IDLE 3
17:59:41	BUSY 2
18:00:10	IDLE 2
18:01:52	BUSY 3
18:02:18	IDLE 3
18:02:42	BUSY 2
18:03:12	IDLE 2
18:05:02	BUSY 3
18:05:28	IDLE 3
01:07:2005
 8:55:32	BUSY 2
01:07:2005
 8:57:59	BUSY 0
 8:57:59	BUSY 0
 8:58:43	IDLE
 8:59:07	BUSY 1
 8:59:19	IDLE 1
 8:59:36	BUSY 2
 9:00:05	IDLE 2
 9:02:02	BUSY 3
 9:02:29	IDLE 3
11:07:47	BUSY 2
11:08:16	IDLE 2
11:10:14	BUSY 3
11:10:41	IDLE 3
11:15:16	BUSY 2
11:15:44	IDLE 2
11:17:42	BUSY 3
11:18:09	IDLE 3
12:11:59	BUSY 2
12:12:28	IDLE 2
12:14:26	BUSY 3
12:14:52	IDLE 3
12:19:27	BUSY 2
12:19:56	IDLE 2
13:10:07	BUSY 2
13:10:37	IDLE 2
13:12:35	BUSY 3
13:13:00	IDLE 3
13:17:24	BUSY 2
13:17:52	IDLE 2
13:19:49	BUSY 3
13:20:15	IDLE 3
13:25:09	BUSY 2
13:25:38	IDLE 2
13:26:55	BUSY 3
13:27:22	IDLE 3
13:31:30	BUSY 2
13:31:59	IDLE 2
13:33:16	BUSY 3
13:33:43	IDLE 3
13:39:39	BUSY 2
13:40:08	IDLE 2
13:41:56	BUSY 3
13:42:22	IDLE 3
13:47:36	BUSY 2
13:48:04	IDLE 2
13:50:06	BUSY 3
13:50:33	IDLE 3
13:55:03	BUSY 2
13:55:32	IDLE 2
01:07:2005
01:07:2005
17:35:09	BUSY 2
17:40:41	IDLE
18:00:11	BUSY 2
18:00:41	IDLE 2
18:31:29	BUSY 1
18:32:10	IDLE 1
01:07:2005
18:49:16	BUSY 2
18:49:45	IDLE 2
18:51:42	BUSY 3
18:52:10	IDLE 3
02:07:2005
 9:09:01	BUSY 2
 9:09:38	IDLE 2
 9:11:29	BUSY 3
 9:11:56	IDLE 3
 9:30:11	BUSY 2
 9:30:40	IDLE 2
 9:32:29	BUSY 3
 9:32:55	IDLE 3
 9:36:49	BUSY 2
 9:37:18	IDLE 2
 9:39:05	BUSY 3
 9:39:33	IDLE 3
 9:43:36	BUSY 2
 9:44:05	IDLE 2
 9:45:16	BUSY 3
 9:45:43	IDLE 3
10:30:15	BUSY 2
10:30:43	IDLE 2
10:32:32	BUSY 3
10:32:59	IDLE 3
10:52:59	BUSY 2
10:53:29	IDLE 2
10:55:17	BUSY 3
10:55:44	IDLE 3
02:07:2005
11:36:46	BUSY 2
11:37:14	IDLE 2
11:39:03	BUSY 3
11:39:31	IDLE 3
11:43:40	BUSY 2
11:44:09	IDLE 2
11:45:57	BUSY 3
11:46:24	IDLE 3
11:50:17	BUSY 2
11:50:46	IDLE 2
11:51:58	BUSY 3
11:52:25	IDLE 3
11:56:09	BUSY 2
11:56:39	IDLE 2
11:57:52	BUSY 3
11:58:20	IDLE 3
12:02:22	BUSY 2
12:02:52	IDLE 2
12:04:32	BUSY 3
12:04:59	IDLE 3
12:08:44	BUSY 2
12:09:13	IDLE 2
12:11:04	BUSY 3
12:11:30	IDLE 3
12:15:32	BUSY 2
12:16:03	IDLE 2
12:17:50	BUSY 3
12:18:16	IDLE 3
15:33:21	BUSY 2
15:33:52	IDLE 2
15:35:40	BUSY 3
15:36