12:11:2004
 8:19:09	BUSY 2
 8:20:28	ERROR RS232 Download aborted
 8:20:34	IDLE
 8:20:38	BUSY 2
 8:20:45	ERROR RS232 Download aborted
 8:20:48	IDLE
19:11:2004
 9:10:31	BUSY 1
 9:10:42	IDLE 1
 9:11:05	BUSY 2
 9:11:58	ERROR RS232 Download aborted
 9:12:03	IDLE
 9:12:09	BUSY 2
 9:12:38	IDLE 2
 9:14:01	BUSY 2
 9:14:29	IDLE 2
 9:17:35	BUSY 2
 9:18:04	IDLE 2
19:11:2004
 9:28:29	BUSY 2
 9:28:57	IDLE 2
 9:31:22	BUSY 2
 9:31:50	IDLE 2
19:11:2004
 9:33:40	BUSY 2
 9:34:08	IDLE 2
 9:38:24	BUSY 2
 9:38:52	IDLE 2
 9:39:31	BUSY 2
 9:39:59	IDLE 2
 9:45:55	BUSY 2
 9:46:23	IDLE 2
 9:48:15	BUSY 2
 9:48:42	IDLE 2
 9:51:45	BUSY 2
 9:52:13	IDLE 2
19:11:2004
12:19:13	BUSY 2
12:19:35	ERROR RS232 Download aborted
12:19:39	IDLE
12:20:21	BUSY 2
12:20:27	ERROR RS232 Download aborted
12:20:30	IDLE
19:11:2004
12:21:38	BUSY 1
12:21:51	ERROR RS232 Download aborted
12:21:54	IDLE
12:23:11	BUSY 1
12:23:19	ERROR RS232 Download aborted
12:23:22	IDLE
19:11:2004
12:25:03	BUSY 1
12:25:10	ERROR RS232 Download aborted
12:25:11	IDLE
22:11:2004
 8:49:58	BUSY 2
22:11:2004
22:11:2004
